<?xml version="1.0" encoding="UTF-8"?>
<testsuite name="com.home.eshopee.billing.payment.jdbc.PaymentsTest" tests="4" skipped="0" failures="0" errors="0" timestamp="2023-04-28T14:08:16" hostname="DESKTOP-3OMJI0S" time="0.04">
  <properties/>
  <testcase name="payments_are_streamed()" classname="com.home.eshopee.billing.payment.jdbc.PaymentsTest" time="0.013"/>
  <testcase name="payments_are_limited()" classname="com.home.eshopee.billing.payment.jdbc.PaymentsTest" time="0.006"/>
  <testcase name="limited_limit_is_greater_than_zero()" classname="com.home.eshopee.billing.payment.jdbc.PaymentsTest" time="0.011"/>
  <testcase name="limited_start_is_greater_than_zero()" classname="com.home.eshopee.billing.payment.jdbc.PaymentsTest" time="0.007"/>
  <system-out><![CDATA[
  .   ____          _            __ _ _
 /\\ / ___'_ __ _ _(_)_ __  __ _ \ \ \ \
( ( )\___ | '_ | '_| | '_ \/ _` | \ \ \ \
 \\/  ___)| |_)| | | | | || (_| |  ) ) ) )
  '  |____| .__|_| |_|_| |_\__, | / / / /
 =========|_|==============|___/=/_/_/_/
 :: Spring Boot ::                (v3.0.4)

2023-04-28T19:38:16.585+05:30  INFO 5900 --- [    Test worker] c.h.e.billing.payment.jdbc.PaymentsTest  : Starting PaymentsTest using Java 17.0.1 with PID 5900 (started by ADMIN in D:\CODE\microservice\ddd-eshopee-EXPT-modulith\shopee-microservices\billing\payment\jdbc)
2023-04-28T19:38:16.586+05:30  INFO 5900 --- [    Test worker] c.h.e.billing.payment.jdbc.PaymentsTest  : No active profile set, falling back to 1 default profile: "default"
2023-04-28T19:38:16.634+05:30  INFO 5900 --- [    Test worker] beddedDataSourceBeanFactoryPostProcessor : Replacing 'dataSource' DataSource bean with embedded version
2023-04-28T19:38:16.652+05:30  INFO 5900 --- [    Test worker] o.s.j.d.e.EmbeddedDatabaseFactory        : Starting embedded database: url='jdbc:h2:mem:a25494ae-ffdb-49e4-bd5b-ea22d9080af6;DB_CLOSE_DELAY=-1;DB_CLOSE_ON_EXIT=false', username='sa'
2023-04-28T19:38:16.677+05:30  INFO 5900 --- [    Test worker] c.h.e.billing.payment.jdbc.PaymentsTest  : Started PaymentsTest in 0.106 seconds (process running for 2.589)
]]></system-out>
  <system-err><![CDATA[]]></system-err>
</testsuite>
