<?xml version="1.0" encoding="UTF-8"?>
<testsuite name="com.home.eshopee.billing.payment.jdbc.CollectPaymentTest" tests="1" skipped="0" failures="0" errors="0" timestamp="2023-04-28T14:08:16" hostname="DESKTOP-3OMJI0S" time="0.105">
  <properties/>
  <testcase name="payment_confirmation_raises_an_event()" classname="com.home.eshopee.billing.payment.jdbc.CollectPaymentTest" time="0.105"/>
  <system-out><![CDATA[19:38:14.820 [Test worker] DEBUG org.springframework.test.context.support.AbstractContextLoader - Could not detect default resource locations for test class [com.home.eshopee.billing.payment.jdbc.CollectPaymentTest]: no resource found for suffixes {-context.xml, Context.groovy}.
19:38:14.856 [Test worker] DEBUG org.springframework.boot.test.autoconfigure.jdbc.JdbcTestContextBootstrapper - Using ContextCustomizers for test class [CollectPaymentTest]: [DisableAutoConfigurationContextCustomizer, DisableObservabilityContextCustomizer, TypeExcludeFiltersContextCustomizer, PropertyMappingContextCustomizer, Customizer, ImportsContextCustomizer, ExcludeFilterContextCustomizer, DuplicateJsonObjectContextCustomizer, MockitoContextCustomizer]
19:38:14.870 [Test worker] DEBUG org.springframework.test.context.util.TestContextSpringFactoriesUtils - Skipping candidate TestExecutionListener [org.springframework.test.context.web.ServletTestExecutionListener] due to a missing dependency. Specify custom TestExecutionListener classes or make the default TestExecutionListener classes and their required dependencies available. Offending class: [jakarta/servlet/ServletContext]
19:38:14.883 [Test worker] DEBUG org.springframework.boot.test.autoconfigure.jdbc.JdbcTestContextBootstrapper - Using TestExecutionListeners for test class [CollectPaymentTest]: [DirtiesContextBeforeModesTestExecutionListener, ApplicationEventsTestExecutionListener, MockitoTestExecutionListener, DependencyInjectionTestExecutionListener, DirtiesContextTestExecutionListener, TransactionalTestExecutionListener, SqlScriptsTestExecutionListener, EventPublishingTestExecutionListener, RestDocsTestExecutionListener, MockRestServiceServerResetTestExecutionListener, MockMvcPrintOnlyOnFailureTestExecutionListener, WebDriverTestExecutionListener, MockWebServiceServerTestExecutionListener, ResetMocksTestExecutionListener]
19:38:14.884 [Test worker] DEBUG org.springframework.test.context.support.AbstractDirtiesContextTestExecutionListener - Before test class: class [CollectPaymentTest], class annotated with @DirtiesContext [false] with mode [null]

  .   ____          _            __ _ _
 /\\ / ___'_ __ _ _(_)_ __  __ _ \ \ \ \
( ( )\___ | '_ | '_| | '_ \/ _` | \ \ \ \
 \\/  ___)| |_)| | | | | || (_| |  ) ) ) )
  '  |____| .__|_| |_|_| |_\__, | / / / /
 =========|_|==============|___/=/_/_/_/
 :: Spring Boot ::                (v3.0.4)

2023-04-28T19:38:15.155+05:30  INFO 5900 --- [    Test worker] c.h.e.b.payment.jdbc.CollectPaymentTest  : Starting CollectPaymentTest using Java 17.0.1 with PID 5900 (started by ADMIN in D:\CODE\microservice\ddd-eshopee-EXPT-modulith\shopee-microservices\billing\payment\jdbc)
2023-04-28T19:38:15.157+05:30  INFO 5900 --- [    Test worker] c.h.e.b.payment.jdbc.CollectPaymentTest  : No active profile set, falling back to 1 default profile: "default"
2023-04-28T19:38:15.388+05:30  INFO 5900 --- [    Test worker] beddedDataSourceBeanFactoryPostProcessor : Replacing 'dataSource' DataSource bean with embedded version
2023-04-28T19:38:15.906+05:30  INFO 5900 --- [    Test worker] o.s.j.d.e.EmbeddedDatabaseFactory        : Starting embedded database: url='jdbc:h2:mem:c721f813-b9f9-4e66-8de0-3f6c92ef7711;DB_CLOSE_DELAY=-1;DB_CLOSE_ON_EXIT=false', username='sa'
2023-04-28T19:38:16.148+05:30  INFO 5900 --- [    Test worker] c.h.e.b.payment.jdbc.CollectPaymentTest  : Started CollectPaymentTest in 1.226 seconds (process running for 2.06)
2023-04-28T19:38:16.191+05:30  INFO 5900 --- [    Test worker] c.h.e.billing.payment.jdbc.PaymentJdbc   : Payment requested: PaymentJdbc(ReferenceId(TEST123), Money(123.5))
2023-04-28T19:38:16.209+05:30  INFO 5900 --- [    Test worker] c.h.e.billing.payment.jdbc.PaymentJdbc   : Payment collected: PaymentJdbc(ReferenceId(TEST123), Money(123.5))
]]></system-out>
  <system-err><![CDATA[]]></system-err>
</testsuite>
