<?xml version="1.0" encoding="UTF-8"?>
<testsuite name="com.home.eshopee.sales.order.jdbc.UnknownOrderTest" tests="1" skipped="0" failures="0" errors="0" timestamp="2023-04-28T14:09:09" hostname="DESKTOP-3OMJI0S" time="0.0">
  <properties/>
  <testcase name="unknown_product_has_values()" classname="com.home.eshopee.sales.order.jdbc.UnknownOrderTest" time="0.0"/>
  <system-out><![CDATA[]]></system-out>
  <system-err><![CDATA[]]></system-err>
</testsuite>
