<?xml version="1.0" encoding="UTF-8"?>
<testsuite name="com.home.eshopee.shipping.delivery.listeners.DeliveryDispatchedListenerTest" tests="1" skipped="0" failures="0" errors="0" timestamp="2023-04-28T14:09:28" hostname="DESKTOP-3OMJI0S" time="0.391">
  <properties/>
  <testcase name="on_delivery_dispatched_dispatches()" classname="com.home.eshopee.shipping.delivery.listeners.DeliveryDispatchedListenerTest" time="0.391"/>
  <system-out><![CDATA[]]></system-out>
  <system-err><![CDATA[]]></system-err>
</testsuite>
