<?xml version="1.0" encoding="UTF-8"?>
<testsuite name="com.home.eshopee.shipping.delivery.jdbc.UnknownDeliveryTest" tests="4" skipped="0" failures="0" errors="0" timestamp="2023-04-28T14:09:27" hostname="DESKTOP-3OMJI0S" time="0.002">
  <properties/>
  <testcase name="dispatch_noop()" classname="com.home.eshopee.shipping.delivery.jdbc.UnknownDeliveryTest" time="0.0"/>
  <testcase name="prepare_noop()" classname="com.home.eshopee.shipping.delivery.jdbc.UnknownDeliveryTest" time="0.0"/>
  <testcase name="unknown_delivery_is_not_dispatched()" classname="com.home.eshopee.shipping.delivery.jdbc.UnknownDeliveryTest" time="0.001"/>
  <testcase name="unknown_delivery_has_values()" classname="com.home.eshopee.shipping.delivery.jdbc.UnknownDeliveryTest" time="0.001"/>
  <system-out><![CDATA[]]></system-out>
  <system-err><![CDATA[]]></system-err>
</testsuite>
