<?xml version="1.0" encoding="UTF-8"?>
<testsuite name="com.home.eshopee.shipping.delivery.jdbc.FindDeliveriesTest" tests="6" skipped="0" failures="0" errors="0" timestamp="2023-04-28T14:09:27" hostname="DESKTOP-3OMJI0S" time="0.057">
  <properties/>
  <testcase name="status_is_merged_with_events_ledger()" classname="com.home.eshopee.shipping.delivery.jdbc.FindDeliveriesTest" time="0.005"/>
  <testcase name="delivery_for_an_order_is_not_prepared()" classname="com.home.eshopee.shipping.delivery.jdbc.FindDeliveriesTest" time="0.011"/>
  <testcase name="delivery_is_found_by_order_id()" classname="com.home.eshopee.shipping.delivery.jdbc.FindDeliveriesTest" time="0.008"/>
  <testcase name="delivery_is_not_found_by_order_id()" classname="com.home.eshopee.shipping.delivery.jdbc.FindDeliveriesTest" time="0.005"/>
  <testcase name="delivery_for_an_order_is_prepared()" classname="com.home.eshopee.shipping.delivery.jdbc.FindDeliveriesTest" time="0.006"/>
  <testcase name="all_deliveries_are_found()" classname="com.home.eshopee.shipping.delivery.jdbc.FindDeliveriesTest" time="0.017"/>
  <system-out><![CDATA[
  .   ____          _            __ _ _
 /\\ / ___'_ __ _ _(_)_ __  __ _ \ \ \ \
( ( )\___ | '_ | '_| | '_ \/ _` | \ \ \ \
 \\/  ___)| |_)| | | | | || (_| |  ) ) ) )
  '  |____| .__|_| |_|_| |_\__, | / / / /
 =========|_|==============|___/=/_/_/_/
 :: Spring Boot ::                (v3.0.4)

2023-04-28T19:39:27.386+05:30  INFO 16512 --- [    Test worker] c.h.e.s.d.jdbc.FindDeliveriesTest        : Starting FindDeliveriesTest using Java 17.0.1 with PID 16512 (started by ADMIN in D:\CODE\microservice\ddd-eshopee-EXPT-modulith\shopee-microservices\shipping\delivery\jdbc)
2023-04-28T19:39:27.387+05:30  INFO 16512 --- [    Test worker] c.h.e.s.d.jdbc.FindDeliveriesTest        : No active profile set, falling back to 1 default profile: "default"
2023-04-28T19:39:27.435+05:30  INFO 16512 --- [    Test worker] beddedDataSourceBeanFactoryPostProcessor : Replacing 'dataSource' DataSource bean with embedded version
2023-04-28T19:39:27.453+05:30  INFO 16512 --- [    Test worker] o.s.j.d.e.EmbeddedDatabaseFactory        : Starting embedded database: url='jdbc:h2:mem:d7d268aa-a18b-4355-bd48-75391cfe5477;DB_CLOSE_DELAY=-1;DB_CLOSE_ON_EXIT=false', username='sa'
2023-04-28T19:39:27.475+05:30  INFO 16512 --- [    Test worker] c.h.e.s.d.jdbc.FindDeliveriesTest        : Started FindDeliveriesTest in 0.103 seconds (process running for 2.459)
]]></system-out>
  <system-err><![CDATA[]]></system-err>
</testsuite>
