<?xml version="1.0" encoding="UTF-8"?>
<testsuite name="com.home.eshopee.OrderWorkFlowTest" tests="3" skipped="0" failures="0" errors="0" timestamp="2023-04-28T14:07:28" hostname="DESKTOP-3OMJI0S" time="2.282">
  <properties/>
  <testcase name="order_is_shipped()" classname="com.home.eshopee.OrderWorkFlowTest" time="1.935"/>
  <testcase name="payment_for_an_order_is_collected()" classname="com.home.eshopee.OrderWorkFlowTest" time="0.181"/>
  <testcase name="dispatched_items_are_removed_from_stock()" classname="com.home.eshopee.OrderWorkFlowTest" time="0.164"/>
  <system-out><![CDATA[19:37:24.164 [Test worker] DEBUG org.springframework.boot.test.context.SpringBootTestContextBootstrapper - Neither @ContextConfiguration nor @ContextHierarchy found for test class [OrderWorkFlowTest]: using SpringBootContextLoader
19:37:24.165 [Test worker] DEBUG org.springframework.test.context.support.AbstractContextLoader - Could not detect default resource locations for test class [com.home.eshopee.OrderWorkFlowTest]: no resource found for suffixes {-context.xml, Context.groovy}.
19:37:24.167 [Test worker] INFO org.springframework.test.context.support.AnnotationConfigContextLoaderUtils - Could not detect default configuration classes for test class [com.home.eshopee.OrderWorkFlowTest]: OrderWorkFlowTest does not declare any static, non-private, non-final, nested classes annotated with @Configuration.
19:37:24.194 [Test worker] DEBUG org.springframework.boot.test.context.SpringBootTestContextBootstrapper - Using ContextCustomizers for test class [OrderWorkFlowTest]: [DisableObservabilityContextCustomizer, PropertyMappingContextCustomizer, Customizer, ExcludeFilterContextCustomizer, DuplicateJsonObjectContextCustomizer, MockitoContextCustomizer, TestRestTemplateContextCustomizer]
19:37:24.275 [Test worker] DEBUG org.springframework.context.annotation.ClassPathScanningCandidateComponentProvider - Identified candidate component class: file [D:\CODE\microservice\ddd-eshopee-EXPT-modulith\shopee-microservices\application\build\classes\java\main\com\home\eshopee\EShopeeApplication.class]
19:37:24.279 [Test worker] INFO org.springframework.boot.test.context.SpringBootTestContextBootstrapper - Found @SpringBootConfiguration com.home.eshopee.EShopeeApplication for test class com.home.eshopee.OrderWorkFlowTest
19:37:24.378 [Test worker] DEBUG org.springframework.boot.test.context.SpringBootTestContextBootstrapper - Using TestExecutionListeners for test class [OrderWorkFlowTest]: [ServletTestExecutionListener, DirtiesContextBeforeModesTestExecutionListener, ApplicationEventsTestExecutionListener, MockitoTestExecutionListener, DependencyInjectionTestExecutionListener, DirtiesContextTestExecutionListener, TransactionalTestExecutionListener, SqlScriptsTestExecutionListener, EventPublishingTestExecutionListener, RestDocsTestExecutionListener, MockRestServiceServerResetTestExecutionListener, MockMvcPrintOnlyOnFailureTestExecutionListener, WebDriverTestExecutionListener, MockWebServiceServerTestExecutionListener, ResetMocksTestExecutionListener]
19:37:24.379 [Test worker] DEBUG org.springframework.test.context.support.AbstractDirtiesContextTestExecutionListener - Before test class: class [OrderWorkFlowTest], class annotated with @DirtiesContext [false] with mode [null]
19:37:24.384 [Test worker] DEBUG org.springframework.test.context.support.DependencyInjectionTestExecutionListener - Performing dependency injection for test class com.home.eshopee.OrderWorkFlowTest

  .   ____          _            __ _ _
 /\\ / ___'_ __ _ _(_)_ __  __ _ \ \ \ \
( ( )\___ | '_ | '_| | '_ \/ _` | \ \ \ \
 \\/  ___)| |_)| | | | | || (_| |  ) ) ) )
  '  |____| .__|_| |_|_| |_\__, | / / / /
 =========|_|==============|___/=/_/_/_/
 :: Spring Boot ::                (v3.0.4)

2023-04-28T19:37:24.618+05:30  INFO 21824 --- [    Test worker] com.home.eshopee.OrderWorkFlowTest       : Starting OrderWorkFlowTest using Java 17.0.1 with PID 21824 (started by ADMIN in D:\CODE\microservice\ddd-eshopee-EXPT-modulith\shopee-microservices\application)
2023-04-28T19:37:24.621+05:30  INFO 21824 --- [    Test worker] com.home.eshopee.OrderWorkFlowTest       : No active profile set, falling back to 1 default profile: "default"
2023-04-28T19:37:25.367+05:30  INFO 21824 --- [    Test worker] .s.d.r.c.RepositoryConfigurationDelegate : Multiple Spring Data modules found, entering strict repository configuration mode
2023-04-28T19:37:25.369+05:30  INFO 21824 --- [    Test worker] .s.d.r.c.RepositoryConfigurationDelegate : Bootstrapping Spring Data Redis repositories in DEFAULT mode.
2023-04-28T19:37:25.422+05:30  INFO 21824 --- [    Test worker] .s.d.r.c.RepositoryConfigurationDelegate : Finished Spring Data repository scanning in 40 ms. Found 0 Redis repository interfaces.
2023-04-28T19:37:26.157+05:30  INFO 21824 --- [    Test worker] o.s.b.w.embedded.tomcat.TomcatWebServer  : Tomcat initialized with port(s): 0 (http)
2023-04-28T19:37:26.167+05:30  INFO 21824 --- [    Test worker] o.apache.catalina.core.StandardService   : Starting service [Tomcat]
2023-04-28T19:37:26.168+05:30  INFO 21824 --- [    Test worker] o.apache.catalina.core.StandardEngine    : Starting Servlet engine: [Apache Tomcat/10.1.5]
2023-04-28T19:37:26.256+05:30  INFO 21824 --- [    Test worker] o.a.c.c.C.[Tomcat].[localhost].[/]       : Initializing Spring embedded WebApplicationContext
2023-04-28T19:37:26.258+05:30  INFO 21824 --- [    Test worker] w.s.c.ServletWebServerApplicationContext : Root WebApplicationContext: initialization completed in 1365 ms
2023-04-28T19:37:26.609+05:30  INFO 21824 --- [    Test worker] o.s.b.a.w.s.WelcomePageHandlerMapping    : Adding welcome page template: index
2023-04-28T19:37:26.819+05:30  INFO 21824 --- [    Test worker] com.zaxxer.hikari.HikariDataSource       : HikariPool-1 - Starting...
2023-04-28T19:37:27.071+05:30  INFO 21824 --- [    Test worker] com.zaxxer.hikari.pool.HikariPool        : HikariPool-1 - Added connection conn0: url=jdbc:h2:mem:31d213cb-0d2e-41d3-8773-e5f7b4cee7ed user=SA
2023-04-28T19:37:27.075+05:30  INFO 21824 --- [    Test worker] com.zaxxer.hikari.HikariDataSource       : HikariPool-1 - Start completed.
2023-04-28T19:37:28.304+05:30  INFO 21824 --- [    Test worker] o.s.b.w.embedded.tomcat.TomcatWebServer  : Tomcat started on port(s): 54940 (http) with context path ''
2023-04-28T19:37:28.319+05:30  INFO 21824 --- [    Test worker] com.home.eshopee.OrderWorkFlowTest       : Started OrderWorkFlowTest in 3.917 seconds (process running for 11.521)
2023-04-28T19:37:29.355+05:30  INFO 21824 --- [o-auto-1-exec-1] o.a.c.c.C.[Tomcat].[localhost].[/]       : Initializing Spring DispatcherServlet 'dispatcherServlet'
2023-04-28T19:37:29.355+05:30  INFO 21824 --- [o-auto-1-exec-1] o.s.web.servlet.DispatcherServlet        : Initializing Servlet 'dispatcherServlet'
2023-04-28T19:37:29.356+05:30  INFO 21824 --- [o-auto-1-exec-1] o.s.web.servlet.DispatcherServlet        : Completed initialization in 0 ms
2023-04-28T19:37:29.446+05:30  INFO 21824 --- [o-auto-1-exec-1] c.h.eshopee.sales.order.jdbc.OrderJdbc   : Order placed: OrderJdbc(OrderId(order-1), Money(123.5), [OrderItem(ProductId(p-1), Quantity(5))])
2023-04-28T19:37:29.452+05:30  INFO 21824 --- [         task-1] c.h.e.billing.payment.jdbc.PaymentJdbc   : Payment requested: PaymentJdbc(ReferenceId(order-1), Money(123.5))
2023-04-28T19:37:29.458+05:30  INFO 21824 --- [         task-1] c.h.e.billing.payment.jdbc.PaymentJdbc   : Payment collected: PaymentJdbc(ReferenceId(order-1), Money(123.5))
2023-04-28T19:37:29.468+05:30  INFO 21824 --- [         task-3] c.h.e.warehouse.jdbc.GoodsFetchingJdbc   : Goods fetched: [ToFetch(ProductId(p-1), Amount(5))]
2023-04-28T19:37:29.502+05:30  INFO 21824 --- [o-auto-1-exec-2] c.h.e.s.delivery.jdbc.DeliveryJdbc       : Delivery prepared: DeliveryJdbc(DeliveryId(8bdbff6b-6238-4b12-bbb1-6605c9743ef2), OrderId(order-1), Address(Person(Test Name), Place(Test Address 123)))
2023-04-28T19:37:29.505+05:30  INFO 21824 --- [         task-6] c.h.e.s.d.jdbc.DispatchingJdbc           : Order OrderId(order-1) is being dispatched.
2023-04-28T19:37:29.506+05:30  INFO 21824 --- [         task-8] c.h.e.warehouse.jdbc.GoodsFetchingJdbc   : Fetched goods removed: OrderId(order-1)
2023-04-28T19:37:29.508+05:30  INFO 21824 --- [         task-7] c.h.e.s.delivery.jdbc.DeliveryJdbc       : Delivery dispatched: DeliveryJdbc(DeliveryId(8bdbff6b-6238-4b12-bbb1-6605c9743ef2), OrderId(order-1), Address(Person(Test Name), Place(Test Address 123)))
2023-04-28T19:37:30.224+05:30  WARN 21824 --- [o-auto-1-exec-7] ocalVariableTableParameterNameDiscoverer : Using deprecated '-debug' fallback for parameter name resolution. Compile the affected code with '-parameters' instead or avoid its introspection: com.home.eshopee.shipping.delivery.rest.DeliveryController
2023-04-28T19:37:30.283+05:30  INFO 21824 --- [o-auto-1-exec-8] c.h.eshopee.sales.order.jdbc.OrderJdbc   : Order placed: OrderJdbc(OrderId(order-3), Money(123.5), [OrderItem(ProductId(p-3), Quantity(5))])
2023-04-28T19:37:30.284+05:30  INFO 21824 --- [         task-1] c.h.e.billing.payment.jdbc.PaymentJdbc   : Payment requested: PaymentJdbc(ReferenceId(order-3), Money(123.5))
2023-04-28T19:37:30.285+05:30  INFO 21824 --- [         task-1] c.h.e.billing.payment.jdbc.PaymentJdbc   : Payment collected: PaymentJdbc(ReferenceId(order-3), Money(123.5))
2023-04-28T19:37:30.285+05:30  INFO 21824 --- [         task-2] c.h.e.warehouse.jdbc.GoodsFetchingJdbc   : Goods fetched: [ToFetch(ProductId(p-3), Amount(5))]
2023-04-28T19:37:30.295+05:30  INFO 21824 --- [o-auto-1-exec-9] c.h.e.s.delivery.jdbc.DeliveryJdbc       : Delivery prepared: DeliveryJdbc(DeliveryId(d50c42bd-27df-4d56-945f-baac2e4f4d83), OrderId(order-3), Address(Person(Test Name), Place(Test Address 123)))
2023-04-28T19:37:30.297+05:30  INFO 21824 --- [         task-6] c.h.e.s.d.jdbc.DispatchingJdbc           : Order OrderId(order-3) is being dispatched.
2023-04-28T19:37:30.298+05:30  INFO 21824 --- [         task-7] c.h.e.warehouse.jdbc.GoodsFetchingJdbc   : Fetched goods removed: OrderId(order-3)
2023-04-28T19:37:30.298+05:30  INFO 21824 --- [         task-8] c.h.e.s.delivery.jdbc.DeliveryJdbc       : Delivery dispatched: DeliveryJdbc(DeliveryId(d50c42bd-27df-4d56-945f-baac2e4f4d83), OrderId(order-3), Address(Person(Test Name), Place(Test Address 123)))
2023-04-28T19:37:30.463+05:30  INFO 21824 --- [o-auto-1-exec-1] c.h.eshopee.sales.order.jdbc.OrderJdbc   : Order placed: OrderJdbc(OrderId(order-2), Money(123.5), [OrderItem(ProductId(p-2), Quantity(123))])
2023-04-28T19:37:30.464+05:30  INFO 21824 --- [         task-4] c.h.e.billing.payment.jdbc.PaymentJdbc   : Payment requested: PaymentJdbc(ReferenceId(order-2), Money(123.5))
2023-04-28T19:37:30.464+05:30  INFO 21824 --- [         task-4] c.h.e.billing.payment.jdbc.PaymentJdbc   : Payment collected: PaymentJdbc(ReferenceId(order-2), Money(123.5))
2023-04-28T19:37:30.464+05:30  INFO 21824 --- [         task-2] c.h.e.warehouse.jdbc.GoodsFetchingJdbc   : Goods fetched: [ToFetch(ProductId(p-2), Amount(123))]
2023-04-28T19:37:30.471+05:30  INFO 21824 --- [o-auto-1-exec-2] c.h.e.s.delivery.jdbc.DeliveryJdbc       : Delivery prepared: DeliveryJdbc(DeliveryId(6085aea3-ae89-419b-9d13-37b30f2cbcbf), OrderId(order-2), Address(Person(Test Name), Place(Test Address 123)))
2023-04-28T19:37:30.472+05:30  INFO 21824 --- [         task-6] c.h.e.s.d.jdbc.DispatchingJdbc           : Order OrderId(order-2) is being dispatched.
2023-04-28T19:37:30.473+05:30  INFO 21824 --- [         task-8] c.h.e.warehouse.jdbc.GoodsFetchingJdbc   : Fetched goods removed: OrderId(order-2)
2023-04-28T19:37:30.473+05:30  INFO 21824 --- [         task-7] c.h.e.s.delivery.jdbc.DeliveryJdbc       : Delivery dispatched: DeliveryJdbc(DeliveryId(6085aea3-ae89-419b-9d13-37b30f2cbcbf), OrderId(order-2), Address(Person(Test Name), Place(Test Address 123)))
2023-04-28T19:37:30.606+05:30  WARN 21824 --- [o-auto-1-exec-3] ocalVariableTableParameterNameDiscoverer : Using deprecated '-debug' fallback for parameter name resolution. Compile the affected code with '-parameters' instead or avoid its introspection: com.home.eshopee.warehouse.rest.WarehouseController
877
]]></system-out>
  <system-err><![CDATA[]]></system-err>
</testsuite>
