<?xml version="1.0" encoding="UTF-8"?>
<testsuite name="com.home.eshopee.CleanModulesArchTest" tests="15" skipped="0" failures="0" errors="0" timestamp="2023-04-28T14:07:22" hostname="DESKTOP-3OMJI0S" time="1.233">
  <properties/>
  <testcase name="billing_payment_domain_has_no_dependency_to_its_implementation()" classname="com.home.eshopee.CleanModulesArchTest" time="0.116"/>
  <testcase name="shipping_dispatching_service_has_no_dependencies_on_others_except_delivery_and_events()" classname="com.home.eshopee.CleanModulesArchTest" time="0.056"/>
  <testcase name="sales_order_domain_has_no_dependency_to_its_implementation()" classname="com.home.eshopee.CleanModulesArchTest" time="0.094"/>
  <testcase name="warehouse_service_has_no_dependencies_on_others_except_events()" classname="com.home.eshopee.CleanModulesArchTest" time="0.098"/>
  <testcase name="shipping_dispatching_domain_has_no_dependency_to_its_implementation()" classname="com.home.eshopee.CleanModulesArchTest" time="0.062"/>
  <testcase name="billing_payment_service_has_no_dependencies_on_others_except_events()" classname="com.home.eshopee.CleanModulesArchTest" time="0.078"/>
  <testcase name="warehouse_domain_has_no_dependency_to_its_implementation()" classname="com.home.eshopee.CleanModulesArchTest" time="0.07"/>
  <testcase name="sales_cart_service_has_no_dependency_on_others()" classname="com.home.eshopee.CleanModulesArchTest" time="0.083"/>
  <testcase name="sales_order_service_has_no_dependencies_on_others_except_events()" classname="com.home.eshopee.CleanModulesArchTest" time="0.069"/>
  <testcase name="sales_catalog_service_has_no_dependency_on_others()" classname="com.home.eshopee.CleanModulesArchTest" time="0.068"/>
  <testcase name="catalog_service_has_no_dependencies_on_billing()" classname="com.home.eshopee.CleanModulesArchTest" time="0.032"/>
  <testcase name="shipping_delivery_domain_has_no_dependency_to_its_implementation()" classname="com.home.eshopee.CleanModulesArchTest" time="0.073"/>
  <testcase name="sales_catalog_domain_has_no_dependency_to_its_implementation()" classname="com.home.eshopee.CleanModulesArchTest" time="0.065"/>
  <testcase name="portal_web_uses_only_its_own_use_cases_and_no_direct_dependencies_on_other_services()" classname="com.home.eshopee.CleanModulesArchTest" time="0.193"/>
  <testcase name="shipping_delivery_service_has_no_dependencies_on_others_except_events()" classname="com.home.eshopee.CleanModulesArchTest" time="0.066"/>
  <system-out><![CDATA[19:37:22.758 [Test worker] DEBUG com.tngtech.archunit.core.importer.UrlSource$From - Found URLs on sun.boot.class.path: []
19:37:22.762 [Test worker] DEBUG com.tngtech.archunit.core.importer.UrlSource$From - Found URLs on java.class.path: [jar:file:/C:/Users/ADMIN/.gradle/caches/7.4.2/workerMain/gradle-worker.jar!/, file:/D:/CODE/microservice/ddd-eshopee-EXPT-modulith/shopee-microservices/application/build/classes/java/test/, file:/D:/CODE/microservice/ddd-eshopee-EXPT-modulith/shopee-microservices/application/build/resources/test/, file:/D:/CODE/microservice/ddd-eshopee-EXPT-modulith/shopee-microservices/application/build/classes/java/main/, file:/D:/CODE/microservice/ddd-eshopee-EXPT-modulith/shopee-microservices/application/build/resources/main/, jar:file:/D:/CODE/microservice/ddd-eshopee-EXPT-modulith/shopee-microservices/sales/catalog/spring-boot-starter/build/libs/catalog-spring-boot-starter-2.0-SNAPSHOT.jar!/, jar:file:/D:/CODE/microservice/ddd-eshopee-EXPT-modulith/shopee-microservices/sales/cart/spring-boot-starter/build/libs/cart-spring-boot-starter-2.0-SNAPSHOT.jar!/, jar:file:/D:/CODE/microservice/ddd-eshopee-EXPT-modulith/shopee-microservices/sales/order/spring-boot-starter/build/libs/order-spring-boot-starter-2.0-SNAPSHOT.jar!/, jar:file:/D:/CODE/microservice/ddd-eshopee-EXPT-modulith/shopee-microservices/warehouse/spring-boot-starter/build/libs/warehouse-spring-boot-starter-2.0-SNAPSHOT.jar!/, jar:file:/D:/CODE/microservice/ddd-eshopee-EXPT-modulith/shopee-microservices/billing/payment/spring-boot-starter/build/libs/payment-spring-boot-starter-2.0-SNAPSHOT.jar!/, jar:file:/D:/CODE/microservice/ddd-eshopee-EXPT-modulith/shopee-microservices/shipping/delivery/spring-boot-starter/build/libs/delivery-spring-boot-starter-2.0-SNAPSHOT.jar!/, jar:file:/D:/CODE/microservice/ddd-eshopee-EXPT-modulith/shopee-microservices/shipping/dispatching/spring-boot-starter/build/libs/dispatching-spring-boot-starter-2.0-SNAPSHOT.jar!/, jar:file:/D:/CODE/microservice/ddd-eshopee-EXPT-modulith/shopee-microservices/portal/spring-boot-starter/build/libs/portal-spring-boot-starter-2.0-SNAPSHOT.jar!/, jar:file:/D:/CODE/microservice/ddd-eshopee-EXPT-modulith/shopee-microservices/common/application-integration-spring-boot-starter/build/libs/application-integration-spring-boot-starter-2.0-SNAPSHOT.jar!/, jar:file:/C:/Users/ADMIN/.gradle/caches/modules-2/files-2.1/org.springframework.boot/spring-boot-starter-data-redis/3.0.4/e122886d50ec624e51fbaac4bb0d5d17cf7b9764/spring-boot-starter-data-redis-3.0.4.jar!/, jar:file:/C:/Users/ADMIN/.gradle/caches/modules-2/files-2.1/org.springframework.boot/spring-boot-starter-jdbc/3.0.4/e64f229f772dc2952e1978a1f10d7f3a462e105d/spring-boot-starter-jdbc-3.0.4.jar!/, jar:file:/C:/Users/ADMIN/.gradle/caches/modules-2/files-2.1/org.springframework.boot/spring-boot-starter-web/3.0.4/6a7405b436c6943f056cdbab587fe48bdc2b4911/spring-boot-starter-web-3.0.4.jar!/, jar:file:/C:/Users/ADMIN/.gradle/caches/modules-2/files-2.1/org.springframework.boot/spring-boot-starter-test/3.0.4/eb934f1df3e6292d7b5800cfbbc237de90d174de/spring-boot-starter-test-3.0.4.jar!/, jar:file:/C:/Users/ADMIN/.gradle/caches/modules-2/files-2.1/org.springframework.boot/spring-boot-starter-thymeleaf/3.0.4/ea681f9f477da793eb9024a23686db9a59b50bc6/spring-boot-starter-thymeleaf-3.0.4.jar!/, jar:file:/C:/Users/ADMIN/.gradle/caches/modules-2/files-2.1/org.springframework.boot/spring-boot-starter-amqp/3.0.4/804a88a39dc6dce9678eef6f621bd9877f50a7ab/spring-boot-starter-amqp-3.0.4.jar!/, jar:file:/C:/Users/ADMIN/.gradle/caches/modules-2/files-2.1/org.springframework.boot/spring-boot-starter-json/3.0.4/5ddf427d011646fe787fdaa1b8edc4a4eebd48d5/spring-boot-starter-json-3.0.4.jar!/, jar:file:/C:/Users/ADMIN/.gradle/caches/modules-2/files-2.1/org.springframework.boot/spring-boot-starter/3.0.4/8f957a8bc9d70c0ca922406c6e23cb3db5d48109/spring-boot-starter-3.0.4.jar!/, jar:file:/C:/Users/ADMIN/.gradle/caches/modules-2/files-2.1/com.h2database/h2/2.1.214/d5c2005c9e3279201e12d4776c948578b16bf8b2/h2-2.1.214.jar!/, jar:file:/C:/Users/ADMIN/.gradle/caches/modules-2/files-2.1/org.postgresql/postgresql/42.5.4/15015a54f15e340a9a8a6a2c5457429cb1176b8/postgresql-42.5.4.jar!/, jar:file:/C:/Users/ADMIN/.gradle/caches/modules-2/files-2.1/io.rest-assured/rest-assured/5.2.1/131aedaf6ffbb783dbf7b21efe57a849ded8b321/rest-assured-5.2.1.jar!/, jar:file:/C:/Users/ADMIN/.gradle/caches/modules-2/files-2.1/com.tngtech.archunit/archunit/0.23.1/7f93a254a0b88b9209e34db523ed5c2cee2ab25f/archunit-0.23.1.jar!/, jar:file:/D:/CODE/microservice/ddd-eshopee-EXPT-modulith/shopee-microservices/sales/catalog/jdbc/build/libs/catalog-jdbc-2.0-SNAPSHOT.jar!/, jar:file:/D:/CODE/microservice/ddd-eshopee-EXPT-modulith/shopee-microservices/sales/catalog/rest/build/libs/catalog-rest-2.0-SNAPSHOT.jar!/, jar:file:/D:/CODE/microservice/ddd-eshopee-EXPT-modulith/shopee-microservices/sales/catalog/webcomp/build/libs/catalog-webcomp-2.0-SNAPSHOT.jar!/, jar:file:/D:/CODE/microservice/ddd-eshopee-EXPT-modulith/shopee-microservices/sales/cart/jdbc/build/libs/cart-jdbc-2.0-SNAPSHOT.jar!/, jar:file:/D:/CODE/microservice/ddd-eshopee-EXPT-modulith/shopee-microservices/sales/cart/rest/build/libs/cart-rest-2.0-SNAPSHOT.jar!/, jar:file:/D:/CODE/microservice/ddd-eshopee-EXPT-modulith/shopee-microservices/sales/cart/webcomp/build/libs/cart-webcomp-2.0-SNAPSHOT.jar!/, jar:file:/D:/CODE/microservice/ddd-eshopee-EXPT-modulith/shopee-microservices/sales/order/jdbc/build/libs/order-jdbc-2.0-SNAPSHOT.jar!/, jar:file:/D:/CODE/microservice/ddd-eshopee-EXPT-modulith/shopee-microservices/sales/order/rest/build/libs/order-rest-2.0-SNAPSHOT.jar!/, jar:file:/D:/CODE/microservice/ddd-eshopee-EXPT-modulith/shopee-microservices/sales/order/webcomp/build/libs/order-webcomp-2.0-SNAPSHOT.jar!/, jar:file:/D:/CODE/microservice/ddd-eshopee-EXPT-modulith/shopee-microservices/warehouse/jdbc/build/libs/warehouse-jdbc-2.0-SNAPSHOT.jar!/, jar:file:/D:/CODE/microservice/ddd-eshopee-EXPT-modulith/shopee-microservices/warehouse/listeners/build/libs/warehouse-listeners-2.0-SNAPSHOT.jar!/, jar:file:/D:/CODE/microservice/ddd-eshopee-EXPT-modulith/shopee-microservices/warehouse/rest/build/libs/warehouse-rest-2.0-SNAPSHOT.jar!/, jar:file:/D:/CODE/microservice/ddd-eshopee-EXPT-modulith/shopee-microservices/billing/payment/jdbc/build/libs/payment-jdbc-2.0-SNAPSHOT.jar!/, jar:file:/D:/CODE/microservice/ddd-eshopee-EXPT-modulith/shopee-microservices/billing/payment/listeners/build/libs/payment-listeners-2.0-SNAPSHOT.jar!/, jar:file:/D:/CODE/microservice/ddd-eshopee-EXPT-modulith/shopee-microservices/billing/payment/rest/build/libs/payment-rest-2.0-SNAPSHOT.jar!/, jar:file:/D:/CODE/microservice/ddd-eshopee-EXPT-modulith/shopee-microservices/shipping/delivery/jdbc/build/libs/delivery-jdbc-2.0-SNAPSHOT.jar!/, jar:file:/D:/CODE/microservice/ddd-eshopee-EXPT-modulith/shopee-microservices/shipping/delivery/listeners/build/libs/delivery-listeners-2.0-SNAPSHOT.jar!/, jar:file:/D:/CODE/microservice/ddd-eshopee-EXPT-modulith/shopee-microservices/shipping/delivery/rest/build/libs/delivery-rest-2.0-SNAPSHOT.jar!/, jar:file:/D:/CODE/microservice/ddd-eshopee-EXPT-modulith/shopee-microservices/shipping/delivery/webcomp/build/libs/delivery-webcomp-2.0-SNAPSHOT.jar!/, jar:file:/D:/CODE/microservice/ddd-eshopee-EXPT-modulith/shopee-microservices/shipping/dispatching/jdbc/build/libs/dispatching-jdbc-2.0-SNAPSHOT.jar!/, jar:file:/D:/CODE/microservice/ddd-eshopee-EXPT-modulith/shopee-microservices/shipping/dispatching/listeners/build/libs/dispatching-listeners-2.0-SNAPSHOT.jar!/, jar:file:/D:/CODE/microservice/ddd-eshopee-EXPT-modulith/shopee-microservices/portal/web/build/libs/portal-web-2.0-SNAPSHOT.jar!/, jar:file:/D:/CODE/microservice/ddd-eshopee-EXPT-modulith/shopee-microservices/sales/order/domain/build/libs/order-domain-2.0-SNAPSHOT.jar!/, jar:file:/D:/CODE/microservice/ddd-eshopee-EXPT-modulith/shopee-microservices/sales/order/events/build/libs/order-events-2.0-SNAPSHOT.jar!/, jar:file:/D:/CODE/microservice/ddd-eshopee-EXPT-modulith/shopee-microservices/shipping/dispatching/events/build/libs/dispatching-events-2.0-SNAPSHOT.jar!/, jar:file:/D:/CODE/microservice/ddd-eshopee-EXPT-modulith/shopee-microservices/shipping/delivery/domain/build/libs/delivery-domain-2.0-SNAPSHOT.jar!/, jar:file:/D:/CODE/microservice/ddd-eshopee-EXPT-modulith/shopee-microservices/shipping/delivery/events/build/libs/delivery-events-2.0-SNAPSHOT.jar!/, jar:file:/D:/CODE/microservice/ddd-eshopee-EXPT-modulith/shopee-microservices/billing/payment/domain/build/libs/payment-domain-2.0-SNAPSHOT.jar!/, jar:file:/D:/CODE/microservice/ddd-eshopee-EXPT-modulith/shopee-microservices/billing/payment/events/build/libs/payment-events-2.0-SNAPSHOT.jar!/, jar:file:/D:/CODE/microservice/ddd-eshopee-EXPT-modulith/shopee-microservices/warehouse/domain/build/libs/warehouse-domain-2.0-SNAPSHOT.jar!/, jar:file:/D:/CODE/microservice/ddd-eshopee-EXPT-modulith/shopee-microservices/warehouse/events/build/libs/warehouse-events-2.0-SNAPSHOT.jar!/, jar:file:/D:/CODE/microservice/ddd-eshopee-EXPT-modulith/shopee-microservices/common/events/build/libs/events-2.0-SNAPSHOT.jar!/, jar:file:/C:/Users/ADMIN/.gradle/caches/modules-2/files-2.1/com.fasterxml.jackson.datatype/jackson-datatype-jdk8/2.14.2/2f3c71211b6ea7a978eba33574d7135d536e07fb/jackson-datatype-jdk8-2.14.2.jar!/, jar:file:/C:/Users/ADMIN/.gradle/caches/modules-2/files-2.1/com.fasterxml.jackson.module/jackson-module-parameter-names/2.14.2/2b6c19b3d99dda02915515df879ab9e23fed3864/jackson-module-parameter-names-2.14.2.jar!/, jar:file:/C:/Users/ADMIN/.gradle/caches/modules-2/files-2.1/com.fasterxml.jackson.core/jackson-databind/2.14.2/1e71fddbc80bb86f71a6345ac1e8ab8a00e7134/jackson-databind-2.14.2.jar!/, jar:file:/C:/Users/ADMIN/.gradle/caches/modules-2/files-2.1/com.fasterxml.jackson.core/jackson-annotations/2.14.2/a7aae9525864930723e3453ab799521fdfd9d873/jackson-annotations-2.14.2.jar!/, jar:file:/C:/Users/ADMIN/.gradle/caches/modules-2/files-2.1/com.fasterxml.jackson.core/jackson-core/2.14.2/f804090e6399ce0cf78242db086017512dd71fcc/jackson-core-2.14.2.jar!/, jar:file:/C:/Users/ADMIN/.gradle/caches/modules-2/files-2.1/com.fasterxml.jackson.datatype/jackson-datatype-jsr310/2.14.2/796518148a385b2728d44886cc0f8852eb8eeb53/jackson-datatype-jsr310-2.14.2.jar!/, jar:file:/C:/Users/ADMIN/.gradle/caches/modules-2/files-2.1/org.springframework.boot/spring-boot-test-autoconfigure/3.0.4/3d28e21dc5cea68949d1f0b6a4051e7deeacf6cc/spring-boot-test-autoconfigure-3.0.4.jar!/, jar:file:/C:/Users/ADMIN/.gradle/caches/modules-2/files-2.1/org.springframework.boot/spring-boot-autoconfigure/3.0.4/7eb11bff0f965807f1088da20bc169bff27d284/spring-boot-autoconfigure-3.0.4.jar!/, jar:file:/C:/Users/ADMIN/.gradle/caches/modules-2/files-2.1/org.springframework.boot/spring-boot-test/3.0.4/4c1c72ff838b4f1191321aa01d1e98d68f882280/spring-boot-test-3.0.4.jar!/, jar:file:/C:/Users/ADMIN/.gradle/caches/modules-2/files-2.1/org.springframework.boot/spring-boot/3.0.4/27e5fceb2faf8ec399df70a2ff4e626a3423ae35/spring-boot-3.0.4.jar!/, jar:file:/C:/Users/ADMIN/.gradle/caches/modules-2/files-2.1/org.springframework.boot/spring-boot-starter-logging/3.0.4/31b32774c6ec2eceb3f75bdef7ddd8afd7059255/spring-boot-starter-logging-3.0.4.jar!/, jar:file:/C:/Users/ADMIN/.gradle/caches/modules-2/files-2.1/org.springframework.boot/spring-boot-starter-tomcat/3.0.4/40babd5ca3db46adf7c59b70ca2e6f2a528b558c/spring-boot-starter-tomcat-3.0.4.jar!/, jar:file:/C:/Users/ADMIN/.gradle/caches/modules-2/files-2.1/jakarta.annotation/jakarta.annotation-api/2.1.1/48b9bda22b091b1f48b13af03fe36db3be6e1ae3/jakarta.annotation-api-2.1.1.jar!/, jar:file:/C:/Users/ADMIN/.gradle/caches/modules-2/files-2.1/org.springframework/spring-jdbc/6.0.6/151e730f45832d42c6535b0bc6d7cebeabcaf844/spring-jdbc-6.0.6.jar!/, jar:file:/C:/Users/ADMIN/.gradle/caches/modules-2/files-2.1/org.springframework/spring-webmvc/6.0.6/302580efc981ad6797a85814ea0996e2149bb420/spring-webmvc-6.0.6.jar!/, jar:file:/C:/Users/ADMIN/.gradle/caches/modules-2/files-2.1/org.springframework/spring-web/6.0.6/2916961032e54aaeb534a290530b7b69e297bfcc/spring-web-6.0.6.jar!/, jar:file:/C:/Users/ADMIN/.gradle/caches/modules-2/files-2.1/org.springframework/spring-test/6.0.6/e94217b5c8cdf8f954d10251449fc98bdd8fc756/spring-test-6.0.6.jar!/, jar:file:/C:/Users/ADMIN/.gradle/caches/modules-2/files-2.1/org.springframework.data/spring-data-redis/3.0.3/6e8f59ca594ea86b56eacba74ae343d188771905/spring-data-redis-3.0.3.jar!/, jar:file:/C:/Users/ADMIN/.gradle/caches/modules-2/files-2.1/org.springframework.amqp/spring-rabbit/3.0.2/910f6a931b70f874ab03ba3dc0df2c6e05de12b8/spring-rabbit-3.0.2.jar!/, jar:file:/C:/Users/ADMIN/.gradle/caches/modules-2/files-2.1/org.springframework.data/spring-data-keyvalue/3.0.3/20ebdf1c5fb12aa0b5be9e67791e6c457f6e8968/spring-data-keyvalue-3.0.3.jar!/, jar:file:/C:/Users/ADMIN/.gradle/caches/modules-2/files-2.1/org.springframework/spring-tx/6.0.6/e86b3073d9640e17e5581a6aebb0d2794c407c46/spring-tx-6.0.6.jar!/, jar:file:/C:/Users/ADMIN/.gradle/caches/modules-2/files-2.1/org.springframework/spring-context-support/6.0.6/363228b8abc8b7ff569b10195f28652c7b65a41/spring-context-support-6.0.6.jar!/, jar:file:/C:/Users/ADMIN/.gradle/caches/modules-2/files-2.1/org.springframework/spring-context/6.0.6/fbd2b7c23adb2ec2f7ca601b3e7d79ae10e342a/spring-context-6.0.6.jar!/, jar:file:/C:/Users/ADMIN/.gradle/caches/modules-2/files-2.1/org.springframework/spring-messaging/6.0.6/42392bdb43a691e7c7bf4da296fef598a3127f37/spring-messaging-6.0.6.jar!/, jar:file:/C:/Users/ADMIN/.gradle/caches/modules-2/files-2.1/org.springframework/spring-oxm/6.0.6/e0bab7269ffaec4df3a9f221b4810b392c5ac492/spring-oxm-6.0.6.jar!/, jar:file:/C:/Users/ADMIN/.gradle/caches/modules-2/files-2.1/org.springframework/spring-aop/6.0.6/c95dc800fdce470519b7135272e64d4606fc8428/spring-aop-6.0.6.jar!/, jar:file:/C:/Users/ADMIN/.gradle/caches/modules-2/files-2.1/org.springframework.data/spring-data-commons/3.0.3/4492e9d25d7e8714f5ebfdd9e607dd7e0998038e/spring-data-commons-3.0.3.jar!/, jar:file:/C:/Users/ADMIN/.gradle/caches/modules-2/files-2.1/org.springframework/spring-beans/6.0.6/48ea4ba141146b3acaad0c7df80d2a06afeb95fd/spring-beans-6.0.6.jar!/, jar:file:/C:/Users/ADMIN/.gradle/caches/modules-2/files-2.1/org.springframework/spring-expression/6.0.6/2006ee0e1be8380f05c29deb52a97d3a1e6812d7/spring-expression-6.0.6.jar!/, jar:file:/C:/Users/ADMIN/.gradle/caches/modules-2/files-2.1/org.springframework.amqp/spring-amqp/3.0.2/698cf3a55e202356034288ed0bdccc2f8579b7e2/spring-amqp-3.0.2.jar!/, jar:file:/C:/Users/ADMIN/.gradle/caches/modules-2/files-2.1/org.springframework/spring-core/6.0.6/8a2845e0945923a9ebf3e9ef0649a28b6eeeac43/spring-core-6.0.6.jar!/, jar:file:/C:/Users/ADMIN/.gradle/caches/modules-2/files-2.1/org.yaml/snakeyaml/1.33/2cd0a87ff7df953f810c344bdf2fe3340b954c69/snakeyaml-1.33.jar!/, jar:file:/C:/Users/ADMIN/.gradle/caches/modules-2/files-2.1/io.lettuce/lettuce-core/6.2.3.RELEASE/3d671a51095ef90b817a690ef1b569b24b309665/lettuce-core-6.2.3.RELEASE.jar!/, jar:file:/C:/Users/ADMIN/.gradle/caches/modules-2/files-2.1/com.zaxxer/HikariCP/5.0.1/a74c7f0a37046846e88d54f7cb6ea6d565c65f9c/HikariCP-5.0.1.jar!/, jar:file:/C:/Users/ADMIN/.gradle/caches/modules-2/files-2.1/org.checkerframework/checker-qual/3.5.0/2f50520c8abea66fbd8d26e481d3aef5c673b510/checker-qual-3.5.0.jar!/, jar:file:/C:/Users/ADMIN/.gradle/caches/modules-2/files-2.1/com.jayway.jsonpath/json-path/2.7.0/f9d7d9659f2694e61142046ff8a216c047f263e8/json-path-2.7.0.jar!/, jar:file:/C:/Users/ADMIN/.gradle/caches/modules-2/files-2.1/jakarta.xml.bind/jakarta.xml.bind-api/4.0.0/bbb399208d288b15ec101fa4fcfc4bd77cedc97a/jakarta.xml.bind-api-4.0.0.jar!/, jar:file:/C:/Users/ADMIN/.gradle/caches/modules-2/files-2.1/org.assertj/assertj-core/3.23.1/d2bb60570f5b3d7ffa8f8000118c9c07b86eca93/assertj-core-3.23.1.jar!/, jar:file:/C:/Users/ADMIN/.gradle/caches/modules-2/files-2.1/org.hamcrest/hamcrest/2.2/1820c0968dba3a11a1b30669bb1f01978a91dedc/hamcrest-2.2.jar!/, jar:file:/C:/Users/ADMIN/.gradle/caches/modules-2/files-2.1/org.mockito/mockito-junit-jupiter/4.8.1/e393aa62eca2244a535b03842843f2f199343d1f/mockito-junit-jupiter-4.8.1.jar!/, jar:file:/C:/Users/ADMIN/.gradle/caches/modules-2/files-2.1/org.junit.jupiter/junit-jupiter-params/5.9.2/bc2765afb7b85b583c710dd259a11c6b8c39e912/junit-jupiter-params-5.9.2.jar!/, jar:file:/C:/Users/ADMIN/.gradle/caches/modules-2/files-2.1/org.junit.jupiter/junit-jupiter-engine/5.9.2/572f7a553b53f83ee59cc045ce1c3772864ab76c/junit-jupiter-engine-5.9.2.jar!/, jar:file:/C:/Users/ADMIN/.gradle/caches/modules-2/files-2.1/org.junit.jupiter/junit-jupiter-api/5.9.2/fed843581520eac594bc36bb4b0f55e7b947dda9/junit-jupiter-api-5.9.2.jar!/, jar:file:/C:/Users/ADMIN/.gradle/caches/modules-2/files-2.1/org.junit.platform/junit-platform-engine/1.9.2/40aeef2be7b04f96bb91e8b054affc28b7c7c935/junit-platform-engine-1.9.2.jar!/, jar:file:/C:/Users/ADMIN/.gradle/caches/modules-2/files-2.1/org.junit.platform/junit-platform-commons/1.9.2/6f9f8621d8230cd38aa42e58ccbc0c00569131ce/junit-platform-commons-1.9.2.jar!/, jar:file:/C:/Users/ADMIN/.gradle/caches/modules-2/files-2.1/org.junit.jupiter/junit-jupiter/5.9.2/26c586fbe0ebd81b48c9f11f0d998124248697ae/junit-jupiter-5.9.2.jar!/, jar:file:/C:/Users/ADMIN/.gradle/caches/modules-2/files-2.1/org.mockito/mockito-core/4.8.1/d8eb9dec8747d08645347bb8c69088ac83197975/mockito-core-4.8.1.jar!/, jar:file:/C:/Users/ADMIN/.gradle/caches/modules-2/files-2.1/org.skyscreamer/jsonassert/1.5.1/6d842d0faf4cf6725c509a5e5347d319ee0431c3/jsonassert-1.5.1.jar!/, jar:file:/C:/Users/ADMIN/.gradle/caches/modules-2/files-2.1/org.xmlunit/xmlunit-core/2.9.1/e5833662d9a1279a37da3ef6f62a1da29fcd68c4/xmlunit-core-2.9.1.jar!/, jar:file:/C:/Users/ADMIN/.gradle/caches/modules-2/files-2.1/io.rest-assured/xml-path/5.2.1/3918e4080bd677b1b4683bdd82a19be78d5c0ec2/xml-path-5.2.1.jar!/, jar:file:/C:/Users/ADMIN/.gradle/caches/modules-2/files-2.1/io.rest-assured/json-path/5.2.1/f53d9cefcf3e3f4554f390ec17d278c47d4125ad/json-path-5.2.1.jar!/, jar:file:/C:/Users/ADMIN/.gradle/caches/modules-2/files-2.1/org.apache.groovy/groovy-json/4.0.9/122759fca67c3ef87ea7d48a3057af362a360089/groovy-json-4.0.9.jar!/, jar:file:/C:/Users/ADMIN/.gradle/caches/modules-2/files-2.1/org.apache.groovy/groovy-xml/4.0.9/b22d2ae189670d4ccc58bc4ef003d922b85cb0d5/groovy-xml-4.0.9.jar!/, jar:file:/C:/Users/ADMIN/.gradle/caches/modules-2/files-2.1/io.rest-assured/rest-assured-common/5.2.1/f506be4e8fb8c2adbbfdff9720fad420b76e6543/rest-assured-common-5.2.1.jar!/, jar:file:/C:/Users/ADMIN/.gradle/caches/modules-2/files-2.1/org.apache.groovy/groovy/4.0.9/80605ad828d16fd5d6349628b8d77e5761b2b4c4/groovy-4.0.9.jar!/, jar:file:/C:/Users/ADMIN/.gradle/caches/modules-2/files-2.1/org.apache.httpcomponents/httpmime/4.5.14/6662758a1f1cb1149cf916bdac28332e0902ec44/httpmime-4.5.14.jar!/, jar:file:/C:/Users/ADMIN/.gradle/caches/modules-2/files-2.1/org.apache.httpcomponents/httpclient/4.5.14/1194890e6f56ec29177673f2f12d0b8e627dec98/httpclient-4.5.14.jar!/, jar:file:/C:/Users/ADMIN/.gradle/caches/modules-2/files-2.1/org.ccil.cowan.tagsoup/tagsoup/1.2.1/5584627487e984c03456266d3f8802eb85a9ce97/tagsoup-1.2.1.jar!/, jar:file:/C:/Users/ADMIN/.gradle/caches/modules-2/files-2.1/org.thymeleaf/thymeleaf-spring6/3.1.1.RELEASE/deb52ef921a4ac5132fedb7ebfc2bc1dad4382b3/thymeleaf-spring6-3.1.1.RELEASE.jar!/, jar:file:/C:/Users/ADMIN/.gradle/caches/modules-2/files-2.1/ch.qos.logback/logback-classic/1.4.5/28e7dc0b208d6c3f15beefd73976e064b4ecfa9b/logback-classic-1.4.5.jar!/, jar:file:/C:/Users/ADMIN/.gradle/caches/modules-2/files-2.1/org.apache.logging.log4j/log4j-to-slf4j/2.19.0/30f4812e43172ecca5041da2cb6b965cc4777c19/log4j-to-slf4j-2.19.0.jar!/, jar:file:/C:/Users/ADMIN/.gradle/caches/modules-2/files-2.1/org.slf4j/jul-to-slf4j/2.0.6/c4d348977a83a0bfcf42fd6fd1fee6e7904f1a0c/jul-to-slf4j-2.0.6.jar!/, jar:file:/C:/Users/ADMIN/.gradle/caches/modules-2/files-2.1/org.thymeleaf/thymeleaf/3.1.1.RELEASE/374a129dfa5e7d7f1a46eacc4d49e594ca0cf26f/thymeleaf-3.1.1.RELEASE.jar!/, jar:file:/C:/Users/ADMIN/.gradle/caches/modules-2/files-2.1/com.rabbitmq/amqp-client/5.16.0/c70c66a8e5a92e41adf618efa7d8025db29cdf3/amqp-client-5.16.0.jar!/, jar:file:/C:/Users/ADMIN/.gradle/caches/modules-2/files-2.1/org.slf4j/slf4j-api/2.0.6/88c40d8b4f33326f19a7d3c0aaf2c7e8721d4953/slf4j-api-2.0.6.jar!/, jar:file:/D:/CODE/microservice/ddd-eshopee-EXPT-modulith/shopee-microservices/sales/catalog/domain/build/libs/catalog-domain-2.0-SNAPSHOT.jar!/, jar:file:/D:/CODE/microservice/ddd-eshopee-EXPT-modulith/shopee-microservices/sales/cart/domain/build/libs/cart-domain-2.0-SNAPSHOT.jar!/, jar:file:/D:/CODE/microservice/ddd-eshopee-EXPT-modulith/shopee-microservices/shipping/dispatching/domain/build/libs/dispatching-domain-2.0-SNAPSHOT.jar!/, jar:file:/C:/Users/ADMIN/.gradle/caches/modules-2/files-2.1/org.springframework/spring-jcl/6.0.6/f13cd8a561e71fb65c63201113d766fcd7a2b06f/spring-jcl-6.0.6.jar!/, jar:file:/C:/Users/ADMIN/.gradle/caches/modules-2/files-2.1/io.netty/netty-handler/4.1.89.Final/ced584e9eba5a6b7aad7c6a28a60c13375459f1a/netty-handler-4.1.89.Final.jar!/, jar:file:/C:/Users/ADMIN/.gradle/caches/modules-2/files-2.1/io.netty/netty-transport-native-unix-common/4.1.89.Final/a7717ed61393d5aad202a92bb02f661ed525bf86/netty-transport-native-unix-common-4.1.89.Final.jar!/, jar:file:/C:/Users/ADMIN/.gradle/caches/modules-2/files-2.1/io.netty/netty-codec/4.1.89.Final/f03a649ffa405ca4c802a8bfcc2abfe70ae485ca/netty-codec-4.1.89.Final.jar!/, jar:file:/C:/Users/ADMIN/.gradle/caches/modules-2/files-2.1/io.netty/netty-transport/4.1.89.Final/e7ff320310eafe302c0dfb9690ae7201ab61ead2/netty-transport-4.1.89.Final.jar!/, jar:file:/C:/Users/ADMIN/.gradle/caches/modules-2/files-2.1/io.netty/netty-resolver/4.1.89.Final/686b21bf3488747bc834ee9e60a863f37b71f35e/netty-resolver-4.1.89.Final.jar!/, jar:file:/C:/Users/ADMIN/.gradle/caches/modules-2/files-2.1/io.netty/netty-buffer/4.1.89.Final/b1d3dbf69a75eaa8793c7e00cff2851dac9fd725/netty-buffer-4.1.89.Final.jar!/, jar:file:/C:/Users/ADMIN/.gradle/caches/modules-2/files-2.1/io.netty/netty-common/4.1.89.Final/c0c80bfe45cc85da5030ea8fc64071e28d0f6f5f/netty-common-4.1.89.Final.jar!/, jar:file:/C:/Users/ADMIN/.gradle/caches/modules-2/files-2.1/io.projectreactor/reactor-core/3.5.3/dd102ecdb21ff78a486074dbad55331f8847eb5d/reactor-core-3.5.3.jar!/, jar:file:/C:/Users/ADMIN/.gradle/caches/modules-2/files-2.1/org.apache.tomcat.embed/tomcat-embed-websocket/10.1.5/14529cbd593571dc9029272ddc9166b5ef113fc2/tomcat-embed-websocket-10.1.5.jar!/, jar:file:/C:/Users/ADMIN/.gradle/caches/modules-2/files-2.1/org.apache.tomcat.embed/tomcat-embed-core/10.1.5/21417d3ef8189e2af05aae0a765ad9204d7211b5/tomcat-embed-core-10.1.5.jar!/, jar:file:/C:/Users/ADMIN/.gradle/caches/modules-2/files-2.1/org.apache.tomcat.embed/tomcat-embed-el/10.1.5/c125df13af42a0fc0cd342370449b1276181e2a1/tomcat-embed-el-10.1.5.jar!/, jar:file:/C:/Users/ADMIN/.gradle/caches/modules-2/files-2.1/io.micrometer/micrometer-observation/1.10.4/96aa92ad7a18c2451c429348c0167eb08a988d4e/micrometer-observation-1.10.4.jar!/, jar:file:/C:/Users/ADMIN/.gradle/caches/modules-2/files-2.1/net.minidev/json-smart/2.4.8/7c62f5f72ab05eb54d40e2abf0360a2fe9ea477f/json-smart-2.4.8.jar!/, jar:file:/C:/Users/ADMIN/.gradle/caches/modules-2/files-2.1/jakarta.activation/jakarta.activation-api/2.1.1/88c774ab863a21fb2fc4219af95379fafe499a31/jakarta.activation-api-2.1.1.jar!/, jar:file:/C:/Users/ADMIN/.gradle/caches/modules-2/files-2.1/net.bytebuddy/byte-buddy/1.12.23/d470526e8c4566c04e9ae5d3ccb62d1a7aa58986/byte-buddy-1.12.23.jar!/, jar:file:/C:/Users/ADMIN/.gradle/caches/modules-2/files-2.1/net.bytebuddy/byte-buddy-agent/1.12.23/1cba11fdb72c383edacb909f79ae6870efd275e4/byte-buddy-agent-1.12.23.jar!/, jar:file:/C:/Users/ADMIN/.gradle/caches/modules-2/files-2.1/org.objenesis/objenesis/3.2/7fadf57620c8b8abdf7519533e5527367cb51f09/objenesis-3.2.jar!/, jar:file:/C:/Users/ADMIN/.m2/repository/com/vaadin/external/google/android-json/0.0.20131108.vaadin1/android-json-0.0.20131108.vaadin1.jar!/, jar:file:/C:/Users/ADMIN/.gradle/caches/modules-2/files-2.1/org.apache.httpcomponents/httpcore/4.4.16/51cf043c87253c9f58b539c9f7e44c8894223850/httpcore-4.4.16.jar!/, jar:file:/C:/Users/ADMIN/.gradle/caches/modules-2/files-2.1/commons-codec/commons-codec/1.15/49d94806b6e3dc933dacbd8acb0fdbab8ebd1e5d/commons-codec-1.15.jar!/, jar:file:/C:/Users/ADMIN/.gradle/caches/modules-2/files-2.1/org.apache.commons/commons-lang3/3.12.0/c6842c86792ff03b9f1d1fe2aab8dc23aa6c6f0e/commons-lang3-3.12.0.jar!/, jar:file:/D:/CODE/microservice/ddd-eshopee-EXPT-modulith/shopee-microservices/common/primitives/build/libs/primitives-2.0-SNAPSHOT.jar!/, jar:file:/C:/Users/ADMIN/.gradle/caches/modules-2/files-2.1/ch.qos.logback/logback-core/1.4.5/e9bb2ea70f84401314da4300343b0a246c8954da/logback-core-1.4.5.jar!/, jar:file:/C:/Users/ADMIN/.gradle/caches/modules-2/files-2.1/org.apache.logging.log4j/log4j-api/2.19.0/ea1b37f38c327596b216542bc636cfdc0b8036fa/log4j-api-2.19.0.jar!/, jar:file:/C:/Users/ADMIN/.gradle/caches/modules-2/files-2.1/org.reactivestreams/reactive-streams/1.0.4/3864a1320d97d7b045f729a326e1e077661f31b7/reactive-streams-1.0.4.jar!/, jar:file:/C:/Users/ADMIN/.gradle/caches/modules-2/files-2.1/io.micrometer/micrometer-commons/1.10.4/a5db33c573c8755e70388f204e83000dc359b63d/micrometer-commons-1.10.4.jar!/, jar:file:/C:/Users/ADMIN/.gradle/caches/modules-2/files-2.1/net.minidev/accessors-smart/2.4.8/6e1bee5a530caba91893604d6ab41d0edcecca9a/accessors-smart-2.4.8.jar!/, jar:file:/C:/Users/ADMIN/.gradle/caches/modules-2/files-2.1/org.opentest4j/opentest4j/1.2.0/28c11eb91f9b6d8e200631d46e20a7f407f2a046/opentest4j-1.2.0.jar!/, jar:file:/C:/Users/ADMIN/.gradle/caches/modules-2/files-2.1/org.attoparser/attoparser/2.0.6.RELEASE/8f603f22a18d4f7258f8860ccbb68b069f49904a/attoparser-2.0.6.RELEASE.jar!/, jar:file:/C:/Users/ADMIN/.gradle/caches/modules-2/files-2.1/org.unbescape/unbescape/1.1.6.RELEASE/7b90360afb2b860e09e8347112800d12c12b2a13/unbescape-1.1.6.RELEASE.jar!/, jar:file:/C:/Users/ADMIN/.gradle/caches/modules-2/files-2.1/org.springframework.retry/spring-retry/2.0.0/6a7a653901b58eb741692417f33b5bebedbd01f7/spring-retry-2.0.0.jar!/, jar:file:/C:/Users/ADMIN/.gradle/caches/modules-2/files-2.1/org.ow2.asm/asm/9.1/a99500cf6eea30535eeac6be73899d048f8d12a8/asm-9.1.jar!/]
19:37:22.771 [Test worker] DEBUG com.tngtech.archunit.core.importer.JavaClassProcessor - Processing class 'com/home/eshopee/billing/payment/PaymentCollected'
19:37:22.771 [Test worker] DEBUG com.tngtech.archunit.core.importer.JavaClassProcessor - Processing class 'com/home/eshopee/billing/payment/listeners/OrderPlacedListener'
19:37:22.771 [Test worker] DEBUG com.tngtech.archunit.core.importer.JavaClassProcessor - Processing class 'com/home/eshopee/billing/payment/jdbc/PaymentJdbcConfig'
19:37:22.771 [Test worker] DEBUG com.tngtech.archunit.core.importer.JavaClassProcessor - Processing class 'com/home/eshopee/billing/payment/rest/PaymentController'
19:37:22.771 [Test worker] DEBUG com.tngtech.archunit.core.importer.JavaClassProcessor - Processing class 'com/home/eshopee/billing/payment/CollectPayment'
19:37:22.771 [Test worker] DEBUG com.tngtech.archunit.core.importer.JavaClassProcessor - Processing class 'com/home/eshopee/billing/payment/FindPayments'
19:37:22.772 [Test worker] DEBUG com.tngtech.archunit.core.importer.JavaClassProcessor - Processing class 'com/home/eshopee/billing/payment/Payment$PaymentAlreadyCollectedException'
19:37:22.772 [Test worker] DEBUG com.tngtech.archunit.core.importer.JavaClassProcessor - Processing class 'com/home/eshopee/billing/payment/Payment$PaymentAlreadyRequestedException'
19:37:22.772 [Test worker] DEBUG com.tngtech.archunit.core.importer.JavaClassProcessor - Processing class 'com/home/eshopee/billing/payment/Payment$PaymentNotRequestedYetException'
19:37:22.772 [Test worker] DEBUG com.tngtech.archunit.core.importer.JavaClassProcessor - Processing class 'com/home/eshopee/billing/payment/Payment'
19:37:22.772 [Test worker] DEBUG com.tngtech.archunit.core.importer.JavaClassProcessor - Processing class 'com/home/eshopee/billing/payment/PaymentId'
19:37:22.772 [Test worker] DEBUG com.tngtech.archunit.core.importer.JavaClassProcessor - Processing class 'com/home/eshopee/billing/payment/Payments'
19:37:22.772 [Test worker] DEBUG com.tngtech.archunit.core.importer.JavaClassProcessor - Processing class 'com/home/eshopee/billing/payment/ReferenceId'
19:37:22.772 [Test worker] DEBUG com.tngtech.archunit.core.importer.JavaClassProcessor - Processing class 'com/home/eshopee/billing/payment/jdbc/CollectPaymentJdbc'
19:37:22.772 [Test worker] DEBUG com.tngtech.archunit.core.importer.JavaClassProcessor - Processing class 'com/home/eshopee/billing/payment/jdbc/FindPaymentsJdbc'
19:37:22.772 [Test worker] DEBUG com.tngtech.archunit.core.importer.JavaClassProcessor - Processing class 'com/home/eshopee/billing/payment/jdbc/PaymentJdbc$Status'
19:37:22.772 [Test worker] DEBUG com.tngtech.archunit.core.importer.JavaClassProcessor - Processing class 'com/home/eshopee/billing/payment/jdbc/PaymentJdbc'
19:37:22.773 [Test worker] DEBUG com.tngtech.archunit.core.importer.JavaClassProcessor - Processing class 'com/home/eshopee/billing/payment/jdbc/PaymentsJdbc'
19:37:22.773 [Test worker] DEBUG com.tngtech.archunit.core.importer.DependencyResolutionProcess - Automatically resolving transitive class dependencies with the following configuration:
import.dependencyResolutionProcess.maxIterationsForMemberTypes = 1
import.dependencyResolutionProcess.maxIterationsForAccessesToTypes = 1
import.dependencyResolutionProcess.maxIterationsForSupertypes = -1
import.dependencyResolutionProcess.maxIterationsForEnclosingTypes = -1
import.dependencyResolutionProcess.maxIterationsForAnnotationTypes = -1
import.dependencyResolutionProcess.maxIterationsForGenericSignatureTypes = -1
19:37:22.773 [Test worker] DEBUG com.tngtech.archunit.core.importer.JavaClassProcessor - Processing class 'java/lang/Float'
19:37:22.773 [Test worker] DEBUG com.tngtech.archunit.core.importer.JavaClassProcessor - Processing class 'java/lang/IllegalStateException'
19:37:22.773 [Test worker] DEBUG com.tngtech.archunit.core.importer.JavaClassProcessor - Processing class 'org/slf4j/LoggerFactory'
19:37:22.773 [Test worker] DEBUG com.tngtech.archunit.core.importer.JavaClassProcessor - Processing class 'java/lang/Integer'
19:37:22.774 [Test worker] DEBUG com.tngtech.archunit.core.importer.JavaClassProcessor - Processing class 'com/home/eshopee/common/primitives/Money'
19:37:22.774 [Test worker] DEBUG com.tngtech.archunit.core.importer.JavaClassProcessor - Processing class 'java/math/BigDecimal'
19:37:22.775 [Test worker] DEBUG com.tngtech.archunit.core.importer.JavaClassProcessor - Processing class 'com/home/eshopee/sales/order/OrderPlaced'
19:37:22.775 [Test worker] DEBUG com.tngtech.archunit.core.importer.JavaClassProcessor - Processing class 'java/lang/Enum'
19:37:22.775 [Test worker] DEBUG com.tngtech.archunit.core.importer.JavaClassProcessor - Processing class 'java/util/Map'
19:37:22.775 [Test worker] DEBUG com.tngtech.archunit.core.importer.JavaClassProcessor - Processing class 'com/home/eshopee/common/events/EventPublisher'
19:37:22.776 [Test worker] DEBUG com.tngtech.archunit.core.importer.JavaClassProcessor - Processing class 'java/util/UUID'
19:37:22.776 [Test worker] DEBUG com.tngtech.archunit.core.importer.JavaClassProcessor - Processing class 'java/time/Instant'
19:37:22.776 [Test worker] DEBUG com.tngtech.archunit.core.importer.JavaClassProcessor - Processing class 'org/springframework/web/bind/annotation/RestController'
19:37:22.776 [Test worker] DEBUG com.tngtech.archunit.core.importer.JavaClassProcessor - Processing class 'java/util/stream/Collectors'
19:37:22.777 [Test worker] DEBUG com.tngtech.archunit.core.importer.JavaClassProcessor - Processing class 'org/springframework/context/annotation/Configuration'
19:37:22.777 [Test worker] DEBUG com.tngtech.archunit.core.importer.JavaClassProcessor - Processing class 'java/util/List'
19:37:22.777 [Test worker] DEBUG com.tngtech.archunit.core.importer.JavaClassProcessor - Processing class 'java/util/stream/Stream'
19:37:22.777 [Test worker] DEBUG com.tngtech.archunit.core.importer.JavaClassProcessor - Processing class 'org/springframework/scheduling/annotation/Async'
19:37:22.777 [Test worker] DEBUG com.tngtech.archunit.core.importer.JavaClassProcessor - Processing class 'org/springframework/web/bind/annotation/RequestMapping'
19:37:22.777 [Test worker] DEBUG com.tngtech.archunit.core.importer.JavaClassProcessor - Processing class 'org/springframework/jdbc/core/JdbcTemplate'
19:37:22.778 [Test worker] DEBUG com.tngtech.archunit.core.importer.JavaClassProcessor - Processing class 'java/util/ArrayList'
19:37:22.778 [Test worker] DEBUG com.tngtech.archunit.core.importer.JavaClassProcessor - Processing class 'org/springframework/transaction/annotation/Propagation'
19:37:22.778 [Test worker] DEBUG com.tngtech.archunit.core.importer.JavaClassProcessor - Processing class 'org/springframework/web/bind/annotation/GetMapping'
19:37:22.778 [Test worker] DEBUG com.tngtech.archunit.core.importer.JavaClassProcessor - Processing class 'java/lang/Boolean'
19:37:22.779 [Test worker] DEBUG com.tngtech.archunit.core.importer.JavaClassProcessor - Processing class 'com/home/eshopee/common/events/DomainEvent'
19:37:22.779 [Test worker] DEBUG com.tngtech.archunit.core.importer.JavaClassProcessor - Processing class 'java/lang/String'
19:37:22.779 [Test worker] DEBUG com.tngtech.archunit.core.importer.JavaClassProcessor - Processing class 'org/slf4j/Logger'
19:37:22.780 [Test worker] DEBUG com.tngtech.archunit.core.importer.JavaClassProcessor - Processing class 'org/springframework/transaction/event/TransactionalEventListener'
19:37:22.780 [Test worker] DEBUG com.tngtech.archunit.core.importer.JavaClassProcessor - Processing class 'java/lang/IllegalArgumentException'
19:37:22.780 [Test worker] DEBUG com.tngtech.archunit.core.importer.JavaClassProcessor - Processing class 'org/springframework/stereotype/Component'
19:37:22.780 [Test worker] DEBUG com.tngtech.archunit.core.importer.JavaClassProcessor - Processing class 'java/lang/Object'
19:37:22.780 [Test worker] DEBUG com.tngtech.archunit.core.importer.JavaClassProcessor - Processing class 'org/springframework/context/annotation/Bean'
19:37:22.780 [Test worker] DEBUG com.tngtech.archunit.core.importer.JavaClassProcessor - Processing class 'org/springframework/transaction/annotation/Transactional'
19:37:22.781 [Test worker] DEBUG com.tngtech.archunit.core.importer.JavaClassProcessor - Processing class 'org/springframework/jdbc/core/JdbcOperations'
19:37:22.781 [Test worker] DEBUG com.tngtech.archunit.core.importer.JavaClassProcessor - Processing class 'java/net/URL'
19:37:22.781 [Test worker] DEBUG com.tngtech.archunit.core.importer.JavaClassProcessor - Processing class 'java/util/function/IntConsumer'
19:37:22.781 [Test worker] DEBUG com.tngtech.archunit.core.importer.JavaClassProcessor - Processing class 'org/springframework/jdbc/support/JdbcAccessor'
19:37:22.781 [Test worker] DEBUG com.tngtech.archunit.core.importer.JavaClassProcessor - Processing class 'org/springframework/jdbc/core/SqlParameter'
19:37:22.781 [Test worker] DEBUG com.tngtech.archunit.core.importer.JavaClassProcessor - Processing class 'java/lang/annotation/Inherited'
19:37:22.781 [Test worker] DEBUG com.tngtech.archunit.core.importer.JavaClassProcessor - Processing class 'java/util/AbstractList'
19:37:22.781 [Test worker] DEBUG com.tngtech.archunit.core.importer.JavaClassProcessor - Processing class 'org/slf4j/helpers/CheckReturnValue'
19:37:22.782 [Test worker] DEBUG com.tngtech.archunit.core.importer.JavaClassProcessor - Processing class 'java/util/DoubleSummaryStatistics'
19:37:22.782 [Test worker] DEBUG com.tngtech.archunit.core.importer.JavaClassProcessor - Processing class 'java/util/function/DoubleConsumer'
19:37:22.782 [Test worker] DEBUG com.tngtech.archunit.core.importer.JavaClassProcessor - Processing class 'java/lang/Enum$EnumDesc'
19:37:22.782 [Test worker] DEBUG com.tngtech.archunit.core.importer.JavaClassProcessor - Processing class 'java/lang/Long'
19:37:22.782 [Test worker] DEBUG com.tngtech.archunit.core.importer.JavaClassProcessor - Processing class 'org/springframework/transaction/event/TransactionPhase'
19:37:22.782 [Test worker] DEBUG com.tngtech.archunit.core.importer.JavaClassProcessor - Processing class 'java/lang/annotation/Documented'
19:37:22.782 [Test worker] DEBUG com.tngtech.archunit.core.importer.JavaClassProcessor - Processing class 'org/springframework/web/bind/annotation/ControllerMappingReflectiveProcessor'
19:37:22.782 [Test worker] DEBUG com.tngtech.archunit.core.importer.JavaClassProcessor - Processing class 'java/lang/Cloneable'
19:37:22.782 [Test worker] DEBUG com.tngtech.archunit.core.importer.JavaClassProcessor - Processing class 'org/springframework/aot/hint/annotation/Reflective'
19:37:22.782 [Test worker] DEBUG com.tngtech.archunit.core.importer.JavaClassProcessor - Processing class 'jdk/internal/vm/annotation/ForceInline'
19:37:22.782 [Test worker] DEBUG com.tngtech.archunit.core.importer.JavaClassProcessor - Processing class 'java/lang/CharSequence'
19:37:22.782 [Test worker] DEBUG com.tngtech.archunit.core.importer.JavaClassProcessor - Processing class 'java/util/Collection'
19:37:22.782 [Test worker] DEBUG com.tngtech.archunit.core.importer.JavaClassProcessor - Processing class 'java/util/Set'
19:37:22.783 [Test worker] DEBUG com.tngtech.archunit.core.importer.JavaClassProcessor - Processing class 'org/springframework/web/bind/annotation/RequestMethod'
19:37:22.783 [Test worker] DEBUG com.tngtech.archunit.core.importer.JavaClassProcessor - Processing class 'org/springframework/context/event/EventListener'
19:37:22.783 [Test worker] DEBUG com.tngtech.archunit.core.importer.JavaClassProcessor - Processing class 'java/io/Serializable'
19:37:22.783 [Test worker] DEBUG com.tngtech.archunit.core.importer.JavaClassProcessor - Processing class 'java/util/stream/DoubleStream'
19:37:22.783 [Test worker] DEBUG com.tngtech.archunit.core.importer.JavaClassProcessor - Processing class 'java/lang/constant/DynamicConstantDesc'
19:37:22.783 [Test worker] DEBUG com.tngtech.archunit.core.importer.JavaClassProcessor - Processing class 'org/slf4j/spi/SLF4JServiceProvider'
19:37:22.783 [Test worker] DEBUG com.tngtech.archunit.core.importer.JavaClassProcessor - Processing class 'java/lang/annotation/Annotation'
19:37:22.783 [Test worker] DEBUG com.tngtech.archunit.core.importer.JavaClassProcessor - Processing class 'java/util/Optional'
19:37:22.783 [Test worker] DEBUG com.tngtech.archunit.core.importer.JavaClassProcessor - Processing class 'jdk/internal/ValueBased'
19:37:22.783 [Test worker] DEBUG com.tngtech.archunit.core.importer.JavaClassProcessor - Processing class 'java/time/temporal/Temporal'
19:37:22.784 [Test worker] DEBUG com.tngtech.archunit.core.importer.JavaClassProcessor - Processing class 'org/springframework/transaction/annotation/Isolation'
19:37:22.784 [Test worker] DEBUG com.tngtech.archunit.core.importer.JavaClassProcessor - Processing class 'java/util/stream/IntStream'
19:37:22.784 [Test worker] DEBUG com.tngtech.archunit.core.importer.JavaClassProcessor - Processing class 'java/lang/Throwable'
19:37:22.784 [Test worker] DEBUG com.tngtech.archunit.core.importer.JavaClassProcessor - Processing class 'java/lang/Double'
19:37:22.784 [Test worker] DEBUG com.tngtech.archunit.core.importer.JavaClassProcessor - Processing class 'org/springframework/stereotype/Controller'
19:37:22.784 [Test worker] DEBUG com.tngtech.archunit.core.importer.JavaClassProcessor - Processing class 'java/lang/annotation/Retention'
19:37:22.784 [Test worker] DEBUG com.tngtech.archunit.core.importer.JavaClassProcessor - Processing class 'java/util/concurrent/ConcurrentMap'
19:37:22.784 [Test worker] DEBUG com.tngtech.archunit.core.importer.JavaClassProcessor - Processing class 'java/util/RandomAccess'
19:37:22.784 [Test worker] DEBUG com.tngtech.archunit.core.importer.JavaClassProcessor - Processing class 'java/lang/constant/ConstantDesc'
19:37:22.784 [Test worker] DEBUG com.tngtech.archunit.core.importer.JavaClassProcessor - Processing class 'org/springframework/lang/Nullable'
19:37:22.784 [Test worker] DEBUG com.tngtech.archunit.core.importer.JavaClassProcessor - Processing class 'org/springframework/stereotype/Indexed'
19:37:22.784 [Test worker] DEBUG com.tngtech.archunit.core.importer.JavaClassProcessor - Processing class 'java/lang/Number'
19:37:22.784 [Test worker] DEBUG com.tngtech.archunit.core.importer.JavaClassProcessor - Processing class 'java/util/LongSummaryStatistics'
19:37:22.785 [Test worker] DEBUG com.tngtech.archunit.core.importer.JavaClassProcessor - Processing class 'org/springframework/core/annotation/AliasFor'
19:37:22.785 [Test worker] DEBUG com.tngtech.archunit.core.importer.JavaClassProcessor - Processing class 'java/util/Map$Entry'
19:37:22.785 [Test worker] DEBUG com.tngtech.archunit.core.importer.JavaClassProcessor - Processing class 'java/lang/SafeVarargs'
19:37:22.785 [Test worker] DEBUG com.tngtech.archunit.core.importer.JavaClassProcessor - Processing class 'jdk/internal/vm/annotation/IntrinsicCandidate'
19:37:22.785 [Test worker] DEBUG com.tngtech.archunit.core.importer.JavaClassProcessor - Processing class 'java/util/stream/LongStream'
19:37:22.785 [Test worker] DEBUG com.tngtech.archunit.core.importer.JavaClassProcessor - Processing class 'jdk/internal/vm/annotation/Stable'
19:37:22.785 [Test worker] DEBUG com.tngtech.archunit.core.importer.JavaClassProcessor - Processing class 'java/lang/Deprecated'
19:37:22.785 [Test worker] DEBUG com.tngtech.archunit.core.importer.JavaClassProcessor - Processing class 'java/lang/annotation/Target'
19:37:22.785 [Test worker] DEBUG com.tngtech.archunit.core.importer.JavaClassProcessor - Processing class 'java/lang/RuntimeException'
19:37:22.785 [Test worker] DEBUG com.tngtech.archunit.core.importer.JavaClassProcessor - Processing class 'java/lang/annotation/ElementType'
19:37:22.785 [Test worker] DEBUG com.tngtech.archunit.core.importer.JavaClassProcessor - Processing class 'org/springframework/web/bind/annotation/ResponseBody'
19:37:22.785 [Test worker] DEBUG com.tngtech.archunit.core.importer.JavaClassProcessor - Processing class 'java/util/stream/Collector$Characteristics'
19:37:22.785 [Test worker] DEBUG com.tngtech.archunit.core.importer.JavaClassProcessor - Processing class 'java/util/function/LongConsumer'
19:37:22.785 [Test worker] DEBUG com.tngtech.archunit.core.importer.JavaClassProcessor - Processing class 'java/util/function/Consumer'
19:37:22.785 [Test worker] DEBUG com.tngtech.archunit.core.importer.JavaClassProcessor - Processing class 'java/lang/constant/Constable'
19:37:22.785 [Test worker] DEBUG com.tngtech.archunit.core.importer.JavaClassProcessor - Processing class 'java/util/stream/BaseStream'
19:37:22.785 [Test worker] DEBUG com.tngtech.archunit.core.importer.JavaClassProcessor - Processing class 'java/lang/Comparable'
19:37:22.785 [Test worker] DEBUG com.tngtech.archunit.core.importer.JavaClassProcessor - Processing class 'java/util/IntSummaryStatistics'
19:37:22.785 [Test worker] DEBUG com.tngtech.archunit.core.importer.JavaClassProcessor - Processing class 'java/time/temporal/TemporalAdjuster'
19:37:22.785 [Test worker] DEBUG com.tngtech.archunit.core.importer.JavaClassProcessor - Processing class 'java/lang/annotation/RetentionPolicy'
19:37:22.785 [Test worker] DEBUG com.tngtech.archunit.core.importer.JavaClassProcessor - Processing class 'org/springframework/web/bind/annotation/Mapping'
19:37:22.786 [Test worker] DEBUG com.tngtech.archunit.core.importer.JavaClassProcessor - Processing class 'java/lang/AutoCloseable'
19:37:22.786 [Test worker] DEBUG com.tngtech.archunit.core.importer.JavaClassProcessor - Processing class 'java/util/AbstractCollection'
19:37:22.786 [Test worker] DEBUG com.tngtech.archunit.core.importer.JavaClassProcessor - Processing class 'org/springframework/aot/hint/annotation/ReflectiveProcessor'
19:37:22.786 [Test worker] DEBUG com.tngtech.archunit.core.importer.JavaClassProcessor - Processing class 'java/util/stream/Collector'
19:37:22.786 [Test worker] DEBUG com.tngtech.archunit.core.importer.JavaClassProcessor - Processing class 'java/lang/Exception'
19:37:22.786 [Test worker] DEBUG com.tngtech.archunit.core.importer.JavaClassProcessor - Processing class 'java/net/URLStreamHandler'
19:37:22.786 [Test worker] DEBUG com.tngtech.archunit.core.importer.JavaClassProcessor - Processing class 'org/springframework/aot/hint/annotation/SimpleReflectiveProcessor'
19:37:22.786 [Test worker] DEBUG com.tngtech.archunit.core.importer.JavaClassProcessor - Processing class 'org/springframework/beans/factory/InitializingBean'
19:37:22.786 [Test worker] DEBUG com.tngtech.archunit.core.importer.JavaClassProcessor - Processing class 'java/lang/Iterable'
19:37:22.786 [Test worker] DEBUG com.tngtech.archunit.core.importer.JavaClassProcessor - Processing class 'java/time/temporal/TemporalAccessor'
19:37:22.786 [Test worker] DEBUG com.tngtech.archunit.core.importer.JavaClassProcessor - Processing class 'java/lang/FunctionalInterface'
19:37:22.787 [Test worker] DEBUG com.tngtech.archunit.core.importer.JavaClassProcessor - Processing class 'java/net/spi/URLStreamHandlerProvider'
19:37:22.787 [Test worker] DEBUG com.tngtech.archunit.core.importer.JavaClassProcessor - Processing class 'java/net/URLStreamHandlerFactory'
19:37:22.788 [Test worker] DEBUG com.tngtech.archunit.core.importer.JavaClassProcessor - Processing class 'java/lang/Class'
19:37:22.788 [Test worker] DEBUG com.tngtech.archunit.core.importer.JavaClassProcessor - Processing class 'java/util/Spliterator$OfInt'
19:37:22.788 [Test worker] DEBUG com.tngtech.archunit.core.importer.JavaClassProcessor - Processing class 'java/lang/NumberFormatException'
19:37:22.789 [Test worker] DEBUG com.tngtech.archunit.core.importer.JavaClassProcessor - Processing class 'java/lang/invoke/MethodHandles$Lookup'
19:37:22.789 [Test worker] DEBUG com.tngtech.archunit.core.importer.JavaClassProcessor - Processing class 'java/lang/ReflectiveOperationException'
19:37:22.789 [Test worker] DEBUG com.tngtech.archunit.core.importer.JavaClassProcessor - Processing class 'java/lang/CloneNotSupportedException'
19:37:22.789 [Test worker] DEBUG com.tngtech.archunit.core.importer.JavaClassProcessor - Processing class 'java/io/ObjectInputStream'
19:37:22.790 [Test worker] DEBUG com.tngtech.archunit.core.importer.JavaClassProcessor - Processing class 'java/io/IOException'
19:37:22.790 [Test worker] DEBUG com.tngtech.archunit.core.importer.JavaClassProcessor - Processing class 'java/lang/ClassNotFoundException'
19:37:22.790 [Test worker] DEBUG com.tngtech.archunit.core.importer.JavaClassProcessor - Processing class 'java/io/ObjectStreamException'
19:37:22.790 [Test worker] DEBUG com.tngtech.archunit.core.importer.JavaClassProcessor - Processing class 'java/lang/constant/ClassDesc'
19:37:22.790 [Test worker] DEBUG com.tngtech.archunit.core.importer.JavaClassProcessor - Processing class 'java/util/Iterator'
19:37:22.790 [Test worker] DEBUG com.tngtech.archunit.core.importer.JavaClassProcessor - Processing class 'java/util/Spliterator'
19:37:22.790 [Test worker] DEBUG com.tngtech.archunit.core.importer.JavaClassProcessor - Processing class 'java/math/BigInteger'
19:37:22.791 [Test worker] DEBUG com.tngtech.archunit.core.importer.JavaClassProcessor - Processing class 'java/lang/InterruptedException'
19:37:22.791 [Test worker] DEBUG com.tngtech.archunit.core.importer.JavaClassProcessor - Processing class 'java/io/ObjectStreamField'
19:37:22.791 [Test worker] DEBUG com.tngtech.archunit.core.importer.JavaClassProcessor - Processing class 'java/util/Comparator'
19:37:22.791 [Test worker] DEBUG com.tngtech.archunit.core.importer.JavaClassProcessor - Processing class 'java/lang/Void'
19:37:22.792 [Test worker] DEBUG com.tngtech.archunit.core.importer.JavaClassProcessor - Processing class 'java/nio/charset/Charset'
19:37:22.792 [Test worker] DEBUG com.tngtech.archunit.core.importer.JavaClassProcessor - Processing class 'java/nio/charset/MalformedInputException'
19:37:22.792 [Test worker] DEBUG com.tngtech.archunit.core.importer.JavaClassProcessor - Processing class 'java/nio/charset/CharacterCodingException'
19:37:22.792 [Test worker] DEBUG com.tngtech.archunit.core.importer.JavaClassProcessor - Processing class 'sun/nio/cs/ArrayDecoder'
19:37:22.792 [Test worker] DEBUG com.tngtech.archunit.core.importer.JavaClassProcessor - Processing class 'java/io/UnsupportedEncodingException'
19:37:22.792 [Test worker] DEBUG com.tngtech.archunit.core.importer.JavaClassProcessor - Processing class 'sun/nio/cs/ArrayEncoder'
19:37:22.792 [Test worker] DEBUG com.tngtech.archunit.core.importer.JavaClassProcessor - Processing class 'java/nio/charset/UnmappableCharacterException'
19:37:22.792 [Test worker] DEBUG com.tngtech.archunit.core.importer.JavaClassProcessor - Processing class 'java/nio/charset/CharsetDecoder'
19:37:22.792 [Test worker] DEBUG com.tngtech.archunit.core.importer.JavaClassProcessor - Processing class 'java/lang/StringBuffer'
19:37:22.792 [Test worker] DEBUG com.tngtech.archunit.core.importer.JavaClassProcessor - Processing class 'java/lang/AbstractStringBuilder'
19:37:22.793 [Test worker] DEBUG com.tngtech.archunit.core.importer.JavaClassProcessor - Processing class 'java/util/Locale'
19:37:22.793 [Test worker] DEBUG com.tngtech.archunit.core.importer.JavaClassProcessor - Processing class 'java/util/function/Function'
19:37:22.793 [Test worker] DEBUG com.tngtech.archunit.core.importer.JavaClassProcessor - Processing class 'java/lang/StringBuilder'
19:37:22.794 [Test worker] DEBUG com.tngtech.archunit.core.importer.JavaClassProcessor - Processing class 'java/lang/StackTraceElement'
19:37:22.794 [Test worker] DEBUG com.tngtech.archunit.core.importer.JavaClassProcessor - Processing class 'java/io/PrintStream'
19:37:22.794 [Test worker] DEBUG com.tngtech.archunit.core.importer.JavaClassProcessor - Processing class 'java/lang/Throwable$PrintStreamOrWriter'
19:37:22.794 [Test worker] DEBUG com.tngtech.archunit.core.importer.JavaClassProcessor - Processing class 'java/io/PrintWriter'
19:37:22.794 [Test worker] DEBUG com.tngtech.archunit.core.importer.JavaClassProcessor - Processing class 'java/io/ObjectOutputStream'
19:37:22.795 [Test worker] DEBUG com.tngtech.archunit.core.importer.JavaClassProcessor - Processing class 'java/lang/constant/DirectMethodHandleDesc'
19:37:22.795 [Test worker] DEBUG com.tngtech.archunit.core.importer.JavaClassProcessor - Processing class 'java/math/MathContext'
19:37:22.795 [Test worker] DEBUG com.tngtech.archunit.core.importer.JavaClassProcessor - Processing class 'java/math/RoundingMode'
19:37:22.795 [Test worker] DEBUG com.tngtech.archunit.core.importer.JavaClassProcessor - Processing class 'java/math/MutableBigInteger'
19:37:22.796 [Test worker] DEBUG com.tngtech.archunit.core.importer.JavaClassProcessor - Processing class 'java/net/InetAddress'
19:37:22.796 [Test worker] DEBUG com.tngtech.archunit.core.importer.JavaClassProcessor - Processing class 'java/net/UrlDeserializedState'
19:37:22.796 [Test worker] DEBUG com.tngtech.archunit.core.importer.JavaClassProcessor - Processing class 'java/lang/ThreadLocal'
19:37:22.796 [Test worker] DEBUG com.tngtech.archunit.core.importer.JavaClassProcessor - Processing class 'java/util/Hashtable'
19:37:22.796 [Test worker] DEBUG com.tngtech.archunit.core.importer.JavaClassProcessor - Processing class 'java/net/URI'
19:37:22.797 [Test worker] DEBUG com.tngtech.archunit.core.importer.JavaClassProcessor - Processing class 'java/net/MalformedURLException'
19:37:22.797 [Test worker] DEBUG com.tngtech.archunit.core.importer.JavaClassProcessor - Processing class 'java/lang/SecurityManager'
19:37:22.797 [Test worker] DEBUG com.tngtech.archunit.core.importer.JavaClassProcessor - Processing class 'java/net/URISyntaxException'
19:37:22.797 [Test worker] DEBUG com.tngtech.archunit.core.importer.JavaClassProcessor - Processing class 'java/net/URLConnection'
19:37:22.797 [Test worker] DEBUG com.tngtech.archunit.core.importer.JavaClassProcessor - Processing class 'java/net/Proxy'
19:37:22.797 [Test worker] DEBUG com.tngtech.archunit.core.importer.JavaClassProcessor - Processing class 'java/io/InputStream'
19:37:22.797 [Test worker] DEBUG com.tngtech.archunit.core.importer.JavaClassProcessor - Processing class 'java/io/InvalidObjectException'
19:37:22.797 [Test worker] DEBUG com.tngtech.archunit.core.importer.JavaClassProcessor - Processing class 'sun/net/www/protocol/jar/Handler'
19:37:22.798 [Test worker] DEBUG com.tngtech.archunit.core.importer.JavaClassProcessor - Processing class 'java/time/Clock'
19:37:22.798 [Test worker] DEBUG com.tngtech.archunit.core.importer.JavaClassProcessor - Processing class 'java/time/temporal/TemporalField'
19:37:22.798 [Test worker] DEBUG com.tngtech.archunit.core.importer.JavaClassProcessor - Processing class 'java/time/temporal/ChronoField'
19:37:22.798 [Test worker] DEBUG com.tngtech.archunit.core.importer.JavaClassProcessor - Processing class 'java/time/temporal/TemporalUnit'
19:37:22.798 [Test worker] DEBUG com.tngtech.archunit.core.importer.JavaClassProcessor - Processing class 'java/time/temporal/ChronoUnit'
19:37:22.798 [Test worker] DEBUG com.tngtech.archunit.core.importer.JavaClassProcessor - Processing class 'java/time/temporal/ValueRange'
19:37:22.798 [Test worker] DEBUG com.tngtech.archunit.core.importer.JavaClassProcessor - Processing class 'java/time/temporal/TemporalAmount'
19:37:22.798 [Test worker] DEBUG com.tngtech.archunit.core.importer.JavaClassProcessor - Processing class 'java/time/temporal/TemporalQuery'
19:37:22.806 [Test worker] DEBUG com.tngtech.archunit.core.importer.JavaClassProcessor - Processing class 'java/time/OffsetDateTime'
19:37:22.806 [Test worker] DEBUG com.tngtech.archunit.core.importer.JavaClassProcessor - Processing class 'java/time/ZoneOffset'
19:37:22.807 [Test worker] DEBUG com.tngtech.archunit.core.importer.JavaClassProcessor - Processing class 'java/time/ZonedDateTime'
19:37:22.807 [Test worker] DEBUG com.tngtech.archunit.core.importer.JavaClassProcessor - Processing class 'java/time/ZoneId'
19:37:22.807 [Test worker] DEBUG com.tngtech.archunit.core.importer.JavaClassProcessor - Processing class 'java/io/DataOutput'
19:37:22.807 [Test worker] DEBUG com.tngtech.archunit.core.importer.JavaClassProcessor - Processing class 'java/io/DataInput'
19:37:22.808 [Test worker] DEBUG com.tngtech.archunit.core.importer.JavaClassProcessor - Processing class 'java/util/ListIterator'
19:37:22.808 [Test worker] DEBUG com.tngtech.archunit.core.importer.JavaClassProcessor - Processing class 'java/util/function/Predicate'
19:37:22.808 [Test worker] DEBUG com.tngtech.archunit.core.importer.JavaClassProcessor - Processing class 'java/util/function/UnaryOperator'
19:37:22.808 [Test worker] DEBUG com.tngtech.archunit.core.importer.JavaClassProcessor - Processing class 'java/util/function/IntFunction'
19:37:22.808 [Test worker] DEBUG com.tngtech.archunit.core.importer.JavaClassProcessor - Processing class 'java/util/function/BiConsumer'
19:37:22.809 [Test worker] DEBUG com.tngtech.archunit.core.importer.JavaClassProcessor - Processing class 'java/util/function/BiFunction'
19:37:22.809 [Test worker] DEBUG com.tngtech.archunit.core.importer.JavaClassProcessor - Processing class 'java/util/ImmutableCollections$AbstractImmutableMap'
19:37:22.809 [Test worker] DEBUG com.tngtech.archunit.core.importer.JavaClassProcessor - Processing class 'java/util/KeyValueHolder'
19:37:22.809 [Test worker] DEBUG com.tngtech.archunit.core.importer.JavaClassProcessor - Processing class 'java/lang/invoke/SerializedLambda'
19:37:22.809 [Test worker] DEBUG com.tngtech.archunit.core.importer.JavaClassProcessor - Processing class 'java/lang/Runnable'
19:37:22.810 [Test worker] DEBUG com.tngtech.archunit.core.importer.JavaClassProcessor - Processing class 'java/util/function/Supplier'
19:37:22.810 [Test worker] DEBUG com.tngtech.archunit.core.importer.JavaClassProcessor - Processing class 'java/util/ImmutableCollections$AbstractImmutableSet'
19:37:22.810 [Test worker] DEBUG com.tngtech.archunit.core.importer.JavaClassProcessor - Processing class 'jdk/internal/access/JavaLangAccess'
19:37:22.810 [Test worker] DEBUG com.tngtech.archunit.core.importer.JavaClassProcessor - Processing class 'java/util/function/BinaryOperator'
19:37:22.811 [Test worker] DEBUG com.tngtech.archunit.core.importer.JavaClassProcessor - Processing class 'java/util/function/ToIntFunction'
19:37:22.811 [Test worker] DEBUG com.tngtech.archunit.core.importer.JavaClassProcessor - Processing class 'java/util/function/ToLongFunction'
19:37:22.811 [Test worker] DEBUG com.tngtech.archunit.core.importer.JavaClassProcessor - Processing class 'java/util/function/ToDoubleFunction'
19:37:22.811 [Test worker] DEBUG com.tngtech.archunit.core.importer.JavaClassProcessor - Processing class 'java/util/stream/Collectors$1PairBox'
19:37:22.811 [Test worker] DEBUG com.tngtech.archunit.core.importer.JavaClassProcessor - Processing class 'java/util/HashMap'
19:37:22.811 [Test worker] DEBUG com.tngtech.archunit.core.importer.JavaClassProcessor - Processing class 'java/util/stream/Collectors$Partition'
19:37:22.811 [Test worker] DEBUG com.tngtech.archunit.core.importer.JavaClassProcessor - Processing class 'java/util/stream/Collectors$1OptionalBox'
19:37:22.811 [Test worker] DEBUG com.tngtech.archunit.core.importer.JavaClassProcessor - Processing class 'java/util/StringJoiner'
19:37:22.811 [Test worker] DEBUG com.tngtech.archunit.core.importer.JavaClassProcessor - Processing class 'java/util/HashSet'
19:37:22.812 [Test worker] DEBUG com.tngtech.archunit.core.importer.JavaClassProcessor - Processing class 'java/util/function/DoublePredicate'
19:37:22.812 [Test worker] DEBUG com.tngtech.archunit.core.importer.JavaClassProcessor - Processing class 'java/util/function/DoubleUnaryOperator'
19:37:22.812 [Test worker] DEBUG com.tngtech.archunit.core.importer.JavaClassProcessor - Processing class 'java/util/function/DoubleFunction'
19:37:22.812 [Test worker] DEBUG com.tngtech.archunit.core.importer.JavaClassProcessor - Processing class 'java/util/function/DoubleToIntFunction'
19:37:22.812 [Test worker] DEBUG com.tngtech.archunit.core.importer.JavaClassProcessor - Processing class 'java/util/function/DoubleToLongFunction'
19:37:22.812 [Test worker] DEBUG com.tngtech.archunit.core.importer.JavaClassProcessor - Processing class 'java/util/stream/DoubleStream$DoubleMapMultiConsumer'
19:37:22.812 [Test worker] DEBUG com.tngtech.archunit.core.importer.JavaClassProcessor - Processing class 'java/util/function/DoubleBinaryOperator'
19:37:22.812 [Test worker] DEBUG com.tngtech.archunit.core.importer.JavaClassProcessor - Processing class 'java/util/OptionalDouble'
19:37:22.812 [Test worker] DEBUG com.tngtech.archunit.core.importer.JavaClassProcessor - Processing class 'java/util/function/ObjDoubleConsumer'
19:37:22.812 [Test worker] DEBUG com.tngtech.archunit.core.importer.JavaClassProcessor - Processing class 'java/util/PrimitiveIterator$OfDouble'
19:37:22.812 [Test worker] DEBUG com.tngtech.archunit.core.importer.JavaClassProcessor - Processing class 'java/util/Spliterator$OfDouble'
19:37:22.812 [Test worker] DEBUG com.tngtech.archunit.core.importer.JavaClassProcessor - Processing class 'java/util/stream/DoubleStream$Builder'
19:37:22.812 [Test worker] DEBUG com.tngtech.archunit.core.importer.JavaClassProcessor - Processing class 'java/util/function/DoubleSupplier'
19:37:22.812 [Test worker] DEBUG com.tngtech.archunit.core.importer.JavaClassProcessor - Processing class 'java/util/function/IntPredicate'
19:37:22.812 [Test worker] DEBUG com.tngtech.archunit.core.importer.JavaClassProcessor - Processing class 'java/util/function/IntUnaryOperator'
19:37:22.812 [Test worker] DEBUG com.tngtech.archunit.core.importer.JavaClassProcessor - Processing class 'java/util/function/IntToLongFunction'
19:37:22.812 [Test worker] DEBUG com.tngtech.archunit.core.importer.JavaClassProcessor - Processing class 'java/util/function/IntToDoubleFunction'
19:37:22.812 [Test worker] DEBUG com.tngtech.archunit.core.importer.JavaClassProcessor - Processing class 'java/util/stream/IntStream$IntMapMultiConsumer'
19:37:22.812 [Test worker] DEBUG com.tngtech.archunit.core.importer.JavaClassProcessor - Processing class 'java/util/function/IntBinaryOperator'
19:37:22.812 [Test worker] DEBUG com.tngtech.archunit.core.importer.JavaClassProcessor - Processing class 'java/util/OptionalInt'
19:37:22.812 [Test worker] DEBUG com.tngtech.archunit.core.importer.JavaClassProcessor - Processing class 'java/util/function/ObjIntConsumer'
19:37:22.812 [Test worker] DEBUG com.tngtech.archunit.core.importer.JavaClassProcessor - Processing class 'java/util/PrimitiveIterator$OfInt'
19:37:22.812 [Test worker] DEBUG com.tngtech.archunit.core.importer.JavaClassProcessor - Processing class 'java/util/stream/IntStream$Builder'
19:37:22.812 [Test worker] DEBUG com.tngtech.archunit.core.importer.JavaClassProcessor - Processing class 'java/util/function/IntSupplier'
19:37:22.812 [Test worker] DEBUG com.tngtech.archunit.core.importer.JavaClassProcessor - Processing class 'java/util/function/LongPredicate'
19:37:22.812 [Test worker] DEBUG com.tngtech.archunit.core.importer.JavaClassProcessor - Processing class 'java/util/function/LongUnaryOperator'
19:37:22.813 [Test worker] DEBUG com.tngtech.archunit.core.importer.JavaClassProcessor - Processing class 'java/util/function/LongFunction'
19:37:22.813 [Test worker] DEBUG com.tngtech.archunit.core.importer.JavaClassProcessor - Processing class 'java/util/function/LongToIntFunction'
19:37:22.813 [Test worker] DEBUG com.tngtech.archunit.core.importer.JavaClassProcessor - Processing class 'java/util/function/LongToDoubleFunction'
19:37:22.813 [Test worker] DEBUG com.tngtech.archunit.core.importer.JavaClassProcessor - Processing class 'java/util/stream/LongStream$LongMapMultiConsumer'
19:37:22.813 [Test worker] DEBUG com.tngtech.archunit.core.importer.JavaClassProcessor - Processing class 'java/util/function/LongBinaryOperator'
19:37:22.813 [Test worker] DEBUG com.tngtech.archunit.core.importer.JavaClassProcessor - Processing class 'java/util/OptionalLong'
19:37:22.813 [Test worker] DEBUG com.tngtech.archunit.core.importer.JavaClassProcessor - Processing class 'java/util/function/ObjLongConsumer'
19:37:22.813 [Test worker] DEBUG com.tngtech.archunit.core.importer.JavaClassProcessor - Processing class 'java/util/PrimitiveIterator$OfLong'
19:37:22.813 [Test worker] DEBUG com.tngtech.archunit.core.importer.JavaClassProcessor - Processing class 'java/util/Spliterator$OfLong'
19:37:22.813 [Test worker] DEBUG com.tngtech.archunit.core.importer.JavaClassProcessor - Processing class 'java/util/stream/LongStream$Builder'
19:37:22.813 [Test worker] DEBUG com.tngtech.archunit.core.importer.JavaClassProcessor - Processing class 'java/util/function/LongSupplier'
19:37:22.813 [Test worker] DEBUG com.tngtech.archunit.core.importer.JavaClassProcessor - Processing class 'java/util/stream/Stream$Builder'
19:37:22.813 [Test worker] DEBUG com.tngtech.archunit.core.importer.JavaClassProcessor - Processing class 'org/slf4j/spi/LoggingEventBuilder'
19:37:22.813 [Test worker] DEBUG com.tngtech.archunit.core.importer.JavaClassProcessor - Processing class 'org/slf4j/event/Level'
19:37:22.814 [Test worker] DEBUG com.tngtech.archunit.core.importer.JavaClassProcessor - Processing class 'org/slf4j/Marker'
19:37:22.814 [Test worker] DEBUG com.tngtech.archunit.core.importer.JavaClassProcessor - Processing class 'org/slf4j/helpers/SubstituteServiceProvider'
19:37:22.814 [Test worker] DEBUG com.tngtech.archunit.core.importer.JavaClassProcessor - Processing class 'org/slf4j/helpers/NOP_FallbackServiceProvider'
19:37:22.814 [Test worker] DEBUG com.tngtech.archunit.core.importer.JavaClassProcessor - Processing class 'java/util/ServiceLoader'
19:37:22.814 [Test worker] DEBUG com.tngtech.archunit.core.importer.JavaClassProcessor - Processing class 'java/lang/ClassLoader'
19:37:22.815 [Test worker] DEBUG com.tngtech.archunit.core.importer.JavaClassProcessor - Processing class 'org/slf4j/event/SubstituteLoggingEvent'
19:37:22.815 [Test worker] DEBUG com.tngtech.archunit.core.importer.JavaClassProcessor - Processing class 'org/slf4j/ILoggerFactory'
19:37:22.815 [Test worker] DEBUG com.tngtech.archunit.core.importer.JavaClassProcessor - Processing class 'org/slf4j/IMarkerFactory'
19:37:22.815 [Test worker] DEBUG com.tngtech.archunit.core.importer.JavaClassProcessor - Processing class 'org/slf4j/spi/MDCAdapter'
19:37:22.815 [Test worker] DEBUG com.tngtech.archunit.core.importer.JavaClassProcessor - Processing class 'org/springframework/aot/hint/ReflectionHints'
19:37:22.815 [Test worker] DEBUG com.tngtech.archunit.core.importer.JavaClassProcessor - Processing class 'java/lang/reflect/AnnotatedElement'
19:37:22.816 [Test worker] DEBUG com.tngtech.archunit.core.importer.JavaClassProcessor - Processing class 'java/lang/reflect/Constructor'
19:37:22.816 [Test worker] DEBUG com.tngtech.archunit.core.importer.JavaClassProcessor - Processing class 'java/lang/reflect/Field'
19:37:22.816 [Test worker] DEBUG com.tngtech.archunit.core.importer.JavaClassProcessor - Processing class 'java/lang/reflect/Method'
19:37:22.816 [Test worker] DEBUG com.tngtech.archunit.core.importer.JavaClassProcessor - Processing class 'org/springframework/jdbc/core/ConnectionCallback'
19:37:22.816 [Test worker] DEBUG com.tngtech.archunit.core.importer.JavaClassProcessor - Processing class 'org/springframework/dao/DataAccessException'
19:37:22.817 [Test worker] DEBUG com.tngtech.archunit.core.importer.JavaClassProcessor - Processing class 'org/springframework/jdbc/core/StatementCallback'
19:37:22.817 [Test worker] DEBUG com.tngtech.archunit.core.importer.JavaClassProcessor - Processing class 'org/springframework/jdbc/core/ResultSetExtractor'
19:37:22.817 [Test worker] DEBUG com.tngtech.archunit.core.importer.JavaClassProcessor - Processing class 'org/springframework/jdbc/core/RowCallbackHandler'
19:37:22.817 [Test worker] DEBUG com.tngtech.archunit.core.importer.JavaClassProcessor - Processing class 'org/springframework/jdbc/core/RowMapper'
19:37:22.817 [Test worker] DEBUG com.tngtech.archunit.core.importer.JavaClassProcessor - Processing class 'org/springframework/jdbc/support/rowset/SqlRowSet'
19:37:22.817 [Test worker] DEBUG com.tngtech.archunit.core.importer.JavaClassProcessor - Processing class 'org/springframework/jdbc/core/PreparedStatementCreator'
19:37:22.817 [Test worker] DEBUG com.tngtech.archunit.core.importer.JavaClassProcessor - Processing class 'org/springframework/jdbc/core/PreparedStatementCallback'
19:37:22.817 [Test worker] DEBUG com.tngtech.archunit.core.importer.JavaClassProcessor - Processing class 'org/springframework/jdbc/core/PreparedStatementSetter'
19:37:22.818 [Test worker] DEBUG com.tngtech.archunit.core.importer.JavaClassProcessor - Processing class 'org/springframework/jdbc/support/KeyHolder'
19:37:22.818 [Test worker] DEBUG com.tngtech.archunit.core.importer.JavaClassProcessor - Processing class 'org/springframework/jdbc/core/BatchPreparedStatementSetter'
19:37:22.818 [Test worker] DEBUG com.tngtech.archunit.core.importer.JavaClassProcessor - Processing class 'org/springframework/jdbc/core/ParameterizedPreparedStatementSetter'
19:37:22.818 [Test worker] DEBUG com.tngtech.archunit.core.importer.JavaClassProcessor - Processing class 'org/springframework/jdbc/core/CallableStatementCreator'
19:37:22.818 [Test worker] DEBUG com.tngtech.archunit.core.importer.JavaClassProcessor - Processing class 'org/springframework/jdbc/core/CallableStatementCallback'
19:37:22.818 [Test worker] DEBUG com.tngtech.archunit.core.importer.JavaClassProcessor - Processing class 'java/sql/Connection'
19:37:22.819 [Test worker] DEBUG com.tngtech.archunit.core.importer.JavaClassProcessor - Processing class 'org/springframework/jdbc/datasource/ConnectionProxy'
19:37:22.819 [Test worker] DEBUG com.tngtech.archunit.core.importer.JavaClassProcessor - Processing class 'org/springframework/jdbc/core/ParameterDisposer'
19:37:22.819 [Test worker] DEBUG com.tngtech.archunit.core.importer.JavaClassProcessor - Processing class 'org/springframework/jdbc/core/SqlReturnResultSet'
19:37:22.819 [Test worker] DEBUG com.tngtech.archunit.core.importer.JavaClassProcessor - Processing class 'java/sql/CallableStatement'
19:37:22.819 [Test worker] DEBUG com.tngtech.archunit.core.importer.JavaClassProcessor - Processing class 'java/sql/SQLException'
19:37:22.820 [Test worker] DEBUG com.tngtech.archunit.core.importer.JavaClassProcessor - Processing class 'org/springframework/jdbc/core/SqlOutParameter'
19:37:22.820 [Test worker] DEBUG com.tngtech.archunit.core.importer.JavaClassProcessor - Processing class 'java/sql/ResultSet'
19:37:22.820 [Test worker] DEBUG com.tngtech.archunit.core.importer.JavaClassProcessor - Processing class 'org/springframework/jdbc/core/ResultSetSupportingSqlParameter'
19:37:22.820 [Test worker] DEBUG com.tngtech.archunit.core.importer.JavaClassProcessor - Processing class 'java/sql/Statement'
19:37:22.820 [Test worker] DEBUG com.tngtech.archunit.core.importer.JavaClassProcessor - Processing class 'java/sql/SQLWarning'
19:37:22.820 [Test worker] DEBUG com.tngtech.archunit.core.importer.JavaClassProcessor - Processing class 'org/springframework/jdbc/SQLWarningException'
19:37:22.821 [Test worker] DEBUG com.tngtech.archunit.core.importer.JavaClassProcessor - Processing class 'org/springframework/jdbc/core/SqlProvider'
19:37:22.821 [Test worker] DEBUG com.tngtech.archunit.core.importer.JavaClassProcessor - Processing class 'java/sql/PreparedStatement'
19:37:22.821 [Test worker] DEBUG com.tngtech.archunit.core.importer.JavaClassProcessor - Processing class 'org/springframework/jdbc/core/InterruptibleBatchPreparedStatementSetter'
19:37:22.821 [Test worker] DEBUG com.tngtech.archunit.core.importer.JavaClassProcessor - Processing class 'org/apache/commons/logging/Log'
19:37:22.821 [Test worker] DEBUG com.tngtech.archunit.core.importer.JavaClassProcessor - Processing class 'javax/sql/DataSource'
19:37:22.821 [Test worker] DEBUG com.tngtech.archunit.core.importer.JavaClassProcessor - Processing class 'org/springframework/jdbc/support/SQLExceptionTranslator'
19:37:22.822 [Test worker] DEBUG com.tngtech.archunit.core.importer.JavaClassProcessor - Processing class 'org/springframework/aot/hint/BindingReflectionHintsRegistrar'
19:37:22.822 [Test worker] DEBUG com.tngtech.archunit.core.importer.JavaClassProcessor - Processing class 'org/springframework/core/MethodParameter'
19:37:22.823 [Test worker] DEBUG com.tngtech.archunit.core.importer.JavaClassProcessor - Processing class 'org/springframework/web/bind/annotation/ModelAttribute'
19:37:22.823 [Test worker] DEBUG com.tngtech.archunit.core.importer.JavaClassProcessor - Processing class 'org/springframework/web/bind/annotation/RequestBody'
19:37:22.823 [Test worker] DEBUG com.tngtech.archunit.core.importer.JavaClassProcessor - Processing class 'org/springframework/web/bind/annotation/RequestPart'
19:37:22.823 [Test worker] DEBUG com.tngtech.archunit.core.importer.JavaClassProcessor - Processing class 'org/springframework/http/HttpEntity'
19:37:22.823 [Test worker] DEBUG com.tngtech.archunit.core.importer.JavaClassProcessor - Processing class 'java/lang/reflect/Type'
19:37:22.824 [Test worker] DEBUG com.tngtech.archunit.core.importer.JavaClassProcessor - Processing class 'org/springframework/http/HttpMethod'
19:37:22.874 [Test worker] DEBUG com.tngtech.archunit.core.importer.UrlSource$From - Found URLs on sun.boot.class.path: []
19:37:22.878 [Test worker] DEBUG com.tngtech.archunit.core.importer.UrlSource$From - Found URLs on java.class.path: [jar:file:/C:/Users/ADMIN/.gradle/caches/7.4.2/workerMain/gradle-worker.jar!/, file:/D:/CODE/microservice/ddd-eshopee-EXPT-modulith/shopee-microservices/application/build/classes/java/test/, file:/D:/CODE/microservice/ddd-eshopee-EXPT-modulith/shopee-microservices/application/build/resources/test/, file:/D:/CODE/microservice/ddd-eshopee-EXPT-modulith/shopee-microservices/application/build/classes/java/main/, file:/D:/CODE/microservice/ddd-eshopee-EXPT-modulith/shopee-microservices/application/build/resources/main/, jar:file:/D:/CODE/microservice/ddd-eshopee-EXPT-modulith/shopee-microservices/sales/catalog/spring-boot-starter/build/libs/catalog-spring-boot-starter-2.0-SNAPSHOT.jar!/, jar:file:/D:/CODE/microservice/ddd-eshopee-EXPT-modulith/shopee-microservices/sales/cart/spring-boot-starter/build/libs/cart-spring-boot-starter-2.0-SNAPSHOT.jar!/, jar:file:/D:/CODE/microservice/ddd-eshopee-EXPT-modulith/shopee-microservices/sales/order/spring-boot-starter/build/libs/order-spring-boot-starter-2.0-SNAPSHOT.jar!/, jar:file:/D:/CODE/microservice/ddd-eshopee-EXPT-modulith/shopee-microservices/warehouse/spring-boot-starter/build/libs/warehouse-spring-boot-starter-2.0-SNAPSHOT.jar!/, jar:file:/D:/CODE/microservice/ddd-eshopee-EXPT-modulith/shopee-microservices/billing/payment/spring-boot-starter/build/libs/payment-spring-boot-starter-2.0-SNAPSHOT.jar!/, jar:file:/D:/CODE/microservice/ddd-eshopee-EXPT-modulith/shopee-microservices/shipping/delivery/spring-boot-starter/build/libs/delivery-spring-boot-starter-2.0-SNAPSHOT.jar!/, jar:file:/D:/CODE/microservice/ddd-eshopee-EXPT-modulith/shopee-microservices/shipping/dispatching/spring-boot-starter/build/libs/dispatching-spring-boot-starter-2.0-SNAPSHOT.jar!/, jar:file:/D:/CODE/microservice/ddd-eshopee-EXPT-modulith/shopee-microservices/portal/spring-boot-starter/build/libs/portal-spring-boot-starter-2.0-SNAPSHOT.jar!/, jar:file:/D:/CODE/microservice/ddd-eshopee-EXPT-modulith/shopee-microservices/common/application-integration-spring-boot-starter/build/libs/application-integration-spring-boot-starter-2.0-SNAPSHOT.jar!/, jar:file:/C:/Users/ADMIN/.gradle/caches/modules-2/files-2.1/org.springframework.boot/spring-boot-starter-data-redis/3.0.4/e122886d50ec624e51fbaac4bb0d5d17cf7b9764/spring-boot-starter-data-redis-3.0.4.jar!/, jar:file:/C:/Users/ADMIN/.gradle/caches/modules-2/files-2.1/org.springframework.boot/spring-boot-starter-jdbc/3.0.4/e64f229f772dc2952e1978a1f10d7f3a462e105d/spring-boot-starter-jdbc-3.0.4.jar!/, jar:file:/C:/Users/ADMIN/.gradle/caches/modules-2/files-2.1/org.springframework.boot/spring-boot-starter-web/3.0.4/6a7405b436c6943f056cdbab587fe48bdc2b4911/spring-boot-starter-web-3.0.4.jar!/, jar:file:/C:/Users/ADMIN/.gradle/caches/modules-2/files-2.1/org.springframework.boot/spring-boot-starter-test/3.0.4/eb934f1df3e6292d7b5800cfbbc237de90d174de/spring-boot-starter-test-3.0.4.jar!/, jar:file:/C:/Users/ADMIN/.gradle/caches/modules-2/files-2.1/org.springframework.boot/spring-boot-starter-thymeleaf/3.0.4/ea681f9f477da793eb9024a23686db9a59b50bc6/spring-boot-starter-thymeleaf-3.0.4.jar!/, jar:file:/C:/Users/ADMIN/.gradle/caches/modules-2/files-2.1/org.springframework.boot/spring-boot-starter-amqp/3.0.4/804a88a39dc6dce9678eef6f621bd9877f50a7ab/spring-boot-starter-amqp-3.0.4.jar!/, jar:file:/C:/Users/ADMIN/.gradle/caches/modules-2/files-2.1/org.springframework.boot/spring-boot-starter-json/3.0.4/5ddf427d011646fe787fdaa1b8edc4a4eebd48d5/spring-boot-starter-json-3.0.4.jar!/, jar:file:/C:/Users/ADMIN/.gradle/caches/modules-2/files-2.1/org.springframework.boot/spring-boot-starter/3.0.4/8f957a8bc9d70c0ca922406c6e23cb3db5d48109/spring-boot-starter-3.0.4.jar!/, jar:file:/C:/Users/ADMIN/.gradle/caches/modules-2/files-2.1/com.h2database/h2/2.1.214/d5c2005c9e3279201e12d4776c948578b16bf8b2/h2-2.1.214.jar!/, jar:file:/C:/Users/ADMIN/.gradle/caches/modules-2/files-2.1/org.postgresql/postgresql/42.5.4/15015a54f15e340a9a8a6a2c5457429cb1176b8/postgresql-42.5.4.jar!/, jar:file:/C:/Users/ADMIN/.gradle/caches/modules-2/files-2.1/io.rest-assured/rest-assured/5.2.1/131aedaf6ffbb783dbf7b21efe57a849ded8b321/rest-assured-5.2.1.jar!/, jar:file:/C:/Users/ADMIN/.gradle/caches/modules-2/files-2.1/com.tngtech.archunit/archunit/0.23.1/7f93a254a0b88b9209e34db523ed5c2cee2ab25f/archunit-0.23.1.jar!/, jar:file:/D:/CODE/microservice/ddd-eshopee-EXPT-modulith/shopee-microservices/sales/catalog/jdbc/build/libs/catalog-jdbc-2.0-SNAPSHOT.jar!/, jar:file:/D:/CODE/microservice/ddd-eshopee-EXPT-modulith/shopee-microservices/sales/catalog/rest/build/libs/catalog-rest-2.0-SNAPSHOT.jar!/, jar:file:/D:/CODE/microservice/ddd-eshopee-EXPT-modulith/shopee-microservices/sales/catalog/webcomp/build/libs/catalog-webcomp-2.0-SNAPSHOT.jar!/, jar:file:/D:/CODE/microservice/ddd-eshopee-EXPT-modulith/shopee-microservices/sales/cart/jdbc/build/libs/cart-jdbc-2.0-SNAPSHOT.jar!/, jar:file:/D:/CODE/microservice/ddd-eshopee-EXPT-modulith/shopee-microservices/sales/cart/rest/build/libs/cart-rest-2.0-SNAPSHOT.jar!/, jar:file:/D:/CODE/microservice/ddd-eshopee-EXPT-modulith/shopee-microservices/sales/cart/webcomp/build/libs/cart-webcomp-2.0-SNAPSHOT.jar!/, jar:file:/D:/CODE/microservice/ddd-eshopee-EXPT-modulith/shopee-microservices/sales/order/jdbc/build/libs/order-jdbc-2.0-SNAPSHOT.jar!/, jar:file:/D:/CODE/microservice/ddd-eshopee-EXPT-modulith/shopee-microservices/sales/order/rest/build/libs/order-rest-2.0-SNAPSHOT.jar!/, jar:file:/D:/CODE/microservice/ddd-eshopee-EXPT-modulith/shopee-microservices/sales/order/webcomp/build/libs/order-webcomp-2.0-SNAPSHOT.jar!/, jar:file:/D:/CODE/microservice/ddd-eshopee-EXPT-modulith/shopee-microservices/warehouse/jdbc/build/libs/warehouse-jdbc-2.0-SNAPSHOT.jar!/, jar:file:/D:/CODE/microservice/ddd-eshopee-EXPT-modulith/shopee-microservices/warehouse/listeners/build/libs/warehouse-listeners-2.0-SNAPSHOT.jar!/, jar:file:/D:/CODE/microservice/ddd-eshopee-EXPT-modulith/shopee-microservices/warehouse/rest/build/libs/warehouse-rest-2.0-SNAPSHOT.jar!/, jar:file:/D:/CODE/microservice/ddd-eshopee-EXPT-modulith/shopee-microservices/billing/payment/jdbc/build/libs/payment-jdbc-2.0-SNAPSHOT.jar!/, jar:file:/D:/CODE/microservice/ddd-eshopee-EXPT-modulith/shopee-microservices/billing/payment/listeners/build/libs/payment-listeners-2.0-SNAPSHOT.jar!/, jar:file:/D:/CODE/microservice/ddd-eshopee-EXPT-modulith/shopee-microservices/billing/payment/rest/build/libs/payment-rest-2.0-SNAPSHOT.jar!/, jar:file:/D:/CODE/microservice/ddd-eshopee-EXPT-modulith/shopee-microservices/shipping/delivery/jdbc/build/libs/delivery-jdbc-2.0-SNAPSHOT.jar!/, jar:file:/D:/CODE/microservice/ddd-eshopee-EXPT-modulith/shopee-microservices/shipping/delivery/listeners/build/libs/delivery-listeners-2.0-SNAPSHOT.jar!/, jar:file:/D:/CODE/microservice/ddd-eshopee-EXPT-modulith/shopee-microservices/shipping/delivery/rest/build/libs/delivery-rest-2.0-SNAPSHOT.jar!/, jar:file:/D:/CODE/microservice/ddd-eshopee-EXPT-modulith/shopee-microservices/shipping/delivery/webcomp/build/libs/delivery-webcomp-2.0-SNAPSHOT.jar!/, jar:file:/D:/CODE/microservice/ddd-eshopee-EXPT-modulith/shopee-microservices/shipping/dispatching/jdbc/build/libs/dispatching-jdbc-2.0-SNAPSHOT.jar!/, jar:file:/D:/CODE/microservice/ddd-eshopee-EXPT-modulith/shopee-microservices/shipping/dispatching/listeners/build/libs/dispatching-listeners-2.0-SNAPSHOT.jar!/, jar:file:/D:/CODE/microservice/ddd-eshopee-EXPT-modulith/shopee-microservices/portal/web/build/libs/portal-web-2.0-SNAPSHOT.jar!/, jar:file:/D:/CODE/microservice/ddd-eshopee-EXPT-modulith/shopee-microservices/sales/order/domain/build/libs/order-domain-2.0-SNAPSHOT.jar!/, jar:file:/D:/CODE/microservice/ddd-eshopee-EXPT-modulith/shopee-microservices/sales/order/events/build/libs/order-events-2.0-SNAPSHOT.jar!/, jar:file:/D:/CODE/microservice/ddd-eshopee-EXPT-modulith/shopee-microservices/shipping/dispatching/events/build/libs/dispatching-events-2.0-SNAPSHOT.jar!/, jar:file:/D:/CODE/microservice/ddd-eshopee-EXPT-modulith/shopee-microservices/shipping/delivery/domain/build/libs/delivery-domain-2.0-SNAPSHOT.jar!/, jar:file:/D:/CODE/microservice/ddd-eshopee-EXPT-modulith/shopee-microservices/shipping/delivery/events/build/libs/delivery-events-2.0-SNAPSHOT.jar!/, jar:file:/D:/CODE/microservice/ddd-eshopee-EXPT-modulith/shopee-microservices/billing/payment/domain/build/libs/payment-domain-2.0-SNAPSHOT.jar!/, jar:file:/D:/CODE/microservice/ddd-eshopee-EXPT-modulith/shopee-microservices/billing/payment/events/build/libs/payment-events-2.0-SNAPSHOT.jar!/, jar:file:/D:/CODE/microservice/ddd-eshopee-EXPT-modulith/shopee-microservices/warehouse/domain/build/libs/warehouse-domain-2.0-SNAPSHOT.jar!/, jar:file:/D:/CODE/microservice/ddd-eshopee-EXPT-modulith/shopee-microservices/warehouse/events/build/libs/warehouse-events-2.0-SNAPSHOT.jar!/, jar:file:/D:/CODE/microservice/ddd-eshopee-EXPT-modulith/shopee-microservices/common/events/build/libs/events-2.0-SNAPSHOT.jar!/, jar:file:/C:/Users/ADMIN/.gradle/caches/modules-2/files-2.1/com.fasterxml.jackson.datatype/jackson-datatype-jdk8/2.14.2/2f3c71211b6ea7a978eba33574d7135d536e07fb/jackson-datatype-jdk8-2.14.2.jar!/, jar:file:/C:/Users/ADMIN/.gradle/caches/modules-2/files-2.1/com.fasterxml.jackson.module/jackson-module-parameter-names/2.14.2/2b6c19b3d99dda02915515df879ab9e23fed3864/jackson-module-parameter-names-2.14.2.jar!/, jar:file:/C:/Users/ADMIN/.gradle/caches/modules-2/files-2.1/com.fasterxml.jackson.core/jackson-databind/2.14.2/1e71fddbc80bb86f71a6345ac1e8ab8a00e7134/jackson-databind-2.14.2.jar!/, jar:file:/C:/Users/ADMIN/.gradle/caches/modules-2/files-2.1/com.fasterxml.jackson.core/jackson-annotations/2.14.2/a7aae9525864930723e3453ab799521fdfd9d873/jackson-annotations-2.14.2.jar!/, jar:file:/C:/Users/ADMIN/.gradle/caches/modules-2/files-2.1/com.fasterxml.jackson.core/jackson-core/2.14.2/f804090e6399ce0cf78242db086017512dd71fcc/jackson-core-2.14.2.jar!/, jar:file:/C:/Users/ADMIN/.gradle/caches/modules-2/files-2.1/com.fasterxml.jackson.datatype/jackson-datatype-jsr310/2.14.2/796518148a385b2728d44886cc0f8852eb8eeb53/jackson-datatype-jsr310-2.14.2.jar!/, jar:file:/C:/Users/ADMIN/.gradle/caches/modules-2/files-2.1/org.springframework.boot/spring-boot-test-autoconfigure/3.0.4/3d28e21dc5cea68949d1f0b6a4051e7deeacf6cc/spring-boot-test-autoconfigure-3.0.4.jar!/, jar:file:/C:/Users/ADMIN/.gradle/caches/modules-2/files-2.1/org.springframework.boot/spring-boot-autoconfigure/3.0.4/7eb11bff0f965807f1088da20bc169bff27d284/spring-boot-autoconfigure-3.0.4.jar!/, jar:file:/C:/Users/ADMIN/.gradle/caches/modules-2/files-2.1/org.springframework.boot/spring-boot-test/3.0.4/4c1c72ff838b4f1191321aa01d1e98d68f882280/spring-boot-test-3.0.4.jar!/, jar:file:/C:/Users/ADMIN/.gradle/caches/modules-2/files-2.1/org.springframework.boot/spring-boot/3.0.4/27e5fceb2faf8ec399df70a2ff4e626a3423ae35/spring-boot-3.0.4.jar!/, jar:file:/C:/Users/ADMIN/.gradle/caches/modules-2/files-2.1/org.springframework.boot/spring-boot-starter-logging/3.0.4/31b32774c6ec2eceb3f75bdef7ddd8afd7059255/spring-boot-starter-logging-3.0.4.jar!/, jar:file:/C:/Users/ADMIN/.gradle/caches/modules-2/files-2.1/org.springframework.boot/spring-boot-starter-tomcat/3.0.4/40babd5ca3db46adf7c59b70ca2e6f2a528b558c/spring-boot-starter-tomcat-3.0.4.jar!/, jar:file:/C:/Users/ADMIN/.gradle/caches/modules-2/files-2.1/jakarta.annotation/jakarta.annotation-api/2.1.1/48b9bda22b091b1f48b13af03fe36db3be6e1ae3/jakarta.annotation-api-2.1.1.jar!/, jar:file:/C:/Users/ADMIN/.gradle/caches/modules-2/files-2.1/org.springframework/spring-jdbc/6.0.6/151e730f45832d42c6535b0bc6d7cebeabcaf844/spring-jdbc-6.0.6.jar!/, jar:file:/C:/Users/ADMIN/.gradle/caches/modules-2/files-2.1/org.springframework/spring-webmvc/6.0.6/302580efc981ad6797a85814ea0996e2149bb420/spring-webmvc-6.0.6.jar!/, jar:file:/C:/Users/ADMIN/.gradle/caches/modules-2/files-2.1/org.springframework/spring-web/6.0.6/2916961032e54aaeb534a290530b7b69e297bfcc/spring-web-6.0.6.jar!/, jar:file:/C:/Users/ADMIN/.gradle/caches/modules-2/files-2.1/org.springframework/spring-test/6.0.6/e94217b5c8cdf8f954d10251449fc98bdd8fc756/spring-test-6.0.6.jar!/, jar:file:/C:/Users/ADMIN/.gradle/caches/modules-2/files-2.1/org.springframework.data/spring-data-redis/3.0.3/6e8f59ca594ea86b56eacba74ae343d188771905/spring-data-redis-3.0.3.jar!/, jar:file:/C:/Users/ADMIN/.gradle/caches/modules-2/files-2.1/org.springframework.amqp/spring-rabbit/3.0.2/910f6a931b70f874ab03ba3dc0df2c6e05de12b8/spring-rabbit-3.0.2.jar!/, jar:file:/C:/Users/ADMIN/.gradle/caches/modules-2/files-2.1/org.springframework.data/spring-data-keyvalue/3.0.3/20ebdf1c5fb12aa0b5be9e67791e6c457f6e8968/spring-data-keyvalue-3.0.3.jar!/, jar:file:/C:/Users/ADMIN/.gradle/caches/modules-2/files-2.1/org.springframework/spring-tx/6.0.6/e86b3073d9640e17e5581a6aebb0d2794c407c46/spring-tx-6.0.6.jar!/, jar:file:/C:/Users/ADMIN/.gradle/caches/modules-2/files-2.1/org.springframework/spring-context-support/6.0.6/363228b8abc8b7ff569b10195f28652c7b65a41/spring-context-support-6.0.6.jar!/, jar:file:/C:/Users/ADMIN/.gradle/caches/modules-2/files-2.1/org.springframework/spring-context/6.0.6/fbd2b7c23adb2ec2f7ca601b3e7d79ae10e342a/spring-context-6.0.6.jar!/, jar:file:/C:/Users/ADMIN/.gradle/caches/modules-2/files-2.1/org.springframework/spring-messaging/6.0.6/42392bdb43a691e7c7bf4da296fef598a3127f37/spring-messaging-6.0.6.jar!/, jar:file:/C:/Users/ADMIN/.gradle/caches/modules-2/files-2.1/org.springframework/spring-oxm/6.0.6/e0bab7269ffaec4df3a9f221b4810b392c5ac492/spring-oxm-6.0.6.jar!/, jar:file:/C:/Users/ADMIN/.gradle/caches/modules-2/files-2.1/org.springframework/spring-aop/6.0.6/c95dc800fdce470519b7135272e64d4606fc8428/spring-aop-6.0.6.jar!/, jar:file:/C:/Users/ADMIN/.gradle/caches/modules-2/files-2.1/org.springframework.data/spring-data-commons/3.0.3/4492e9d25d7e8714f5ebfdd9e607dd7e0998038e/spring-data-commons-3.0.3.jar!/, jar:file:/C:/Users/ADMIN/.gradle/caches/modules-2/files-2.1/org.springframework/spring-beans/6.0.6/48ea4ba141146b3acaad0c7df80d2a06afeb95fd/spring-beans-6.0.6.jar!/, jar:file:/C:/Users/ADMIN/.gradle/caches/modules-2/files-2.1/org.springframework/spring-expression/6.0.6/2006ee0e1be8380f05c29deb52a97d3a1e6812d7/spring-expression-6.0.6.jar!/, jar:file:/C:/Users/ADMIN/.gradle/caches/modules-2/files-2.1/org.springframework.amqp/spring-amqp/3.0.2/698cf3a55e202356034288ed0bdccc2f8579b7e2/spring-amqp-3.0.2.jar!/, jar:file:/C:/Users/ADMIN/.gradle/caches/modules-2/files-2.1/org.springframework/spring-core/6.0.6/8a2845e0945923a9ebf3e9ef0649a28b6eeeac43/spring-core-6.0.6.jar!/, jar:file:/C:/Users/ADMIN/.gradle/caches/modules-2/files-2.1/org.yaml/snakeyaml/1.33/2cd0a87ff7df953f810c344bdf2fe3340b954c69/snakeyaml-1.33.jar!/, jar:file:/C:/Users/ADMIN/.gradle/caches/modules-2/files-2.1/io.lettuce/lettuce-core/6.2.3.RELEASE/3d671a51095ef90b817a690ef1b569b24b309665/lettuce-core-6.2.3.RELEASE.jar!/, jar:file:/C:/Users/ADMIN/.gradle/caches/modules-2/files-2.1/com.zaxxer/HikariCP/5.0.1/a74c7f0a37046846e88d54f7cb6ea6d565c65f9c/HikariCP-5.0.1.jar!/, jar:file:/C:/Users/ADMIN/.gradle/caches/modules-2/files-2.1/org.checkerframework/checker-qual/3.5.0/2f50520c8abea66fbd8d26e481d3aef5c673b510/checker-qual-3.5.0.jar!/, jar:file:/C:/Users/ADMIN/.gradle/caches/modules-2/files-2.1/com.jayway.jsonpath/json-path/2.7.0/f9d7d9659f2694e61142046ff8a216c047f263e8/json-path-2.7.0.jar!/, jar:file:/C:/Users/ADMIN/.gradle/caches/modules-2/files-2.1/jakarta.xml.bind/jakarta.xml.bind-api/4.0.0/bbb399208d288b15ec101fa4fcfc4bd77cedc97a/jakarta.xml.bind-api-4.0.0.jar!/, jar:file:/C:/Users/ADMIN/.gradle/caches/modules-2/files-2.1/org.assertj/assertj-core/3.23.1/d2bb60570f5b3d7ffa8f8000118c9c07b86eca93/assertj-core-3.23.1.jar!/, jar:file:/C:/Users/ADMIN/.gradle/caches/modules-2/files-2.1/org.hamcrest/hamcrest/2.2/1820c0968dba3a11a1b30669bb1f01978a91dedc/hamcrest-2.2.jar!/, jar:file:/C:/Users/ADMIN/.gradle/caches/modules-2/files-2.1/org.mockito/mockito-junit-jupiter/4.8.1/e393aa62eca2244a535b03842843f2f199343d1f/mockito-junit-jupiter-4.8.1.jar!/, jar:file:/C:/Users/ADMIN/.gradle/caches/modules-2/files-2.1/org.junit.jupiter/junit-jupiter-params/5.9.2/bc2765afb7b85b583c710dd259a11c6b8c39e912/junit-jupiter-params-5.9.2.jar!/, jar:file:/C:/Users/ADMIN/.gradle/caches/modules-2/files-2.1/org.junit.jupiter/junit-jupiter-engine/5.9.2/572f7a553b53f83ee59cc045ce1c3772864ab76c/junit-jupiter-engine-5.9.2.jar!/, jar:file:/C:/Users/ADMIN/.gradle/caches/modules-2/files-2.1/org.junit.jupiter/junit-jupiter-api/5.9.2/fed843581520eac594bc36bb4b0f55e7b947dda9/junit-jupiter-api-5.9.2.jar!/, jar:file:/C:/Users/ADMIN/.gradle/caches/modules-2/files-2.1/org.junit.platform/junit-platform-engine/1.9.2/40aeef2be7b04f96bb91e8b054affc28b7c7c935/junit-platform-engine-1.9.2.jar!/, jar:file:/C:/Users/ADMIN/.gradle/caches/modules-2/files-2.1/org.junit.platform/junit-platform-commons/1.9.2/6f9f8621d8230cd38aa42e58ccbc0c00569131ce/junit-platform-commons-1.9.2.jar!/, jar:file:/C:/Users/ADMIN/.gradle/caches/modules-2/files-2.1/org.junit.jupiter/junit-jupiter/5.9.2/26c586fbe0ebd81b48c9f11f0d998124248697ae/junit-jupiter-5.9.2.jar!/, jar:file:/C:/Users/ADMIN/.gradle/caches/modules-2/files-2.1/org.mockito/mockito-core/4.8.1/d8eb9dec8747d08645347bb8c69088ac83197975/mockito-core-4.8.1.jar!/, jar:file:/C:/Users/ADMIN/.gradle/caches/modules-2/files-2.1/org.skyscreamer/jsonassert/1.5.1/6d842d0faf4cf6725c509a5e5347d319ee0431c3/jsonassert-1.5.1.jar!/, jar:file:/C:/Users/ADMIN/.gradle/caches/modules-2/files-2.1/org.xmlunit/xmlunit-core/2.9.1/e5833662d9a1279a37da3ef6f62a1da29fcd68c4/xmlunit-core-2.9.1.jar!/, jar:file:/C:/Users/ADMIN/.gradle/caches/modules-2/files-2.1/io.rest-assured/xml-path/5.2.1/3918e4080bd677b1b4683bdd82a19be78d5c0ec2/xml-path-5.2.1.jar!/, jar:file:/C:/Users/ADMIN/.gradle/caches/modules-2/files-2.1/io.rest-assured/json-path/5.2.1/f53d9cefcf3e3f4554f390ec17d278c47d4125ad/json-path-5.2.1.jar!/, jar:file:/C:/Users/ADMIN/.gradle/caches/modules-2/files-2.1/org.apache.groovy/groovy-json/4.0.9/122759fca67c3ef87ea7d48a3057af362a360089/groovy-json-4.0.9.jar!/, jar:file:/C:/Users/ADMIN/.gradle/caches/modules-2/files-2.1/org.apache.groovy/groovy-xml/4.0.9/b22d2ae189670d4ccc58bc4ef003d922b85cb0d5/groovy-xml-4.0.9.jar!/, jar:file:/C:/Users/ADMIN/.gradle/caches/modules-2/files-2.1/io.rest-assured/rest-assured-common/5.2.1/f506be4e8fb8c2adbbfdff9720fad420b76e6543/rest-assured-common-5.2.1.jar!/, jar:file:/C:/Users/ADMIN/.gradle/caches/modules-2/files-2.1/org.apache.groovy/groovy/4.0.9/80605ad828d16fd5d6349628b8d77e5761b2b4c4/groovy-4.0.9.jar!/, jar:file:/C:/Users/ADMIN/.gradle/caches/modules-2/files-2.1/org.apache.httpcomponents/httpmime/4.5.14/6662758a1f1cb1149cf916bdac28332e0902ec44/httpmime-4.5.14.jar!/, jar:file:/C:/Users/ADMIN/.gradle/caches/modules-2/files-2.1/org.apache.httpcomponents/httpclient/4.5.14/1194890e6f56ec29177673f2f12d0b8e627dec98/httpclient-4.5.14.jar!/, jar:file:/C:/Users/ADMIN/.gradle/caches/modules-2/files-2.1/org.ccil.cowan.tagsoup/tagsoup/1.2.1/5584627487e984c03456266d3f8802eb85a9ce97/tagsoup-1.2.1.jar!/, jar:file:/C:/Users/ADMIN/.gradle/caches/modules-2/files-2.1/org.thymeleaf/thymeleaf-spring6/3.1.1.RELEASE/deb52ef921a4ac5132fedb7ebfc2bc1dad4382b3/thymeleaf-spring6-3.1.1.RELEASE.jar!/, jar:file:/C:/Users/ADMIN/.gradle/caches/modules-2/files-2.1/ch.qos.logback/logback-classic/1.4.5/28e7dc0b208d6c3f15beefd73976e064b4ecfa9b/logback-classic-1.4.5.jar!/, jar:file:/C:/Users/ADMIN/.gradle/caches/modules-2/files-2.1/org.apache.logging.log4j/log4j-to-slf4j/2.19.0/30f4812e43172ecca5041da2cb6b965cc4777c19/log4j-to-slf4j-2.19.0.jar!/, jar:file:/C:/Users/ADMIN/.gradle/caches/modules-2/files-2.1/org.slf4j/jul-to-slf4j/2.0.6/c4d348977a83a0bfcf42fd6fd1fee6e7904f1a0c/jul-to-slf4j-2.0.6.jar!/, jar:file:/C:/Users/ADMIN/.gradle/caches/modules-2/files-2.1/org.thymeleaf/thymeleaf/3.1.1.RELEASE/374a129dfa5e7d7f1a46eacc4d49e594ca0cf26f/thymeleaf-3.1.1.RELEASE.jar!/, jar:file:/C:/Users/ADMIN/.gradle/caches/modules-2/files-2.1/com.rabbitmq/amqp-client/5.16.0/c70c66a8e5a92e41adf618efa7d8025db29cdf3/amqp-client-5.16.0.jar!/, jar:file:/C:/Users/ADMIN/.gradle/caches/modules-2/files-2.1/org.slf4j/slf4j-api/2.0.6/88c40d8b4f33326f19a7d3c0aaf2c7e8721d4953/slf4j-api-2.0.6.jar!/, jar:file:/D:/CODE/microservice/ddd-eshopee-EXPT-modulith/shopee-microservices/sales/catalog/domain/build/libs/catalog-domain-2.0-SNAPSHOT.jar!/, jar:file:/D:/CODE/microservice/ddd-eshopee-EXPT-modulith/shopee-microservices/sales/cart/domain/build/libs/cart-domain-2.0-SNAPSHOT.jar!/, jar:file:/D:/CODE/microservice/ddd-eshopee-EXPT-modulith/shopee-microservices/shipping/dispatching/domain/build/libs/dispatching-domain-2.0-SNAPSHOT.jar!/, jar:file:/C:/Users/ADMIN/.gradle/caches/modules-2/files-2.1/org.springframework/spring-jcl/6.0.6/f13cd8a561e71fb65c63201113d766fcd7a2b06f/spring-jcl-6.0.6.jar!/, jar:file:/C:/Users/ADMIN/.gradle/caches/modules-2/files-2.1/io.netty/netty-handler/4.1.89.Final/ced584e9eba5a6b7aad7c6a28a60c13375459f1a/netty-handler-4.1.89.Final.jar!/, jar:file:/C:/Users/ADMIN/.gradle/caches/modules-2/files-2.1/io.netty/netty-transport-native-unix-common/4.1.89.Final/a7717ed61393d5aad202a92bb02f661ed525bf86/netty-transport-native-unix-common-4.1.89.Final.jar!/, jar:file:/C:/Users/ADMIN/.gradle/caches/modules-2/files-2.1/io.netty/netty-codec/4.1.89.Final/f03a649ffa405ca4c802a8bfcc2abfe70ae485ca/netty-codec-4.1.89.Final.jar!/, jar:file:/C:/Users/ADMIN/.gradle/caches/modules-2/files-2.1/io.netty/netty-transport/4.1.89.Final/e7ff320310eafe302c0dfb9690ae7201ab61ead2/netty-transport-4.1.89.Final.jar!/, jar:file:/C:/Users/ADMIN/.gradle/caches/modules-2/files-2.1/io.netty/netty-resolver/4.1.89.Final/686b21bf3488747bc834ee9e60a863f37b71f35e/netty-resolver-4.1.89.Final.jar!/, jar:file:/C:/Users/ADMIN/.gradle/caches/modules-2/files-2.1/io.netty/netty-buffer/4.1.89.Final/b1d3dbf69a75eaa8793c7e00cff2851dac9fd725/netty-buffer-4.1.89.Final.jar!/, jar:file:/C:/Users/ADMIN/.gradle/caches/modules-2/files-2.1/io.netty/netty-common/4.1.89.Final/c0c80bfe45cc85da5030ea8fc64071e28d0f6f5f/netty-common-4.1.89.Final.jar!/, jar:file:/C:/Users/ADMIN/.gradle/caches/modules-2/files-2.1/io.projectreactor/reactor-core/3.5.3/dd102ecdb21ff78a486074dbad55331f8847eb5d/reactor-core-3.5.3.jar!/, jar:file:/C:/Users/ADMIN/.gradle/caches/modules-2/files-2.1/org.apache.tomcat.embed/tomcat-embed-websocket/10.1.5/14529cbd593571dc9029272ddc9166b5ef113fc2/tomcat-embed-websocket-10.1.5.jar!/, jar:file:/C:/Users/ADMIN/.gradle/caches/modules-2/files-2.1/org.apache.tomcat.embed/tomcat-embed-core/10.1.5/21417d3ef8189e2af05aae0a765ad9204d7211b5/tomcat-embed-core-10.1.5.jar!/, jar:file:/C:/Users/ADMIN/.gradle/caches/modules-2/files-2.1/org.apache.tomcat.embed/tomcat-embed-el/10.1.5/c125df13af42a0fc0cd342370449b1276181e2a1/tomcat-embed-el-10.1.5.jar!/, jar:file:/C:/Users/ADMIN/.gradle/caches/modules-2/files-2.1/io.micrometer/micrometer-observation/1.10.4/96aa92ad7a18c2451c429348c0167eb08a988d4e/micrometer-observation-1.10.4.jar!/, jar:file:/C:/Users/ADMIN/.gradle/caches/modules-2/files-2.1/net.minidev/json-smart/2.4.8/7c62f5f72ab05eb54d40e2abf0360a2fe9ea477f/json-smart-2.4.8.jar!/, jar:file:/C:/Users/ADMIN/.gradle/caches/modules-2/files-2.1/jakarta.activation/jakarta.activation-api/2.1.1/88c774ab863a21fb2fc4219af95379fafe499a31/jakarta.activation-api-2.1.1.jar!/, jar:file:/C:/Users/ADMIN/.gradle/caches/modules-2/files-2.1/net.bytebuddy/byte-buddy/1.12.23/d470526e8c4566c04e9ae5d3ccb62d1a7aa58986/byte-buddy-1.12.23.jar!/, jar:file:/C:/Users/ADMIN/.gradle/caches/modules-2/files-2.1/net.bytebuddy/byte-buddy-agent/1.12.23/1cba11fdb72c383edacb909f79ae6870efd275e4/byte-buddy-agent-1.12.23.jar!/, jar:file:/C:/Users/ADMIN/.gradle/caches/modules-2/files-2.1/org.objenesis/objenesis/3.2/7fadf57620c8b8abdf7519533e5527367cb51f09/objenesis-3.2.jar!/, jar:file:/C:/Users/ADMIN/.m2/repository/com/vaadin/external/google/android-json/0.0.20131108.vaadin1/android-json-0.0.20131108.vaadin1.jar!/, jar:file:/C:/Users/ADMIN/.gradle/caches/modules-2/files-2.1/org.apache.httpcomponents/httpcore/4.4.16/51cf043c87253c9f58b539c9f7e44c8894223850/httpcore-4.4.16.jar!/, jar:file:/C:/Users/ADMIN/.gradle/caches/modules-2/files-2.1/commons-codec/commons-codec/1.15/49d94806b6e3dc933dacbd8acb0fdbab8ebd1e5d/commons-codec-1.15.jar!/, jar:file:/C:/Users/ADMIN/.gradle/caches/modules-2/files-2.1/org.apache.commons/commons-lang3/3.12.0/c6842c86792ff03b9f1d1fe2aab8dc23aa6c6f0e/commons-lang3-3.12.0.jar!/, jar:file:/D:/CODE/microservice/ddd-eshopee-EXPT-modulith/shopee-microservices/common/primitives/build/libs/primitives-2.0-SNAPSHOT.jar!/, jar:file:/C:/Users/ADMIN/.gradle/caches/modules-2/files-2.1/ch.qos.logback/logback-core/1.4.5/e9bb2ea70f84401314da4300343b0a246c8954da/logback-core-1.4.5.jar!/, jar:file:/C:/Users/ADMIN/.gradle/caches/modules-2/files-2.1/org.apache.logging.log4j/log4j-api/2.19.0/ea1b37f38c327596b216542bc636cfdc0b8036fa/log4j-api-2.19.0.jar!/, jar:file:/C:/Users/ADMIN/.gradle/caches/modules-2/files-2.1/org.reactivestreams/reactive-streams/1.0.4/3864a1320d97d7b045f729a326e1e077661f31b7/reactive-streams-1.0.4.jar!/, jar:file:/C:/Users/ADMIN/.gradle/caches/modules-2/files-2.1/io.micrometer/micrometer-commons/1.10.4/a5db33c573c8755e70388f204e83000dc359b63d/micrometer-commons-1.10.4.jar!/, jar:file:/C:/Users/ADMIN/.gradle/caches/modules-2/files-2.1/net.minidev/accessors-smart/2.4.8/6e1bee5a530caba91893604d6ab41d0edcecca9a/accessors-smart-2.4.8.jar!/, jar:file:/C:/Users/ADMIN/.gradle/caches/modules-2/files-2.1/org.opentest4j/opentest4j/1.2.0/28c11eb91f9b6d8e200631d46e20a7f407f2a046/opentest4j-1.2.0.jar!/, jar:file:/C:/Users/ADMIN/.gradle/caches/modules-2/files-2.1/org.attoparser/attoparser/2.0.6.RELEASE/8f603f22a18d4f7258f8860ccbb68b069f49904a/attoparser-2.0.6.RELEASE.jar!/, jar:file:/C:/Users/ADMIN/.gradle/caches/modules-2/files-2.1/org.unbescape/unbescape/1.1.6.RELEASE/7b90360afb2b860e09e8347112800d12c12b2a13/unbescape-1.1.6.RELEASE.jar!/, jar:file:/C:/Users/ADMIN/.gradle/caches/modules-2/files-2.1/org.springframework.retry/spring-retry/2.0.0/6a7a653901b58eb741692417f33b5bebedbd01f7/spring-retry-2.0.0.jar!/, jar:file:/C:/Users/ADMIN/.gradle/caches/modules-2/files-2.1/org.ow2.asm/asm/9.1/a99500cf6eea30535eeac6be73899d048f8d12a8/asm-9.1.jar!/]
19:37:22.887 [Test worker] DEBUG com.tngtech.archunit.core.importer.JavaClassProcessor - Processing class 'com/home/eshopee/shipping/dispatching/Dispatching'
19:37:22.887 [Test worker] DEBUG com.tngtech.archunit.core.importer.JavaClassProcessor - Processing class 'com/home/eshopee/shipping/dispatching/DispatchingSaga'
19:37:22.887 [Test worker] DEBUG com.tngtech.archunit.core.importer.JavaClassProcessor - Processing class 'com/home/eshopee/shipping/dispatching/OrderId'
19:37:22.887 [Test worker] DEBUG com.tngtech.archunit.core.importer.JavaClassProcessor - Processing class 'com/home/eshopee/shipping/dispatching/DeliveryDispatched'
19:37:22.887 [Test worker] DEBUG com.tngtech.archunit.core.importer.JavaClassProcessor - Processing class 'com/home/eshopee/shipping/dispatching/jdbc/DispatchingJdbcConfig'
19:37:22.887 [Test worker] DEBUG com.tngtech.archunit.core.importer.JavaClassProcessor - Processing class 'com/home/eshopee/shipping/dispatching/listeners/DispatchingListeners'
19:37:22.887 [Test worker] DEBUG com.tngtech.archunit.core.importer.JavaClassProcessor - Processing class 'com/home/eshopee/shipping/dispatching/jdbc/DispatchingJdbc'
19:37:22.887 [Test worker] DEBUG com.tngtech.archunit.core.importer.JavaClassProcessor - Processing class 'com/home/eshopee/shipping/dispatching/jdbc/DispatchingSagaJdbc$State'
19:37:22.888 [Test worker] DEBUG com.tngtech.archunit.core.importer.JavaClassProcessor - Processing class 'com/home/eshopee/shipping/dispatching/jdbc/DispatchingSagaJdbc'
19:37:22.888 [Test worker] DEBUG com.tngtech.archunit.core.importer.DependencyResolutionProcess - Automatically resolving transitive class dependencies with the following configuration:
import.dependencyResolutionProcess.maxIterationsForMemberTypes = 1
import.dependencyResolutionProcess.maxIterationsForAccessesToTypes = 1
import.dependencyResolutionProcess.maxIterationsForSupertypes = -1
import.dependencyResolutionProcess.maxIterationsForEnclosingTypes = -1
import.dependencyResolutionProcess.maxIterationsForAnnotationTypes = -1
import.dependencyResolutionProcess.maxIterationsForGenericSignatureTypes = -1
19:37:22.888 [Test worker] DEBUG com.tngtech.archunit.core.importer.JavaClassProcessor - Processing class 'org/springframework/scheduling/annotation/Async'
19:37:22.888 [Test worker] DEBUG com.tngtech.archunit.core.importer.JavaClassProcessor - Processing class 'com/home/eshopee/billing/payment/PaymentCollected'
19:37:22.889 [Test worker] DEBUG com.tngtech.archunit.core.importer.JavaClassProcessor - Processing class 'org/slf4j/LoggerFactory'
19:37:22.889 [Test worker] DEBUG com.tngtech.archunit.core.importer.JavaClassProcessor - Processing class 'com/home/eshopee/warehouse/GoodsFetched'
19:37:22.889 [Test worker] DEBUG com.tngtech.archunit.core.importer.JavaClassProcessor - Processing class 'java/lang/Integer'
19:37:22.889 [Test worker] DEBUG com.tngtech.archunit.core.importer.JavaClassProcessor - Processing class 'org/springframework/jdbc/core/JdbcTemplate'
19:37:22.890 [Test worker] DEBUG com.tngtech.archunit.core.importer.JavaClassProcessor - Processing class 'com/home/eshopee/sales/order/OrderPlaced'
19:37:22.890 [Test worker] DEBUG com.tngtech.archunit.core.importer.JavaClassProcessor - Processing class 'java/lang/Enum'
19:37:22.890 [Test worker] DEBUG com.tngtech.archunit.core.importer.JavaClassProcessor - Processing class 'com/home/eshopee/common/events/DomainEvent'
19:37:22.890 [Test worker] DEBUG com.tngtech.archunit.core.importer.JavaClassProcessor - Processing class 'java/lang/String'
19:37:22.891 [Test worker] DEBUG com.tngtech.archunit.core.importer.JavaClassProcessor - Processing class 'org/slf4j/Logger'
19:37:22.891 [Test worker] DEBUG com.tngtech.archunit.core.importer.JavaClassProcessor - Processing class 'org/springframework/transaction/event/TransactionalEventListener'
19:37:22.892 [Test worker] DEBUG com.tngtech.archunit.core.importer.JavaClassProcessor - Processing class 'com/home/eshopee/common/events/EventPublisher'
19:37:22.892 [Test worker] DEBUG com.tngtech.archunit.core.importer.JavaClassProcessor - Processing class 'com/home/eshopee/shipping/delivery/DeliveryPrepared'
19:37:22.892 [Test worker] DEBUG com.tngtech.archunit.core.importer.JavaClassProcessor - Processing class 'java/lang/IllegalArgumentException'
19:37:22.892 [Test worker] DEBUG com.tngtech.archunit.core.importer.JavaClassProcessor - Processing class 'java/time/Instant'
19:37:22.892 [Test worker] DEBUG com.tngtech.archunit.core.importer.JavaClassProcessor - Processing class 'org/springframework/context/annotation/Configuration'
19:37:22.892 [Test worker] DEBUG com.tngtech.archunit.core.importer.JavaClassProcessor - Processing class 'org/springframework/stereotype/Component'
19:37:22.892 [Test worker] DEBUG com.tngtech.archunit.core.importer.JavaClassProcessor - Processing class 'java/lang/Object'
19:37:22.893 [Test worker] DEBUG com.tngtech.archunit.core.importer.JavaClassProcessor - Processing class 'org/springframework/context/annotation/Bean'
19:37:22.893 [Test worker] DEBUG com.tngtech.archunit.core.importer.JavaClassProcessor - Processing class 'org/springframework/transaction/annotation/Transactional'
19:37:22.893 [Test worker] DEBUG com.tngtech.archunit.core.importer.JavaClassProcessor - Processing class 'java/lang/Throwable'
19:37:22.893 [Test worker] DEBUG com.tngtech.archunit.core.importer.JavaClassProcessor - Processing class 'org/springframework/jdbc/core/JdbcOperations'
19:37:22.893 [Test worker] DEBUG com.tngtech.archunit.core.importer.JavaClassProcessor - Processing class 'java/net/URL'
19:37:22.893 [Test worker] DEBUG com.tngtech.archunit.core.importer.JavaClassProcessor - Processing class 'org/springframework/jdbc/support/JdbcAccessor'
19:37:22.894 [Test worker] DEBUG com.tngtech.archunit.core.importer.JavaClassProcessor - Processing class 'org/springframework/jdbc/core/SqlParameter'
19:37:22.894 [Test worker] DEBUG com.tngtech.archunit.core.importer.JavaClassProcessor - Processing class 'java/lang/annotation/Inherited'
19:37:22.894 [Test worker] DEBUG com.tngtech.archunit.core.importer.JavaClassProcessor - Processing class 'org/slf4j/helpers/CheckReturnValue'
19:37:22.894 [Test worker] DEBUG com.tngtech.archunit.core.importer.JavaClassProcessor - Processing class 'java/lang/annotation/Retention'
19:37:22.894 [Test worker] DEBUG com.tngtech.archunit.core.importer.JavaClassProcessor - Processing class 'java/lang/constant/ConstantDesc'
19:37:22.894 [Test worker] DEBUG com.tngtech.archunit.core.importer.JavaClassProcessor - Processing class 'java/lang/Enum$EnumDesc'
19:37:22.894 [Test worker] DEBUG com.tngtech.archunit.core.importer.JavaClassProcessor - Processing class 'org/springframework/transaction/event/TransactionPhase'
19:37:22.894 [Test worker] DEBUG com.tngtech.archunit.core.importer.JavaClassProcessor - Processing class 'org/springframework/transaction/annotation/Propagation'
19:37:22.894 [Test worker] DEBUG com.tngtech.archunit.core.importer.JavaClassProcessor - Processing class 'java/util/Map'
19:37:22.894 [Test worker] DEBUG com.tngtech.archunit.core.importer.JavaClassProcessor - Processing class 'java/lang/annotation/Documented'
19:37:22.894 [Test worker] DEBUG com.tngtech.archunit.core.importer.JavaClassProcessor - Processing class 'org/springframework/lang/Nullable'
19:37:22.895 [Test worker] DEBUG com.tngtech.archunit.core.importer.JavaClassProcessor - Processing class 'org/springframework/stereotype/Indexed'
19:37:22.895 [Test worker] DEBUG com.tngtech.archunit.core.importer.JavaClassProcessor - Processing class 'java/lang/Number'
19:37:22.895 [Test worker] DEBUG com.tngtech.archunit.core.importer.JavaClassProcessor - Processing class 'org/springframework/core/annotation/AliasFor'
19:37:22.895 [Test worker] DEBUG com.tngtech.archunit.core.importer.JavaClassProcessor - Processing class 'org/springframework/aot/hint/annotation/Reflective'
19:37:22.895 [Test worker] DEBUG com.tngtech.archunit.core.importer.JavaClassProcessor - Processing class 'jdk/internal/vm/annotation/IntrinsicCandidate'
19:37:22.895 [Test worker] DEBUG com.tngtech.archunit.core.importer.JavaClassProcessor - Processing class 'jdk/internal/vm/annotation/ForceInline'
19:37:22.895 [Test worker] DEBUG com.tngtech.archunit.core.importer.JavaClassProcessor - Processing class 'java/lang/CharSequence'
19:37:22.895 [Test worker] DEBUG com.tngtech.archunit.core.importer.JavaClassProcessor - Processing class 'jdk/internal/vm/annotation/Stable'
19:37:22.895 [Test worker] DEBUG com.tngtech.archunit.core.importer.JavaClassProcessor - Processing class 'java/lang/Deprecated'
19:37:22.895 [Test worker] DEBUG com.tngtech.archunit.core.importer.JavaClassProcessor - Processing class 'org/springframework/context/event/EventListener'
19:37:22.895 [Test worker] DEBUG com.tngtech.archunit.core.importer.JavaClassProcessor - Processing class 'java/lang/annotation/Target'
19:37:22.895 [Test worker] DEBUG com.tngtech.archunit.core.importer.JavaClassProcessor - Processing class 'java/lang/RuntimeException'
19:37:22.895 [Test worker] DEBUG com.tngtech.archunit.core.importer.JavaClassProcessor - Processing class 'java/lang/annotation/ElementType'
19:37:22.895 [Test worker] DEBUG com.tngtech.archunit.core.importer.JavaClassProcessor - Processing class 'java/io/Serializable'
19:37:22.895 [Test worker] DEBUG com.tngtech.archunit.core.importer.JavaClassProcessor - Processing class 'java/lang/constant/Constable'
19:37:22.895 [Test worker] DEBUG com.tngtech.archunit.core.importer.JavaClassProcessor - Processing class 'org/slf4j/spi/SLF4JServiceProvider'
19:37:22.895 [Test worker] DEBUG com.tngtech.archunit.core.importer.JavaClassProcessor - Processing class 'java/lang/annotation/Annotation'
19:37:22.895 [Test worker] DEBUG com.tngtech.archunit.core.importer.JavaClassProcessor - Processing class 'java/lang/Comparable'
19:37:22.895 [Test worker] DEBUG com.tngtech.archunit.core.importer.JavaClassProcessor - Processing class 'jdk/internal/ValueBased'
19:37:22.895 [Test worker] DEBUG com.tngtech.archunit.core.importer.JavaClassProcessor - Processing class 'java/time/temporal/Temporal'
19:37:22.895 [Test worker] DEBUG com.tngtech.archunit.core.importer.JavaClassProcessor - Processing class 'java/time/temporal/TemporalAdjuster'
19:37:22.896 [Test worker] DEBUG com.tngtech.archunit.core.importer.JavaClassProcessor - Processing class 'org/springframework/transaction/annotation/Isolation'
19:37:22.896 [Test worker] DEBUG com.tngtech.archunit.core.importer.JavaClassProcessor - Processing class 'java/lang/annotation/RetentionPolicy'
19:37:22.896 [Test worker] DEBUG com.tngtech.archunit.core.importer.JavaClassProcessor - Processing class 'org/springframework/beans/factory/InitializingBean'
19:37:22.896 [Test worker] DEBUG com.tngtech.archunit.core.importer.JavaClassProcessor - Processing class 'java/time/temporal/TemporalAccessor'
19:37:22.896 [Test worker] DEBUG com.tngtech.archunit.core.importer.JavaClassProcessor - Processing class 'java/lang/FunctionalInterface'
19:37:22.896 [Test worker] DEBUG com.tngtech.archunit.core.importer.JavaClassProcessor - Processing class 'org/springframework/aot/hint/annotation/ReflectiveProcessor'
19:37:22.896 [Test worker] DEBUG com.tngtech.archunit.core.importer.JavaClassProcessor - Processing class 'java/util/Map$Entry'
19:37:22.896 [Test worker] DEBUG com.tngtech.archunit.core.importer.JavaClassProcessor - Processing class 'java/lang/SafeVarargs'
19:37:22.896 [Test worker] DEBUG com.tngtech.archunit.core.importer.JavaClassProcessor - Processing class 'java/net/spi/URLStreamHandlerProvider'
19:37:22.896 [Test worker] DEBUG com.tngtech.archunit.core.importer.JavaClassProcessor - Processing class 'java/lang/Exception'
19:37:22.896 [Test worker] DEBUG com.tngtech.archunit.core.importer.JavaClassProcessor - Processing class 'java/lang/constant/DynamicConstantDesc'
19:37:22.896 [Test worker] DEBUG com.tngtech.archunit.core.importer.JavaClassProcessor - Processing class 'java/net/URLStreamHandler'
19:37:22.897 [Test worker] DEBUG com.tngtech.archunit.core.importer.JavaClassProcessor - Processing class 'org/springframework/aot/hint/annotation/SimpleReflectiveProcessor'
19:37:22.897 [Test worker] DEBUG com.tngtech.archunit.core.importer.JavaClassProcessor - Processing class 'java/net/URLStreamHandlerFactory'
19:37:22.897 [Test worker] DEBUG com.tngtech.archunit.core.importer.JavaClassProcessor - Processing class 'java/lang/Float'
19:37:22.897 [Test worker] DEBUG com.tngtech.archunit.core.importer.JavaClassProcessor - Processing class 'java/util/stream/IntStream'
19:37:22.897 [Test worker] DEBUG com.tngtech.archunit.core.importer.JavaClassProcessor - Processing class 'java/util/Spliterator$OfInt'
19:37:22.898 [Test worker] DEBUG com.tngtech.archunit.core.importer.JavaClassProcessor - Processing class 'java/lang/CloneNotSupportedException'
19:37:22.898 [Test worker] DEBUG com.tngtech.archunit.core.importer.JavaClassProcessor - Processing class 'java/lang/Class'
19:37:22.898 [Test worker] DEBUG com.tngtech.archunit.core.importer.JavaClassProcessor - Processing class 'java/util/Optional'
19:37:22.898 [Test worker] DEBUG com.tngtech.archunit.core.importer.JavaClassProcessor - Processing class 'java/io/ObjectInputStream'
19:37:22.899 [Test worker] DEBUG com.tngtech.archunit.core.importer.JavaClassProcessor - Processing class 'java/io/IOException'
19:37:22.899 [Test worker] DEBUG com.tngtech.archunit.core.importer.JavaClassProcessor - Processing class 'java/lang/ClassNotFoundException'
19:37:22.899 [Test worker] DEBUG com.tngtech.archunit.core.importer.JavaClassProcessor - Processing class 'java/io/ObjectStreamException'
19:37:22.899 [Test worker] DEBUG com.tngtech.archunit.core.importer.JavaClassProcessor - Processing class 'java/lang/constant/ClassDesc'
19:37:22.899 [Test worker] DEBUG com.tngtech.archunit.core.importer.JavaClassProcessor - Processing class 'java/lang/invoke/MethodHandles$Lookup'
19:37:22.899 [Test worker] DEBUG com.tngtech.archunit.core.importer.JavaClassProcessor - Processing class 'java/lang/ReflectiveOperationException'
19:37:22.900 [Test worker] DEBUG com.tngtech.archunit.core.importer.JavaClassProcessor - Processing class 'java/lang/NumberFormatException'
19:37:22.900 [Test worker] DEBUG com.tngtech.archunit.core.importer.JavaClassProcessor - Processing class 'java/lang/InterruptedException'
19:37:22.900 [Test worker] DEBUG com.tngtech.archunit.core.importer.JavaClassProcessor - Processing class 'java/io/ObjectStreamField'
19:37:22.900 [Test worker] DEBUG com.tngtech.archunit.core.importer.JavaClassProcessor - Processing class 'java/util/Comparator'
19:37:22.900 [Test worker] DEBUG com.tngtech.archunit.core.importer.JavaClassProcessor - Processing class 'java/lang/Void'
19:37:22.900 [Test worker] DEBUG com.tngtech.archunit.core.importer.JavaClassProcessor - Processing class 'java/nio/charset/Charset'
19:37:22.900 [Test worker] DEBUG com.tngtech.archunit.core.importer.JavaClassProcessor - Processing class 'java/nio/charset/MalformedInputException'
19:37:22.900 [Test worker] DEBUG com.tngtech.archunit.core.importer.JavaClassProcessor - Processing class 'java/nio/charset/CharacterCodingException'
19:37:22.900 [Test worker] DEBUG com.tngtech.archunit.core.importer.JavaClassProcessor - Processing class 'sun/nio/cs/ArrayDecoder'
19:37:22.901 [Test worker] DEBUG com.tngtech.archunit.core.importer.JavaClassProcessor - Processing class 'java/io/UnsupportedEncodingException'
19:37:22.901 [Test worker] DEBUG com.tngtech.archunit.core.importer.JavaClassProcessor - Processing class 'sun/nio/cs/ArrayEncoder'
19:37:22.901 [Test worker] DEBUG com.tngtech.archunit.core.importer.JavaClassProcessor - Processing class 'java/nio/charset/UnmappableCharacterException'
19:37:22.901 [Test worker] DEBUG com.tngtech.archunit.core.importer.JavaClassProcessor - Processing class 'java/nio/charset/CharsetDecoder'
19:37:22.901 [Test worker] DEBUG com.tngtech.archunit.core.importer.JavaClassProcessor - Processing class 'java/lang/StringBuffer'
19:37:22.901 [Test worker] DEBUG com.tngtech.archunit.core.importer.JavaClassProcessor - Processing class 'java/lang/AbstractStringBuilder'
19:37:22.901 [Test worker] DEBUG com.tngtech.archunit.core.importer.JavaClassProcessor - Processing class 'java/lang/Iterable'
19:37:22.901 [Test worker] DEBUG com.tngtech.archunit.core.importer.JavaClassProcessor - Processing class 'java/util/Locale'
19:37:22.902 [Test worker] DEBUG com.tngtech.archunit.core.importer.JavaClassProcessor - Processing class 'java/util/stream/Stream'
19:37:22.902 [Test worker] DEBUG com.tngtech.archunit.core.importer.JavaClassProcessor - Processing class 'java/util/List'
19:37:22.902 [Test worker] DEBUG com.tngtech.archunit.core.importer.JavaClassProcessor - Processing class 'java/util/function/Function'
19:37:22.902 [Test worker] DEBUG com.tngtech.archunit.core.importer.JavaClassProcessor - Processing class 'java/lang/StringBuilder'
19:37:22.903 [Test worker] DEBUG com.tngtech.archunit.core.importer.JavaClassProcessor - Processing class 'java/lang/StackTraceElement'
19:37:22.903 [Test worker] DEBUG com.tngtech.archunit.core.importer.JavaClassProcessor - Processing class 'java/io/PrintStream'
19:37:22.903 [Test worker] DEBUG com.tngtech.archunit.core.importer.JavaClassProcessor - Processing class 'java/lang/Throwable$PrintStreamOrWriter'
19:37:22.903 [Test worker] DEBUG com.tngtech.archunit.core.importer.JavaClassProcessor - Processing class 'java/util/Set'
19:37:22.903 [Test worker] DEBUG com.tngtech.archunit.core.importer.JavaClassProcessor - Processing class 'java/io/PrintWriter'
19:37:22.903 [Test worker] DEBUG com.tngtech.archunit.core.importer.JavaClassProcessor - Processing class 'java/io/ObjectOutputStream'
19:37:22.904 [Test worker] DEBUG com.tngtech.archunit.core.importer.JavaClassProcessor - Processing class 'java/lang/constant/DirectMethodHandleDesc'
19:37:22.904 [Test worker] DEBUG com.tngtech.archunit.core.importer.JavaClassProcessor - Processing class 'java/net/InetAddress'
19:37:22.904 [Test worker] DEBUG com.tngtech.archunit.core.importer.JavaClassProcessor - Processing class 'java/net/UrlDeserializedState'
19:37:22.904 [Test worker] DEBUG com.tngtech.archunit.core.importer.JavaClassProcessor - Processing class 'java/lang/ThreadLocal'
19:37:22.904 [Test worker] DEBUG com.tngtech.archunit.core.importer.JavaClassProcessor - Processing class 'java/util/Hashtable'
19:37:22.904 [Test worker] DEBUG com.tngtech.archunit.core.importer.JavaClassProcessor - Processing class 'java/net/URI'
19:37:22.905 [Test worker] DEBUG com.tngtech.archunit.core.importer.JavaClassProcessor - Processing class 'java/net/MalformedURLException'
19:37:22.905 [Test worker] DEBUG com.tngtech.archunit.core.importer.JavaClassProcessor - Processing class 'java/lang/SecurityManager'
19:37:22.905 [Test worker] DEBUG com.tngtech.archunit.core.importer.JavaClassProcessor - Processing class 'java/net/URISyntaxException'
19:37:22.905 [Test worker] DEBUG com.tngtech.archunit.core.importer.JavaClassProcessor - Processing class 'java/net/URLConnection'
19:37:22.905 [Test worker] DEBUG com.tngtech.archunit.core.importer.JavaClassProcessor - Processing class 'java/net/Proxy'
19:37:22.905 [Test worker] DEBUG com.tngtech.archunit.core.importer.JavaClassProcessor - Processing class 'java/io/InputStream'
19:37:22.905 [Test worker] DEBUG com.tngtech.archunit.core.importer.JavaClassProcessor - Processing class 'java/util/Iterator'
19:37:22.905 [Test worker] DEBUG com.tngtech.archunit.core.importer.JavaClassProcessor - Processing class 'java/io/InvalidObjectException'
19:37:22.905 [Test worker] DEBUG com.tngtech.archunit.core.importer.JavaClassProcessor - Processing class 'sun/net/www/protocol/jar/Handler'
19:37:22.906 [Test worker] DEBUG com.tngtech.archunit.core.importer.JavaClassProcessor - Processing class 'java/time/Clock'
19:37:22.906 [Test worker] DEBUG com.tngtech.archunit.core.importer.JavaClassProcessor - Processing class 'java/time/temporal/TemporalField'
19:37:22.906 [Test worker] DEBUG com.tngtech.archunit.core.importer.JavaClassProcessor - Processing class 'java/time/temporal/ChronoField'
19:37:22.906 [Test worker] DEBUG com.tngtech.archunit.core.importer.JavaClassProcessor - Processing class 'java/time/temporal/TemporalUnit'
19:37:22.906 [Test worker] DEBUG com.tngtech.archunit.core.importer.JavaClassProcessor - Processing class 'java/time/temporal/ChronoUnit'
19:37:22.906 [Test worker] DEBUG com.tngtech.archunit.core.importer.JavaClassProcessor - Processing class 'java/time/temporal/ValueRange'
19:37:22.906 [Test worker] DEBUG com.tngtech.archunit.core.importer.JavaClassProcessor - Processing class 'java/time/temporal/TemporalAmount'
19:37:22.906 [Test worker] DEBUG com.tngtech.archunit.core.importer.JavaClassProcessor - Processing class 'java/time/temporal/TemporalQuery'
19:37:22.906 [Test worker] DEBUG com.tngtech.archunit.core.importer.JavaClassProcessor - Processing class 'java/time/OffsetDateTime'
19:37:22.906 [Test worker] DEBUG com.tngtech.archunit.core.importer.JavaClassProcessor - Processing class 'java/time/ZoneOffset'
19:37:22.906 [Test worker] DEBUG com.tngtech.archunit.core.importer.JavaClassProcessor - Processing class 'java/time/ZonedDateTime'
19:37:22.907 [Test worker] DEBUG com.tngtech.archunit.core.importer.JavaClassProcessor - Processing class 'java/time/ZoneId'
19:37:22.907 [Test worker] DEBUG com.tngtech.archunit.core.importer.JavaClassProcessor - Processing class 'java/io/DataOutput'
19:37:22.907 [Test worker] DEBUG com.tngtech.archunit.core.importer.JavaClassProcessor - Processing class 'java/io/DataInput'
19:37:22.907 [Test worker] DEBUG com.tngtech.archunit.core.importer.JavaClassProcessor - Processing class 'java/util/Collection'
19:37:22.907 [Test worker] DEBUG com.tngtech.archunit.core.importer.JavaClassProcessor - Processing class 'java/util/function/BiConsumer'
19:37:22.907 [Test worker] DEBUG com.tngtech.archunit.core.importer.JavaClassProcessor - Processing class 'java/util/function/BiFunction'
19:37:22.907 [Test worker] DEBUG com.tngtech.archunit.core.importer.JavaClassProcessor - Processing class 'java/util/ImmutableCollections$AbstractImmutableMap'
19:37:22.908 [Test worker] DEBUG com.tngtech.archunit.core.importer.JavaClassProcessor - Processing class 'java/util/KeyValueHolder'
19:37:22.908 [Test worker] DEBUG com.tngtech.archunit.core.importer.JavaClassProcessor - Processing class 'java/lang/invoke/SerializedLambda'
19:37:22.908 [Test worker] DEBUG com.tngtech.archunit.core.importer.JavaClassProcessor - Processing class 'org/slf4j/spi/LoggingEventBuilder'
19:37:22.908 [Test worker] DEBUG com.tngtech.archunit.core.importer.JavaClassProcessor - Processing class 'org/slf4j/event/Level'
19:37:22.908 [Test worker] DEBUG com.tngtech.archunit.core.importer.JavaClassProcessor - Processing class 'org/slf4j/Marker'
19:37:22.908 [Test worker] DEBUG com.tngtech.archunit.core.importer.JavaClassProcessor - Processing class 'org/slf4j/helpers/SubstituteServiceProvider'
19:37:22.908 [Test worker] DEBUG com.tngtech.archunit.core.importer.JavaClassProcessor - Processing class 'org/slf4j/helpers/NOP_FallbackServiceProvider'
19:37:22.909 [Test worker] DEBUG com.tngtech.archunit.core.importer.JavaClassProcessor - Processing class 'java/util/ServiceLoader'
19:37:22.909 [Test worker] DEBUG com.tngtech.archunit.core.importer.JavaClassProcessor - Processing class 'java/lang/ClassLoader'
19:37:22.909 [Test worker] DEBUG com.tngtech.archunit.core.importer.JavaClassProcessor - Processing class 'org/slf4j/event/SubstituteLoggingEvent'
19:37:22.909 [Test worker] DEBUG com.tngtech.archunit.core.importer.JavaClassProcessor - Processing class 'org/slf4j/ILoggerFactory'
19:37:22.909 [Test worker] DEBUG com.tngtech.archunit.core.importer.JavaClassProcessor - Processing class 'org/slf4j/IMarkerFactory'
19:37:22.910 [Test worker] DEBUG com.tngtech.archunit.core.importer.JavaClassProcessor - Processing class 'org/slf4j/spi/MDCAdapter'
19:37:22.910 [Test worker] DEBUG com.tngtech.archunit.core.importer.JavaClassProcessor - Processing class 'org/springframework/aot/hint/ReflectionHints'
19:37:22.910 [Test worker] DEBUG com.tngtech.archunit.core.importer.JavaClassProcessor - Processing class 'java/lang/reflect/AnnotatedElement'
19:37:22.910 [Test worker] DEBUG com.tngtech.archunit.core.importer.JavaClassProcessor - Processing class 'java/lang/reflect/Constructor'
19:37:22.910 [Test worker] DEBUG com.tngtech.archunit.core.importer.JavaClassProcessor - Processing class 'java/lang/reflect/Field'
19:37:22.910 [Test worker] DEBUG com.tngtech.archunit.core.importer.JavaClassProcessor - Processing class 'java/lang/reflect/Method'
19:37:22.911 [Test worker] DEBUG com.tngtech.archunit.core.importer.JavaClassProcessor - Processing class 'org/springframework/jdbc/core/ConnectionCallback'
19:37:22.911 [Test worker] DEBUG com.tngtech.archunit.core.importer.JavaClassProcessor - Processing class 'org/springframework/dao/DataAccessException'
19:37:22.911 [Test worker] DEBUG com.tngtech.archunit.core.importer.JavaClassProcessor - Processing class 'org/springframework/jdbc/core/StatementCallback'
19:37:22.911 [Test worker] DEBUG com.tngtech.archunit.core.importer.JavaClassProcessor - Processing class 'org/springframework/jdbc/core/ResultSetExtractor'
19:37:22.911 [Test worker] DEBUG com.tngtech.archunit.core.importer.JavaClassProcessor - Processing class 'org/springframework/jdbc/core/RowCallbackHandler'
19:37:22.911 [Test worker] DEBUG com.tngtech.archunit.core.importer.JavaClassProcessor - Processing class 'org/springframework/jdbc/core/RowMapper'
19:37:22.912 [Test worker] DEBUG com.tngtech.archunit.core.importer.JavaClassProcessor - Processing class 'org/springframework/jdbc/support/rowset/SqlRowSet'
19:37:22.912 [Test worker] DEBUG com.tngtech.archunit.core.importer.JavaClassProcessor - Processing class 'org/springframework/jdbc/core/PreparedStatementCreator'
19:37:22.912 [Test worker] DEBUG com.tngtech.archunit.core.importer.JavaClassProcessor - Processing class 'org/springframework/jdbc/core/PreparedStatementCallback'
19:37:22.912 [Test worker] DEBUG com.tngtech.archunit.core.importer.JavaClassProcessor - Processing class 'org/springframework/jdbc/core/PreparedStatementSetter'
19:37:22.912 [Test worker] DEBUG com.tngtech.archunit.core.importer.JavaClassProcessor - Processing class 'org/springframework/jdbc/support/KeyHolder'
19:37:22.912 [Test worker] DEBUG com.tngtech.archunit.core.importer.JavaClassProcessor - Processing class 'org/springframework/jdbc/core/BatchPreparedStatementSetter'
19:37:22.913 [Test worker] DEBUG com.tngtech.archunit.core.importer.JavaClassProcessor - Processing class 'org/springframework/jdbc/core/ParameterizedPreparedStatementSetter'
19:37:22.913 [Test worker] DEBUG com.tngtech.archunit.core.importer.JavaClassProcessor - Processing class 'org/springframework/jdbc/core/CallableStatementCreator'
19:37:22.913 [Test worker] DEBUG com.tngtech.archunit.core.importer.JavaClassProcessor - Processing class 'org/springframework/jdbc/core/CallableStatementCallback'
19:37:22.913 [Test worker] DEBUG com.tngtech.archunit.core.importer.JavaClassProcessor - Processing class 'java/sql/Connection'
19:37:22.913 [Test worker] DEBUG com.tngtech.archunit.core.importer.JavaClassProcessor - Processing class 'org/springframework/jdbc/datasource/ConnectionProxy'
19:37:22.913 [Test worker] DEBUG com.tngtech.archunit.core.importer.JavaClassProcessor - Processing class 'org/springframework/jdbc/core/ParameterDisposer'
19:37:22.914 [Test worker] DEBUG com.tngtech.archunit.core.importer.JavaClassProcessor - Processing class 'org/springframework/jdbc/core/SqlReturnResultSet'
19:37:22.914 [Test worker] DEBUG com.tngtech.archunit.core.importer.JavaClassProcessor - Processing class 'java/sql/CallableStatement'
19:37:22.914 [Test worker] DEBUG com.tngtech.archunit.core.importer.JavaClassProcessor - Processing class 'java/sql/SQLException'
19:37:22.914 [Test worker] DEBUG com.tngtech.archunit.core.importer.JavaClassProcessor - Processing class 'org/springframework/jdbc/core/SqlOutParameter'
19:37:22.914 [Test worker] DEBUG com.tngtech.archunit.core.importer.JavaClassProcessor - Processing class 'java/sql/ResultSet'
19:37:22.915 [Test worker] DEBUG com.tngtech.archunit.core.importer.JavaClassProcessor - Processing class 'org/springframework/jdbc/core/ResultSetSupportingSqlParameter'
19:37:22.915 [Test worker] DEBUG com.tngtech.archunit.core.importer.JavaClassProcessor - Processing class 'java/sql/Statement'
19:37:22.915 [Test worker] DEBUG com.tngtech.archunit.core.importer.JavaClassProcessor - Processing class 'java/sql/SQLWarning'
19:37:22.915 [Test worker] DEBUG com.tngtech.archunit.core.importer.JavaClassProcessor - Processing class 'org/springframework/jdbc/SQLWarningException'
19:37:22.915 [Test worker] DEBUG com.tngtech.archunit.core.importer.JavaClassProcessor - Processing class 'org/springframework/jdbc/core/SqlProvider'
19:37:22.915 [Test worker] DEBUG com.tngtech.archunit.core.importer.JavaClassProcessor - Processing class 'java/sql/PreparedStatement'
19:37:22.915 [Test worker] DEBUG com.tngtech.archunit.core.importer.JavaClassProcessor - Processing class 'org/springframework/jdbc/core/InterruptibleBatchPreparedStatementSetter'
19:37:22.915 [Test worker] DEBUG com.tngtech.archunit.core.importer.JavaClassProcessor - Processing class 'org/apache/commons/logging/Log'
19:37:22.916 [Test worker] DEBUG com.tngtech.archunit.core.importer.JavaClassProcessor - Processing class 'javax/sql/DataSource'
19:37:22.916 [Test worker] DEBUG com.tngtech.archunit.core.importer.JavaClassProcessor - Processing class 'org/springframework/jdbc/support/SQLExceptionTranslator'
19:37:22.931 [Test worker] DEBUG com.tngtech.archunit.core.importer.UrlSource$From - Found URLs on sun.boot.class.path: []
19:37:22.936 [Test worker] DEBUG com.tngtech.archunit.core.importer.UrlSource$From - Found URLs on java.class.path: [jar:file:/C:/Users/ADMIN/.gradle/caches/7.4.2/workerMain/gradle-worker.jar!/, file:/D:/CODE/microservice/ddd-eshopee-EXPT-modulith/shopee-microservices/application/build/classes/java/test/, file:/D:/CODE/microservice/ddd-eshopee-EXPT-modulith/shopee-microservices/application/build/resources/test/, file:/D:/CODE/microservice/ddd-eshopee-EXPT-modulith/shopee-microservices/application/build/classes/java/main/, file:/D:/CODE/microservice/ddd-eshopee-EXPT-modulith/shopee-microservices/application/build/resources/main/, jar:file:/D:/CODE/microservice/ddd-eshopee-EXPT-modulith/shopee-microservices/sales/catalog/spring-boot-starter/build/libs/catalog-spring-boot-starter-2.0-SNAPSHOT.jar!/, jar:file:/D:/CODE/microservice/ddd-eshopee-EXPT-modulith/shopee-microservices/sales/cart/spring-boot-starter/build/libs/cart-spring-boot-starter-2.0-SNAPSHOT.jar!/, jar:file:/D:/CODE/microservice/ddd-eshopee-EXPT-modulith/shopee-microservices/sales/order/spring-boot-starter/build/libs/order-spring-boot-starter-2.0-SNAPSHOT.jar!/, jar:file:/D:/CODE/microservice/ddd-eshopee-EXPT-modulith/shopee-microservices/warehouse/spring-boot-starter/build/libs/warehouse-spring-boot-starter-2.0-SNAPSHOT.jar!/, jar:file:/D:/CODE/microservice/ddd-eshopee-EXPT-modulith/shopee-microservices/billing/payment/spring-boot-starter/build/libs/payment-spring-boot-starter-2.0-SNAPSHOT.jar!/, jar:file:/D:/CODE/microservice/ddd-eshopee-EXPT-modulith/shopee-microservices/shipping/delivery/spring-boot-starter/build/libs/delivery-spring-boot-starter-2.0-SNAPSHOT.jar!/, jar:file:/D:/CODE/microservice/ddd-eshopee-EXPT-modulith/shopee-microservices/shipping/dispatching/spring-boot-starter/build/libs/dispatching-spring-boot-starter-2.0-SNAPSHOT.jar!/, jar:file:/D:/CODE/microservice/ddd-eshopee-EXPT-modulith/shopee-microservices/portal/spring-boot-starter/build/libs/portal-spring-boot-starter-2.0-SNAPSHOT.jar!/, jar:file:/D:/CODE/microservice/ddd-eshopee-EXPT-modulith/shopee-microservices/common/application-integration-spring-boot-starter/build/libs/application-integration-spring-boot-starter-2.0-SNAPSHOT.jar!/, jar:file:/C:/Users/ADMIN/.gradle/caches/modules-2/files-2.1/org.springframework.boot/spring-boot-starter-data-redis/3.0.4/e122886d50ec624e51fbaac4bb0d5d17cf7b9764/spring-boot-starter-data-redis-3.0.4.jar!/, jar:file:/C:/Users/ADMIN/.gradle/caches/modules-2/files-2.1/org.springframework.boot/spring-boot-starter-jdbc/3.0.4/e64f229f772dc2952e1978a1f10d7f3a462e105d/spring-boot-starter-jdbc-3.0.4.jar!/, jar:file:/C:/Users/ADMIN/.gradle/caches/modules-2/files-2.1/org.springframework.boot/spring-boot-starter-web/3.0.4/6a7405b436c6943f056cdbab587fe48bdc2b4911/spring-boot-starter-web-3.0.4.jar!/, jar:file:/C:/Users/ADMIN/.gradle/caches/modules-2/files-2.1/org.springframework.boot/spring-boot-starter-test/3.0.4/eb934f1df3e6292d7b5800cfbbc237de90d174de/spring-boot-starter-test-3.0.4.jar!/, jar:file:/C:/Users/ADMIN/.gradle/caches/modules-2/files-2.1/org.springframework.boot/spring-boot-starter-thymeleaf/3.0.4/ea681f9f477da793eb9024a23686db9a59b50bc6/spring-boot-starter-thymeleaf-3.0.4.jar!/, jar:file:/C:/Users/ADMIN/.gradle/caches/modules-2/files-2.1/org.springframework.boot/spring-boot-starter-amqp/3.0.4/804a88a39dc6dce9678eef6f621bd9877f50a7ab/spring-boot-starter-amqp-3.0.4.jar!/, jar:file:/C:/Users/ADMIN/.gradle/caches/modules-2/files-2.1/org.springframework.boot/spring-boot-starter-json/3.0.4/5ddf427d011646fe787fdaa1b8edc4a4eebd48d5/spring-boot-starter-json-3.0.4.jar!/, jar:file:/C:/Users/ADMIN/.gradle/caches/modules-2/files-2.1/org.springframework.boot/spring-boot-starter/3.0.4/8f957a8bc9d70c0ca922406c6e23cb3db5d48109/spring-boot-starter-3.0.4.jar!/, jar:file:/C:/Users/ADMIN/.gradle/caches/modules-2/files-2.1/com.h2database/h2/2.1.214/d5c2005c9e3279201e12d4776c948578b16bf8b2/h2-2.1.214.jar!/, jar:file:/C:/Users/ADMIN/.gradle/caches/modules-2/files-2.1/org.postgresql/postgresql/42.5.4/15015a54f15e340a9a8a6a2c5457429cb1176b8/postgresql-42.5.4.jar!/, jar:file:/C:/Users/ADMIN/.gradle/caches/modules-2/files-2.1/io.rest-assured/rest-assured/5.2.1/131aedaf6ffbb783dbf7b21efe57a849ded8b321/rest-assured-5.2.1.jar!/, jar:file:/C:/Users/ADMIN/.gradle/caches/modules-2/files-2.1/com.tngtech.archunit/archunit/0.23.1/7f93a254a0b88b9209e34db523ed5c2cee2ab25f/archunit-0.23.1.jar!/, jar:file:/D:/CODE/microservice/ddd-eshopee-EXPT-modulith/shopee-microservices/sales/catalog/jdbc/build/libs/catalog-jdbc-2.0-SNAPSHOT.jar!/, jar:file:/D:/CODE/microservice/ddd-eshopee-EXPT-modulith/shopee-microservices/sales/catalog/rest/build/libs/catalog-rest-2.0-SNAPSHOT.jar!/, jar:file:/D:/CODE/microservice/ddd-eshopee-EXPT-modulith/shopee-microservices/sales/catalog/webcomp/build/libs/catalog-webcomp-2.0-SNAPSHOT.jar!/, jar:file:/D:/CODE/microservice/ddd-eshopee-EXPT-modulith/shopee-microservices/sales/cart/jdbc/build/libs/cart-jdbc-2.0-SNAPSHOT.jar!/, jar:file:/D:/CODE/microservice/ddd-eshopee-EXPT-modulith/shopee-microservices/sales/cart/rest/build/libs/cart-rest-2.0-SNAPSHOT.jar!/, jar:file:/D:/CODE/microservice/ddd-eshopee-EXPT-modulith/shopee-microservices/sales/cart/webcomp/build/libs/cart-webcomp-2.0-SNAPSHOT.jar!/, jar:file:/D:/CODE/microservice/ddd-eshopee-EXPT-modulith/shopee-microservices/sales/order/jdbc/build/libs/order-jdbc-2.0-SNAPSHOT.jar!/, jar:file:/D:/CODE/microservice/ddd-eshopee-EXPT-modulith/shopee-microservices/sales/order/rest/build/libs/order-rest-2.0-SNAPSHOT.jar!/, jar:file:/D:/CODE/microservice/ddd-eshopee-EXPT-modulith/shopee-microservices/sales/order/webcomp/build/libs/order-webcomp-2.0-SNAPSHOT.jar!/, jar:file:/D:/CODE/microservice/ddd-eshopee-EXPT-modulith/shopee-microservices/warehouse/jdbc/build/libs/warehouse-jdbc-2.0-SNAPSHOT.jar!/, jar:file:/D:/CODE/microservice/ddd-eshopee-EXPT-modulith/shopee-microservices/warehouse/listeners/build/libs/warehouse-listeners-2.0-SNAPSHOT.jar!/, jar:file:/D:/CODE/microservice/ddd-eshopee-EXPT-modulith/shopee-microservices/warehouse/rest/build/libs/warehouse-rest-2.0-SNAPSHOT.jar!/, jar:file:/D:/CODE/microservice/ddd-eshopee-EXPT-modulith/shopee-microservices/billing/payment/jdbc/build/libs/payment-jdbc-2.0-SNAPSHOT.jar!/, jar:file:/D:/CODE/microservice/ddd-eshopee-EXPT-modulith/shopee-microservices/billing/payment/listeners/build/libs/payment-listeners-2.0-SNAPSHOT.jar!/, jar:file:/D:/CODE/microservice/ddd-eshopee-EXPT-modulith/shopee-microservices/billing/payment/rest/build/libs/payment-rest-2.0-SNAPSHOT.jar!/, jar:file:/D:/CODE/microservice/ddd-eshopee-EXPT-modulith/shopee-microservices/shipping/delivery/jdbc/build/libs/delivery-jdbc-2.0-SNAPSHOT.jar!/, jar:file:/D:/CODE/microservice/ddd-eshopee-EXPT-modulith/shopee-microservices/shipping/delivery/listeners/build/libs/delivery-listeners-2.0-SNAPSHOT.jar!/, jar:file:/D:/CODE/microservice/ddd-eshopee-EXPT-modulith/shopee-microservices/shipping/delivery/rest/build/libs/delivery-rest-2.0-SNAPSHOT.jar!/, jar:file:/D:/CODE/microservice/ddd-eshopee-EXPT-modulith/shopee-microservices/shipping/delivery/webcomp/build/libs/delivery-webcomp-2.0-SNAPSHOT.jar!/, jar:file:/D:/CODE/microservice/ddd-eshopee-EXPT-modulith/shopee-microservices/shipping/dispatching/jdbc/build/libs/dispatching-jdbc-2.0-SNAPSHOT.jar!/, jar:file:/D:/CODE/microservice/ddd-eshopee-EXPT-modulith/shopee-microservices/shipping/dispatching/listeners/build/libs/dispatching-listeners-2.0-SNAPSHOT.jar!/, jar:file:/D:/CODE/microservice/ddd-eshopee-EXPT-modulith/shopee-microservices/portal/web/build/libs/portal-web-2.0-SNAPSHOT.jar!/, jar:file:/D:/CODE/microservice/ddd-eshopee-EXPT-modulith/shopee-microservices/sales/order/domain/build/libs/order-domain-2.0-SNAPSHOT.jar!/, jar:file:/D:/CODE/microservice/ddd-eshopee-EXPT-modulith/shopee-microservices/sales/order/events/build/libs/order-events-2.0-SNAPSHOT.jar!/, jar:file:/D:/CODE/microservice/ddd-eshopee-EXPT-modulith/shopee-microservices/shipping/dispatching/events/build/libs/dispatching-events-2.0-SNAPSHOT.jar!/, jar:file:/D:/CODE/microservice/ddd-eshopee-EXPT-modulith/shopee-microservices/shipping/delivery/domain/build/libs/delivery-domain-2.0-SNAPSHOT.jar!/, jar:file:/D:/CODE/microservice/ddd-eshopee-EXPT-modulith/shopee-microservices/shipping/delivery/events/build/libs/delivery-events-2.0-SNAPSHOT.jar!/, jar:file:/D:/CODE/microservice/ddd-eshopee-EXPT-modulith/shopee-microservices/billing/payment/domain/build/libs/payment-domain-2.0-SNAPSHOT.jar!/, jar:file:/D:/CODE/microservice/ddd-eshopee-EXPT-modulith/shopee-microservices/billing/payment/events/build/libs/payment-events-2.0-SNAPSHOT.jar!/, jar:file:/D:/CODE/microservice/ddd-eshopee-EXPT-modulith/shopee-microservices/warehouse/domain/build/libs/warehouse-domain-2.0-SNAPSHOT.jar!/, jar:file:/D:/CODE/microservice/ddd-eshopee-EXPT-modulith/shopee-microservices/warehouse/events/build/libs/warehouse-events-2.0-SNAPSHOT.jar!/, jar:file:/D:/CODE/microservice/ddd-eshopee-EXPT-modulith/shopee-microservices/common/events/build/libs/events-2.0-SNAPSHOT.jar!/, jar:file:/C:/Users/ADMIN/.gradle/caches/modules-2/files-2.1/com.fasterxml.jackson.datatype/jackson-datatype-jdk8/2.14.2/2f3c71211b6ea7a978eba33574d7135d536e07fb/jackson-datatype-jdk8-2.14.2.jar!/, jar:file:/C:/Users/ADMIN/.gradle/caches/modules-2/files-2.1/com.fasterxml.jackson.module/jackson-module-parameter-names/2.14.2/2b6c19b3d99dda02915515df879ab9e23fed3864/jackson-module-parameter-names-2.14.2.jar!/, jar:file:/C:/Users/ADMIN/.gradle/caches/modules-2/files-2.1/com.fasterxml.jackson.core/jackson-databind/2.14.2/1e71fddbc80bb86f71a6345ac1e8ab8a00e7134/jackson-databind-2.14.2.jar!/, jar:file:/C:/Users/ADMIN/.gradle/caches/modules-2/files-2.1/com.fasterxml.jackson.core/jackson-annotations/2.14.2/a7aae9525864930723e3453ab799521fdfd9d873/jackson-annotations-2.14.2.jar!/, jar:file:/C:/Users/ADMIN/.gradle/caches/modules-2/files-2.1/com.fasterxml.jackson.core/jackson-core/2.14.2/f804090e6399ce0cf78242db086017512dd71fcc/jackson-core-2.14.2.jar!/, jar:file:/C:/Users/ADMIN/.gradle/caches/modules-2/files-2.1/com.fasterxml.jackson.datatype/jackson-datatype-jsr310/2.14.2/796518148a385b2728d44886cc0f8852eb8eeb53/jackson-datatype-jsr310-2.14.2.jar!/, jar:file:/C:/Users/ADMIN/.gradle/caches/modules-2/files-2.1/org.springframework.boot/spring-boot-test-autoconfigure/3.0.4/3d28e21dc5cea68949d1f0b6a4051e7deeacf6cc/spring-boot-test-autoconfigure-3.0.4.jar!/, jar:file:/C:/Users/ADMIN/.gradle/caches/modules-2/files-2.1/org.springframework.boot/spring-boot-autoconfigure/3.0.4/7eb11bff0f965807f1088da20bc169bff27d284/spring-boot-autoconfigure-3.0.4.jar!/, jar:file:/C:/Users/ADMIN/.gradle/caches/modules-2/files-2.1/org.springframework.boot/spring-boot-test/3.0.4/4c1c72ff838b4f1191321aa01d1e98d68f882280/spring-boot-test-3.0.4.jar!/, jar:file:/C:/Users/ADMIN/.gradle/caches/modules-2/files-2.1/org.springframework.boot/spring-boot/3.0.4/27e5fceb2faf8ec399df70a2ff4e626a3423ae35/spring-boot-3.0.4.jar!/, jar:file:/C:/Users/ADMIN/.gradle/caches/modules-2/files-2.1/org.springframework.boot/spring-boot-starter-logging/3.0.4/31b32774c6ec2eceb3f75bdef7ddd8afd7059255/spring-boot-starter-logging-3.0.4.jar!/, jar:file:/C:/Users/ADMIN/.gradle/caches/modules-2/files-2.1/org.springframework.boot/spring-boot-starter-tomcat/3.0.4/40babd5ca3db46adf7c59b70ca2e6f2a528b558c/spring-boot-starter-tomcat-3.0.4.jar!/, jar:file:/C:/Users/ADMIN/.gradle/caches/modules-2/files-2.1/jakarta.annotation/jakarta.annotation-api/2.1.1/48b9bda22b091b1f48b13af03fe36db3be6e1ae3/jakarta.annotation-api-2.1.1.jar!/, jar:file:/C:/Users/ADMIN/.gradle/caches/modules-2/files-2.1/org.springframework/spring-jdbc/6.0.6/151e730f45832d42c6535b0bc6d7cebeabcaf844/spring-jdbc-6.0.6.jar!/, jar:file:/C:/Users/ADMIN/.gradle/caches/modules-2/files-2.1/org.springframework/spring-webmvc/6.0.6/302580efc981ad6797a85814ea0996e2149bb420/spring-webmvc-6.0.6.jar!/, jar:file:/C:/Users/ADMIN/.gradle/caches/modules-2/files-2.1/org.springframework/spring-web/6.0.6/2916961032e54aaeb534a290530b7b69e297bfcc/spring-web-6.0.6.jar!/, jar:file:/C:/Users/ADMIN/.gradle/caches/modules-2/files-2.1/org.springframework/spring-test/6.0.6/e94217b5c8cdf8f954d10251449fc98bdd8fc756/spring-test-6.0.6.jar!/, jar:file:/C:/Users/ADMIN/.gradle/caches/modules-2/files-2.1/org.springframework.data/spring-data-redis/3.0.3/6e8f59ca594ea86b56eacba74ae343d188771905/spring-data-redis-3.0.3.jar!/, jar:file:/C:/Users/ADMIN/.gradle/caches/modules-2/files-2.1/org.springframework.amqp/spring-rabbit/3.0.2/910f6a931b70f874ab03ba3dc0df2c6e05de12b8/spring-rabbit-3.0.2.jar!/, jar:file:/C:/Users/ADMIN/.gradle/caches/modules-2/files-2.1/org.springframework.data/spring-data-keyvalue/3.0.3/20ebdf1c5fb12aa0b5be9e67791e6c457f6e8968/spring-data-keyvalue-3.0.3.jar!/, jar:file:/C:/Users/ADMIN/.gradle/caches/modules-2/files-2.1/org.springframework/spring-tx/6.0.6/e86b3073d9640e17e5581a6aebb0d2794c407c46/spring-tx-6.0.6.jar!/, jar:file:/C:/Users/ADMIN/.gradle/caches/modules-2/files-2.1/org.springframework/spring-context-support/6.0.6/363228b8abc8b7ff569b10195f28652c7b65a41/spring-context-support-6.0.6.jar!/, jar:file:/C:/Users/ADMIN/.gradle/caches/modules-2/files-2.1/org.springframework/spring-context/6.0.6/fbd2b7c23adb2ec2f7ca601b3e7d79ae10e342a/spring-context-6.0.6.jar!/, jar:file:/C:/Users/ADMIN/.gradle/caches/modules-2/files-2.1/org.springframework/spring-messaging/6.0.6/42392bdb43a691e7c7bf4da296fef598a3127f37/spring-messaging-6.0.6.jar!/, jar:file:/C:/Users/ADMIN/.gradle/caches/modules-2/files-2.1/org.springframework/spring-oxm/6.0.6/e0bab7269ffaec4df3a9f221b4810b392c5ac492/spring-oxm-6.0.6.jar!/, jar:file:/C:/Users/ADMIN/.gradle/caches/modules-2/files-2.1/org.springframework/spring-aop/6.0.6/c95dc800fdce470519b7135272e64d4606fc8428/spring-aop-6.0.6.jar!/, jar:file:/C:/Users/ADMIN/.gradle/caches/modules-2/files-2.1/org.springframework.data/spring-data-commons/3.0.3/4492e9d25d7e8714f5ebfdd9e607dd7e0998038e/spring-data-commons-3.0.3.jar!/, jar:file:/C:/Users/ADMIN/.gradle/caches/modules-2/files-2.1/org.springframework/spring-beans/6.0.6/48ea4ba141146b3acaad0c7df80d2a06afeb95fd/spring-beans-6.0.6.jar!/, jar:file:/C:/Users/ADMIN/.gradle/caches/modules-2/files-2.1/org.springframework/spring-expression/6.0.6/2006ee0e1be8380f05c29deb52a97d3a1e6812d7/spring-expression-6.0.6.jar!/, jar:file:/C:/Users/ADMIN/.gradle/caches/modules-2/files-2.1/org.springframework.amqp/spring-amqp/3.0.2/698cf3a55e202356034288ed0bdccc2f8579b7e2/spring-amqp-3.0.2.jar!/, jar:file:/C:/Users/ADMIN/.gradle/caches/modules-2/files-2.1/org.springframework/spring-core/6.0.6/8a2845e0945923a9ebf3e9ef0649a28b6eeeac43/spring-core-6.0.6.jar!/, jar:file:/C:/Users/ADMIN/.gradle/caches/modules-2/files-2.1/org.yaml/snakeyaml/1.33/2cd0a87ff7df953f810c344bdf2fe3340b954c69/snakeyaml-1.33.jar!/, jar:file:/C:/Users/ADMIN/.gradle/caches/modules-2/files-2.1/io.lettuce/lettuce-core/6.2.3.RELEASE/3d671a51095ef90b817a690ef1b569b24b309665/lettuce-core-6.2.3.RELEASE.jar!/, jar:file:/C:/Users/ADMIN/.gradle/caches/modules-2/files-2.1/com.zaxxer/HikariCP/5.0.1/a74c7f0a37046846e88d54f7cb6ea6d565c65f9c/HikariCP-5.0.1.jar!/, jar:file:/C:/Users/ADMIN/.gradle/caches/modules-2/files-2.1/org.checkerframework/checker-qual/3.5.0/2f50520c8abea66fbd8d26e481d3aef5c673b510/checker-qual-3.5.0.jar!/, jar:file:/C:/Users/ADMIN/.gradle/caches/modules-2/files-2.1/com.jayway.jsonpath/json-path/2.7.0/f9d7d9659f2694e61142046ff8a216c047f263e8/json-path-2.7.0.jar!/, jar:file:/C:/Users/ADMIN/.gradle/caches/modules-2/files-2.1/jakarta.xml.bind/jakarta.xml.bind-api/4.0.0/bbb399208d288b15ec101fa4fcfc4bd77cedc97a/jakarta.xml.bind-api-4.0.0.jar!/, jar:file:/C:/Users/ADMIN/.gradle/caches/modules-2/files-2.1/org.assertj/assertj-core/3.23.1/d2bb60570f5b3d7ffa8f8000118c9c07b86eca93/assertj-core-3.23.1.jar!/, jar:file:/C:/Users/ADMIN/.gradle/caches/modules-2/files-2.1/org.hamcrest/hamcrest/2.2/1820c0968dba3a11a1b30669bb1f01978a91dedc/hamcrest-2.2.jar!/, jar:file:/C:/Users/ADMIN/.gradle/caches/modules-2/files-2.1/org.mockito/mockito-junit-jupiter/4.8.1/e393aa62eca2244a535b03842843f2f199343d1f/mockito-junit-jupiter-4.8.1.jar!/, jar:file:/C:/Users/ADMIN/.gradle/caches/modules-2/files-2.1/org.junit.jupiter/junit-jupiter-params/5.9.2/bc2765afb7b85b583c710dd259a11c6b8c39e912/junit-jupiter-params-5.9.2.jar!/, jar:file:/C:/Users/ADMIN/.gradle/caches/modules-2/files-2.1/org.junit.jupiter/junit-jupiter-engine/5.9.2/572f7a553b53f83ee59cc045ce1c3772864ab76c/junit-jupiter-engine-5.9.2.jar!/, jar:file:/C:/Users/ADMIN/.gradle/caches/modules-2/files-2.1/org.junit.jupiter/junit-jupiter-api/5.9.2/fed843581520eac594bc36bb4b0f55e7b947dda9/junit-jupiter-api-5.9.2.jar!/, jar:file:/C:/Users/ADMIN/.gradle/caches/modules-2/files-2.1/org.junit.platform/junit-platform-engine/1.9.2/40aeef2be7b04f96bb91e8b054affc28b7c7c935/junit-platform-engine-1.9.2.jar!/, jar:file:/C:/Users/ADMIN/.gradle/caches/modules-2/files-2.1/org.junit.platform/junit-platform-commons/1.9.2/6f9f8621d8230cd38aa42e58ccbc0c00569131ce/junit-platform-commons-1.9.2.jar!/, jar:file:/C:/Users/ADMIN/.gradle/caches/modules-2/files-2.1/org.junit.jupiter/junit-jupiter/5.9.2/26c586fbe0ebd81b48c9f11f0d998124248697ae/junit-jupiter-5.9.2.jar!/, jar:file:/C:/Users/ADMIN/.gradle/caches/modules-2/files-2.1/org.mockito/mockito-core/4.8.1/d8eb9dec8747d08645347bb8c69088ac83197975/mockito-core-4.8.1.jar!/, jar:file:/C:/Users/ADMIN/.gradle/caches/modules-2/files-2.1/org.skyscreamer/jsonassert/1.5.1/6d842d0faf4cf6725c509a5e5347d319ee0431c3/jsonassert-1.5.1.jar!/, jar:file:/C:/Users/ADMIN/.gradle/caches/modules-2/files-2.1/org.xmlunit/xmlunit-core/2.9.1/e5833662d9a1279a37da3ef6f62a1da29fcd68c4/xmlunit-core-2.9.1.jar!/, jar:file:/C:/Users/ADMIN/.gradle/caches/modules-2/files-2.1/io.rest-assured/xml-path/5.2.1/3918e4080bd677b1b4683bdd82a19be78d5c0ec2/xml-path-5.2.1.jar!/, jar:file:/C:/Users/ADMIN/.gradle/caches/modules-2/files-2.1/io.rest-assured/json-path/5.2.1/f53d9cefcf3e3f4554f390ec17d278c47d4125ad/json-path-5.2.1.jar!/, jar:file:/C:/Users/ADMIN/.gradle/caches/modules-2/files-2.1/org.apache.groovy/groovy-json/4.0.9/122759fca67c3ef87ea7d48a3057af362a360089/groovy-json-4.0.9.jar!/, jar:file:/C:/Users/ADMIN/.gradle/caches/modules-2/files-2.1/org.apache.groovy/groovy-xml/4.0.9/b22d2ae189670d4ccc58bc4ef003d922b85cb0d5/groovy-xml-4.0.9.jar!/, jar:file:/C:/Users/ADMIN/.gradle/caches/modules-2/files-2.1/io.rest-assured/rest-assured-common/5.2.1/f506be4e8fb8c2adbbfdff9720fad420b76e6543/rest-assured-common-5.2.1.jar!/, jar:file:/C:/Users/ADMIN/.gradle/caches/modules-2/files-2.1/org.apache.groovy/groovy/4.0.9/80605ad828d16fd5d6349628b8d77e5761b2b4c4/groovy-4.0.9.jar!/, jar:file:/C:/Users/ADMIN/.gradle/caches/modules-2/files-2.1/org.apache.httpcomponents/httpmime/4.5.14/6662758a1f1cb1149cf916bdac28332e0902ec44/httpmime-4.5.14.jar!/, jar:file:/C:/Users/ADMIN/.gradle/caches/modules-2/files-2.1/org.apache.httpcomponents/httpclient/4.5.14/1194890e6f56ec29177673f2f12d0b8e627dec98/httpclient-4.5.14.jar!/, jar:file:/C:/Users/ADMIN/.gradle/caches/modules-2/files-2.1/org.ccil.cowan.tagsoup/tagsoup/1.2.1/5584627487e984c03456266d3f8802eb85a9ce97/tagsoup-1.2.1.jar!/, jar:file:/C:/Users/ADMIN/.gradle/caches/modules-2/files-2.1/org.thymeleaf/thymeleaf-spring6/3.1.1.RELEASE/deb52ef921a4ac5132fedb7ebfc2bc1dad4382b3/thymeleaf-spring6-3.1.1.RELEASE.jar!/, jar:file:/C:/Users/ADMIN/.gradle/caches/modules-2/files-2.1/ch.qos.logback/logback-classic/1.4.5/28e7dc0b208d6c3f15beefd73976e064b4ecfa9b/logback-classic-1.4.5.jar!/, jar:file:/C:/Users/ADMIN/.gradle/caches/modules-2/files-2.1/org.apache.logging.log4j/log4j-to-slf4j/2.19.0/30f4812e43172ecca5041da2cb6b965cc4777c19/log4j-to-slf4j-2.19.0.jar!/, jar:file:/C:/Users/ADMIN/.gradle/caches/modules-2/files-2.1/org.slf4j/jul-to-slf4j/2.0.6/c4d348977a83a0bfcf42fd6fd1fee6e7904f1a0c/jul-to-slf4j-2.0.6.jar!/, jar:file:/C:/Users/ADMIN/.gradle/caches/modules-2/files-2.1/org.thymeleaf/thymeleaf/3.1.1.RELEASE/374a129dfa5e7d7f1a46eacc4d49e594ca0cf26f/thymeleaf-3.1.1.RELEASE.jar!/, jar:file:/C:/Users/ADMIN/.gradle/caches/modules-2/files-2.1/com.rabbitmq/amqp-client/5.16.0/c70c66a8e5a92e41adf618efa7d8025db29cdf3/amqp-client-5.16.0.jar!/, jar:file:/C:/Users/ADMIN/.gradle/caches/modules-2/files-2.1/org.slf4j/slf4j-api/2.0.6/88c40d8b4f33326f19a7d3c0aaf2c7e8721d4953/slf4j-api-2.0.6.jar!/, jar:file:/D:/CODE/microservice/ddd-eshopee-EXPT-modulith/shopee-microservices/sales/catalog/domain/build/libs/catalog-domain-2.0-SNAPSHOT.jar!/, jar:file:/D:/CODE/microservice/ddd-eshopee-EXPT-modulith/shopee-microservices/sales/cart/domain/build/libs/cart-domain-2.0-SNAPSHOT.jar!/, jar:file:/D:/CODE/microservice/ddd-eshopee-EXPT-modulith/shopee-microservices/shipping/dispatching/domain/build/libs/dispatching-domain-2.0-SNAPSHOT.jar!/, jar:file:/C:/Users/ADMIN/.gradle/caches/modules-2/files-2.1/org.springframework/spring-jcl/6.0.6/f13cd8a561e71fb65c63201113d766fcd7a2b06f/spring-jcl-6.0.6.jar!/, jar:file:/C:/Users/ADMIN/.gradle/caches/modules-2/files-2.1/io.netty/netty-handler/4.1.89.Final/ced584e9eba5a6b7aad7c6a28a60c13375459f1a/netty-handler-4.1.89.Final.jar!/, jar:file:/C:/Users/ADMIN/.gradle/caches/modules-2/files-2.1/io.netty/netty-transport-native-unix-common/4.1.89.Final/a7717ed61393d5aad202a92bb02f661ed525bf86/netty-transport-native-unix-common-4.1.89.Final.jar!/, jar:file:/C:/Users/ADMIN/.gradle/caches/modules-2/files-2.1/io.netty/netty-codec/4.1.89.Final/f03a649ffa405ca4c802a8bfcc2abfe70ae485ca/netty-codec-4.1.89.Final.jar!/, jar:file:/C:/Users/ADMIN/.gradle/caches/modules-2/files-2.1/io.netty/netty-transport/4.1.89.Final/e7ff320310eafe302c0dfb9690ae7201ab61ead2/netty-transport-4.1.89.Final.jar!/, jar:file:/C:/Users/ADMIN/.gradle/caches/modules-2/files-2.1/io.netty/netty-resolver/4.1.89.Final/686b21bf3488747bc834ee9e60a863f37b71f35e/netty-resolver-4.1.89.Final.jar!/, jar:file:/C:/Users/ADMIN/.gradle/caches/modules-2/files-2.1/io.netty/netty-buffer/4.1.89.Final/b1d3dbf69a75eaa8793c7e00cff2851dac9fd725/netty-buffer-4.1.89.Final.jar!/, jar:file:/C:/Users/ADMIN/.gradle/caches/modules-2/files-2.1/io.netty/netty-common/4.1.89.Final/c0c80bfe45cc85da5030ea8fc64071e28d0f6f5f/netty-common-4.1.89.Final.jar!/, jar:file:/C:/Users/ADMIN/.gradle/caches/modules-2/files-2.1/io.projectreactor/reactor-core/3.5.3/dd102ecdb21ff78a486074dbad55331f8847eb5d/reactor-core-3.5.3.jar!/, jar:file:/C:/Users/ADMIN/.gradle/caches/modules-2/files-2.1/org.apache.tomcat.embed/tomcat-embed-websocket/10.1.5/14529cbd593571dc9029272ddc9166b5ef113fc2/tomcat-embed-websocket-10.1.5.jar!/, jar:file:/C:/Users/ADMIN/.gradle/caches/modules-2/files-2.1/org.apache.tomcat.embed/tomcat-embed-core/10.1.5/21417d3ef8189e2af05aae0a765ad9204d7211b5/tomcat-embed-core-10.1.5.jar!/, jar:file:/C:/Users/ADMIN/.gradle/caches/modules-2/files-2.1/org.apache.tomcat.embed/tomcat-embed-el/10.1.5/c125df13af42a0fc0cd342370449b1276181e2a1/tomcat-embed-el-10.1.5.jar!/, jar:file:/C:/Users/ADMIN/.gradle/caches/modules-2/files-2.1/io.micrometer/micrometer-observation/1.10.4/96aa92ad7a18c2451c429348c0167eb08a988d4e/micrometer-observation-1.10.4.jar!/, jar:file:/C:/Users/ADMIN/.gradle/caches/modules-2/files-2.1/net.minidev/json-smart/2.4.8/7c62f5f72ab05eb54d40e2abf0360a2fe9ea477f/json-smart-2.4.8.jar!/, jar:file:/C:/Users/ADMIN/.gradle/caches/modules-2/files-2.1/jakarta.activation/jakarta.activation-api/2.1.1/88c774ab863a21fb2fc4219af95379fafe499a31/jakarta.activation-api-2.1.1.jar!/, jar:file:/C:/Users/ADMIN/.gradle/caches/modules-2/files-2.1/net.bytebuddy/byte-buddy/1.12.23/d470526e8c4566c04e9ae5d3ccb62d1a7aa58986/byte-buddy-1.12.23.jar!/, jar:file:/C:/Users/ADMIN/.gradle/caches/modules-2/files-2.1/net.bytebuddy/byte-buddy-agent/1.12.23/1cba11fdb72c383edacb909f79ae6870efd275e4/byte-buddy-agent-1.12.23.jar!/, jar:file:/C:/Users/ADMIN/.gradle/caches/modules-2/files-2.1/org.objenesis/objenesis/3.2/7fadf57620c8b8abdf7519533e5527367cb51f09/objenesis-3.2.jar!/, jar:file:/C:/Users/ADMIN/.m2/repository/com/vaadin/external/google/android-json/0.0.20131108.vaadin1/android-json-0.0.20131108.vaadin1.jar!/, jar:file:/C:/Users/ADMIN/.gradle/caches/modules-2/files-2.1/org.apache.httpcomponents/httpcore/4.4.16/51cf043c87253c9f58b539c9f7e44c8894223850/httpcore-4.4.16.jar!/, jar:file:/C:/Users/ADMIN/.gradle/caches/modules-2/files-2.1/commons-codec/commons-codec/1.15/49d94806b6e3dc933dacbd8acb0fdbab8ebd1e5d/commons-codec-1.15.jar!/, jar:file:/C:/Users/ADMIN/.gradle/caches/modules-2/files-2.1/org.apache.commons/commons-lang3/3.12.0/c6842c86792ff03b9f1d1fe2aab8dc23aa6c6f0e/commons-lang3-3.12.0.jar!/, jar:file:/D:/CODE/microservice/ddd-eshopee-EXPT-modulith/shopee-microservices/common/primitives/build/libs/primitives-2.0-SNAPSHOT.jar!/, jar:file:/C:/Users/ADMIN/.gradle/caches/modules-2/files-2.1/ch.qos.logback/logback-core/1.4.5/e9bb2ea70f84401314da4300343b0a246c8954da/logback-core-1.4.5.jar!/, jar:file:/C:/Users/ADMIN/.gradle/caches/modules-2/files-2.1/org.apache.logging.log4j/log4j-api/2.19.0/ea1b37f38c327596b216542bc636cfdc0b8036fa/log4j-api-2.19.0.jar!/, jar:file:/C:/Users/ADMIN/.gradle/caches/modules-2/files-2.1/org.reactivestreams/reactive-streams/1.0.4/3864a1320d97d7b045f729a326e1e077661f31b7/reactive-streams-1.0.4.jar!/, jar:file:/C:/Users/ADMIN/.gradle/caches/modules-2/files-2.1/io.micrometer/micrometer-commons/1.10.4/a5db33c573c8755e70388f204e83000dc359b63d/micrometer-commons-1.10.4.jar!/, jar:file:/C:/Users/ADMIN/.gradle/caches/modules-2/files-2.1/net.minidev/accessors-smart/2.4.8/6e1bee5a530caba91893604d6ab41d0edcecca9a/accessors-smart-2.4.8.jar!/, jar:file:/C:/Users/ADMIN/.gradle/caches/modules-2/files-2.1/org.opentest4j/opentest4j/1.2.0/28c11eb91f9b6d8e200631d46e20a7f407f2a046/opentest4j-1.2.0.jar!/, jar:file:/C:/Users/ADMIN/.gradle/caches/modules-2/files-2.1/org.attoparser/attoparser/2.0.6.RELEASE/8f603f22a18d4f7258f8860ccbb68b069f49904a/attoparser-2.0.6.RELEASE.jar!/, jar:file:/C:/Users/ADMIN/.gradle/caches/modules-2/files-2.1/org.unbescape/unbescape/1.1.6.RELEASE/7b90360afb2b860e09e8347112800d12c12b2a13/unbescape-1.1.6.RELEASE.jar!/, jar:file:/C:/Users/ADMIN/.gradle/caches/modules-2/files-2.1/org.springframework.retry/spring-retry/2.0.0/6a7a653901b58eb741692417f33b5bebedbd01f7/spring-retry-2.0.0.jar!/, jar:file:/C:/Users/ADMIN/.gradle/caches/modules-2/files-2.1/org.ow2.asm/asm/9.1/a99500cf6eea30535eeac6be73899d048f8d12a8/asm-9.1.jar!/]
19:37:22.948 [Test worker] DEBUG com.tngtech.archunit.core.importer.JavaClassProcessor - Processing class 'com/home/eshopee/sales/order/rest/OrderController$PlaceRequest'
19:37:22.949 [Test worker] DEBUG com.tngtech.archunit.core.importer.JavaClassProcessor - Processing class 'com/home/eshopee/sales/order/rest/OrderController'
19:37:22.949 [Test worker] DEBUG com.tngtech.archunit.core.importer.JavaClassProcessor - Processing class 'com/home/eshopee/sales/order/jdbc/OrderJdbcConfig'
19:37:22.949 [Test worker] DEBUG com.tngtech.archunit.core.importer.JavaClassProcessor - Processing class 'com/home/eshopee/sales/order/OrderPlaced'
19:37:22.949 [Test worker] DEBUG com.tngtech.archunit.core.importer.JavaClassProcessor - Processing class 'com/home/eshopee/sales/order/jdbc/FindOrdersJdbc'
19:37:22.949 [Test worker] DEBUG com.tngtech.archunit.core.importer.JavaClassProcessor - Processing class 'com/home/eshopee/sales/order/jdbc/OrderJdbc'
19:37:22.950 [Test worker] DEBUG com.tngtech.archunit.core.importer.JavaClassProcessor - Processing class 'com/home/eshopee/sales/order/jdbc/PlaceOrderJdbc'
19:37:22.950 [Test worker] DEBUG com.tngtech.archunit.core.importer.JavaClassProcessor - Processing class 'com/home/eshopee/sales/order/jdbc/UnknownOrder'
19:37:22.950 [Test worker] DEBUG com.tngtech.archunit.core.importer.JavaClassProcessor - Processing class 'com/home/eshopee/sales/order/FindOrders'
19:37:22.950 [Test worker] DEBUG com.tngtech.archunit.core.importer.JavaClassProcessor - Processing class 'com/home/eshopee/sales/order/item/OrderItem'
19:37:22.950 [Test worker] DEBUG com.tngtech.archunit.core.importer.JavaClassProcessor - Processing class 'com/home/eshopee/sales/order/item/ProductId'
19:37:22.950 [Test worker] DEBUG com.tngtech.archunit.core.importer.JavaClassProcessor - Processing class 'com/home/eshopee/sales/order/Order$OrderHasNoItemsException'
19:37:22.950 [Test worker] DEBUG com.tngtech.archunit.core.importer.JavaClassProcessor - Processing class 'com/home/eshopee/sales/order/Order'
19:37:22.950 [Test worker] DEBUG com.tngtech.archunit.core.importer.JavaClassProcessor - Processing class 'com/home/eshopee/sales/order/OrderId'
19:37:22.951 [Test worker] DEBUG com.tngtech.archunit.core.importer.JavaClassProcessor - Processing class 'com/home/eshopee/sales/order/PlaceableOrder$OrderAlreadyPlacedException'
19:37:22.951 [Test worker] DEBUG com.tngtech.archunit.core.importer.JavaClassProcessor - Processing class 'com/home/eshopee/sales/order/PlaceableOrder'
19:37:22.951 [Test worker] DEBUG com.tngtech.archunit.core.importer.JavaClassProcessor - Processing class 'com/home/eshopee/sales/order/PlaceOrder'
19:37:22.951 [Test worker] DEBUG com.tngtech.archunit.core.importer.DependencyResolutionProcess - Automatically resolving transitive class dependencies with the following configuration:
import.dependencyResolutionProcess.maxIterationsForMemberTypes = 1
import.dependencyResolutionProcess.maxIterationsForAccessesToTypes = 1
import.dependencyResolutionProcess.maxIterationsForSupertypes = -1
import.dependencyResolutionProcess.maxIterationsForEnclosingTypes = -1
import.dependencyResolutionProcess.maxIterationsForAnnotationTypes = -1
import.dependencyResolutionProcess.maxIterationsForGenericSignatureTypes = -1
19:37:22.951 [Test worker] DEBUG com.tngtech.archunit.core.importer.JavaClassProcessor - Processing class 'java/lang/Float'
19:37:22.951 [Test worker] DEBUG com.tngtech.archunit.core.importer.JavaClassProcessor - Processing class 'java/lang/IllegalStateException'
19:37:22.952 [Test worker] DEBUG com.tngtech.archunit.core.importer.JavaClassProcessor - Processing class 'org/slf4j/LoggerFactory'
19:37:22.952 [Test worker] DEBUG com.tngtech.archunit.core.importer.JavaClassProcessor - Processing class 'java/lang/Integer'
19:37:22.953 [Test worker] DEBUG com.tngtech.archunit.core.importer.JavaClassProcessor - Processing class 'com/home/eshopee/common/primitives/Money'
19:37:22.953 [Test worker] DEBUG com.tngtech.archunit.core.importer.JavaClassProcessor - Processing class 'java/math/BigDecimal'
19:37:22.954 [Test worker] DEBUG com.tngtech.archunit.core.importer.JavaClassProcessor - Processing class 'java/util/Map'
19:37:22.955 [Test worker] DEBUG com.tngtech.archunit.core.importer.JavaClassProcessor - Processing class 'org/springframework/web/bind/annotation/PostMapping'
19:37:22.955 [Test worker] DEBUG com.tngtech.archunit.core.importer.JavaClassProcessor - Processing class 'java/util/Collection'
19:37:22.956 [Test worker] DEBUG com.tngtech.archunit.core.importer.JavaClassProcessor - Processing class 'com/home/eshopee/common/events/EventPublisher'
19:37:22.956 [Test worker] DEBUG com.tngtech.archunit.core.importer.JavaClassProcessor - Processing class 'java/time/Instant'
19:37:22.956 [Test worker] DEBUG com.tngtech.archunit.core.importer.JavaClassProcessor - Processing class 'org/springframework/web/bind/annotation/RestController'
19:37:22.956 [Test worker] DEBUG com.tngtech.archunit.core.importer.JavaClassProcessor - Processing class 'java/util/stream/Collectors'
19:37:22.957 [Test worker] DEBUG com.tngtech.archunit.core.importer.JavaClassProcessor - Processing class 'org/springframework/context/annotation/Configuration'
19:37:22.957 [Test worker] DEBUG com.tngtech.archunit.core.importer.JavaClassProcessor - Processing class 'java/util/List'
19:37:22.957 [Test worker] DEBUG com.tngtech.archunit.core.importer.JavaClassProcessor - Processing class 'java/util/stream/Stream'
19:37:22.957 [Test worker] DEBUG com.tngtech.archunit.core.importer.JavaClassProcessor - Processing class 'java/util/Optional'
19:37:22.958 [Test worker] DEBUG com.tngtech.archunit.core.importer.JavaClassProcessor - Processing class 'org/springframework/web/bind/annotation/RequestMapping'
19:37:22.958 [Test worker] DEBUG com.tngtech.archunit.core.importer.JavaClassProcessor - Processing class 'org/springframework/jdbc/core/JdbcTemplate'
19:37:22.959 [Test worker] DEBUG com.tngtech.archunit.core.importer.JavaClassProcessor - Processing class 'org/springframework/web/bind/annotation/RequestBody'
19:37:22.959 [Test worker] DEBUG com.tngtech.archunit.core.importer.JavaClassProcessor - Processing class 'org/springframework/transaction/annotation/Propagation'
19:37:22.959 [Test worker] DEBUG com.tngtech.archunit.core.importer.JavaClassProcessor - Processing class 'com/home/eshopee/common/events/DomainEvent'
19:37:22.959 [Test worker] DEBUG com.tngtech.archunit.core.importer.JavaClassProcessor - Processing class 'java/lang/String'
19:37:22.960 [Test worker] DEBUG com.tngtech.archunit.core.importer.JavaClassProcessor - Processing class 'org/springframework/web/bind/annotation/ResponseStatus'
19:37:22.960 [Test worker] DEBUG com.tngtech.archunit.core.importer.JavaClassProcessor - Processing class 'com/home/eshopee/common/primitives/Quantity'
19:37:22.960 [Test worker] DEBUG com.tngtech.archunit.core.importer.JavaClassProcessor - Processing class 'org/slf4j/Logger'
19:37:22.960 [Test worker] DEBUG com.tngtech.archunit.core.importer.JavaClassProcessor - Processing class 'java/lang/IllegalArgumentException'
19:37:22.961 [Test worker] DEBUG com.tngtech.archunit.core.importer.JavaClassProcessor - Processing class 'org/springframework/http/HttpStatus'
19:37:22.961 [Test worker] DEBUG com.tngtech.archunit.core.importer.JavaClassProcessor - Processing class 'java/lang/Object'
19:37:22.961 [Test worker] DEBUG com.tngtech.archunit.core.importer.JavaClassProcessor - Processing class 'org/springframework/context/annotation/Bean'
19:37:22.961 [Test worker] DEBUG com.tngtech.archunit.core.importer.JavaClassProcessor - Processing class 'java/util/Collections'
19:37:22.962 [Test worker] DEBUG com.tngtech.archunit.core.importer.JavaClassProcessor - Processing class 'org/springframework/transaction/annotation/Transactional'
19:37:22.962 [Test worker] DEBUG com.tngtech.archunit.core.importer.JavaClassProcessor - Processing class 'org/springframework/jdbc/core/JdbcOperations'
19:37:22.963 [Test worker] DEBUG com.tngtech.archunit.core.importer.JavaClassProcessor - Processing class 'java/net/URL'
19:37:22.963 [Test worker] DEBUG com.tngtech.archunit.core.importer.JavaClassProcessor - Processing class 'java/util/function/IntConsumer'
19:37:22.963 [Test worker] DEBUG com.tngtech.archunit.core.importer.JavaClassProcessor - Processing class 'org/springframework/jdbc/support/JdbcAccessor'
19:37:22.963 [Test worker] DEBUG com.tngtech.archunit.core.importer.JavaClassProcessor - Processing class 'org/springframework/jdbc/core/SqlParameter'
19:37:22.963 [Test worker] DEBUG com.tngtech.archunit.core.importer.JavaClassProcessor - Processing class 'java/lang/annotation/Inherited'
19:37:22.964 [Test worker] DEBUG com.tngtech.archunit.core.importer.JavaClassProcessor - Processing class 'org/slf4j/helpers/CheckReturnValue'
19:37:22.964 [Test worker] DEBUG com.tngtech.archunit.core.importer.JavaClassProcessor - Processing class 'java/util/DoubleSummaryStatistics'
19:37:22.964 [Test worker] DEBUG com.tngtech.archunit.core.importer.JavaClassProcessor - Processing class 'java/util/function/DoubleConsumer'
19:37:22.964 [Test worker] DEBUG com.tngtech.archunit.core.importer.JavaClassProcessor - Processing class 'java/lang/Enum'
19:37:22.964 [Test worker] DEBUG com.tngtech.archunit.core.importer.JavaClassProcessor - Processing class 'java/lang/Long'
19:37:22.964 [Test worker] DEBUG com.tngtech.archunit.core.importer.JavaClassProcessor - Processing class 'java/lang/annotation/Documented'
19:37:22.964 [Test worker] DEBUG com.tngtech.archunit.core.importer.JavaClassProcessor - Processing class 'org/springframework/web/bind/annotation/ControllerMappingReflectiveProcessor'
19:37:22.965 [Test worker] DEBUG com.tngtech.archunit.core.importer.JavaClassProcessor - Processing class 'org/springframework/aot/hint/annotation/Reflective'
19:37:22.965 [Test worker] DEBUG com.tngtech.archunit.core.importer.JavaClassProcessor - Processing class 'jdk/internal/vm/annotation/ForceInline'
19:37:22.965 [Test worker] DEBUG com.tngtech.archunit.core.importer.JavaClassProcessor - Processing class 'java/lang/CharSequence'
19:37:22.965 [Test worker] DEBUG com.tngtech.archunit.core.importer.JavaClassProcessor - Processing class 'org/springframework/http/HttpStatusCode'
19:37:22.965 [Test worker] DEBUG com.tngtech.archunit.core.importer.JavaClassProcessor - Processing class 'org/springframework/web/bind/annotation/RequestMethod'
19:37:22.965 [Test worker] DEBUG com.tngtech.archunit.core.importer.JavaClassProcessor - Processing class 'java/util/Set'
19:37:22.965 [Test worker] DEBUG com.tngtech.archunit.core.importer.JavaClassProcessor - Processing class 'java/io/Serializable'
19:37:22.965 [Test worker] DEBUG com.tngtech.archunit.core.importer.JavaClassProcessor - Processing class 'java/util/stream/DoubleStream'
19:37:22.965 [Test worker] DEBUG com.tngtech.archunit.core.importer.JavaClassProcessor - Processing class 'org/slf4j/spi/SLF4JServiceProvider'
19:37:22.965 [Test worker] DEBUG com.tngtech.archunit.core.importer.JavaClassProcessor - Processing class 'java/lang/annotation/Annotation'
19:37:22.965 [Test worker] DEBUG com.tngtech.archunit.core.importer.JavaClassProcessor - Processing class 'jdk/internal/ValueBased'
19:37:22.966 [Test worker] DEBUG com.tngtech.archunit.core.importer.JavaClassProcessor - Processing class 'java/time/temporal/Temporal'
19:37:22.966 [Test worker] DEBUG com.tngtech.archunit.core.importer.JavaClassProcessor - Processing class 'org/springframework/transaction/annotation/Isolation'
19:37:22.966 [Test worker] DEBUG com.tngtech.archunit.core.importer.JavaClassProcessor - Processing class 'java/util/stream/IntStream'
19:37:22.966 [Test worker] DEBUG com.tngtech.archunit.core.importer.JavaClassProcessor - Processing class 'java/lang/Throwable'
19:37:22.966 [Test worker] DEBUG com.tngtech.archunit.core.importer.JavaClassProcessor - Processing class 'java/lang/Double'
19:37:22.966 [Test worker] DEBUG com.tngtech.archunit.core.importer.JavaClassProcessor - Processing class 'org/springframework/stereotype/Controller'
19:37:22.966 [Test worker] DEBUG com.tngtech.archunit.core.importer.JavaClassProcessor - Processing class 'java/lang/Iterable'
19:37:22.966 [Test worker] DEBUG com.tngtech.archunit.core.importer.JavaClassProcessor - Processing class 'java/lang/annotation/Retention'
19:37:22.966 [Test worker] DEBUG com.tngtech.archunit.core.importer.JavaClassProcessor - Processing class 'java/util/concurrent/ConcurrentMap'
19:37:22.967 [Test worker] DEBUG com.tngtech.archunit.core.importer.JavaClassProcessor - Processing class 'java/lang/constant/ConstantDesc'
19:37:22.967 [Test worker] DEBUG com.tngtech.archunit.core.importer.JavaClassProcessor - Processing class 'java/lang/Boolean'
19:37:22.967 [Test worker] DEBUG com.tngtech.archunit.core.importer.JavaClassProcessor - Processing class 'org/springframework/lang/Nullable'
19:37:22.967 [Test worker] DEBUG com.tngtech.archunit.core.importer.JavaClassProcessor - Processing class 'java/lang/Number'
19:37:22.967 [Test worker] DEBUG com.tngtech.archunit.core.importer.JavaClassProcessor - Processing class 'java/util/LongSummaryStatistics'
19:37:22.967 [Test worker] DEBUG com.tngtech.archunit.core.importer.JavaClassProcessor - Processing class 'org/springframework/core/annotation/AliasFor'
19:37:22.967 [Test worker] DEBUG com.tngtech.archunit.core.importer.JavaClassProcessor - Processing class 'java/util/Map$Entry'
19:37:22.967 [Test worker] DEBUG com.tngtech.archunit.core.importer.JavaClassProcessor - Processing class 'java/lang/SafeVarargs'
19:37:22.967 [Test worker] DEBUG com.tngtech.archunit.core.importer.JavaClassProcessor - Processing class 'jdk/internal/vm/annotation/IntrinsicCandidate'
19:37:22.967 [Test worker] DEBUG com.tngtech.archunit.core.importer.JavaClassProcessor - Processing class 'java/util/stream/LongStream'
19:37:22.967 [Test worker] DEBUG com.tngtech.archunit.core.importer.JavaClassProcessor - Processing class 'jdk/internal/vm/annotation/Stable'
19:37:22.967 [Test worker] DEBUG com.tngtech.archunit.core.importer.JavaClassProcessor - Processing class 'java/lang/Deprecated'
19:37:22.967 [Test worker] DEBUG com.tngtech.archunit.core.importer.JavaClassProcessor - Processing class 'java/lang/annotation/Target'
19:37:22.967 [Test worker] DEBUG com.tngtech.archunit.core.importer.JavaClassProcessor - Processing class 'java/lang/RuntimeException'
19:37:22.968 [Test worker] DEBUG com.tngtech.archunit.core.importer.JavaClassProcessor - Processing class 'java/lang/annotation/ElementType'
19:37:22.968 [Test worker] DEBUG com.tngtech.archunit.core.importer.JavaClassProcessor - Processing class 'org/springframework/web/bind/annotation/ResponseBody'
19:37:22.968 [Test worker] DEBUG com.tngtech.archunit.core.importer.JavaClassProcessor - Processing class 'java/util/stream/Collector$Characteristics'
19:37:22.968 [Test worker] DEBUG com.tngtech.archunit.core.importer.JavaClassProcessor - Processing class 'java/util/function/LongConsumer'
19:37:22.968 [Test worker] DEBUG com.tngtech.archunit.core.importer.JavaClassProcessor - Processing class 'java/util/function/Consumer'
19:37:22.968 [Test worker] DEBUG com.tngtech.archunit.core.importer.JavaClassProcessor - Processing class 'java/lang/constant/Constable'
19:37:22.968 [Test worker] DEBUG com.tngtech.archunit.core.importer.JavaClassProcessor - Processing class 'org/springframework/stereotype/Component'
19:37:22.968 [Test worker] DEBUG com.tngtech.archunit.core.importer.JavaClassProcessor - Processing class 'java/util/stream/BaseStream'
19:37:22.968 [Test worker] DEBUG com.tngtech.archunit.core.importer.JavaClassProcessor - Processing class 'java/lang/Comparable'
19:37:22.968 [Test worker] DEBUG com.tngtech.archunit.core.importer.JavaClassProcessor - Processing class 'java/util/IntSummaryStatistics'
19:37:22.968 [Test worker] DEBUG com.tngtech.archunit.core.importer.JavaClassProcessor - Processing class 'java/time/temporal/TemporalAdjuster'
19:37:22.968 [Test worker] DEBUG com.tngtech.archunit.core.importer.JavaClassProcessor - Processing class 'java/lang/annotation/RetentionPolicy'
19:37:22.968 [Test worker] DEBUG com.tngtech.archunit.core.importer.JavaClassProcessor - Processing class 'org/springframework/web/bind/annotation/Mapping'
19:37:22.968 [Test worker] DEBUG com.tngtech.archunit.core.importer.JavaClassProcessor - Processing class 'java/lang/AutoCloseable'
19:37:22.968 [Test worker] DEBUG com.tngtech.archunit.core.importer.JavaClassProcessor - Processing class 'org/springframework/aot/hint/annotation/ReflectiveProcessor'
19:37:22.968 [Test worker] DEBUG com.tngtech.archunit.core.importer.JavaClassProcessor - Processing class 'java/lang/Enum$EnumDesc'
19:37:22.969 [Test worker] DEBUG com.tngtech.archunit.core.importer.JavaClassProcessor - Processing class 'java/util/stream/Collector'
19:37:22.969 [Test worker] DEBUG com.tngtech.archunit.core.importer.JavaClassProcessor - Processing class 'java/lang/Exception'
19:37:22.969 [Test worker] DEBUG com.tngtech.archunit.core.importer.JavaClassProcessor - Processing class 'java/lang/constant/DynamicConstantDesc'
19:37:22.969 [Test worker] DEBUG com.tngtech.archunit.core.importer.JavaClassProcessor - Processing class 'java/net/URLStreamHandler'
19:37:22.969 [Test worker] DEBUG com.tngtech.archunit.core.importer.JavaClassProcessor - Processing class 'org/springframework/aot/hint/annotation/SimpleReflectiveProcessor'
19:37:22.969 [Test worker] DEBUG com.tngtech.archunit.core.importer.JavaClassProcessor - Processing class 'org/springframework/beans/factory/InitializingBean'
19:37:22.969 [Test worker] DEBUG com.tngtech.archunit.core.importer.JavaClassProcessor - Processing class 'java/time/temporal/TemporalAccessor'
19:37:22.969 [Test worker] DEBUG com.tngtech.archunit.core.importer.JavaClassProcessor - Processing class 'java/lang/FunctionalInterface'
19:37:22.970 [Test worker] DEBUG com.tngtech.archunit.core.importer.JavaClassProcessor - Processing class 'org/springframework/stereotype/Indexed'
19:37:22.970 [Test worker] DEBUG com.tngtech.archunit.core.importer.JavaClassProcessor - Processing class 'java/net/spi/URLStreamHandlerProvider'
19:37:22.970 [Test worker] DEBUG com.tngtech.archunit.core.importer.JavaClassProcessor - Processing class 'java/net/URLStreamHandlerFactory'
19:37:22.971 [Test worker] DEBUG com.tngtech.archunit.core.importer.JavaClassProcessor - Processing class 'java/lang/Class'
19:37:22.972 [Test worker] DEBUG com.tngtech.archunit.core.importer.JavaClassProcessor - Processing class 'java/util/Spliterator$OfInt'
19:37:22.972 [Test worker] DEBUG com.tngtech.archunit.core.importer.JavaClassProcessor - Processing class 'java/lang/NumberFormatException'
19:37:22.973 [Test worker] DEBUG com.tngtech.archunit.core.importer.JavaClassProcessor - Processing class 'java/lang/invoke/MethodHandles$Lookup'
19:37:22.973 [Test worker] DEBUG com.tngtech.archunit.core.importer.JavaClassProcessor - Processing class 'java/lang/ReflectiveOperationException'
19:37:22.973 [Test worker] DEBUG com.tngtech.archunit.core.importer.JavaClassProcessor - Processing class 'java/lang/CloneNotSupportedException'
19:37:22.973 [Test worker] DEBUG com.tngtech.archunit.core.importer.JavaClassProcessor - Processing class 'java/io/ObjectInputStream'
19:37:22.974 [Test worker] DEBUG com.tngtech.archunit.core.importer.JavaClassProcessor - Processing class 'java/io/IOException'
19:37:22.974 [Test worker] DEBUG com.tngtech.archunit.core.importer.JavaClassProcessor - Processing class 'java/lang/ClassNotFoundException'
19:37:22.974 [Test worker] DEBUG com.tngtech.archunit.core.importer.JavaClassProcessor - Processing class 'java/io/ObjectStreamException'
19:37:22.974 [Test worker] DEBUG com.tngtech.archunit.core.importer.JavaClassProcessor - Processing class 'java/lang/constant/ClassDesc'
19:37:22.975 [Test worker] DEBUG com.tngtech.archunit.core.importer.JavaClassProcessor - Processing class 'java/util/Iterator'
19:37:22.975 [Test worker] DEBUG com.tngtech.archunit.core.importer.JavaClassProcessor - Processing class 'java/util/Spliterator'
19:37:22.975 [Test worker] DEBUG com.tngtech.archunit.core.importer.JavaClassProcessor - Processing class 'java/math/BigInteger'
19:37:22.976 [Test worker] DEBUG com.tngtech.archunit.core.importer.JavaClassProcessor - Processing class 'java/lang/InterruptedException'
19:37:22.976 [Test worker] DEBUG com.tngtech.archunit.core.importer.JavaClassProcessor - Processing class 'java/io/ObjectStreamField'
19:37:22.976 [Test worker] DEBUG com.tngtech.archunit.core.importer.JavaClassProcessor - Processing class 'java/util/Comparator'
19:37:22.976 [Test worker] DEBUG com.tngtech.archunit.core.importer.JavaClassProcessor - Processing class 'java/lang/Void'
19:37:22.976 [Test worker] DEBUG com.tngtech.archunit.core.importer.JavaClassProcessor - Processing class 'java/nio/charset/Charset'
19:37:22.977 [Test worker] DEBUG com.tngtech.archunit.core.importer.JavaClassProcessor - Processing class 'java/nio/charset/MalformedInputException'
19:37:22.977 [Test worker] DEBUG com.tngtech.archunit.core.importer.JavaClassProcessor - Processing class 'java/nio/charset/CharacterCodingException'
19:37:22.977 [Test worker] DEBUG com.tngtech.archunit.core.importer.JavaClassProcessor - Processing class 'sun/nio/cs/ArrayDecoder'
19:37:22.977 [Test worker] DEBUG com.tngtech.archunit.core.importer.JavaClassProcessor - Processing class 'java/io/UnsupportedEncodingException'
19:37:22.977 [Test worker] DEBUG com.tngtech.archunit.core.importer.JavaClassProcessor - Processing class 'sun/nio/cs/ArrayEncoder'
19:37:22.977 [Test worker] DEBUG com.tngtech.archunit.core.importer.JavaClassProcessor - Processing class 'java/nio/charset/UnmappableCharacterException'
19:37:22.977 [Test worker] DEBUG com.tngtech.archunit.core.importer.JavaClassProcessor - Processing class 'java/nio/charset/CharsetDecoder'
19:37:22.977 [Test worker] DEBUG com.tngtech.archunit.core.importer.JavaClassProcessor - Processing class 'java/lang/StringBuffer'
19:37:22.977 [Test worker] DEBUG com.tngtech.archunit.core.importer.JavaClassProcessor - Processing class 'java/lang/AbstractStringBuilder'
19:37:22.978 [Test worker] DEBUG com.tngtech.archunit.core.importer.JavaClassProcessor - Processing class 'java/util/Locale'
19:37:22.978 [Test worker] DEBUG com.tngtech.archunit.core.importer.JavaClassProcessor - Processing class 'java/util/function/Function'
19:37:22.979 [Test worker] DEBUG com.tngtech.archunit.core.importer.JavaClassProcessor - Processing class 'java/lang/StringBuilder'
19:37:22.979 [Test worker] DEBUG com.tngtech.archunit.core.importer.JavaClassProcessor - Processing class 'java/lang/StackTraceElement'
19:37:22.979 [Test worker] DEBUG com.tngtech.archunit.core.importer.JavaClassProcessor - Processing class 'java/io/PrintStream'
19:37:22.980 [Test worker] DEBUG com.tngtech.archunit.core.importer.JavaClassProcessor - Processing class 'java/lang/Throwable$PrintStreamOrWriter'
19:37:22.980 [Test worker] DEBUG com.tngtech.archunit.core.importer.JavaClassProcessor - Processing class 'java/io/PrintWriter'
19:37:22.980 [Test worker] DEBUG com.tngtech.archunit.core.importer.JavaClassProcessor - Processing class 'java/io/ObjectOutputStream'
19:37:22.981 [Test worker] DEBUG com.tngtech.archunit.core.importer.JavaClassProcessor - Processing class 'java/lang/constant/DirectMethodHandleDesc'
19:37:22.981 [Test worker] DEBUG com.tngtech.archunit.core.importer.JavaClassProcessor - Processing class 'java/math/MathContext'
19:37:22.982 [Test worker] DEBUG com.tngtech.archunit.core.importer.JavaClassProcessor - Processing class 'java/math/RoundingMode'
19:37:22.982 [Test worker] DEBUG com.tngtech.archunit.core.importer.JavaClassProcessor - Processing class 'java/math/MutableBigInteger'
19:37:22.983 [Test worker] DEBUG com.tngtech.archunit.core.importer.JavaClassProcessor - Processing class 'java/net/InetAddress'
19:37:22.983 [Test worker] DEBUG com.tngtech.archunit.core.importer.JavaClassProcessor - Processing class 'java/net/UrlDeserializedState'
19:37:22.983 [Test worker] DEBUG com.tngtech.archunit.core.importer.JavaClassProcessor - Processing class 'java/lang/ThreadLocal'
19:37:22.983 [Test worker] DEBUG com.tngtech.archunit.core.importer.JavaClassProcessor - Processing class 'java/util/Hashtable'
19:37:22.984 [Test worker] DEBUG com.tngtech.archunit.core.importer.JavaClassProcessor - Processing class 'java/net/URI'
19:37:22.984 [Test worker] DEBUG com.tngtech.archunit.core.importer.JavaClassProcessor - Processing class 'java/net/MalformedURLException'
19:37:22.984 [Test worker] DEBUG com.tngtech.archunit.core.importer.JavaClassProcessor - Processing class 'java/lang/SecurityManager'
19:37:22.984 [Test worker] DEBUG com.tngtech.archunit.core.importer.JavaClassProcessor - Processing class 'java/net/URISyntaxException'
19:37:22.984 [Test worker] DEBUG com.tngtech.archunit.core.importer.JavaClassProcessor - Processing class 'java/net/URLConnection'
19:37:22.985 [Test worker] DEBUG com.tngtech.archunit.core.importer.JavaClassProcessor - Processing class 'java/net/Proxy'
19:37:22.985 [Test worker] DEBUG com.tngtech.archunit.core.importer.JavaClassProcessor - Processing class 'java/io/InputStream'
19:37:22.985 [Test worker] DEBUG com.tngtech.archunit.core.importer.JavaClassProcessor - Processing class 'java/io/InvalidObjectException'
19:37:22.985 [Test worker] DEBUG com.tngtech.archunit.core.importer.JavaClassProcessor - Processing class 'sun/net/www/protocol/jar/Handler'
19:37:22.985 [Test worker] DEBUG com.tngtech.archunit.core.importer.JavaClassProcessor - Processing class 'java/time/Clock'
19:37:22.985 [Test worker] DEBUG com.tngtech.archunit.core.importer.JavaClassProcessor - Processing class 'java/time/temporal/TemporalField'
19:37:22.986 [Test worker] DEBUG com.tngtech.archunit.core.importer.JavaClassProcessor - Processing class 'java/time/temporal/ChronoField'
19:37:22.986 [Test worker] DEBUG com.tngtech.archunit.core.importer.JavaClassProcessor - Processing class 'java/time/temporal/TemporalUnit'
19:37:22.986 [Test worker] DEBUG com.tngtech.archunit.core.importer.JavaClassProcessor - Processing class 'java/time/temporal/ChronoUnit'
19:37:22.986 [Test worker] DEBUG com.tngtech.archunit.core.importer.JavaClassProcessor - Processing class 'java/time/temporal/ValueRange'
19:37:22.986 [Test worker] DEBUG com.tngtech.archunit.core.importer.JavaClassProcessor - Processing class 'java/time/temporal/TemporalAmount'
19:37:22.986 [Test worker] DEBUG com.tngtech.archunit.core.importer.JavaClassProcessor - Processing class 'java/time/temporal/TemporalQuery'
19:37:22.986 [Test worker] DEBUG com.tngtech.archunit.core.importer.JavaClassProcessor - Processing class 'java/time/OffsetDateTime'
19:37:22.986 [Test worker] DEBUG com.tngtech.archunit.core.importer.JavaClassProcessor - Processing class 'java/time/ZoneOffset'
19:37:22.987 [Test worker] DEBUG com.tngtech.archunit.core.importer.JavaClassProcessor - Processing class 'java/time/ZonedDateTime'
19:37:22.987 [Test worker] DEBUG com.tngtech.archunit.core.importer.JavaClassProcessor - Processing class 'java/time/ZoneId'
19:37:22.987 [Test worker] DEBUG com.tngtech.archunit.core.importer.JavaClassProcessor - Processing class 'java/io/DataOutput'
19:37:22.987 [Test worker] DEBUG com.tngtech.archunit.core.importer.JavaClassProcessor - Processing class 'java/io/DataInput'
19:37:22.988 [Test worker] DEBUG com.tngtech.archunit.core.importer.JavaClassProcessor - Processing class 'java/util/function/IntFunction'
19:37:22.988 [Test worker] DEBUG com.tngtech.archunit.core.importer.JavaClassProcessor - Processing class 'java/util/function/Predicate'
19:37:22.988 [Test worker] DEBUG com.tngtech.archunit.core.importer.JavaClassProcessor - Processing class 'java/util/Random'
19:37:22.988 [Test worker] DEBUG com.tngtech.archunit.core.importer.JavaClassProcessor - Processing class 'java/util/RandomAccess'
19:37:22.988 [Test worker] DEBUG com.tngtech.archunit.core.importer.JavaClassProcessor - Processing class 'java/util/ListIterator'
19:37:22.989 [Test worker] DEBUG com.tngtech.archunit.core.importer.JavaClassProcessor - Processing class 'java/util/Collections$UnmodifiableCollection'
19:37:22.989 [Test worker] DEBUG com.tngtech.archunit.core.importer.JavaClassProcessor - Processing class 'java/util/Collections$UnmodifiableSet'
19:37:22.989 [Test worker] DEBUG com.tngtech.archunit.core.importer.JavaClassProcessor - Processing class 'java/util/SortedSet'
19:37:22.989 [Test worker] DEBUG com.tngtech.archunit.core.importer.JavaClassProcessor - Processing class 'java/util/Collections$UnmodifiableSortedSet'
19:37:22.989 [Test worker] DEBUG com.tngtech.archunit.core.importer.JavaClassProcessor - Processing class 'java/util/NavigableSet'
19:37:22.989 [Test worker] DEBUG com.tngtech.archunit.core.importer.JavaClassProcessor - Processing class 'java/util/Collections$UnmodifiableNavigableSet'
19:37:22.989 [Test worker] DEBUG com.tngtech.archunit.core.importer.JavaClassProcessor - Processing class 'java/util/Collections$UnmodifiableList'
19:37:22.989 [Test worker] DEBUG com.tngtech.archunit.core.importer.JavaClassProcessor - Processing class 'java/util/Collections$UnmodifiableRandomAccessList'
19:37:22.989 [Test worker] DEBUG com.tngtech.archunit.core.importer.JavaClassProcessor - Processing class 'java/util/Collections$UnmodifiableMap'
19:37:22.989 [Test worker] DEBUG com.tngtech.archunit.core.importer.JavaClassProcessor - Processing class 'java/util/SortedMap'
19:37:22.989 [Test worker] DEBUG com.tngtech.archunit.core.importer.JavaClassProcessor - Processing class 'java/util/Collections$UnmodifiableSortedMap'
19:37:22.989 [Test worker] DEBUG com.tngtech.archunit.core.importer.JavaClassProcessor - Processing class 'java/util/NavigableMap'
19:37:22.990 [Test worker] DEBUG com.tngtech.archunit.core.importer.JavaClassProcessor - Processing class 'java/util/Collections$UnmodifiableNavigableMap'
19:37:22.990 [Test worker] DEBUG com.tngtech.archunit.core.importer.JavaClassProcessor - Processing class 'java/util/Queue'
19:37:22.990 [Test worker] DEBUG com.tngtech.archunit.core.importer.JavaClassProcessor - Processing class 'java/util/Enumeration'
19:37:22.990 [Test worker] DEBUG com.tngtech.archunit.core.importer.JavaClassProcessor - Processing class 'java/util/Collections$ReverseComparator2'
19:37:22.990 [Test worker] DEBUG com.tngtech.archunit.core.importer.JavaClassProcessor - Processing class 'java/util/ArrayList'
19:37:22.991 [Test worker] DEBUG com.tngtech.archunit.core.importer.JavaClassProcessor - Processing class 'java/util/Deque'
19:37:22.991 [Test worker] DEBUG com.tngtech.archunit.core.importer.JavaClassProcessor - Processing class 'java/util/function/UnaryOperator'
19:37:22.991 [Test worker] DEBUG com.tngtech.archunit.core.importer.JavaClassProcessor - Processing class 'java/util/function/BiConsumer'
19:37:22.992 [Test worker] DEBUG com.tngtech.archunit.core.importer.JavaClassProcessor - Processing class 'java/util/function/BiFunction'
19:37:22.992 [Test worker] DEBUG com.tngtech.archunit.core.importer.JavaClassProcessor - Processing class 'java/util/ImmutableCollections$AbstractImmutableMap'
19:37:22.993 [Test worker] DEBUG com.tngtech.archunit.core.importer.JavaClassProcessor - Processing class 'java/util/KeyValueHolder'
19:37:22.993 [Test worker] DEBUG com.tngtech.archunit.core.importer.JavaClassProcessor - Processing class 'java/lang/invoke/SerializedLambda'
19:37:22.993 [Test worker] DEBUG com.tngtech.archunit.core.importer.JavaClassProcessor - Processing class 'java/lang/Runnable'
19:37:22.993 [Test worker] DEBUG com.tngtech.archunit.core.importer.JavaClassProcessor - Processing class 'java/util/function/Supplier'
19:37:22.993 [Test worker] DEBUG com.tngtech.archunit.core.importer.JavaClassProcessor - Processing class 'java/util/ImmutableCollections$AbstractImmutableSet'
19:37:22.994 [Test worker] DEBUG com.tngtech.archunit.core.importer.JavaClassProcessor - Processing class 'java/util/function/BinaryOperator'
19:37:22.994 [Test worker] DEBUG com.tngtech.archunit.core.importer.JavaClassProcessor - Processing class 'java/util/function/ToIntFunction'
19:37:22.995 [Test worker] DEBUG com.tngtech.archunit.core.importer.JavaClassProcessor - Processing class 'java/util/function/ToLongFunction'
19:37:22.995 [Test worker] DEBUG com.tngtech.archunit.core.importer.JavaClassProcessor - Processing class 'java/util/function/ToDoubleFunction'
19:37:22.995 [Test worker] DEBUG com.tngtech.archunit.core.importer.JavaClassProcessor - Processing class 'java/util/stream/Collectors$1PairBox'
19:37:22.995 [Test worker] DEBUG com.tngtech.archunit.core.importer.JavaClassProcessor - Processing class 'java/util/HashMap'
19:37:22.996 [Test worker] DEBUG com.tngtech.archunit.core.importer.JavaClassProcessor - Processing class 'java/util/stream/Collectors$Partition'
19:37:22.996 [Test worker] DEBUG com.tngtech.archunit.core.importer.JavaClassProcessor - Processing class 'java/util/stream/Collectors$1OptionalBox'
19:37:22.996 [Test worker] DEBUG com.tngtech.archunit.core.importer.JavaClassProcessor - Processing class 'java/util/StringJoiner'
19:37:22.996 [Test worker] DEBUG com.tngtech.archunit.core.importer.JavaClassProcessor - Processing class 'java/util/HashSet'
19:37:22.996 [Test worker] DEBUG com.tngtech.archunit.core.importer.JavaClassProcessor - Processing class 'java/util/function/DoublePredicate'
19:37:22.996 [Test worker] DEBUG com.tngtech.archunit.core.importer.JavaClassProcessor - Processing class 'java/util/function/DoubleUnaryOperator'
19:37:22.996 [Test worker] DEBUG com.tngtech.archunit.core.importer.JavaClassProcessor - Processing class 'java/util/function/DoubleFunction'
19:37:22.996 [Test worker] DEBUG com.tngtech.archunit.core.importer.JavaClassProcessor - Processing class 'java/util/function/DoubleToIntFunction'
19:37:22.996 [Test worker] DEBUG com.tngtech.archunit.core.importer.JavaClassProcessor - Processing class 'java/util/function/DoubleToLongFunction'
19:37:22.996 [Test worker] DEBUG com.tngtech.archunit.core.importer.JavaClassProcessor - Processing class 'java/util/stream/DoubleStream$DoubleMapMultiConsumer'
19:37:22.996 [Test worker] DEBUG com.tngtech.archunit.core.importer.JavaClassProcessor - Processing class 'java/util/function/DoubleBinaryOperator'
19:37:22.996 [Test worker] DEBUG com.tngtech.archunit.core.importer.JavaClassProcessor - Processing class 'java/util/OptionalDouble'
19:37:22.997 [Test worker] DEBUG com.tngtech.archunit.core.importer.JavaClassProcessor - Processing class 'java/util/function/ObjDoubleConsumer'
19:37:22.997 [Test worker] DEBUG com.tngtech.archunit.core.importer.JavaClassProcessor - Processing class 'java/util/PrimitiveIterator$OfDouble'
19:37:22.997 [Test worker] DEBUG com.tngtech.archunit.core.importer.JavaClassProcessor - Processing class 'java/util/Spliterator$OfDouble'
19:37:22.997 [Test worker] DEBUG com.tngtech.archunit.core.importer.JavaClassProcessor - Processing class 'java/util/stream/DoubleStream$Builder'
19:37:22.997 [Test worker] DEBUG com.tngtech.archunit.core.importer.JavaClassProcessor - Processing class 'java/util/function/DoubleSupplier'
19:37:22.997 [Test worker] DEBUG com.tngtech.archunit.core.importer.JavaClassProcessor - Processing class 'java/util/function/IntPredicate'
19:37:22.997 [Test worker] DEBUG com.tngtech.archunit.core.importer.JavaClassProcessor - Processing class 'java/util/function/IntUnaryOperator'
19:37:22.997 [Test worker] DEBUG com.tngtech.archunit.core.importer.JavaClassProcessor - Processing class 'java/util/function/IntToLongFunction'
19:37:22.997 [Test worker] DEBUG com.tngtech.archunit.core.importer.JavaClassProcessor - Processing class 'java/util/function/IntToDoubleFunction'
19:37:22.997 [Test worker] DEBUG com.tngtech.archunit.core.importer.JavaClassProcessor - Processing class 'java/util/stream/IntStream$IntMapMultiConsumer'
19:37:22.997 [Test worker] DEBUG com.tngtech.archunit.core.importer.JavaClassProcessor - Processing class 'java/util/function/IntBinaryOperator'
19:37:22.997 [Test worker] DEBUG com.tngtech.archunit.core.importer.JavaClassProcessor - Processing class 'java/util/OptionalInt'
19:37:22.997 [Test worker] DEBUG com.tngtech.archunit.core.importer.JavaClassProcessor - Processing class 'java/util/function/ObjIntConsumer'
19:37:22.997 [Test worker] DEBUG com.tngtech.archunit.core.importer.JavaClassProcessor - Processing class 'java/util/PrimitiveIterator$OfInt'
19:37:22.997 [Test worker] DEBUG com.tngtech.archunit.core.importer.JavaClassProcessor - Processing class 'java/util/stream/IntStream$Builder'
19:37:22.997 [Test worker] DEBUG com.tngtech.archunit.core.importer.JavaClassProcessor - Processing class 'java/util/function/IntSupplier'
19:37:22.997 [Test worker] DEBUG com.tngtech.archunit.core.importer.JavaClassProcessor - Processing class 'java/util/function/LongPredicate'
19:37:22.997 [Test worker] DEBUG com.tngtech.archunit.core.importer.JavaClassProcessor - Processing class 'java/util/function/LongUnaryOperator'
19:37:22.997 [Test worker] DEBUG com.tngtech.archunit.core.importer.JavaClassProcessor - Processing class 'java/util/function/LongFunction'
19:37:22.997 [Test worker] DEBUG com.tngtech.archunit.core.importer.JavaClassProcessor - Processing class 'java/util/function/LongToIntFunction'
19:37:22.998 [Test worker] DEBUG com.tngtech.archunit.core.importer.JavaClassProcessor - Processing class 'java/util/function/LongToDoubleFunction'
19:37:22.998 [Test worker] DEBUG com.tngtech.archunit.core.importer.JavaClassProcessor - Processing class 'java/util/stream/LongStream$LongMapMultiConsumer'
19:37:22.998 [Test worker] DEBUG com.tngtech.archunit.core.importer.JavaClassProcessor - Processing class 'java/util/function/LongBinaryOperator'
19:37:22.998 [Test worker] DEBUG com.tngtech.archunit.core.importer.JavaClassProcessor - Processing class 'java/util/OptionalLong'
19:37:22.998 [Test worker] DEBUG com.tngtech.archunit.core.importer.JavaClassProcessor - Processing class 'java/util/function/ObjLongConsumer'
19:37:22.998 [Test worker] DEBUG com.tngtech.archunit.core.importer.JavaClassProcessor - Processing class 'java/util/PrimitiveIterator$OfLong'
19:37:22.998 [Test worker] DEBUG com.tngtech.archunit.core.importer.JavaClassProcessor - Processing class 'java/util/Spliterator$OfLong'
19:37:22.998 [Test worker] DEBUG com.tngtech.archunit.core.importer.JavaClassProcessor - Processing class 'java/util/stream/LongStream$Builder'
19:37:22.998 [Test worker] DEBUG com.tngtech.archunit.core.importer.JavaClassProcessor - Processing class 'java/util/function/LongSupplier'
19:37:22.998 [Test worker] DEBUG com.tngtech.archunit.core.importer.JavaClassProcessor - Processing class 'java/util/stream/Stream$Builder'
19:37:22.999 [Test worker] DEBUG com.tngtech.archunit.core.importer.JavaClassProcessor - Processing class 'org/slf4j/spi/LoggingEventBuilder'
19:37:22.999 [Test worker] DEBUG com.tngtech.archunit.core.importer.JavaClassProcessor - Processing class 'org/slf4j/event/Level'
19:37:22.999 [Test worker] DEBUG com.tngtech.archunit.core.importer.JavaClassProcessor - Processing class 'org/slf4j/Marker'
19:37:23.000 [Test worker] DEBUG com.tngtech.archunit.core.importer.JavaClassProcessor - Processing class 'org/slf4j/helpers/SubstituteServiceProvider'
19:37:23.000 [Test worker] DEBUG com.tngtech.archunit.core.importer.JavaClassProcessor - Processing class 'org/slf4j/helpers/NOP_FallbackServiceProvider'
19:37:23.000 [Test worker] DEBUG com.tngtech.archunit.core.importer.JavaClassProcessor - Processing class 'java/util/ServiceLoader'
19:37:23.000 [Test worker] DEBUG com.tngtech.archunit.core.importer.JavaClassProcessor - Processing class 'java/lang/ClassLoader'
19:37:23.001 [Test worker] DEBUG com.tngtech.archunit.core.importer.JavaClassProcessor - Processing class 'org/slf4j/event/SubstituteLoggingEvent'
19:37:23.001 [Test worker] DEBUG com.tngtech.archunit.core.importer.JavaClassProcessor - Processing class 'org/slf4j/ILoggerFactory'
19:37:23.001 [Test worker] DEBUG com.tngtech.archunit.core.importer.JavaClassProcessor - Processing class 'org/slf4j/IMarkerFactory'
19:37:23.001 [Test worker] DEBUG com.tngtech.archunit.core.importer.JavaClassProcessor - Processing class 'org/slf4j/spi/MDCAdapter'
19:37:23.001 [Test worker] DEBUG com.tngtech.archunit.core.importer.JavaClassProcessor - Processing class 'org/springframework/aot/hint/ReflectionHints'
19:37:23.001 [Test worker] DEBUG com.tngtech.archunit.core.importer.JavaClassProcessor - Processing class 'java/lang/reflect/AnnotatedElement'
19:37:23.002 [Test worker] DEBUG com.tngtech.archunit.core.importer.JavaClassProcessor - Processing class 'java/lang/reflect/Constructor'
19:37:23.002 [Test worker] DEBUG com.tngtech.archunit.core.importer.JavaClassProcessor - Processing class 'java/lang/reflect/Field'
19:37:23.002 [Test worker] DEBUG com.tngtech.archunit.core.importer.JavaClassProcessor - Processing class 'java/lang/reflect/Method'
19:37:23.003 [Test worker] DEBUG com.tngtech.archunit.core.importer.JavaClassProcessor - Processing class 'org/springframework/http/HttpStatus$Series'
19:37:23.003 [Test worker] DEBUG com.tngtech.archunit.core.importer.JavaClassProcessor - Processing class 'org/springframework/jdbc/core/ConnectionCallback'
19:37:23.003 [Test worker] DEBUG com.tngtech.archunit.core.importer.JavaClassProcessor - Processing class 'org/springframework/dao/DataAccessException'
19:37:23.003 [Test worker] DEBUG com.tngtech.archunit.core.importer.JavaClassProcessor - Processing class 'org/springframework/jdbc/core/StatementCallback'
19:37:23.003 [Test worker] DEBUG com.tngtech.archunit.core.importer.JavaClassProcessor - Processing class 'org/springframework/jdbc/core/ResultSetExtractor'
19:37:23.003 [Test worker] DEBUG com.tngtech.archunit.core.importer.JavaClassProcessor - Processing class 'org/springframework/jdbc/core/RowCallbackHandler'
19:37:23.003 [Test worker] DEBUG com.tngtech.archunit.core.importer.JavaClassProcessor - Processing class 'org/springframework/jdbc/core/RowMapper'
19:37:23.004 [Test worker] DEBUG com.tngtech.archunit.core.importer.JavaClassProcessor - Processing class 'org/springframework/jdbc/support/rowset/SqlRowSet'
19:37:23.004 [Test worker] DEBUG com.tngtech.archunit.core.importer.JavaClassProcessor - Processing class 'org/springframework/jdbc/core/PreparedStatementCreator'
19:37:23.004 [Test worker] DEBUG com.tngtech.archunit.core.importer.JavaClassProcessor - Processing class 'org/springframework/jdbc/core/PreparedStatementCallback'
19:37:23.004 [Test worker] DEBUG com.tngtech.archunit.core.importer.JavaClassProcessor - Processing class 'org/springframework/jdbc/core/PreparedStatementSetter'
19:37:23.005 [Test worker] DEBUG com.tngtech.archunit.core.importer.JavaClassProcessor - Processing class 'org/springframework/jdbc/support/KeyHolder'
19:37:23.005 [Test worker] DEBUG com.tngtech.archunit.core.importer.JavaClassProcessor - Processing class 'org/springframework/jdbc/core/BatchPreparedStatementSetter'
19:37:23.005 [Test worker] DEBUG com.tngtech.archunit.core.importer.JavaClassProcessor - Processing class 'org/springframework/jdbc/core/ParameterizedPreparedStatementSetter'
19:37:23.005 [Test worker] DEBUG com.tngtech.archunit.core.importer.JavaClassProcessor - Processing class 'org/springframework/jdbc/core/CallableStatementCreator'
19:37:23.006 [Test worker] DEBUG com.tngtech.archunit.core.importer.JavaClassProcessor - Processing class 'org/springframework/jdbc/core/CallableStatementCallback'
19:37:23.006 [Test worker] DEBUG com.tngtech.archunit.core.importer.JavaClassProcessor - Processing class 'java/sql/Connection'
19:37:23.006 [Test worker] DEBUG com.tngtech.archunit.core.importer.JavaClassProcessor - Processing class 'org/springframework/jdbc/datasource/ConnectionProxy'
19:37:23.006 [Test worker] DEBUG com.tngtech.archunit.core.importer.JavaClassProcessor - Processing class 'org/springframework/jdbc/core/ParameterDisposer'
19:37:23.007 [Test worker] DEBUG com.tngtech.archunit.core.importer.JavaClassProcessor - Processing class 'org/springframework/jdbc/core/SqlReturnResultSet'
19:37:23.007 [Test worker] DEBUG com.tngtech.archunit.core.importer.JavaClassProcessor - Processing class 'java/sql/CallableStatement'
19:37:23.007 [Test worker] DEBUG com.tngtech.archunit.core.importer.JavaClassProcessor - Processing class 'java/sql/SQLException'
19:37:23.007 [Test worker] DEBUG com.tngtech.archunit.core.importer.JavaClassProcessor - Processing class 'org/springframework/jdbc/core/SqlOutParameter'
19:37:23.007 [Test worker] DEBUG com.tngtech.archunit.core.importer.JavaClassProcessor - Processing class 'java/sql/ResultSet'
19:37:23.008 [Test worker] DEBUG com.tngtech.archunit.core.importer.JavaClassProcessor - Processing class 'org/springframework/jdbc/core/ResultSetSupportingSqlParameter'
19:37:23.008 [Test worker] DEBUG com.tngtech.archunit.core.importer.JavaClassProcessor - Processing class 'java/sql/Statement'
19:37:23.008 [Test worker] DEBUG com.tngtech.archunit.core.importer.JavaClassProcessor - Processing class 'java/sql/SQLWarning'
19:37:23.008 [Test worker] DEBUG com.tngtech.archunit.core.importer.JavaClassProcessor - Processing class 'org/springframework/jdbc/SQLWarningException'
19:37:23.008 [Test worker] DEBUG com.tngtech.archunit.core.importer.JavaClassProcessor - Processing class 'org/springframework/jdbc/core/SqlProvider'
19:37:23.008 [Test worker] DEBUG com.tngtech.archunit.core.importer.JavaClassProcessor - Processing class 'java/sql/PreparedStatement'
19:37:23.009 [Test worker] DEBUG com.tngtech.archunit.core.importer.JavaClassProcessor - Processing class 'org/springframework/jdbc/core/InterruptibleBatchPreparedStatementSetter'
19:37:23.009 [Test worker] DEBUG com.tngtech.archunit.core.importer.JavaClassProcessor - Processing class 'org/apache/commons/logging/Log'
19:37:23.009 [Test worker] DEBUG com.tngtech.archunit.core.importer.JavaClassProcessor - Processing class 'javax/sql/DataSource'
19:37:23.009 [Test worker] DEBUG com.tngtech.archunit.core.importer.JavaClassProcessor - Processing class 'org/springframework/jdbc/support/SQLExceptionTranslator'
19:37:23.010 [Test worker] DEBUG com.tngtech.archunit.core.importer.JavaClassProcessor - Processing class 'org/springframework/aot/hint/BindingReflectionHintsRegistrar'
19:37:23.010 [Test worker] DEBUG com.tngtech.archunit.core.importer.JavaClassProcessor - Processing class 'org/springframework/core/MethodParameter'
19:37:23.011 [Test worker] DEBUG com.tngtech.archunit.core.importer.JavaClassProcessor - Processing class 'org/springframework/web/bind/annotation/ModelAttribute'
19:37:23.011 [Test worker] DEBUG com.tngtech.archunit.core.importer.JavaClassProcessor - Processing class 'org/springframework/web/bind/annotation/RequestPart'
19:37:23.011 [Test worker] DEBUG com.tngtech.archunit.core.importer.JavaClassProcessor - Processing class 'org/springframework/http/HttpEntity'
19:37:23.011 [Test worker] DEBUG com.tngtech.archunit.core.importer.JavaClassProcessor - Processing class 'java/lang/reflect/Type'
19:37:23.011 [Test worker] DEBUG com.tngtech.archunit.core.importer.JavaClassProcessor - Processing class 'org/springframework/http/HttpMethod'
19:37:23.026 [Test worker] DEBUG com.tngtech.archunit.core.importer.UrlSource$From - Found URLs on sun.boot.class.path: []
19:37:23.031 [Test worker] DEBUG com.tngtech.archunit.core.importer.UrlSource$From - Found URLs on java.class.path: [jar:file:/C:/Users/ADMIN/.gradle/caches/7.4.2/workerMain/gradle-worker.jar!/, file:/D:/CODE/microservice/ddd-eshopee-EXPT-modulith/shopee-microservices/application/build/classes/java/test/, file:/D:/CODE/microservice/ddd-eshopee-EXPT-modulith/shopee-microservices/application/build/resources/test/, file:/D:/CODE/microservice/ddd-eshopee-EXPT-modulith/shopee-microservices/application/build/classes/java/main/, file:/D:/CODE/microservice/ddd-eshopee-EXPT-modulith/shopee-microservices/application/build/resources/main/, jar:file:/D:/CODE/microservice/ddd-eshopee-EXPT-modulith/shopee-microservices/sales/catalog/spring-boot-starter/build/libs/catalog-spring-boot-starter-2.0-SNAPSHOT.jar!/, jar:file:/D:/CODE/microservice/ddd-eshopee-EXPT-modulith/shopee-microservices/sales/cart/spring-boot-starter/build/libs/cart-spring-boot-starter-2.0-SNAPSHOT.jar!/, jar:file:/D:/CODE/microservice/ddd-eshopee-EXPT-modulith/shopee-microservices/sales/order/spring-boot-starter/build/libs/order-spring-boot-starter-2.0-SNAPSHOT.jar!/, jar:file:/D:/CODE/microservice/ddd-eshopee-EXPT-modulith/shopee-microservices/warehouse/spring-boot-starter/build/libs/warehouse-spring-boot-starter-2.0-SNAPSHOT.jar!/, jar:file:/D:/CODE/microservice/ddd-eshopee-EXPT-modulith/shopee-microservices/billing/payment/spring-boot-starter/build/libs/payment-spring-boot-starter-2.0-SNAPSHOT.jar!/, jar:file:/D:/CODE/microservice/ddd-eshopee-EXPT-modulith/shopee-microservices/shipping/delivery/spring-boot-starter/build/libs/delivery-spring-boot-starter-2.0-SNAPSHOT.jar!/, jar:file:/D:/CODE/microservice/ddd-eshopee-EXPT-modulith/shopee-microservices/shipping/dispatching/spring-boot-starter/build/libs/dispatching-spring-boot-starter-2.0-SNAPSHOT.jar!/, jar:file:/D:/CODE/microservice/ddd-eshopee-EXPT-modulith/shopee-microservices/portal/spring-boot-starter/build/libs/portal-spring-boot-starter-2.0-SNAPSHOT.jar!/, jar:file:/D:/CODE/microservice/ddd-eshopee-EXPT-modulith/shopee-microservices/common/application-integration-spring-boot-starter/build/libs/application-integration-spring-boot-starter-2.0-SNAPSHOT.jar!/, jar:file:/C:/Users/ADMIN/.gradle/caches/modules-2/files-2.1/org.springframework.boot/spring-boot-starter-data-redis/3.0.4/e122886d50ec624e51fbaac4bb0d5d17cf7b9764/spring-boot-starter-data-redis-3.0.4.jar!/, jar:file:/C:/Users/ADMIN/.gradle/caches/modules-2/files-2.1/org.springframework.boot/spring-boot-starter-jdbc/3.0.4/e64f229f772dc2952e1978a1f10d7f3a462e105d/spring-boot-starter-jdbc-3.0.4.jar!/, jar:file:/C:/Users/ADMIN/.gradle/caches/modules-2/files-2.1/org.springframework.boot/spring-boot-starter-web/3.0.4/6a7405b436c6943f056cdbab587fe48bdc2b4911/spring-boot-starter-web-3.0.4.jar!/, jar:file:/C:/Users/ADMIN/.gradle/caches/modules-2/files-2.1/org.springframework.boot/spring-boot-starter-test/3.0.4/eb934f1df3e6292d7b5800cfbbc237de90d174de/spring-boot-starter-test-3.0.4.jar!/, jar:file:/C:/Users/ADMIN/.gradle/caches/modules-2/files-2.1/org.springframework.boot/spring-boot-starter-thymeleaf/3.0.4/ea681f9f477da793eb9024a23686db9a59b50bc6/spring-boot-starter-thymeleaf-3.0.4.jar!/, jar:file:/C:/Users/ADMIN/.gradle/caches/modules-2/files-2.1/org.springframework.boot/spring-boot-starter-amqp/3.0.4/804a88a39dc6dce9678eef6f621bd9877f50a7ab/spring-boot-starter-amqp-3.0.4.jar!/, jar:file:/C:/Users/ADMIN/.gradle/caches/modules-2/files-2.1/org.springframework.boot/spring-boot-starter-json/3.0.4/5ddf427d011646fe787fdaa1b8edc4a4eebd48d5/spring-boot-starter-json-3.0.4.jar!/, jar:file:/C:/Users/ADMIN/.gradle/caches/modules-2/files-2.1/org.springframework.boot/spring-boot-starter/3.0.4/8f957a8bc9d70c0ca922406c6e23cb3db5d48109/spring-boot-starter-3.0.4.jar!/, jar:file:/C:/Users/ADMIN/.gradle/caches/modules-2/files-2.1/com.h2database/h2/2.1.214/d5c2005c9e3279201e12d4776c948578b16bf8b2/h2-2.1.214.jar!/, jar:file:/C:/Users/ADMIN/.gradle/caches/modules-2/files-2.1/org.postgresql/postgresql/42.5.4/15015a54f15e340a9a8a6a2c5457429cb1176b8/postgresql-42.5.4.jar!/, jar:file:/C:/Users/ADMIN/.gradle/caches/modules-2/files-2.1/io.rest-assured/rest-assured/5.2.1/131aedaf6ffbb783dbf7b21efe57a849ded8b321/rest-assured-5.2.1.jar!/, jar:file:/C:/Users/ADMIN/.gradle/caches/modules-2/files-2.1/com.tngtech.archunit/archunit/0.23.1/7f93a254a0b88b9209e34db523ed5c2cee2ab25f/archunit-0.23.1.jar!/, jar:file:/D:/CODE/microservice/ddd-eshopee-EXPT-modulith/shopee-microservices/sales/catalog/jdbc/build/libs/catalog-jdbc-2.0-SNAPSHOT.jar!/, jar:file:/D:/CODE/microservice/ddd-eshopee-EXPT-modulith/shopee-microservices/sales/catalog/rest/build/libs/catalog-rest-2.0-SNAPSHOT.jar!/, jar:file:/D:/CODE/microservice/ddd-eshopee-EXPT-modulith/shopee-microservices/sales/catalog/webcomp/build/libs/catalog-webcomp-2.0-SNAPSHOT.jar!/, jar:file:/D:/CODE/microservice/ddd-eshopee-EXPT-modulith/shopee-microservices/sales/cart/jdbc/build/libs/cart-jdbc-2.0-SNAPSHOT.jar!/, jar:file:/D:/CODE/microservice/ddd-eshopee-EXPT-modulith/shopee-microservices/sales/cart/rest/build/libs/cart-rest-2.0-SNAPSHOT.jar!/, jar:file:/D:/CODE/microservice/ddd-eshopee-EXPT-modulith/shopee-microservices/sales/cart/webcomp/build/libs/cart-webcomp-2.0-SNAPSHOT.jar!/, jar:file:/D:/CODE/microservice/ddd-eshopee-EXPT-modulith/shopee-microservices/sales/order/jdbc/build/libs/order-jdbc-2.0-SNAPSHOT.jar!/, jar:file:/D:/CODE/microservice/ddd-eshopee-EXPT-modulith/shopee-microservices/sales/order/rest/build/libs/order-rest-2.0-SNAPSHOT.jar!/, jar:file:/D:/CODE/microservice/ddd-eshopee-EXPT-modulith/shopee-microservices/sales/order/webcomp/build/libs/order-webcomp-2.0-SNAPSHOT.jar!/, jar:file:/D:/CODE/microservice/ddd-eshopee-EXPT-modulith/shopee-microservices/warehouse/jdbc/build/libs/warehouse-jdbc-2.0-SNAPSHOT.jar!/, jar:file:/D:/CODE/microservice/ddd-eshopee-EXPT-modulith/shopee-microservices/warehouse/listeners/build/libs/warehouse-listeners-2.0-SNAPSHOT.jar!/, jar:file:/D:/CODE/microservice/ddd-eshopee-EXPT-modulith/shopee-microservices/warehouse/rest/build/libs/warehouse-rest-2.0-SNAPSHOT.jar!/, jar:file:/D:/CODE/microservice/ddd-eshopee-EXPT-modulith/shopee-microservices/billing/payment/jdbc/build/libs/payment-jdbc-2.0-SNAPSHOT.jar!/, jar:file:/D:/CODE/microservice/ddd-eshopee-EXPT-modulith/shopee-microservices/billing/payment/listeners/build/libs/payment-listeners-2.0-SNAPSHOT.jar!/, jar:file:/D:/CODE/microservice/ddd-eshopee-EXPT-modulith/shopee-microservices/billing/payment/rest/build/libs/payment-rest-2.0-SNAPSHOT.jar!/, jar:file:/D:/CODE/microservice/ddd-eshopee-EXPT-modulith/shopee-microservices/shipping/delivery/jdbc/build/libs/delivery-jdbc-2.0-SNAPSHOT.jar!/, jar:file:/D:/CODE/microservice/ddd-eshopee-EXPT-modulith/shopee-microservices/shipping/delivery/listeners/build/libs/delivery-listeners-2.0-SNAPSHOT.jar!/, jar:file:/D:/CODE/microservice/ddd-eshopee-EXPT-modulith/shopee-microservices/shipping/delivery/rest/build/libs/delivery-rest-2.0-SNAPSHOT.jar!/, jar:file:/D:/CODE/microservice/ddd-eshopee-EXPT-modulith/shopee-microservices/shipping/delivery/webcomp/build/libs/delivery-webcomp-2.0-SNAPSHOT.jar!/, jar:file:/D:/CODE/microservice/ddd-eshopee-EXPT-modulith/shopee-microservices/shipping/dispatching/jdbc/build/libs/dispatching-jdbc-2.0-SNAPSHOT.jar!/, jar:file:/D:/CODE/microservice/ddd-eshopee-EXPT-modulith/shopee-microservices/shipping/dispatching/listeners/build/libs/dispatching-listeners-2.0-SNAPSHOT.jar!/, jar:file:/D:/CODE/microservice/ddd-eshopee-EXPT-modulith/shopee-microservices/portal/web/build/libs/portal-web-2.0-SNAPSHOT.jar!/, jar:file:/D:/CODE/microservice/ddd-eshopee-EXPT-modulith/shopee-microservices/sales/order/domain/build/libs/order-domain-2.0-SNAPSHOT.jar!/, jar:file:/D:/CODE/microservice/ddd-eshopee-EXPT-modulith/shopee-microservices/sales/order/events/build/libs/order-events-2.0-SNAPSHOT.jar!/, jar:file:/D:/CODE/microservice/ddd-eshopee-EXPT-modulith/shopee-microservices/shipping/dispatching/events/build/libs/dispatching-events-2.0-SNAPSHOT.jar!/, jar:file:/D:/CODE/microservice/ddd-eshopee-EXPT-modulith/shopee-microservices/shipping/delivery/domain/build/libs/delivery-domain-2.0-SNAPSHOT.jar!/, jar:file:/D:/CODE/microservice/ddd-eshopee-EXPT-modulith/shopee-microservices/shipping/delivery/events/build/libs/delivery-events-2.0-SNAPSHOT.jar!/, jar:file:/D:/CODE/microservice/ddd-eshopee-EXPT-modulith/shopee-microservices/billing/payment/domain/build/libs/payment-domain-2.0-SNAPSHOT.jar!/, jar:file:/D:/CODE/microservice/ddd-eshopee-EXPT-modulith/shopee-microservices/billing/payment/events/build/libs/payment-events-2.0-SNAPSHOT.jar!/, jar:file:/D:/CODE/microservice/ddd-eshopee-EXPT-modulith/shopee-microservices/warehouse/domain/build/libs/warehouse-domain-2.0-SNAPSHOT.jar!/, jar:file:/D:/CODE/microservice/ddd-eshopee-EXPT-modulith/shopee-microservices/warehouse/events/build/libs/warehouse-events-2.0-SNAPSHOT.jar!/, jar:file:/D:/CODE/microservice/ddd-eshopee-EXPT-modulith/shopee-microservices/common/events/build/libs/events-2.0-SNAPSHOT.jar!/, jar:file:/C:/Users/ADMIN/.gradle/caches/modules-2/files-2.1/com.fasterxml.jackson.datatype/jackson-datatype-jdk8/2.14.2/2f3c71211b6ea7a978eba33574d7135d536e07fb/jackson-datatype-jdk8-2.14.2.jar!/, jar:file:/C:/Users/ADMIN/.gradle/caches/modules-2/files-2.1/com.fasterxml.jackson.module/jackson-module-parameter-names/2.14.2/2b6c19b3d99dda02915515df879ab9e23fed3864/jackson-module-parameter-names-2.14.2.jar!/, jar:file:/C:/Users/ADMIN/.gradle/caches/modules-2/files-2.1/com.fasterxml.jackson.core/jackson-databind/2.14.2/1e71fddbc80bb86f71a6345ac1e8ab8a00e7134/jackson-databind-2.14.2.jar!/, jar:file:/C:/Users/ADMIN/.gradle/caches/modules-2/files-2.1/com.fasterxml.jackson.core/jackson-annotations/2.14.2/a7aae9525864930723e3453ab799521fdfd9d873/jackson-annotations-2.14.2.jar!/, jar:file:/C:/Users/ADMIN/.gradle/caches/modules-2/files-2.1/com.fasterxml.jackson.core/jackson-core/2.14.2/f804090e6399ce0cf78242db086017512dd71fcc/jackson-core-2.14.2.jar!/, jar:file:/C:/Users/ADMIN/.gradle/caches/modules-2/files-2.1/com.fasterxml.jackson.datatype/jackson-datatype-jsr310/2.14.2/796518148a385b2728d44886cc0f8852eb8eeb53/jackson-datatype-jsr310-2.14.2.jar!/, jar:file:/C:/Users/ADMIN/.gradle/caches/modules-2/files-2.1/org.springframework.boot/spring-boot-test-autoconfigure/3.0.4/3d28e21dc5cea68949d1f0b6a4051e7deeacf6cc/spring-boot-test-autoconfigure-3.0.4.jar!/, jar:file:/C:/Users/ADMIN/.gradle/caches/modules-2/files-2.1/org.springframework.boot/spring-boot-autoconfigure/3.0.4/7eb11bff0f965807f1088da20bc169bff27d284/spring-boot-autoconfigure-3.0.4.jar!/, jar:file:/C:/Users/ADMIN/.gradle/caches/modules-2/files-2.1/org.springframework.boot/spring-boot-test/3.0.4/4c1c72ff838b4f1191321aa01d1e98d68f882280/spring-boot-test-3.0.4.jar!/, jar:file:/C:/Users/ADMIN/.gradle/caches/modules-2/files-2.1/org.springframework.boot/spring-boot/3.0.4/27e5fceb2faf8ec399df70a2ff4e626a3423ae35/spring-boot-3.0.4.jar!/, jar:file:/C:/Users/ADMIN/.gradle/caches/modules-2/files-2.1/org.springframework.boot/spring-boot-starter-logging/3.0.4/31b32774c6ec2eceb3f75bdef7ddd8afd7059255/spring-boot-starter-logging-3.0.4.jar!/, jar:file:/C:/Users/ADMIN/.gradle/caches/modules-2/files-2.1/org.springframework.boot/spring-boot-starter-tomcat/3.0.4/40babd5ca3db46adf7c59b70ca2e6f2a528b558c/spring-boot-starter-tomcat-3.0.4.jar!/, jar:file:/C:/Users/ADMIN/.gradle/caches/modules-2/files-2.1/jakarta.annotation/jakarta.annotation-api/2.1.1/48b9bda22b091b1f48b13af03fe36db3be6e1ae3/jakarta.annotation-api-2.1.1.jar!/, jar:file:/C:/Users/ADMIN/.gradle/caches/modules-2/files-2.1/org.springframework/spring-jdbc/6.0.6/151e730f45832d42c6535b0bc6d7cebeabcaf844/spring-jdbc-6.0.6.jar!/, jar:file:/C:/Users/ADMIN/.gradle/caches/modules-2/files-2.1/org.springframework/spring-webmvc/6.0.6/302580efc981ad6797a85814ea0996e2149bb420/spring-webmvc-6.0.6.jar!/, jar:file:/C:/Users/ADMIN/.gradle/caches/modules-2/files-2.1/org.springframework/spring-web/6.0.6/2916961032e54aaeb534a290530b7b69e297bfcc/spring-web-6.0.6.jar!/, jar:file:/C:/Users/ADMIN/.gradle/caches/modules-2/files-2.1/org.springframework/spring-test/6.0.6/e94217b5c8cdf8f954d10251449fc98bdd8fc756/spring-test-6.0.6.jar!/, jar:file:/C:/Users/ADMIN/.gradle/caches/modules-2/files-2.1/org.springframework.data/spring-data-redis/3.0.3/6e8f59ca594ea86b56eacba74ae343d188771905/spring-data-redis-3.0.3.jar!/, jar:file:/C:/Users/ADMIN/.gradle/caches/modules-2/files-2.1/org.springframework.amqp/spring-rabbit/3.0.2/910f6a931b70f874ab03ba3dc0df2c6e05de12b8/spring-rabbit-3.0.2.jar!/, jar:file:/C:/Users/ADMIN/.gradle/caches/modules-2/files-2.1/org.springframework.data/spring-data-keyvalue/3.0.3/20ebdf1c5fb12aa0b5be9e67791e6c457f6e8968/spring-data-keyvalue-3.0.3.jar!/, jar:file:/C:/Users/ADMIN/.gradle/caches/modules-2/files-2.1/org.springframework/spring-tx/6.0.6/e86b3073d9640e17e5581a6aebb0d2794c407c46/spring-tx-6.0.6.jar!/, jar:file:/C:/Users/ADMIN/.gradle/caches/modules-2/files-2.1/org.springframework/spring-context-support/6.0.6/363228b8abc8b7ff569b10195f28652c7b65a41/spring-context-support-6.0.6.jar!/, jar:file:/C:/Users/ADMIN/.gradle/caches/modules-2/files-2.1/org.springframework/spring-context/6.0.6/fbd2b7c23adb2ec2f7ca601b3e7d79ae10e342a/spring-context-6.0.6.jar!/, jar:file:/C:/Users/ADMIN/.gradle/caches/modules-2/files-2.1/org.springframework/spring-messaging/6.0.6/42392bdb43a691e7c7bf4da296fef598a3127f37/spring-messaging-6.0.6.jar!/, jar:file:/C:/Users/ADMIN/.gradle/caches/modules-2/files-2.1/org.springframework/spring-oxm/6.0.6/e0bab7269ffaec4df3a9f221b4810b392c5ac492/spring-oxm-6.0.6.jar!/, jar:file:/C:/Users/ADMIN/.gradle/caches/modules-2/files-2.1/org.springframework/spring-aop/6.0.6/c95dc800fdce470519b7135272e64d4606fc8428/spring-aop-6.0.6.jar!/, jar:file:/C:/Users/ADMIN/.gradle/caches/modules-2/files-2.1/org.springframework.data/spring-data-commons/3.0.3/4492e9d25d7e8714f5ebfdd9e607dd7e0998038e/spring-data-commons-3.0.3.jar!/, jar:file:/C:/Users/ADMIN/.gradle/caches/modules-2/files-2.1/org.springframework/spring-beans/6.0.6/48ea4ba141146b3acaad0c7df80d2a06afeb95fd/spring-beans-6.0.6.jar!/, jar:file:/C:/Users/ADMIN/.gradle/caches/modules-2/files-2.1/org.springframework/spring-expression/6.0.6/2006ee0e1be8380f05c29deb52a97d3a1e6812d7/spring-expression-6.0.6.jar!/, jar:file:/C:/Users/ADMIN/.gradle/caches/modules-2/files-2.1/org.springframework.amqp/spring-amqp/3.0.2/698cf3a55e202356034288ed0bdccc2f8579b7e2/spring-amqp-3.0.2.jar!/, jar:file:/C:/Users/ADMIN/.gradle/caches/modules-2/files-2.1/org.springframework/spring-core/6.0.6/8a2845e0945923a9ebf3e9ef0649a28b6eeeac43/spring-core-6.0.6.jar!/, jar:file:/C:/Users/ADMIN/.gradle/caches/modules-2/files-2.1/org.yaml/snakeyaml/1.33/2cd0a87ff7df953f810c344bdf2fe3340b954c69/snakeyaml-1.33.jar!/, jar:file:/C:/Users/ADMIN/.gradle/caches/modules-2/files-2.1/io.lettuce/lettuce-core/6.2.3.RELEASE/3d671a51095ef90b817a690ef1b569b24b309665/lettuce-core-6.2.3.RELEASE.jar!/, jar:file:/C:/Users/ADMIN/.gradle/caches/modules-2/files-2.1/com.zaxxer/HikariCP/5.0.1/a74c7f0a37046846e88d54f7cb6ea6d565c65f9c/HikariCP-5.0.1.jar!/, jar:file:/C:/Users/ADMIN/.gradle/caches/modules-2/files-2.1/org.checkerframework/checker-qual/3.5.0/2f50520c8abea66fbd8d26e481d3aef5c673b510/checker-qual-3.5.0.jar!/, jar:file:/C:/Users/ADMIN/.gradle/caches/modules-2/files-2.1/com.jayway.jsonpath/json-path/2.7.0/f9d7d9659f2694e61142046ff8a216c047f263e8/json-path-2.7.0.jar!/, jar:file:/C:/Users/ADMIN/.gradle/caches/modules-2/files-2.1/jakarta.xml.bind/jakarta.xml.bind-api/4.0.0/bbb399208d288b15ec101fa4fcfc4bd77cedc97a/jakarta.xml.bind-api-4.0.0.jar!/, jar:file:/C:/Users/ADMIN/.gradle/caches/modules-2/files-2.1/org.assertj/assertj-core/3.23.1/d2bb60570f5b3d7ffa8f8000118c9c07b86eca93/assertj-core-3.23.1.jar!/, jar:file:/C:/Users/ADMIN/.gradle/caches/modules-2/files-2.1/org.hamcrest/hamcrest/2.2/1820c0968dba3a11a1b30669bb1f01978a91dedc/hamcrest-2.2.jar!/, jar:file:/C:/Users/ADMIN/.gradle/caches/modules-2/files-2.1/org.mockito/mockito-junit-jupiter/4.8.1/e393aa62eca2244a535b03842843f2f199343d1f/mockito-junit-jupiter-4.8.1.jar!/, jar:file:/C:/Users/ADMIN/.gradle/caches/modules-2/files-2.1/org.junit.jupiter/junit-jupiter-params/5.9.2/bc2765afb7b85b583c710dd259a11c6b8c39e912/junit-jupiter-params-5.9.2.jar!/, jar:file:/C:/Users/ADMIN/.gradle/caches/modules-2/files-2.1/org.junit.jupiter/junit-jupiter-engine/5.9.2/572f7a553b53f83ee59cc045ce1c3772864ab76c/junit-jupiter-engine-5.9.2.jar!/, jar:file:/C:/Users/ADMIN/.gradle/caches/modules-2/files-2.1/org.junit.jupiter/junit-jupiter-api/5.9.2/fed843581520eac594bc36bb4b0f55e7b947dda9/junit-jupiter-api-5.9.2.jar!/, jar:file:/C:/Users/ADMIN/.gradle/caches/modules-2/files-2.1/org.junit.platform/junit-platform-engine/1.9.2/40aeef2be7b04f96bb91e8b054affc28b7c7c935/junit-platform-engine-1.9.2.jar!/, jar:file:/C:/Users/ADMIN/.gradle/caches/modules-2/files-2.1/org.junit.platform/junit-platform-commons/1.9.2/6f9f8621d8230cd38aa42e58ccbc0c00569131ce/junit-platform-commons-1.9.2.jar!/, jar:file:/C:/Users/ADMIN/.gradle/caches/modules-2/files-2.1/org.junit.jupiter/junit-jupiter/5.9.2/26c586fbe0ebd81b48c9f11f0d998124248697ae/junit-jupiter-5.9.2.jar!/, jar:file:/C:/Users/ADMIN/.gradle/caches/modules-2/files-2.1/org.mockito/mockito-core/4.8.1/d8eb9dec8747d08645347bb8c69088ac83197975/mockito-core-4.8.1.jar!/, jar:file:/C:/Users/ADMIN/.gradle/caches/modules-2/files-2.1/org.skyscreamer/jsonassert/1.5.1/6d842d0faf4cf6725c509a5e5347d319ee0431c3/jsonassert-1.5.1.jar!/, jar:file:/C:/Users/ADMIN/.gradle/caches/modules-2/files-2.1/org.xmlunit/xmlunit-core/2.9.1/e5833662d9a1279a37da3ef6f62a1da29fcd68c4/xmlunit-core-2.9.1.jar!/, jar:file:/C:/Users/ADMIN/.gradle/caches/modules-2/files-2.1/io.rest-assured/xml-path/5.2.1/3918e4080bd677b1b4683bdd82a19be78d5c0ec2/xml-path-5.2.1.jar!/, jar:file:/C:/Users/ADMIN/.gradle/caches/modules-2/files-2.1/io.rest-assured/json-path/5.2.1/f53d9cefcf3e3f4554f390ec17d278c47d4125ad/json-path-5.2.1.jar!/, jar:file:/C:/Users/ADMIN/.gradle/caches/modules-2/files-2.1/org.apache.groovy/groovy-json/4.0.9/122759fca67c3ef87ea7d48a3057af362a360089/groovy-json-4.0.9.jar!/, jar:file:/C:/Users/ADMIN/.gradle/caches/modules-2/files-2.1/org.apache.groovy/groovy-xml/4.0.9/b22d2ae189670d4ccc58bc4ef003d922b85cb0d5/groovy-xml-4.0.9.jar!/, jar:file:/C:/Users/ADMIN/.gradle/caches/modules-2/files-2.1/io.rest-assured/rest-assured-common/5.2.1/f506be4e8fb8c2adbbfdff9720fad420b76e6543/rest-assured-common-5.2.1.jar!/, jar:file:/C:/Users/ADMIN/.gradle/caches/modules-2/files-2.1/org.apache.groovy/groovy/4.0.9/80605ad828d16fd5d6349628b8d77e5761b2b4c4/groovy-4.0.9.jar!/, jar:file:/C:/Users/ADMIN/.gradle/caches/modules-2/files-2.1/org.apache.httpcomponents/httpmime/4.5.14/6662758a1f1cb1149cf916bdac28332e0902ec44/httpmime-4.5.14.jar!/, jar:file:/C:/Users/ADMIN/.gradle/caches/modules-2/files-2.1/org.apache.httpcomponents/httpclient/4.5.14/1194890e6f56ec29177673f2f12d0b8e627dec98/httpclient-4.5.14.jar!/, jar:file:/C:/Users/ADMIN/.gradle/caches/modules-2/files-2.1/org.ccil.cowan.tagsoup/tagsoup/1.2.1/5584627487e984c03456266d3f8802eb85a9ce97/tagsoup-1.2.1.jar!/, jar:file:/C:/Users/ADMIN/.gradle/caches/modules-2/files-2.1/org.thymeleaf/thymeleaf-spring6/3.1.1.RELEASE/deb52ef921a4ac5132fedb7ebfc2bc1dad4382b3/thymeleaf-spring6-3.1.1.RELEASE.jar!/, jar:file:/C:/Users/ADMIN/.gradle/caches/modules-2/files-2.1/ch.qos.logback/logback-classic/1.4.5/28e7dc0b208d6c3f15beefd73976e064b4ecfa9b/logback-classic-1.4.5.jar!/, jar:file:/C:/Users/ADMIN/.gradle/caches/modules-2/files-2.1/org.apache.logging.log4j/log4j-to-slf4j/2.19.0/30f4812e43172ecca5041da2cb6b965cc4777c19/log4j-to-slf4j-2.19.0.jar!/, jar:file:/C:/Users/ADMIN/.gradle/caches/modules-2/files-2.1/org.slf4j/jul-to-slf4j/2.0.6/c4d348977a83a0bfcf42fd6fd1fee6e7904f1a0c/jul-to-slf4j-2.0.6.jar!/, jar:file:/C:/Users/ADMIN/.gradle/caches/modules-2/files-2.1/org.thymeleaf/thymeleaf/3.1.1.RELEASE/374a129dfa5e7d7f1a46eacc4d49e594ca0cf26f/thymeleaf-3.1.1.RELEASE.jar!/, jar:file:/C:/Users/ADMIN/.gradle/caches/modules-2/files-2.1/com.rabbitmq/amqp-client/5.16.0/c70c66a8e5a92e41adf618efa7d8025db29cdf3/amqp-client-5.16.0.jar!/, jar:file:/C:/Users/ADMIN/.gradle/caches/modules-2/files-2.1/org.slf4j/slf4j-api/2.0.6/88c40d8b4f33326f19a7d3c0aaf2c7e8721d4953/slf4j-api-2.0.6.jar!/, jar:file:/D:/CODE/microservice/ddd-eshopee-EXPT-modulith/shopee-microservices/sales/catalog/domain/build/libs/catalog-domain-2.0-SNAPSHOT.jar!/, jar:file:/D:/CODE/microservice/ddd-eshopee-EXPT-modulith/shopee-microservices/sales/cart/domain/build/libs/cart-domain-2.0-SNAPSHOT.jar!/, jar:file:/D:/CODE/microservice/ddd-eshopee-EXPT-modulith/shopee-microservices/shipping/dispatching/domain/build/libs/dispatching-domain-2.0-SNAPSHOT.jar!/, jar:file:/C:/Users/ADMIN/.gradle/caches/modules-2/files-2.1/org.springframework/spring-jcl/6.0.6/f13cd8a561e71fb65c63201113d766fcd7a2b06f/spring-jcl-6.0.6.jar!/, jar:file:/C:/Users/ADMIN/.gradle/caches/modules-2/files-2.1/io.netty/netty-handler/4.1.89.Final/ced584e9eba5a6b7aad7c6a28a60c13375459f1a/netty-handler-4.1.89.Final.jar!/, jar:file:/C:/Users/ADMIN/.gradle/caches/modules-2/files-2.1/io.netty/netty-transport-native-unix-common/4.1.89.Final/a7717ed61393d5aad202a92bb02f661ed525bf86/netty-transport-native-unix-common-4.1.89.Final.jar!/, jar:file:/C:/Users/ADMIN/.gradle/caches/modules-2/files-2.1/io.netty/netty-codec/4.1.89.Final/f03a649ffa405ca4c802a8bfcc2abfe70ae485ca/netty-codec-4.1.89.Final.jar!/, jar:file:/C:/Users/ADMIN/.gradle/caches/modules-2/files-2.1/io.netty/netty-transport/4.1.89.Final/e7ff320310eafe302c0dfb9690ae7201ab61ead2/netty-transport-4.1.89.Final.jar!/, jar:file:/C:/Users/ADMIN/.gradle/caches/modules-2/files-2.1/io.netty/netty-resolver/4.1.89.Final/686b21bf3488747bc834ee9e60a863f37b71f35e/netty-resolver-4.1.89.Final.jar!/, jar:file:/C:/Users/ADMIN/.gradle/caches/modules-2/files-2.1/io.netty/netty-buffer/4.1.89.Final/b1d3dbf69a75eaa8793c7e00cff2851dac9fd725/netty-buffer-4.1.89.Final.jar!/, jar:file:/C:/Users/ADMIN/.gradle/caches/modules-2/files-2.1/io.netty/netty-common/4.1.89.Final/c0c80bfe45cc85da5030ea8fc64071e28d0f6f5f/netty-common-4.1.89.Final.jar!/, jar:file:/C:/Users/ADMIN/.gradle/caches/modules-2/files-2.1/io.projectreactor/reactor-core/3.5.3/dd102ecdb21ff78a486074dbad55331f8847eb5d/reactor-core-3.5.3.jar!/, jar:file:/C:/Users/ADMIN/.gradle/caches/modules-2/files-2.1/org.apache.tomcat.embed/tomcat-embed-websocket/10.1.5/14529cbd593571dc9029272ddc9166b5ef113fc2/tomcat-embed-websocket-10.1.5.jar!/, jar:file:/C:/Users/ADMIN/.gradle/caches/modules-2/files-2.1/org.apache.tomcat.embed/tomcat-embed-core/10.1.5/21417d3ef8189e2af05aae0a765ad9204d7211b5/tomcat-embed-core-10.1.5.jar!/, jar:file:/C:/Users/ADMIN/.gradle/caches/modules-2/files-2.1/org.apache.tomcat.embed/tomcat-embed-el/10.1.5/c125df13af42a0fc0cd342370449b1276181e2a1/tomcat-embed-el-10.1.5.jar!/, jar:file:/C:/Users/ADMIN/.gradle/caches/modules-2/files-2.1/io.micrometer/micrometer-observation/1.10.4/96aa92ad7a18c2451c429348c0167eb08a988d4e/micrometer-observation-1.10.4.jar!/, jar:file:/C:/Users/ADMIN/.gradle/caches/modules-2/files-2.1/net.minidev/json-smart/2.4.8/7c62f5f72ab05eb54d40e2abf0360a2fe9ea477f/json-smart-2.4.8.jar!/, jar:file:/C:/Users/ADMIN/.gradle/caches/modules-2/files-2.1/jakarta.activation/jakarta.activation-api/2.1.1/88c774ab863a21fb2fc4219af95379fafe499a31/jakarta.activation-api-2.1.1.jar!/, jar:file:/C:/Users/ADMIN/.gradle/caches/modules-2/files-2.1/net.bytebuddy/byte-buddy/1.12.23/d470526e8c4566c04e9ae5d3ccb62d1a7aa58986/byte-buddy-1.12.23.jar!/, jar:file:/C:/Users/ADMIN/.gradle/caches/modules-2/files-2.1/net.bytebuddy/byte-buddy-agent/1.12.23/1cba11fdb72c383edacb909f79ae6870efd275e4/byte-buddy-agent-1.12.23.jar!/, jar:file:/C:/Users/ADMIN/.gradle/caches/modules-2/files-2.1/org.objenesis/objenesis/3.2/7fadf57620c8b8abdf7519533e5527367cb51f09/objenesis-3.2.jar!/, jar:file:/C:/Users/ADMIN/.m2/repository/com/vaadin/external/google/android-json/0.0.20131108.vaadin1/android-json-0.0.20131108.vaadin1.jar!/, jar:file:/C:/Users/ADMIN/.gradle/caches/modules-2/files-2.1/org.apache.httpcomponents/httpcore/4.4.16/51cf043c87253c9f58b539c9f7e44c8894223850/httpcore-4.4.16.jar!/, jar:file:/C:/Users/ADMIN/.gradle/caches/modules-2/files-2.1/commons-codec/commons-codec/1.15/49d94806b6e3dc933dacbd8acb0fdbab8ebd1e5d/commons-codec-1.15.jar!/, jar:file:/C:/Users/ADMIN/.gradle/caches/modules-2/files-2.1/org.apache.commons/commons-lang3/3.12.0/c6842c86792ff03b9f1d1fe2aab8dc23aa6c6f0e/commons-lang3-3.12.0.jar!/, jar:file:/D:/CODE/microservice/ddd-eshopee-EXPT-modulith/shopee-microservices/common/primitives/build/libs/primitives-2.0-SNAPSHOT.jar!/, jar:file:/C:/Users/ADMIN/.gradle/caches/modules-2/files-2.1/ch.qos.logback/logback-core/1.4.5/e9bb2ea70f84401314da4300343b0a246c8954da/logback-core-1.4.5.jar!/, jar:file:/C:/Users/ADMIN/.gradle/caches/modules-2/files-2.1/org.apache.logging.log4j/log4j-api/2.19.0/ea1b37f38c327596b216542bc636cfdc0b8036fa/log4j-api-2.19.0.jar!/, jar:file:/C:/Users/ADMIN/.gradle/caches/modules-2/files-2.1/org.reactivestreams/reactive-streams/1.0.4/3864a1320d97d7b045f729a326e1e077661f31b7/reactive-streams-1.0.4.jar!/, jar:file:/C:/Users/ADMIN/.gradle/caches/modules-2/files-2.1/io.micrometer/micrometer-commons/1.10.4/a5db33c573c8755e70388f204e83000dc359b63d/micrometer-commons-1.10.4.jar!/, jar:file:/C:/Users/ADMIN/.gradle/caches/modules-2/files-2.1/net.minidev/accessors-smart/2.4.8/6e1bee5a530caba91893604d6ab41d0edcecca9a/accessors-smart-2.4.8.jar!/, jar:file:/C:/Users/ADMIN/.gradle/caches/modules-2/files-2.1/org.opentest4j/opentest4j/1.2.0/28c11eb91f9b6d8e200631d46e20a7f407f2a046/opentest4j-1.2.0.jar!/, jar:file:/C:/Users/ADMIN/.gradle/caches/modules-2/files-2.1/org.attoparser/attoparser/2.0.6.RELEASE/8f603f22a18d4f7258f8860ccbb68b069f49904a/attoparser-2.0.6.RELEASE.jar!/, jar:file:/C:/Users/ADMIN/.gradle/caches/modules-2/files-2.1/org.unbescape/unbescape/1.1.6.RELEASE/7b90360afb2b860e09e8347112800d12c12b2a13/unbescape-1.1.6.RELEASE.jar!/, jar:file:/C:/Users/ADMIN/.gradle/caches/modules-2/files-2.1/org.springframework.retry/spring-retry/2.0.0/6a7a653901b58eb741692417f33b5bebedbd01f7/spring-retry-2.0.0.jar!/, jar:file:/C:/Users/ADMIN/.gradle/caches/modules-2/files-2.1/org.ow2.asm/asm/9.1/a99500cf6eea30535eeac6be73899d048f8d12a8/asm-9.1.jar!/]
19:37:23.052 [Test worker] DEBUG com.tngtech.archunit.core.importer.JavaClassProcessor - Processing class 'com/home/eshopee/warehouse/rest/WarehouseController'
19:37:23.053 [Test worker] DEBUG com.tngtech.archunit.core.importer.JavaClassProcessor - Processing class 'com/home/eshopee/warehouse/Amount'
19:37:23.053 [Test worker] DEBUG com.tngtech.archunit.core.importer.JavaClassProcessor - Processing class 'com/home/eshopee/warehouse/FetchGoods'
19:37:23.053 [Test worker] DEBUG com.tngtech.archunit.core.importer.JavaClassProcessor - Processing class 'com/home/eshopee/warehouse/InStock'
19:37:23.053 [Test worker] DEBUG com.tngtech.archunit.core.importer.JavaClassProcessor - Processing class 'com/home/eshopee/warehouse/OrderId'
19:37:23.053 [Test worker] DEBUG com.tngtech.archunit.core.importer.JavaClassProcessor - Processing class 'com/home/eshopee/warehouse/ProductId'
19:37:23.053 [Test worker] DEBUG com.tngtech.archunit.core.importer.JavaClassProcessor - Processing class 'com/home/eshopee/warehouse/RemoveFetchedGoods'
19:37:23.053 [Test worker] DEBUG com.tngtech.archunit.core.importer.JavaClassProcessor - Processing class 'com/home/eshopee/warehouse/ToFetch'
19:37:23.054 [Test worker] DEBUG com.tngtech.archunit.core.importer.JavaClassProcessor - Processing class 'com/home/eshopee/warehouse/Warehouse'
19:37:23.054 [Test worker] DEBUG com.tngtech.archunit.core.importer.JavaClassProcessor - Processing class 'com/home/eshopee/warehouse/listeners/DeliveryDispatchedListener'
19:37:23.054 [Test worker] DEBUG com.tngtech.archunit.core.importer.JavaClassProcessor - Processing class 'com/home/eshopee/warehouse/listeners/OrderPlacedListener'
19:37:23.054 [Test worker] DEBUG com.tngtech.archunit.core.importer.JavaClassProcessor - Processing class 'com/home/eshopee/warehouse/GoodsFetched'
19:37:23.054 [Test worker] DEBUG com.tngtech.archunit.core.importer.JavaClassProcessor - Processing class 'com/home/eshopee/warehouse/GoodsMissed'
19:37:23.054 [Test worker] DEBUG com.tngtech.archunit.core.importer.JavaClassProcessor - Processing class 'com/home/eshopee/warehouse/jdbc/WarehouseJdbcConfig'
19:37:23.055 [Test worker] DEBUG com.tngtech.archunit.core.importer.JavaClassProcessor - Processing class 'com/home/eshopee/warehouse/jdbc/GoodsFetchingJdbc'
19:37:23.055 [Test worker] DEBUG com.tngtech.archunit.core.importer.JavaClassProcessor - Processing class 'com/home/eshopee/warehouse/jdbc/WarehouseJdbc'
19:37:23.055 [Test worker] DEBUG com.tngtech.archunit.core.importer.DependencyResolutionProcess - Automatically resolving transitive class dependencies with the following configuration:
import.dependencyResolutionProcess.maxIterationsForMemberTypes = 1
import.dependencyResolutionProcess.maxIterationsForAccessesToTypes = 1
import.dependencyResolutionProcess.maxIterationsForSupertypes = -1
import.dependencyResolutionProcess.maxIterationsForEnclosingTypes = -1
import.dependencyResolutionProcess.maxIterationsForAnnotationTypes = -1
import.dependencyResolutionProcess.maxIterationsForGenericSignatureTypes = -1
19:37:23.056 [Test worker] DEBUG com.tngtech.archunit.core.importer.JavaClassProcessor - Processing class 'org/springframework/web/bind/annotation/PathVariable'
19:37:23.056 [Test worker] DEBUG com.tngtech.archunit.core.importer.JavaClassProcessor - Processing class 'org/slf4j/LoggerFactory'
19:37:23.056 [Test worker] DEBUG com.tngtech.archunit.core.importer.JavaClassProcessor - Processing class 'java/lang/Integer'
19:37:23.057 [Test worker] DEBUG com.tngtech.archunit.core.importer.JavaClassProcessor - Processing class 'com/home/eshopee/sales/order/OrderPlaced'
19:37:23.057 [Test worker] DEBUG com.tngtech.archunit.core.importer.JavaClassProcessor - Processing class 'com/home/eshopee/shipping/dispatching/DeliveryDispatched'
19:37:23.057 [Test worker] DEBUG com.tngtech.archunit.core.importer.JavaClassProcessor - Processing class 'java/util/Map'
19:37:23.057 [Test worker] DEBUG com.tngtech.archunit.core.importer.JavaClassProcessor - Processing class 'java/lang/Math'
19:37:23.058 [Test worker] DEBUG com.tngtech.archunit.core.importer.JavaClassProcessor - Processing class 'org/springframework/web/bind/annotation/PostMapping'
19:37:23.058 [Test worker] DEBUG com.tngtech.archunit.core.importer.JavaClassProcessor - Processing class 'java/util/Collection'
19:37:23.058 [Test worker] DEBUG com.tngtech.archunit.core.importer.JavaClassProcessor - Processing class 'java/util/Set'
19:37:23.058 [Test worker] DEBUG com.tngtech.archunit.core.importer.JavaClassProcessor - Processing class 'com/home/eshopee/common/events/EventPublisher'
19:37:23.058 [Test worker] DEBUG com.tngtech.archunit.core.importer.JavaClassProcessor - Processing class 'java/time/Instant'
19:37:23.059 [Test worker] DEBUG com.tngtech.archunit.core.importer.JavaClassProcessor - Processing class 'org/springframework/web/bind/annotation/RestController'
19:37:23.059 [Test worker] DEBUG com.tngtech.archunit.core.importer.JavaClassProcessor - Processing class 'java/util/stream/Collectors'
19:37:23.059 [Test worker] DEBUG com.tngtech.archunit.core.importer.JavaClassProcessor - Processing class 'org/springframework/context/annotation/Configuration'
19:37:23.059 [Test worker] DEBUG com.tngtech.archunit.core.importer.JavaClassProcessor - Processing class 'java/util/List'
19:37:23.060 [Test worker] DEBUG com.tngtech.archunit.core.importer.JavaClassProcessor - Processing class 'java/util/stream/Stream'
19:37:23.060 [Test worker] DEBUG com.tngtech.archunit.core.importer.JavaClassProcessor - Processing class 'java/util/Optional'
19:37:23.060 [Test worker] DEBUG com.tngtech.archunit.core.importer.JavaClassProcessor - Processing class 'org/springframework/scheduling/annotation/Async'
19:37:23.060 [Test worker] DEBUG com.tngtech.archunit.core.importer.JavaClassProcessor - Processing class 'org/springframework/web/bind/annotation/RequestMapping'
19:37:23.061 [Test worker] DEBUG com.tngtech.archunit.core.importer.JavaClassProcessor - Processing class 'org/springframework/jdbc/core/JdbcTemplate'
19:37:23.061 [Test worker] DEBUG com.tngtech.archunit.core.importer.JavaClassProcessor - Processing class 'org/springframework/web/bind/annotation/RequestBody'
19:37:23.061 [Test worker] DEBUG com.tngtech.archunit.core.importer.JavaClassProcessor - Processing class 'org/springframework/transaction/annotation/Propagation'
19:37:23.062 [Test worker] DEBUG com.tngtech.archunit.core.importer.JavaClassProcessor - Processing class 'org/springframework/web/bind/annotation/GetMapping'
19:37:23.062 [Test worker] DEBUG com.tngtech.archunit.core.importer.JavaClassProcessor - Processing class 'com/home/eshopee/common/events/DomainEvent'
19:37:23.062 [Test worker] DEBUG com.tngtech.archunit.core.importer.JavaClassProcessor - Processing class 'java/lang/String'
19:37:23.062 [Test worker] DEBUG com.tngtech.archunit.core.importer.JavaClassProcessor - Processing class 'java/util/Map$Entry'
19:37:23.063 [Test worker] DEBUG com.tngtech.archunit.core.importer.JavaClassProcessor - Processing class 'org/slf4j/Logger'
19:37:23.063 [Test worker] DEBUG com.tngtech.archunit.core.importer.JavaClassProcessor - Processing class 'org/springframework/transaction/event/TransactionalEventListener'
19:37:23.063 [Test worker] DEBUG com.tngtech.archunit.core.importer.JavaClassProcessor - Processing class 'java/lang/IllegalArgumentException'
19:37:23.063 [Test worker] DEBUG com.tngtech.archunit.core.importer.JavaClassProcessor - Processing class 'java/lang/Object'
19:37:23.064 [Test worker] DEBUG com.tngtech.archunit.core.importer.JavaClassProcessor - Processing class 'org/springframework/stereotype/Component'
19:37:23.064 [Test worker] DEBUG com.tngtech.archunit.core.importer.JavaClassProcessor - Processing class 'java/lang/Comparable'
19:37:23.064 [Test worker] DEBUG com.tngtech.archunit.core.importer.JavaClassProcessor - Processing class 'org/springframework/context/annotation/Bean'
19:37:23.064 [Test worker] DEBUG com.tngtech.archunit.core.importer.JavaClassProcessor - Processing class 'org/springframework/transaction/annotation/Transactional'
19:37:23.064 [Test worker] DEBUG com.tngtech.archunit.core.importer.JavaClassProcessor - Processing class 'org/springframework/jdbc/core/JdbcOperations'
19:37:23.064 [Test worker] DEBUG com.tngtech.archunit.core.importer.JavaClassProcessor - Processing class 'java/net/URL'
19:37:23.065 [Test worker] DEBUG com.tngtech.archunit.core.importer.JavaClassProcessor - Processing class 'java/util/function/IntConsumer'
19:37:23.065 [Test worker] DEBUG com.tngtech.archunit.core.importer.JavaClassProcessor - Processing class 'org/springframework/jdbc/support/JdbcAccessor'
19:37:23.065 [Test worker] DEBUG com.tngtech.archunit.core.importer.JavaClassProcessor - Processing class 'org/springframework/jdbc/core/SqlParameter'
19:37:23.065 [Test worker] DEBUG com.tngtech.archunit.core.importer.JavaClassProcessor - Processing class 'java/lang/annotation/Inherited'
19:37:23.065 [Test worker] DEBUG com.tngtech.archunit.core.importer.JavaClassProcessor - Processing class 'org/slf4j/helpers/CheckReturnValue'
19:37:23.065 [Test worker] DEBUG com.tngtech.archunit.core.importer.JavaClassProcessor - Processing class 'java/util/DoubleSummaryStatistics'
19:37:23.065 [Test worker] DEBUG com.tngtech.archunit.core.importer.JavaClassProcessor - Processing class 'java/util/function/DoubleConsumer'
19:37:23.065 [Test worker] DEBUG com.tngtech.archunit.core.importer.JavaClassProcessor - Processing class 'java/lang/Enum'
19:37:23.066 [Test worker] DEBUG com.tngtech.archunit.core.importer.JavaClassProcessor - Processing class 'java/lang/Long'
19:37:23.066 [Test worker] DEBUG com.tngtech.archunit.core.importer.JavaClassProcessor - Processing class 'org/springframework/transaction/event/TransactionPhase'
19:37:23.066 [Test worker] DEBUG com.tngtech.archunit.core.importer.JavaClassProcessor - Processing class 'java/lang/annotation/Documented'
19:37:23.066 [Test worker] DEBUG com.tngtech.archunit.core.importer.JavaClassProcessor - Processing class 'org/springframework/web/bind/annotation/ControllerMappingReflectiveProcessor'
19:37:23.066 [Test worker] DEBUG com.tngtech.archunit.core.importer.JavaClassProcessor - Processing class 'org/springframework/aot/hint/annotation/Reflective'
19:37:23.066 [Test worker] DEBUG com.tngtech.archunit.core.importer.JavaClassProcessor - Processing class 'jdk/internal/vm/annotation/ForceInline'
19:37:23.066 [Test worker] DEBUG com.tngtech.archunit.core.importer.JavaClassProcessor - Processing class 'java/lang/CharSequence'
19:37:23.066 [Test worker] DEBUG com.tngtech.archunit.core.importer.JavaClassProcessor - Processing class 'org/springframework/web/bind/annotation/RequestMethod'
19:37:23.067 [Test worker] DEBUG com.tngtech.archunit.core.importer.JavaClassProcessor - Processing class 'org/springframework/context/event/EventListener'
19:37:23.067 [Test worker] DEBUG com.tngtech.archunit.core.importer.JavaClassProcessor - Processing class 'java/io/Serializable'
19:37:23.067 [Test worker] DEBUG com.tngtech.archunit.core.importer.JavaClassProcessor - Processing class 'java/util/stream/DoubleStream'
19:37:23.067 [Test worker] DEBUG com.tngtech.archunit.core.importer.JavaClassProcessor - Processing class 'org/slf4j/spi/SLF4JServiceProvider'
19:37:23.067 [Test worker] DEBUG com.tngtech.archunit.core.importer.JavaClassProcessor - Processing class 'java/lang/annotation/Annotation'
19:37:23.067 [Test worker] DEBUG com.tngtech.archunit.core.importer.JavaClassProcessor - Processing class 'jdk/internal/ValueBased'
19:37:23.067 [Test worker] DEBUG com.tngtech.archunit.core.importer.JavaClassProcessor - Processing class 'java/time/temporal/Temporal'
19:37:23.067 [Test worker] DEBUG com.tngtech.archunit.core.importer.JavaClassProcessor - Processing class 'org/springframework/transaction/annotation/Isolation'
19:37:23.067 [Test worker] DEBUG com.tngtech.archunit.core.importer.JavaClassProcessor - Processing class 'java/util/stream/IntStream'
19:37:23.068 [Test worker] DEBUG com.tngtech.archunit.core.importer.JavaClassProcessor - Processing class 'java/lang/Throwable'
19:37:23.068 [Test worker] DEBUG com.tngtech.archunit.core.importer.JavaClassProcessor - Processing class 'java/lang/Double'
19:37:23.068 [Test worker] DEBUG com.tngtech.archunit.core.importer.JavaClassProcessor - Processing class 'org/springframework/stereotype/Controller'
19:37:23.068 [Test worker] DEBUG com.tngtech.archunit.core.importer.JavaClassProcessor - Processing class 'java/lang/Iterable'
19:37:23.068 [Test worker] DEBUG com.tngtech.archunit.core.importer.JavaClassProcessor - Processing class 'java/lang/annotation/Retention'
19:37:23.068 [Test worker] DEBUG com.tngtech.archunit.core.importer.JavaClassProcessor - Processing class 'java/util/concurrent/ConcurrentMap'
19:37:23.068 [Test worker] DEBUG com.tngtech.archunit.core.importer.JavaClassProcessor - Processing class 'java/lang/constant/ConstantDesc'
19:37:23.068 [Test worker] DEBUG com.tngtech.archunit.core.importer.JavaClassProcessor - Processing class 'java/lang/Boolean'
19:37:23.068 [Test worker] DEBUG com.tngtech.archunit.core.importer.JavaClassProcessor - Processing class 'org/springframework/lang/Nullable'
19:37:23.068 [Test worker] DEBUG com.tngtech.archunit.core.importer.JavaClassProcessor - Processing class 'org/springframework/stereotype/Indexed'
19:37:23.068 [Test worker] DEBUG com.tngtech.archunit.core.importer.JavaClassProcessor - Processing class 'java/lang/Number'
19:37:23.068 [Test worker] DEBUG com.tngtech.archunit.core.importer.JavaClassProcessor - Processing class 'java/util/LongSummaryStatistics'
19:37:23.069 [Test worker] DEBUG com.tngtech.archunit.core.importer.JavaClassProcessor - Processing class 'org/springframework/core/annotation/AliasFor'
19:37:23.069 [Test worker] DEBUG com.tngtech.archunit.core.importer.JavaClassProcessor - Processing class 'java/lang/SafeVarargs'
19:37:23.069 [Test worker] DEBUG com.tngtech.archunit.core.importer.JavaClassProcessor - Processing class 'jdk/internal/vm/annotation/IntrinsicCandidate'
19:37:23.069 [Test worker] DEBUG com.tngtech.archunit.core.importer.JavaClassProcessor - Processing class 'java/util/stream/LongStream'
19:37:23.069 [Test worker] DEBUG com.tngtech.archunit.core.importer.JavaClassProcessor - Processing class 'jdk/internal/vm/annotation/Stable'
19:37:23.069 [Test worker] DEBUG com.tngtech.archunit.core.importer.JavaClassProcessor - Processing class 'java/lang/Deprecated'
19:37:23.069 [Test worker] DEBUG com.tngtech.archunit.core.importer.JavaClassProcessor - Processing class 'java/lang/annotation/Target'
19:37:23.069 [Test worker] DEBUG com.tngtech.archunit.core.importer.JavaClassProcessor - Processing class 'java/lang/RuntimeException'
19:37:23.069 [Test worker] DEBUG com.tngtech.archunit.core.importer.JavaClassProcessor - Processing class 'java/lang/annotation/ElementType'
19:37:23.069 [Test worker] DEBUG com.tngtech.archunit.core.importer.JavaClassProcessor - Processing class 'org/springframework/web/bind/annotation/ResponseBody'
19:37:23.070 [Test worker] DEBUG com.tngtech.archunit.core.importer.JavaClassProcessor - Processing class 'java/util/stream/Collector$Characteristics'
19:37:23.070 [Test worker] DEBUG com.tngtech.archunit.core.importer.JavaClassProcessor - Processing class 'java/util/function/LongConsumer'
19:37:23.070 [Test worker] DEBUG com.tngtech.archunit.core.importer.JavaClassProcessor - Processing class 'java/util/function/Consumer'
19:37:23.070 [Test worker] DEBUG com.tngtech.archunit.core.importer.JavaClassProcessor - Processing class 'java/lang/constant/Constable'
19:37:23.070 [Test worker] DEBUG com.tngtech.archunit.core.importer.JavaClassProcessor - Processing class 'java/util/stream/BaseStream'
19:37:23.070 [Test worker] DEBUG com.tngtech.archunit.core.importer.JavaClassProcessor - Processing class 'java/util/IntSummaryStatistics'
19:37:23.070 [Test worker] DEBUG com.tngtech.archunit.core.importer.JavaClassProcessor - Processing class 'java/time/temporal/TemporalAdjuster'
19:37:23.070 [Test worker] DEBUG com.tngtech.archunit.core.importer.JavaClassProcessor - Processing class 'java/lang/annotation/RetentionPolicy'
19:37:23.070 [Test worker] DEBUG com.tngtech.archunit.core.importer.JavaClassProcessor - Processing class 'org/springframework/web/bind/annotation/Mapping'
19:37:23.070 [Test worker] DEBUG com.tngtech.archunit.core.importer.JavaClassProcessor - Processing class 'java/lang/AutoCloseable'
19:37:23.070 [Test worker] DEBUG com.tngtech.archunit.core.importer.JavaClassProcessor - Processing class 'org/springframework/aot/hint/annotation/ReflectiveProcessor'
19:37:23.070 [Test worker] DEBUG com.tngtech.archunit.core.importer.JavaClassProcessor - Processing class 'java/lang/Enum$EnumDesc'
19:37:23.070 [Test worker] DEBUG com.tngtech.archunit.core.importer.JavaClassProcessor - Processing class 'java/util/stream/Collector'
19:37:23.071 [Test worker] DEBUG com.tngtech.archunit.core.importer.JavaClassProcessor - Processing class 'java/lang/Exception'
19:37:23.071 [Test worker] DEBUG com.tngtech.archunit.core.importer.JavaClassProcessor - Processing class 'java/lang/constant/DynamicConstantDesc'
19:37:23.071 [Test worker] DEBUG com.tngtech.archunit.core.importer.JavaClassProcessor - Processing class 'java/net/URLStreamHandler'
19:37:23.071 [Test worker] DEBUG com.tngtech.archunit.core.importer.JavaClassProcessor - Processing class 'org/springframework/aot/hint/annotation/SimpleReflectiveProcessor'
19:37:23.072 [Test worker] DEBUG com.tngtech.archunit.core.importer.JavaClassProcessor - Processing class 'org/springframework/beans/factory/InitializingBean'
19:37:23.072 [Test worker] DEBUG com.tngtech.archunit.core.importer.JavaClassProcessor - Processing class 'java/time/temporal/TemporalAccessor'
19:37:23.072 [Test worker] DEBUG com.tngtech.archunit.core.importer.JavaClassProcessor - Processing class 'java/lang/FunctionalInterface'
19:37:23.072 [Test worker] DEBUG com.tngtech.archunit.core.importer.JavaClassProcessor - Processing class 'java/net/spi/URLStreamHandlerProvider'
19:37:23.072 [Test worker] DEBUG com.tngtech.archunit.core.importer.JavaClassProcessor - Processing class 'java/net/URLStreamHandlerFactory'
19:37:23.072 [Test worker] DEBUG com.tngtech.archunit.core.importer.JavaClassProcessor - Processing class 'java/lang/Float'
19:37:23.073 [Test worker] DEBUG com.tngtech.archunit.core.importer.JavaClassProcessor - Processing class 'java/lang/Class'
19:37:23.074 [Test worker] DEBUG com.tngtech.archunit.core.importer.JavaClassProcessor - Processing class 'java/util/Spliterator$OfInt'
19:37:23.075 [Test worker] DEBUG com.tngtech.archunit.core.importer.JavaClassProcessor - Processing class 'java/lang/NumberFormatException'
19:37:23.075 [Test worker] DEBUG com.tngtech.archunit.core.importer.JavaClassProcessor - Processing class 'java/lang/invoke/MethodHandles$Lookup'
19:37:23.075 [Test worker] DEBUG com.tngtech.archunit.core.importer.JavaClassProcessor - Processing class 'java/lang/ReflectiveOperationException'
19:37:23.076 [Test worker] DEBUG com.tngtech.archunit.core.importer.JavaClassProcessor - Processing class 'java/lang/CloneNotSupportedException'
19:37:23.076 [Test worker] DEBUG com.tngtech.archunit.core.importer.JavaClassProcessor - Processing class 'java/io/ObjectInputStream'
19:37:23.076 [Test worker] DEBUG com.tngtech.archunit.core.importer.JavaClassProcessor - Processing class 'java/io/IOException'
19:37:23.076 [Test worker] DEBUG com.tngtech.archunit.core.importer.JavaClassProcessor - Processing class 'java/lang/ClassNotFoundException'
19:37:23.076 [Test worker] DEBUG com.tngtech.archunit.core.importer.JavaClassProcessor - Processing class 'java/io/ObjectStreamException'
19:37:23.076 [Test worker] DEBUG com.tngtech.archunit.core.importer.JavaClassProcessor - Processing class 'java/lang/constant/ClassDesc'
19:37:23.077 [Test worker] DEBUG com.tngtech.archunit.core.importer.JavaClassProcessor - Processing class 'java/util/Iterator'
19:37:23.077 [Test worker] DEBUG com.tngtech.archunit.core.importer.JavaClassProcessor - Processing class 'java/util/Spliterator'
19:37:23.077 [Test worker] DEBUG com.tngtech.archunit.core.importer.JavaClassProcessor - Processing class 'java/math/BigInteger'
19:37:23.079 [Test worker] DEBUG com.tngtech.archunit.core.importer.JavaClassProcessor - Processing class 'java/lang/InterruptedException'
19:37:23.079 [Test worker] DEBUG com.tngtech.archunit.core.importer.JavaClassProcessor - Processing class 'java/io/ObjectStreamField'
19:37:23.079 [Test worker] DEBUG com.tngtech.archunit.core.importer.JavaClassProcessor - Processing class 'java/util/Comparator'
19:37:23.079 [Test worker] DEBUG com.tngtech.archunit.core.importer.JavaClassProcessor - Processing class 'java/lang/Void'
19:37:23.080 [Test worker] DEBUG com.tngtech.archunit.core.importer.JavaClassProcessor - Processing class 'java/nio/charset/Charset'
19:37:23.080 [Test worker] DEBUG com.tngtech.archunit.core.importer.JavaClassProcessor - Processing class 'java/nio/charset/MalformedInputException'
19:37:23.080 [Test worker] DEBUG com.tngtech.archunit.core.importer.JavaClassProcessor - Processing class 'java/nio/charset/CharacterCodingException'
19:37:23.080 [Test worker] DEBUG com.tngtech.archunit.core.importer.JavaClassProcessor - Processing class 'sun/nio/cs/ArrayDecoder'
19:37:23.080 [Test worker] DEBUG com.tngtech.archunit.core.importer.JavaClassProcessor - Processing class 'java/io/UnsupportedEncodingException'
19:37:23.080 [Test worker] DEBUG com.tngtech.archunit.core.importer.JavaClassProcessor - Processing class 'sun/nio/cs/ArrayEncoder'
19:37:23.080 [Test worker] DEBUG com.tngtech.archunit.core.importer.JavaClassProcessor - Processing class 'java/nio/charset/UnmappableCharacterException'
19:37:23.080 [Test worker] DEBUG com.tngtech.archunit.core.importer.JavaClassProcessor - Processing class 'java/nio/charset/CharsetDecoder'
19:37:23.080 [Test worker] DEBUG com.tngtech.archunit.core.importer.JavaClassProcessor - Processing class 'java/lang/StringBuffer'
19:37:23.080 [Test worker] DEBUG com.tngtech.archunit.core.importer.JavaClassProcessor - Processing class 'java/lang/AbstractStringBuilder'
19:37:23.081 [Test worker] DEBUG com.tngtech.archunit.core.importer.JavaClassProcessor - Processing class 'java/util/Locale'
19:37:23.082 [Test worker] DEBUG com.tngtech.archunit.core.importer.JavaClassProcessor - Processing class 'java/util/function/Function'
19:37:23.082 [Test worker] DEBUG com.tngtech.archunit.core.importer.JavaClassProcessor - Processing class 'java/lang/StringBuilder'
19:37:23.083 [Test worker] DEBUG com.tngtech.archunit.core.importer.JavaClassProcessor - Processing class 'java/lang/StackTraceElement'
19:37:23.083 [Test worker] DEBUG com.tngtech.archunit.core.importer.JavaClassProcessor - Processing class 'java/io/PrintStream'
19:37:23.083 [Test worker] DEBUG com.tngtech.archunit.core.importer.JavaClassProcessor - Processing class 'java/lang/Throwable$PrintStreamOrWriter'
19:37:23.083 [Test worker] DEBUG com.tngtech.archunit.core.importer.JavaClassProcessor - Processing class 'java/io/PrintWriter'
19:37:23.084 [Test worker] DEBUG com.tngtech.archunit.core.importer.JavaClassProcessor - Processing class 'java/io/ObjectOutputStream'
19:37:23.085 [Test worker] DEBUG com.tngtech.archunit.core.importer.JavaClassProcessor - Processing class 'java/lang/constant/DirectMethodHandleDesc'
19:37:23.085 [Test worker] DEBUG com.tngtech.archunit.core.importer.JavaClassProcessor - Processing class 'java/net/InetAddress'
19:37:23.085 [Test worker] DEBUG com.tngtech.archunit.core.importer.JavaClassProcessor - Processing class 'java/net/UrlDeserializedState'
19:37:23.085 [Test worker] DEBUG com.tngtech.archunit.core.importer.JavaClassProcessor - Processing class 'java/lang/ThreadLocal'
19:37:23.086 [Test worker] DEBUG com.tngtech.archunit.core.importer.JavaClassProcessor - Processing class 'java/util/Hashtable'
19:37:23.086 [Test worker] DEBUG com.tngtech.archunit.core.importer.JavaClassProcessor - Processing class 'java/net/URI'
19:37:23.087 [Test worker] DEBUG com.tngtech.archunit.core.importer.JavaClassProcessor - Processing class 'java/net/MalformedURLException'
19:37:23.087 [Test worker] DEBUG com.tngtech.archunit.core.importer.JavaClassProcessor - Processing class 'java/lang/SecurityManager'
19:37:23.087 [Test worker] DEBUG com.tngtech.archunit.core.importer.JavaClassProcessor - Processing class 'java/net/URISyntaxException'
19:37:23.087 [Test worker] DEBUG com.tngtech.archunit.core.importer.JavaClassProcessor - Processing class 'java/net/URLConnection'
19:37:23.088 [Test worker] DEBUG com.tngtech.archunit.core.importer.JavaClassProcessor - Processing class 'java/net/Proxy'
19:37:23.088 [Test worker] DEBUG com.tngtech.archunit.core.importer.JavaClassProcessor - Processing class 'java/io/InputStream'
19:37:23.088 [Test worker] DEBUG com.tngtech.archunit.core.importer.JavaClassProcessor - Processing class 'java/io/InvalidObjectException'
19:37:23.088 [Test worker] DEBUG com.tngtech.archunit.core.importer.JavaClassProcessor - Processing class 'sun/net/www/protocol/jar/Handler'
19:37:23.089 [Test worker] DEBUG com.tngtech.archunit.core.importer.JavaClassProcessor - Processing class 'java/time/Clock'
19:37:23.089 [Test worker] DEBUG com.tngtech.archunit.core.importer.JavaClassProcessor - Processing class 'java/time/temporal/TemporalField'
19:37:23.089 [Test worker] DEBUG com.tngtech.archunit.core.importer.JavaClassProcessor - Processing class 'java/time/temporal/ChronoField'
19:37:23.089 [Test worker] DEBUG com.tngtech.archunit.core.importer.JavaClassProcessor - Processing class 'java/time/temporal/TemporalUnit'
19:37:23.089 [Test worker] DEBUG com.tngtech.archunit.core.importer.JavaClassProcessor - Processing class 'java/time/temporal/ChronoUnit'
19:37:23.089 [Test worker] DEBUG com.tngtech.archunit.core.importer.JavaClassProcessor - Processing class 'java/time/temporal/ValueRange'
19:37:23.089 [Test worker] DEBUG com.tngtech.archunit.core.importer.JavaClassProcessor - Processing class 'java/time/temporal/TemporalAmount'
19:37:23.089 [Test worker] DEBUG com.tngtech.archunit.core.importer.JavaClassProcessor - Processing class 'java/time/temporal/TemporalQuery'
19:37:23.089 [Test worker] DEBUG com.tngtech.archunit.core.importer.JavaClassProcessor - Processing class 'java/time/OffsetDateTime'
19:37:23.090 [Test worker] DEBUG com.tngtech.archunit.core.importer.JavaClassProcessor - Processing class 'java/time/ZoneOffset'
19:37:23.090 [Test worker] DEBUG com.tngtech.archunit.core.importer.JavaClassProcessor - Processing class 'java/time/ZonedDateTime'
19:37:23.090 [Test worker] DEBUG com.tngtech.archunit.core.importer.JavaClassProcessor - Processing class 'java/time/ZoneId'
19:37:23.090 [Test worker] DEBUG com.tngtech.archunit.core.importer.JavaClassProcessor - Processing class 'java/io/DataOutput'
19:37:23.090 [Test worker] DEBUG com.tngtech.archunit.core.importer.JavaClassProcessor - Processing class 'java/io/DataInput'
19:37:23.091 [Test worker] DEBUG com.tngtech.archunit.core.importer.JavaClassProcessor - Processing class 'java/util/function/IntFunction'
19:37:23.091 [Test worker] DEBUG com.tngtech.archunit.core.importer.JavaClassProcessor - Processing class 'java/util/function/Predicate'
19:37:23.091 [Test worker] DEBUG com.tngtech.archunit.core.importer.JavaClassProcessor - Processing class 'java/util/function/UnaryOperator'
19:37:23.091 [Test worker] DEBUG com.tngtech.archunit.core.importer.JavaClassProcessor - Processing class 'java/util/ListIterator'
19:37:23.091 [Test worker] DEBUG com.tngtech.archunit.core.importer.JavaClassProcessor - Processing class 'java/util/RandomAccess'
19:37:23.091 [Test worker] DEBUG com.tngtech.archunit.core.importer.JavaClassProcessor - Processing class 'java/util/function/BiConsumer'
19:37:23.091 [Test worker] DEBUG com.tngtech.archunit.core.importer.JavaClassProcessor - Processing class 'java/util/function/BiFunction'
19:37:23.092 [Test worker] DEBUG com.tngtech.archunit.core.importer.JavaClassProcessor - Processing class 'java/util/ImmutableCollections$AbstractImmutableMap'
19:37:23.092 [Test worker] DEBUG com.tngtech.archunit.core.importer.JavaClassProcessor - Processing class 'java/util/KeyValueHolder'
19:37:23.092 [Test worker] DEBUG com.tngtech.archunit.core.importer.JavaClassProcessor - Processing class 'java/lang/invoke/SerializedLambda'
19:37:23.092 [Test worker] DEBUG com.tngtech.archunit.core.importer.JavaClassProcessor - Processing class 'java/lang/Runnable'
19:37:23.093 [Test worker] DEBUG com.tngtech.archunit.core.importer.JavaClassProcessor - Processing class 'java/util/function/Supplier'
19:37:23.093 [Test worker] DEBUG com.tngtech.archunit.core.importer.JavaClassProcessor - Processing class 'java/util/ImmutableCollections$AbstractImmutableSet'
19:37:23.093 [Test worker] DEBUG com.tngtech.archunit.core.importer.JavaClassProcessor - Processing class 'java/util/function/BinaryOperator'
19:37:23.094 [Test worker] DEBUG com.tngtech.archunit.core.importer.JavaClassProcessor - Processing class 'java/lang/IllegalStateException'
19:37:23.094 [Test worker] DEBUG com.tngtech.archunit.core.importer.JavaClassProcessor - Processing class 'java/util/function/ToIntFunction'
19:37:23.094 [Test worker] DEBUG com.tngtech.archunit.core.importer.JavaClassProcessor - Processing class 'java/util/function/ToLongFunction'
19:37:23.094 [Test worker] DEBUG com.tngtech.archunit.core.importer.JavaClassProcessor - Processing class 'java/util/function/ToDoubleFunction'
19:37:23.094 [Test worker] DEBUG com.tngtech.archunit.core.importer.JavaClassProcessor - Processing class 'java/util/stream/Collectors$1PairBox'
19:37:23.095 [Test worker] DEBUG com.tngtech.archunit.core.importer.JavaClassProcessor - Processing class 'java/util/HashMap'
19:37:23.095 [Test worker] DEBUG com.tngtech.archunit.core.importer.JavaClassProcessor - Processing class 'java/util/stream/Collectors$Partition'
19:37:23.095 [Test worker] DEBUG com.tngtech.archunit.core.importer.JavaClassProcessor - Processing class 'java/util/stream/Collectors$1OptionalBox'
19:37:23.095 [Test worker] DEBUG com.tngtech.archunit.core.importer.JavaClassProcessor - Processing class 'java/util/StringJoiner'
19:37:23.095 [Test worker] DEBUG com.tngtech.archunit.core.importer.JavaClassProcessor - Processing class 'java/util/HashSet'
19:37:23.096 [Test worker] DEBUG com.tngtech.archunit.core.importer.JavaClassProcessor - Processing class 'java/util/ArrayList'
19:37:23.096 [Test worker] DEBUG com.tngtech.archunit.core.importer.JavaClassProcessor - Processing class 'java/util/function/DoublePredicate'
19:37:23.096 [Test worker] DEBUG com.tngtech.archunit.core.importer.JavaClassProcessor - Processing class 'java/util/function/DoubleUnaryOperator'
19:37:23.096 [Test worker] DEBUG com.tngtech.archunit.core.importer.JavaClassProcessor - Processing class 'java/util/function/DoubleFunction'
19:37:23.096 [Test worker] DEBUG com.tngtech.archunit.core.importer.JavaClassProcessor - Processing class 'java/util/function/DoubleToIntFunction'
19:37:23.096 [Test worker] DEBUG com.tngtech.archunit.core.importer.JavaClassProcessor - Processing class 'java/util/function/DoubleToLongFunction'
19:37:23.096 [Test worker] DEBUG com.tngtech.archunit.core.importer.JavaClassProcessor - Processing class 'java/util/stream/DoubleStream$DoubleMapMultiConsumer'
19:37:23.096 [Test worker] DEBUG com.tngtech.archunit.core.importer.JavaClassProcessor - Processing class 'java/util/function/DoubleBinaryOperator'
19:37:23.097 [Test worker] DEBUG com.tngtech.archunit.core.importer.JavaClassProcessor - Processing class 'java/util/OptionalDouble'
19:37:23.097 [Test worker] DEBUG com.tngtech.archunit.core.importer.JavaClassProcessor - Processing class 'java/util/function/ObjDoubleConsumer'
19:37:23.097 [Test worker] DEBUG com.tngtech.archunit.core.importer.JavaClassProcessor - Processing class 'java/util/PrimitiveIterator$OfDouble'
19:37:23.097 [Test worker] DEBUG com.tngtech.archunit.core.importer.JavaClassProcessor - Processing class 'java/util/Spliterator$OfDouble'
19:37:23.097 [Test worker] DEBUG com.tngtech.archunit.core.importer.JavaClassProcessor - Processing class 'java/util/stream/DoubleStream$Builder'
19:37:23.097 [Test worker] DEBUG com.tngtech.archunit.core.importer.JavaClassProcessor - Processing class 'java/util/function/DoubleSupplier'
19:37:23.097 [Test worker] DEBUG com.tngtech.archunit.core.importer.JavaClassProcessor - Processing class 'java/util/function/IntPredicate'
19:37:23.097 [Test worker] DEBUG com.tngtech.archunit.core.importer.JavaClassProcessor - Processing class 'java/util/function/IntUnaryOperator'
19:37:23.097 [Test worker] DEBUG com.tngtech.archunit.core.importer.JavaClassProcessor - Processing class 'java/util/function/IntToLongFunction'
19:37:23.097 [Test worker] DEBUG com.tngtech.archunit.core.importer.JavaClassProcessor - Processing class 'java/util/function/IntToDoubleFunction'
19:37:23.097 [Test worker] DEBUG com.tngtech.archunit.core.importer.JavaClassProcessor - Processing class 'java/util/stream/IntStream$IntMapMultiConsumer'
19:37:23.097 [Test worker] DEBUG com.tngtech.archunit.core.importer.JavaClassProcessor - Processing class 'java/util/function/IntBinaryOperator'
19:37:23.097 [Test worker] DEBUG com.tngtech.archunit.core.importer.JavaClassProcessor - Processing class 'java/util/OptionalInt'
19:37:23.098 [Test worker] DEBUG com.tngtech.archunit.core.importer.JavaClassProcessor - Processing class 'java/util/function/ObjIntConsumer'
19:37:23.098 [Test worker] DEBUG com.tngtech.archunit.core.importer.JavaClassProcessor - Processing class 'java/util/PrimitiveIterator$OfInt'
19:37:23.098 [Test worker] DEBUG com.tngtech.archunit.core.importer.JavaClassProcessor - Processing class 'java/util/stream/IntStream$Builder'
19:37:23.098 [Test worker] DEBUG com.tngtech.archunit.core.importer.JavaClassProcessor - Processing class 'java/util/function/IntSupplier'
19:37:23.098 [Test worker] DEBUG com.tngtech.archunit.core.importer.JavaClassProcessor - Processing class 'java/util/function/LongPredicate'
19:37:23.098 [Test worker] DEBUG com.tngtech.archunit.core.importer.JavaClassProcessor - Processing class 'java/util/function/LongUnaryOperator'
19:37:23.098 [Test worker] DEBUG com.tngtech.archunit.core.importer.JavaClassProcessor - Processing class 'java/util/function/LongFunction'
19:37:23.098 [Test worker] DEBUG com.tngtech.archunit.core.importer.JavaClassProcessor - Processing class 'java/util/function/LongToIntFunction'
19:37:23.098 [Test worker] DEBUG com.tngtech.archunit.core.importer.JavaClassProcessor - Processing class 'java/util/function/LongToDoubleFunction'
19:37:23.098 [Test worker] DEBUG com.tngtech.archunit.core.importer.JavaClassProcessor - Processing class 'java/util/stream/LongStream$LongMapMultiConsumer'
19:37:23.098 [Test worker] DEBUG com.tngtech.archunit.core.importer.JavaClassProcessor - Processing class 'java/util/function/LongBinaryOperator'
19:37:23.098 [Test worker] DEBUG com.tngtech.archunit.core.importer.JavaClassProcessor - Processing class 'java/util/OptionalLong'
19:37:23.098 [Test worker] DEBUG com.tngtech.archunit.core.importer.JavaClassProcessor - Processing class 'java/util/function/ObjLongConsumer'
19:37:23.098 [Test worker] DEBUG com.tngtech.archunit.core.importer.JavaClassProcessor - Processing class 'java/util/PrimitiveIterator$OfLong'
19:37:23.098 [Test worker] DEBUG com.tngtech.archunit.core.importer.JavaClassProcessor - Processing class 'java/util/Spliterator$OfLong'
19:37:23.099 [Test worker] DEBUG com.tngtech.archunit.core.importer.JavaClassProcessor - Processing class 'java/util/stream/LongStream$Builder'
19:37:23.099 [Test worker] DEBUG com.tngtech.archunit.core.importer.JavaClassProcessor - Processing class 'java/util/function/LongSupplier'
19:37:23.099 [Test worker] DEBUG com.tngtech.archunit.core.importer.JavaClassProcessor - Processing class 'java/util/stream/Stream$Builder'
19:37:23.100 [Test worker] DEBUG com.tngtech.archunit.core.importer.JavaClassProcessor - Processing class 'org/slf4j/spi/LoggingEventBuilder'
19:37:23.100 [Test worker] DEBUG com.tngtech.archunit.core.importer.JavaClassProcessor - Processing class 'org/slf4j/event/Level'
19:37:23.100 [Test worker] DEBUG com.tngtech.archunit.core.importer.JavaClassProcessor - Processing class 'org/slf4j/Marker'
19:37:23.101 [Test worker] DEBUG com.tngtech.archunit.core.importer.JavaClassProcessor - Processing class 'org/slf4j/helpers/SubstituteServiceProvider'
19:37:23.101 [Test worker] DEBUG com.tngtech.archunit.core.importer.JavaClassProcessor - Processing class 'org/slf4j/helpers/NOP_FallbackServiceProvider'
19:37:23.101 [Test worker] DEBUG com.tngtech.archunit.core.importer.JavaClassProcessor - Processing class 'java/util/ServiceLoader'
19:37:23.101 [Test worker] DEBUG com.tngtech.archunit.core.importer.JavaClassProcessor - Processing class 'java/lang/ClassLoader'
19:37:23.102 [Test worker] DEBUG com.tngtech.archunit.core.importer.JavaClassProcessor - Processing class 'org/slf4j/event/SubstituteLoggingEvent'
19:37:23.102 [Test worker] DEBUG com.tngtech.archunit.core.importer.JavaClassProcessor - Processing class 'org/slf4j/ILoggerFactory'
19:37:23.102 [Test worker] DEBUG com.tngtech.archunit.core.importer.JavaClassProcessor - Processing class 'org/slf4j/IMarkerFactory'
19:37:23.103 [Test worker] DEBUG com.tngtech.archunit.core.importer.JavaClassProcessor - Processing class 'org/slf4j/spi/MDCAdapter'
19:37:23.103 [Test worker] DEBUG com.tngtech.archunit.core.importer.JavaClassProcessor - Processing class 'org/springframework/aot/hint/ReflectionHints'
19:37:23.103 [Test worker] DEBUG com.tngtech.archunit.core.importer.JavaClassProcessor - Processing class 'java/lang/reflect/AnnotatedElement'
19:37:23.103 [Test worker] DEBUG com.tngtech.archunit.core.importer.JavaClassProcessor - Processing class 'java/lang/reflect/Constructor'
19:37:23.103 [Test worker] DEBUG com.tngtech.archunit.core.importer.JavaClassProcessor - Processing class 'java/lang/reflect/Field'
19:37:23.103 [Test worker] DEBUG com.tngtech.archunit.core.importer.JavaClassProcessor - Processing class 'java/lang/reflect/Method'
19:37:23.104 [Test worker] DEBUG com.tngtech.archunit.core.importer.JavaClassProcessor - Processing class 'org/springframework/jdbc/core/ConnectionCallback'
19:37:23.104 [Test worker] DEBUG com.tngtech.archunit.core.importer.JavaClassProcessor - Processing class 'org/springframework/dao/DataAccessException'
19:37:23.104 [Test worker] DEBUG com.tngtech.archunit.core.importer.JavaClassProcessor - Processing class 'org/springframework/jdbc/core/StatementCallback'
19:37:23.104 [Test worker] DEBUG com.tngtech.archunit.core.importer.JavaClassProcessor - Processing class 'org/springframework/jdbc/core/ResultSetExtractor'
19:37:23.105 [Test worker] DEBUG com.tngtech.archunit.core.importer.JavaClassProcessor - Processing class 'org/springframework/jdbc/core/RowCallbackHandler'
19:37:23.105 [Test worker] DEBUG com.tngtech.archunit.core.importer.JavaClassProcessor - Processing class 'org/springframework/jdbc/core/RowMapper'
19:37:23.105 [Test worker] DEBUG com.tngtech.archunit.core.importer.JavaClassProcessor - Processing class 'org/springframework/jdbc/support/rowset/SqlRowSet'
19:37:23.105 [Test worker] DEBUG com.tngtech.archunit.core.importer.JavaClassProcessor - Processing class 'org/springframework/jdbc/core/PreparedStatementCreator'
19:37:23.105 [Test worker] DEBUG com.tngtech.archunit.core.importer.JavaClassProcessor - Processing class 'org/springframework/jdbc/core/PreparedStatementCallback'
19:37:23.105 [Test worker] DEBUG com.tngtech.archunit.core.importer.JavaClassProcessor - Processing class 'org/springframework/jdbc/core/PreparedStatementSetter'
19:37:23.106 [Test worker] DEBUG com.tngtech.archunit.core.importer.JavaClassProcessor - Processing class 'org/springframework/jdbc/support/KeyHolder'
19:37:23.106 [Test worker] DEBUG com.tngtech.archunit.core.importer.JavaClassProcessor - Processing class 'org/springframework/jdbc/core/BatchPreparedStatementSetter'
19:37:23.106 [Test worker] DEBUG com.tngtech.archunit.core.importer.JavaClassProcessor - Processing class 'org/springframework/jdbc/core/ParameterizedPreparedStatementSetter'
19:37:23.106 [Test worker] DEBUG com.tngtech.archunit.core.importer.JavaClassProcessor - Processing class 'org/springframework/jdbc/core/CallableStatementCreator'
19:37:23.106 [Test worker] DEBUG com.tngtech.archunit.core.importer.JavaClassProcessor - Processing class 'org/springframework/jdbc/core/CallableStatementCallback'
19:37:23.106 [Test worker] DEBUG com.tngtech.archunit.core.importer.JavaClassProcessor - Processing class 'java/sql/Connection'
19:37:23.107 [Test worker] DEBUG com.tngtech.archunit.core.importer.JavaClassProcessor - Processing class 'org/springframework/jdbc/datasource/ConnectionProxy'
19:37:23.107 [Test worker] DEBUG com.tngtech.archunit.core.importer.JavaClassProcessor - Processing class 'org/springframework/jdbc/core/ParameterDisposer'
19:37:23.107 [Test worker] DEBUG com.tngtech.archunit.core.importer.JavaClassProcessor - Processing class 'org/springframework/jdbc/core/SqlReturnResultSet'
19:37:23.107 [Test worker] DEBUG com.tngtech.archunit.core.importer.JavaClassProcessor - Processing class 'java/sql/CallableStatement'
19:37:23.108 [Test worker] DEBUG com.tngtech.archunit.core.importer.JavaClassProcessor - Processing class 'java/sql/SQLException'
19:37:23.108 [Test worker] DEBUG com.tngtech.archunit.core.importer.JavaClassProcessor - Processing class 'org/springframework/jdbc/core/SqlOutParameter'
19:37:23.108 [Test worker] DEBUG com.tngtech.archunit.core.importer.JavaClassProcessor - Processing class 'java/sql/ResultSet'
19:37:23.108 [Test worker] DEBUG com.tngtech.archunit.core.importer.JavaClassProcessor - Processing class 'org/springframework/jdbc/core/ResultSetSupportingSqlParameter'
19:37:23.109 [Test worker] DEBUG com.tngtech.archunit.core.importer.JavaClassProcessor - Processing class 'java/sql/Statement'
19:37:23.109 [Test worker] DEBUG com.tngtech.archunit.core.importer.JavaClassProcessor - Processing class 'java/sql/SQLWarning'
19:37:23.109 [Test worker] DEBUG com.tngtech.archunit.core.importer.JavaClassProcessor - Processing class 'org/springframework/jdbc/SQLWarningException'
19:37:23.109 [Test worker] DEBUG com.tngtech.archunit.core.importer.JavaClassProcessor - Processing class 'org/springframework/jdbc/core/SqlProvider'
19:37:23.109 [Test worker] DEBUG com.tngtech.archunit.core.importer.JavaClassProcessor - Processing class 'java/sql/PreparedStatement'
19:37:23.109 [Test worker] DEBUG com.tngtech.archunit.core.importer.JavaClassProcessor - Processing class 'org/springframework/jdbc/core/InterruptibleBatchPreparedStatementSetter'
19:37:23.110 [Test worker] DEBUG com.tngtech.archunit.core.importer.JavaClassProcessor - Processing class 'org/apache/commons/logging/Log'
19:37:23.110 [Test worker] DEBUG com.tngtech.archunit.core.importer.JavaClassProcessor - Processing class 'javax/sql/DataSource'
19:37:23.110 [Test worker] DEBUG com.tngtech.archunit.core.importer.JavaClassProcessor - Processing class 'org/springframework/jdbc/support/SQLExceptionTranslator'
19:37:23.111 [Test worker] DEBUG com.tngtech.archunit.core.importer.JavaClassProcessor - Processing class 'org/springframework/aot/hint/BindingReflectionHintsRegistrar'
19:37:23.111 [Test worker] DEBUG com.tngtech.archunit.core.importer.JavaClassProcessor - Processing class 'org/springframework/core/MethodParameter'
19:37:23.112 [Test worker] DEBUG com.tngtech.archunit.core.importer.JavaClassProcessor - Processing class 'org/springframework/http/HttpEntity'
19:37:23.112 [Test worker] DEBUG com.tngtech.archunit.core.importer.JavaClassProcessor - Processing class 'org/springframework/web/bind/annotation/ModelAttribute'
19:37:23.112 [Test worker] DEBUG com.tngtech.archunit.core.importer.JavaClassProcessor - Processing class 'org/springframework/web/bind/annotation/RequestPart'
19:37:23.112 [Test worker] DEBUG com.tngtech.archunit.core.importer.JavaClassProcessor - Processing class 'java/lang/reflect/Type'
19:37:23.113 [Test worker] DEBUG com.tngtech.archunit.core.importer.JavaClassProcessor - Processing class 'org/springframework/http/HttpMethod'
19:37:23.126 [Test worker] DEBUG com.tngtech.archunit.core.importer.UrlSource$From - Found URLs on sun.boot.class.path: []
19:37:23.130 [Test worker] DEBUG com.tngtech.archunit.core.importer.UrlSource$From - Found URLs on java.class.path: [jar:file:/C:/Users/ADMIN/.gradle/caches/7.4.2/workerMain/gradle-worker.jar!/, file:/D:/CODE/microservice/ddd-eshopee-EXPT-modulith/shopee-microservices/application/build/classes/java/test/, file:/D:/CODE/microservice/ddd-eshopee-EXPT-modulith/shopee-microservices/application/build/resources/test/, file:/D:/CODE/microservice/ddd-eshopee-EXPT-modulith/shopee-microservices/application/build/classes/java/main/, file:/D:/CODE/microservice/ddd-eshopee-EXPT-modulith/shopee-microservices/application/build/resources/main/, jar:file:/D:/CODE/microservice/ddd-eshopee-EXPT-modulith/shopee-microservices/sales/catalog/spring-boot-starter/build/libs/catalog-spring-boot-starter-2.0-SNAPSHOT.jar!/, jar:file:/D:/CODE/microservice/ddd-eshopee-EXPT-modulith/shopee-microservices/sales/cart/spring-boot-starter/build/libs/cart-spring-boot-starter-2.0-SNAPSHOT.jar!/, jar:file:/D:/CODE/microservice/ddd-eshopee-EXPT-modulith/shopee-microservices/sales/order/spring-boot-starter/build/libs/order-spring-boot-starter-2.0-SNAPSHOT.jar!/, jar:file:/D:/CODE/microservice/ddd-eshopee-EXPT-modulith/shopee-microservices/warehouse/spring-boot-starter/build/libs/warehouse-spring-boot-starter-2.0-SNAPSHOT.jar!/, jar:file:/D:/CODE/microservice/ddd-eshopee-EXPT-modulith/shopee-microservices/billing/payment/spring-boot-starter/build/libs/payment-spring-boot-starter-2.0-SNAPSHOT.jar!/, jar:file:/D:/CODE/microservice/ddd-eshopee-EXPT-modulith/shopee-microservices/shipping/delivery/spring-boot-starter/build/libs/delivery-spring-boot-starter-2.0-SNAPSHOT.jar!/, jar:file:/D:/CODE/microservice/ddd-eshopee-EXPT-modulith/shopee-microservices/shipping/dispatching/spring-boot-starter/build/libs/dispatching-spring-boot-starter-2.0-SNAPSHOT.jar!/, jar:file:/D:/CODE/microservice/ddd-eshopee-EXPT-modulith/shopee-microservices/portal/spring-boot-starter/build/libs/portal-spring-boot-starter-2.0-SNAPSHOT.jar!/, jar:file:/D:/CODE/microservice/ddd-eshopee-EXPT-modulith/shopee-microservices/common/application-integration-spring-boot-starter/build/libs/application-integration-spring-boot-starter-2.0-SNAPSHOT.jar!/, jar:file:/C:/Users/ADMIN/.gradle/caches/modules-2/files-2.1/org.springframework.boot/spring-boot-starter-data-redis/3.0.4/e122886d50ec624e51fbaac4bb0d5d17cf7b9764/spring-boot-starter-data-redis-3.0.4.jar!/, jar:file:/C:/Users/ADMIN/.gradle/caches/modules-2/files-2.1/org.springframework.boot/spring-boot-starter-jdbc/3.0.4/e64f229f772dc2952e1978a1f10d7f3a462e105d/spring-boot-starter-jdbc-3.0.4.jar!/, jar:file:/C:/Users/ADMIN/.gradle/caches/modules-2/files-2.1/org.springframework.boot/spring-boot-starter-web/3.0.4/6a7405b436c6943f056cdbab587fe48bdc2b4911/spring-boot-starter-web-3.0.4.jar!/, jar:file:/C:/Users/ADMIN/.gradle/caches/modules-2/files-2.1/org.springframework.boot/spring-boot-starter-test/3.0.4/eb934f1df3e6292d7b5800cfbbc237de90d174de/spring-boot-starter-test-3.0.4.jar!/, jar:file:/C:/Users/ADMIN/.gradle/caches/modules-2/files-2.1/org.springframework.boot/spring-boot-starter-thymeleaf/3.0.4/ea681f9f477da793eb9024a23686db9a59b50bc6/spring-boot-starter-thymeleaf-3.0.4.jar!/, jar:file:/C:/Users/ADMIN/.gradle/caches/modules-2/files-2.1/org.springframework.boot/spring-boot-starter-amqp/3.0.4/804a88a39dc6dce9678eef6f621bd9877f50a7ab/spring-boot-starter-amqp-3.0.4.jar!/, jar:file:/C:/Users/ADMIN/.gradle/caches/modules-2/files-2.1/org.springframework.boot/spring-boot-starter-json/3.0.4/5ddf427d011646fe787fdaa1b8edc4a4eebd48d5/spring-boot-starter-json-3.0.4.jar!/, jar:file:/C:/Users/ADMIN/.gradle/caches/modules-2/files-2.1/org.springframework.boot/spring-boot-starter/3.0.4/8f957a8bc9d70c0ca922406c6e23cb3db5d48109/spring-boot-starter-3.0.4.jar!/, jar:file:/C:/Users/ADMIN/.gradle/caches/modules-2/files-2.1/com.h2database/h2/2.1.214/d5c2005c9e3279201e12d4776c948578b16bf8b2/h2-2.1.214.jar!/, jar:file:/C:/Users/ADMIN/.gradle/caches/modules-2/files-2.1/org.postgresql/postgresql/42.5.4/15015a54f15e340a9a8a6a2c5457429cb1176b8/postgresql-42.5.4.jar!/, jar:file:/C:/Users/ADMIN/.gradle/caches/modules-2/files-2.1/io.rest-assured/rest-assured/5.2.1/131aedaf6ffbb783dbf7b21efe57a849ded8b321/rest-assured-5.2.1.jar!/, jar:file:/C:/Users/ADMIN/.gradle/caches/modules-2/files-2.1/com.tngtech.archunit/archunit/0.23.1/7f93a254a0b88b9209e34db523ed5c2cee2ab25f/archunit-0.23.1.jar!/, jar:file:/D:/CODE/microservice/ddd-eshopee-EXPT-modulith/shopee-microservices/sales/catalog/jdbc/build/libs/catalog-jdbc-2.0-SNAPSHOT.jar!/, jar:file:/D:/CODE/microservice/ddd-eshopee-EXPT-modulith/shopee-microservices/sales/catalog/rest/build/libs/catalog-rest-2.0-SNAPSHOT.jar!/, jar:file:/D:/CODE/microservice/ddd-eshopee-EXPT-modulith/shopee-microservices/sales/catalog/webcomp/build/libs/catalog-webcomp-2.0-SNAPSHOT.jar!/, jar:file:/D:/CODE/microservice/ddd-eshopee-EXPT-modulith/shopee-microservices/sales/cart/jdbc/build/libs/cart-jdbc-2.0-SNAPSHOT.jar!/, jar:file:/D:/CODE/microservice/ddd-eshopee-EXPT-modulith/shopee-microservices/sales/cart/rest/build/libs/cart-rest-2.0-SNAPSHOT.jar!/, jar:file:/D:/CODE/microservice/ddd-eshopee-EXPT-modulith/shopee-microservices/sales/cart/webcomp/build/libs/cart-webcomp-2.0-SNAPSHOT.jar!/, jar:file:/D:/CODE/microservice/ddd-eshopee-EXPT-modulith/shopee-microservices/sales/order/jdbc/build/libs/order-jdbc-2.0-SNAPSHOT.jar!/, jar:file:/D:/CODE/microservice/ddd-eshopee-EXPT-modulith/shopee-microservices/sales/order/rest/build/libs/order-rest-2.0-SNAPSHOT.jar!/, jar:file:/D:/CODE/microservice/ddd-eshopee-EXPT-modulith/shopee-microservices/sales/order/webcomp/build/libs/order-webcomp-2.0-SNAPSHOT.jar!/, jar:file:/D:/CODE/microservice/ddd-eshopee-EXPT-modulith/shopee-microservices/warehouse/jdbc/build/libs/warehouse-jdbc-2.0-SNAPSHOT.jar!/, jar:file:/D:/CODE/microservice/ddd-eshopee-EXPT-modulith/shopee-microservices/warehouse/listeners/build/libs/warehouse-listeners-2.0-SNAPSHOT.jar!/, jar:file:/D:/CODE/microservice/ddd-eshopee-EXPT-modulith/shopee-microservices/warehouse/rest/build/libs/warehouse-rest-2.0-SNAPSHOT.jar!/, jar:file:/D:/CODE/microservice/ddd-eshopee-EXPT-modulith/shopee-microservices/billing/payment/jdbc/build/libs/payment-jdbc-2.0-SNAPSHOT.jar!/, jar:file:/D:/CODE/microservice/ddd-eshopee-EXPT-modulith/shopee-microservices/billing/payment/listeners/build/libs/payment-listeners-2.0-SNAPSHOT.jar!/, jar:file:/D:/CODE/microservice/ddd-eshopee-EXPT-modulith/shopee-microservices/billing/payment/rest/build/libs/payment-rest-2.0-SNAPSHOT.jar!/, jar:file:/D:/CODE/microservice/ddd-eshopee-EXPT-modulith/shopee-microservices/shipping/delivery/jdbc/build/libs/delivery-jdbc-2.0-SNAPSHOT.jar!/, jar:file:/D:/CODE/microservice/ddd-eshopee-EXPT-modulith/shopee-microservices/shipping/delivery/listeners/build/libs/delivery-listeners-2.0-SNAPSHOT.jar!/, jar:file:/D:/CODE/microservice/ddd-eshopee-EXPT-modulith/shopee-microservices/shipping/delivery/rest/build/libs/delivery-rest-2.0-SNAPSHOT.jar!/, jar:file:/D:/CODE/microservice/ddd-eshopee-EXPT-modulith/shopee-microservices/shipping/delivery/webcomp/build/libs/delivery-webcomp-2.0-SNAPSHOT.jar!/, jar:file:/D:/CODE/microservice/ddd-eshopee-EXPT-modulith/shopee-microservices/shipping/dispatching/jdbc/build/libs/dispatching-jdbc-2.0-SNAPSHOT.jar!/, jar:file:/D:/CODE/microservice/ddd-eshopee-EXPT-modulith/shopee-microservices/shipping/dispatching/listeners/build/libs/dispatching-listeners-2.0-SNAPSHOT.jar!/, jar:file:/D:/CODE/microservice/ddd-eshopee-EXPT-modulith/shopee-microservices/portal/web/build/libs/portal-web-2.0-SNAPSHOT.jar!/, jar:file:/D:/CODE/microservice/ddd-eshopee-EXPT-modulith/shopee-microservices/sales/order/domain/build/libs/order-domain-2.0-SNAPSHOT.jar!/, jar:file:/D:/CODE/microservice/ddd-eshopee-EXPT-modulith/shopee-microservices/sales/order/events/build/libs/order-events-2.0-SNAPSHOT.jar!/, jar:file:/D:/CODE/microservice/ddd-eshopee-EXPT-modulith/shopee-microservices/shipping/dispatching/events/build/libs/dispatching-events-2.0-SNAPSHOT.jar!/, jar:file:/D:/CODE/microservice/ddd-eshopee-EXPT-modulith/shopee-microservices/shipping/delivery/domain/build/libs/delivery-domain-2.0-SNAPSHOT.jar!/, jar:file:/D:/CODE/microservice/ddd-eshopee-EXPT-modulith/shopee-microservices/shipping/delivery/events/build/libs/delivery-events-2.0-SNAPSHOT.jar!/, jar:file:/D:/CODE/microservice/ddd-eshopee-EXPT-modulith/shopee-microservices/billing/payment/domain/build/libs/payment-domain-2.0-SNAPSHOT.jar!/, jar:file:/D:/CODE/microservice/ddd-eshopee-EXPT-modulith/shopee-microservices/billing/payment/events/build/libs/payment-events-2.0-SNAPSHOT.jar!/, jar:file:/D:/CODE/microservice/ddd-eshopee-EXPT-modulith/shopee-microservices/warehouse/domain/build/libs/warehouse-domain-2.0-SNAPSHOT.jar!/, jar:file:/D:/CODE/microservice/ddd-eshopee-EXPT-modulith/shopee-microservices/warehouse/events/build/libs/warehouse-events-2.0-SNAPSHOT.jar!/, jar:file:/D:/CODE/microservice/ddd-eshopee-EXPT-modulith/shopee-microservices/common/events/build/libs/events-2.0-SNAPSHOT.jar!/, jar:file:/C:/Users/ADMIN/.gradle/caches/modules-2/files-2.1/com.fasterxml.jackson.datatype/jackson-datatype-jdk8/2.14.2/2f3c71211b6ea7a978eba33574d7135d536e07fb/jackson-datatype-jdk8-2.14.2.jar!/, jar:file:/C:/Users/ADMIN/.gradle/caches/modules-2/files-2.1/com.fasterxml.jackson.module/jackson-module-parameter-names/2.14.2/2b6c19b3d99dda02915515df879ab9e23fed3864/jackson-module-parameter-names-2.14.2.jar!/, jar:file:/C:/Users/ADMIN/.gradle/caches/modules-2/files-2.1/com.fasterxml.jackson.core/jackson-databind/2.14.2/1e71fddbc80bb86f71a6345ac1e8ab8a00e7134/jackson-databind-2.14.2.jar!/, jar:file:/C:/Users/ADMIN/.gradle/caches/modules-2/files-2.1/com.fasterxml.jackson.core/jackson-annotations/2.14.2/a7aae9525864930723e3453ab799521fdfd9d873/jackson-annotations-2.14.2.jar!/, jar:file:/C:/Users/ADMIN/.gradle/caches/modules-2/files-2.1/com.fasterxml.jackson.core/jackson-core/2.14.2/f804090e6399ce0cf78242db086017512dd71fcc/jackson-core-2.14.2.jar!/, jar:file:/C:/Users/ADMIN/.gradle/caches/modules-2/files-2.1/com.fasterxml.jackson.datatype/jackson-datatype-jsr310/2.14.2/796518148a385b2728d44886cc0f8852eb8eeb53/jackson-datatype-jsr310-2.14.2.jar!/, jar:file:/C:/Users/ADMIN/.gradle/caches/modules-2/files-2.1/org.springframework.boot/spring-boot-test-autoconfigure/3.0.4/3d28e21dc5cea68949d1f0b6a4051e7deeacf6cc/spring-boot-test-autoconfigure-3.0.4.jar!/, jar:file:/C:/Users/ADMIN/.gradle/caches/modules-2/files-2.1/org.springframework.boot/spring-boot-autoconfigure/3.0.4/7eb11bff0f965807f1088da20bc169bff27d284/spring-boot-autoconfigure-3.0.4.jar!/, jar:file:/C:/Users/ADMIN/.gradle/caches/modules-2/files-2.1/org.springframework.boot/spring-boot-test/3.0.4/4c1c72ff838b4f1191321aa01d1e98d68f882280/spring-boot-test-3.0.4.jar!/, jar:file:/C:/Users/ADMIN/.gradle/caches/modules-2/files-2.1/org.springframework.boot/spring-boot/3.0.4/27e5fceb2faf8ec399df70a2ff4e626a3423ae35/spring-boot-3.0.4.jar!/, jar:file:/C:/Users/ADMIN/.gradle/caches/modules-2/files-2.1/org.springframework.boot/spring-boot-starter-logging/3.0.4/31b32774c6ec2eceb3f75bdef7ddd8afd7059255/spring-boot-starter-logging-3.0.4.jar!/, jar:file:/C:/Users/ADMIN/.gradle/caches/modules-2/files-2.1/org.springframework.boot/spring-boot-starter-tomcat/3.0.4/40babd5ca3db46adf7c59b70ca2e6f2a528b558c/spring-boot-starter-tomcat-3.0.4.jar!/, jar:file:/C:/Users/ADMIN/.gradle/caches/modules-2/files-2.1/jakarta.annotation/jakarta.annotation-api/2.1.1/48b9bda22b091b1f48b13af03fe36db3be6e1ae3/jakarta.annotation-api-2.1.1.jar!/, jar:file:/C:/Users/ADMIN/.gradle/caches/modules-2/files-2.1/org.springframework/spring-jdbc/6.0.6/151e730f45832d42c6535b0bc6d7cebeabcaf844/spring-jdbc-6.0.6.jar!/, jar:file:/C:/Users/ADMIN/.gradle/caches/modules-2/files-2.1/org.springframework/spring-webmvc/6.0.6/302580efc981ad6797a85814ea0996e2149bb420/spring-webmvc-6.0.6.jar!/, jar:file:/C:/Users/ADMIN/.gradle/caches/modules-2/files-2.1/org.springframework/spring-web/6.0.6/2916961032e54aaeb534a290530b7b69e297bfcc/spring-web-6.0.6.jar!/, jar:file:/C:/Users/ADMIN/.gradle/caches/modules-2/files-2.1/org.springframework/spring-test/6.0.6/e94217b5c8cdf8f954d10251449fc98bdd8fc756/spring-test-6.0.6.jar!/, jar:file:/C:/Users/ADMIN/.gradle/caches/modules-2/files-2.1/org.springframework.data/spring-data-redis/3.0.3/6e8f59ca594ea86b56eacba74ae343d188771905/spring-data-redis-3.0.3.jar!/, jar:file:/C:/Users/ADMIN/.gradle/caches/modules-2/files-2.1/org.springframework.amqp/spring-rabbit/3.0.2/910f6a931b70f874ab03ba3dc0df2c6e05de12b8/spring-rabbit-3.0.2.jar!/, jar:file:/C:/Users/ADMIN/.gradle/caches/modules-2/files-2.1/org.springframework.data/spring-data-keyvalue/3.0.3/20ebdf1c5fb12aa0b5be9e67791e6c457f6e8968/spring-data-keyvalue-3.0.3.jar!/, jar:file:/C:/Users/ADMIN/.gradle/caches/modules-2/files-2.1/org.springframework/spring-tx/6.0.6/e86b3073d9640e17e5581a6aebb0d2794c407c46/spring-tx-6.0.6.jar!/, jar:file:/C:/Users/ADMIN/.gradle/caches/modules-2/files-2.1/org.springframework/spring-context-support/6.0.6/363228b8abc8b7ff569b10195f28652c7b65a41/spring-context-support-6.0.6.jar!/, jar:file:/C:/Users/ADMIN/.gradle/caches/modules-2/files-2.1/org.springframework/spring-context/6.0.6/fbd2b7c23adb2ec2f7ca601b3e7d79ae10e342a/spring-context-6.0.6.jar!/, jar:file:/C:/Users/ADMIN/.gradle/caches/modules-2/files-2.1/org.springframework/spring-messaging/6.0.6/42392bdb43a691e7c7bf4da296fef598a3127f37/spring-messaging-6.0.6.jar!/, jar:file:/C:/Users/ADMIN/.gradle/caches/modules-2/files-2.1/org.springframework/spring-oxm/6.0.6/e0bab7269ffaec4df3a9f221b4810b392c5ac492/spring-oxm-6.0.6.jar!/, jar:file:/C:/Users/ADMIN/.gradle/caches/modules-2/files-2.1/org.springframework/spring-aop/6.0.6/c95dc800fdce470519b7135272e64d4606fc8428/spring-aop-6.0.6.jar!/, jar:file:/C:/Users/ADMIN/.gradle/caches/modules-2/files-2.1/org.springframework.data/spring-data-commons/3.0.3/4492e9d25d7e8714f5ebfdd9e607dd7e0998038e/spring-data-commons-3.0.3.jar!/, jar:file:/C:/Users/ADMIN/.gradle/caches/modules-2/files-2.1/org.springframework/spring-beans/6.0.6/48ea4ba141146b3acaad0c7df80d2a06afeb95fd/spring-beans-6.0.6.jar!/, jar:file:/C:/Users/ADMIN/.gradle/caches/modules-2/files-2.1/org.springframework/spring-expression/6.0.6/2006ee0e1be8380f05c29deb52a97d3a1e6812d7/spring-expression-6.0.6.jar!/, jar:file:/C:/Users/ADMIN/.gradle/caches/modules-2/files-2.1/org.springframework.amqp/spring-amqp/3.0.2/698cf3a55e202356034288ed0bdccc2f8579b7e2/spring-amqp-3.0.2.jar!/, jar:file:/C:/Users/ADMIN/.gradle/caches/modules-2/files-2.1/org.springframework/spring-core/6.0.6/8a2845e0945923a9ebf3e9ef0649a28b6eeeac43/spring-core-6.0.6.jar!/, jar:file:/C:/Users/ADMIN/.gradle/caches/modules-2/files-2.1/org.yaml/snakeyaml/1.33/2cd0a87ff7df953f810c344bdf2fe3340b954c69/snakeyaml-1.33.jar!/, jar:file:/C:/Users/ADMIN/.gradle/caches/modules-2/files-2.1/io.lettuce/lettuce-core/6.2.3.RELEASE/3d671a51095ef90b817a690ef1b569b24b309665/lettuce-core-6.2.3.RELEASE.jar!/, jar:file:/C:/Users/ADMIN/.gradle/caches/modules-2/files-2.1/com.zaxxer/HikariCP/5.0.1/a74c7f0a37046846e88d54f7cb6ea6d565c65f9c/HikariCP-5.0.1.jar!/, jar:file:/C:/Users/ADMIN/.gradle/caches/modules-2/files-2.1/org.checkerframework/checker-qual/3.5.0/2f50520c8abea66fbd8d26e481d3aef5c673b510/checker-qual-3.5.0.jar!/, jar:file:/C:/Users/ADMIN/.gradle/caches/modules-2/files-2.1/com.jayway.jsonpath/json-path/2.7.0/f9d7d9659f2694e61142046ff8a216c047f263e8/json-path-2.7.0.jar!/, jar:file:/C:/Users/ADMIN/.gradle/caches/modules-2/files-2.1/jakarta.xml.bind/jakarta.xml.bind-api/4.0.0/bbb399208d288b15ec101fa4fcfc4bd77cedc97a/jakarta.xml.bind-api-4.0.0.jar!/, jar:file:/C:/Users/ADMIN/.gradle/caches/modules-2/files-2.1/org.assertj/assertj-core/3.23.1/d2bb60570f5b3d7ffa8f8000118c9c07b86eca93/assertj-core-3.23.1.jar!/, jar:file:/C:/Users/ADMIN/.gradle/caches/modules-2/files-2.1/org.hamcrest/hamcrest/2.2/1820c0968dba3a11a1b30669bb1f01978a91dedc/hamcrest-2.2.jar!/, jar:file:/C:/Users/ADMIN/.gradle/caches/modules-2/files-2.1/org.mockito/mockito-junit-jupiter/4.8.1/e393aa62eca2244a535b03842843f2f199343d1f/mockito-junit-jupiter-4.8.1.jar!/, jar:file:/C:/Users/ADMIN/.gradle/caches/modules-2/files-2.1/org.junit.jupiter/junit-jupiter-params/5.9.2/bc2765afb7b85b583c710dd259a11c6b8c39e912/junit-jupiter-params-5.9.2.jar!/, jar:file:/C:/Users/ADMIN/.gradle/caches/modules-2/files-2.1/org.junit.jupiter/junit-jupiter-engine/5.9.2/572f7a553b53f83ee59cc045ce1c3772864ab76c/junit-jupiter-engine-5.9.2.jar!/, jar:file:/C:/Users/ADMIN/.gradle/caches/modules-2/files-2.1/org.junit.jupiter/junit-jupiter-api/5.9.2/fed843581520eac594bc36bb4b0f55e7b947dda9/junit-jupiter-api-5.9.2.jar!/, jar:file:/C:/Users/ADMIN/.gradle/caches/modules-2/files-2.1/org.junit.platform/junit-platform-engine/1.9.2/40aeef2be7b04f96bb91e8b054affc28b7c7c935/junit-platform-engine-1.9.2.jar!/, jar:file:/C:/Users/ADMIN/.gradle/caches/modules-2/files-2.1/org.junit.platform/junit-platform-commons/1.9.2/6f9f8621d8230cd38aa42e58ccbc0c00569131ce/junit-platform-commons-1.9.2.jar!/, jar:file:/C:/Users/ADMIN/.gradle/caches/modules-2/files-2.1/org.junit.jupiter/junit-jupiter/5.9.2/26c586fbe0ebd81b48c9f11f0d998124248697ae/junit-jupiter-5.9.2.jar!/, jar:file:/C:/Users/ADMIN/.gradle/caches/modules-2/files-2.1/org.mockito/mockito-core/4.8.1/d8eb9dec8747d08645347bb8c69088ac83197975/mockito-core-4.8.1.jar!/, jar:file:/C:/Users/ADMIN/.gradle/caches/modules-2/files-2.1/org.skyscreamer/jsonassert/1.5.1/6d842d0faf4cf6725c509a5e5347d319ee0431c3/jsonassert-1.5.1.jar!/, jar:file:/C:/Users/ADMIN/.gradle/caches/modules-2/files-2.1/org.xmlunit/xmlunit-core/2.9.1/e5833662d9a1279a37da3ef6f62a1da29fcd68c4/xmlunit-core-2.9.1.jar!/, jar:file:/C:/Users/ADMIN/.gradle/caches/modules-2/files-2.1/io.rest-assured/xml-path/5.2.1/3918e4080bd677b1b4683bdd82a19be78d5c0ec2/xml-path-5.2.1.jar!/, jar:file:/C:/Users/ADMIN/.gradle/caches/modules-2/files-2.1/io.rest-assured/json-path/5.2.1/f53d9cefcf3e3f4554f390ec17d278c47d4125ad/json-path-5.2.1.jar!/, jar:file:/C:/Users/ADMIN/.gradle/caches/modules-2/files-2.1/org.apache.groovy/groovy-json/4.0.9/122759fca67c3ef87ea7d48a3057af362a360089/groovy-json-4.0.9.jar!/, jar:file:/C:/Users/ADMIN/.gradle/caches/modules-2/files-2.1/org.apache.groovy/groovy-xml/4.0.9/b22d2ae189670d4ccc58bc4ef003d922b85cb0d5/groovy-xml-4.0.9.jar!/, jar:file:/C:/Users/ADMIN/.gradle/caches/modules-2/files-2.1/io.rest-assured/rest-assured-common/5.2.1/f506be4e8fb8c2adbbfdff9720fad420b76e6543/rest-assured-common-5.2.1.jar!/, jar:file:/C:/Users/ADMIN/.gradle/caches/modules-2/files-2.1/org.apache.groovy/groovy/4.0.9/80605ad828d16fd5d6349628b8d77e5761b2b4c4/groovy-4.0.9.jar!/, jar:file:/C:/Users/ADMIN/.gradle/caches/modules-2/files-2.1/org.apache.httpcomponents/httpmime/4.5.14/6662758a1f1cb1149cf916bdac28332e0902ec44/httpmime-4.5.14.jar!/, jar:file:/C:/Users/ADMIN/.gradle/caches/modules-2/files-2.1/org.apache.httpcomponents/httpclient/4.5.14/1194890e6f56ec29177673f2f12d0b8e627dec98/httpclient-4.5.14.jar!/, jar:file:/C:/Users/ADMIN/.gradle/caches/modules-2/files-2.1/org.ccil.cowan.tagsoup/tagsoup/1.2.1/5584627487e984c03456266d3f8802eb85a9ce97/tagsoup-1.2.1.jar!/, jar:file:/C:/Users/ADMIN/.gradle/caches/modules-2/files-2.1/org.thymeleaf/thymeleaf-spring6/3.1.1.RELEASE/deb52ef921a4ac5132fedb7ebfc2bc1dad4382b3/thymeleaf-spring6-3.1.1.RELEASE.jar!/, jar:file:/C:/Users/ADMIN/.gradle/caches/modules-2/files-2.1/ch.qos.logback/logback-classic/1.4.5/28e7dc0b208d6c3f15beefd73976e064b4ecfa9b/logback-classic-1.4.5.jar!/, jar:file:/C:/Users/ADMIN/.gradle/caches/modules-2/files-2.1/org.apache.logging.log4j/log4j-to-slf4j/2.19.0/30f4812e43172ecca5041da2cb6b965cc4777c19/log4j-to-slf4j-2.19.0.jar!/, jar:file:/C:/Users/ADMIN/.gradle/caches/modules-2/files-2.1/org.slf4j/jul-to-slf4j/2.0.6/c4d348977a83a0bfcf42fd6fd1fee6e7904f1a0c/jul-to-slf4j-2.0.6.jar!/, jar:file:/C:/Users/ADMIN/.gradle/caches/modules-2/files-2.1/org.thymeleaf/thymeleaf/3.1.1.RELEASE/374a129dfa5e7d7f1a46eacc4d49e594ca0cf26f/thymeleaf-3.1.1.RELEASE.jar!/, jar:file:/C:/Users/ADMIN/.gradle/caches/modules-2/files-2.1/com.rabbitmq/amqp-client/5.16.0/c70c66a8e5a92e41adf618efa7d8025db29cdf3/amqp-client-5.16.0.jar!/, jar:file:/C:/Users/ADMIN/.gradle/caches/modules-2/files-2.1/org.slf4j/slf4j-api/2.0.6/88c40d8b4f33326f19a7d3c0aaf2c7e8721d4953/slf4j-api-2.0.6.jar!/, jar:file:/D:/CODE/microservice/ddd-eshopee-EXPT-modulith/shopee-microservices/sales/catalog/domain/build/libs/catalog-domain-2.0-SNAPSHOT.jar!/, jar:file:/D:/CODE/microservice/ddd-eshopee-EXPT-modulith/shopee-microservices/sales/cart/domain/build/libs/cart-domain-2.0-SNAPSHOT.jar!/, jar:file:/D:/CODE/microservice/ddd-eshopee-EXPT-modulith/shopee-microservices/shipping/dispatching/domain/build/libs/dispatching-domain-2.0-SNAPSHOT.jar!/, jar:file:/C:/Users/ADMIN/.gradle/caches/modules-2/files-2.1/org.springframework/spring-jcl/6.0.6/f13cd8a561e71fb65c63201113d766fcd7a2b06f/spring-jcl-6.0.6.jar!/, jar:file:/C:/Users/ADMIN/.gradle/caches/modules-2/files-2.1/io.netty/netty-handler/4.1.89.Final/ced584e9eba5a6b7aad7c6a28a60c13375459f1a/netty-handler-4.1.89.Final.jar!/, jar:file:/C:/Users/ADMIN/.gradle/caches/modules-2/files-2.1/io.netty/netty-transport-native-unix-common/4.1.89.Final/a7717ed61393d5aad202a92bb02f661ed525bf86/netty-transport-native-unix-common-4.1.89.Final.jar!/, jar:file:/C:/Users/ADMIN/.gradle/caches/modules-2/files-2.1/io.netty/netty-codec/4.1.89.Final/f03a649ffa405ca4c802a8bfcc2abfe70ae485ca/netty-codec-4.1.89.Final.jar!/, jar:file:/C:/Users/ADMIN/.gradle/caches/modules-2/files-2.1/io.netty/netty-transport/4.1.89.Final/e7ff320310eafe302c0dfb9690ae7201ab61ead2/netty-transport-4.1.89.Final.jar!/, jar:file:/C:/Users/ADMIN/.gradle/caches/modules-2/files-2.1/io.netty/netty-resolver/4.1.89.Final/686b21bf3488747bc834ee9e60a863f37b71f35e/netty-resolver-4.1.89.Final.jar!/, jar:file:/C:/Users/ADMIN/.gradle/caches/modules-2/files-2.1/io.netty/netty-buffer/4.1.89.Final/b1d3dbf69a75eaa8793c7e00cff2851dac9fd725/netty-buffer-4.1.89.Final.jar!/, jar:file:/C:/Users/ADMIN/.gradle/caches/modules-2/files-2.1/io.netty/netty-common/4.1.89.Final/c0c80bfe45cc85da5030ea8fc64071e28d0f6f5f/netty-common-4.1.89.Final.jar!/, jar:file:/C:/Users/ADMIN/.gradle/caches/modules-2/files-2.1/io.projectreactor/reactor-core/3.5.3/dd102ecdb21ff78a486074dbad55331f8847eb5d/reactor-core-3.5.3.jar!/, jar:file:/C:/Users/ADMIN/.gradle/caches/modules-2/files-2.1/org.apache.tomcat.embed/tomcat-embed-websocket/10.1.5/14529cbd593571dc9029272ddc9166b5ef113fc2/tomcat-embed-websocket-10.1.5.jar!/, jar:file:/C:/Users/ADMIN/.gradle/caches/modules-2/files-2.1/org.apache.tomcat.embed/tomcat-embed-core/10.1.5/21417d3ef8189e2af05aae0a765ad9204d7211b5/tomcat-embed-core-10.1.5.jar!/, jar:file:/C:/Users/ADMIN/.gradle/caches/modules-2/files-2.1/org.apache.tomcat.embed/tomcat-embed-el/10.1.5/c125df13af42a0fc0cd342370449b1276181e2a1/tomcat-embed-el-10.1.5.jar!/, jar:file:/C:/Users/ADMIN/.gradle/caches/modules-2/files-2.1/io.micrometer/micrometer-observation/1.10.4/96aa92ad7a18c2451c429348c0167eb08a988d4e/micrometer-observation-1.10.4.jar!/, jar:file:/C:/Users/ADMIN/.gradle/caches/modules-2/files-2.1/net.minidev/json-smart/2.4.8/7c62f5f72ab05eb54d40e2abf0360a2fe9ea477f/json-smart-2.4.8.jar!/, jar:file:/C:/Users/ADMIN/.gradle/caches/modules-2/files-2.1/jakarta.activation/jakarta.activation-api/2.1.1/88c774ab863a21fb2fc4219af95379fafe499a31/jakarta.activation-api-2.1.1.jar!/, jar:file:/C:/Users/ADMIN/.gradle/caches/modules-2/files-2.1/net.bytebuddy/byte-buddy/1.12.23/d470526e8c4566c04e9ae5d3ccb62d1a7aa58986/byte-buddy-1.12.23.jar!/, jar:file:/C:/Users/ADMIN/.gradle/caches/modules-2/files-2.1/net.bytebuddy/byte-buddy-agent/1.12.23/1cba11fdb72c383edacb909f79ae6870efd275e4/byte-buddy-agent-1.12.23.jar!/, jar:file:/C:/Users/ADMIN/.gradle/caches/modules-2/files-2.1/org.objenesis/objenesis/3.2/7fadf57620c8b8abdf7519533e5527367cb51f09/objenesis-3.2.jar!/, jar:file:/C:/Users/ADMIN/.m2/repository/com/vaadin/external/google/android-json/0.0.20131108.vaadin1/android-json-0.0.20131108.vaadin1.jar!/, jar:file:/C:/Users/ADMIN/.gradle/caches/modules-2/files-2.1/org.apache.httpcomponents/httpcore/4.4.16/51cf043c87253c9f58b539c9f7e44c8894223850/httpcore-4.4.16.jar!/, jar:file:/C:/Users/ADMIN/.gradle/caches/modules-2/files-2.1/commons-codec/commons-codec/1.15/49d94806b6e3dc933dacbd8acb0fdbab8ebd1e5d/commons-codec-1.15.jar!/, jar:file:/C:/Users/ADMIN/.gradle/caches/modules-2/files-2.1/org.apache.commons/commons-lang3/3.12.0/c6842c86792ff03b9f1d1fe2aab8dc23aa6c6f0e/commons-lang3-3.12.0.jar!/, jar:file:/D:/CODE/microservice/ddd-eshopee-EXPT-modulith/shopee-microservices/common/primitives/build/libs/primitives-2.0-SNAPSHOT.jar!/, jar:file:/C:/Users/ADMIN/.gradle/caches/modules-2/files-2.1/ch.qos.logback/logback-core/1.4.5/e9bb2ea70f84401314da4300343b0a246c8954da/logback-core-1.4.5.jar!/, jar:file:/C:/Users/ADMIN/.gradle/caches/modules-2/files-2.1/org.apache.logging.log4j/log4j-api/2.19.0/ea1b37f38c327596b216542bc636cfdc0b8036fa/log4j-api-2.19.0.jar!/, jar:file:/C:/Users/ADMIN/.gradle/caches/modules-2/files-2.1/org.reactivestreams/reactive-streams/1.0.4/3864a1320d97d7b045f729a326e1e077661f31b7/reactive-streams-1.0.4.jar!/, jar:file:/C:/Users/ADMIN/.gradle/caches/modules-2/files-2.1/io.micrometer/micrometer-commons/1.10.4/a5db33c573c8755e70388f204e83000dc359b63d/micrometer-commons-1.10.4.jar!/, jar:file:/C:/Users/ADMIN/.gradle/caches/modules-2/files-2.1/net.minidev/accessors-smart/2.4.8/6e1bee5a530caba91893604d6ab41d0edcecca9a/accessors-smart-2.4.8.jar!/, jar:file:/C:/Users/ADMIN/.gradle/caches/modules-2/files-2.1/org.opentest4j/opentest4j/1.2.0/28c11eb91f9b6d8e200631d46e20a7f407f2a046/opentest4j-1.2.0.jar!/, jar:file:/C:/Users/ADMIN/.gradle/caches/modules-2/files-2.1/org.attoparser/attoparser/2.0.6.RELEASE/8f603f22a18d4f7258f8860ccbb68b069f49904a/attoparser-2.0.6.RELEASE.jar!/, jar:file:/C:/Users/ADMIN/.gradle/caches/modules-2/files-2.1/org.unbescape/unbescape/1.1.6.RELEASE/7b90360afb2b860e09e8347112800d12c12b2a13/unbescape-1.1.6.RELEASE.jar!/, jar:file:/C:/Users/ADMIN/.gradle/caches/modules-2/files-2.1/org.springframework.retry/spring-retry/2.0.0/6a7a653901b58eb741692417f33b5bebedbd01f7/spring-retry-2.0.0.jar!/, jar:file:/C:/Users/ADMIN/.gradle/caches/modules-2/files-2.1/org.ow2.asm/asm/9.1/a99500cf6eea30535eeac6be73899d048f8d12a8/asm-9.1.jar!/]
19:37:23.141 [Test worker] DEBUG com.tngtech.archunit.core.importer.JavaClassProcessor - Processing class 'com/home/eshopee/shipping/dispatching/Dispatching'
19:37:23.142 [Test worker] DEBUG com.tngtech.archunit.core.importer.JavaClassProcessor - Processing class 'com/home/eshopee/shipping/dispatching/DispatchingSaga'
19:37:23.142 [Test worker] DEBUG com.tngtech.archunit.core.importer.JavaClassProcessor - Processing class 'com/home/eshopee/shipping/dispatching/OrderId'
19:37:23.142 [Test worker] DEBUG com.tngtech.archunit.core.importer.JavaClassProcessor - Processing class 'com/home/eshopee/shipping/dispatching/DeliveryDispatched'
19:37:23.142 [Test worker] DEBUG com.tngtech.archunit.core.importer.JavaClassProcessor - Processing class 'com/home/eshopee/shipping/dispatching/jdbc/DispatchingJdbcConfig'
19:37:23.142 [Test worker] DEBUG com.tngtech.archunit.core.importer.JavaClassProcessor - Processing class 'com/home/eshopee/shipping/dispatching/listeners/DispatchingListeners'
19:37:23.142 [Test worker] DEBUG com.tngtech.archunit.core.importer.JavaClassProcessor - Processing class 'com/home/eshopee/shipping/dispatching/jdbc/DispatchingJdbc'
19:37:23.143 [Test worker] DEBUG com.tngtech.archunit.core.importer.JavaClassProcessor - Processing class 'com/home/eshopee/shipping/dispatching/jdbc/DispatchingSagaJdbc$State'
19:37:23.143 [Test worker] DEBUG com.tngtech.archunit.core.importer.JavaClassProcessor - Processing class 'com/home/eshopee/shipping/dispatching/jdbc/DispatchingSagaJdbc'
19:37:23.143 [Test worker] DEBUG com.tngtech.archunit.core.importer.DependencyResolutionProcess - Automatically resolving transitive class dependencies with the following configuration:
import.dependencyResolutionProcess.maxIterationsForMemberTypes = 1
import.dependencyResolutionProcess.maxIterationsForAccessesToTypes = 1
import.dependencyResolutionProcess.maxIterationsForSupertypes = -1
import.dependencyResolutionProcess.maxIterationsForEnclosingTypes = -1
import.dependencyResolutionProcess.maxIterationsForAnnotationTypes = -1
import.dependencyResolutionProcess.maxIterationsForGenericSignatureTypes = -1
19:37:23.143 [Test worker] DEBUG com.tngtech.archunit.core.importer.JavaClassProcessor - Processing class 'org/springframework/scheduling/annotation/Async'
19:37:23.144 [Test worker] DEBUG com.tngtech.archunit.core.importer.JavaClassProcessor - Processing class 'com/home/eshopee/billing/payment/PaymentCollected'
19:37:23.144 [Test worker] DEBUG com.tngtech.archunit.core.importer.JavaClassProcessor - Processing class 'org/slf4j/LoggerFactory'
19:37:23.144 [Test worker] DEBUG com.tngtech.archunit.core.importer.JavaClassProcessor - Processing class 'com/home/eshopee/warehouse/GoodsFetched'
19:37:23.144 [Test worker] DEBUG com.tngtech.archunit.core.importer.JavaClassProcessor - Processing class 'java/lang/Integer'
19:37:23.145 [Test worker] DEBUG com.tngtech.archunit.core.importer.JavaClassProcessor - Processing class 'org/springframework/jdbc/core/JdbcTemplate'
19:37:23.145 [Test worker] DEBUG com.tngtech.archunit.core.importer.JavaClassProcessor - Processing class 'com/home/eshopee/sales/order/OrderPlaced'
19:37:23.145 [Test worker] DEBUG com.tngtech.archunit.core.importer.JavaClassProcessor - Processing class 'java/lang/Enum'
19:37:23.146 [Test worker] DEBUG com.tngtech.archunit.core.importer.JavaClassProcessor - Processing class 'com/home/eshopee/common/events/DomainEvent'
19:37:23.146 [Test worker] DEBUG com.tngtech.archunit.core.importer.JavaClassProcessor - Processing class 'java/lang/String'
19:37:23.147 [Test worker] DEBUG com.tngtech.archunit.core.importer.JavaClassProcessor - Processing class 'org/slf4j/Logger'
19:37:23.147 [Test worker] DEBUG com.tngtech.archunit.core.importer.JavaClassProcessor - Processing class 'org/springframework/transaction/event/TransactionalEventListener'
19:37:23.147 [Test worker] DEBUG com.tngtech.archunit.core.importer.JavaClassProcessor - Processing class 'com/home/eshopee/common/events/EventPublisher'
19:37:23.147 [Test worker] DEBUG com.tngtech.archunit.core.importer.JavaClassProcessor - Processing class 'com/home/eshopee/shipping/delivery/DeliveryPrepared'
19:37:23.147 [Test worker] DEBUG com.tngtech.archunit.core.importer.JavaClassProcessor - Processing class 'java/lang/IllegalArgumentException'
19:37:23.147 [Test worker] DEBUG com.tngtech.archunit.core.importer.JavaClassProcessor - Processing class 'java/time/Instant'
19:37:23.148 [Test worker] DEBUG com.tngtech.archunit.core.importer.JavaClassProcessor - Processing class 'org/springframework/context/annotation/Configuration'
19:37:23.148 [Test worker] DEBUG com.tngtech.archunit.core.importer.JavaClassProcessor - Processing class 'org/springframework/stereotype/Component'
19:37:23.148 [Test worker] DEBUG com.tngtech.archunit.core.importer.JavaClassProcessor - Processing class 'java/lang/Object'
19:37:23.148 [Test worker] DEBUG com.tngtech.archunit.core.importer.JavaClassProcessor - Processing class 'org/springframework/context/annotation/Bean'
19:37:23.148 [Test worker] DEBUG com.tngtech.archunit.core.importer.JavaClassProcessor - Processing class 'org/springframework/transaction/annotation/Transactional'
19:37:23.148 [Test worker] DEBUG com.tngtech.archunit.core.importer.JavaClassProcessor - Processing class 'java/lang/Throwable'
19:37:23.149 [Test worker] DEBUG com.tngtech.archunit.core.importer.JavaClassProcessor - Processing class 'org/springframework/jdbc/core/JdbcOperations'
19:37:23.149 [Test worker] DEBUG com.tngtech.archunit.core.importer.JavaClassProcessor - Processing class 'java/net/URL'
19:37:23.149 [Test worker] DEBUG com.tngtech.archunit.core.importer.JavaClassProcessor - Processing class 'org/springframework/jdbc/support/JdbcAccessor'
19:37:23.149 [Test worker] DEBUG com.tngtech.archunit.core.importer.JavaClassProcessor - Processing class 'org/springframework/jdbc/core/SqlParameter'
19:37:23.149 [Test worker] DEBUG com.tngtech.archunit.core.importer.JavaClassProcessor - Processing class 'java/lang/annotation/Inherited'
19:37:23.149 [Test worker] DEBUG com.tngtech.archunit.core.importer.JavaClassProcessor - Processing class 'org/slf4j/helpers/CheckReturnValue'
19:37:23.150 [Test worker] DEBUG com.tngtech.archunit.core.importer.JavaClassProcessor - Processing class 'java/lang/annotation/Retention'
19:37:23.150 [Test worker] DEBUG com.tngtech.archunit.core.importer.JavaClassProcessor - Processing class 'java/lang/constant/ConstantDesc'
19:37:23.150 [Test worker] DEBUG com.tngtech.archunit.core.importer.JavaClassProcessor - Processing class 'java/lang/Enum$EnumDesc'
19:37:23.150 [Test worker] DEBUG com.tngtech.archunit.core.importer.JavaClassProcessor - Processing class 'org/springframework/transaction/event/TransactionPhase'
19:37:23.150 [Test worker] DEBUG com.tngtech.archunit.core.importer.JavaClassProcessor - Processing class 'org/springframework/transaction/annotation/Propagation'
19:37:23.150 [Test worker] DEBUG com.tngtech.archunit.core.importer.JavaClassProcessor - Processing class 'java/util/Map'
19:37:23.150 [Test worker] DEBUG com.tngtech.archunit.core.importer.JavaClassProcessor - Processing class 'java/lang/annotation/Documented'
19:37:23.150 [Test worker] DEBUG com.tngtech.archunit.core.importer.JavaClassProcessor - Processing class 'org/springframework/lang/Nullable'
19:37:23.150 [Test worker] DEBUG com.tngtech.archunit.core.importer.JavaClassProcessor - Processing class 'org/springframework/stereotype/Indexed'
19:37:23.150 [Test worker] DEBUG com.tngtech.archunit.core.importer.JavaClassProcessor - Processing class 'java/lang/Number'
19:37:23.151 [Test worker] DEBUG com.tngtech.archunit.core.importer.JavaClassProcessor - Processing class 'org/springframework/core/annotation/AliasFor'
19:37:23.151 [Test worker] DEBUG com.tngtech.archunit.core.importer.JavaClassProcessor - Processing class 'org/springframework/aot/hint/annotation/Reflective'
19:37:23.151 [Test worker] DEBUG com.tngtech.archunit.core.importer.JavaClassProcessor - Processing class 'jdk/internal/vm/annotation/IntrinsicCandidate'
19:37:23.151 [Test worker] DEBUG com.tngtech.archunit.core.importer.JavaClassProcessor - Processing class 'jdk/internal/vm/annotation/ForceInline'
19:37:23.151 [Test worker] DEBUG com.tngtech.archunit.core.importer.JavaClassProcessor - Processing class 'java/lang/CharSequence'
19:37:23.151 [Test worker] DEBUG com.tngtech.archunit.core.importer.JavaClassProcessor - Processing class 'jdk/internal/vm/annotation/Stable'
19:37:23.151 [Test worker] DEBUG com.tngtech.archunit.core.importer.JavaClassProcessor - Processing class 'java/lang/Deprecated'
19:37:23.151 [Test worker] DEBUG com.tngtech.archunit.core.importer.JavaClassProcessor - Processing class 'org/springframework/context/event/EventListener'
19:37:23.151 [Test worker] DEBUG com.tngtech.archunit.core.importer.JavaClassProcessor - Processing class 'java/lang/annotation/Target'
19:37:23.151 [Test worker] DEBUG com.tngtech.archunit.core.importer.JavaClassProcessor - Processing class 'java/lang/RuntimeException'
19:37:23.151 [Test worker] DEBUG com.tngtech.archunit.core.importer.JavaClassProcessor - Processing class 'java/lang/annotation/ElementType'
19:37:23.151 [Test worker] DEBUG com.tngtech.archunit.core.importer.JavaClassProcessor - Processing class 'java/io/Serializable'
19:37:23.151 [Test worker] DEBUG com.tngtech.archunit.core.importer.JavaClassProcessor - Processing class 'java/lang/constant/Constable'
19:37:23.151 [Test worker] DEBUG com.tngtech.archunit.core.importer.JavaClassProcessor - Processing class 'org/slf4j/spi/SLF4JServiceProvider'
19:37:23.151 [Test worker] DEBUG com.tngtech.archunit.core.importer.JavaClassProcessor - Processing class 'java/lang/annotation/Annotation'
19:37:23.151 [Test worker] DEBUG com.tngtech.archunit.core.importer.JavaClassProcessor - Processing class 'java/lang/Comparable'
19:37:23.151 [Test worker] DEBUG com.tngtech.archunit.core.importer.JavaClassProcessor - Processing class 'jdk/internal/ValueBased'
19:37:23.151 [Test worker] DEBUG com.tngtech.archunit.core.importer.JavaClassProcessor - Processing class 'java/time/temporal/Temporal'
19:37:23.152 [Test worker] DEBUG com.tngtech.archunit.core.importer.JavaClassProcessor - Processing class 'java/time/temporal/TemporalAdjuster'
19:37:23.152 [Test worker] DEBUG com.tngtech.archunit.core.importer.JavaClassProcessor - Processing class 'org/springframework/transaction/annotation/Isolation'
19:37:23.152 [Test worker] DEBUG com.tngtech.archunit.core.importer.JavaClassProcessor - Processing class 'java/lang/annotation/RetentionPolicy'
19:37:23.152 [Test worker] DEBUG com.tngtech.archunit.core.importer.JavaClassProcessor - Processing class 'org/springframework/beans/factory/InitializingBean'
19:37:23.152 [Test worker] DEBUG com.tngtech.archunit.core.importer.JavaClassProcessor - Processing class 'java/time/temporal/TemporalAccessor'
19:37:23.152 [Test worker] DEBUG com.tngtech.archunit.core.importer.JavaClassProcessor - Processing class 'java/lang/FunctionalInterface'
19:37:23.152 [Test worker] DEBUG com.tngtech.archunit.core.importer.JavaClassProcessor - Processing class 'org/springframework/aot/hint/annotation/ReflectiveProcessor'
19:37:23.152 [Test worker] DEBUG com.tngtech.archunit.core.importer.JavaClassProcessor - Processing class 'java/util/Map$Entry'
19:37:23.152 [Test worker] DEBUG com.tngtech.archunit.core.importer.JavaClassProcessor - Processing class 'java/lang/SafeVarargs'
19:37:23.152 [Test worker] DEBUG com.tngtech.archunit.core.importer.JavaClassProcessor - Processing class 'java/net/spi/URLStreamHandlerProvider'
19:37:23.153 [Test worker] DEBUG com.tngtech.archunit.core.importer.JavaClassProcessor - Processing class 'java/lang/Exception'
19:37:23.153 [Test worker] DEBUG com.tngtech.archunit.core.importer.JavaClassProcessor - Processing class 'java/lang/constant/DynamicConstantDesc'
19:37:23.153 [Test worker] DEBUG com.tngtech.archunit.core.importer.JavaClassProcessor - Processing class 'java/net/URLStreamHandler'
19:37:23.153 [Test worker] DEBUG com.tngtech.archunit.core.importer.JavaClassProcessor - Processing class 'org/springframework/aot/hint/annotation/SimpleReflectiveProcessor'
19:37:23.153 [Test worker] DEBUG com.tngtech.archunit.core.importer.JavaClassProcessor - Processing class 'java/net/URLStreamHandlerFactory'
19:37:23.154 [Test worker] DEBUG com.tngtech.archunit.core.importer.JavaClassProcessor - Processing class 'java/lang/Float'
19:37:23.155 [Test worker] DEBUG com.tngtech.archunit.core.importer.JavaClassProcessor - Processing class 'java/util/stream/IntStream'
19:37:23.155 [Test worker] DEBUG com.tngtech.archunit.core.importer.JavaClassProcessor - Processing class 'java/util/Spliterator$OfInt'
19:37:23.155 [Test worker] DEBUG com.tngtech.archunit.core.importer.JavaClassProcessor - Processing class 'java/lang/CloneNotSupportedException'
19:37:23.155 [Test worker] DEBUG com.tngtech.archunit.core.importer.JavaClassProcessor - Processing class 'java/lang/Class'
19:37:23.156 [Test worker] DEBUG com.tngtech.archunit.core.importer.JavaClassProcessor - Processing class 'java/util/Optional'
19:37:23.156 [Test worker] DEBUG com.tngtech.archunit.core.importer.JavaClassProcessor - Processing class 'java/io/ObjectInputStream'
19:37:23.156 [Test worker] DEBUG com.tngtech.archunit.core.importer.JavaClassProcessor - Processing class 'java/io/IOException'
19:37:23.156 [Test worker] DEBUG com.tngtech.archunit.core.importer.JavaClassProcessor - Processing class 'java/lang/ClassNotFoundException'
19:37:23.157 [Test worker] DEBUG com.tngtech.archunit.core.importer.JavaClassProcessor - Processing class 'java/io/ObjectStreamException'
19:37:23.157 [Test worker] DEBUG com.tngtech.archunit.core.importer.JavaClassProcessor - Processing class 'java/lang/constant/ClassDesc'
19:37:23.157 [Test worker] DEBUG com.tngtech.archunit.core.importer.JavaClassProcessor - Processing class 'java/lang/invoke/MethodHandles$Lookup'
19:37:23.157 [Test worker] DEBUG com.tngtech.archunit.core.importer.JavaClassProcessor - Processing class 'java/lang/ReflectiveOperationException'
19:37:23.158 [Test worker] DEBUG com.tngtech.archunit.core.importer.JavaClassProcessor - Processing class 'java/lang/NumberFormatException'
19:37:23.158 [Test worker] DEBUG com.tngtech.archunit.core.importer.JavaClassProcessor - Processing class 'java/lang/InterruptedException'
19:37:23.158 [Test worker] DEBUG com.tngtech.archunit.core.importer.JavaClassProcessor - Processing class 'java/io/ObjectStreamField'
19:37:23.159 [Test worker] DEBUG com.tngtech.archunit.core.importer.JavaClassProcessor - Processing class 'java/util/Comparator'
19:37:23.159 [Test worker] DEBUG com.tngtech.archunit.core.importer.JavaClassProcessor - Processing class 'java/lang/Void'
19:37:23.159 [Test worker] DEBUG com.tngtech.archunit.core.importer.JavaClassProcessor - Processing class 'java/nio/charset/Charset'
19:37:23.159 [Test worker] DEBUG com.tngtech.archunit.core.importer.JavaClassProcessor - Processing class 'java/nio/charset/MalformedInputException'
19:37:23.159 [Test worker] DEBUG com.tngtech.archunit.core.importer.JavaClassProcessor - Processing class 'java/nio/charset/CharacterCodingException'
19:37:23.159 [Test worker] DEBUG com.tngtech.archunit.core.importer.JavaClassProcessor - Processing class 'sun/nio/cs/ArrayDecoder'
19:37:23.159 [Test worker] DEBUG com.tngtech.archunit.core.importer.JavaClassProcessor - Processing class 'java/io/UnsupportedEncodingException'
19:37:23.159 [Test worker] DEBUG com.tngtech.archunit.core.importer.JavaClassProcessor - Processing class 'sun/nio/cs/ArrayEncoder'
19:37:23.159 [Test worker] DEBUG com.tngtech.archunit.core.importer.JavaClassProcessor - Processing class 'java/nio/charset/UnmappableCharacterException'
19:37:23.159 [Test worker] DEBUG com.tngtech.archunit.core.importer.JavaClassProcessor - Processing class 'java/nio/charset/CharsetDecoder'
19:37:23.159 [Test worker] DEBUG com.tngtech.archunit.core.importer.JavaClassProcessor - Processing class 'java/lang/StringBuffer'
19:37:23.159 [Test worker] DEBUG com.tngtech.archunit.core.importer.JavaClassProcessor - Processing class 'java/lang/AbstractStringBuilder'
19:37:23.160 [Test worker] DEBUG com.tngtech.archunit.core.importer.JavaClassProcessor - Processing class 'java/lang/Iterable'
19:37:23.160 [Test worker] DEBUG com.tngtech.archunit.core.importer.JavaClassProcessor - Processing class 'java/util/Locale'
19:37:23.160 [Test worker] DEBUG com.tngtech.archunit.core.importer.JavaClassProcessor - Processing class 'java/util/stream/Stream'
19:37:23.161 [Test worker] DEBUG com.tngtech.archunit.core.importer.JavaClassProcessor - Processing class 'java/util/List'
19:37:23.161 [Test worker] DEBUG com.tngtech.archunit.core.importer.JavaClassProcessor - Processing class 'java/util/function/Function'
19:37:23.161 [Test worker] DEBUG com.tngtech.archunit.core.importer.JavaClassProcessor - Processing class 'java/lang/StringBuilder'
19:37:23.161 [Test worker] DEBUG com.tngtech.archunit.core.importer.JavaClassProcessor - Processing class 'java/lang/StackTraceElement'
19:37:23.162 [Test worker] DEBUG com.tngtech.archunit.core.importer.JavaClassProcessor - Processing class 'java/io/PrintStream'
19:37:23.162 [Test worker] DEBUG com.tngtech.archunit.core.importer.JavaClassProcessor - Processing class 'java/lang/Throwable$PrintStreamOrWriter'
19:37:23.162 [Test worker] DEBUG com.tngtech.archunit.core.importer.JavaClassProcessor - Processing class 'java/util/Set'
19:37:23.162 [Test worker] DEBUG com.tngtech.archunit.core.importer.JavaClassProcessor - Processing class 'java/io/PrintWriter'
19:37:23.162 [Test worker] DEBUG com.tngtech.archunit.core.importer.JavaClassProcessor - Processing class 'java/io/ObjectOutputStream'
19:37:23.163 [Test worker] DEBUG com.tngtech.archunit.core.importer.JavaClassProcessor - Processing class 'java/lang/constant/DirectMethodHandleDesc'
19:37:23.163 [Test worker] DEBUG com.tngtech.archunit.core.importer.JavaClassProcessor - Processing class 'java/net/InetAddress'
19:37:23.164 [Test worker] DEBUG com.tngtech.archunit.core.importer.JavaClassProcessor - Processing class 'java/net/UrlDeserializedState'
19:37:23.164 [Test worker] DEBUG com.tngtech.archunit.core.importer.JavaClassProcessor - Processing class 'java/lang/ThreadLocal'
19:37:23.164 [Test worker] DEBUG com.tngtech.archunit.core.importer.JavaClassProcessor - Processing class 'java/util/Hashtable'
19:37:23.164 [Test worker] DEBUG com.tngtech.archunit.core.importer.JavaClassProcessor - Processing class 'java/net/URI'
19:37:23.164 [Test worker] DEBUG com.tngtech.archunit.core.importer.JavaClassProcessor - Processing class 'java/net/MalformedURLException'
19:37:23.164 [Test worker] DEBUG com.tngtech.archunit.core.importer.JavaClassProcessor - Processing class 'java/lang/SecurityManager'
19:37:23.164 [Test worker] DEBUG com.tngtech.archunit.core.importer.JavaClassProcessor - Processing class 'java/net/URISyntaxException'
19:37:23.165 [Test worker] DEBUG com.tngtech.archunit.core.importer.JavaClassProcessor - Processing class 'java/net/URLConnection'
19:37:23.165 [Test worker] DEBUG com.tngtech.archunit.core.importer.JavaClassProcessor - Processing class 'java/net/Proxy'
19:37:23.165 [Test worker] DEBUG com.tngtech.archunit.core.importer.JavaClassProcessor - Processing class 'java/io/InputStream'
19:37:23.165 [Test worker] DEBUG com.tngtech.archunit.core.importer.JavaClassProcessor - Processing class 'java/util/Iterator'
19:37:23.165 [Test worker] DEBUG com.tngtech.archunit.core.importer.JavaClassProcessor - Processing class 'java/io/InvalidObjectException'
19:37:23.165 [Test worker] DEBUG com.tngtech.archunit.core.importer.JavaClassProcessor - Processing class 'sun/net/www/protocol/jar/Handler'
19:37:23.166 [Test worker] DEBUG com.tngtech.archunit.core.importer.JavaClassProcessor - Processing class 'java/time/Clock'
19:37:23.166 [Test worker] DEBUG com.tngtech.archunit.core.importer.JavaClassProcessor - Processing class 'java/time/temporal/TemporalField'
19:37:23.166 [Test worker] DEBUG com.tngtech.archunit.core.importer.JavaClassProcessor - Processing class 'java/time/temporal/ChronoField'
19:37:23.166 [Test worker] DEBUG com.tngtech.archunit.core.importer.JavaClassProcessor - Processing class 'java/time/temporal/TemporalUnit'
19:37:23.166 [Test worker] DEBUG com.tngtech.archunit.core.importer.JavaClassProcessor - Processing class 'java/time/temporal/ChronoUnit'
19:37:23.166 [Test worker] DEBUG com.tngtech.archunit.core.importer.JavaClassProcessor - Processing class 'java/time/temporal/ValueRange'
19:37:23.166 [Test worker] DEBUG com.tngtech.archunit.core.importer.JavaClassProcessor - Processing class 'java/time/temporal/TemporalAmount'
19:37:23.166 [Test worker] DEBUG com.tngtech.archunit.core.importer.JavaClassProcessor - Processing class 'java/time/temporal/TemporalQuery'
19:37:23.166 [Test worker] DEBUG com.tngtech.archunit.core.importer.JavaClassProcessor - Processing class 'java/time/OffsetDateTime'
19:37:23.166 [Test worker] DEBUG com.tngtech.archunit.core.importer.JavaClassProcessor - Processing class 'java/time/ZoneOffset'
19:37:23.167 [Test worker] DEBUG com.tngtech.archunit.core.importer.JavaClassProcessor - Processing class 'java/time/ZonedDateTime'
19:37:23.167 [Test worker] DEBUG com.tngtech.archunit.core.importer.JavaClassProcessor - Processing class 'java/time/ZoneId'
19:37:23.167 [Test worker] DEBUG com.tngtech.archunit.core.importer.JavaClassProcessor - Processing class 'java/io/DataOutput'
19:37:23.167 [Test worker] DEBUG com.tngtech.archunit.core.importer.JavaClassProcessor - Processing class 'java/io/DataInput'
19:37:23.167 [Test worker] DEBUG com.tngtech.archunit.core.importer.JavaClassProcessor - Processing class 'java/util/Collection'
19:37:23.167 [Test worker] DEBUG com.tngtech.archunit.core.importer.JavaClassProcessor - Processing class 'java/util/function/BiConsumer'
19:37:23.167 [Test worker] DEBUG com.tngtech.archunit.core.importer.JavaClassProcessor - Processing class 'java/util/function/BiFunction'
19:37:23.168 [Test worker] DEBUG com.tngtech.archunit.core.importer.JavaClassProcessor - Processing class 'java/util/ImmutableCollections$AbstractImmutableMap'
19:37:23.168 [Test worker] DEBUG com.tngtech.archunit.core.importer.JavaClassProcessor - Processing class 'java/util/KeyValueHolder'
19:37:23.168 [Test worker] DEBUG com.tngtech.archunit.core.importer.JavaClassProcessor - Processing class 'java/lang/invoke/SerializedLambda'
19:37:23.168 [Test worker] DEBUG com.tngtech.archunit.core.importer.JavaClassProcessor - Processing class 'org/slf4j/spi/LoggingEventBuilder'
19:37:23.169 [Test worker] DEBUG com.tngtech.archunit.core.importer.JavaClassProcessor - Processing class 'org/slf4j/event/Level'
19:37:23.169 [Test worker] DEBUG com.tngtech.archunit.core.importer.JavaClassProcessor - Processing class 'org/slf4j/Marker'
19:37:23.169 [Test worker] DEBUG com.tngtech.archunit.core.importer.JavaClassProcessor - Processing class 'org/slf4j/helpers/SubstituteServiceProvider'
19:37:23.170 [Test worker] DEBUG com.tngtech.archunit.core.importer.JavaClassProcessor - Processing class 'org/slf4j/helpers/NOP_FallbackServiceProvider'
19:37:23.170 [Test worker] DEBUG com.tngtech.archunit.core.importer.JavaClassProcessor - Processing class 'java/util/ServiceLoader'
19:37:23.170 [Test worker] DEBUG com.tngtech.archunit.core.importer.JavaClassProcessor - Processing class 'java/lang/ClassLoader'
19:37:23.171 [Test worker] DEBUG com.tngtech.archunit.core.importer.JavaClassProcessor - Processing class 'org/slf4j/event/SubstituteLoggingEvent'
19:37:23.171 [Test worker] DEBUG com.tngtech.archunit.core.importer.JavaClassProcessor - Processing class 'org/slf4j/ILoggerFactory'
19:37:23.171 [Test worker] DEBUG com.tngtech.archunit.core.importer.JavaClassProcessor - Processing class 'org/slf4j/IMarkerFactory'
19:37:23.171 [Test worker] DEBUG com.tngtech.archunit.core.importer.JavaClassProcessor - Processing class 'org/slf4j/spi/MDCAdapter'
19:37:23.172 [Test worker] DEBUG com.tngtech.archunit.core.importer.JavaClassProcessor - Processing class 'org/springframework/aot/hint/ReflectionHints'
19:37:23.172 [Test worker] DEBUG com.tngtech.archunit.core.importer.JavaClassProcessor - Processing class 'java/lang/reflect/AnnotatedElement'
19:37:23.172 [Test worker] DEBUG com.tngtech.archunit.core.importer.JavaClassProcessor - Processing class 'java/lang/reflect/Constructor'
19:37:23.172 [Test worker] DEBUG com.tngtech.archunit.core.importer.JavaClassProcessor - Processing class 'java/lang/reflect/Field'
19:37:23.172 [Test worker] DEBUG com.tngtech.archunit.core.importer.JavaClassProcessor - Processing class 'java/lang/reflect/Method'
19:37:23.173 [Test worker] DEBUG com.tngtech.archunit.core.importer.JavaClassProcessor - Processing class 'org/springframework/jdbc/core/ConnectionCallback'
19:37:23.173 [Test worker] DEBUG com.tngtech.archunit.core.importer.JavaClassProcessor - Processing class 'org/springframework/dao/DataAccessException'
19:37:23.173 [Test worker] DEBUG com.tngtech.archunit.core.importer.JavaClassProcessor - Processing class 'org/springframework/jdbc/core/StatementCallback'
19:37:23.174 [Test worker] DEBUG com.tngtech.archunit.core.importer.JavaClassProcessor - Processing class 'org/springframework/jdbc/core/ResultSetExtractor'
19:37:23.174 [Test worker] DEBUG com.tngtech.archunit.core.importer.JavaClassProcessor - Processing class 'org/springframework/jdbc/core/RowCallbackHandler'
19:37:23.174 [Test worker] DEBUG com.tngtech.archunit.core.importer.JavaClassProcessor - Processing class 'org/springframework/jdbc/core/RowMapper'
19:37:23.174 [Test worker] DEBUG com.tngtech.archunit.core.importer.JavaClassProcessor - Processing class 'org/springframework/jdbc/support/rowset/SqlRowSet'
19:37:23.174 [Test worker] DEBUG com.tngtech.archunit.core.importer.JavaClassProcessor - Processing class 'org/springframework/jdbc/core/PreparedStatementCreator'
19:37:23.174 [Test worker] DEBUG com.tngtech.archunit.core.importer.JavaClassProcessor - Processing class 'org/springframework/jdbc/core/PreparedStatementCallback'
19:37:23.175 [Test worker] DEBUG com.tngtech.archunit.core.importer.JavaClassProcessor - Processing class 'org/springframework/jdbc/core/PreparedStatementSetter'
19:37:23.175 [Test worker] DEBUG com.tngtech.archunit.core.importer.JavaClassProcessor - Processing class 'org/springframework/jdbc/support/KeyHolder'
19:37:23.175 [Test worker] DEBUG com.tngtech.archunit.core.importer.JavaClassProcessor - Processing class 'org/springframework/jdbc/core/BatchPreparedStatementSetter'
19:37:23.176 [Test worker] DEBUG com.tngtech.archunit.core.importer.JavaClassProcessor - Processing class 'org/springframework/jdbc/core/ParameterizedPreparedStatementSetter'
19:37:23.176 [Test worker] DEBUG com.tngtech.archunit.core.importer.JavaClassProcessor - Processing class 'org/springframework/jdbc/core/CallableStatementCreator'
19:37:23.176 [Test worker] DEBUG com.tngtech.archunit.core.importer.JavaClassProcessor - Processing class 'org/springframework/jdbc/core/CallableStatementCallback'
19:37:23.176 [Test worker] DEBUG com.tngtech.archunit.core.importer.JavaClassProcessor - Processing class 'java/sql/Connection'
19:37:23.176 [Test worker] DEBUG com.tngtech.archunit.core.importer.JavaClassProcessor - Processing class 'org/springframework/jdbc/datasource/ConnectionProxy'
19:37:23.177 [Test worker] DEBUG com.tngtech.archunit.core.importer.JavaClassProcessor - Processing class 'org/springframework/jdbc/core/ParameterDisposer'
19:37:23.177 [Test worker] DEBUG com.tngtech.archunit.core.importer.JavaClassProcessor - Processing class 'org/springframework/jdbc/core/SqlReturnResultSet'
19:37:23.177 [Test worker] DEBUG com.tngtech.archunit.core.importer.JavaClassProcessor - Processing class 'java/sql/CallableStatement'
19:37:23.178 [Test worker] DEBUG com.tngtech.archunit.core.importer.JavaClassProcessor - Processing class 'java/sql/SQLException'
19:37:23.178 [Test worker] DEBUG com.tngtech.archunit.core.importer.JavaClassProcessor - Processing class 'org/springframework/jdbc/core/SqlOutParameter'
19:37:23.178 [Test worker] DEBUG com.tngtech.archunit.core.importer.JavaClassProcessor - Processing class 'java/sql/ResultSet'
19:37:23.178 [Test worker] DEBUG com.tngtech.archunit.core.importer.JavaClassProcessor - Processing class 'org/springframework/jdbc/core/ResultSetSupportingSqlParameter'
19:37:23.178 [Test worker] DEBUG com.tngtech.archunit.core.importer.JavaClassProcessor - Processing class 'java/sql/Statement'
19:37:23.178 [Test worker] DEBUG com.tngtech.archunit.core.importer.JavaClassProcessor - Processing class 'java/sql/SQLWarning'
19:37:23.179 [Test worker] DEBUG com.tngtech.archunit.core.importer.JavaClassProcessor - Processing class 'org/springframework/jdbc/SQLWarningException'
19:37:23.179 [Test worker] DEBUG com.tngtech.archunit.core.importer.JavaClassProcessor - Processing class 'org/springframework/jdbc/core/SqlProvider'
19:37:23.179 [Test worker] DEBUG com.tngtech.archunit.core.importer.JavaClassProcessor - Processing class 'java/sql/PreparedStatement'
19:37:23.179 [Test worker] DEBUG com.tngtech.archunit.core.importer.JavaClassProcessor - Processing class 'org/springframework/jdbc/core/InterruptibleBatchPreparedStatementSetter'
19:37:23.179 [Test worker] DEBUG com.tngtech.archunit.core.importer.JavaClassProcessor - Processing class 'org/apache/commons/logging/Log'
19:37:23.179 [Test worker] DEBUG com.tngtech.archunit.core.importer.JavaClassProcessor - Processing class 'javax/sql/DataSource'
19:37:23.180 [Test worker] DEBUG com.tngtech.archunit.core.importer.JavaClassProcessor - Processing class 'org/springframework/jdbc/support/SQLExceptionTranslator'
19:37:23.188 [Test worker] DEBUG com.tngtech.archunit.core.importer.UrlSource$From - Found URLs on sun.boot.class.path: []
19:37:23.193 [Test worker] DEBUG com.tngtech.archunit.core.importer.UrlSource$From - Found URLs on java.class.path: [jar:file:/C:/Users/ADMIN/.gradle/caches/7.4.2/workerMain/gradle-worker.jar!/, file:/D:/CODE/microservice/ddd-eshopee-EXPT-modulith/shopee-microservices/application/build/classes/java/test/, file:/D:/CODE/microservice/ddd-eshopee-EXPT-modulith/shopee-microservices/application/build/resources/test/, file:/D:/CODE/microservice/ddd-eshopee-EXPT-modulith/shopee-microservices/application/build/classes/java/main/, file:/D:/CODE/microservice/ddd-eshopee-EXPT-modulith/shopee-microservices/application/build/resources/main/, jar:file:/D:/CODE/microservice/ddd-eshopee-EXPT-modulith/shopee-microservices/sales/catalog/spring-boot-starter/build/libs/catalog-spring-boot-starter-2.0-SNAPSHOT.jar!/, jar:file:/D:/CODE/microservice/ddd-eshopee-EXPT-modulith/shopee-microservices/sales/cart/spring-boot-starter/build/libs/cart-spring-boot-starter-2.0-SNAPSHOT.jar!/, jar:file:/D:/CODE/microservice/ddd-eshopee-EXPT-modulith/shopee-microservices/sales/order/spring-boot-starter/build/libs/order-spring-boot-starter-2.0-SNAPSHOT.jar!/, jar:file:/D:/CODE/microservice/ddd-eshopee-EXPT-modulith/shopee-microservices/warehouse/spring-boot-starter/build/libs/warehouse-spring-boot-starter-2.0-SNAPSHOT.jar!/, jar:file:/D:/CODE/microservice/ddd-eshopee-EXPT-modulith/shopee-microservices/billing/payment/spring-boot-starter/build/libs/payment-spring-boot-starter-2.0-SNAPSHOT.jar!/, jar:file:/D:/CODE/microservice/ddd-eshopee-EXPT-modulith/shopee-microservices/shipping/delivery/spring-boot-starter/build/libs/delivery-spring-boot-starter-2.0-SNAPSHOT.jar!/, jar:file:/D:/CODE/microservice/ddd-eshopee-EXPT-modulith/shopee-microservices/shipping/dispatching/spring-boot-starter/build/libs/dispatching-spring-boot-starter-2.0-SNAPSHOT.jar!/, jar:file:/D:/CODE/microservice/ddd-eshopee-EXPT-modulith/shopee-microservices/portal/spring-boot-starter/build/libs/portal-spring-boot-starter-2.0-SNAPSHOT.jar!/, jar:file:/D:/CODE/microservice/ddd-eshopee-EXPT-modulith/shopee-microservices/common/application-integration-spring-boot-starter/build/libs/application-integration-spring-boot-starter-2.0-SNAPSHOT.jar!/, jar:file:/C:/Users/ADMIN/.gradle/caches/modules-2/files-2.1/org.springframework.boot/spring-boot-starter-data-redis/3.0.4/e122886d50ec624e51fbaac4bb0d5d17cf7b9764/spring-boot-starter-data-redis-3.0.4.jar!/, jar:file:/C:/Users/ADMIN/.gradle/caches/modules-2/files-2.1/org.springframework.boot/spring-boot-starter-jdbc/3.0.4/e64f229f772dc2952e1978a1f10d7f3a462e105d/spring-boot-starter-jdbc-3.0.4.jar!/, jar:file:/C:/Users/ADMIN/.gradle/caches/modules-2/files-2.1/org.springframework.boot/spring-boot-starter-web/3.0.4/6a7405b436c6943f056cdbab587fe48bdc2b4911/spring-boot-starter-web-3.0.4.jar!/, jar:file:/C:/Users/ADMIN/.gradle/caches/modules-2/files-2.1/org.springframework.boot/spring-boot-starter-test/3.0.4/eb934f1df3e6292d7b5800cfbbc237de90d174de/spring-boot-starter-test-3.0.4.jar!/, jar:file:/C:/Users/ADMIN/.gradle/caches/modules-2/files-2.1/org.springframework.boot/spring-boot-starter-thymeleaf/3.0.4/ea681f9f477da793eb9024a23686db9a59b50bc6/spring-boot-starter-thymeleaf-3.0.4.jar!/, jar:file:/C:/Users/ADMIN/.gradle/caches/modules-2/files-2.1/org.springframework.boot/spring-boot-starter-amqp/3.0.4/804a88a39dc6dce9678eef6f621bd9877f50a7ab/spring-boot-starter-amqp-3.0.4.jar!/, jar:file:/C:/Users/ADMIN/.gradle/caches/modules-2/files-2.1/org.springframework.boot/spring-boot-starter-json/3.0.4/5ddf427d011646fe787fdaa1b8edc4a4eebd48d5/spring-boot-starter-json-3.0.4.jar!/, jar:file:/C:/Users/ADMIN/.gradle/caches/modules-2/files-2.1/org.springframework.boot/spring-boot-starter/3.0.4/8f957a8bc9d70c0ca922406c6e23cb3db5d48109/spring-boot-starter-3.0.4.jar!/, jar:file:/C:/Users/ADMIN/.gradle/caches/modules-2/files-2.1/com.h2database/h2/2.1.214/d5c2005c9e3279201e12d4776c948578b16bf8b2/h2-2.1.214.jar!/, jar:file:/C:/Users/ADMIN/.gradle/caches/modules-2/files-2.1/org.postgresql/postgresql/42.5.4/15015a54f15e340a9a8a6a2c5457429cb1176b8/postgresql-42.5.4.jar!/, jar:file:/C:/Users/ADMIN/.gradle/caches/modules-2/files-2.1/io.rest-assured/rest-assured/5.2.1/131aedaf6ffbb783dbf7b21efe57a849ded8b321/rest-assured-5.2.1.jar!/, jar:file:/C:/Users/ADMIN/.gradle/caches/modules-2/files-2.1/com.tngtech.archunit/archunit/0.23.1/7f93a254a0b88b9209e34db523ed5c2cee2ab25f/archunit-0.23.1.jar!/, jar:file:/D:/CODE/microservice/ddd-eshopee-EXPT-modulith/shopee-microservices/sales/catalog/jdbc/build/libs/catalog-jdbc-2.0-SNAPSHOT.jar!/, jar:file:/D:/CODE/microservice/ddd-eshopee-EXPT-modulith/shopee-microservices/sales/catalog/rest/build/libs/catalog-rest-2.0-SNAPSHOT.jar!/, jar:file:/D:/CODE/microservice/ddd-eshopee-EXPT-modulith/shopee-microservices/sales/catalog/webcomp/build/libs/catalog-webcomp-2.0-SNAPSHOT.jar!/, jar:file:/D:/CODE/microservice/ddd-eshopee-EXPT-modulith/shopee-microservices/sales/cart/jdbc/build/libs/cart-jdbc-2.0-SNAPSHOT.jar!/, jar:file:/D:/CODE/microservice/ddd-eshopee-EXPT-modulith/shopee-microservices/sales/cart/rest/build/libs/cart-rest-2.0-SNAPSHOT.jar!/, jar:file:/D:/CODE/microservice/ddd-eshopee-EXPT-modulith/shopee-microservices/sales/cart/webcomp/build/libs/cart-webcomp-2.0-SNAPSHOT.jar!/, jar:file:/D:/CODE/microservice/ddd-eshopee-EXPT-modulith/shopee-microservices/sales/order/jdbc/build/libs/order-jdbc-2.0-SNAPSHOT.jar!/, jar:file:/D:/CODE/microservice/ddd-eshopee-EXPT-modulith/shopee-microservices/sales/order/rest/build/libs/order-rest-2.0-SNAPSHOT.jar!/, jar:file:/D:/CODE/microservice/ddd-eshopee-EXPT-modulith/shopee-microservices/sales/order/webcomp/build/libs/order-webcomp-2.0-SNAPSHOT.jar!/, jar:file:/D:/CODE/microservice/ddd-eshopee-EXPT-modulith/shopee-microservices/warehouse/jdbc/build/libs/warehouse-jdbc-2.0-SNAPSHOT.jar!/, jar:file:/D:/CODE/microservice/ddd-eshopee-EXPT-modulith/shopee-microservices/warehouse/listeners/build/libs/warehouse-listeners-2.0-SNAPSHOT.jar!/, jar:file:/D:/CODE/microservice/ddd-eshopee-EXPT-modulith/shopee-microservices/warehouse/rest/build/libs/warehouse-rest-2.0-SNAPSHOT.jar!/, jar:file:/D:/CODE/microservice/ddd-eshopee-EXPT-modulith/shopee-microservices/billing/payment/jdbc/build/libs/payment-jdbc-2.0-SNAPSHOT.jar!/, jar:file:/D:/CODE/microservice/ddd-eshopee-EXPT-modulith/shopee-microservices/billing/payment/listeners/build/libs/payment-listeners-2.0-SNAPSHOT.jar!/, jar:file:/D:/CODE/microservice/ddd-eshopee-EXPT-modulith/shopee-microservices/billing/payment/rest/build/libs/payment-rest-2.0-SNAPSHOT.jar!/, jar:file:/D:/CODE/microservice/ddd-eshopee-EXPT-modulith/shopee-microservices/shipping/delivery/jdbc/build/libs/delivery-jdbc-2.0-SNAPSHOT.jar!/, jar:file:/D:/CODE/microservice/ddd-eshopee-EXPT-modulith/shopee-microservices/shipping/delivery/listeners/build/libs/delivery-listeners-2.0-SNAPSHOT.jar!/, jar:file:/D:/CODE/microservice/ddd-eshopee-EXPT-modulith/shopee-microservices/shipping/delivery/rest/build/libs/delivery-rest-2.0-SNAPSHOT.jar!/, jar:file:/D:/CODE/microservice/ddd-eshopee-EXPT-modulith/shopee-microservices/shipping/delivery/webcomp/build/libs/delivery-webcomp-2.0-SNAPSHOT.jar!/, jar:file:/D:/CODE/microservice/ddd-eshopee-EXPT-modulith/shopee-microservices/shipping/dispatching/jdbc/build/libs/dispatching-jdbc-2.0-SNAPSHOT.jar!/, jar:file:/D:/CODE/microservice/ddd-eshopee-EXPT-modulith/shopee-microservices/shipping/dispatching/listeners/build/libs/dispatching-listeners-2.0-SNAPSHOT.jar!/, jar:file:/D:/CODE/microservice/ddd-eshopee-EXPT-modulith/shopee-microservices/portal/web/build/libs/portal-web-2.0-SNAPSHOT.jar!/, jar:file:/D:/CODE/microservice/ddd-eshopee-EXPT-modulith/shopee-microservices/sales/order/domain/build/libs/order-domain-2.0-SNAPSHOT.jar!/, jar:file:/D:/CODE/microservice/ddd-eshopee-EXPT-modulith/shopee-microservices/sales/order/events/build/libs/order-events-2.0-SNAPSHOT.jar!/, jar:file:/D:/CODE/microservice/ddd-eshopee-EXPT-modulith/shopee-microservices/shipping/dispatching/events/build/libs/dispatching-events-2.0-SNAPSHOT.jar!/, jar:file:/D:/CODE/microservice/ddd-eshopee-EXPT-modulith/shopee-microservices/shipping/delivery/domain/build/libs/delivery-domain-2.0-SNAPSHOT.jar!/, jar:file:/D:/CODE/microservice/ddd-eshopee-EXPT-modulith/shopee-microservices/shipping/delivery/events/build/libs/delivery-events-2.0-SNAPSHOT.jar!/, jar:file:/D:/CODE/microservice/ddd-eshopee-EXPT-modulith/shopee-microservices/billing/payment/domain/build/libs/payment-domain-2.0-SNAPSHOT.jar!/, jar:file:/D:/CODE/microservice/ddd-eshopee-EXPT-modulith/shopee-microservices/billing/payment/events/build/libs/payment-events-2.0-SNAPSHOT.jar!/, jar:file:/D:/CODE/microservice/ddd-eshopee-EXPT-modulith/shopee-microservices/warehouse/domain/build/libs/warehouse-domain-2.0-SNAPSHOT.jar!/, jar:file:/D:/CODE/microservice/ddd-eshopee-EXPT-modulith/shopee-microservices/warehouse/events/build/libs/warehouse-events-2.0-SNAPSHOT.jar!/, jar:file:/D:/CODE/microservice/ddd-eshopee-EXPT-modulith/shopee-microservices/common/events/build/libs/events-2.0-SNAPSHOT.jar!/, jar:file:/C:/Users/ADMIN/.gradle/caches/modules-2/files-2.1/com.fasterxml.jackson.datatype/jackson-datatype-jdk8/2.14.2/2f3c71211b6ea7a978eba33574d7135d536e07fb/jackson-datatype-jdk8-2.14.2.jar!/, jar:file:/C:/Users/ADMIN/.gradle/caches/modules-2/files-2.1/com.fasterxml.jackson.module/jackson-module-parameter-names/2.14.2/2b6c19b3d99dda02915515df879ab9e23fed3864/jackson-module-parameter-names-2.14.2.jar!/, jar:file:/C:/Users/ADMIN/.gradle/caches/modules-2/files-2.1/com.fasterxml.jackson.core/jackson-databind/2.14.2/1e71fddbc80bb86f71a6345ac1e8ab8a00e7134/jackson-databind-2.14.2.jar!/, jar:file:/C:/Users/ADMIN/.gradle/caches/modules-2/files-2.1/com.fasterxml.jackson.core/jackson-annotations/2.14.2/a7aae9525864930723e3453ab799521fdfd9d873/jackson-annotations-2.14.2.jar!/, jar:file:/C:/Users/ADMIN/.gradle/caches/modules-2/files-2.1/com.fasterxml.jackson.core/jackson-core/2.14.2/f804090e6399ce0cf78242db086017512dd71fcc/jackson-core-2.14.2.jar!/, jar:file:/C:/Users/ADMIN/.gradle/caches/modules-2/files-2.1/com.fasterxml.jackson.datatype/jackson-datatype-jsr310/2.14.2/796518148a385b2728d44886cc0f8852eb8eeb53/jackson-datatype-jsr310-2.14.2.jar!/, jar:file:/C:/Users/ADMIN/.gradle/caches/modules-2/files-2.1/org.springframework.boot/spring-boot-test-autoconfigure/3.0.4/3d28e21dc5cea68949d1f0b6a4051e7deeacf6cc/spring-boot-test-autoconfigure-3.0.4.jar!/, jar:file:/C:/Users/ADMIN/.gradle/caches/modules-2/files-2.1/org.springframework.boot/spring-boot-autoconfigure/3.0.4/7eb11bff0f965807f1088da20bc169bff27d284/spring-boot-autoconfigure-3.0.4.jar!/, jar:file:/C:/Users/ADMIN/.gradle/caches/modules-2/files-2.1/org.springframework.boot/spring-boot-test/3.0.4/4c1c72ff838b4f1191321aa01d1e98d68f882280/spring-boot-test-3.0.4.jar!/, jar:file:/C:/Users/ADMIN/.gradle/caches/modules-2/files-2.1/org.springframework.boot/spring-boot/3.0.4/27e5fceb2faf8ec399df70a2ff4e626a3423ae35/spring-boot-3.0.4.jar!/, jar:file:/C:/Users/ADMIN/.gradle/caches/modules-2/files-2.1/org.springframework.boot/spring-boot-starter-logging/3.0.4/31b32774c6ec2eceb3f75bdef7ddd8afd7059255/spring-boot-starter-logging-3.0.4.jar!/, jar:file:/C:/Users/ADMIN/.gradle/caches/modules-2/files-2.1/org.springframework.boot/spring-boot-starter-tomcat/3.0.4/40babd5ca3db46adf7c59b70ca2e6f2a528b558c/spring-boot-starter-tomcat-3.0.4.jar!/, jar:file:/C:/Users/ADMIN/.gradle/caches/modules-2/files-2.1/jakarta.annotation/jakarta.annotation-api/2.1.1/48b9bda22b091b1f48b13af03fe36db3be6e1ae3/jakarta.annotation-api-2.1.1.jar!/, jar:file:/C:/Users/ADMIN/.gradle/caches/modules-2/files-2.1/org.springframework/spring-jdbc/6.0.6/151e730f45832d42c6535b0bc6d7cebeabcaf844/spring-jdbc-6.0.6.jar!/, jar:file:/C:/Users/ADMIN/.gradle/caches/modules-2/files-2.1/org.springframework/spring-webmvc/6.0.6/302580efc981ad6797a85814ea0996e2149bb420/spring-webmvc-6.0.6.jar!/, jar:file:/C:/Users/ADMIN/.gradle/caches/modules-2/files-2.1/org.springframework/spring-web/6.0.6/2916961032e54aaeb534a290530b7b69e297bfcc/spring-web-6.0.6.jar!/, jar:file:/C:/Users/ADMIN/.gradle/caches/modules-2/files-2.1/org.springframework/spring-test/6.0.6/e94217b5c8cdf8f954d10251449fc98bdd8fc756/spring-test-6.0.6.jar!/, jar:file:/C:/Users/ADMIN/.gradle/caches/modules-2/files-2.1/org.springframework.data/spring-data-redis/3.0.3/6e8f59ca594ea86b56eacba74ae343d188771905/spring-data-redis-3.0.3.jar!/, jar:file:/C:/Users/ADMIN/.gradle/caches/modules-2/files-2.1/org.springframework.amqp/spring-rabbit/3.0.2/910f6a931b70f874ab03ba3dc0df2c6e05de12b8/spring-rabbit-3.0.2.jar!/, jar:file:/C:/Users/ADMIN/.gradle/caches/modules-2/files-2.1/org.springframework.data/spring-data-keyvalue/3.0.3/20ebdf1c5fb12aa0b5be9e67791e6c457f6e8968/spring-data-keyvalue-3.0.3.jar!/, jar:file:/C:/Users/ADMIN/.gradle/caches/modules-2/files-2.1/org.springframework/spring-tx/6.0.6/e86b3073d9640e17e5581a6aebb0d2794c407c46/spring-tx-6.0.6.jar!/, jar:file:/C:/Users/ADMIN/.gradle/caches/modules-2/files-2.1/org.springframework/spring-context-support/6.0.6/363228b8abc8b7ff569b10195f28652c7b65a41/spring-context-support-6.0.6.jar!/, jar:file:/C:/Users/ADMIN/.gradle/caches/modules-2/files-2.1/org.springframework/spring-context/6.0.6/fbd2b7c23adb2ec2f7ca601b3e7d79ae10e342a/spring-context-6.0.6.jar!/, jar:file:/C:/Users/ADMIN/.gradle/caches/modules-2/files-2.1/org.springframework/spring-messaging/6.0.6/42392bdb43a691e7c7bf4da296fef598a3127f37/spring-messaging-6.0.6.jar!/, jar:file:/C:/Users/ADMIN/.gradle/caches/modules-2/files-2.1/org.springframework/spring-oxm/6.0.6/e0bab7269ffaec4df3a9f221b4810b392c5ac492/spring-oxm-6.0.6.jar!/, jar:file:/C:/Users/ADMIN/.gradle/caches/modules-2/files-2.1/org.springframework/spring-aop/6.0.6/c95dc800fdce470519b7135272e64d4606fc8428/spring-aop-6.0.6.jar!/, jar:file:/C:/Users/ADMIN/.gradle/caches/modules-2/files-2.1/org.springframework.data/spring-data-commons/3.0.3/4492e9d25d7e8714f5ebfdd9e607dd7e0998038e/spring-data-commons-3.0.3.jar!/, jar:file:/C:/Users/ADMIN/.gradle/caches/modules-2/files-2.1/org.springframework/spring-beans/6.0.6/48ea4ba141146b3acaad0c7df80d2a06afeb95fd/spring-beans-6.0.6.jar!/, jar:file:/C:/Users/ADMIN/.gradle/caches/modules-2/files-2.1/org.springframework/spring-expression/6.0.6/2006ee0e1be8380f05c29deb52a97d3a1e6812d7/spring-expression-6.0.6.jar!/, jar:file:/C:/Users/ADMIN/.gradle/caches/modules-2/files-2.1/org.springframework.amqp/spring-amqp/3.0.2/698cf3a55e202356034288ed0bdccc2f8579b7e2/spring-amqp-3.0.2.jar!/, jar:file:/C:/Users/ADMIN/.gradle/caches/modules-2/files-2.1/org.springframework/spring-core/6.0.6/8a2845e0945923a9ebf3e9ef0649a28b6eeeac43/spring-core-6.0.6.jar!/, jar:file:/C:/Users/ADMIN/.gradle/caches/modules-2/files-2.1/org.yaml/snakeyaml/1.33/2cd0a87ff7df953f810c344bdf2fe3340b954c69/snakeyaml-1.33.jar!/, jar:file:/C:/Users/ADMIN/.gradle/caches/modules-2/files-2.1/io.lettuce/lettuce-core/6.2.3.RELEASE/3d671a51095ef90b817a690ef1b569b24b309665/lettuce-core-6.2.3.RELEASE.jar!/, jar:file:/C:/Users/ADMIN/.gradle/caches/modules-2/files-2.1/com.zaxxer/HikariCP/5.0.1/a74c7f0a37046846e88d54f7cb6ea6d565c65f9c/HikariCP-5.0.1.jar!/, jar:file:/C:/Users/ADMIN/.gradle/caches/modules-2/files-2.1/org.checkerframework/checker-qual/3.5.0/2f50520c8abea66fbd8d26e481d3aef5c673b510/checker-qual-3.5.0.jar!/, jar:file:/C:/Users/ADMIN/.gradle/caches/modules-2/files-2.1/com.jayway.jsonpath/json-path/2.7.0/f9d7d9659f2694e61142046ff8a216c047f263e8/json-path-2.7.0.jar!/, jar:file:/C:/Users/ADMIN/.gradle/caches/modules-2/files-2.1/jakarta.xml.bind/jakarta.xml.bind-api/4.0.0/bbb399208d288b15ec101fa4fcfc4bd77cedc97a/jakarta.xml.bind-api-4.0.0.jar!/, jar:file:/C:/Users/ADMIN/.gradle/caches/modules-2/files-2.1/org.assertj/assertj-core/3.23.1/d2bb60570f5b3d7ffa8f8000118c9c07b86eca93/assertj-core-3.23.1.jar!/, jar:file:/C:/Users/ADMIN/.gradle/caches/modules-2/files-2.1/org.hamcrest/hamcrest/2.2/1820c0968dba3a11a1b30669bb1f01978a91dedc/hamcrest-2.2.jar!/, jar:file:/C:/Users/ADMIN/.gradle/caches/modules-2/files-2.1/org.mockito/mockito-junit-jupiter/4.8.1/e393aa62eca2244a535b03842843f2f199343d1f/mockito-junit-jupiter-4.8.1.jar!/, jar:file:/C:/Users/ADMIN/.gradle/caches/modules-2/files-2.1/org.junit.jupiter/junit-jupiter-params/5.9.2/bc2765afb7b85b583c710dd259a11c6b8c39e912/junit-jupiter-params-5.9.2.jar!/, jar:file:/C:/Users/ADMIN/.gradle/caches/modules-2/files-2.1/org.junit.jupiter/junit-jupiter-engine/5.9.2/572f7a553b53f83ee59cc045ce1c3772864ab76c/junit-jupiter-engine-5.9.2.jar!/, jar:file:/C:/Users/ADMIN/.gradle/caches/modules-2/files-2.1/org.junit.jupiter/junit-jupiter-api/5.9.2/fed843581520eac594bc36bb4b0f55e7b947dda9/junit-jupiter-api-5.9.2.jar!/, jar:file:/C:/Users/ADMIN/.gradle/caches/modules-2/files-2.1/org.junit.platform/junit-platform-engine/1.9.2/40aeef2be7b04f96bb91e8b054affc28b7c7c935/junit-platform-engine-1.9.2.jar!/, jar:file:/C:/Users/ADMIN/.gradle/caches/modules-2/files-2.1/org.junit.platform/junit-platform-commons/1.9.2/6f9f8621d8230cd38aa42e58ccbc0c00569131ce/junit-platform-commons-1.9.2.jar!/, jar:file:/C:/Users/ADMIN/.gradle/caches/modules-2/files-2.1/org.junit.jupiter/junit-jupiter/5.9.2/26c586fbe0ebd81b48c9f11f0d998124248697ae/junit-jupiter-5.9.2.jar!/, jar:file:/C:/Users/ADMIN/.gradle/caches/modules-2/files-2.1/org.mockito/mockito-core/4.8.1/d8eb9dec8747d08645347bb8c69088ac83197975/mockito-core-4.8.1.jar!/, jar:file:/C:/Users/ADMIN/.gradle/caches/modules-2/files-2.1/org.skyscreamer/jsonassert/1.5.1/6d842d0faf4cf6725c509a5e5347d319ee0431c3/jsonassert-1.5.1.jar!/, jar:file:/C:/Users/ADMIN/.gradle/caches/modules-2/files-2.1/org.xmlunit/xmlunit-core/2.9.1/e5833662d9a1279a37da3ef6f62a1da29fcd68c4/xmlunit-core-2.9.1.jar!/, jar:file:/C:/Users/ADMIN/.gradle/caches/modules-2/files-2.1/io.rest-assured/xml-path/5.2.1/3918e4080bd677b1b4683bdd82a19be78d5c0ec2/xml-path-5.2.1.jar!/, jar:file:/C:/Users/ADMIN/.gradle/caches/modules-2/files-2.1/io.rest-assured/json-path/5.2.1/f53d9cefcf3e3f4554f390ec17d278c47d4125ad/json-path-5.2.1.jar!/, jar:file:/C:/Users/ADMIN/.gradle/caches/modules-2/files-2.1/org.apache.groovy/groovy-json/4.0.9/122759fca67c3ef87ea7d48a3057af362a360089/groovy-json-4.0.9.jar!/, jar:file:/C:/Users/ADMIN/.gradle/caches/modules-2/files-2.1/org.apache.groovy/groovy-xml/4.0.9/b22d2ae189670d4ccc58bc4ef003d922b85cb0d5/groovy-xml-4.0.9.jar!/, jar:file:/C:/Users/ADMIN/.gradle/caches/modules-2/files-2.1/io.rest-assured/rest-assured-common/5.2.1/f506be4e8fb8c2adbbfdff9720fad420b76e6543/rest-assured-common-5.2.1.jar!/, jar:file:/C:/Users/ADMIN/.gradle/caches/modules-2/files-2.1/org.apache.groovy/groovy/4.0.9/80605ad828d16fd5d6349628b8d77e5761b2b4c4/groovy-4.0.9.jar!/, jar:file:/C:/Users/ADMIN/.gradle/caches/modules-2/files-2.1/org.apache.httpcomponents/httpmime/4.5.14/6662758a1f1cb1149cf916bdac28332e0902ec44/httpmime-4.5.14.jar!/, jar:file:/C:/Users/ADMIN/.gradle/caches/modules-2/files-2.1/org.apache.httpcomponents/httpclient/4.5.14/1194890e6f56ec29177673f2f12d0b8e627dec98/httpclient-4.5.14.jar!/, jar:file:/C:/Users/ADMIN/.gradle/caches/modules-2/files-2.1/org.ccil.cowan.tagsoup/tagsoup/1.2.1/5584627487e984c03456266d3f8802eb85a9ce97/tagsoup-1.2.1.jar!/, jar:file:/C:/Users/ADMIN/.gradle/caches/modules-2/files-2.1/org.thymeleaf/thymeleaf-spring6/3.1.1.RELEASE/deb52ef921a4ac5132fedb7ebfc2bc1dad4382b3/thymeleaf-spring6-3.1.1.RELEASE.jar!/, jar:file:/C:/Users/ADMIN/.gradle/caches/modules-2/files-2.1/ch.qos.logback/logback-classic/1.4.5/28e7dc0b208d6c3f15beefd73976e064b4ecfa9b/logback-classic-1.4.5.jar!/, jar:file:/C:/Users/ADMIN/.gradle/caches/modules-2/files-2.1/org.apache.logging.log4j/log4j-to-slf4j/2.19.0/30f4812e43172ecca5041da2cb6b965cc4777c19/log4j-to-slf4j-2.19.0.jar!/, jar:file:/C:/Users/ADMIN/.gradle/caches/modules-2/files-2.1/org.slf4j/jul-to-slf4j/2.0.6/c4d348977a83a0bfcf42fd6fd1fee6e7904f1a0c/jul-to-slf4j-2.0.6.jar!/, jar:file:/C:/Users/ADMIN/.gradle/caches/modules-2/files-2.1/org.thymeleaf/thymeleaf/3.1.1.RELEASE/374a129dfa5e7d7f1a46eacc4d49e594ca0cf26f/thymeleaf-3.1.1.RELEASE.jar!/, jar:file:/C:/Users/ADMIN/.gradle/caches/modules-2/files-2.1/com.rabbitmq/amqp-client/5.16.0/c70c66a8e5a92e41adf618efa7d8025db29cdf3/amqp-client-5.16.0.jar!/, jar:file:/C:/Users/ADMIN/.gradle/caches/modules-2/files-2.1/org.slf4j/slf4j-api/2.0.6/88c40d8b4f33326f19a7d3c0aaf2c7e8721d4953/slf4j-api-2.0.6.jar!/, jar:file:/D:/CODE/microservice/ddd-eshopee-EXPT-modulith/shopee-microservices/sales/catalog/domain/build/libs/catalog-domain-2.0-SNAPSHOT.jar!/, jar:file:/D:/CODE/microservice/ddd-eshopee-EXPT-modulith/shopee-microservices/sales/cart/domain/build/libs/cart-domain-2.0-SNAPSHOT.jar!/, jar:file:/D:/CODE/microservice/ddd-eshopee-EXPT-modulith/shopee-microservices/shipping/dispatching/domain/build/libs/dispatching-domain-2.0-SNAPSHOT.jar!/, jar:file:/C:/Users/ADMIN/.gradle/caches/modules-2/files-2.1/org.springframework/spring-jcl/6.0.6/f13cd8a561e71fb65c63201113d766fcd7a2b06f/spring-jcl-6.0.6.jar!/, jar:file:/C:/Users/ADMIN/.gradle/caches/modules-2/files-2.1/io.netty/netty-handler/4.1.89.Final/ced584e9eba5a6b7aad7c6a28a60c13375459f1a/netty-handler-4.1.89.Final.jar!/, jar:file:/C:/Users/ADMIN/.gradle/caches/modules-2/files-2.1/io.netty/netty-transport-native-unix-common/4.1.89.Final/a7717ed61393d5aad202a92bb02f661ed525bf86/netty-transport-native-unix-common-4.1.89.Final.jar!/, jar:file:/C:/Users/ADMIN/.gradle/caches/modules-2/files-2.1/io.netty/netty-codec/4.1.89.Final/f03a649ffa405ca4c802a8bfcc2abfe70ae485ca/netty-codec-4.1.89.Final.jar!/, jar:file:/C:/Users/ADMIN/.gradle/caches/modules-2/files-2.1/io.netty/netty-transport/4.1.89.Final/e7ff320310eafe302c0dfb9690ae7201ab61ead2/netty-transport-4.1.89.Final.jar!/, jar:file:/C:/Users/ADMIN/.gradle/caches/modules-2/files-2.1/io.netty/netty-resolver/4.1.89.Final/686b21bf3488747bc834ee9e60a863f37b71f35e/netty-resolver-4.1.89.Final.jar!/, jar:file:/C:/Users/ADMIN/.gradle/caches/modules-2/files-2.1/io.netty/netty-buffer/4.1.89.Final/b1d3dbf69a75eaa8793c7e00cff2851dac9fd725/netty-buffer-4.1.89.Final.jar!/, jar:file:/C:/Users/ADMIN/.gradle/caches/modules-2/files-2.1/io.netty/netty-common/4.1.89.Final/c0c80bfe45cc85da5030ea8fc64071e28d0f6f5f/netty-common-4.1.89.Final.jar!/, jar:file:/C:/Users/ADMIN/.gradle/caches/modules-2/files-2.1/io.projectreactor/reactor-core/3.5.3/dd102ecdb21ff78a486074dbad55331f8847eb5d/reactor-core-3.5.3.jar!/, jar:file:/C:/Users/ADMIN/.gradle/caches/modules-2/files-2.1/org.apache.tomcat.embed/tomcat-embed-websocket/10.1.5/14529cbd593571dc9029272ddc9166b5ef113fc2/tomcat-embed-websocket-10.1.5.jar!/, jar:file:/C:/Users/ADMIN/.gradle/caches/modules-2/files-2.1/org.apache.tomcat.embed/tomcat-embed-core/10.1.5/21417d3ef8189e2af05aae0a765ad9204d7211b5/tomcat-embed-core-10.1.5.jar!/, jar:file:/C:/Users/ADMIN/.gradle/caches/modules-2/files-2.1/org.apache.tomcat.embed/tomcat-embed-el/10.1.5/c125df13af42a0fc0cd342370449b1276181e2a1/tomcat-embed-el-10.1.5.jar!/, jar:file:/C:/Users/ADMIN/.gradle/caches/modules-2/files-2.1/io.micrometer/micrometer-observation/1.10.4/96aa92ad7a18c2451c429348c0167eb08a988d4e/micrometer-observation-1.10.4.jar!/, jar:file:/C:/Users/ADMIN/.gradle/caches/modules-2/files-2.1/net.minidev/json-smart/2.4.8/7c62f5f72ab05eb54d40e2abf0360a2fe9ea477f/json-smart-2.4.8.jar!/, jar:file:/C:/Users/ADMIN/.gradle/caches/modules-2/files-2.1/jakarta.activation/jakarta.activation-api/2.1.1/88c774ab863a21fb2fc4219af95379fafe499a31/jakarta.activation-api-2.1.1.jar!/, jar:file:/C:/Users/ADMIN/.gradle/caches/modules-2/files-2.1/net.bytebuddy/byte-buddy/1.12.23/d470526e8c4566c04e9ae5d3ccb62d1a7aa58986/byte-buddy-1.12.23.jar!/, jar:file:/C:/Users/ADMIN/.gradle/caches/modules-2/files-2.1/net.bytebuddy/byte-buddy-agent/1.12.23/1cba11fdb72c383edacb909f79ae6870efd275e4/byte-buddy-agent-1.12.23.jar!/, jar:file:/C:/Users/ADMIN/.gradle/caches/modules-2/files-2.1/org.objenesis/objenesis/3.2/7fadf57620c8b8abdf7519533e5527367cb51f09/objenesis-3.2.jar!/, jar:file:/C:/Users/ADMIN/.m2/repository/com/vaadin/external/google/android-json/0.0.20131108.vaadin1/android-json-0.0.20131108.vaadin1.jar!/, jar:file:/C:/Users/ADMIN/.gradle/caches/modules-2/files-2.1/org.apache.httpcomponents/httpcore/4.4.16/51cf043c87253c9f58b539c9f7e44c8894223850/httpcore-4.4.16.jar!/, jar:file:/C:/Users/ADMIN/.gradle/caches/modules-2/files-2.1/commons-codec/commons-codec/1.15/49d94806b6e3dc933dacbd8acb0fdbab8ebd1e5d/commons-codec-1.15.jar!/, jar:file:/C:/Users/ADMIN/.gradle/caches/modules-2/files-2.1/org.apache.commons/commons-lang3/3.12.0/c6842c86792ff03b9f1d1fe2aab8dc23aa6c6f0e/commons-lang3-3.12.0.jar!/, jar:file:/D:/CODE/microservice/ddd-eshopee-EXPT-modulith/shopee-microservices/common/primitives/build/libs/primitives-2.0-SNAPSHOT.jar!/, jar:file:/C:/Users/ADMIN/.gradle/caches/modules-2/files-2.1/ch.qos.logback/logback-core/1.4.5/e9bb2ea70f84401314da4300343b0a246c8954da/logback-core-1.4.5.jar!/, jar:file:/C:/Users/ADMIN/.gradle/caches/modules-2/files-2.1/org.apache.logging.log4j/log4j-api/2.19.0/ea1b37f38c327596b216542bc636cfdc0b8036fa/log4j-api-2.19.0.jar!/, jar:file:/C:/Users/ADMIN/.gradle/caches/modules-2/files-2.1/org.reactivestreams/reactive-streams/1.0.4/3864a1320d97d7b045f729a326e1e077661f31b7/reactive-streams-1.0.4.jar!/, jar:file:/C:/Users/ADMIN/.gradle/caches/modules-2/files-2.1/io.micrometer/micrometer-commons/1.10.4/a5db33c573c8755e70388f204e83000dc359b63d/micrometer-commons-1.10.4.jar!/, jar:file:/C:/Users/ADMIN/.gradle/caches/modules-2/files-2.1/net.minidev/accessors-smart/2.4.8/6e1bee5a530caba91893604d6ab41d0edcecca9a/accessors-smart-2.4.8.jar!/, jar:file:/C:/Users/ADMIN/.gradle/caches/modules-2/files-2.1/org.opentest4j/opentest4j/1.2.0/28c11eb91f9b6d8e200631d46e20a7f407f2a046/opentest4j-1.2.0.jar!/, jar:file:/C:/Users/ADMIN/.gradle/caches/modules-2/files-2.1/org.attoparser/attoparser/2.0.6.RELEASE/8f603f22a18d4f7258f8860ccbb68b069f49904a/attoparser-2.0.6.RELEASE.jar!/, jar:file:/C:/Users/ADMIN/.gradle/caches/modules-2/files-2.1/org.unbescape/unbescape/1.1.6.RELEASE/7b90360afb2b860e09e8347112800d12c12b2a13/unbescape-1.1.6.RELEASE.jar!/, jar:file:/C:/Users/ADMIN/.gradle/caches/modules-2/files-2.1/org.springframework.retry/spring-retry/2.0.0/6a7a653901b58eb741692417f33b5bebedbd01f7/spring-retry-2.0.0.jar!/, jar:file:/C:/Users/ADMIN/.gradle/caches/modules-2/files-2.1/org.ow2.asm/asm/9.1/a99500cf6eea30535eeac6be73899d048f8d12a8/asm-9.1.jar!/]
19:37:23.203 [Test worker] DEBUG com.tngtech.archunit.core.importer.JavaClassProcessor - Processing class 'com/home/eshopee/billing/payment/PaymentCollected'
19:37:23.203 [Test worker] DEBUG com.tngtech.archunit.core.importer.JavaClassProcessor - Processing class 'com/home/eshopee/billing/payment/listeners/OrderPlacedListener'
19:37:23.203 [Test worker] DEBUG com.tngtech.archunit.core.importer.JavaClassProcessor - Processing class 'com/home/eshopee/billing/payment/jdbc/PaymentJdbcConfig'
19:37:23.203 [Test worker] DEBUG com.tngtech.archunit.core.importer.JavaClassProcessor - Processing class 'com/home/eshopee/billing/payment/rest/PaymentController'
19:37:23.203 [Test worker] DEBUG com.tngtech.archunit.core.importer.JavaClassProcessor - Processing class 'com/home/eshopee/billing/payment/CollectPayment'
19:37:23.203 [Test worker] DEBUG com.tngtech.archunit.core.importer.JavaClassProcessor - Processing class 'com/home/eshopee/billing/payment/FindPayments'
19:37:23.203 [Test worker] DEBUG com.tngtech.archunit.core.importer.JavaClassProcessor - Processing class 'com/home/eshopee/billing/payment/Payment$PaymentAlreadyCollectedException'
19:37:23.204 [Test worker] DEBUG com.tngtech.archunit.core.importer.JavaClassProcessor - Processing class 'com/home/eshopee/billing/payment/Payment$PaymentAlreadyRequestedException'
19:37:23.204 [Test worker] DEBUG com.tngtech.archunit.core.importer.JavaClassProcessor - Processing class 'com/home/eshopee/billing/payment/Payment$PaymentNotRequestedYetException'
19:37:23.204 [Test worker] DEBUG com.tngtech.archunit.core.importer.JavaClassProcessor - Processing class 'com/home/eshopee/billing/payment/Payment'
19:37:23.204 [Test worker] DEBUG com.tngtech.archunit.core.importer.JavaClassProcessor - Processing class 'com/home/eshopee/billing/payment/PaymentId'
19:37:23.204 [Test worker] DEBUG com.tngtech.archunit.core.importer.JavaClassProcessor - Processing class 'com/home/eshopee/billing/payment/Payments'
19:37:23.204 [Test worker] DEBUG com.tngtech.archunit.core.importer.JavaClassProcessor - Processing class 'com/home/eshopee/billing/payment/ReferenceId'
19:37:23.204 [Test worker] DEBUG com.tngtech.archunit.core.importer.JavaClassProcessor - Processing class 'com/home/eshopee/billing/payment/jdbc/CollectPaymentJdbc'
19:37:23.204 [Test worker] DEBUG com.tngtech.archunit.core.importer.JavaClassProcessor - Processing class 'com/home/eshopee/billing/payment/jdbc/FindPaymentsJdbc'
19:37:23.204 [Test worker] DEBUG com.tngtech.archunit.core.importer.JavaClassProcessor - Processing class 'com/home/eshopee/billing/payment/jdbc/PaymentJdbc$Status'
19:37:23.204 [Test worker] DEBUG com.tngtech.archunit.core.importer.JavaClassProcessor - Processing class 'com/home/eshopee/billing/payment/jdbc/PaymentJdbc'
19:37:23.205 [Test worker] DEBUG com.tngtech.archunit.core.importer.JavaClassProcessor - Processing class 'com/home/eshopee/billing/payment/jdbc/PaymentsJdbc'
19:37:23.205 [Test worker] DEBUG com.tngtech.archunit.core.importer.DependencyResolutionProcess - Automatically resolving transitive class dependencies with the following configuration:
import.dependencyResolutionProcess.maxIterationsForMemberTypes = 1
import.dependencyResolutionProcess.maxIterationsForAccessesToTypes = 1
import.dependencyResolutionProcess.maxIterationsForSupertypes = -1
import.dependencyResolutionProcess.maxIterationsForEnclosingTypes = -1
import.dependencyResolutionProcess.maxIterationsForAnnotationTypes = -1
import.dependencyResolutionProcess.maxIterationsForGenericSignatureTypes = -1
19:37:23.205 [Test worker] DEBUG com.tngtech.archunit.core.importer.JavaClassProcessor - Processing class 'java/lang/Float'
19:37:23.205 [Test worker] DEBUG com.tngtech.archunit.core.importer.JavaClassProcessor - Processing class 'java/lang/IllegalStateException'
19:37:23.206 [Test worker] DEBUG com.tngtech.archunit.core.importer.JavaClassProcessor - Processing class 'org/slf4j/LoggerFactory'
19:37:23.206 [Test worker] DEBUG com.tngtech.archunit.core.importer.JavaClassProcessor - Processing class 'java/lang/Integer'
19:37:23.207 [Test worker] DEBUG com.tngtech.archunit.core.importer.JavaClassProcessor - Processing class 'com/home/eshopee/common/primitives/Money'
19:37:23.207 [Test worker] DEBUG com.tngtech.archunit.core.importer.JavaClassProcessor - Processing class 'java/math/BigDecimal'
19:37:23.208 [Test worker] DEBUG com.tngtech.archunit.core.importer.JavaClassProcessor - Processing class 'com/home/eshopee/sales/order/OrderPlaced'
19:37:23.208 [Test worker] DEBUG com.tngtech.archunit.core.importer.JavaClassProcessor - Processing class 'java/lang/Enum'
19:37:23.208 [Test worker] DEBUG com.tngtech.archunit.core.importer.JavaClassProcessor - Processing class 'java/util/Map'
19:37:23.208 [Test worker] DEBUG com.tngtech.archunit.core.importer.JavaClassProcessor - Processing class 'com/home/eshopee/common/events/EventPublisher'
19:37:23.208 [Test worker] DEBUG com.tngtech.archunit.core.importer.JavaClassProcessor - Processing class 'java/util/UUID'
19:37:23.208 [Test worker] DEBUG com.tngtech.archunit.core.importer.JavaClassProcessor - Processing class 'java/time/Instant'
19:37:23.209 [Test worker] DEBUG com.tngtech.archunit.core.importer.JavaClassProcessor - Processing class 'org/springframework/web/bind/annotation/RestController'
19:37:23.209 [Test worker] DEBUG com.tngtech.archunit.core.importer.JavaClassProcessor - Processing class 'java/util/stream/Collectors'
19:37:23.210 [Test worker] DEBUG com.tngtech.archunit.core.importer.JavaClassProcessor - Processing class 'org/springframework/context/annotation/Configuration'
19:37:23.210 [Test worker] DEBUG com.tngtech.archunit.core.importer.JavaClassProcessor - Processing class 'java/util/List'
19:37:23.210 [Test worker] DEBUG com.tngtech.archunit.core.importer.JavaClassProcessor - Processing class 'java/util/stream/Stream'
19:37:23.210 [Test worker] DEBUG com.tngtech.archunit.core.importer.JavaClassProcessor - Processing class 'org/springframework/scheduling/annotation/Async'
19:37:23.210 [Test worker] DEBUG com.tngtech.archunit.core.importer.JavaClassProcessor - Processing class 'org/springframework/web/bind/annotation/RequestMapping'
19:37:23.211 [Test worker] DEBUG com.tngtech.archunit.core.importer.JavaClassProcessor - Processing class 'org/springframework/jdbc/core/JdbcTemplate'
19:37:23.211 [Test worker] DEBUG com.tngtech.archunit.core.importer.JavaClassProcessor - Processing class 'java/util/ArrayList'
19:37:23.211 [Test worker] DEBUG com.tngtech.archunit.core.importer.JavaClassProcessor - Processing class 'org/springframework/transaction/annotation/Propagation'
19:37:23.211 [Test worker] DEBUG com.tngtech.archunit.core.importer.JavaClassProcessor - Processing class 'org/springframework/web/bind/annotation/GetMapping'
19:37:23.212 [Test worker] DEBUG com.tngtech.archunit.core.importer.JavaClassProcessor - Processing class 'java/lang/Boolean'
19:37:23.212 [Test worker] DEBUG com.tngtech.archunit.core.importer.JavaClassProcessor - Processing class 'com/home/eshopee/common/events/DomainEvent'
19:37:23.212 [Test worker] DEBUG com.tngtech.archunit.core.importer.JavaClassProcessor - Processing class 'java/lang/String'
19:37:23.212 [Test worker] DEBUG com.tngtech.archunit.core.importer.JavaClassProcessor - Processing class 'org/slf4j/Logger'
19:37:23.213 [Test worker] DEBUG com.tngtech.archunit.core.importer.JavaClassProcessor - Processing class 'org/springframework/transaction/event/TransactionalEventListener'
19:37:23.213 [Test worker] DEBUG com.tngtech.archunit.core.importer.JavaClassProcessor - Processing class 'java/lang/IllegalArgumentException'
19:37:23.213 [Test worker] DEBUG com.tngtech.archunit.core.importer.JavaClassProcessor - Processing class 'org/springframework/stereotype/Component'
19:37:23.213 [Test worker] DEBUG com.tngtech.archunit.core.importer.JavaClassProcessor - Processing class 'java/lang/Object'
19:37:23.213 [Test worker] DEBUG com.tngtech.archunit.core.importer.JavaClassProcessor - Processing class 'org/springframework/context/annotation/Bean'
19:37:23.213 [Test worker] DEBUG com.tngtech.archunit.core.importer.JavaClassProcessor - Processing class 'org/springframework/transaction/annotation/Transactional'
19:37:23.214 [Test worker] DEBUG com.tngtech.archunit.core.importer.JavaClassProcessor - Processing class 'org/springframework/jdbc/core/JdbcOperations'
19:37:23.214 [Test worker] DEBUG com.tngtech.archunit.core.importer.JavaClassProcessor - Processing class 'java/net/URL'
19:37:23.214 [Test worker] DEBUG com.tngtech.archunit.core.importer.JavaClassProcessor - Processing class 'java/util/function/IntConsumer'
19:37:23.214 [Test worker] DEBUG com.tngtech.archunit.core.importer.JavaClassProcessor - Processing class 'org/springframework/jdbc/support/JdbcAccessor'
19:37:23.215 [Test worker] DEBUG com.tngtech.archunit.core.importer.JavaClassProcessor - Processing class 'org/springframework/jdbc/core/SqlParameter'
19:37:23.215 [Test worker] DEBUG com.tngtech.archunit.core.importer.JavaClassProcessor - Processing class 'java/lang/annotation/Inherited'
19:37:23.215 [Test worker] DEBUG com.tngtech.archunit.core.importer.JavaClassProcessor - Processing class 'java/util/AbstractList'
19:37:23.215 [Test worker] DEBUG com.tngtech.archunit.core.importer.JavaClassProcessor - Processing class 'org/slf4j/helpers/CheckReturnValue'
19:37:23.215 [Test worker] DEBUG com.tngtech.archunit.core.importer.JavaClassProcessor - Processing class 'java/util/DoubleSummaryStatistics'
19:37:23.215 [Test worker] DEBUG com.tngtech.archunit.core.importer.JavaClassProcessor - Processing class 'java/util/function/DoubleConsumer'
19:37:23.215 [Test worker] DEBUG com.tngtech.archunit.core.importer.JavaClassProcessor - Processing class 'java/lang/Enum$EnumDesc'
19:37:23.215 [Test worker] DEBUG com.tngtech.archunit.core.importer.JavaClassProcessor - Processing class 'java/lang/Long'
19:37:23.216 [Test worker] DEBUG com.tngtech.archunit.core.importer.JavaClassProcessor - Processing class 'org/springframework/transaction/event/TransactionPhase'
19:37:23.216 [Test worker] DEBUG com.tngtech.archunit.core.importer.JavaClassProcessor - Processing class 'java/lang/annotation/Documented'
19:37:23.216 [Test worker] DEBUG com.tngtech.archunit.core.importer.JavaClassProcessor - Processing class 'org/springframework/web/bind/annotation/ControllerMappingReflectiveProcessor'
19:37:23.216 [Test worker] DEBUG com.tngtech.archunit.core.importer.JavaClassProcessor - Processing class 'java/lang/Cloneable'
19:37:23.216 [Test worker] DEBUG com.tngtech.archunit.core.importer.JavaClassProcessor - Processing class 'org/springframework/aot/hint/annotation/Reflective'
19:37:23.216 [Test worker] DEBUG com.tngtech.archunit.core.importer.JavaClassProcessor - Processing class 'jdk/internal/vm/annotation/ForceInline'
19:37:23.216 [Test worker] DEBUG com.tngtech.archunit.core.importer.JavaClassProcessor - Processing class 'java/lang/CharSequence'
19:37:23.216 [Test worker] DEBUG com.tngtech.archunit.core.importer.JavaClassProcessor - Processing class 'java/util/Collection'
19:37:23.216 [Test worker] DEBUG com.tngtech.archunit.core.importer.JavaClassProcessor - Processing class 'java/util/Set'
19:37:23.216 [Test worker] DEBUG com.tngtech.archunit.core.importer.JavaClassProcessor - Processing class 'org/springframework/web/bind/annotation/RequestMethod'
19:37:23.216 [Test worker] DEBUG com.tngtech.archunit.core.importer.JavaClassProcessor - Processing class 'org/springframework/context/event/EventListener'
19:37:23.217 [Test worker] DEBUG com.tngtech.archunit.core.importer.JavaClassProcessor - Processing class 'java/io/Serializable'
19:37:23.217 [Test worker] DEBUG com.tngtech.archunit.core.importer.JavaClassProcessor - Processing class 'java/util/stream/DoubleStream'
19:37:23.217 [Test worker] DEBUG com.tngtech.archunit.core.importer.JavaClassProcessor - Processing class 'java/lang/constant/DynamicConstantDesc'
19:37:23.217 [Test worker] DEBUG com.tngtech.archunit.core.importer.JavaClassProcessor - Processing class 'org/slf4j/spi/SLF4JServiceProvider'
19:37:23.217 [Test worker] DEBUG com.tngtech.archunit.core.importer.JavaClassProcessor - Processing class 'java/lang/annotation/Annotation'
19:37:23.217 [Test worker] DEBUG com.tngtech.archunit.core.importer.JavaClassProcessor - Processing class 'java/util/Optional'
19:37:23.217 [Test worker] DEBUG com.tngtech.archunit.core.importer.JavaClassProcessor - Processing class 'jdk/internal/ValueBased'
19:37:23.217 [Test worker] DEBUG com.tngtech.archunit.core.importer.JavaClassProcessor - Processing class 'java/time/temporal/Temporal'
19:37:23.217 [Test worker] DEBUG com.tngtech.archunit.core.importer.JavaClassProcessor - Processing class 'org/springframework/transaction/annotation/Isolation'
19:37:23.217 [Test worker] DEBUG com.tngtech.archunit.core.importer.JavaClassProcessor - Processing class 'java/util/stream/IntStream'
19:37:23.218 [Test worker] DEBUG com.tngtech.archunit.core.importer.JavaClassProcessor - Processing class 'java/lang/Throwable'
19:37:23.218 [Test worker] DEBUG com.tngtech.archunit.core.importer.JavaClassProcessor - Processing class 'java/lang/Double'
19:37:23.218 [Test worker] DEBUG com.tngtech.archunit.core.importer.JavaClassProcessor - Processing class 'org/springframework/stereotype/Controller'
19:37:23.218 [Test worker] DEBUG com.tngtech.archunit.core.importer.JavaClassProcessor - Processing class 'java/lang/annotation/Retention'
19:37:23.218 [Test worker] DEBUG com.tngtech.archunit.core.importer.JavaClassProcessor - Processing class 'java/util/concurrent/ConcurrentMap'
19:37:23.218 [Test worker] DEBUG com.tngtech.archunit.core.importer.JavaClassProcessor - Processing class 'java/util/RandomAccess'
19:37:23.218 [Test worker] DEBUG com.tngtech.archunit.core.importer.JavaClassProcessor - Processing class 'java/lang/constant/ConstantDesc'
19:37:23.218 [Test worker] DEBUG com.tngtech.archunit.core.importer.JavaClassProcessor - Processing class 'org/springframework/lang/Nullable'
19:37:23.218 [Test worker] DEBUG com.tngtech.archunit.core.importer.JavaClassProcessor - Processing class 'org/springframework/stereotype/Indexed'
19:37:23.218 [Test worker] DEBUG com.tngtech.archunit.core.importer.JavaClassProcessor - Processing class 'java/lang/Number'
19:37:23.218 [Test worker] DEBUG com.tngtech.archunit.core.importer.JavaClassProcessor - Processing class 'java/util/LongSummaryStatistics'
19:37:23.219 [Test worker] DEBUG com.tngtech.archunit.core.importer.JavaClassProcessor - Processing class 'org/springframework/core/annotation/AliasFor'
19:37:23.219 [Test worker] DEBUG com.tngtech.archunit.core.importer.JavaClassProcessor - Processing class 'java/util/Map$Entry'
19:37:23.219 [Test worker] DEBUG com.tngtech.archunit.core.importer.JavaClassProcessor - Processing class 'java/lang/SafeVarargs'
19:37:23.219 [Test worker] DEBUG com.tngtech.archunit.core.importer.JavaClassProcessor - Processing class 'jdk/internal/vm/annotation/IntrinsicCandidate'
19:37:23.219 [Test worker] DEBUG com.tngtech.archunit.core.importer.JavaClassProcessor - Processing class 'java/util/stream/LongStream'
19:37:23.219 [Test worker] DEBUG com.tngtech.archunit.core.importer.JavaClassProcessor - Processing class 'jdk/internal/vm/annotation/Stable'
19:37:23.219 [Test worker] DEBUG com.tngtech.archunit.core.importer.JavaClassProcessor - Processing class 'java/lang/Deprecated'
19:37:23.219 [Test worker] DEBUG com.tngtech.archunit.core.importer.JavaClassProcessor - Processing class 'java/lang/annotation/Target'
19:37:23.219 [Test worker] DEBUG com.tngtech.archunit.core.importer.JavaClassProcessor - Processing class 'java/lang/RuntimeException'
19:37:23.219 [Test worker] DEBUG com.tngtech.archunit.core.importer.JavaClassProcessor - Processing class 'java/lang/annotation/ElementType'
19:37:23.219 [Test worker] DEBUG com.tngtech.archunit.core.importer.JavaClassProcessor - Processing class 'org/springframework/web/bind/annotation/ResponseBody'
19:37:23.219 [Test worker] DEBUG com.tngtech.archunit.core.importer.JavaClassProcessor - Processing class 'java/util/stream/Collector$Characteristics'
19:37:23.219 [Test worker] DEBUG com.tngtech.archunit.core.importer.JavaClassProcessor - Processing class 'java/util/function/LongConsumer'
19:37:23.219 [Test worker] DEBUG com.tngtech.archunit.core.importer.JavaClassProcessor - Processing class 'java/util/function/Consumer'
19:37:23.219 [Test worker] DEBUG com.tngtech.archunit.core.importer.JavaClassProcessor - Processing class 'java/lang/constant/Constable'
19:37:23.219 [Test worker] DEBUG com.tngtech.archunit.core.importer.JavaClassProcessor - Processing class 'java/util/stream/BaseStream'
19:37:23.219 [Test worker] DEBUG com.tngtech.archunit.core.importer.JavaClassProcessor - Processing class 'java/lang/Comparable'
19:37:23.219 [Test worker] DEBUG com.tngtech.archunit.core.importer.JavaClassProcessor - Processing class 'java/util/IntSummaryStatistics'
19:37:23.219 [Test worker] DEBUG com.tngtech.archunit.core.importer.JavaClassProcessor - Processing class 'java/time/temporal/TemporalAdjuster'
19:37:23.219 [Test worker] DEBUG com.tngtech.archunit.core.importer.JavaClassProcessor - Processing class 'java/lang/annotation/RetentionPolicy'
19:37:23.220 [Test worker] DEBUG com.tngtech.archunit.core.importer.JavaClassProcessor - Processing class 'org/springframework/web/bind/annotation/Mapping'
19:37:23.220 [Test worker] DEBUG com.tngtech.archunit.core.importer.JavaClassProcessor - Processing class 'java/lang/AutoCloseable'
19:37:23.220 [Test worker] DEBUG com.tngtech.archunit.core.importer.JavaClassProcessor - Processing class 'java/util/AbstractCollection'
19:37:23.220 [Test worker] DEBUG com.tngtech.archunit.core.importer.JavaClassProcessor - Processing class 'org/springframework/aot/hint/annotation/ReflectiveProcessor'
19:37:23.220 [Test worker] DEBUG com.tngtech.archunit.core.importer.JavaClassProcessor - Processing class 'java/util/stream/Collector'
19:37:23.220 [Test worker] DEBUG com.tngtech.archunit.core.importer.JavaClassProcessor - Processing class 'java/lang/Exception'
19:37:23.220 [Test worker] DEBUG com.tngtech.archunit.core.importer.JavaClassProcessor - Processing class 'java/net/URLStreamHandler'
19:37:23.220 [Test worker] DEBUG com.tngtech.archunit.core.importer.JavaClassProcessor - Processing class 'org/springframework/aot/hint/annotation/SimpleReflectiveProcessor'
19:37:23.221 [Test worker] DEBUG com.tngtech.archunit.core.importer.JavaClassProcessor - Processing class 'org/springframework/beans/factory/InitializingBean'
19:37:23.221 [Test worker] DEBUG com.tngtech.archunit.core.importer.JavaClassProcessor - Processing class 'java/lang/Iterable'
19:37:23.221 [Test worker] DEBUG com.tngtech.archunit.core.importer.JavaClassProcessor - Processing class 'java/time/temporal/TemporalAccessor'
19:37:23.221 [Test worker] DEBUG com.tngtech.archunit.core.importer.JavaClassProcessor - Processing class 'java/lang/FunctionalInterface'
19:37:23.221 [Test worker] DEBUG com.tngtech.archunit.core.importer.JavaClassProcessor - Processing class 'java/net/spi/URLStreamHandlerProvider'
19:37:23.221 [Test worker] DEBUG com.tngtech.archunit.core.importer.JavaClassProcessor - Processing class 'java/net/URLStreamHandlerFactory'
19:37:23.222 [Test worker] DEBUG com.tngtech.archunit.core.importer.JavaClassProcessor - Processing class 'java/lang/Class'
19:37:23.223 [Test worker] DEBUG com.tngtech.archunit.core.importer.JavaClassProcessor - Processing class 'java/util/Spliterator$OfInt'
19:37:23.223 [Test worker] DEBUG com.tngtech.archunit.core.importer.JavaClassProcessor - Processing class 'java/lang/NumberFormatException'
19:37:23.224 [Test worker] DEBUG com.tngtech.archunit.core.importer.JavaClassProcessor - Processing class 'java/lang/invoke/MethodHandles$Lookup'
19:37:23.224 [Test worker] DEBUG com.tngtech.archunit.core.importer.JavaClassProcessor - Processing class 'java/lang/ReflectiveOperationException'
19:37:23.224 [Test worker] DEBUG com.tngtech.archunit.core.importer.JavaClassProcessor - Processing class 'java/lang/CloneNotSupportedException'
19:37:23.224 [Test worker] DEBUG com.tngtech.archunit.core.importer.JavaClassProcessor - Processing class 'java/io/ObjectInputStream'
19:37:23.224 [Test worker] DEBUG com.tngtech.archunit.core.importer.JavaClassProcessor - Processing class 'java/io/IOException'
19:37:23.224 [Test worker] DEBUG com.tngtech.archunit.core.importer.JavaClassProcessor - Processing class 'java/lang/ClassNotFoundException'
19:37:23.225 [Test worker] DEBUG com.tngtech.archunit.core.importer.JavaClassProcessor - Processing class 'java/io/ObjectStreamException'
19:37:23.225 [Test worker] DEBUG com.tngtech.archunit.core.importer.JavaClassProcessor - Processing class 'java/lang/constant/ClassDesc'
19:37:23.225 [Test worker] DEBUG com.tngtech.archunit.core.importer.JavaClassProcessor - Processing class 'java/util/Iterator'
19:37:23.225 [Test worker] DEBUG com.tngtech.archunit.core.importer.JavaClassProcessor - Processing class 'java/util/Spliterator'
19:37:23.225 [Test worker] DEBUG com.tngtech.archunit.core.importer.JavaClassProcessor - Processing class 'java/math/BigInteger'
19:37:23.226 [Test worker] DEBUG com.tngtech.archunit.core.importer.JavaClassProcessor - Processing class 'java/lang/InterruptedException'
19:37:23.226 [Test worker] DEBUG com.tngtech.archunit.core.importer.JavaClassProcessor - Processing class 'java/io/ObjectStreamField'
19:37:23.227 [Test worker] DEBUG com.tngtech.archunit.core.importer.JavaClassProcessor - Processing class 'java/util/Comparator'
19:37:23.227 [Test worker] DEBUG com.tngtech.archunit.core.importer.JavaClassProcessor - Processing class 'java/lang/Void'
19:37:23.227 [Test worker] DEBUG com.tngtech.archunit.core.importer.JavaClassProcessor - Processing class 'java/nio/charset/Charset'
19:37:23.227 [Test worker] DEBUG com.tngtech.archunit.core.importer.JavaClassProcessor - Processing class 'java/nio/charset/MalformedInputException'
19:37:23.227 [Test worker] DEBUG com.tngtech.archunit.core.importer.JavaClassProcessor - Processing class 'java/nio/charset/CharacterCodingException'
19:37:23.227 [Test worker] DEBUG com.tngtech.archunit.core.importer.JavaClassProcessor - Processing class 'sun/nio/cs/ArrayDecoder'
19:37:23.227 [Test worker] DEBUG com.tngtech.archunit.core.importer.JavaClassProcessor - Processing class 'java/io/UnsupportedEncodingException'
19:37:23.227 [Test worker] DEBUG com.tngtech.archunit.core.importer.JavaClassProcessor - Processing class 'sun/nio/cs/ArrayEncoder'
19:37:23.227 [Test worker] DEBUG com.tngtech.archunit.core.importer.JavaClassProcessor - Processing class 'java/nio/charset/UnmappableCharacterException'
19:37:23.227 [Test worker] DEBUG com.tngtech.archunit.core.importer.JavaClassProcessor - Processing class 'java/nio/charset/CharsetDecoder'
19:37:23.227 [Test worker] DEBUG com.tngtech.archunit.core.importer.JavaClassProcessor - Processing class 'java/lang/StringBuffer'
19:37:23.227 [Test worker] DEBUG com.tngtech.archunit.core.importer.JavaClassProcessor - Processing class 'java/lang/AbstractStringBuilder'
19:37:23.228 [Test worker] DEBUG com.tngtech.archunit.core.importer.JavaClassProcessor - Processing class 'java/util/Locale'
19:37:23.228 [Test worker] DEBUG com.tngtech.archunit.core.importer.JavaClassProcessor - Processing class 'java/util/function/Function'
19:37:23.229 [Test worker] DEBUG com.tngtech.archunit.core.importer.JavaClassProcessor - Processing class 'java/lang/StringBuilder'
19:37:23.229 [Test worker] DEBUG com.tngtech.archunit.core.importer.JavaClassProcessor - Processing class 'java/lang/StackTraceElement'
19:37:23.229 [Test worker] DEBUG com.tngtech.archunit.core.importer.JavaClassProcessor - Processing class 'java/io/PrintStream'
19:37:23.229 [Test worker] DEBUG com.tngtech.archunit.core.importer.JavaClassProcessor - Processing class 'java/lang/Throwable$PrintStreamOrWriter'
19:37:23.229 [Test worker] DEBUG com.tngtech.archunit.core.importer.JavaClassProcessor - Processing class 'java/io/PrintWriter'
19:37:23.230 [Test worker] DEBUG com.tngtech.archunit.core.importer.JavaClassProcessor - Processing class 'java/io/ObjectOutputStream'
19:37:23.230 [Test worker] DEBUG com.tngtech.archunit.core.importer.JavaClassProcessor - Processing class 'java/lang/constant/DirectMethodHandleDesc'
19:37:23.231 [Test worker] DEBUG com.tngtech.archunit.core.importer.JavaClassProcessor - Processing class 'java/math/MathContext'
19:37:23.231 [Test worker] DEBUG com.tngtech.archunit.core.importer.JavaClassProcessor - Processing class 'java/math/RoundingMode'
19:37:23.231 [Test worker] DEBUG com.tngtech.archunit.core.importer.JavaClassProcessor - Processing class 'java/math/MutableBigInteger'
19:37:23.232 [Test worker] DEBUG com.tngtech.archunit.core.importer.JavaClassProcessor - Processing class 'java/net/InetAddress'
19:37:23.232 [Test worker] DEBUG com.tngtech.archunit.core.importer.JavaClassProcessor - Processing class 'java/net/UrlDeserializedState'
19:37:23.232 [Test worker] DEBUG com.tngtech.archunit.core.importer.JavaClassProcessor - Processing class 'java/lang/ThreadLocal'
19:37:23.232 [Test worker] DEBUG com.tngtech.archunit.core.importer.JavaClassProcessor - Processing class 'java/util/Hashtable'
19:37:23.233 [Test worker] DEBUG com.tngtech.archunit.core.importer.JavaClassProcessor - Processing class 'java/net/URI'
19:37:23.233 [Test worker] DEBUG com.tngtech.archunit.core.importer.JavaClassProcessor - Processing class 'java/net/MalformedURLException'
19:37:23.233 [Test worker] DEBUG com.tngtech.archunit.core.importer.JavaClassProcessor - Processing class 'java/lang/SecurityManager'
19:37:23.233 [Test worker] DEBUG com.tngtech.archunit.core.importer.JavaClassProcessor - Processing class 'java/net/URISyntaxException'
19:37:23.233 [Test worker] DEBUG com.tngtech.archunit.core.importer.JavaClassProcessor - Processing class 'java/net/URLConnection'
19:37:23.233 [Test worker] DEBUG com.tngtech.archunit.core.importer.JavaClassProcessor - Processing class 'java/net/Proxy'
19:37:23.233 [Test worker] DEBUG com.tngtech.archunit.core.importer.JavaClassProcessor - Processing class 'java/io/InputStream'
19:37:23.234 [Test worker] DEBUG com.tngtech.archunit.core.importer.JavaClassProcessor - Processing class 'java/io/InvalidObjectException'
19:37:23.234 [Test worker] DEBUG com.tngtech.archunit.core.importer.JavaClassProcessor - Processing class 'sun/net/www/protocol/jar/Handler'
19:37:23.234 [Test worker] DEBUG com.tngtech.archunit.core.importer.JavaClassProcessor - Processing class 'java/time/Clock'
19:37:23.234 [Test worker] DEBUG com.tngtech.archunit.core.importer.JavaClassProcessor - Processing class 'java/time/temporal/TemporalField'
19:37:23.234 [Test worker] DEBUG com.tngtech.archunit.core.importer.JavaClassProcessor - Processing class 'java/time/temporal/ChronoField'
19:37:23.234 [Test worker] DEBUG com.tngtech.archunit.core.importer.JavaClassProcessor - Processing class 'java/time/temporal/TemporalUnit'
19:37:23.234 [Test worker] DEBUG com.tngtech.archunit.core.importer.JavaClassProcessor - Processing class 'java/time/temporal/ChronoUnit'
19:37:23.234 [Test worker] DEBUG com.tngtech.archunit.core.importer.JavaClassProcessor - Processing class 'java/time/temporal/ValueRange'
19:37:23.234 [Test worker] DEBUG com.tngtech.archunit.core.importer.JavaClassProcessor - Processing class 'java/time/temporal/TemporalAmount'
19:37:23.234 [Test worker] DEBUG com.tngtech.archunit.core.importer.JavaClassProcessor - Processing class 'java/time/temporal/TemporalQuery'
19:37:23.235 [Test worker] DEBUG com.tngtech.archunit.core.importer.JavaClassProcessor - Processing class 'java/time/OffsetDateTime'
19:37:23.235 [Test worker] DEBUG com.tngtech.archunit.core.importer.JavaClassProcessor - Processing class 'java/time/ZoneOffset'
19:37:23.235 [Test worker] DEBUG com.tngtech.archunit.core.importer.JavaClassProcessor - Processing class 'java/time/ZonedDateTime'
19:37:23.235 [Test worker] DEBUG com.tngtech.archunit.core.importer.JavaClassProcessor - Processing class 'java/time/ZoneId'
19:37:23.235 [Test worker] DEBUG com.tngtech.archunit.core.importer.JavaClassProcessor - Processing class 'java/io/DataOutput'
19:37:23.235 [Test worker] DEBUG com.tngtech.archunit.core.importer.JavaClassProcessor - Processing class 'java/io/DataInput'
19:37:23.235 [Test worker] DEBUG com.tngtech.archunit.core.importer.JavaClassProcessor - Processing class 'java/util/ListIterator'
19:37:23.236 [Test worker] DEBUG com.tngtech.archunit.core.importer.JavaClassProcessor - Processing class 'java/util/function/Predicate'
19:37:23.236 [Test worker] DEBUG com.tngtech.archunit.core.importer.JavaClassProcessor - Processing class 'java/util/function/UnaryOperator'
19:37:23.236 [Test worker] DEBUG com.tngtech.archunit.core.importer.JavaClassProcessor - Processing class 'java/util/function/IntFunction'
19:37:23.236 [Test worker] DEBUG com.tngtech.archunit.core.importer.JavaClassProcessor - Processing class 'java/util/function/BiConsumer'
19:37:23.236 [Test worker] DEBUG com.tngtech.archunit.core.importer.JavaClassProcessor - Processing class 'java/util/function/BiFunction'
19:37:23.237 [Test worker] DEBUG com.tngtech.archunit.core.importer.JavaClassProcessor - Processing class 'java/util/ImmutableCollections$AbstractImmutableMap'
19:37:23.237 [Test worker] DEBUG com.tngtech.archunit.core.importer.JavaClassProcessor - Processing class 'java/util/KeyValueHolder'
19:37:23.237 [Test worker] DEBUG com.tngtech.archunit.core.importer.JavaClassProcessor - Processing class 'java/lang/invoke/SerializedLambda'
19:37:23.237 [Test worker] DEBUG com.tngtech.archunit.core.importer.JavaClassProcessor - Processing class 'java/lang/Runnable'
19:37:23.237 [Test worker] DEBUG com.tngtech.archunit.core.importer.JavaClassProcessor - Processing class 'java/util/function/Supplier'
19:37:23.238 [Test worker] DEBUG com.tngtech.archunit.core.importer.JavaClassProcessor - Processing class 'java/util/ImmutableCollections$AbstractImmutableSet'
19:37:23.238 [Test worker] DEBUG com.tngtech.archunit.core.importer.JavaClassProcessor - Processing class 'jdk/internal/access/JavaLangAccess'
19:37:23.238 [Test worker] DEBUG com.tngtech.archunit.core.importer.JavaClassProcessor - Processing class 'java/util/function/BinaryOperator'
19:37:23.239 [Test worker] DEBUG com.tngtech.archunit.core.importer.JavaClassProcessor - Processing class 'java/util/function/ToIntFunction'
19:37:23.239 [Test worker] DEBUG com.tngtech.archunit.core.importer.JavaClassProcessor - Processing class 'java/util/function/ToLongFunction'
19:37:23.239 [Test worker] DEBUG com.tngtech.archunit.core.importer.JavaClassProcessor - Processing class 'java/util/function/ToDoubleFunction'
19:37:23.239 [Test worker] DEBUG com.tngtech.archunit.core.importer.JavaClassProcessor - Processing class 'java/util/stream/Collectors$1PairBox'
19:37:23.239 [Test worker] DEBUG com.tngtech.archunit.core.importer.JavaClassProcessor - Processing class 'java/util/HashMap'
19:37:23.239 [Test worker] DEBUG com.tngtech.archunit.core.importer.JavaClassProcessor - Processing class 'java/util/stream/Collectors$Partition'
19:37:23.239 [Test worker] DEBUG com.tngtech.archunit.core.importer.JavaClassProcessor - Processing class 'java/util/stream/Collectors$1OptionalBox'
19:37:23.240 [Test worker] DEBUG com.tngtech.archunit.core.importer.JavaClassProcessor - Processing class 'java/util/StringJoiner'
19:37:23.240 [Test worker] DEBUG com.tngtech.archunit.core.importer.JavaClassProcessor - Processing class 'java/util/HashSet'
19:37:23.240 [Test worker] DEBUG com.tngtech.archunit.core.importer.JavaClassProcessor - Processing class 'java/util/function/DoublePredicate'
19:37:23.240 [Test worker] DEBUG com.tngtech.archunit.core.importer.JavaClassProcessor - Processing class 'java/util/function/DoubleUnaryOperator'
19:37:23.240 [Test worker] DEBUG com.tngtech.archunit.core.importer.JavaClassProcessor - Processing class 'java/util/function/DoubleFunction'
19:37:23.240 [Test worker] DEBUG com.tngtech.archunit.core.importer.JavaClassProcessor - Processing class 'java/util/function/DoubleToIntFunction'
19:37:23.240 [Test worker] DEBUG com.tngtech.archunit.core.importer.JavaClassProcessor - Processing class 'java/util/function/DoubleToLongFunction'
19:37:23.240 [Test worker] DEBUG com.tngtech.archunit.core.importer.JavaClassProcessor - Processing class 'java/util/stream/DoubleStream$DoubleMapMultiConsumer'
19:37:23.240 [Test worker] DEBUG com.tngtech.archunit.core.importer.JavaClassProcessor - Processing class 'java/util/function/DoubleBinaryOperator'
19:37:23.240 [Test worker] DEBUG com.tngtech.archunit.core.importer.JavaClassProcessor - Processing class 'java/util/OptionalDouble'
19:37:23.240 [Test worker] DEBUG com.tngtech.archunit.core.importer.JavaClassProcessor - Processing class 'java/util/function/ObjDoubleConsumer'
19:37:23.240 [Test worker] DEBUG com.tngtech.archunit.core.importer.JavaClassProcessor - Processing class 'java/util/PrimitiveIterator$OfDouble'
19:37:23.240 [Test worker] DEBUG com.tngtech.archunit.core.importer.JavaClassProcessor - Processing class 'java/util/Spliterator$OfDouble'
19:37:23.240 [Test worker] DEBUG com.tngtech.archunit.core.importer.JavaClassProcessor - Processing class 'java/util/stream/DoubleStream$Builder'
19:37:23.240 [Test worker] DEBUG com.tngtech.archunit.core.importer.JavaClassProcessor - Processing class 'java/util/function/DoubleSupplier'
19:37:23.240 [Test worker] DEBUG com.tngtech.archunit.core.importer.JavaClassProcessor - Processing class 'java/util/function/IntPredicate'
19:37:23.241 [Test worker] DEBUG com.tngtech.archunit.core.importer.JavaClassProcessor - Processing class 'java/util/function/IntUnaryOperator'
19:37:23.241 [Test worker] DEBUG com.tngtech.archunit.core.importer.JavaClassProcessor - Processing class 'java/util/function/IntToLongFunction'
19:37:23.241 [Test worker] DEBUG com.tngtech.archunit.core.importer.JavaClassProcessor - Processing class 'java/util/function/IntToDoubleFunction'
19:37:23.241 [Test worker] DEBUG com.tngtech.archunit.core.importer.JavaClassProcessor - Processing class 'java/util/stream/IntStream$IntMapMultiConsumer'
19:37:23.241 [Test worker] DEBUG com.tngtech.archunit.core.importer.JavaClassProcessor - Processing class 'java/util/function/IntBinaryOperator'
19:37:23.241 [Test worker] DEBUG com.tngtech.archunit.core.importer.JavaClassProcessor - Processing class 'java/util/OptionalInt'
19:37:23.241 [Test worker] DEBUG com.tngtech.archunit.core.importer.JavaClassProcessor - Processing class 'java/util/function/ObjIntConsumer'
19:37:23.241 [Test worker] DEBUG com.tngtech.archunit.core.importer.JavaClassProcessor - Processing class 'java/util/PrimitiveIterator$OfInt'
19:37:23.241 [Test worker] DEBUG com.tngtech.archunit.core.importer.JavaClassProcessor - Processing class 'java/util/stream/IntStream$Builder'
19:37:23.241 [Test worker] DEBUG com.tngtech.archunit.core.importer.JavaClassProcessor - Processing class 'java/util/function/IntSupplier'
19:37:23.241 [Test worker] DEBUG com.tngtech.archunit.core.importer.JavaClassProcessor - Processing class 'java/util/function/LongPredicate'
19:37:23.241 [Test worker] DEBUG com.tngtech.archunit.core.importer.JavaClassProcessor - Processing class 'java/util/function/LongUnaryOperator'
19:37:23.241 [Test worker] DEBUG com.tngtech.archunit.core.importer.JavaClassProcessor - Processing class 'java/util/function/LongFunction'
19:37:23.241 [Test worker] DEBUG com.tngtech.archunit.core.importer.JavaClassProcessor - Processing class 'java/util/function/LongToIntFunction'
19:37:23.241 [Test worker] DEBUG com.tngtech.archunit.core.importer.JavaClassProcessor - Processing class 'java/util/function/LongToDoubleFunction'
19:37:23.241 [Test worker] DEBUG com.tngtech.archunit.core.importer.JavaClassProcessor - Processing class 'java/util/stream/LongStream$LongMapMultiConsumer'
19:37:23.241 [Test worker] DEBUG com.tngtech.archunit.core.importer.JavaClassProcessor - Processing class 'java/util/function/LongBinaryOperator'
19:37:23.241 [Test worker] DEBUG com.tngtech.archunit.core.importer.JavaClassProcessor - Processing class 'java/util/OptionalLong'
19:37:23.241 [Test worker] DEBUG com.tngtech.archunit.core.importer.JavaClassProcessor - Processing class 'java/util/function/ObjLongConsumer'
19:37:23.241 [Test worker] DEBUG com.tngtech.archunit.core.importer.JavaClassProcessor - Processing class 'java/util/PrimitiveIterator$OfLong'
19:37:23.242 [Test worker] DEBUG com.tngtech.archunit.core.importer.JavaClassProcessor - Processing class 'java/util/Spliterator$OfLong'
19:37:23.242 [Test worker] DEBUG com.tngtech.archunit.core.importer.JavaClassProcessor - Processing class 'java/util/stream/LongStream$Builder'
19:37:23.242 [Test worker] DEBUG com.tngtech.archunit.core.importer.JavaClassProcessor - Processing class 'java/util/function/LongSupplier'
19:37:23.242 [Test worker] DEBUG com.tngtech.archunit.core.importer.JavaClassProcessor - Processing class 'java/util/stream/Stream$Builder'
19:37:23.242 [Test worker] DEBUG com.tngtech.archunit.core.importer.JavaClassProcessor - Processing class 'org/slf4j/spi/LoggingEventBuilder'
19:37:23.243 [Test worker] DEBUG com.tngtech.archunit.core.importer.JavaClassProcessor - Processing class 'org/slf4j/event/Level'
19:37:23.243 [Test worker] DEBUG com.tngtech.archunit.core.importer.JavaClassProcessor - Processing class 'org/slf4j/Marker'
19:37:23.243 [Test worker] DEBUG com.tngtech.archunit.core.importer.JavaClassProcessor - Processing class 'org/slf4j/helpers/SubstituteServiceProvider'
19:37:23.243 [Test worker] DEBUG com.tngtech.archunit.core.importer.JavaClassProcessor - Processing class 'org/slf4j/helpers/NOP_FallbackServiceProvider'
19:37:23.243 [Test worker] DEBUG com.tngtech.archunit.core.importer.JavaClassProcessor - Processing class 'java/util/ServiceLoader'
19:37:23.244 [Test worker] DEBUG com.tngtech.archunit.core.importer.JavaClassProcessor - Processing class 'java/lang/ClassLoader'
19:37:23.244 [Test worker] DEBUG com.tngtech.archunit.core.importer.JavaClassProcessor - Processing class 'org/slf4j/event/SubstituteLoggingEvent'
19:37:23.244 [Test worker] DEBUG com.tngtech.archunit.core.importer.JavaClassProcessor - Processing class 'org/slf4j/ILoggerFactory'
19:37:23.245 [Test worker] DEBUG com.tngtech.archunit.core.importer.JavaClassProcessor - Processing class 'org/slf4j/IMarkerFactory'
19:37:23.245 [Test worker] DEBUG com.tngtech.archunit.core.importer.JavaClassProcessor - Processing class 'org/slf4j/spi/MDCAdapter'
19:37:23.245 [Test worker] DEBUG com.tngtech.archunit.core.importer.JavaClassProcessor - Processing class 'org/springframework/aot/hint/ReflectionHints'
19:37:23.245 [Test worker] DEBUG com.tngtech.archunit.core.importer.JavaClassProcessor - Processing class 'java/lang/reflect/AnnotatedElement'
19:37:23.245 [Test worker] DEBUG com.tngtech.archunit.core.importer.JavaClassProcessor - Processing class 'java/lang/reflect/Constructor'
19:37:23.245 [Test worker] DEBUG com.tngtech.archunit.core.importer.JavaClassProcessor - Processing class 'java/lang/reflect/Field'
19:37:23.245 [Test worker] DEBUG com.tngtech.archunit.core.importer.JavaClassProcessor - Processing class 'java/lang/reflect/Method'
19:37:23.246 [Test worker] DEBUG com.tngtech.archunit.core.importer.JavaClassProcessor - Processing class 'org/springframework/jdbc/core/ConnectionCallback'
19:37:23.246 [Test worker] DEBUG com.tngtech.archunit.core.importer.JavaClassProcessor - Processing class 'org/springframework/dao/DataAccessException'
19:37:23.246 [Test worker] DEBUG com.tngtech.archunit.core.importer.JavaClassProcessor - Processing class 'org/springframework/jdbc/core/StatementCallback'
19:37:23.246 [Test worker] DEBUG com.tngtech.archunit.core.importer.JavaClassProcessor - Processing class 'org/springframework/jdbc/core/ResultSetExtractor'
19:37:23.246 [Test worker] DEBUG com.tngtech.archunit.core.importer.JavaClassProcessor - Processing class 'org/springframework/jdbc/core/RowCallbackHandler'
19:37:23.246 [Test worker] DEBUG com.tngtech.archunit.core.importer.JavaClassProcessor - Processing class 'org/springframework/jdbc/core/RowMapper'
19:37:23.247 [Test worker] DEBUG com.tngtech.archunit.core.importer.JavaClassProcessor - Processing class 'org/springframework/jdbc/support/rowset/SqlRowSet'
19:37:23.247 [Test worker] DEBUG com.tngtech.archunit.core.importer.JavaClassProcessor - Processing class 'org/springframework/jdbc/core/PreparedStatementCreator'
19:37:23.247 [Test worker] DEBUG com.tngtech.archunit.core.importer.JavaClassProcessor - Processing class 'org/springframework/jdbc/core/PreparedStatementCallback'
19:37:23.247 [Test worker] DEBUG com.tngtech.archunit.core.importer.JavaClassProcessor - Processing class 'org/springframework/jdbc/core/PreparedStatementSetter'
19:37:23.247 [Test worker] DEBUG com.tngtech.archunit.core.importer.JavaClassProcessor - Processing class 'org/springframework/jdbc/support/KeyHolder'
19:37:23.248 [Test worker] DEBUG com.tngtech.archunit.core.importer.JavaClassProcessor - Processing class 'org/springframework/jdbc/core/BatchPreparedStatementSetter'
19:37:23.248 [Test worker] DEBUG com.tngtech.archunit.core.importer.JavaClassProcessor - Processing class 'org/springframework/jdbc/core/ParameterizedPreparedStatementSetter'
19:37:23.248 [Test worker] DEBUG com.tngtech.archunit.core.importer.JavaClassProcessor - Processing class 'org/springframework/jdbc/core/CallableStatementCreator'
19:37:23.248 [Test worker] DEBUG com.tngtech.archunit.core.importer.JavaClassProcessor - Processing class 'org/springframework/jdbc/core/CallableStatementCallback'
19:37:23.248 [Test worker] DEBUG com.tngtech.archunit.core.importer.JavaClassProcessor - Processing class 'java/sql/Connection'
19:37:23.249 [Test worker] DEBUG com.tngtech.archunit.core.importer.JavaClassProcessor - Processing class 'org/springframework/jdbc/datasource/ConnectionProxy'
19:37:23.249 [Test worker] DEBUG com.tngtech.archunit.core.importer.JavaClassProcessor - Processing class 'org/springframework/jdbc/core/ParameterDisposer'
19:37:23.250 [Test worker] DEBUG com.tngtech.archunit.core.importer.JavaClassProcessor - Processing class 'org/springframework/jdbc/core/SqlReturnResultSet'
19:37:23.250 [Test worker] DEBUG com.tngtech.archunit.core.importer.JavaClassProcessor - Processing class 'java/sql/CallableStatement'
19:37:23.250 [Test worker] DEBUG com.tngtech.archunit.core.importer.JavaClassProcessor - Processing class 'java/sql/SQLException'
19:37:23.250 [Test worker] DEBUG com.tngtech.archunit.core.importer.JavaClassProcessor - Processing class 'org/springframework/jdbc/core/SqlOutParameter'
19:37:23.250 [Test worker] DEBUG com.tngtech.archunit.core.importer.JavaClassProcessor - Processing class 'java/sql/ResultSet'
19:37:23.251 [Test worker] DEBUG com.tngtech.archunit.core.importer.JavaClassProcessor - Processing class 'org/springframework/jdbc/core/ResultSetSupportingSqlParameter'
19:37:23.251 [Test worker] DEBUG com.tngtech.archunit.core.importer.JavaClassProcessor - Processing class 'java/sql/Statement'
19:37:23.251 [Test worker] DEBUG com.tngtech.archunit.core.importer.JavaClassProcessor - Processing class 'java/sql/SQLWarning'
19:37:23.251 [Test worker] DEBUG com.tngtech.archunit.core.importer.JavaClassProcessor - Processing class 'org/springframework/jdbc/SQLWarningException'
19:37:23.251 [Test worker] DEBUG com.tngtech.archunit.core.importer.JavaClassProcessor - Processing class 'org/springframework/jdbc/core/SqlProvider'
19:37:23.251 [Test worker] DEBUG com.tngtech.archunit.core.importer.JavaClassProcessor - Processing class 'java/sql/PreparedStatement'
19:37:23.251 [Test worker] DEBUG com.tngtech.archunit.core.importer.JavaClassProcessor - Processing class 'org/springframework/jdbc/core/InterruptibleBatchPreparedStatementSetter'
19:37:23.251 [Test worker] DEBUG com.tngtech.archunit.core.importer.JavaClassProcessor - Processing class 'org/apache/commons/logging/Log'
19:37:23.252 [Test worker] DEBUG com.tngtech.archunit.core.importer.JavaClassProcessor - Processing class 'javax/sql/DataSource'
19:37:23.252 [Test worker] DEBUG com.tngtech.archunit.core.importer.JavaClassProcessor - Processing class 'org/springframework/jdbc/support/SQLExceptionTranslator'
19:37:23.253 [Test worker] DEBUG com.tngtech.archunit.core.importer.JavaClassProcessor - Processing class 'org/springframework/aot/hint/BindingReflectionHintsRegistrar'
19:37:23.253 [Test worker] DEBUG com.tngtech.archunit.core.importer.JavaClassProcessor - Processing class 'org/springframework/core/MethodParameter'
19:37:23.254 [Test worker] DEBUG com.tngtech.archunit.core.importer.JavaClassProcessor - Processing class 'org/springframework/web/bind/annotation/RequestBody'
19:37:23.254 [Test worker] DEBUG com.tngtech.archunit.core.importer.JavaClassProcessor - Processing class 'org/springframework/http/HttpEntity'
19:37:23.254 [Test worker] DEBUG com.tngtech.archunit.core.importer.JavaClassProcessor - Processing class 'org/springframework/web/bind/annotation/ModelAttribute'
19:37:23.254 [Test worker] DEBUG com.tngtech.archunit.core.importer.JavaClassProcessor - Processing class 'org/springframework/web/bind/annotation/RequestPart'
19:37:23.254 [Test worker] DEBUG com.tngtech.archunit.core.importer.JavaClassProcessor - Processing class 'java/lang/reflect/Type'
19:37:23.255 [Test worker] DEBUG com.tngtech.archunit.core.importer.JavaClassProcessor - Processing class 'org/springframework/http/HttpMethod'
19:37:23.267 [Test worker] DEBUG com.tngtech.archunit.core.importer.UrlSource$From - Found URLs on sun.boot.class.path: []
19:37:23.272 [Test worker] DEBUG com.tngtech.archunit.core.importer.UrlSource$From - Found URLs on java.class.path: [jar:file:/C:/Users/ADMIN/.gradle/caches/7.4.2/workerMain/gradle-worker.jar!/, file:/D:/CODE/microservice/ddd-eshopee-EXPT-modulith/shopee-microservices/application/build/classes/java/test/, file:/D:/CODE/microservice/ddd-eshopee-EXPT-modulith/shopee-microservices/application/build/resources/test/, file:/D:/CODE/microservice/ddd-eshopee-EXPT-modulith/shopee-microservices/application/build/classes/java/main/, file:/D:/CODE/microservice/ddd-eshopee-EXPT-modulith/shopee-microservices/application/build/resources/main/, jar:file:/D:/CODE/microservice/ddd-eshopee-EXPT-modulith/shopee-microservices/sales/catalog/spring-boot-starter/build/libs/catalog-spring-boot-starter-2.0-SNAPSHOT.jar!/, jar:file:/D:/CODE/microservice/ddd-eshopee-EXPT-modulith/shopee-microservices/sales/cart/spring-boot-starter/build/libs/cart-spring-boot-starter-2.0-SNAPSHOT.jar!/, jar:file:/D:/CODE/microservice/ddd-eshopee-EXPT-modulith/shopee-microservices/sales/order/spring-boot-starter/build/libs/order-spring-boot-starter-2.0-SNAPSHOT.jar!/, jar:file:/D:/CODE/microservice/ddd-eshopee-EXPT-modulith/shopee-microservices/warehouse/spring-boot-starter/build/libs/warehouse-spring-boot-starter-2.0-SNAPSHOT.jar!/, jar:file:/D:/CODE/microservice/ddd-eshopee-EXPT-modulith/shopee-microservices/billing/payment/spring-boot-starter/build/libs/payment-spring-boot-starter-2.0-SNAPSHOT.jar!/, jar:file:/D:/CODE/microservice/ddd-eshopee-EXPT-modulith/shopee-microservices/shipping/delivery/spring-boot-starter/build/libs/delivery-spring-boot-starter-2.0-SNAPSHOT.jar!/, jar:file:/D:/CODE/microservice/ddd-eshopee-EXPT-modulith/shopee-microservices/shipping/dispatching/spring-boot-starter/build/libs/dispatching-spring-boot-starter-2.0-SNAPSHOT.jar!/, jar:file:/D:/CODE/microservice/ddd-eshopee-EXPT-modulith/shopee-microservices/portal/spring-boot-starter/build/libs/portal-spring-boot-starter-2.0-SNAPSHOT.jar!/, jar:file:/D:/CODE/microservice/ddd-eshopee-EXPT-modulith/shopee-microservices/common/application-integration-spring-boot-starter/build/libs/application-integration-spring-boot-starter-2.0-SNAPSHOT.jar!/, jar:file:/C:/Users/ADMIN/.gradle/caches/modules-2/files-2.1/org.springframework.boot/spring-boot-starter-data-redis/3.0.4/e122886d50ec624e51fbaac4bb0d5d17cf7b9764/spring-boot-starter-data-redis-3.0.4.jar!/, jar:file:/C:/Users/ADMIN/.gradle/caches/modules-2/files-2.1/org.springframework.boot/spring-boot-starter-jdbc/3.0.4/e64f229f772dc2952e1978a1f10d7f3a462e105d/spring-boot-starter-jdbc-3.0.4.jar!/, jar:file:/C:/Users/ADMIN/.gradle/caches/modules-2/files-2.1/org.springframework.boot/spring-boot-starter-web/3.0.4/6a7405b436c6943f056cdbab587fe48bdc2b4911/spring-boot-starter-web-3.0.4.jar!/, jar:file:/C:/Users/ADMIN/.gradle/caches/modules-2/files-2.1/org.springframework.boot/spring-boot-starter-test/3.0.4/eb934f1df3e6292d7b5800cfbbc237de90d174de/spring-boot-starter-test-3.0.4.jar!/, jar:file:/C:/Users/ADMIN/.gradle/caches/modules-2/files-2.1/org.springframework.boot/spring-boot-starter-thymeleaf/3.0.4/ea681f9f477da793eb9024a23686db9a59b50bc6/spring-boot-starter-thymeleaf-3.0.4.jar!/, jar:file:/C:/Users/ADMIN/.gradle/caches/modules-2/files-2.1/org.springframework.boot/spring-boot-starter-amqp/3.0.4/804a88a39dc6dce9678eef6f621bd9877f50a7ab/spring-boot-starter-amqp-3.0.4.jar!/, jar:file:/C:/Users/ADMIN/.gradle/caches/modules-2/files-2.1/org.springframework.boot/spring-boot-starter-json/3.0.4/5ddf427d011646fe787fdaa1b8edc4a4eebd48d5/spring-boot-starter-json-3.0.4.jar!/, jar:file:/C:/Users/ADMIN/.gradle/caches/modules-2/files-2.1/org.springframework.boot/spring-boot-starter/3.0.4/8f957a8bc9d70c0ca922406c6e23cb3db5d48109/spring-boot-starter-3.0.4.jar!/, jar:file:/C:/Users/ADMIN/.gradle/caches/modules-2/files-2.1/com.h2database/h2/2.1.214/d5c2005c9e3279201e12d4776c948578b16bf8b2/h2-2.1.214.jar!/, jar:file:/C:/Users/ADMIN/.gradle/caches/modules-2/files-2.1/org.postgresql/postgresql/42.5.4/15015a54f15e340a9a8a6a2c5457429cb1176b8/postgresql-42.5.4.jar!/, jar:file:/C:/Users/ADMIN/.gradle/caches/modules-2/files-2.1/io.rest-assured/rest-assured/5.2.1/131aedaf6ffbb783dbf7b21efe57a849ded8b321/rest-assured-5.2.1.jar!/, jar:file:/C:/Users/ADMIN/.gradle/caches/modules-2/files-2.1/com.tngtech.archunit/archunit/0.23.1/7f93a254a0b88b9209e34db523ed5c2cee2ab25f/archunit-0.23.1.jar!/, jar:file:/D:/CODE/microservice/ddd-eshopee-EXPT-modulith/shopee-microservices/sales/catalog/jdbc/build/libs/catalog-jdbc-2.0-SNAPSHOT.jar!/, jar:file:/D:/CODE/microservice/ddd-eshopee-EXPT-modulith/shopee-microservices/sales/catalog/rest/build/libs/catalog-rest-2.0-SNAPSHOT.jar!/, jar:file:/D:/CODE/microservice/ddd-eshopee-EXPT-modulith/shopee-microservices/sales/catalog/webcomp/build/libs/catalog-webcomp-2.0-SNAPSHOT.jar!/, jar:file:/D:/CODE/microservice/ddd-eshopee-EXPT-modulith/shopee-microservices/sales/cart/jdbc/build/libs/cart-jdbc-2.0-SNAPSHOT.jar!/, jar:file:/D:/CODE/microservice/ddd-eshopee-EXPT-modulith/shopee-microservices/sales/cart/rest/build/libs/cart-rest-2.0-SNAPSHOT.jar!/, jar:file:/D:/CODE/microservice/ddd-eshopee-EXPT-modulith/shopee-microservices/sales/cart/webcomp/build/libs/cart-webcomp-2.0-SNAPSHOT.jar!/, jar:file:/D:/CODE/microservice/ddd-eshopee-EXPT-modulith/shopee-microservices/sales/order/jdbc/build/libs/order-jdbc-2.0-SNAPSHOT.jar!/, jar:file:/D:/CODE/microservice/ddd-eshopee-EXPT-modulith/shopee-microservices/sales/order/rest/build/libs/order-rest-2.0-SNAPSHOT.jar!/, jar:file:/D:/CODE/microservice/ddd-eshopee-EXPT-modulith/shopee-microservices/sales/order/webcomp/build/libs/order-webcomp-2.0-SNAPSHOT.jar!/, jar:file:/D:/CODE/microservice/ddd-eshopee-EXPT-modulith/shopee-microservices/warehouse/jdbc/build/libs/warehouse-jdbc-2.0-SNAPSHOT.jar!/, jar:file:/D:/CODE/microservice/ddd-eshopee-EXPT-modulith/shopee-microservices/warehouse/listeners/build/libs/warehouse-listeners-2.0-SNAPSHOT.jar!/, jar:file:/D:/CODE/microservice/ddd-eshopee-EXPT-modulith/shopee-microservices/warehouse/rest/build/libs/warehouse-rest-2.0-SNAPSHOT.jar!/, jar:file:/D:/CODE/microservice/ddd-eshopee-EXPT-modulith/shopee-microservices/billing/payment/jdbc/build/libs/payment-jdbc-2.0-SNAPSHOT.jar!/, jar:file:/D:/CODE/microservice/ddd-eshopee-EXPT-modulith/shopee-microservices/billing/payment/listeners/build/libs/payment-listeners-2.0-SNAPSHOT.jar!/, jar:file:/D:/CODE/microservice/ddd-eshopee-EXPT-modulith/shopee-microservices/billing/payment/rest/build/libs/payment-rest-2.0-SNAPSHOT.jar!/, jar:file:/D:/CODE/microservice/ddd-eshopee-EXPT-modulith/shopee-microservices/shipping/delivery/jdbc/build/libs/delivery-jdbc-2.0-SNAPSHOT.jar!/, jar:file:/D:/CODE/microservice/ddd-eshopee-EXPT-modulith/shopee-microservices/shipping/delivery/listeners/build/libs/delivery-listeners-2.0-SNAPSHOT.jar!/, jar:file:/D:/CODE/microservice/ddd-eshopee-EXPT-modulith/shopee-microservices/shipping/delivery/rest/build/libs/delivery-rest-2.0-SNAPSHOT.jar!/, jar:file:/D:/CODE/microservice/ddd-eshopee-EXPT-modulith/shopee-microservices/shipping/delivery/webcomp/build/libs/delivery-webcomp-2.0-SNAPSHOT.jar!/, jar:file:/D:/CODE/microservice/ddd-eshopee-EXPT-modulith/shopee-microservices/shipping/dispatching/jdbc/build/libs/dispatching-jdbc-2.0-SNAPSHOT.jar!/, jar:file:/D:/CODE/microservice/ddd-eshopee-EXPT-modulith/shopee-microservices/shipping/dispatching/listeners/build/libs/dispatching-listeners-2.0-SNAPSHOT.jar!/, jar:file:/D:/CODE/microservice/ddd-eshopee-EXPT-modulith/shopee-microservices/portal/web/build/libs/portal-web-2.0-SNAPSHOT.jar!/, jar:file:/D:/CODE/microservice/ddd-eshopee-EXPT-modulith/shopee-microservices/sales/order/domain/build/libs/order-domain-2.0-SNAPSHOT.jar!/, jar:file:/D:/CODE/microservice/ddd-eshopee-EXPT-modulith/shopee-microservices/sales/order/events/build/libs/order-events-2.0-SNAPSHOT.jar!/, jar:file:/D:/CODE/microservice/ddd-eshopee-EXPT-modulith/shopee-microservices/shipping/dispatching/events/build/libs/dispatching-events-2.0-SNAPSHOT.jar!/, jar:file:/D:/CODE/microservice/ddd-eshopee-EXPT-modulith/shopee-microservices/shipping/delivery/domain/build/libs/delivery-domain-2.0-SNAPSHOT.jar!/, jar:file:/D:/CODE/microservice/ddd-eshopee-EXPT-modulith/shopee-microservices/shipping/delivery/events/build/libs/delivery-events-2.0-SNAPSHOT.jar!/, jar:file:/D:/CODE/microservice/ddd-eshopee-EXPT-modulith/shopee-microservices/billing/payment/domain/build/libs/payment-domain-2.0-SNAPSHOT.jar!/, jar:file:/D:/CODE/microservice/ddd-eshopee-EXPT-modulith/shopee-microservices/billing/payment/events/build/libs/payment-events-2.0-SNAPSHOT.jar!/, jar:file:/D:/CODE/microservice/ddd-eshopee-EXPT-modulith/shopee-microservices/warehouse/domain/build/libs/warehouse-domain-2.0-SNAPSHOT.jar!/, jar:file:/D:/CODE/microservice/ddd-eshopee-EXPT-modulith/shopee-microservices/warehouse/events/build/libs/warehouse-events-2.0-SNAPSHOT.jar!/, jar:file:/D:/CODE/microservice/ddd-eshopee-EXPT-modulith/shopee-microservices/common/events/build/libs/events-2.0-SNAPSHOT.jar!/, jar:file:/C:/Users/ADMIN/.gradle/caches/modules-2/files-2.1/com.fasterxml.jackson.datatype/jackson-datatype-jdk8/2.14.2/2f3c71211b6ea7a978eba33574d7135d536e07fb/jackson-datatype-jdk8-2.14.2.jar!/, jar:file:/C:/Users/ADMIN/.gradle/caches/modules-2/files-2.1/com.fasterxml.jackson.module/jackson-module-parameter-names/2.14.2/2b6c19b3d99dda02915515df879ab9e23fed3864/jackson-module-parameter-names-2.14.2.jar!/, jar:file:/C:/Users/ADMIN/.gradle/caches/modules-2/files-2.1/com.fasterxml.jackson.core/jackson-databind/2.14.2/1e71fddbc80bb86f71a6345ac1e8ab8a00e7134/jackson-databind-2.14.2.jar!/, jar:file:/C:/Users/ADMIN/.gradle/caches/modules-2/files-2.1/com.fasterxml.jackson.core/jackson-annotations/2.14.2/a7aae9525864930723e3453ab799521fdfd9d873/jackson-annotations-2.14.2.jar!/, jar:file:/C:/Users/ADMIN/.gradle/caches/modules-2/files-2.1/com.fasterxml.jackson.core/jackson-core/2.14.2/f804090e6399ce0cf78242db086017512dd71fcc/jackson-core-2.14.2.jar!/, jar:file:/C:/Users/ADMIN/.gradle/caches/modules-2/files-2.1/com.fasterxml.jackson.datatype/jackson-datatype-jsr310/2.14.2/796518148a385b2728d44886cc0f8852eb8eeb53/jackson-datatype-jsr310-2.14.2.jar!/, jar:file:/C:/Users/ADMIN/.gradle/caches/modules-2/files-2.1/org.springframework.boot/spring-boot-test-autoconfigure/3.0.4/3d28e21dc5cea68949d1f0b6a4051e7deeacf6cc/spring-boot-test-autoconfigure-3.0.4.jar!/, jar:file:/C:/Users/ADMIN/.gradle/caches/modules-2/files-2.1/org.springframework.boot/spring-boot-autoconfigure/3.0.4/7eb11bff0f965807f1088da20bc169bff27d284/spring-boot-autoconfigure-3.0.4.jar!/, jar:file:/C:/Users/ADMIN/.gradle/caches/modules-2/files-2.1/org.springframework.boot/spring-boot-test/3.0.4/4c1c72ff838b4f1191321aa01d1e98d68f882280/spring-boot-test-3.0.4.jar!/, jar:file:/C:/Users/ADMIN/.gradle/caches/modules-2/files-2.1/org.springframework.boot/spring-boot/3.0.4/27e5fceb2faf8ec399df70a2ff4e626a3423ae35/spring-boot-3.0.4.jar!/, jar:file:/C:/Users/ADMIN/.gradle/caches/modules-2/files-2.1/org.springframework.boot/spring-boot-starter-logging/3.0.4/31b32774c6ec2eceb3f75bdef7ddd8afd7059255/spring-boot-starter-logging-3.0.4.jar!/, jar:file:/C:/Users/ADMIN/.gradle/caches/modules-2/files-2.1/org.springframework.boot/spring-boot-starter-tomcat/3.0.4/40babd5ca3db46adf7c59b70ca2e6f2a528b558c/spring-boot-starter-tomcat-3.0.4.jar!/, jar:file:/C:/Users/ADMIN/.gradle/caches/modules-2/files-2.1/jakarta.annotation/jakarta.annotation-api/2.1.1/48b9bda22b091b1f48b13af03fe36db3be6e1ae3/jakarta.annotation-api-2.1.1.jar!/, jar:file:/C:/Users/ADMIN/.gradle/caches/modules-2/files-2.1/org.springframework/spring-jdbc/6.0.6/151e730f45832d42c6535b0bc6d7cebeabcaf844/spring-jdbc-6.0.6.jar!/, jar:file:/C:/Users/ADMIN/.gradle/caches/modules-2/files-2.1/org.springframework/spring-webmvc/6.0.6/302580efc981ad6797a85814ea0996e2149bb420/spring-webmvc-6.0.6.jar!/, jar:file:/C:/Users/ADMIN/.gradle/caches/modules-2/files-2.1/org.springframework/spring-web/6.0.6/2916961032e54aaeb534a290530b7b69e297bfcc/spring-web-6.0.6.jar!/, jar:file:/C:/Users/ADMIN/.gradle/caches/modules-2/files-2.1/org.springframework/spring-test/6.0.6/e94217b5c8cdf8f954d10251449fc98bdd8fc756/spring-test-6.0.6.jar!/, jar:file:/C:/Users/ADMIN/.gradle/caches/modules-2/files-2.1/org.springframework.data/spring-data-redis/3.0.3/6e8f59ca594ea86b56eacba74ae343d188771905/spring-data-redis-3.0.3.jar!/, jar:file:/C:/Users/ADMIN/.gradle/caches/modules-2/files-2.1/org.springframework.amqp/spring-rabbit/3.0.2/910f6a931b70f874ab03ba3dc0df2c6e05de12b8/spring-rabbit-3.0.2.jar!/, jar:file:/C:/Users/ADMIN/.gradle/caches/modules-2/files-2.1/org.springframework.data/spring-data-keyvalue/3.0.3/20ebdf1c5fb12aa0b5be9e67791e6c457f6e8968/spring-data-keyvalue-3.0.3.jar!/, jar:file:/C:/Users/ADMIN/.gradle/caches/modules-2/files-2.1/org.springframework/spring-tx/6.0.6/e86b3073d9640e17e5581a6aebb0d2794c407c46/spring-tx-6.0.6.jar!/, jar:file:/C:/Users/ADMIN/.gradle/caches/modules-2/files-2.1/org.springframework/spring-context-support/6.0.6/363228b8abc8b7ff569b10195f28652c7b65a41/spring-context-support-6.0.6.jar!/, jar:file:/C:/Users/ADMIN/.gradle/caches/modules-2/files-2.1/org.springframework/spring-context/6.0.6/fbd2b7c23adb2ec2f7ca601b3e7d79ae10e342a/spring-context-6.0.6.jar!/, jar:file:/C:/Users/ADMIN/.gradle/caches/modules-2/files-2.1/org.springframework/spring-messaging/6.0.6/42392bdb43a691e7c7bf4da296fef598a3127f37/spring-messaging-6.0.6.jar!/, jar:file:/C:/Users/ADMIN/.gradle/caches/modules-2/files-2.1/org.springframework/spring-oxm/6.0.6/e0bab7269ffaec4df3a9f221b4810b392c5ac492/spring-oxm-6.0.6.jar!/, jar:file:/C:/Users/ADMIN/.gradle/caches/modules-2/files-2.1/org.springframework/spring-aop/6.0.6/c95dc800fdce470519b7135272e64d4606fc8428/spring-aop-6.0.6.jar!/, jar:file:/C:/Users/ADMIN/.gradle/caches/modules-2/files-2.1/org.springframework.data/spring-data-commons/3.0.3/4492e9d25d7e8714f5ebfdd9e607dd7e0998038e/spring-data-commons-3.0.3.jar!/, jar:file:/C:/Users/ADMIN/.gradle/caches/modules-2/files-2.1/org.springframework/spring-beans/6.0.6/48ea4ba141146b3acaad0c7df80d2a06afeb95fd/spring-beans-6.0.6.jar!/, jar:file:/C:/Users/ADMIN/.gradle/caches/modules-2/files-2.1/org.springframework/spring-expression/6.0.6/2006ee0e1be8380f05c29deb52a97d3a1e6812d7/spring-expression-6.0.6.jar!/, jar:file:/C:/Users/ADMIN/.gradle/caches/modules-2/files-2.1/org.springframework.amqp/spring-amqp/3.0.2/698cf3a55e202356034288ed0bdccc2f8579b7e2/spring-amqp-3.0.2.jar!/, jar:file:/C:/Users/ADMIN/.gradle/caches/modules-2/files-2.1/org.springframework/spring-core/6.0.6/8a2845e0945923a9ebf3e9ef0649a28b6eeeac43/spring-core-6.0.6.jar!/, jar:file:/C:/Users/ADMIN/.gradle/caches/modules-2/files-2.1/org.yaml/snakeyaml/1.33/2cd0a87ff7df953f810c344bdf2fe3340b954c69/snakeyaml-1.33.jar!/, jar:file:/C:/Users/ADMIN/.gradle/caches/modules-2/files-2.1/io.lettuce/lettuce-core/6.2.3.RELEASE/3d671a51095ef90b817a690ef1b569b24b309665/lettuce-core-6.2.3.RELEASE.jar!/, jar:file:/C:/Users/ADMIN/.gradle/caches/modules-2/files-2.1/com.zaxxer/HikariCP/5.0.1/a74c7f0a37046846e88d54f7cb6ea6d565c65f9c/HikariCP-5.0.1.jar!/, jar:file:/C:/Users/ADMIN/.gradle/caches/modules-2/files-2.1/org.checkerframework/checker-qual/3.5.0/2f50520c8abea66fbd8d26e481d3aef5c673b510/checker-qual-3.5.0.jar!/, jar:file:/C:/Users/ADMIN/.gradle/caches/modules-2/files-2.1/com.jayway.jsonpath/json-path/2.7.0/f9d7d9659f2694e61142046ff8a216c047f263e8/json-path-2.7.0.jar!/, jar:file:/C:/Users/ADMIN/.gradle/caches/modules-2/files-2.1/jakarta.xml.bind/jakarta.xml.bind-api/4.0.0/bbb399208d288b15ec101fa4fcfc4bd77cedc97a/jakarta.xml.bind-api-4.0.0.jar!/, jar:file:/C:/Users/ADMIN/.gradle/caches/modules-2/files-2.1/org.assertj/assertj-core/3.23.1/d2bb60570f5b3d7ffa8f8000118c9c07b86eca93/assertj-core-3.23.1.jar!/, jar:file:/C:/Users/ADMIN/.gradle/caches/modules-2/files-2.1/org.hamcrest/hamcrest/2.2/1820c0968dba3a11a1b30669bb1f01978a91dedc/hamcrest-2.2.jar!/, jar:file:/C:/Users/ADMIN/.gradle/caches/modules-2/files-2.1/org.mockito/mockito-junit-jupiter/4.8.1/e393aa62eca2244a535b03842843f2f199343d1f/mockito-junit-jupiter-4.8.1.jar!/, jar:file:/C:/Users/ADMIN/.gradle/caches/modules-2/files-2.1/org.junit.jupiter/junit-jupiter-params/5.9.2/bc2765afb7b85b583c710dd259a11c6b8c39e912/junit-jupiter-params-5.9.2.jar!/, jar:file:/C:/Users/ADMIN/.gradle/caches/modules-2/files-2.1/org.junit.jupiter/junit-jupiter-engine/5.9.2/572f7a553b53f83ee59cc045ce1c3772864ab76c/junit-jupiter-engine-5.9.2.jar!/, jar:file:/C:/Users/ADMIN/.gradle/caches/modules-2/files-2.1/org.junit.jupiter/junit-jupiter-api/5.9.2/fed843581520eac594bc36bb4b0f55e7b947dda9/junit-jupiter-api-5.9.2.jar!/, jar:file:/C:/Users/ADMIN/.gradle/caches/modules-2/files-2.1/org.junit.platform/junit-platform-engine/1.9.2/40aeef2be7b04f96bb91e8b054affc28b7c7c935/junit-platform-engine-1.9.2.jar!/, jar:file:/C:/Users/ADMIN/.gradle/caches/modules-2/files-2.1/org.junit.platform/junit-platform-commons/1.9.2/6f9f8621d8230cd38aa42e58ccbc0c00569131ce/junit-platform-commons-1.9.2.jar!/, jar:file:/C:/Users/ADMIN/.gradle/caches/modules-2/files-2.1/org.junit.jupiter/junit-jupiter/5.9.2/26c586fbe0ebd81b48c9f11f0d998124248697ae/junit-jupiter-5.9.2.jar!/, jar:file:/C:/Users/ADMIN/.gradle/caches/modules-2/files-2.1/org.mockito/mockito-core/4.8.1/d8eb9dec8747d08645347bb8c69088ac83197975/mockito-core-4.8.1.jar!/, jar:file:/C:/Users/ADMIN/.gradle/caches/modules-2/files-2.1/org.skyscreamer/jsonassert/1.5.1/6d842d0faf4cf6725c509a5e5347d319ee0431c3/jsonassert-1.5.1.jar!/, jar:file:/C:/Users/ADMIN/.gradle/caches/modules-2/files-2.1/org.xmlunit/xmlunit-core/2.9.1/e5833662d9a1279a37da3ef6f62a1da29fcd68c4/xmlunit-core-2.9.1.jar!/, jar:file:/C:/Users/ADMIN/.gradle/caches/modules-2/files-2.1/io.rest-assured/xml-path/5.2.1/3918e4080bd677b1b4683bdd82a19be78d5c0ec2/xml-path-5.2.1.jar!/, jar:file:/C:/Users/ADMIN/.gradle/caches/modules-2/files-2.1/io.rest-assured/json-path/5.2.1/f53d9cefcf3e3f4554f390ec17d278c47d4125ad/json-path-5.2.1.jar!/, jar:file:/C:/Users/ADMIN/.gradle/caches/modules-2/files-2.1/org.apache.groovy/groovy-json/4.0.9/122759fca67c3ef87ea7d48a3057af362a360089/groovy-json-4.0.9.jar!/, jar:file:/C:/Users/ADMIN/.gradle/caches/modules-2/files-2.1/org.apache.groovy/groovy-xml/4.0.9/b22d2ae189670d4ccc58bc4ef003d922b85cb0d5/groovy-xml-4.0.9.jar!/, jar:file:/C:/Users/ADMIN/.gradle/caches/modules-2/files-2.1/io.rest-assured/rest-assured-common/5.2.1/f506be4e8fb8c2adbbfdff9720fad420b76e6543/rest-assured-common-5.2.1.jar!/, jar:file:/C:/Users/ADMIN/.gradle/caches/modules-2/files-2.1/org.apache.groovy/groovy/4.0.9/80605ad828d16fd5d6349628b8d77e5761b2b4c4/groovy-4.0.9.jar!/, jar:file:/C:/Users/ADMIN/.gradle/caches/modules-2/files-2.1/org.apache.httpcomponents/httpmime/4.5.14/6662758a1f1cb1149cf916bdac28332e0902ec44/httpmime-4.5.14.jar!/, jar:file:/C:/Users/ADMIN/.gradle/caches/modules-2/files-2.1/org.apache.httpcomponents/httpclient/4.5.14/1194890e6f56ec29177673f2f12d0b8e627dec98/httpclient-4.5.14.jar!/, jar:file:/C:/Users/ADMIN/.gradle/caches/modules-2/files-2.1/org.ccil.cowan.tagsoup/tagsoup/1.2.1/5584627487e984c03456266d3f8802eb85a9ce97/tagsoup-1.2.1.jar!/, jar:file:/C:/Users/ADMIN/.gradle/caches/modules-2/files-2.1/org.thymeleaf/thymeleaf-spring6/3.1.1.RELEASE/deb52ef921a4ac5132fedb7ebfc2bc1dad4382b3/thymeleaf-spring6-3.1.1.RELEASE.jar!/, jar:file:/C:/Users/ADMIN/.gradle/caches/modules-2/files-2.1/ch.qos.logback/logback-classic/1.4.5/28e7dc0b208d6c3f15beefd73976e064b4ecfa9b/logback-classic-1.4.5.jar!/, jar:file:/C:/Users/ADMIN/.gradle/caches/modules-2/files-2.1/org.apache.logging.log4j/log4j-to-slf4j/2.19.0/30f4812e43172ecca5041da2cb6b965cc4777c19/log4j-to-slf4j-2.19.0.jar!/, jar:file:/C:/Users/ADMIN/.gradle/caches/modules-2/files-2.1/org.slf4j/jul-to-slf4j/2.0.6/c4d348977a83a0bfcf42fd6fd1fee6e7904f1a0c/jul-to-slf4j-2.0.6.jar!/, jar:file:/C:/Users/ADMIN/.gradle/caches/modules-2/files-2.1/org.thymeleaf/thymeleaf/3.1.1.RELEASE/374a129dfa5e7d7f1a46eacc4d49e594ca0cf26f/thymeleaf-3.1.1.RELEASE.jar!/, jar:file:/C:/Users/ADMIN/.gradle/caches/modules-2/files-2.1/com.rabbitmq/amqp-client/5.16.0/c70c66a8e5a92e41adf618efa7d8025db29cdf3/amqp-client-5.16.0.jar!/, jar:file:/C:/Users/ADMIN/.gradle/caches/modules-2/files-2.1/org.slf4j/slf4j-api/2.0.6/88c40d8b4f33326f19a7d3c0aaf2c7e8721d4953/slf4j-api-2.0.6.jar!/, jar:file:/D:/CODE/microservice/ddd-eshopee-EXPT-modulith/shopee-microservices/sales/catalog/domain/build/libs/catalog-domain-2.0-SNAPSHOT.jar!/, jar:file:/D:/CODE/microservice/ddd-eshopee-EXPT-modulith/shopee-microservices/sales/cart/domain/build/libs/cart-domain-2.0-SNAPSHOT.jar!/, jar:file:/D:/CODE/microservice/ddd-eshopee-EXPT-modulith/shopee-microservices/shipping/dispatching/domain/build/libs/dispatching-domain-2.0-SNAPSHOT.jar!/, jar:file:/C:/Users/ADMIN/.gradle/caches/modules-2/files-2.1/org.springframework/spring-jcl/6.0.6/f13cd8a561e71fb65c63201113d766fcd7a2b06f/spring-jcl-6.0.6.jar!/, jar:file:/C:/Users/ADMIN/.gradle/caches/modules-2/files-2.1/io.netty/netty-handler/4.1.89.Final/ced584e9eba5a6b7aad7c6a28a60c13375459f1a/netty-handler-4.1.89.Final.jar!/, jar:file:/C:/Users/ADMIN/.gradle/caches/modules-2/files-2.1/io.netty/netty-transport-native-unix-common/4.1.89.Final/a7717ed61393d5aad202a92bb02f661ed525bf86/netty-transport-native-unix-common-4.1.89.Final.jar!/, jar:file:/C:/Users/ADMIN/.gradle/caches/modules-2/files-2.1/io.netty/netty-codec/4.1.89.Final/f03a649ffa405ca4c802a8bfcc2abfe70ae485ca/netty-codec-4.1.89.Final.jar!/, jar:file:/C:/Users/ADMIN/.gradle/caches/modules-2/files-2.1/io.netty/netty-transport/4.1.89.Final/e7ff320310eafe302c0dfb9690ae7201ab61ead2/netty-transport-4.1.89.Final.jar!/, jar:file:/C:/Users/ADMIN/.gradle/caches/modules-2/files-2.1/io.netty/netty-resolver/4.1.89.Final/686b21bf3488747bc834ee9e60a863f37b71f35e/netty-resolver-4.1.89.Final.jar!/, jar:file:/C:/Users/ADMIN/.gradle/caches/modules-2/files-2.1/io.netty/netty-buffer/4.1.89.Final/b1d3dbf69a75eaa8793c7e00cff2851dac9fd725/netty-buffer-4.1.89.Final.jar!/, jar:file:/C:/Users/ADMIN/.gradle/caches/modules-2/files-2.1/io.netty/netty-common/4.1.89.Final/c0c80bfe45cc85da5030ea8fc64071e28d0f6f5f/netty-common-4.1.89.Final.jar!/, jar:file:/C:/Users/ADMIN/.gradle/caches/modules-2/files-2.1/io.projectreactor/reactor-core/3.5.3/dd102ecdb21ff78a486074dbad55331f8847eb5d/reactor-core-3.5.3.jar!/, jar:file:/C:/Users/ADMIN/.gradle/caches/modules-2/files-2.1/org.apache.tomcat.embed/tomcat-embed-websocket/10.1.5/14529cbd593571dc9029272ddc9166b5ef113fc2/tomcat-embed-websocket-10.1.5.jar!/, jar:file:/C:/Users/ADMIN/.gradle/caches/modules-2/files-2.1/org.apache.tomcat.embed/tomcat-embed-core/10.1.5/21417d3ef8189e2af05aae0a765ad9204d7211b5/tomcat-embed-core-10.1.5.jar!/, jar:file:/C:/Users/ADMIN/.gradle/caches/modules-2/files-2.1/org.apache.tomcat.embed/tomcat-embed-el/10.1.5/c125df13af42a0fc0cd342370449b1276181e2a1/tomcat-embed-el-10.1.5.jar!/, jar:file:/C:/Users/ADMIN/.gradle/caches/modules-2/files-2.1/io.micrometer/micrometer-observation/1.10.4/96aa92ad7a18c2451c429348c0167eb08a988d4e/micrometer-observation-1.10.4.jar!/, jar:file:/C:/Users/ADMIN/.gradle/caches/modules-2/files-2.1/net.minidev/json-smart/2.4.8/7c62f5f72ab05eb54d40e2abf0360a2fe9ea477f/json-smart-2.4.8.jar!/, jar:file:/C:/Users/ADMIN/.gradle/caches/modules-2/files-2.1/jakarta.activation/jakarta.activation-api/2.1.1/88c774ab863a21fb2fc4219af95379fafe499a31/jakarta.activation-api-2.1.1.jar!/, jar:file:/C:/Users/ADMIN/.gradle/caches/modules-2/files-2.1/net.bytebuddy/byte-buddy/1.12.23/d470526e8c4566c04e9ae5d3ccb62d1a7aa58986/byte-buddy-1.12.23.jar!/, jar:file:/C:/Users/ADMIN/.gradle/caches/modules-2/files-2.1/net.bytebuddy/byte-buddy-agent/1.12.23/1cba11fdb72c383edacb909f79ae6870efd275e4/byte-buddy-agent-1.12.23.jar!/, jar:file:/C:/Users/ADMIN/.gradle/caches/modules-2/files-2.1/org.objenesis/objenesis/3.2/7fadf57620c8b8abdf7519533e5527367cb51f09/objenesis-3.2.jar!/, jar:file:/C:/Users/ADMIN/.m2/repository/com/vaadin/external/google/android-json/0.0.20131108.vaadin1/android-json-0.0.20131108.vaadin1.jar!/, jar:file:/C:/Users/ADMIN/.gradle/caches/modules-2/files-2.1/org.apache.httpcomponents/httpcore/4.4.16/51cf043c87253c9f58b539c9f7e44c8894223850/httpcore-4.4.16.jar!/, jar:file:/C:/Users/ADMIN/.gradle/caches/modules-2/files-2.1/commons-codec/commons-codec/1.15/49d94806b6e3dc933dacbd8acb0fdbab8ebd1e5d/commons-codec-1.15.jar!/, jar:file:/C:/Users/ADMIN/.gradle/caches/modules-2/files-2.1/org.apache.commons/commons-lang3/3.12.0/c6842c86792ff03b9f1d1fe2aab8dc23aa6c6f0e/commons-lang3-3.12.0.jar!/, jar:file:/D:/CODE/microservice/ddd-eshopee-EXPT-modulith/shopee-microservices/common/primitives/build/libs/primitives-2.0-SNAPSHOT.jar!/, jar:file:/C:/Users/ADMIN/.gradle/caches/modules-2/files-2.1/ch.qos.logback/logback-core/1.4.5/e9bb2ea70f84401314da4300343b0a246c8954da/logback-core-1.4.5.jar!/, jar:file:/C:/Users/ADMIN/.gradle/caches/modules-2/files-2.1/org.apache.logging.log4j/log4j-api/2.19.0/ea1b37f38c327596b216542bc636cfdc0b8036fa/log4j-api-2.19.0.jar!/, jar:file:/C:/Users/ADMIN/.gradle/caches/modules-2/files-2.1/org.reactivestreams/reactive-streams/1.0.4/3864a1320d97d7b045f729a326e1e077661f31b7/reactive-streams-1.0.4.jar!/, jar:file:/C:/Users/ADMIN/.gradle/caches/modules-2/files-2.1/io.micrometer/micrometer-commons/1.10.4/a5db33c573c8755e70388f204e83000dc359b63d/micrometer-commons-1.10.4.jar!/, jar:file:/C:/Users/ADMIN/.gradle/caches/modules-2/files-2.1/net.minidev/accessors-smart/2.4.8/6e1bee5a530caba91893604d6ab41d0edcecca9a/accessors-smart-2.4.8.jar!/, jar:file:/C:/Users/ADMIN/.gradle/caches/modules-2/files-2.1/org.opentest4j/opentest4j/1.2.0/28c11eb91f9b6d8e200631d46e20a7f407f2a046/opentest4j-1.2.0.jar!/, jar:file:/C:/Users/ADMIN/.gradle/caches/modules-2/files-2.1/org.attoparser/attoparser/2.0.6.RELEASE/8f603f22a18d4f7258f8860ccbb68b069f49904a/attoparser-2.0.6.RELEASE.jar!/, jar:file:/C:/Users/ADMIN/.gradle/caches/modules-2/files-2.1/org.unbescape/unbescape/1.1.6.RELEASE/7b90360afb2b860e09e8347112800d12c12b2a13/unbescape-1.1.6.RELEASE.jar!/, jar:file:/C:/Users/ADMIN/.gradle/caches/modules-2/files-2.1/org.springframework.retry/spring-retry/2.0.0/6a7a653901b58eb741692417f33b5bebedbd01f7/spring-retry-2.0.0.jar!/, jar:file:/C:/Users/ADMIN/.gradle/caches/modules-2/files-2.1/org.ow2.asm/asm/9.1/a99500cf6eea30535eeac6be73899d048f8d12a8/asm-9.1.jar!/]
19:37:23.282 [Test worker] DEBUG com.tngtech.archunit.core.importer.JavaClassProcessor - Processing class 'com/home/eshopee/warehouse/rest/WarehouseController'
19:37:23.282 [Test worker] DEBUG com.tngtech.archunit.core.importer.JavaClassProcessor - Processing class 'com/home/eshopee/warehouse/Amount'
19:37:23.282 [Test worker] DEBUG com.tngtech.archunit.core.importer.JavaClassProcessor - Processing class 'com/home/eshopee/warehouse/FetchGoods'
19:37:23.282 [Test worker] DEBUG com.tngtech.archunit.core.importer.JavaClassProcessor - Processing class 'com/home/eshopee/warehouse/InStock'
19:37:23.282 [Test worker] DEBUG com.tngtech.archunit.core.importer.JavaClassProcessor - Processing class 'com/home/eshopee/warehouse/OrderId'
19:37:23.282 [Test worker] DEBUG com.tngtech.archunit.core.importer.JavaClassProcessor - Processing class 'com/home/eshopee/warehouse/ProductId'
19:37:23.282 [Test worker] DEBUG com.tngtech.archunit.core.importer.JavaClassProcessor - Processing class 'com/home/eshopee/warehouse/RemoveFetchedGoods'
19:37:23.282 [Test worker] DEBUG com.tngtech.archunit.core.importer.JavaClassProcessor - Processing class 'com/home/eshopee/warehouse/ToFetch'
19:37:23.283 [Test worker] DEBUG com.tngtech.archunit.core.importer.JavaClassProcessor - Processing class 'com/home/eshopee/warehouse/Warehouse'
19:37:23.283 [Test worker] DEBUG com.tngtech.archunit.core.importer.JavaClassProcessor - Processing class 'com/home/eshopee/warehouse/listeners/DeliveryDispatchedListener'
19:37:23.283 [Test worker] DEBUG com.tngtech.archunit.core.importer.JavaClassProcessor - Processing class 'com/home/eshopee/warehouse/listeners/OrderPlacedListener'
19:37:23.283 [Test worker] DEBUG com.tngtech.archunit.core.importer.JavaClassProcessor - Processing class 'com/home/eshopee/warehouse/GoodsFetched'
19:37:23.283 [Test worker] DEBUG com.tngtech.archunit.core.importer.JavaClassProcessor - Processing class 'com/home/eshopee/warehouse/GoodsMissed'
19:37:23.283 [Test worker] DEBUG com.tngtech.archunit.core.importer.JavaClassProcessor - Processing class 'com/home/eshopee/warehouse/jdbc/WarehouseJdbcConfig'
19:37:23.283 [Test worker] DEBUG com.tngtech.archunit.core.importer.JavaClassProcessor - Processing class 'com/home/eshopee/warehouse/jdbc/GoodsFetchingJdbc'
19:37:23.283 [Test worker] DEBUG com.tngtech.archunit.core.importer.JavaClassProcessor - Processing class 'com/home/eshopee/warehouse/jdbc/WarehouseJdbc'
19:37:23.284 [Test worker] DEBUG com.tngtech.archunit.core.importer.DependencyResolutionProcess - Automatically resolving transitive class dependencies with the following configuration:
import.dependencyResolutionProcess.maxIterationsForMemberTypes = 1
import.dependencyResolutionProcess.maxIterationsForAccessesToTypes = 1
import.dependencyResolutionProcess.maxIterationsForSupertypes = -1
import.dependencyResolutionProcess.maxIterationsForEnclosingTypes = -1
import.dependencyResolutionProcess.maxIterationsForAnnotationTypes = -1
import.dependencyResolutionProcess.maxIterationsForGenericSignatureTypes = -1
19:37:23.284 [Test worker] DEBUG com.tngtech.archunit.core.importer.JavaClassProcessor - Processing class 'org/springframework/web/bind/annotation/PathVariable'
19:37:23.284 [Test worker] DEBUG com.tngtech.archunit.core.importer.JavaClassProcessor - Processing class 'org/slf4j/LoggerFactory'
19:37:23.285 [Test worker] DEBUG com.tngtech.archunit.core.importer.JavaClassProcessor - Processing class 'java/lang/Integer'
19:37:23.285 [Test worker] DEBUG com.tngtech.archunit.core.importer.JavaClassProcessor - Processing class 'com/home/eshopee/sales/order/OrderPlaced'
19:37:23.285 [Test worker] DEBUG com.tngtech.archunit.core.importer.JavaClassProcessor - Processing class 'com/home/eshopee/shipping/dispatching/DeliveryDispatched'
19:37:23.285 [Test worker] DEBUG com.tngtech.archunit.core.importer.JavaClassProcessor - Processing class 'java/util/Map'
19:37:23.285 [Test worker] DEBUG com.tngtech.archunit.core.importer.JavaClassProcessor - Processing class 'java/lang/Math'
19:37:23.286 [Test worker] DEBUG com.tngtech.archunit.core.importer.JavaClassProcessor - Processing class 'org/springframework/web/bind/annotation/PostMapping'
19:37:23.286 [Test worker] DEBUG com.tngtech.archunit.core.importer.JavaClassProcessor - Processing class 'java/util/Collection'
19:37:23.286 [Test worker] DEBUG com.tngtech.archunit.core.importer.JavaClassProcessor - Processing class 'java/util/Set'
19:37:23.286 [Test worker] DEBUG com.tngtech.archunit.core.importer.JavaClassProcessor - Processing class 'com/home/eshopee/common/events/EventPublisher'
19:37:23.286 [Test worker] DEBUG com.tngtech.archunit.core.importer.JavaClassProcessor - Processing class 'java/time/Instant'
19:37:23.287 [Test worker] DEBUG com.tngtech.archunit.core.importer.JavaClassProcessor - Processing class 'org/springframework/web/bind/annotation/RestController'
19:37:23.287 [Test worker] DEBUG com.tngtech.archunit.core.importer.JavaClassProcessor - Processing class 'java/util/stream/Collectors'
19:37:23.287 [Test worker] DEBUG com.tngtech.archunit.core.importer.JavaClassProcessor - Processing class 'org/springframework/context/annotation/Configuration'
19:37:23.288 [Test worker] DEBUG com.tngtech.archunit.core.importer.JavaClassProcessor - Processing class 'java/util/List'
19:37:23.288 [Test worker] DEBUG com.tngtech.archunit.core.importer.JavaClassProcessor - Processing class 'java/util/stream/Stream'
19:37:23.288 [Test worker] DEBUG com.tngtech.archunit.core.importer.JavaClassProcessor - Processing class 'java/util/Optional'
19:37:23.288 [Test worker] DEBUG com.tngtech.archunit.core.importer.JavaClassProcessor - Processing class 'org/springframework/scheduling/annotation/Async'
19:37:23.288 [Test worker] DEBUG com.tngtech.archunit.core.importer.JavaClassProcessor - Processing class 'org/springframework/web/bind/annotation/RequestMapping'
19:37:23.288 [Test worker] DEBUG com.tngtech.archunit.core.importer.JavaClassProcessor - Processing class 'org/springframework/jdbc/core/JdbcTemplate'
19:37:23.289 [Test worker] DEBUG com.tngtech.archunit.core.importer.JavaClassProcessor - Processing class 'org/springframework/web/bind/annotation/RequestBody'
19:37:23.289 [Test worker] DEBUG com.tngtech.archunit.core.importer.JavaClassProcessor - Processing class 'org/springframework/transaction/annotation/Propagation'
19:37:23.289 [Test worker] DEBUG com.tngtech.archunit.core.importer.JavaClassProcessor - Processing class 'org/springframework/web/bind/annotation/GetMapping'
19:37:23.289 [Test worker] DEBUG com.tngtech.archunit.core.importer.JavaClassProcessor - Processing class 'com/home/eshopee/common/events/DomainEvent'
19:37:23.290 [Test worker] DEBUG com.tngtech.archunit.core.importer.JavaClassProcessor - Processing class 'java/lang/String'
19:37:23.290 [Test worker] DEBUG com.tngtech.archunit.core.importer.JavaClassProcessor - Processing class 'java/util/Map$Entry'
19:37:23.290 [Test worker] DEBUG com.tngtech.archunit.core.importer.JavaClassProcessor - Processing class 'org/slf4j/Logger'
19:37:23.290 [Test worker] DEBUG com.tngtech.archunit.core.importer.JavaClassProcessor - Processing class 'org/springframework/transaction/event/TransactionalEventListener'
19:37:23.290 [Test worker] DEBUG com.tngtech.archunit.core.importer.JavaClassProcessor - Processing class 'java/lang/IllegalArgumentException'
19:37:23.291 [Test worker] DEBUG com.tngtech.archunit.core.importer.JavaClassProcessor - Processing class 'java/lang/Object'
19:37:23.291 [Test worker] DEBUG com.tngtech.archunit.core.importer.JavaClassProcessor - Processing class 'org/springframework/stereotype/Component'
19:37:23.291 [Test worker] DEBUG com.tngtech.archunit.core.importer.JavaClassProcessor - Processing class 'java/lang/Comparable'
19:37:23.291 [Test worker] DEBUG com.tngtech.archunit.core.importer.JavaClassProcessor - Processing class 'org/springframework/context/annotation/Bean'
19:37:23.291 [Test worker] DEBUG com.tngtech.archunit.core.importer.JavaClassProcessor - Processing class 'org/springframework/transaction/annotation/Transactional'
19:37:23.291 [Test worker] DEBUG com.tngtech.archunit.core.importer.JavaClassProcessor - Processing class 'org/springframework/jdbc/core/JdbcOperations'
19:37:23.292 [Test worker] DEBUG com.tngtech.archunit.core.importer.JavaClassProcessor - Processing class 'java/net/URL'
19:37:23.292 [Test worker] DEBUG com.tngtech.archunit.core.importer.JavaClassProcessor - Processing class 'java/util/function/IntConsumer'
19:37:23.292 [Test worker] DEBUG com.tngtech.archunit.core.importer.JavaClassProcessor - Processing class 'org/springframework/jdbc/support/JdbcAccessor'
19:37:23.292 [Test worker] DEBUG com.tngtech.archunit.core.importer.JavaClassProcessor - Processing class 'org/springframework/jdbc/core/SqlParameter'
19:37:23.292 [Test worker] DEBUG com.tngtech.archunit.core.importer.JavaClassProcessor - Processing class 'java/lang/annotation/Inherited'
19:37:23.292 [Test worker] DEBUG com.tngtech.archunit.core.importer.JavaClassProcessor - Processing class 'org/slf4j/helpers/CheckReturnValue'
19:37:23.292 [Test worker] DEBUG com.tngtech.archunit.core.importer.JavaClassProcessor - Processing class 'java/util/DoubleSummaryStatistics'
19:37:23.292 [Test worker] DEBUG com.tngtech.archunit.core.importer.JavaClassProcessor - Processing class 'java/util/function/DoubleConsumer'
19:37:23.292 [Test worker] DEBUG com.tngtech.archunit.core.importer.JavaClassProcessor - Processing class 'java/lang/Enum'
19:37:23.293 [Test worker] DEBUG com.tngtech.archunit.core.importer.JavaClassProcessor - Processing class 'java/lang/Long'
19:37:23.293 [Test worker] DEBUG com.tngtech.archunit.core.importer.JavaClassProcessor - Processing class 'org/springframework/transaction/event/TransactionPhase'
19:37:23.293 [Test worker] DEBUG com.tngtech.archunit.core.importer.JavaClassProcessor - Processing class 'java/lang/annotation/Documented'
19:37:23.293 [Test worker] DEBUG com.tngtech.archunit.core.importer.JavaClassProcessor - Processing class 'org/springframework/web/bind/annotation/ControllerMappingReflectiveProcessor'
19:37:23.293 [Test worker] DEBUG com.tngtech.archunit.core.importer.JavaClassProcessor - Processing class 'org/springframework/aot/hint/annotation/Reflective'
19:37:23.293 [Test worker] DEBUG com.tngtech.archunit.core.importer.JavaClassProcessor - Processing class 'jdk/internal/vm/annotation/ForceInline'
19:37:23.293 [Test worker] DEBUG com.tngtech.archunit.core.importer.JavaClassProcessor - Processing class 'java/lang/CharSequence'
19:37:23.293 [Test worker] DEBUG com.tngtech.archunit.core.importer.JavaClassProcessor - Processing class 'org/springframework/web/bind/annotation/RequestMethod'
19:37:23.294 [Test worker] DEBUG com.tngtech.archunit.core.importer.JavaClassProcessor - Processing class 'org/springframework/context/event/EventListener'
19:37:23.294 [Test worker] DEBUG com.tngtech.archunit.core.importer.JavaClassProcessor - Processing class 'java/io/Serializable'
19:37:23.294 [Test worker] DEBUG com.tngtech.archunit.core.importer.JavaClassProcessor - Processing class 'java/util/stream/DoubleStream'
19:37:23.294 [Test worker] DEBUG com.tngtech.archunit.core.importer.JavaClassProcessor - Processing class 'org/slf4j/spi/SLF4JServiceProvider'
19:37:23.294 [Test worker] DEBUG com.tngtech.archunit.core.importer.JavaClassProcessor - Processing class 'java/lang/annotation/Annotation'
19:37:23.294 [Test worker] DEBUG com.tngtech.archunit.core.importer.JavaClassProcessor - Processing class 'jdk/internal/ValueBased'
19:37:23.294 [Test worker] DEBUG com.tngtech.archunit.core.importer.JavaClassProcessor - Processing class 'java/time/temporal/Temporal'
19:37:23.294 [Test worker] DEBUG com.tngtech.archunit.core.importer.JavaClassProcessor - Processing class 'org/springframework/transaction/annotation/Isolation'
19:37:23.294 [Test worker] DEBUG com.tngtech.archunit.core.importer.JavaClassProcessor - Processing class 'java/util/stream/IntStream'
19:37:23.294 [Test worker] DEBUG com.tngtech.archunit.core.importer.JavaClassProcessor - Processing class 'java/lang/Throwable'
19:37:23.294 [Test worker] DEBUG com.tngtech.archunit.core.importer.JavaClassProcessor - Processing class 'java/lang/Double'
19:37:23.295 [Test worker] DEBUG com.tngtech.archunit.core.importer.JavaClassProcessor - Processing class 'org/springframework/stereotype/Controller'
19:37:23.295 [Test worker] DEBUG com.tngtech.archunit.core.importer.JavaClassProcessor - Processing class 'java/lang/Iterable'
19:37:23.295 [Test worker] DEBUG com.tngtech.archunit.core.importer.JavaClassProcessor - Processing class 'java/lang/annotation/Retention'
19:37:23.295 [Test worker] DEBUG com.tngtech.archunit.core.importer.JavaClassProcessor - Processing class 'java/util/concurrent/ConcurrentMap'
19:37:23.295 [Test worker] DEBUG com.tngtech.archunit.core.importer.JavaClassProcessor - Processing class 'java/lang/constant/ConstantDesc'
19:37:23.295 [Test worker] DEBUG com.tngtech.archunit.core.importer.JavaClassProcessor - Processing class 'java/lang/Boolean'
19:37:23.295 [Test worker] DEBUG com.tngtech.archunit.core.importer.JavaClassProcessor - Processing class 'org/springframework/lang/Nullable'
19:37:23.295 [Test worker] DEBUG com.tngtech.archunit.core.importer.JavaClassProcessor - Processing class 'org/springframework/stereotype/Indexed'
19:37:23.295 [Test worker] DEBUG com.tngtech.archunit.core.importer.JavaClassProcessor - Processing class 'java/lang/Number'
19:37:23.295 [Test worker] DEBUG com.tngtech.archunit.core.importer.JavaClassProcessor - Processing class 'java/util/LongSummaryStatistics'
19:37:23.295 [Test worker] DEBUG com.tngtech.archunit.core.importer.JavaClassProcessor - Processing class 'org/springframework/core/annotation/AliasFor'
19:37:23.295 [Test worker] DEBUG com.tngtech.archunit.core.importer.JavaClassProcessor - Processing class 'java/lang/SafeVarargs'
19:37:23.295 [Test worker] DEBUG com.tngtech.archunit.core.importer.JavaClassProcessor - Processing class 'jdk/internal/vm/annotation/IntrinsicCandidate'
19:37:23.295 [Test worker] DEBUG com.tngtech.archunit.core.importer.JavaClassProcessor - Processing class 'java/util/stream/LongStream'
19:37:23.295 [Test worker] DEBUG com.tngtech.archunit.core.importer.JavaClassProcessor - Processing class 'jdk/internal/vm/annotation/Stable'
19:37:23.295 [Test worker] DEBUG com.tngtech.archunit.core.importer.JavaClassProcessor - Processing class 'java/lang/Deprecated'
19:37:23.296 [Test worker] DEBUG com.tngtech.archunit.core.importer.JavaClassProcessor - Processing class 'java/lang/annotation/Target'
19:37:23.296 [Test worker] DEBUG com.tngtech.archunit.core.importer.JavaClassProcessor - Processing class 'java/lang/RuntimeException'
19:37:23.296 [Test worker] DEBUG com.tngtech.archunit.core.importer.JavaClassProcessor - Processing class 'java/lang/annotation/ElementType'
19:37:23.296 [Test worker] DEBUG com.tngtech.archunit.core.importer.JavaClassProcessor - Processing class 'org/springframework/web/bind/annotation/ResponseBody'
19:37:23.296 [Test worker] DEBUG com.tngtech.archunit.core.importer.JavaClassProcessor - Processing class 'java/util/stream/Collector$Characteristics'
19:37:23.296 [Test worker] DEBUG com.tngtech.archunit.core.importer.JavaClassProcessor - Processing class 'java/util/function/LongConsumer'
19:37:23.296 [Test worker] DEBUG com.tngtech.archunit.core.importer.JavaClassProcessor - Processing class 'java/util/function/Consumer'
19:37:23.296 [Test worker] DEBUG com.tngtech.archunit.core.importer.JavaClassProcessor - Processing class 'java/lang/constant/Constable'
19:37:23.296 [Test worker] DEBUG com.tngtech.archunit.core.importer.JavaClassProcessor - Processing class 'java/util/stream/BaseStream'
19:37:23.296 [Test worker] DEBUG com.tngtech.archunit.core.importer.JavaClassProcessor - Processing class 'java/util/IntSummaryStatistics'
19:37:23.296 [Test worker] DEBUG com.tngtech.archunit.core.importer.JavaClassProcessor - Processing class 'java/time/temporal/TemporalAdjuster'
19:37:23.296 [Test worker] DEBUG com.tngtech.archunit.core.importer.JavaClassProcessor - Processing class 'java/lang/annotation/RetentionPolicy'
19:37:23.296 [Test worker] DEBUG com.tngtech.archunit.core.importer.JavaClassProcessor - Processing class 'org/springframework/web/bind/annotation/Mapping'
19:37:23.296 [Test worker] DEBUG com.tngtech.archunit.core.importer.JavaClassProcessor - Processing class 'java/lang/AutoCloseable'
19:37:23.296 [Test worker] DEBUG com.tngtech.archunit.core.importer.JavaClassProcessor - Processing class 'org/springframework/aot/hint/annotation/ReflectiveProcessor'
19:37:23.296 [Test worker] DEBUG com.tngtech.archunit.core.importer.JavaClassProcessor - Processing class 'java/lang/Enum$EnumDesc'
19:37:23.296 [Test worker] DEBUG com.tngtech.archunit.core.importer.JavaClassProcessor - Processing class 'java/util/stream/Collector'
19:37:23.296 [Test worker] DEBUG com.tngtech.archunit.core.importer.JavaClassProcessor - Processing class 'java/lang/Exception'
19:37:23.296 [Test worker] DEBUG com.tngtech.archunit.core.importer.JavaClassProcessor - Processing class 'java/lang/constant/DynamicConstantDesc'
19:37:23.297 [Test worker] DEBUG com.tngtech.archunit.core.importer.JavaClassProcessor - Processing class 'java/net/URLStreamHandler'
19:37:23.297 [Test worker] DEBUG com.tngtech.archunit.core.importer.JavaClassProcessor - Processing class 'org/springframework/aot/hint/annotation/SimpleReflectiveProcessor'
19:37:23.297 [Test worker] DEBUG com.tngtech.archunit.core.importer.JavaClassProcessor - Processing class 'org/springframework/beans/factory/InitializingBean'
19:37:23.297 [Test worker] DEBUG com.tngtech.archunit.core.importer.JavaClassProcessor - Processing class 'java/time/temporal/TemporalAccessor'
19:37:23.297 [Test worker] DEBUG com.tngtech.archunit.core.importer.JavaClassProcessor - Processing class 'java/lang/FunctionalInterface'
19:37:23.297 [Test worker] DEBUG com.tngtech.archunit.core.importer.JavaClassProcessor - Processing class 'java/net/spi/URLStreamHandlerProvider'
19:37:23.297 [Test worker] DEBUG com.tngtech.archunit.core.importer.JavaClassProcessor - Processing class 'java/net/URLStreamHandlerFactory'
19:37:23.297 [Test worker] DEBUG com.tngtech.archunit.core.importer.JavaClassProcessor - Processing class 'java/lang/Float'
19:37:23.298 [Test worker] DEBUG com.tngtech.archunit.core.importer.JavaClassProcessor - Processing class 'java/lang/Class'
19:37:23.299 [Test worker] DEBUG com.tngtech.archunit.core.importer.JavaClassProcessor - Processing class 'java/util/Spliterator$OfInt'
19:37:23.299 [Test worker] DEBUG com.tngtech.archunit.core.importer.JavaClassProcessor - Processing class 'java/lang/NumberFormatException'
19:37:23.300 [Test worker] DEBUG com.tngtech.archunit.core.importer.JavaClassProcessor - Processing class 'java/lang/invoke/MethodHandles$Lookup'
19:37:23.300 [Test worker] DEBUG com.tngtech.archunit.core.importer.JavaClassProcessor - Processing class 'java/lang/ReflectiveOperationException'
19:37:23.300 [Test worker] DEBUG com.tngtech.archunit.core.importer.JavaClassProcessor - Processing class 'java/lang/CloneNotSupportedException'
19:37:23.300 [Test worker] DEBUG com.tngtech.archunit.core.importer.JavaClassProcessor - Processing class 'java/io/ObjectInputStream'
19:37:23.300 [Test worker] DEBUG com.tngtech.archunit.core.importer.JavaClassProcessor - Processing class 'java/io/IOException'
19:37:23.300 [Test worker] DEBUG com.tngtech.archunit.core.importer.JavaClassProcessor - Processing class 'java/lang/ClassNotFoundException'
19:37:23.300 [Test worker] DEBUG com.tngtech.archunit.core.importer.JavaClassProcessor - Processing class 'java/io/ObjectStreamException'
19:37:23.300 [Test worker] DEBUG com.tngtech.archunit.core.importer.JavaClassProcessor - Processing class 'java/lang/constant/ClassDesc'
19:37:23.301 [Test worker] DEBUG com.tngtech.archunit.core.importer.JavaClassProcessor - Processing class 'java/util/Iterator'
19:37:23.301 [Test worker] DEBUG com.tngtech.archunit.core.importer.JavaClassProcessor - Processing class 'java/util/Spliterator'
19:37:23.301 [Test worker] DEBUG com.tngtech.archunit.core.importer.JavaClassProcessor - Processing class 'java/math/BigInteger'
19:37:23.302 [Test worker] DEBUG com.tngtech.archunit.core.importer.JavaClassProcessor - Processing class 'java/lang/InterruptedException'
19:37:23.303 [Test worker] DEBUG com.tngtech.archunit.core.importer.JavaClassProcessor - Processing class 'java/io/ObjectStreamField'
19:37:23.303 [Test worker] DEBUG com.tngtech.archunit.core.importer.JavaClassProcessor - Processing class 'java/util/Comparator'
19:37:23.303 [Test worker] DEBUG com.tngtech.archunit.core.importer.JavaClassProcessor - Processing class 'java/lang/Void'
19:37:23.303 [Test worker] DEBUG com.tngtech.archunit.core.importer.JavaClassProcessor - Processing class 'java/nio/charset/Charset'
19:37:23.303 [Test worker] DEBUG com.tngtech.archunit.core.importer.JavaClassProcessor - Processing class 'java/nio/charset/MalformedInputException'
19:37:23.303 [Test worker] DEBUG com.tngtech.archunit.core.importer.JavaClassProcessor - Processing class 'java/nio/charset/CharacterCodingException'
19:37:23.303 [Test worker] DEBUG com.tngtech.archunit.core.importer.JavaClassProcessor - Processing class 'sun/nio/cs/ArrayDecoder'
19:37:23.303 [Test worker] DEBUG com.tngtech.archunit.core.importer.JavaClassProcessor - Processing class 'java/io/UnsupportedEncodingException'
19:37:23.303 [Test worker] DEBUG com.tngtech.archunit.core.importer.JavaClassProcessor - Processing class 'sun/nio/cs/ArrayEncoder'
19:37:23.303 [Test worker] DEBUG com.tngtech.archunit.core.importer.JavaClassProcessor - Processing class 'java/nio/charset/UnmappableCharacterException'
19:37:23.303 [Test worker] DEBUG com.tngtech.archunit.core.importer.JavaClassProcessor - Processing class 'java/nio/charset/CharsetDecoder'
19:37:23.303 [Test worker] DEBUG com.tngtech.archunit.core.importer.JavaClassProcessor - Processing class 'java/lang/StringBuffer'
19:37:23.304 [Test worker] DEBUG com.tngtech.archunit.core.importer.JavaClassProcessor - Processing class 'java/lang/AbstractStringBuilder'
19:37:23.304 [Test worker] DEBUG com.tngtech.archunit.core.importer.JavaClassProcessor - Processing class 'java/util/Locale'
19:37:23.305 [Test worker] DEBUG com.tngtech.archunit.core.importer.JavaClassProcessor - Processing class 'java/util/function/Function'
19:37:23.305 [Test worker] DEBUG com.tngtech.archunit.core.importer.JavaClassProcessor - Processing class 'java/lang/StringBuilder'
19:37:23.305 [Test worker] DEBUG com.tngtech.archunit.core.importer.JavaClassProcessor - Processing class 'java/lang/StackTraceElement'
19:37:23.305 [Test worker] DEBUG com.tngtech.archunit.core.importer.JavaClassProcessor - Processing class 'java/io/PrintStream'
19:37:23.306 [Test worker] DEBUG com.tngtech.archunit.core.importer.JavaClassProcessor - Processing class 'java/lang/Throwable$PrintStreamOrWriter'
19:37:23.306 [Test worker] DEBUG com.tngtech.archunit.core.importer.JavaClassProcessor - Processing class 'java/io/PrintWriter'
19:37:23.306 [Test worker] DEBUG com.tngtech.archunit.core.importer.JavaClassProcessor - Processing class 'java/io/ObjectOutputStream'
19:37:23.306 [Test worker] DEBUG com.tngtech.archunit.core.importer.JavaClassProcessor - Processing class 'java/lang/constant/DirectMethodHandleDesc'
19:37:23.307 [Test worker] DEBUG com.tngtech.archunit.core.importer.JavaClassProcessor - Processing class 'java/net/InetAddress'
19:37:23.307 [Test worker] DEBUG com.tngtech.archunit.core.importer.JavaClassProcessor - Processing class 'java/net/UrlDeserializedState'
19:37:23.307 [Test worker] DEBUG com.tngtech.archunit.core.importer.JavaClassProcessor - Processing class 'java/lang/ThreadLocal'
19:37:23.307 [Test worker] DEBUG com.tngtech.archunit.core.importer.JavaClassProcessor - Processing class 'java/util/Hashtable'
19:37:23.307 [Test worker] DEBUG com.tngtech.archunit.core.importer.JavaClassProcessor - Processing class 'java/net/URI'
19:37:23.307 [Test worker] DEBUG com.tngtech.archunit.core.importer.JavaClassProcessor - Processing class 'java/net/MalformedURLException'
19:37:23.307 [Test worker] DEBUG com.tngtech.archunit.core.importer.JavaClassProcessor - Processing class 'java/lang/SecurityManager'
19:37:23.308 [Test worker] DEBUG com.tngtech.archunit.core.importer.JavaClassProcessor - Processing class 'java/net/URISyntaxException'
19:37:23.308 [Test worker] DEBUG com.tngtech.archunit.core.importer.JavaClassProcessor - Processing class 'java/net/URLConnection'
19:37:23.308 [Test worker] DEBUG com.tngtech.archunit.core.importer.JavaClassProcessor - Processing class 'java/net/Proxy'
19:37:23.308 [Test worker] DEBUG com.tngtech.archunit.core.importer.JavaClassProcessor - Processing class 'java/io/InputStream'
19:37:23.308 [Test worker] DEBUG com.tngtech.archunit.core.importer.JavaClassProcessor - Processing class 'java/io/InvalidObjectException'
19:37:23.308 [Test worker] DEBUG com.tngtech.archunit.core.importer.JavaClassProcessor - Processing class 'sun/net/www/protocol/jar/Handler'
19:37:23.308 [Test worker] DEBUG com.tngtech.archunit.core.importer.JavaClassProcessor - Processing class 'java/time/Clock'
19:37:23.309 [Test worker] DEBUG com.tngtech.archunit.core.importer.JavaClassProcessor - Processing class 'java/time/temporal/TemporalField'
19:37:23.309 [Test worker] DEBUG com.tngtech.archunit.core.importer.JavaClassProcessor - Processing class 'java/time/temporal/ChronoField'
19:37:23.309 [Test worker] DEBUG com.tngtech.archunit.core.importer.JavaClassProcessor - Processing class 'java/time/temporal/TemporalUnit'
19:37:23.309 [Test worker] DEBUG com.tngtech.archunit.core.importer.JavaClassProcessor - Processing class 'java/time/temporal/ChronoUnit'
19:37:23.309 [Test worker] DEBUG com.tngtech.archunit.core.importer.JavaClassProcessor - Processing class 'java/time/temporal/ValueRange'
19:37:23.309 [Test worker] DEBUG com.tngtech.archunit.core.importer.JavaClassProcessor - Processing class 'java/time/temporal/TemporalAmount'
19:37:23.309 [Test worker] DEBUG com.tngtech.archunit.core.importer.JavaClassProcessor - Processing class 'java/time/temporal/TemporalQuery'
19:37:23.309 [Test worker] DEBUG com.tngtech.archunit.core.importer.JavaClassProcessor - Processing class 'java/time/OffsetDateTime'
19:37:23.309 [Test worker] DEBUG com.tngtech.archunit.core.importer.JavaClassProcessor - Processing class 'java/time/ZoneOffset'
19:37:23.309 [Test worker] DEBUG com.tngtech.archunit.core.importer.JavaClassProcessor - Processing class 'java/time/ZonedDateTime'
19:37:23.310 [Test worker] DEBUG com.tngtech.archunit.core.importer.JavaClassProcessor - Processing class 'java/time/ZoneId'
19:37:23.310 [Test worker] DEBUG com.tngtech.archunit.core.importer.JavaClassProcessor - Processing class 'java/io/DataOutput'
19:37:23.310 [Test worker] DEBUG com.tngtech.archunit.core.importer.JavaClassProcessor - Processing class 'java/io/DataInput'
19:37:23.310 [Test worker] DEBUG com.tngtech.archunit.core.importer.JavaClassProcessor - Processing class 'java/util/function/IntFunction'
19:37:23.310 [Test worker] DEBUG com.tngtech.archunit.core.importer.JavaClassProcessor - Processing class 'java/util/function/Predicate'
19:37:23.310 [Test worker] DEBUG com.tngtech.archunit.core.importer.JavaClassProcessor - Processing class 'java/util/function/UnaryOperator'
19:37:23.310 [Test worker] DEBUG com.tngtech.archunit.core.importer.JavaClassProcessor - Processing class 'java/util/ListIterator'
19:37:23.310 [Test worker] DEBUG com.tngtech.archunit.core.importer.JavaClassProcessor - Processing class 'java/util/RandomAccess'
19:37:23.310 [Test worker] DEBUG com.tngtech.archunit.core.importer.JavaClassProcessor - Processing class 'java/util/function/BiConsumer'
19:37:23.311 [Test worker] DEBUG com.tngtech.archunit.core.importer.JavaClassProcessor - Processing class 'java/util/function/BiFunction'
19:37:23.311 [Test worker] DEBUG com.tngtech.archunit.core.importer.JavaClassProcessor - Processing class 'java/util/ImmutableCollections$AbstractImmutableMap'
19:37:23.311 [Test worker] DEBUG com.tngtech.archunit.core.importer.JavaClassProcessor - Processing class 'java/util/KeyValueHolder'
19:37:23.311 [Test worker] DEBUG com.tngtech.archunit.core.importer.JavaClassProcessor - Processing class 'java/lang/invoke/SerializedLambda'
19:37:23.311 [Test worker] DEBUG com.tngtech.archunit.core.importer.JavaClassProcessor - Processing class 'java/lang/Runnable'
19:37:23.311 [Test worker] DEBUG com.tngtech.archunit.core.importer.JavaClassProcessor - Processing class 'java/util/function/Supplier'
19:37:23.311 [Test worker] DEBUG com.tngtech.archunit.core.importer.JavaClassProcessor - Processing class 'java/util/ImmutableCollections$AbstractImmutableSet'
19:37:23.312 [Test worker] DEBUG com.tngtech.archunit.core.importer.JavaClassProcessor - Processing class 'java/util/function/BinaryOperator'
19:37:23.312 [Test worker] DEBUG com.tngtech.archunit.core.importer.JavaClassProcessor - Processing class 'java/lang/IllegalStateException'
19:37:23.312 [Test worker] DEBUG com.tngtech.archunit.core.importer.JavaClassProcessor - Processing class 'java/util/function/ToIntFunction'
19:37:23.312 [Test worker] DEBUG com.tngtech.archunit.core.importer.JavaClassProcessor - Processing class 'java/util/function/ToLongFunction'
19:37:23.312 [Test worker] DEBUG com.tngtech.archunit.core.importer.JavaClassProcessor - Processing class 'java/util/function/ToDoubleFunction'
19:37:23.313 [Test worker] DEBUG com.tngtech.archunit.core.importer.JavaClassProcessor - Processing class 'java/util/stream/Collectors$1PairBox'
19:37:23.313 [Test worker] DEBUG com.tngtech.archunit.core.importer.JavaClassProcessor - Processing class 'java/util/HashMap'
19:37:23.313 [Test worker] DEBUG com.tngtech.archunit.core.importer.JavaClassProcessor - Processing class 'java/util/stream/Collectors$Partition'
19:37:23.313 [Test worker] DEBUG com.tngtech.archunit.core.importer.JavaClassProcessor - Processing class 'java/util/stream/Collectors$1OptionalBox'
19:37:23.313 [Test worker] DEBUG com.tngtech.archunit.core.importer.JavaClassProcessor - Processing class 'java/util/StringJoiner'
19:37:23.313 [Test worker] DEBUG com.tngtech.archunit.core.importer.JavaClassProcessor - Processing class 'java/util/HashSet'
19:37:23.313 [Test worker] DEBUG com.tngtech.archunit.core.importer.JavaClassProcessor - Processing class 'java/util/ArrayList'
19:37:23.314 [Test worker] DEBUG com.tngtech.archunit.core.importer.JavaClassProcessor - Processing class 'java/util/function/DoublePredicate'
19:37:23.314 [Test worker] DEBUG com.tngtech.archunit.core.importer.JavaClassProcessor - Processing class 'java/util/function/DoubleUnaryOperator'
19:37:23.314 [Test worker] DEBUG com.tngtech.archunit.core.importer.JavaClassProcessor - Processing class 'java/util/function/DoubleFunction'
19:37:23.314 [Test worker] DEBUG com.tngtech.archunit.core.importer.JavaClassProcessor - Processing class 'java/util/function/DoubleToIntFunction'
19:37:23.314 [Test worker] DEBUG com.tngtech.archunit.core.importer.JavaClassProcessor - Processing class 'java/util/function/DoubleToLongFunction'
19:37:23.314 [Test worker] DEBUG com.tngtech.archunit.core.importer.JavaClassProcessor - Processing class 'java/util/stream/DoubleStream$DoubleMapMultiConsumer'
19:37:23.314 [Test worker] DEBUG com.tngtech.archunit.core.importer.JavaClassProcessor - Processing class 'java/util/function/DoubleBinaryOperator'
19:37:23.314 [Test worker] DEBUG com.tngtech.archunit.core.importer.JavaClassProcessor - Processing class 'java/util/OptionalDouble'
19:37:23.314 [Test worker] DEBUG com.tngtech.archunit.core.importer.JavaClassProcessor - Processing class 'java/util/function/ObjDoubleConsumer'
19:37:23.314 [Test worker] DEBUG com.tngtech.archunit.core.importer.JavaClassProcessor - Processing class 'java/util/PrimitiveIterator$OfDouble'
19:37:23.314 [Test worker] DEBUG com.tngtech.archunit.core.importer.JavaClassProcessor - Processing class 'java/util/Spliterator$OfDouble'
19:37:23.314 [Test worker] DEBUG com.tngtech.archunit.core.importer.JavaClassProcessor - Processing class 'java/util/stream/DoubleStream$Builder'
19:37:23.314 [Test worker] DEBUG com.tngtech.archunit.core.importer.JavaClassProcessor - Processing class 'java/util/function/DoubleSupplier'
19:37:23.314 [Test worker] DEBUG com.tngtech.archunit.core.importer.JavaClassProcessor - Processing class 'java/util/function/IntPredicate'
19:37:23.314 [Test worker] DEBUG com.tngtech.archunit.core.importer.JavaClassProcessor - Processing class 'java/util/function/IntUnaryOperator'
19:37:23.315 [Test worker] DEBUG com.tngtech.archunit.core.importer.JavaClassProcessor - Processing class 'java/util/function/IntToLongFunction'
19:37:23.315 [Test worker] DEBUG com.tngtech.archunit.core.importer.JavaClassProcessor - Processing class 'java/util/function/IntToDoubleFunction'
19:37:23.315 [Test worker] DEBUG com.tngtech.archunit.core.importer.JavaClassProcessor - Processing class 'java/util/stream/IntStream$IntMapMultiConsumer'
19:37:23.315 [Test worker] DEBUG com.tngtech.archunit.core.importer.JavaClassProcessor - Processing class 'java/util/function/IntBinaryOperator'
19:37:23.315 [Test worker] DEBUG com.tngtech.archunit.core.importer.JavaClassProcessor - Processing class 'java/util/OptionalInt'
19:37:23.315 [Test worker] DEBUG com.tngtech.archunit.core.importer.JavaClassProcessor - Processing class 'java/util/function/ObjIntConsumer'
19:37:23.315 [Test worker] DEBUG com.tngtech.archunit.core.importer.JavaClassProcessor - Processing class 'java/util/PrimitiveIterator$OfInt'
19:37:23.315 [Test worker] DEBUG com.tngtech.archunit.core.importer.JavaClassProcessor - Processing class 'java/util/stream/IntStream$Builder'
19:37:23.315 [Test worker] DEBUG com.tngtech.archunit.core.importer.JavaClassProcessor - Processing class 'java/util/function/IntSupplier'
19:37:23.315 [Test worker] DEBUG com.tngtech.archunit.core.importer.JavaClassProcessor - Processing class 'java/util/function/LongPredicate'
19:37:23.315 [Test worker] DEBUG com.tngtech.archunit.core.importer.JavaClassProcessor - Processing class 'java/util/function/LongUnaryOperator'
19:37:23.315 [Test worker] DEBUG com.tngtech.archunit.core.importer.JavaClassProcessor - Processing class 'java/util/function/LongFunction'
19:37:23.315 [Test worker] DEBUG com.tngtech.archunit.core.importer.JavaClassProcessor - Processing class 'java/util/function/LongToIntFunction'
19:37:23.315 [Test worker] DEBUG com.tngtech.archunit.core.importer.JavaClassProcessor - Processing class 'java/util/function/LongToDoubleFunction'
19:37:23.315 [Test worker] DEBUG com.tngtech.archunit.core.importer.JavaClassProcessor - Processing class 'java/util/stream/LongStream$LongMapMultiConsumer'
19:37:23.315 [Test worker] DEBUG com.tngtech.archunit.core.importer.JavaClassProcessor - Processing class 'java/util/function/LongBinaryOperator'
19:37:23.315 [Test worker] DEBUG com.tngtech.archunit.core.importer.JavaClassProcessor - Processing class 'java/util/OptionalLong'
19:37:23.315 [Test worker] DEBUG com.tngtech.archunit.core.importer.JavaClassProcessor - Processing class 'java/util/function/ObjLongConsumer'
19:37:23.315 [Test worker] DEBUG com.tngtech.archunit.core.importer.JavaClassProcessor - Processing class 'java/util/PrimitiveIterator$OfLong'
19:37:23.315 [Test worker] DEBUG com.tngtech.archunit.core.importer.JavaClassProcessor - Processing class 'java/util/Spliterator$OfLong'
19:37:23.316 [Test worker] DEBUG com.tngtech.archunit.core.importer.JavaClassProcessor - Processing class 'java/util/stream/LongStream$Builder'
19:37:23.316 [Test worker] DEBUG com.tngtech.archunit.core.importer.JavaClassProcessor - Processing class 'java/util/function/LongSupplier'
19:37:23.316 [Test worker] DEBUG com.tngtech.archunit.core.importer.JavaClassProcessor - Processing class 'java/util/stream/Stream$Builder'
19:37:23.316 [Test worker] DEBUG com.tngtech.archunit.core.importer.JavaClassProcessor - Processing class 'org/slf4j/spi/LoggingEventBuilder'
19:37:23.317 [Test worker] DEBUG com.tngtech.archunit.core.importer.JavaClassProcessor - Processing class 'org/slf4j/event/Level'
19:37:23.317 [Test worker] DEBUG com.tngtech.archunit.core.importer.JavaClassProcessor - Processing class 'org/slf4j/Marker'
19:37:23.317 [Test worker] DEBUG com.tngtech.archunit.core.importer.JavaClassProcessor - Processing class 'org/slf4j/helpers/SubstituteServiceProvider'
19:37:23.317 [Test worker] DEBUG com.tngtech.archunit.core.importer.JavaClassProcessor - Processing class 'org/slf4j/helpers/NOP_FallbackServiceProvider'
19:37:23.317 [Test worker] DEBUG com.tngtech.archunit.core.importer.JavaClassProcessor - Processing class 'java/util/ServiceLoader'
19:37:23.318 [Test worker] DEBUG com.tngtech.archunit.core.importer.JavaClassProcessor - Processing class 'java/lang/ClassLoader'
19:37:23.318 [Test worker] DEBUG com.tngtech.archunit.core.importer.JavaClassProcessor - Processing class 'org/slf4j/event/SubstituteLoggingEvent'
19:37:23.318 [Test worker] DEBUG com.tngtech.archunit.core.importer.JavaClassProcessor - Processing class 'org/slf4j/ILoggerFactory'
19:37:23.318 [Test worker] DEBUG com.tngtech.archunit.core.importer.JavaClassProcessor - Processing class 'org/slf4j/IMarkerFactory'
19:37:23.319 [Test worker] DEBUG com.tngtech.archunit.core.importer.JavaClassProcessor - Processing class 'org/slf4j/spi/MDCAdapter'
19:37:23.319 [Test worker] DEBUG com.tngtech.archunit.core.importer.JavaClassProcessor - Processing class 'org/springframework/aot/hint/ReflectionHints'
19:37:23.319 [Test worker] DEBUG com.tngtech.archunit.core.importer.JavaClassProcessor - Processing class 'java/lang/reflect/AnnotatedElement'
19:37:23.319 [Test worker] DEBUG com.tngtech.archunit.core.importer.JavaClassProcessor - Processing class 'java/lang/reflect/Constructor'
19:37:23.319 [Test worker] DEBUG com.tngtech.archunit.core.importer.JavaClassProcessor - Processing class 'java/lang/reflect/Field'
19:37:23.319 [Test worker] DEBUG com.tngtech.archunit.core.importer.JavaClassProcessor - Processing class 'java/lang/reflect/Method'
19:37:23.320 [Test worker] DEBUG com.tngtech.archunit.core.importer.JavaClassProcessor - Processing class 'org/springframework/jdbc/core/ConnectionCallback'
19:37:23.320 [Test worker] DEBUG com.tngtech.archunit.core.importer.JavaClassProcessor - Processing class 'org/springframework/dao/DataAccessException'
19:37:23.320 [Test worker] DEBUG com.tngtech.archunit.core.importer.JavaClassProcessor - Processing class 'org/springframework/jdbc/core/StatementCallback'
19:37:23.320 [Test worker] DEBUG com.tngtech.archunit.core.importer.JavaClassProcessor - Processing class 'org/springframework/jdbc/core/ResultSetExtractor'
19:37:23.320 [Test worker] DEBUG com.tngtech.archunit.core.importer.JavaClassProcessor - Processing class 'org/springframework/jdbc/core/RowCallbackHandler'
19:37:23.320 [Test worker] DEBUG com.tngtech.archunit.core.importer.JavaClassProcessor - Processing class 'org/springframework/jdbc/core/RowMapper'
19:37:23.321 [Test worker] DEBUG com.tngtech.archunit.core.importer.JavaClassProcessor - Processing class 'org/springframework/jdbc/support/rowset/SqlRowSet'
19:37:23.321 [Test worker] DEBUG com.tngtech.archunit.core.importer.JavaClassProcessor - Processing class 'org/springframework/jdbc/core/PreparedStatementCreator'
19:37:23.321 [Test worker] DEBUG com.tngtech.archunit.core.importer.JavaClassProcessor - Processing class 'org/springframework/jdbc/core/PreparedStatementCallback'
19:37:23.321 [Test worker] DEBUG com.tngtech.archunit.core.importer.JavaClassProcessor - Processing class 'org/springframework/jdbc/core/PreparedStatementSetter'
19:37:23.322 [Test worker] DEBUG com.tngtech.archunit.core.importer.JavaClassProcessor - Processing class 'org/springframework/jdbc/support/KeyHolder'
19:37:23.322 [Test worker] DEBUG com.tngtech.archunit.core.importer.JavaClassProcessor - Processing class 'org/springframework/jdbc/core/BatchPreparedStatementSetter'
19:37:23.322 [Test worker] DEBUG com.tngtech.archunit.core.importer.JavaClassProcessor - Processing class 'org/springframework/jdbc/core/ParameterizedPreparedStatementSetter'
19:37:23.322 [Test worker] DEBUG com.tngtech.archunit.core.importer.JavaClassProcessor - Processing class 'org/springframework/jdbc/core/CallableStatementCreator'
19:37:23.322 [Test worker] DEBUG com.tngtech.archunit.core.importer.JavaClassProcessor - Processing class 'org/springframework/jdbc/core/CallableStatementCallback'
19:37:23.322 [Test worker] DEBUG com.tngtech.archunit.core.importer.JavaClassProcessor - Processing class 'java/sql/Connection'
19:37:23.323 [Test worker] DEBUG com.tngtech.archunit.core.importer.JavaClassProcessor - Processing class 'org/springframework/jdbc/datasource/ConnectionProxy'
19:37:23.323 [Test worker] DEBUG com.tngtech.archunit.core.importer.JavaClassProcessor - Processing class 'org/springframework/jdbc/core/ParameterDisposer'
19:37:23.323 [Test worker] DEBUG com.tngtech.archunit.core.importer.JavaClassProcessor - Processing class 'org/springframework/jdbc/core/SqlReturnResultSet'
19:37:23.323 [Test worker] DEBUG com.tngtech.archunit.core.importer.JavaClassProcessor - Processing class 'java/sql/CallableStatement'
19:37:23.323 [Test worker] DEBUG com.tngtech.archunit.core.importer.JavaClassProcessor - Processing class 'java/sql/SQLException'
19:37:23.324 [Test worker] DEBUG com.tngtech.archunit.core.importer.JavaClassProcessor - Processing class 'org/springframework/jdbc/core/SqlOutParameter'
19:37:23.324 [Test worker] DEBUG com.tngtech.archunit.core.importer.JavaClassProcessor - Processing class 'java/sql/ResultSet'
19:37:23.324 [Test worker] DEBUG com.tngtech.archunit.core.importer.JavaClassProcessor - Processing class 'org/springframework/jdbc/core/ResultSetSupportingSqlParameter'
19:37:23.324 [Test worker] DEBUG com.tngtech.archunit.core.importer.JavaClassProcessor - Processing class 'java/sql/Statement'
19:37:23.324 [Test worker] DEBUG com.tngtech.archunit.core.importer.JavaClassProcessor - Processing class 'java/sql/SQLWarning'
19:37:23.324 [Test worker] DEBUG com.tngtech.archunit.core.importer.JavaClassProcessor - Processing class 'org/springframework/jdbc/SQLWarningException'
19:37:23.324 [Test worker] DEBUG com.tngtech.archunit.core.importer.JavaClassProcessor - Processing class 'org/springframework/jdbc/core/SqlProvider'
19:37:23.325 [Test worker] DEBUG com.tngtech.archunit.core.importer.JavaClassProcessor - Processing class 'java/sql/PreparedStatement'
19:37:23.325 [Test worker] DEBUG com.tngtech.archunit.core.importer.JavaClassProcessor - Processing class 'org/springframework/jdbc/core/InterruptibleBatchPreparedStatementSetter'
19:37:23.325 [Test worker] DEBUG com.tngtech.archunit.core.importer.JavaClassProcessor - Processing class 'org/apache/commons/logging/Log'
19:37:23.325 [Test worker] DEBUG com.tngtech.archunit.core.importer.JavaClassProcessor - Processing class 'javax/sql/DataSource'
19:37:23.325 [Test worker] DEBUG com.tngtech.archunit.core.importer.JavaClassProcessor - Processing class 'org/springframework/jdbc/support/SQLExceptionTranslator'
19:37:23.326 [Test worker] DEBUG com.tngtech.archunit.core.importer.JavaClassProcessor - Processing class 'org/springframework/aot/hint/BindingReflectionHintsRegistrar'
19:37:23.327 [Test worker] DEBUG com.tngtech.archunit.core.importer.JavaClassProcessor - Processing class 'org/springframework/core/MethodParameter'
19:37:23.327 [Test worker] DEBUG com.tngtech.archunit.core.importer.JavaClassProcessor - Processing class 'org/springframework/web/bind/annotation/RequestPart'
19:37:23.327 [Test worker] DEBUG com.tngtech.archunit.core.importer.JavaClassProcessor - Processing class 'org/springframework/http/HttpEntity'
19:37:23.327 [Test worker] DEBUG com.tngtech.archunit.core.importer.JavaClassProcessor - Processing class 'org/springframework/web/bind/annotation/ModelAttribute'
19:37:23.327 [Test worker] DEBUG com.tngtech.archunit.core.importer.JavaClassProcessor - Processing class 'java/lang/reflect/Type'
19:37:23.328 [Test worker] DEBUG com.tngtech.archunit.core.importer.JavaClassProcessor - Processing class 'org/springframework/http/HttpMethod'
19:37:23.338 [Test worker] DEBUG com.tngtech.archunit.core.importer.UrlSource$From - Found URLs on sun.boot.class.path: []
19:37:23.343 [Test worker] DEBUG com.tngtech.archunit.core.importer.UrlSource$From - Found URLs on java.class.path: [jar:file:/C:/Users/ADMIN/.gradle/caches/7.4.2/workerMain/gradle-worker.jar!/, file:/D:/CODE/microservice/ddd-eshopee-EXPT-modulith/shopee-microservices/application/build/classes/java/test/, file:/D:/CODE/microservice/ddd-eshopee-EXPT-modulith/shopee-microservices/application/build/resources/test/, file:/D:/CODE/microservice/ddd-eshopee-EXPT-modulith/shopee-microservices/application/build/classes/java/main/, file:/D:/CODE/microservice/ddd-eshopee-EXPT-modulith/shopee-microservices/application/build/resources/main/, jar:file:/D:/CODE/microservice/ddd-eshopee-EXPT-modulith/shopee-microservices/sales/catalog/spring-boot-starter/build/libs/catalog-spring-boot-starter-2.0-SNAPSHOT.jar!/, jar:file:/D:/CODE/microservice/ddd-eshopee-EXPT-modulith/shopee-microservices/sales/cart/spring-boot-starter/build/libs/cart-spring-boot-starter-2.0-SNAPSHOT.jar!/, jar:file:/D:/CODE/microservice/ddd-eshopee-EXPT-modulith/shopee-microservices/sales/order/spring-boot-starter/build/libs/order-spring-boot-starter-2.0-SNAPSHOT.jar!/, jar:file:/D:/CODE/microservice/ddd-eshopee-EXPT-modulith/shopee-microservices/warehouse/spring-boot-starter/build/libs/warehouse-spring-boot-starter-2.0-SNAPSHOT.jar!/, jar:file:/D:/CODE/microservice/ddd-eshopee-EXPT-modulith/shopee-microservices/billing/payment/spring-boot-starter/build/libs/payment-spring-boot-starter-2.0-SNAPSHOT.jar!/, jar:file:/D:/CODE/microservice/ddd-eshopee-EXPT-modulith/shopee-microservices/shipping/delivery/spring-boot-starter/build/libs/delivery-spring-boot-starter-2.0-SNAPSHOT.jar!/, jar:file:/D:/CODE/microservice/ddd-eshopee-EXPT-modulith/shopee-microservices/shipping/dispatching/spring-boot-starter/build/libs/dispatching-spring-boot-starter-2.0-SNAPSHOT.jar!/, jar:file:/D:/CODE/microservice/ddd-eshopee-EXPT-modulith/shopee-microservices/portal/spring-boot-starter/build/libs/portal-spring-boot-starter-2.0-SNAPSHOT.jar!/, jar:file:/D:/CODE/microservice/ddd-eshopee-EXPT-modulith/shopee-microservices/common/application-integration-spring-boot-starter/build/libs/application-integration-spring-boot-starter-2.0-SNAPSHOT.jar!/, jar:file:/C:/Users/ADMIN/.gradle/caches/modules-2/files-2.1/org.springframework.boot/spring-boot-starter-data-redis/3.0.4/e122886d50ec624e51fbaac4bb0d5d17cf7b9764/spring-boot-starter-data-redis-3.0.4.jar!/, jar:file:/C:/Users/ADMIN/.gradle/caches/modules-2/files-2.1/org.springframework.boot/spring-boot-starter-jdbc/3.0.4/e64f229f772dc2952e1978a1f10d7f3a462e105d/spring-boot-starter-jdbc-3.0.4.jar!/, jar:file:/C:/Users/ADMIN/.gradle/caches/modules-2/files-2.1/org.springframework.boot/spring-boot-starter-web/3.0.4/6a7405b436c6943f056cdbab587fe48bdc2b4911/spring-boot-starter-web-3.0.4.jar!/, jar:file:/C:/Users/ADMIN/.gradle/caches/modules-2/files-2.1/org.springframework.boot/spring-boot-starter-test/3.0.4/eb934f1df3e6292d7b5800cfbbc237de90d174de/spring-boot-starter-test-3.0.4.jar!/, jar:file:/C:/Users/ADMIN/.gradle/caches/modules-2/files-2.1/org.springframework.boot/spring-boot-starter-thymeleaf/3.0.4/ea681f9f477da793eb9024a23686db9a59b50bc6/spring-boot-starter-thymeleaf-3.0.4.jar!/, jar:file:/C:/Users/ADMIN/.gradle/caches/modules-2/files-2.1/org.springframework.boot/spring-boot-starter-amqp/3.0.4/804a88a39dc6dce9678eef6f621bd9877f50a7ab/spring-boot-starter-amqp-3.0.4.jar!/, jar:file:/C:/Users/ADMIN/.gradle/caches/modules-2/files-2.1/org.springframework.boot/spring-boot-starter-json/3.0.4/5ddf427d011646fe787fdaa1b8edc4a4eebd48d5/spring-boot-starter-json-3.0.4.jar!/, jar:file:/C:/Users/ADMIN/.gradle/caches/modules-2/files-2.1/org.springframework.boot/spring-boot-starter/3.0.4/8f957a8bc9d70c0ca922406c6e23cb3db5d48109/spring-boot-starter-3.0.4.jar!/, jar:file:/C:/Users/ADMIN/.gradle/caches/modules-2/files-2.1/com.h2database/h2/2.1.214/d5c2005c9e3279201e12d4776c948578b16bf8b2/h2-2.1.214.jar!/, jar:file:/C:/Users/ADMIN/.gradle/caches/modules-2/files-2.1/org.postgresql/postgresql/42.5.4/15015a54f15e340a9a8a6a2c5457429cb1176b8/postgresql-42.5.4.jar!/, jar:file:/C:/Users/ADMIN/.gradle/caches/modules-2/files-2.1/io.rest-assured/rest-assured/5.2.1/131aedaf6ffbb783dbf7b21efe57a849ded8b321/rest-assured-5.2.1.jar!/, jar:file:/C:/Users/ADMIN/.gradle/caches/modules-2/files-2.1/com.tngtech.archunit/archunit/0.23.1/7f93a254a0b88b9209e34db523ed5c2cee2ab25f/archunit-0.23.1.jar!/, jar:file:/D:/CODE/microservice/ddd-eshopee-EXPT-modulith/shopee-microservices/sales/catalog/jdbc/build/libs/catalog-jdbc-2.0-SNAPSHOT.jar!/, jar:file:/D:/CODE/microservice/ddd-eshopee-EXPT-modulith/shopee-microservices/sales/catalog/rest/build/libs/catalog-rest-2.0-SNAPSHOT.jar!/, jar:file:/D:/CODE/microservice/ddd-eshopee-EXPT-modulith/shopee-microservices/sales/catalog/webcomp/build/libs/catalog-webcomp-2.0-SNAPSHOT.jar!/, jar:file:/D:/CODE/microservice/ddd-eshopee-EXPT-modulith/shopee-microservices/sales/cart/jdbc/build/libs/cart-jdbc-2.0-SNAPSHOT.jar!/, jar:file:/D:/CODE/microservice/ddd-eshopee-EXPT-modulith/shopee-microservices/sales/cart/rest/build/libs/cart-rest-2.0-SNAPSHOT.jar!/, jar:file:/D:/CODE/microservice/ddd-eshopee-EXPT-modulith/shopee-microservices/sales/cart/webcomp/build/libs/cart-webcomp-2.0-SNAPSHOT.jar!/, jar:file:/D:/CODE/microservice/ddd-eshopee-EXPT-modulith/shopee-microservices/sales/order/jdbc/build/libs/order-jdbc-2.0-SNAPSHOT.jar!/, jar:file:/D:/CODE/microservice/ddd-eshopee-EXPT-modulith/shopee-microservices/sales/order/rest/build/libs/order-rest-2.0-SNAPSHOT.jar!/, jar:file:/D:/CODE/microservice/ddd-eshopee-EXPT-modulith/shopee-microservices/sales/order/webcomp/build/libs/order-webcomp-2.0-SNAPSHOT.jar!/, jar:file:/D:/CODE/microservice/ddd-eshopee-EXPT-modulith/shopee-microservices/warehouse/jdbc/build/libs/warehouse-jdbc-2.0-SNAPSHOT.jar!/, jar:file:/D:/CODE/microservice/ddd-eshopee-EXPT-modulith/shopee-microservices/warehouse/listeners/build/libs/warehouse-listeners-2.0-SNAPSHOT.jar!/, jar:file:/D:/CODE/microservice/ddd-eshopee-EXPT-modulith/shopee-microservices/warehouse/rest/build/libs/warehouse-rest-2.0-SNAPSHOT.jar!/, jar:file:/D:/CODE/microservice/ddd-eshopee-EXPT-modulith/shopee-microservices/billing/payment/jdbc/build/libs/payment-jdbc-2.0-SNAPSHOT.jar!/, jar:file:/D:/CODE/microservice/ddd-eshopee-EXPT-modulith/shopee-microservices/billing/payment/listeners/build/libs/payment-listeners-2.0-SNAPSHOT.jar!/, jar:file:/D:/CODE/microservice/ddd-eshopee-EXPT-modulith/shopee-microservices/billing/payment/rest/build/libs/payment-rest-2.0-SNAPSHOT.jar!/, jar:file:/D:/CODE/microservice/ddd-eshopee-EXPT-modulith/shopee-microservices/shipping/delivery/jdbc/build/libs/delivery-jdbc-2.0-SNAPSHOT.jar!/, jar:file:/D:/CODE/microservice/ddd-eshopee-EXPT-modulith/shopee-microservices/shipping/delivery/listeners/build/libs/delivery-listeners-2.0-SNAPSHOT.jar!/, jar:file:/D:/CODE/microservice/ddd-eshopee-EXPT-modulith/shopee-microservices/shipping/delivery/rest/build/libs/delivery-rest-2.0-SNAPSHOT.jar!/, jar:file:/D:/CODE/microservice/ddd-eshopee-EXPT-modulith/shopee-microservices/shipping/delivery/webcomp/build/libs/delivery-webcomp-2.0-SNAPSHOT.jar!/, jar:file:/D:/CODE/microservice/ddd-eshopee-EXPT-modulith/shopee-microservices/shipping/dispatching/jdbc/build/libs/dispatching-jdbc-2.0-SNAPSHOT.jar!/, jar:file:/D:/CODE/microservice/ddd-eshopee-EXPT-modulith/shopee-microservices/shipping/dispatching/listeners/build/libs/dispatching-listeners-2.0-SNAPSHOT.jar!/, jar:file:/D:/CODE/microservice/ddd-eshopee-EXPT-modulith/shopee-microservices/portal/web/build/libs/portal-web-2.0-SNAPSHOT.jar!/, jar:file:/D:/CODE/microservice/ddd-eshopee-EXPT-modulith/shopee-microservices/sales/order/domain/build/libs/order-domain-2.0-SNAPSHOT.jar!/, jar:file:/D:/CODE/microservice/ddd-eshopee-EXPT-modulith/shopee-microservices/sales/order/events/build/libs/order-events-2.0-SNAPSHOT.jar!/, jar:file:/D:/CODE/microservice/ddd-eshopee-EXPT-modulith/shopee-microservices/shipping/dispatching/events/build/libs/dispatching-events-2.0-SNAPSHOT.jar!/, jar:file:/D:/CODE/microservice/ddd-eshopee-EXPT-modulith/shopee-microservices/shipping/delivery/domain/build/libs/delivery-domain-2.0-SNAPSHOT.jar!/, jar:file:/D:/CODE/microservice/ddd-eshopee-EXPT-modulith/shopee-microservices/shipping/delivery/events/build/libs/delivery-events-2.0-SNAPSHOT.jar!/, jar:file:/D:/CODE/microservice/ddd-eshopee-EXPT-modulith/shopee-microservices/billing/payment/domain/build/libs/payment-domain-2.0-SNAPSHOT.jar!/, jar:file:/D:/CODE/microservice/ddd-eshopee-EXPT-modulith/shopee-microservices/billing/payment/events/build/libs/payment-events-2.0-SNAPSHOT.jar!/, jar:file:/D:/CODE/microservice/ddd-eshopee-EXPT-modulith/shopee-microservices/warehouse/domain/build/libs/warehouse-domain-2.0-SNAPSHOT.jar!/, jar:file:/D:/CODE/microservice/ddd-eshopee-EXPT-modulith/shopee-microservices/warehouse/events/build/libs/warehouse-events-2.0-SNAPSHOT.jar!/, jar:file:/D:/CODE/microservice/ddd-eshopee-EXPT-modulith/shopee-microservices/common/events/build/libs/events-2.0-SNAPSHOT.jar!/, jar:file:/C:/Users/ADMIN/.gradle/caches/modules-2/files-2.1/com.fasterxml.jackson.datatype/jackson-datatype-jdk8/2.14.2/2f3c71211b6ea7a978eba33574d7135d536e07fb/jackson-datatype-jdk8-2.14.2.jar!/, jar:file:/C:/Users/ADMIN/.gradle/caches/modules-2/files-2.1/com.fasterxml.jackson.module/jackson-module-parameter-names/2.14.2/2b6c19b3d99dda02915515df879ab9e23fed3864/jackson-module-parameter-names-2.14.2.jar!/, jar:file:/C:/Users/ADMIN/.gradle/caches/modules-2/files-2.1/com.fasterxml.jackson.core/jackson-databind/2.14.2/1e71fddbc80bb86f71a6345ac1e8ab8a00e7134/jackson-databind-2.14.2.jar!/, jar:file:/C:/Users/ADMIN/.gradle/caches/modules-2/files-2.1/com.fasterxml.jackson.core/jackson-annotations/2.14.2/a7aae9525864930723e3453ab799521fdfd9d873/jackson-annotations-2.14.2.jar!/, jar:file:/C:/Users/ADMIN/.gradle/caches/modules-2/files-2.1/com.fasterxml.jackson.core/jackson-core/2.14.2/f804090e6399ce0cf78242db086017512dd71fcc/jackson-core-2.14.2.jar!/, jar:file:/C:/Users/ADMIN/.gradle/caches/modules-2/files-2.1/com.fasterxml.jackson.datatype/jackson-datatype-jsr310/2.14.2/796518148a385b2728d44886cc0f8852eb8eeb53/jackson-datatype-jsr310-2.14.2.jar!/, jar:file:/C:/Users/ADMIN/.gradle/caches/modules-2/files-2.1/org.springframework.boot/spring-boot-test-autoconfigure/3.0.4/3d28e21dc5cea68949d1f0b6a4051e7deeacf6cc/spring-boot-test-autoconfigure-3.0.4.jar!/, jar:file:/C:/Users/ADMIN/.gradle/caches/modules-2/files-2.1/org.springframework.boot/spring-boot-autoconfigure/3.0.4/7eb11bff0f965807f1088da20bc169bff27d284/spring-boot-autoconfigure-3.0.4.jar!/, jar:file:/C:/Users/ADMIN/.gradle/caches/modules-2/files-2.1/org.springframework.boot/spring-boot-test/3.0.4/4c1c72ff838b4f1191321aa01d1e98d68f882280/spring-boot-test-3.0.4.jar!/, jar:file:/C:/Users/ADMIN/.gradle/caches/modules-2/files-2.1/org.springframework.boot/spring-boot/3.0.4/27e5fceb2faf8ec399df70a2ff4e626a3423ae35/spring-boot-3.0.4.jar!/, jar:file:/C:/Users/ADMIN/.gradle/caches/modules-2/files-2.1/org.springframework.boot/spring-boot-starter-logging/3.0.4/31b32774c6ec2eceb3f75bdef7ddd8afd7059255/spring-boot-starter-logging-3.0.4.jar!/, jar:file:/C:/Users/ADMIN/.gradle/caches/modules-2/files-2.1/org.springframework.boot/spring-boot-starter-tomcat/3.0.4/40babd5ca3db46adf7c59b70ca2e6f2a528b558c/spring-boot-starter-tomcat-3.0.4.jar!/, jar:file:/C:/Users/ADMIN/.gradle/caches/modules-2/files-2.1/jakarta.annotation/jakarta.annotation-api/2.1.1/48b9bda22b091b1f48b13af03fe36db3be6e1ae3/jakarta.annotation-api-2.1.1.jar!/, jar:file:/C:/Users/ADMIN/.gradle/caches/modules-2/files-2.1/org.springframework/spring-jdbc/6.0.6/151e730f45832d42c6535b0bc6d7cebeabcaf844/spring-jdbc-6.0.6.jar!/, jar:file:/C:/Users/ADMIN/.gradle/caches/modules-2/files-2.1/org.springframework/spring-webmvc/6.0.6/302580efc981ad6797a85814ea0996e2149bb420/spring-webmvc-6.0.6.jar!/, jar:file:/C:/Users/ADMIN/.gradle/caches/modules-2/files-2.1/org.springframework/spring-web/6.0.6/2916961032e54aaeb534a290530b7b69e297bfcc/spring-web-6.0.6.jar!/, jar:file:/C:/Users/ADMIN/.gradle/caches/modules-2/files-2.1/org.springframework/spring-test/6.0.6/e94217b5c8cdf8f954d10251449fc98bdd8fc756/spring-test-6.0.6.jar!/, jar:file:/C:/Users/ADMIN/.gradle/caches/modules-2/files-2.1/org.springframework.data/spring-data-redis/3.0.3/6e8f59ca594ea86b56eacba74ae343d188771905/spring-data-redis-3.0.3.jar!/, jar:file:/C:/Users/ADMIN/.gradle/caches/modules-2/files-2.1/org.springframework.amqp/spring-rabbit/3.0.2/910f6a931b70f874ab03ba3dc0df2c6e05de12b8/spring-rabbit-3.0.2.jar!/, jar:file:/C:/Users/ADMIN/.gradle/caches/modules-2/files-2.1/org.springframework.data/spring-data-keyvalue/3.0.3/20ebdf1c5fb12aa0b5be9e67791e6c457f6e8968/spring-data-keyvalue-3.0.3.jar!/, jar:file:/C:/Users/ADMIN/.gradle/caches/modules-2/files-2.1/org.springframework/spring-tx/6.0.6/e86b3073d9640e17e5581a6aebb0d2794c407c46/spring-tx-6.0.6.jar!/, jar:file:/C:/Users/ADMIN/.gradle/caches/modules-2/files-2.1/org.springframework/spring-context-support/6.0.6/363228b8abc8b7ff569b10195f28652c7b65a41/spring-context-support-6.0.6.jar!/, jar:file:/C:/Users/ADMIN/.gradle/caches/modules-2/files-2.1/org.springframework/spring-context/6.0.6/fbd2b7c23adb2ec2f7ca601b3e7d79ae10e342a/spring-context-6.0.6.jar!/, jar:file:/C:/Users/ADMIN/.gradle/caches/modules-2/files-2.1/org.springframework/spring-messaging/6.0.6/42392bdb43a691e7c7bf4da296fef598a3127f37/spring-messaging-6.0.6.jar!/, jar:file:/C:/Users/ADMIN/.gradle/caches/modules-2/files-2.1/org.springframework/spring-oxm/6.0.6/e0bab7269ffaec4df3a9f221b4810b392c5ac492/spring-oxm-6.0.6.jar!/, jar:file:/C:/Users/ADMIN/.gradle/caches/modules-2/files-2.1/org.springframework/spring-aop/6.0.6/c95dc800fdce470519b7135272e64d4606fc8428/spring-aop-6.0.6.jar!/, jar:file:/C:/Users/ADMIN/.gradle/caches/modules-2/files-2.1/org.springframework.data/spring-data-commons/3.0.3/4492e9d25d7e8714f5ebfdd9e607dd7e0998038e/spring-data-commons-3.0.3.jar!/, jar:file:/C:/Users/ADMIN/.gradle/caches/modules-2/files-2.1/org.springframework/spring-beans/6.0.6/48ea4ba141146b3acaad0c7df80d2a06afeb95fd/spring-beans-6.0.6.jar!/, jar:file:/C:/Users/ADMIN/.gradle/caches/modules-2/files-2.1/org.springframework/spring-expression/6.0.6/2006ee0e1be8380f05c29deb52a97d3a1e6812d7/spring-expression-6.0.6.jar!/, jar:file:/C:/Users/ADMIN/.gradle/caches/modules-2/files-2.1/org.springframework.amqp/spring-amqp/3.0.2/698cf3a55e202356034288ed0bdccc2f8579b7e2/spring-amqp-3.0.2.jar!/, jar:file:/C:/Users/ADMIN/.gradle/caches/modules-2/files-2.1/org.springframework/spring-core/6.0.6/8a2845e0945923a9ebf3e9ef0649a28b6eeeac43/spring-core-6.0.6.jar!/, jar:file:/C:/Users/ADMIN/.gradle/caches/modules-2/files-2.1/org.yaml/snakeyaml/1.33/2cd0a87ff7df953f810c344bdf2fe3340b954c69/snakeyaml-1.33.jar!/, jar:file:/C:/Users/ADMIN/.gradle/caches/modules-2/files-2.1/io.lettuce/lettuce-core/6.2.3.RELEASE/3d671a51095ef90b817a690ef1b569b24b309665/lettuce-core-6.2.3.RELEASE.jar!/, jar:file:/C:/Users/ADMIN/.gradle/caches/modules-2/files-2.1/com.zaxxer/HikariCP/5.0.1/a74c7f0a37046846e88d54f7cb6ea6d565c65f9c/HikariCP-5.0.1.jar!/, jar:file:/C:/Users/ADMIN/.gradle/caches/modules-2/files-2.1/org.checkerframework/checker-qual/3.5.0/2f50520c8abea66fbd8d26e481d3aef5c673b510/checker-qual-3.5.0.jar!/, jar:file:/C:/Users/ADMIN/.gradle/caches/modules-2/files-2.1/com.jayway.jsonpath/json-path/2.7.0/f9d7d9659f2694e61142046ff8a216c047f263e8/json-path-2.7.0.jar!/, jar:file:/C:/Users/ADMIN/.gradle/caches/modules-2/files-2.1/jakarta.xml.bind/jakarta.xml.bind-api/4.0.0/bbb399208d288b15ec101fa4fcfc4bd77cedc97a/jakarta.xml.bind-api-4.0.0.jar!/, jar:file:/C:/Users/ADMIN/.gradle/caches/modules-2/files-2.1/org.assertj/assertj-core/3.23.1/d2bb60570f5b3d7ffa8f8000118c9c07b86eca93/assertj-core-3.23.1.jar!/, jar:file:/C:/Users/ADMIN/.gradle/caches/modules-2/files-2.1/org.hamcrest/hamcrest/2.2/1820c0968dba3a11a1b30669bb1f01978a91dedc/hamcrest-2.2.jar!/, jar:file:/C:/Users/ADMIN/.gradle/caches/modules-2/files-2.1/org.mockito/mockito-junit-jupiter/4.8.1/e393aa62eca2244a535b03842843f2f199343d1f/mockito-junit-jupiter-4.8.1.jar!/, jar:file:/C:/Users/ADMIN/.gradle/caches/modules-2/files-2.1/org.junit.jupiter/junit-jupiter-params/5.9.2/bc2765afb7b85b583c710dd259a11c6b8c39e912/junit-jupiter-params-5.9.2.jar!/, jar:file:/C:/Users/ADMIN/.gradle/caches/modules-2/files-2.1/org.junit.jupiter/junit-jupiter-engine/5.9.2/572f7a553b53f83ee59cc045ce1c3772864ab76c/junit-jupiter-engine-5.9.2.jar!/, jar:file:/C:/Users/ADMIN/.gradle/caches/modules-2/files-2.1/org.junit.jupiter/junit-jupiter-api/5.9.2/fed843581520eac594bc36bb4b0f55e7b947dda9/junit-jupiter-api-5.9.2.jar!/, jar:file:/C:/Users/ADMIN/.gradle/caches/modules-2/files-2.1/org.junit.platform/junit-platform-engine/1.9.2/40aeef2be7b04f96bb91e8b054affc28b7c7c935/junit-platform-engine-1.9.2.jar!/, jar:file:/C:/Users/ADMIN/.gradle/caches/modules-2/files-2.1/org.junit.platform/junit-platform-commons/1.9.2/6f9f8621d8230cd38aa42e58ccbc0c00569131ce/junit-platform-commons-1.9.2.jar!/, jar:file:/C:/Users/ADMIN/.gradle/caches/modules-2/files-2.1/org.junit.jupiter/junit-jupiter/5.9.2/26c586fbe0ebd81b48c9f11f0d998124248697ae/junit-jupiter-5.9.2.jar!/, jar:file:/C:/Users/ADMIN/.gradle/caches/modules-2/files-2.1/org.mockito/mockito-core/4.8.1/d8eb9dec8747d08645347bb8c69088ac83197975/mockito-core-4.8.1.jar!/, jar:file:/C:/Users/ADMIN/.gradle/caches/modules-2/files-2.1/org.skyscreamer/jsonassert/1.5.1/6d842d0faf4cf6725c509a5e5347d319ee0431c3/jsonassert-1.5.1.jar!/, jar:file:/C:/Users/ADMIN/.gradle/caches/modules-2/files-2.1/org.xmlunit/xmlunit-core/2.9.1/e5833662d9a1279a37da3ef6f62a1da29fcd68c4/xmlunit-core-2.9.1.jar!/, jar:file:/C:/Users/ADMIN/.gradle/caches/modules-2/files-2.1/io.rest-assured/xml-path/5.2.1/3918e4080bd677b1b4683bdd82a19be78d5c0ec2/xml-path-5.2.1.jar!/, jar:file:/C:/Users/ADMIN/.gradle/caches/modules-2/files-2.1/io.rest-assured/json-path/5.2.1/f53d9cefcf3e3f4554f390ec17d278c47d4125ad/json-path-5.2.1.jar!/, jar:file:/C:/Users/ADMIN/.gradle/caches/modules-2/files-2.1/org.apache.groovy/groovy-json/4.0.9/122759fca67c3ef87ea7d48a3057af362a360089/groovy-json-4.0.9.jar!/, jar:file:/C:/Users/ADMIN/.gradle/caches/modules-2/files-2.1/org.apache.groovy/groovy-xml/4.0.9/b22d2ae189670d4ccc58bc4ef003d922b85cb0d5/groovy-xml-4.0.9.jar!/, jar:file:/C:/Users/ADMIN/.gradle/caches/modules-2/files-2.1/io.rest-assured/rest-assured-common/5.2.1/f506be4e8fb8c2adbbfdff9720fad420b76e6543/rest-assured-common-5.2.1.jar!/, jar:file:/C:/Users/ADMIN/.gradle/caches/modules-2/files-2.1/org.apache.groovy/groovy/4.0.9/80605ad828d16fd5d6349628b8d77e5761b2b4c4/groovy-4.0.9.jar!/, jar:file:/C:/Users/ADMIN/.gradle/caches/modules-2/files-2.1/org.apache.httpcomponents/httpmime/4.5.14/6662758a1f1cb1149cf916bdac28332e0902ec44/httpmime-4.5.14.jar!/, jar:file:/C:/Users/ADMIN/.gradle/caches/modules-2/files-2.1/org.apache.httpcomponents/httpclient/4.5.14/1194890e6f56ec29177673f2f12d0b8e627dec98/httpclient-4.5.14.jar!/, jar:file:/C:/Users/ADMIN/.gradle/caches/modules-2/files-2.1/org.ccil.cowan.tagsoup/tagsoup/1.2.1/5584627487e984c03456266d3f8802eb85a9ce97/tagsoup-1.2.1.jar!/, jar:file:/C:/Users/ADMIN/.gradle/caches/modules-2/files-2.1/org.thymeleaf/thymeleaf-spring6/3.1.1.RELEASE/deb52ef921a4ac5132fedb7ebfc2bc1dad4382b3/thymeleaf-spring6-3.1.1.RELEASE.jar!/, jar:file:/C:/Users/ADMIN/.gradle/caches/modules-2/files-2.1/ch.qos.logback/logback-classic/1.4.5/28e7dc0b208d6c3f15beefd73976e064b4ecfa9b/logback-classic-1.4.5.jar!/, jar:file:/C:/Users/ADMIN/.gradle/caches/modules-2/files-2.1/org.apache.logging.log4j/log4j-to-slf4j/2.19.0/30f4812e43172ecca5041da2cb6b965cc4777c19/log4j-to-slf4j-2.19.0.jar!/, jar:file:/C:/Users/ADMIN/.gradle/caches/modules-2/files-2.1/org.slf4j/jul-to-slf4j/2.0.6/c4d348977a83a0bfcf42fd6fd1fee6e7904f1a0c/jul-to-slf4j-2.0.6.jar!/, jar:file:/C:/Users/ADMIN/.gradle/caches/modules-2/files-2.1/org.thymeleaf/thymeleaf/3.1.1.RELEASE/374a129dfa5e7d7f1a46eacc4d49e594ca0cf26f/thymeleaf-3.1.1.RELEASE.jar!/, jar:file:/C:/Users/ADMIN/.gradle/caches/modules-2/files-2.1/com.rabbitmq/amqp-client/5.16.0/c70c66a8e5a92e41adf618efa7d8025db29cdf3/amqp-client-5.16.0.jar!/, jar:file:/C:/Users/ADMIN/.gradle/caches/modules-2/files-2.1/org.slf4j/slf4j-api/2.0.6/88c40d8b4f33326f19a7d3c0aaf2c7e8721d4953/slf4j-api-2.0.6.jar!/, jar:file:/D:/CODE/microservice/ddd-eshopee-EXPT-modulith/shopee-microservices/sales/catalog/domain/build/libs/catalog-domain-2.0-SNAPSHOT.jar!/, jar:file:/D:/CODE/microservice/ddd-eshopee-EXPT-modulith/shopee-microservices/sales/cart/domain/build/libs/cart-domain-2.0-SNAPSHOT.jar!/, jar:file:/D:/CODE/microservice/ddd-eshopee-EXPT-modulith/shopee-microservices/shipping/dispatching/domain/build/libs/dispatching-domain-2.0-SNAPSHOT.jar!/, jar:file:/C:/Users/ADMIN/.gradle/caches/modules-2/files-2.1/org.springframework/spring-jcl/6.0.6/f13cd8a561e71fb65c63201113d766fcd7a2b06f/spring-jcl-6.0.6.jar!/, jar:file:/C:/Users/ADMIN/.gradle/caches/modules-2/files-2.1/io.netty/netty-handler/4.1.89.Final/ced584e9eba5a6b7aad7c6a28a60c13375459f1a/netty-handler-4.1.89.Final.jar!/, jar:file:/C:/Users/ADMIN/.gradle/caches/modules-2/files-2.1/io.netty/netty-transport-native-unix-common/4.1.89.Final/a7717ed61393d5aad202a92bb02f661ed525bf86/netty-transport-native-unix-common-4.1.89.Final.jar!/, jar:file:/C:/Users/ADMIN/.gradle/caches/modules-2/files-2.1/io.netty/netty-codec/4.1.89.Final/f03a649ffa405ca4c802a8bfcc2abfe70ae485ca/netty-codec-4.1.89.Final.jar!/, jar:file:/C:/Users/ADMIN/.gradle/caches/modules-2/files-2.1/io.netty/netty-transport/4.1.89.Final/e7ff320310eafe302c0dfb9690ae7201ab61ead2/netty-transport-4.1.89.Final.jar!/, jar:file:/C:/Users/ADMIN/.gradle/caches/modules-2/files-2.1/io.netty/netty-resolver/4.1.89.Final/686b21bf3488747bc834ee9e60a863f37b71f35e/netty-resolver-4.1.89.Final.jar!/, jar:file:/C:/Users/ADMIN/.gradle/caches/modules-2/files-2.1/io.netty/netty-buffer/4.1.89.Final/b1d3dbf69a75eaa8793c7e00cff2851dac9fd725/netty-buffer-4.1.89.Final.jar!/, jar:file:/C:/Users/ADMIN/.gradle/caches/modules-2/files-2.1/io.netty/netty-common/4.1.89.Final/c0c80bfe45cc85da5030ea8fc64071e28d0f6f5f/netty-common-4.1.89.Final.jar!/, jar:file:/C:/Users/ADMIN/.gradle/caches/modules-2/files-2.1/io.projectreactor/reactor-core/3.5.3/dd102ecdb21ff78a486074dbad55331f8847eb5d/reactor-core-3.5.3.jar!/, jar:file:/C:/Users/ADMIN/.gradle/caches/modules-2/files-2.1/org.apache.tomcat.embed/tomcat-embed-websocket/10.1.5/14529cbd593571dc9029272ddc9166b5ef113fc2/tomcat-embed-websocket-10.1.5.jar!/, jar:file:/C:/Users/ADMIN/.gradle/caches/modules-2/files-2.1/org.apache.tomcat.embed/tomcat-embed-core/10.1.5/21417d3ef8189e2af05aae0a765ad9204d7211b5/tomcat-embed-core-10.1.5.jar!/, jar:file:/C:/Users/ADMIN/.gradle/caches/modules-2/files-2.1/org.apache.tomcat.embed/tomcat-embed-el/10.1.5/c125df13af42a0fc0cd342370449b1276181e2a1/tomcat-embed-el-10.1.5.jar!/, jar:file:/C:/Users/ADMIN/.gradle/caches/modules-2/files-2.1/io.micrometer/micrometer-observation/1.10.4/96aa92ad7a18c2451c429348c0167eb08a988d4e/micrometer-observation-1.10.4.jar!/, jar:file:/C:/Users/ADMIN/.gradle/caches/modules-2/files-2.1/net.minidev/json-smart/2.4.8/7c62f5f72ab05eb54d40e2abf0360a2fe9ea477f/json-smart-2.4.8.jar!/, jar:file:/C:/Users/ADMIN/.gradle/caches/modules-2/files-2.1/jakarta.activation/jakarta.activation-api/2.1.1/88c774ab863a21fb2fc4219af95379fafe499a31/jakarta.activation-api-2.1.1.jar!/, jar:file:/C:/Users/ADMIN/.gradle/caches/modules-2/files-2.1/net.bytebuddy/byte-buddy/1.12.23/d470526e8c4566c04e9ae5d3ccb62d1a7aa58986/byte-buddy-1.12.23.jar!/, jar:file:/C:/Users/ADMIN/.gradle/caches/modules-2/files-2.1/net.bytebuddy/byte-buddy-agent/1.12.23/1cba11fdb72c383edacb909f79ae6870efd275e4/byte-buddy-agent-1.12.23.jar!/, jar:file:/C:/Users/ADMIN/.gradle/caches/modules-2/files-2.1/org.objenesis/objenesis/3.2/7fadf57620c8b8abdf7519533e5527367cb51f09/objenesis-3.2.jar!/, jar:file:/C:/Users/ADMIN/.m2/repository/com/vaadin/external/google/android-json/0.0.20131108.vaadin1/android-json-0.0.20131108.vaadin1.jar!/, jar:file:/C:/Users/ADMIN/.gradle/caches/modules-2/files-2.1/org.apache.httpcomponents/httpcore/4.4.16/51cf043c87253c9f58b539c9f7e44c8894223850/httpcore-4.4.16.jar!/, jar:file:/C:/Users/ADMIN/.gradle/caches/modules-2/files-2.1/commons-codec/commons-codec/1.15/49d94806b6e3dc933dacbd8acb0fdbab8ebd1e5d/commons-codec-1.15.jar!/, jar:file:/C:/Users/ADMIN/.gradle/caches/modules-2/files-2.1/org.apache.commons/commons-lang3/3.12.0/c6842c86792ff03b9f1d1fe2aab8dc23aa6c6f0e/commons-lang3-3.12.0.jar!/, jar:file:/D:/CODE/microservice/ddd-eshopee-EXPT-modulith/shopee-microservices/common/primitives/build/libs/primitives-2.0-SNAPSHOT.jar!/, jar:file:/C:/Users/ADMIN/.gradle/caches/modules-2/files-2.1/ch.qos.logback/logback-core/1.4.5/e9bb2ea70f84401314da4300343b0a246c8954da/logback-core-1.4.5.jar!/, jar:file:/C:/Users/ADMIN/.gradle/caches/modules-2/files-2.1/org.apache.logging.log4j/log4j-api/2.19.0/ea1b37f38c327596b216542bc636cfdc0b8036fa/log4j-api-2.19.0.jar!/, jar:file:/C:/Users/ADMIN/.gradle/caches/modules-2/files-2.1/org.reactivestreams/reactive-streams/1.0.4/3864a1320d97d7b045f729a326e1e077661f31b7/reactive-streams-1.0.4.jar!/, jar:file:/C:/Users/ADMIN/.gradle/caches/modules-2/files-2.1/io.micrometer/micrometer-commons/1.10.4/a5db33c573c8755e70388f204e83000dc359b63d/micrometer-commons-1.10.4.jar!/, jar:file:/C:/Users/ADMIN/.gradle/caches/modules-2/files-2.1/net.minidev/accessors-smart/2.4.8/6e1bee5a530caba91893604d6ab41d0edcecca9a/accessors-smart-2.4.8.jar!/, jar:file:/C:/Users/ADMIN/.gradle/caches/modules-2/files-2.1/org.opentest4j/opentest4j/1.2.0/28c11eb91f9b6d8e200631d46e20a7f407f2a046/opentest4j-1.2.0.jar!/, jar:file:/C:/Users/ADMIN/.gradle/caches/modules-2/files-2.1/org.attoparser/attoparser/2.0.6.RELEASE/8f603f22a18d4f7258f8860ccbb68b069f49904a/attoparser-2.0.6.RELEASE.jar!/, jar:file:/C:/Users/ADMIN/.gradle/caches/modules-2/files-2.1/org.unbescape/unbescape/1.1.6.RELEASE/7b90360afb2b860e09e8347112800d12c12b2a13/unbescape-1.1.6.RELEASE.jar!/, jar:file:/C:/Users/ADMIN/.gradle/caches/modules-2/files-2.1/org.springframework.retry/spring-retry/2.0.0/6a7a653901b58eb741692417f33b5bebedbd01f7/spring-retry-2.0.0.jar!/, jar:file:/C:/Users/ADMIN/.gradle/caches/modules-2/files-2.1/org.ow2.asm/asm/9.1/a99500cf6eea30535eeac6be73899d048f8d12a8/asm-9.1.jar!/]
19:37:23.352 [Test worker] DEBUG com.tngtech.archunit.core.importer.JavaClassProcessor - Processing class 'com/home/eshopee/sales/cart/jdbc/CartJdbcConfig'
19:37:23.353 [Test worker] DEBUG com.tngtech.archunit.core.importer.JavaClassProcessor - Processing class 'com/home/eshopee/sales/cart/jdbc/CartJdbc'
19:37:23.353 [Test worker] DEBUG com.tngtech.archunit.core.importer.JavaClassProcessor - Processing class 'com/home/eshopee/sales/cart/jdbc/RetrieveCartJdbc'
19:37:23.353 [Test worker] DEBUG com.tngtech.archunit.core.importer.JavaClassProcessor - Processing class 'com/home/eshopee/sales/cart/rest/CartController'
19:37:23.353 [Test worker] DEBUG com.tngtech.archunit.core.importer.JavaClassProcessor - Processing class 'com/home/eshopee/sales/cart/rest/CartIdFromCookies'
19:37:23.354 [Test worker] DEBUG com.tngtech.archunit.core.importer.JavaClassProcessor - Processing class 'com/home/eshopee/sales/cart/Cart'
19:37:23.354 [Test worker] DEBUG com.tngtech.archunit.core.importer.JavaClassProcessor - Processing class 'com/home/eshopee/sales/cart/CartId'
19:37:23.354 [Test worker] DEBUG com.tngtech.archunit.core.importer.JavaClassProcessor - Processing class 'com/home/eshopee/sales/cart/item/CartItem'
19:37:23.354 [Test worker] DEBUG com.tngtech.archunit.core.importer.JavaClassProcessor - Processing class 'com/home/eshopee/sales/cart/item/ProductId'
19:37:23.354 [Test worker] DEBUG com.tngtech.archunit.core.importer.JavaClassProcessor - Processing class 'com/home/eshopee/sales/cart/item/Title'
19:37:23.354 [Test worker] DEBUG com.tngtech.archunit.core.importer.JavaClassProcessor - Processing class 'com/home/eshopee/sales/cart/ListCartItems'
19:37:23.354 [Test worker] DEBUG com.tngtech.archunit.core.importer.JavaClassProcessor - Processing class 'com/home/eshopee/sales/cart/RemoveCartItem'
19:37:23.354 [Test worker] DEBUG com.tngtech.archunit.core.importer.JavaClassProcessor - Processing class 'com/home/eshopee/sales/cart/RetrieveCart'
19:37:23.355 [Test worker] DEBUG com.tngtech.archunit.core.importer.DependencyResolutionProcess - Automatically resolving transitive class dependencies with the following configuration:
import.dependencyResolutionProcess.maxIterationsForMemberTypes = 1
import.dependencyResolutionProcess.maxIterationsForAccessesToTypes = 1
import.dependencyResolutionProcess.maxIterationsForSupertypes = -1
import.dependencyResolutionProcess.maxIterationsForEnclosingTypes = -1
import.dependencyResolutionProcess.maxIterationsForAnnotationTypes = -1
import.dependencyResolutionProcess.maxIterationsForGenericSignatureTypes = -1
19:37:23.355 [Test worker] DEBUG com.tngtech.archunit.core.importer.JavaClassProcessor - Processing class 'java/lang/Float'
19:37:23.355 [Test worker] DEBUG com.tngtech.archunit.core.importer.JavaClassProcessor - Processing class 'java/util/Arrays'
19:37:23.356 [Test worker] DEBUG com.tngtech.archunit.core.importer.JavaClassProcessor - Processing class 'jakarta/servlet/http/HttpServletRequest'
19:37:23.356 [Test worker] DEBUG com.tngtech.archunit.core.importer.JavaClassProcessor - Processing class 'org/springframework/web/bind/annotation/RequestMapping'
19:37:23.356 [Test worker] DEBUG com.tngtech.archunit.core.importer.JavaClassProcessor - Processing class 'java/lang/Integer'
19:37:23.357 [Test worker] DEBUG com.tngtech.archunit.core.importer.JavaClassProcessor - Processing class 'org/springframework/jdbc/core/JdbcTemplate'
19:37:23.358 [Test worker] DEBUG com.tngtech.archunit.core.importer.JavaClassProcessor - Processing class 'com/home/eshopee/common/primitives/Money'
19:37:23.358 [Test worker] DEBUG com.tngtech.archunit.core.importer.JavaClassProcessor - Processing class 'org/springframework/web/bind/annotation/RequestBody'
19:37:23.358 [Test worker] DEBUG com.tngtech.archunit.core.importer.JavaClassProcessor - Processing class 'java/math/BigDecimal'
19:37:23.359 [Test worker] DEBUG com.tngtech.archunit.core.importer.JavaClassProcessor - Processing class 'java/util/Map'
19:37:23.359 [Test worker] DEBUG com.tngtech.archunit.core.importer.JavaClassProcessor - Processing class 'org/springframework/web/bind/annotation/GetMapping'
19:37:23.359 [Test worker] DEBUG com.tngtech.archunit.core.importer.JavaClassProcessor - Processing class 'java/lang/String'
19:37:23.360 [Test worker] DEBUG com.tngtech.archunit.core.importer.JavaClassProcessor - Processing class 'org/springframework/web/bind/annotation/ResponseStatus'
19:37:23.360 [Test worker] DEBUG com.tngtech.archunit.core.importer.JavaClassProcessor - Processing class 'java/lang/Number'
19:37:23.360 [Test worker] DEBUG com.tngtech.archunit.core.importer.JavaClassProcessor - Processing class 'com/home/eshopee/common/primitives/Quantity'
19:37:23.360 [Test worker] DEBUG com.tngtech.archunit.core.importer.JavaClassProcessor - Processing class 'org/springframework/web/bind/annotation/DeleteMapping'
19:37:23.360 [Test worker] DEBUG com.tngtech.archunit.core.importer.JavaClassProcessor - Processing class 'org/springframework/web/bind/annotation/PostMapping'
19:37:23.360 [Test worker] DEBUG com.tngtech.archunit.core.importer.JavaClassProcessor - Processing class 'java/util/UUID'
19:37:23.360 [Test worker] DEBUG com.tngtech.archunit.core.importer.JavaClassProcessor - Processing class 'java/lang/IllegalArgumentException'
19:37:23.361 [Test worker] DEBUG com.tngtech.archunit.core.importer.JavaClassProcessor - Processing class 'java/util/stream/Collectors'
19:37:23.361 [Test worker] DEBUG com.tngtech.archunit.core.importer.JavaClassProcessor - Processing class 'org/springframework/web/bind/annotation/RestController'
19:37:23.361 [Test worker] DEBUG com.tngtech.archunit.core.importer.JavaClassProcessor - Processing class 'org/springframework/context/annotation/Configuration'
19:37:23.362 [Test worker] DEBUG com.tngtech.archunit.core.importer.JavaClassProcessor - Processing class 'org/springframework/http/HttpStatus'
19:37:23.362 [Test worker] DEBUG com.tngtech.archunit.core.importer.JavaClassProcessor - Processing class 'java/util/List'
19:37:23.362 [Test worker] DEBUG com.tngtech.archunit.core.importer.JavaClassProcessor - Processing class 'java/lang/Object'
19:37:23.362 [Test worker] DEBUG com.tngtech.archunit.core.importer.JavaClassProcessor - Processing class 'jakarta/servlet/http/Cookie'
19:37:23.362 [Test worker] DEBUG com.tngtech.archunit.core.importer.JavaClassProcessor - Processing class 'java/util/stream/Stream'
19:37:23.362 [Test worker] DEBUG com.tngtech.archunit.core.importer.JavaClassProcessor - Processing class 'java/util/Optional'
19:37:23.363 [Test worker] DEBUG com.tngtech.archunit.core.importer.JavaClassProcessor - Processing class 'org/springframework/context/annotation/Bean'
19:37:23.363 [Test worker] DEBUG com.tngtech.archunit.core.importer.JavaClassProcessor - Processing class 'jakarta/servlet/http/HttpServletResponse'
19:37:23.363 [Test worker] DEBUG com.tngtech.archunit.core.importer.JavaClassProcessor - Processing class 'org/springframework/jdbc/core/JdbcOperations'
19:37:23.363 [Test worker] DEBUG com.tngtech.archunit.core.importer.JavaClassProcessor - Processing class 'org/springframework/jdbc/support/JdbcAccessor'
19:37:23.363 [Test worker] DEBUG com.tngtech.archunit.core.importer.JavaClassProcessor - Processing class 'org/springframework/jdbc/core/SqlParameter'
19:37:23.364 [Test worker] DEBUG com.tngtech.archunit.core.importer.JavaClassProcessor - Processing class 'java/util/function/IntConsumer'
19:37:23.364 [Test worker] DEBUG com.tngtech.archunit.core.importer.JavaClassProcessor - Processing class 'java/util/DoubleSummaryStatistics'
19:37:23.364 [Test worker] DEBUG com.tngtech.archunit.core.importer.JavaClassProcessor - Processing class 'java/util/function/DoubleConsumer'
19:37:23.364 [Test worker] DEBUG com.tngtech.archunit.core.importer.JavaClassProcessor - Processing class 'java/lang/Enum'
19:37:23.364 [Test worker] DEBUG com.tngtech.archunit.core.importer.JavaClassProcessor - Processing class 'java/lang/Long'
19:37:23.364 [Test worker] DEBUG com.tngtech.archunit.core.importer.JavaClassProcessor - Processing class 'java/lang/annotation/Documented'
19:37:23.364 [Test worker] DEBUG com.tngtech.archunit.core.importer.JavaClassProcessor - Processing class 'org/springframework/web/bind/annotation/ControllerMappingReflectiveProcessor'
19:37:23.364 [Test worker] DEBUG com.tngtech.archunit.core.importer.JavaClassProcessor - Processing class 'java/lang/Cloneable'
19:37:23.364 [Test worker] DEBUG com.tngtech.archunit.core.importer.JavaClassProcessor - Processing class 'org/springframework/aot/hint/annotation/Reflective'
19:37:23.364 [Test worker] DEBUG com.tngtech.archunit.core.importer.JavaClassProcessor - Processing class 'jdk/internal/vm/annotation/ForceInline'
19:37:23.364 [Test worker] DEBUG com.tngtech.archunit.core.importer.JavaClassProcessor - Processing class 'jakarta/servlet/ServletRequest'
19:37:23.365 [Test worker] DEBUG com.tngtech.archunit.core.importer.JavaClassProcessor - Processing class 'java/lang/CharSequence'
19:37:23.365 [Test worker] DEBUG com.tngtech.archunit.core.importer.JavaClassProcessor - Processing class 'java/util/Collection'
19:37:23.365 [Test worker] DEBUG com.tngtech.archunit.core.importer.JavaClassProcessor - Processing class 'org/springframework/http/HttpStatusCode'
19:37:23.365 [Test worker] DEBUG com.tngtech.archunit.core.importer.JavaClassProcessor - Processing class 'org/springframework/web/bind/annotation/RequestMethod'
19:37:23.365 [Test worker] DEBUG com.tngtech.archunit.core.importer.JavaClassProcessor - Processing class 'java/util/Set'
19:37:23.365 [Test worker] DEBUG com.tngtech.archunit.core.importer.JavaClassProcessor - Processing class 'java/io/Serializable'
19:37:23.365 [Test worker] DEBUG com.tngtech.archunit.core.importer.JavaClassProcessor - Processing class 'java/util/stream/DoubleStream'
19:37:23.365 [Test worker] DEBUG com.tngtech.archunit.core.importer.JavaClassProcessor - Processing class 'jakarta/servlet/ServletResponse'
19:37:23.365 [Test worker] DEBUG com.tngtech.archunit.core.importer.JavaClassProcessor - Processing class 'java/lang/annotation/Annotation'
19:37:23.366 [Test worker] DEBUG com.tngtech.archunit.core.importer.JavaClassProcessor - Processing class 'jdk/internal/ValueBased'
19:37:23.366 [Test worker] DEBUG com.tngtech.archunit.core.importer.JavaClassProcessor - Processing class 'java/util/stream/IntStream'
19:37:23.366 [Test worker] DEBUG com.tngtech.archunit.core.importer.JavaClassProcessor - Processing class 'java/lang/Throwable'
19:37:23.366 [Test worker] DEBUG com.tngtech.archunit.core.importer.JavaClassProcessor - Processing class 'java/lang/Double'
19:37:23.366 [Test worker] DEBUG com.tngtech.archunit.core.importer.JavaClassProcessor - Processing class 'jakarta/servlet/http/HttpUpgradeHandler'
19:37:23.366 [Test worker] DEBUG com.tngtech.archunit.core.importer.JavaClassProcessor - Processing class 'org/springframework/stereotype/Controller'
19:37:23.366 [Test worker] DEBUG com.tngtech.archunit.core.importer.JavaClassProcessor - Processing class 'java/lang/annotation/Retention'
19:37:23.366 [Test worker] DEBUG com.tngtech.archunit.core.importer.JavaClassProcessor - Processing class 'java/util/concurrent/ConcurrentMap'
19:37:23.366 [Test worker] DEBUG com.tngtech.archunit.core.importer.JavaClassProcessor - Processing class 'java/lang/constant/ConstantDesc'
19:37:23.366 [Test worker] DEBUG com.tngtech.archunit.core.importer.JavaClassProcessor - Processing class 'java/lang/Boolean'
19:37:23.367 [Test worker] DEBUG com.tngtech.archunit.core.importer.JavaClassProcessor - Processing class 'org/springframework/lang/Nullable'
19:37:23.367 [Test worker] DEBUG com.tngtech.archunit.core.importer.JavaClassProcessor - Processing class 'java/util/LongSummaryStatistics'
19:37:23.367 [Test worker] DEBUG com.tngtech.archunit.core.importer.JavaClassProcessor - Processing class 'org/springframework/core/annotation/AliasFor'
19:37:23.367 [Test worker] DEBUG com.tngtech.archunit.core.importer.JavaClassProcessor - Processing class 'java/lang/SafeVarargs'
19:37:23.367 [Test worker] DEBUG com.tngtech.archunit.core.importer.JavaClassProcessor - Processing class 'java/util/Map$Entry'
19:37:23.367 [Test worker] DEBUG com.tngtech.archunit.core.importer.JavaClassProcessor - Processing class 'jdk/internal/vm/annotation/IntrinsicCandidate'
19:37:23.367 [Test worker] DEBUG com.tngtech.archunit.core.importer.JavaClassProcessor - Processing class 'java/util/stream/LongStream'
19:37:23.367 [Test worker] DEBUG com.tngtech.archunit.core.importer.JavaClassProcessor - Processing class 'jdk/internal/vm/annotation/Stable'
19:37:23.367 [Test worker] DEBUG com.tngtech.archunit.core.importer.JavaClassProcessor - Processing class 'java/lang/Deprecated'
19:37:23.367 [Test worker] DEBUG com.tngtech.archunit.core.importer.JavaClassProcessor - Processing class 'java/lang/annotation/Target'
19:37:23.367 [Test worker] DEBUG com.tngtech.archunit.core.importer.JavaClassProcessor - Processing class 'java/lang/RuntimeException'
19:37:23.367 [Test worker] DEBUG com.tngtech.archunit.core.importer.JavaClassProcessor - Processing class 'java/lang/annotation/ElementType'
19:37:23.367 [Test worker] DEBUG com.tngtech.archunit.core.importer.JavaClassProcessor - Processing class 'org/springframework/web/bind/annotation/ResponseBody'
19:37:23.367 [Test worker] DEBUG com.tngtech.archunit.core.importer.JavaClassProcessor - Processing class 'java/util/stream/Collector$Characteristics'
19:37:23.367 [Test worker] DEBUG com.tngtech.archunit.core.importer.JavaClassProcessor - Processing class 'java/util/function/LongConsumer'
19:37:23.367 [Test worker] DEBUG com.tngtech.archunit.core.importer.JavaClassProcessor - Processing class 'java/util/function/Consumer'
19:37:23.368 [Test worker] DEBUG com.tngtech.archunit.core.importer.JavaClassProcessor - Processing class 'java/lang/constant/Constable'
19:37:23.368 [Test worker] DEBUG com.tngtech.archunit.core.importer.JavaClassProcessor - Processing class 'jakarta/servlet/http/Part'
19:37:23.368 [Test worker] DEBUG com.tngtech.archunit.core.importer.JavaClassProcessor - Processing class 'org/springframework/stereotype/Component'
19:37:23.368 [Test worker] DEBUG com.tngtech.archunit.core.importer.JavaClassProcessor - Processing class 'java/util/stream/BaseStream'
19:37:23.368 [Test worker] DEBUG com.tngtech.archunit.core.importer.JavaClassProcessor - Processing class 'java/lang/Comparable'
19:37:23.368 [Test worker] DEBUG com.tngtech.archunit.core.importer.JavaClassProcessor - Processing class 'java/util/IntSummaryStatistics'
19:37:23.368 [Test worker] DEBUG com.tngtech.archunit.core.importer.JavaClassProcessor - Processing class 'java/lang/annotation/RetentionPolicy'
19:37:23.368 [Test worker] DEBUG com.tngtech.archunit.core.importer.JavaClassProcessor - Processing class 'org/springframework/web/bind/annotation/Mapping'
19:37:23.368 [Test worker] DEBUG com.tngtech.archunit.core.importer.JavaClassProcessor - Processing class 'java/lang/AutoCloseable'
19:37:23.368 [Test worker] DEBUG com.tngtech.archunit.core.importer.JavaClassProcessor - Processing class 'org/springframework/aot/hint/annotation/ReflectiveProcessor'
19:37:23.368 [Test worker] DEBUG com.tngtech.archunit.core.importer.JavaClassProcessor - Processing class 'java/lang/Enum$EnumDesc'
19:37:23.368 [Test worker] DEBUG com.tngtech.archunit.core.importer.JavaClassProcessor - Processing class 'java/util/Locale'
19:37:23.369 [Test worker] DEBUG com.tngtech.archunit.core.importer.JavaClassProcessor - Processing class 'java/util/stream/Collector'
19:37:23.369 [Test worker] DEBUG com.tngtech.archunit.core.importer.JavaClassProcessor - Processing class 'java/lang/Exception'
19:37:23.369 [Test worker] DEBUG com.tngtech.archunit.core.importer.JavaClassProcessor - Processing class 'java/lang/constant/DynamicConstantDesc'
19:37:23.369 [Test worker] DEBUG com.tngtech.archunit.core.importer.JavaClassProcessor - Processing class 'org/springframework/aot/hint/annotation/SimpleReflectiveProcessor'
19:37:23.369 [Test worker] DEBUG com.tngtech.archunit.core.importer.JavaClassProcessor - Processing class 'org/springframework/beans/factory/InitializingBean'
19:37:23.369 [Test worker] DEBUG com.tngtech.archunit.core.importer.JavaClassProcessor - Processing class 'java/lang/Iterable'
19:37:23.369 [Test worker] DEBUG com.tngtech.archunit.core.importer.JavaClassProcessor - Processing class 'java/lang/FunctionalInterface'
19:37:23.370 [Test worker] DEBUG com.tngtech.archunit.core.importer.JavaClassProcessor - Processing class 'org/springframework/stereotype/Indexed'
19:37:23.370 [Test worker] DEBUG com.tngtech.archunit.core.importer.JavaClassProcessor - Processing class 'java/util/Locale$LanguageRange'
19:37:23.370 [Test worker] DEBUG com.tngtech.archunit.core.importer.JavaClassProcessor - Processing class 'sun/util/locale/BaseLocale'
19:37:23.370 [Test worker] DEBUG com.tngtech.archunit.core.importer.JavaClassProcessor - Processing class 'java/lang/Character'
19:37:23.370 [Test worker] DEBUG com.tngtech.archunit.core.importer.JavaClassProcessor - Processing class 'sun/util/locale/LocaleExtensions'
19:37:23.370 [Test worker] DEBUG com.tngtech.archunit.core.importer.JavaClassProcessor - Processing class 'sun/util/locale/Extension'
19:37:23.370 [Test worker] DEBUG com.tngtech.archunit.core.importer.JavaClassProcessor - Processing class 'sun/util/locale/InternalLocaleBuilder$CaseInsensitiveString'
19:37:23.370 [Test worker] DEBUG com.tngtech.archunit.core.importer.JavaClassProcessor - Processing class 'sun/util/locale/InternalLocaleBuilder$CaseInsensitiveChar'
19:37:23.370 [Test worker] DEBUG com.tngtech.archunit.core.importer.JavaClassProcessor - Processing class 'sun/util/locale/InternalLocaleBuilder'
19:37:23.371 [Test worker] DEBUG com.tngtech.archunit.core.importer.JavaClassProcessor - Processing class 'java/util/Enumeration'
19:37:23.371 [Test worker] DEBUG com.tngtech.archunit.core.importer.JavaClassProcessor - Processing class 'java/io/UnsupportedEncodingException'
19:37:23.371 [Test worker] DEBUG com.tngtech.archunit.core.importer.JavaClassProcessor - Processing class 'jakarta/servlet/ServletInputStream'
19:37:23.372 [Test worker] DEBUG com.tngtech.archunit.core.importer.JavaClassProcessor - Processing class 'java/io/IOException'
19:37:23.372 [Test worker] DEBUG com.tngtech.archunit.core.importer.JavaClassProcessor - Processing class 'java/io/BufferedReader'
19:37:23.372 [Test worker] DEBUG com.tngtech.archunit.core.importer.JavaClassProcessor - Processing class 'jakarta/servlet/RequestDispatcher'
19:37:23.372 [Test worker] DEBUG com.tngtech.archunit.core.importer.JavaClassProcessor - Processing class 'jakarta/servlet/ServletContext'
19:37:23.372 [Test worker] DEBUG com.tngtech.archunit.core.importer.JavaClassProcessor - Processing class 'jakarta/servlet/AsyncContext'
19:37:23.372 [Test worker] DEBUG com.tngtech.archunit.core.importer.JavaClassProcessor - Processing class 'java/lang/IllegalStateException'
19:37:23.372 [Test worker] DEBUG com.tngtech.archunit.core.importer.JavaClassProcessor - Processing class 'jakarta/servlet/DispatcherType'
19:37:23.373 [Test worker] DEBUG com.tngtech.archunit.core.importer.JavaClassProcessor - Processing class 'jakarta/servlet/ServletConnection'
19:37:23.373 [Test worker] DEBUG com.tngtech.archunit.core.importer.JavaClassProcessor - Processing class 'jakarta/servlet/ServletOutputStream'
19:37:23.373 [Test worker] DEBUG com.tngtech.archunit.core.importer.JavaClassProcessor - Processing class 'java/io/PrintWriter'
19:37:23.373 [Test worker] DEBUG com.tngtech.archunit.core.importer.JavaClassProcessor - Processing class 'java/util/ResourceBundle'
19:37:23.373 [Test worker] DEBUG com.tngtech.archunit.core.importer.JavaClassProcessor - Processing class 'jakarta/servlet/http/CookieNameValidator'
19:37:23.374 [Test worker] DEBUG com.tngtech.archunit.core.importer.JavaClassProcessor - Processing class 'jakarta/servlet/http/HttpServletMapping'
19:37:23.374 [Test worker] DEBUG com.tngtech.archunit.core.importer.JavaClassProcessor - Processing class 'jakarta/servlet/http/PushBuilder'
19:37:23.374 [Test worker] DEBUG com.tngtech.archunit.core.importer.JavaClassProcessor - Processing class 'java/security/Principal'
19:37:23.374 [Test worker] DEBUG com.tngtech.archunit.core.importer.JavaClassProcessor - Processing class 'java/lang/StringBuffer'
19:37:23.374 [Test worker] DEBUG com.tngtech.archunit.core.importer.JavaClassProcessor - Processing class 'jakarta/servlet/http/HttpSession'
19:37:23.374 [Test worker] DEBUG com.tngtech.archunit.core.importer.JavaClassProcessor - Processing class 'jakarta/servlet/ServletException'
19:37:23.375 [Test worker] DEBUG com.tngtech.archunit.core.importer.JavaClassProcessor - Processing class 'java/lang/Class'
19:37:23.375 [Test worker] DEBUG com.tngtech.archunit.core.importer.JavaClassProcessor - Processing class 'java/util/function/Supplier'
19:37:23.375 [Test worker] DEBUG com.tngtech.archunit.core.importer.JavaClassProcessor - Processing class 'jakarta/servlet/http/WebConnection'
19:37:23.375 [Test worker] DEBUG com.tngtech.archunit.core.importer.JavaClassProcessor - Processing class 'java/io/InputStream'
19:37:23.376 [Test worker] DEBUG com.tngtech.archunit.core.importer.JavaClassProcessor - Processing class 'java/util/Spliterator$OfInt'
19:37:23.377 [Test worker] DEBUG com.tngtech.archunit.core.importer.JavaClassProcessor - Processing class 'java/lang/NumberFormatException'
19:37:23.377 [Test worker] DEBUG com.tngtech.archunit.core.importer.JavaClassProcessor - Processing class 'java/lang/invoke/MethodHandles$Lookup'
19:37:23.377 [Test worker] DEBUG com.tngtech.archunit.core.importer.JavaClassProcessor - Processing class 'java/lang/ReflectiveOperationException'
19:37:23.377 [Test worker] DEBUG com.tngtech.archunit.core.importer.JavaClassProcessor - Processing class 'java/lang/CloneNotSupportedException'
19:37:23.377 [Test worker] DEBUG com.tngtech.archunit.core.importer.JavaClassProcessor - Processing class 'java/io/ObjectInputStream'
19:37:23.378 [Test worker] DEBUG com.tngtech.archunit.core.importer.JavaClassProcessor - Processing class 'java/lang/ClassNotFoundException'
19:37:23.378 [Test worker] DEBUG com.tngtech.archunit.core.importer.JavaClassProcessor - Processing class 'java/io/ObjectStreamException'
19:37:23.378 [Test worker] DEBUG com.tngtech.archunit.core.importer.JavaClassProcessor - Processing class 'java/lang/constant/ClassDesc'
19:37:23.378 [Test worker] DEBUG com.tngtech.archunit.core.importer.JavaClassProcessor - Processing class 'java/util/Iterator'
19:37:23.378 [Test worker] DEBUG com.tngtech.archunit.core.importer.JavaClassProcessor - Processing class 'java/util/Spliterator'
19:37:23.379 [Test worker] DEBUG com.tngtech.archunit.core.importer.JavaClassProcessor - Processing class 'java/math/BigInteger'
19:37:23.379 [Test worker] DEBUG com.tngtech.archunit.core.importer.JavaClassProcessor - Processing class 'java/lang/InterruptedException'
19:37:23.380 [Test worker] DEBUG com.tngtech.archunit.core.importer.JavaClassProcessor - Processing class 'java/io/ObjectStreamField'
19:37:23.380 [Test worker] DEBUG com.tngtech.archunit.core.importer.JavaClassProcessor - Processing class 'java/util/Comparator'
19:37:23.380 [Test worker] DEBUG com.tngtech.archunit.core.importer.JavaClassProcessor - Processing class 'java/lang/Void'
19:37:23.380 [Test worker] DEBUG com.tngtech.archunit.core.importer.JavaClassProcessor - Processing class 'java/nio/charset/Charset'
19:37:23.380 [Test worker] DEBUG com.tngtech.archunit.core.importer.JavaClassProcessor - Processing class 'java/nio/charset/MalformedInputException'
19:37:23.380 [Test worker] DEBUG com.tngtech.archunit.core.importer.JavaClassProcessor - Processing class 'java/nio/charset/CharacterCodingException'
19:37:23.380 [Test worker] DEBUG com.tngtech.archunit.core.importer.JavaClassProcessor - Processing class 'sun/nio/cs/ArrayDecoder'
19:37:23.380 [Test worker] DEBUG com.tngtech.archunit.core.importer.JavaClassProcessor - Processing class 'sun/nio/cs/ArrayEncoder'
19:37:23.380 [Test worker] DEBUG com.tngtech.archunit.core.importer.JavaClassProcessor - Processing class 'java/nio/charset/UnmappableCharacterException'
19:37:23.380 [Test worker] DEBUG com.tngtech.archunit.core.importer.JavaClassProcessor - Processing class 'java/nio/charset/CharsetDecoder'
19:37:23.380 [Test worker] DEBUG com.tngtech.archunit.core.importer.JavaClassProcessor - Processing class 'java/lang/AbstractStringBuilder'
19:37:23.381 [Test worker] DEBUG com.tngtech.archunit.core.importer.JavaClassProcessor - Processing class 'java/util/function/Function'
19:37:23.381 [Test worker] DEBUG com.tngtech.archunit.core.importer.JavaClassProcessor - Processing class 'java/lang/StringBuilder'
19:37:23.381 [Test worker] DEBUG com.tngtech.archunit.core.importer.JavaClassProcessor - Processing class 'java/lang/StackTraceElement'
19:37:23.381 [Test worker] DEBUG com.tngtech.archunit.core.importer.JavaClassProcessor - Processing class 'java/io/PrintStream'
19:37:23.381 [Test worker] DEBUG com.tngtech.archunit.core.importer.JavaClassProcessor - Processing class 'java/lang/Throwable$PrintStreamOrWriter'
19:37:23.382 [Test worker] DEBUG com.tngtech.archunit.core.importer.JavaClassProcessor - Processing class 'java/io/ObjectOutputStream'
19:37:23.382 [Test worker] DEBUG com.tngtech.archunit.core.importer.JavaClassProcessor - Processing class 'java/lang/constant/DirectMethodHandleDesc'
19:37:23.383 [Test worker] DEBUG com.tngtech.archunit.core.importer.JavaClassProcessor - Processing class 'java/math/MathContext'
19:37:23.383 [Test worker] DEBUG com.tngtech.archunit.core.importer.JavaClassProcessor - Processing class 'java/math/RoundingMode'
19:37:23.383 [Test worker] DEBUG com.tngtech.archunit.core.importer.JavaClassProcessor - Processing class 'java/math/MutableBigInteger'
19:37:23.384 [Test worker] DEBUG com.tngtech.archunit.core.importer.JavaClassProcessor - Processing class 'java/util/function/BinaryOperator'
19:37:23.384 [Test worker] DEBUG com.tngtech.archunit.core.importer.JavaClassProcessor - Processing class 'java/util/function/LongBinaryOperator'
19:37:23.384 [Test worker] DEBUG com.tngtech.archunit.core.importer.JavaClassProcessor - Processing class 'java/util/function/DoubleBinaryOperator'
19:37:23.384 [Test worker] DEBUG com.tngtech.archunit.core.importer.JavaClassProcessor - Processing class 'java/util/function/IntBinaryOperator'
19:37:23.384 [Test worker] DEBUG com.tngtech.archunit.core.importer.JavaClassProcessor - Processing class 'java/util/function/IntFunction'
19:37:23.384 [Test worker] DEBUG com.tngtech.archunit.core.importer.JavaClassProcessor - Processing class 'java/util/function/IntUnaryOperator'
19:37:23.384 [Test worker] DEBUG com.tngtech.archunit.core.importer.JavaClassProcessor - Processing class 'java/util/function/IntToLongFunction'
19:37:23.384 [Test worker] DEBUG com.tngtech.archunit.core.importer.JavaClassProcessor - Processing class 'java/util/function/IntToDoubleFunction'
19:37:23.384 [Test worker] DEBUG com.tngtech.archunit.core.importer.JavaClassProcessor - Processing class 'java/util/Spliterator$OfLong'
19:37:23.384 [Test worker] DEBUG com.tngtech.archunit.core.importer.JavaClassProcessor - Processing class 'java/util/Spliterator$OfDouble'
19:37:23.385 [Test worker] DEBUG com.tngtech.archunit.core.importer.JavaClassProcessor - Processing class 'java/util/function/Predicate'
19:37:23.385 [Test worker] DEBUG com.tngtech.archunit.core.importer.JavaClassProcessor - Processing class 'java/util/function/UnaryOperator'
19:37:23.385 [Test worker] DEBUG com.tngtech.archunit.core.importer.JavaClassProcessor - Processing class 'java/util/ListIterator'
19:37:23.385 [Test worker] DEBUG com.tngtech.archunit.core.importer.JavaClassProcessor - Processing class 'java/util/RandomAccess'
19:37:23.385 [Test worker] DEBUG com.tngtech.archunit.core.importer.JavaClassProcessor - Processing class 'java/util/Locale$Category'
19:37:23.385 [Test worker] DEBUG com.tngtech.archunit.core.importer.JavaClassProcessor - Processing class 'java/util/Locale$IsoCountryCode'
19:37:23.385 [Test worker] DEBUG com.tngtech.archunit.core.importer.JavaClassProcessor - Processing class 'java/util/MissingResourceException'
19:37:23.385 [Test worker] DEBUG com.tngtech.archunit.core.importer.JavaClassProcessor - Processing class 'java/util/spi/LocaleNameProvider'
19:37:23.385 [Test worker] DEBUG com.tngtech.archunit.core.importer.JavaClassProcessor - Processing class 'sun/util/locale/provider/LocaleResources'
19:37:23.386 [Test worker] DEBUG com.tngtech.archunit.core.importer.JavaClassProcessor - Processing class 'java/util/Locale$FilteringMode'
19:37:23.386 [Test worker] DEBUG com.tngtech.archunit.core.importer.JavaClassProcessor - Processing class 'java/util/function/BiConsumer'
19:37:23.386 [Test worker] DEBUG com.tngtech.archunit.core.importer.JavaClassProcessor - Processing class 'java/util/function/BiFunction'
19:37:23.386 [Test worker] DEBUG com.tngtech.archunit.core.importer.JavaClassProcessor - Processing class 'java/util/ImmutableCollections$AbstractImmutableMap'
19:37:23.386 [Test worker] DEBUG com.tngtech.archunit.core.importer.JavaClassProcessor - Processing class 'java/util/KeyValueHolder'
19:37:23.386 [Test worker] DEBUG com.tngtech.archunit.core.importer.JavaClassProcessor - Processing class 'java/lang/invoke/SerializedLambda'
19:37:23.386 [Test worker] DEBUG com.tngtech.archunit.core.importer.JavaClassProcessor - Processing class 'java/lang/Runnable'
19:37:23.387 [Test worker] DEBUG com.tngtech.archunit.core.importer.JavaClassProcessor - Processing class 'java/util/ImmutableCollections$AbstractImmutableSet'
19:37:23.387 [Test worker] DEBUG com.tngtech.archunit.core.importer.JavaClassProcessor - Processing class 'jdk/internal/access/JavaLangAccess'
19:37:23.387 [Test worker] DEBUG com.tngtech.archunit.core.importer.JavaClassProcessor - Processing class 'java/util/function/ToIntFunction'
19:37:23.387 [Test worker] DEBUG com.tngtech.archunit.core.importer.JavaClassProcessor - Processing class 'java/util/function/ToLongFunction'
19:37:23.387 [Test worker] DEBUG com.tngtech.archunit.core.importer.JavaClassProcessor - Processing class 'java/util/function/ToDoubleFunction'
19:37:23.387 [Test worker] DEBUG com.tngtech.archunit.core.importer.JavaClassProcessor - Processing class 'java/util/stream/Collectors$1PairBox'
19:37:23.388 [Test worker] DEBUG com.tngtech.archunit.core.importer.JavaClassProcessor - Processing class 'java/util/HashMap'
19:37:23.388 [Test worker] DEBUG com.tngtech.archunit.core.importer.JavaClassProcessor - Processing class 'java/util/stream/Collectors$Partition'
19:37:23.388 [Test worker] DEBUG com.tngtech.archunit.core.importer.JavaClassProcessor - Processing class 'java/util/stream/Collectors$1OptionalBox'
19:37:23.388 [Test worker] DEBUG com.tngtech.archunit.core.importer.JavaClassProcessor - Processing class 'java/util/StringJoiner'
19:37:23.388 [Test worker] DEBUG com.tngtech.archunit.core.importer.JavaClassProcessor - Processing class 'java/util/HashSet'
19:37:23.388 [Test worker] DEBUG com.tngtech.archunit.core.importer.JavaClassProcessor - Processing class 'java/util/ArrayList'
19:37:23.388 [Test worker] DEBUG com.tngtech.archunit.core.importer.JavaClassProcessor - Processing class 'java/util/function/DoublePredicate'
19:37:23.388 [Test worker] DEBUG com.tngtech.archunit.core.importer.JavaClassProcessor - Processing class 'java/util/function/DoubleUnaryOperator'
19:37:23.388 [Test worker] DEBUG com.tngtech.archunit.core.importer.JavaClassProcessor - Processing class 'java/util/function/DoubleFunction'
19:37:23.388 [Test worker] DEBUG com.tngtech.archunit.core.importer.JavaClassProcessor - Processing class 'java/util/function/DoubleToIntFunction'
19:37:23.388 [Test worker] DEBUG com.tngtech.archunit.core.importer.JavaClassProcessor - Processing class 'java/util/function/DoubleToLongFunction'
19:37:23.388 [Test worker] DEBUG com.tngtech.archunit.core.importer.JavaClassProcessor - Processing class 'java/util/stream/DoubleStream$DoubleMapMultiConsumer'
19:37:23.389 [Test worker] DEBUG com.tngtech.archunit.core.importer.JavaClassProcessor - Processing class 'java/util/OptionalDouble'
19:37:23.389 [Test worker] DEBUG com.tngtech.archunit.core.importer.JavaClassProcessor - Processing class 'java/util/function/ObjDoubleConsumer'
19:37:23.389 [Test worker] DEBUG com.tngtech.archunit.core.importer.JavaClassProcessor - Processing class 'java/util/PrimitiveIterator$OfDouble'
19:37:23.389 [Test worker] DEBUG com.tngtech.archunit.core.importer.JavaClassProcessor - Processing class 'java/util/stream/DoubleStream$Builder'
19:37:23.389 [Test worker] DEBUG com.tngtech.archunit.core.importer.JavaClassProcessor - Processing class 'java/util/function/DoubleSupplier'
19:37:23.389 [Test worker] DEBUG com.tngtech.archunit.core.importer.JavaClassProcessor - Processing class 'java/util/function/IntPredicate'
19:37:23.389 [Test worker] DEBUG com.tngtech.archunit.core.importer.JavaClassProcessor - Processing class 'java/util/stream/IntStream$IntMapMultiConsumer'
19:37:23.389 [Test worker] DEBUG com.tngtech.archunit.core.importer.JavaClassProcessor - Processing class 'java/util/OptionalInt'
19:37:23.389 [Test worker] DEBUG com.tngtech.archunit.core.importer.JavaClassProcessor - Processing class 'java/util/function/ObjIntConsumer'
19:37:23.389 [Test worker] DEBUG com.tngtech.archunit.core.importer.JavaClassProcessor - Processing class 'java/util/PrimitiveIterator$OfInt'
19:37:23.389 [Test worker] DEBUG com.tngtech.archunit.core.importer.JavaClassProcessor - Processing class 'java/util/stream/IntStream$Builder'
19:37:23.389 [Test worker] DEBUG com.tngtech.archunit.core.importer.JavaClassProcessor - Processing class 'java/util/function/IntSupplier'
19:37:23.389 [Test worker] DEBUG com.tngtech.archunit.core.importer.JavaClassProcessor - Processing class 'java/util/function/LongPredicate'
19:37:23.389 [Test worker] DEBUG com.tngtech.archunit.core.importer.JavaClassProcessor - Processing class 'java/util/function/LongUnaryOperator'
19:37:23.389 [Test worker] DEBUG com.tngtech.archunit.core.importer.JavaClassProcessor - Processing class 'java/util/function/LongFunction'
19:37:23.389 [Test worker] DEBUG com.tngtech.archunit.core.importer.JavaClassProcessor - Processing class 'java/util/function/LongToIntFunction'
19:37:23.389 [Test worker] DEBUG com.tngtech.archunit.core.importer.JavaClassProcessor - Processing class 'java/util/function/LongToDoubleFunction'
19:37:23.389 [Test worker] DEBUG com.tngtech.archunit.core.importer.JavaClassProcessor - Processing class 'java/util/stream/LongStream$LongMapMultiConsumer'
19:37:23.389 [Test worker] DEBUG com.tngtech.archunit.core.importer.JavaClassProcessor - Processing class 'java/util/OptionalLong'
19:37:23.389 [Test worker] DEBUG com.tngtech.archunit.core.importer.JavaClassProcessor - Processing class 'java/util/function/ObjLongConsumer'
19:37:23.389 [Test worker] DEBUG com.tngtech.archunit.core.importer.JavaClassProcessor - Processing class 'java/util/PrimitiveIterator$OfLong'
19:37:23.389 [Test worker] DEBUG com.tngtech.archunit.core.importer.JavaClassProcessor - Processing class 'java/util/stream/LongStream$Builder'
19:37:23.389 [Test worker] DEBUG com.tngtech.archunit.core.importer.JavaClassProcessor - Processing class 'java/util/function/LongSupplier'
19:37:23.390 [Test worker] DEBUG com.tngtech.archunit.core.importer.JavaClassProcessor - Processing class 'java/util/stream/Stream$Builder'
19:37:23.390 [Test worker] DEBUG com.tngtech.archunit.core.importer.JavaClassProcessor - Processing class 'org/springframework/aot/hint/ReflectionHints'
19:37:23.390 [Test worker] DEBUG com.tngtech.archunit.core.importer.JavaClassProcessor - Processing class 'java/lang/reflect/AnnotatedElement'
19:37:23.390 [Test worker] DEBUG com.tngtech.archunit.core.importer.JavaClassProcessor - Processing class 'java/lang/reflect/Constructor'
19:37:23.390 [Test worker] DEBUG com.tngtech.archunit.core.importer.JavaClassProcessor - Processing class 'java/lang/reflect/Field'
19:37:23.390 [Test worker] DEBUG com.tngtech.archunit.core.importer.JavaClassProcessor - Processing class 'java/lang/reflect/Method'
19:37:23.391 [Test worker] DEBUG com.tngtech.archunit.core.importer.JavaClassProcessor - Processing class 'org/springframework/http/HttpStatus$Series'
19:37:23.391 [Test worker] DEBUG com.tngtech.archunit.core.importer.JavaClassProcessor - Processing class 'org/springframework/jdbc/core/ConnectionCallback'
19:37:23.391 [Test worker] DEBUG com.tngtech.archunit.core.importer.JavaClassProcessor - Processing class 'org/springframework/dao/DataAccessException'
19:37:23.391 [Test worker] DEBUG com.tngtech.archunit.core.importer.JavaClassProcessor - Processing class 'org/springframework/jdbc/core/StatementCallback'
19:37:23.392 [Test worker] DEBUG com.tngtech.archunit.core.importer.JavaClassProcessor - Processing class 'org/springframework/jdbc/core/ResultSetExtractor'
19:37:23.392 [Test worker] DEBUG com.tngtech.archunit.core.importer.JavaClassProcessor - Processing class 'org/springframework/jdbc/core/RowCallbackHandler'
19:37:23.392 [Test worker] DEBUG com.tngtech.archunit.core.importer.JavaClassProcessor - Processing class 'org/springframework/jdbc/core/RowMapper'
19:37:23.392 [Test worker] DEBUG com.tngtech.archunit.core.importer.JavaClassProcessor - Processing class 'org/springframework/jdbc/support/rowset/SqlRowSet'
19:37:23.392 [Test worker] DEBUG com.tngtech.archunit.core.importer.JavaClassProcessor - Processing class 'org/springframework/jdbc/core/PreparedStatementCreator'
19:37:23.392 [Test worker] DEBUG com.tngtech.archunit.core.importer.JavaClassProcessor - Processing class 'org/springframework/jdbc/core/PreparedStatementCallback'
19:37:23.392 [Test worker] DEBUG com.tngtech.archunit.core.importer.JavaClassProcessor - Processing class 'org/springframework/jdbc/core/PreparedStatementSetter'
19:37:23.393 [Test worker] DEBUG com.tngtech.archunit.core.importer.JavaClassProcessor - Processing class 'org/springframework/jdbc/support/KeyHolder'
19:37:23.393 [Test worker] DEBUG com.tngtech.archunit.core.importer.JavaClassProcessor - Processing class 'org/springframework/jdbc/core/BatchPreparedStatementSetter'
19:37:23.393 [Test worker] DEBUG com.tngtech.archunit.core.importer.JavaClassProcessor - Processing class 'org/springframework/jdbc/core/ParameterizedPreparedStatementSetter'
19:37:23.393 [Test worker] DEBUG com.tngtech.archunit.core.importer.JavaClassProcessor - Processing class 'org/springframework/jdbc/core/CallableStatementCreator'
19:37:23.393 [Test worker] DEBUG com.tngtech.archunit.core.importer.JavaClassProcessor - Processing class 'org/springframework/jdbc/core/CallableStatementCallback'
19:37:23.393 [Test worker] DEBUG com.tngtech.archunit.core.importer.JavaClassProcessor - Processing class 'java/sql/Connection'
19:37:23.394 [Test worker] DEBUG com.tngtech.archunit.core.importer.JavaClassProcessor - Processing class 'org/springframework/jdbc/datasource/ConnectionProxy'
19:37:23.394 [Test worker] DEBUG com.tngtech.archunit.core.importer.JavaClassProcessor - Processing class 'org/springframework/jdbc/core/ParameterDisposer'
19:37:23.394 [Test worker] DEBUG com.tngtech.archunit.core.importer.JavaClassProcessor - Processing class 'org/springframework/jdbc/core/SqlReturnResultSet'
19:37:23.394 [Test worker] DEBUG com.tngtech.archunit.core.importer.JavaClassProcessor - Processing class 'java/sql/CallableStatement'
19:37:23.394 [Test worker] DEBUG com.tngtech.archunit.core.importer.JavaClassProcessor - Processing class 'java/sql/SQLException'
19:37:23.395 [Test worker] DEBUG com.tngtech.archunit.core.importer.JavaClassProcessor - Processing class 'org/springframework/jdbc/core/SqlOutParameter'
19:37:23.395 [Test worker] DEBUG com.tngtech.archunit.core.importer.JavaClassProcessor - Processing class 'java/sql/ResultSet'
19:37:23.395 [Test worker] DEBUG com.tngtech.archunit.core.importer.JavaClassProcessor - Processing class 'org/springframework/jdbc/core/ResultSetSupportingSqlParameter'
19:37:23.395 [Test worker] DEBUG com.tngtech.archunit.core.importer.JavaClassProcessor - Processing class 'java/sql/Statement'
19:37:23.395 [Test worker] DEBUG com.tngtech.archunit.core.importer.JavaClassProcessor - Processing class 'java/sql/SQLWarning'
19:37:23.395 [Test worker] DEBUG com.tngtech.archunit.core.importer.JavaClassProcessor - Processing class 'org/springframework/jdbc/SQLWarningException'
19:37:23.395 [Test worker] DEBUG com.tngtech.archunit.core.importer.JavaClassProcessor - Processing class 'org/springframework/jdbc/core/SqlProvider'
19:37:23.395 [Test worker] DEBUG com.tngtech.archunit.core.importer.JavaClassProcessor - Processing class 'java/sql/PreparedStatement'
19:37:23.396 [Test worker] DEBUG com.tngtech.archunit.core.importer.JavaClassProcessor - Processing class 'org/springframework/jdbc/core/InterruptibleBatchPreparedStatementSetter'
19:37:23.396 [Test worker] DEBUG com.tngtech.archunit.core.importer.JavaClassProcessor - Processing class 'org/apache/commons/logging/Log'
19:37:23.396 [Test worker] DEBUG com.tngtech.archunit.core.importer.JavaClassProcessor - Processing class 'javax/sql/DataSource'
19:37:23.396 [Test worker] DEBUG com.tngtech.archunit.core.importer.JavaClassProcessor - Processing class 'org/springframework/jdbc/support/SQLExceptionTranslator'
19:37:23.396 [Test worker] DEBUG com.tngtech.archunit.core.importer.JavaClassProcessor - Processing class 'org/springframework/aot/hint/BindingReflectionHintsRegistrar'
19:37:23.407 [Test worker] DEBUG com.tngtech.archunit.core.importer.JavaClassProcessor - Processing class 'org/springframework/core/MethodParameter'
19:37:23.408 [Test worker] DEBUG com.tngtech.archunit.core.importer.JavaClassProcessor - Processing class 'org/springframework/web/bind/annotation/RequestPart'
19:37:23.408 [Test worker] DEBUG com.tngtech.archunit.core.importer.JavaClassProcessor - Processing class 'org/springframework/http/HttpEntity'
19:37:23.408 [Test worker] DEBUG com.tngtech.archunit.core.importer.JavaClassProcessor - Processing class 'org/springframework/web/bind/annotation/ModelAttribute'
19:37:23.408 [Test worker] DEBUG com.tngtech.archunit.core.importer.JavaClassProcessor - Processing class 'java/lang/reflect/Type'
19:37:23.409 [Test worker] DEBUG com.tngtech.archunit.core.importer.JavaClassProcessor - Processing class 'org/springframework/http/HttpMethod'
19:37:23.409 [Test worker] DEBUG com.tngtech.archunit.core.importer.JavaClassProcessor - Processing class 'sun/util/locale/LocaleSyntaxException'
19:37:23.410 [Test worker] DEBUG com.tngtech.archunit.core.importer.JavaClassProcessor - Processing class 'sun/util/locale/LanguageTag'
19:37:23.410 [Test worker] DEBUG com.tngtech.archunit.core.importer.JavaClassProcessor - Processing class 'sun/util/locale/UnicodeLocaleExtension'
19:37:23.410 [Test worker] DEBUG com.tngtech.archunit.core.importer.JavaClassProcessor - Processing class 'java/util/SortedMap'
19:37:23.421 [Test worker] DEBUG com.tngtech.archunit.core.importer.UrlSource$From - Found URLs on sun.boot.class.path: []
19:37:23.425 [Test worker] DEBUG com.tngtech.archunit.core.importer.UrlSource$From - Found URLs on java.class.path: [jar:file:/C:/Users/ADMIN/.gradle/caches/7.4.2/workerMain/gradle-worker.jar!/, file:/D:/CODE/microservice/ddd-eshopee-EXPT-modulith/shopee-microservices/application/build/classes/java/test/, file:/D:/CODE/microservice/ddd-eshopee-EXPT-modulith/shopee-microservices/application/build/resources/test/, file:/D:/CODE/microservice/ddd-eshopee-EXPT-modulith/shopee-microservices/application/build/classes/java/main/, file:/D:/CODE/microservice/ddd-eshopee-EXPT-modulith/shopee-microservices/application/build/resources/main/, jar:file:/D:/CODE/microservice/ddd-eshopee-EXPT-modulith/shopee-microservices/sales/catalog/spring-boot-starter/build/libs/catalog-spring-boot-starter-2.0-SNAPSHOT.jar!/, jar:file:/D:/CODE/microservice/ddd-eshopee-EXPT-modulith/shopee-microservices/sales/cart/spring-boot-starter/build/libs/cart-spring-boot-starter-2.0-SNAPSHOT.jar!/, jar:file:/D:/CODE/microservice/ddd-eshopee-EXPT-modulith/shopee-microservices/sales/order/spring-boot-starter/build/libs/order-spring-boot-starter-2.0-SNAPSHOT.jar!/, jar:file:/D:/CODE/microservice/ddd-eshopee-EXPT-modulith/shopee-microservices/warehouse/spring-boot-starter/build/libs/warehouse-spring-boot-starter-2.0-SNAPSHOT.jar!/, jar:file:/D:/CODE/microservice/ddd-eshopee-EXPT-modulith/shopee-microservices/billing/payment/spring-boot-starter/build/libs/payment-spring-boot-starter-2.0-SNAPSHOT.jar!/, jar:file:/D:/CODE/microservice/ddd-eshopee-EXPT-modulith/shopee-microservices/shipping/delivery/spring-boot-starter/build/libs/delivery-spring-boot-starter-2.0-SNAPSHOT.jar!/, jar:file:/D:/CODE/microservice/ddd-eshopee-EXPT-modulith/shopee-microservices/shipping/dispatching/spring-boot-starter/build/libs/dispatching-spring-boot-starter-2.0-SNAPSHOT.jar!/, jar:file:/D:/CODE/microservice/ddd-eshopee-EXPT-modulith/shopee-microservices/portal/spring-boot-starter/build/libs/portal-spring-boot-starter-2.0-SNAPSHOT.jar!/, jar:file:/D:/CODE/microservice/ddd-eshopee-EXPT-modulith/shopee-microservices/common/application-integration-spring-boot-starter/build/libs/application-integration-spring-boot-starter-2.0-SNAPSHOT.jar!/, jar:file:/C:/Users/ADMIN/.gradle/caches/modules-2/files-2.1/org.springframework.boot/spring-boot-starter-data-redis/3.0.4/e122886d50ec624e51fbaac4bb0d5d17cf7b9764/spring-boot-starter-data-redis-3.0.4.jar!/, jar:file:/C:/Users/ADMIN/.gradle/caches/modules-2/files-2.1/org.springframework.boot/spring-boot-starter-jdbc/3.0.4/e64f229f772dc2952e1978a1f10d7f3a462e105d/spring-boot-starter-jdbc-3.0.4.jar!/, jar:file:/C:/Users/ADMIN/.gradle/caches/modules-2/files-2.1/org.springframework.boot/spring-boot-starter-web/3.0.4/6a7405b436c6943f056cdbab587fe48bdc2b4911/spring-boot-starter-web-3.0.4.jar!/, jar:file:/C:/Users/ADMIN/.gradle/caches/modules-2/files-2.1/org.springframework.boot/spring-boot-starter-test/3.0.4/eb934f1df3e6292d7b5800cfbbc237de90d174de/spring-boot-starter-test-3.0.4.jar!/, jar:file:/C:/Users/ADMIN/.gradle/caches/modules-2/files-2.1/org.springframework.boot/spring-boot-starter-thymeleaf/3.0.4/ea681f9f477da793eb9024a23686db9a59b50bc6/spring-boot-starter-thymeleaf-3.0.4.jar!/, jar:file:/C:/Users/ADMIN/.gradle/caches/modules-2/files-2.1/org.springframework.boot/spring-boot-starter-amqp/3.0.4/804a88a39dc6dce9678eef6f621bd9877f50a7ab/spring-boot-starter-amqp-3.0.4.jar!/, jar:file:/C:/Users/ADMIN/.gradle/caches/modules-2/files-2.1/org.springframework.boot/spring-boot-starter-json/3.0.4/5ddf427d011646fe787fdaa1b8edc4a4eebd48d5/spring-boot-starter-json-3.0.4.jar!/, jar:file:/C:/Users/ADMIN/.gradle/caches/modules-2/files-2.1/org.springframework.boot/spring-boot-starter/3.0.4/8f957a8bc9d70c0ca922406c6e23cb3db5d48109/spring-boot-starter-3.0.4.jar!/, jar:file:/C:/Users/ADMIN/.gradle/caches/modules-2/files-2.1/com.h2database/h2/2.1.214/d5c2005c9e3279201e12d4776c948578b16bf8b2/h2-2.1.214.jar!/, jar:file:/C:/Users/ADMIN/.gradle/caches/modules-2/files-2.1/org.postgresql/postgresql/42.5.4/15015a54f15e340a9a8a6a2c5457429cb1176b8/postgresql-42.5.4.jar!/, jar:file:/C:/Users/ADMIN/.gradle/caches/modules-2/files-2.1/io.rest-assured/rest-assured/5.2.1/131aedaf6ffbb783dbf7b21efe57a849ded8b321/rest-assured-5.2.1.jar!/, jar:file:/C:/Users/ADMIN/.gradle/caches/modules-2/files-2.1/com.tngtech.archunit/archunit/0.23.1/7f93a254a0b88b9209e34db523ed5c2cee2ab25f/archunit-0.23.1.jar!/, jar:file:/D:/CODE/microservice/ddd-eshopee-EXPT-modulith/shopee-microservices/sales/catalog/jdbc/build/libs/catalog-jdbc-2.0-SNAPSHOT.jar!/, jar:file:/D:/CODE/microservice/ddd-eshopee-EXPT-modulith/shopee-microservices/sales/catalog/rest/build/libs/catalog-rest-2.0-SNAPSHOT.jar!/, jar:file:/D:/CODE/microservice/ddd-eshopee-EXPT-modulith/shopee-microservices/sales/catalog/webcomp/build/libs/catalog-webcomp-2.0-SNAPSHOT.jar!/, jar:file:/D:/CODE/microservice/ddd-eshopee-EXPT-modulith/shopee-microservices/sales/cart/jdbc/build/libs/cart-jdbc-2.0-SNAPSHOT.jar!/, jar:file:/D:/CODE/microservice/ddd-eshopee-EXPT-modulith/shopee-microservices/sales/cart/rest/build/libs/cart-rest-2.0-SNAPSHOT.jar!/, jar:file:/D:/CODE/microservice/ddd-eshopee-EXPT-modulith/shopee-microservices/sales/cart/webcomp/build/libs/cart-webcomp-2.0-SNAPSHOT.jar!/, jar:file:/D:/CODE/microservice/ddd-eshopee-EXPT-modulith/shopee-microservices/sales/order/jdbc/build/libs/order-jdbc-2.0-SNAPSHOT.jar!/, jar:file:/D:/CODE/microservice/ddd-eshopee-EXPT-modulith/shopee-microservices/sales/order/rest/build/libs/order-rest-2.0-SNAPSHOT.jar!/, jar:file:/D:/CODE/microservice/ddd-eshopee-EXPT-modulith/shopee-microservices/sales/order/webcomp/build/libs/order-webcomp-2.0-SNAPSHOT.jar!/, jar:file:/D:/CODE/microservice/ddd-eshopee-EXPT-modulith/shopee-microservices/warehouse/jdbc/build/libs/warehouse-jdbc-2.0-SNAPSHOT.jar!/, jar:file:/D:/CODE/microservice/ddd-eshopee-EXPT-modulith/shopee-microservices/warehouse/listeners/build/libs/warehouse-listeners-2.0-SNAPSHOT.jar!/, jar:file:/D:/CODE/microservice/ddd-eshopee-EXPT-modulith/shopee-microservices/warehouse/rest/build/libs/warehouse-rest-2.0-SNAPSHOT.jar!/, jar:file:/D:/CODE/microservice/ddd-eshopee-EXPT-modulith/shopee-microservices/billing/payment/jdbc/build/libs/payment-jdbc-2.0-SNAPSHOT.jar!/, jar:file:/D:/CODE/microservice/ddd-eshopee-EXPT-modulith/shopee-microservices/billing/payment/listeners/build/libs/payment-listeners-2.0-SNAPSHOT.jar!/, jar:file:/D:/CODE/microservice/ddd-eshopee-EXPT-modulith/shopee-microservices/billing/payment/rest/build/libs/payment-rest-2.0-SNAPSHOT.jar!/, jar:file:/D:/CODE/microservice/ddd-eshopee-EXPT-modulith/shopee-microservices/shipping/delivery/jdbc/build/libs/delivery-jdbc-2.0-SNAPSHOT.jar!/, jar:file:/D:/CODE/microservice/ddd-eshopee-EXPT-modulith/shopee-microservices/shipping/delivery/listeners/build/libs/delivery-listeners-2.0-SNAPSHOT.jar!/, jar:file:/D:/CODE/microservice/ddd-eshopee-EXPT-modulith/shopee-microservices/shipping/delivery/rest/build/libs/delivery-rest-2.0-SNAPSHOT.jar!/, jar:file:/D:/CODE/microservice/ddd-eshopee-EXPT-modulith/shopee-microservices/shipping/delivery/webcomp/build/libs/delivery-webcomp-2.0-SNAPSHOT.jar!/, jar:file:/D:/CODE/microservice/ddd-eshopee-EXPT-modulith/shopee-microservices/shipping/dispatching/jdbc/build/libs/dispatching-jdbc-2.0-SNAPSHOT.jar!/, jar:file:/D:/CODE/microservice/ddd-eshopee-EXPT-modulith/shopee-microservices/shipping/dispatching/listeners/build/libs/dispatching-listeners-2.0-SNAPSHOT.jar!/, jar:file:/D:/CODE/microservice/ddd-eshopee-EXPT-modulith/shopee-microservices/portal/web/build/libs/portal-web-2.0-SNAPSHOT.jar!/, jar:file:/D:/CODE/microservice/ddd-eshopee-EXPT-modulith/shopee-microservices/sales/order/domain/build/libs/order-domain-2.0-SNAPSHOT.jar!/, jar:file:/D:/CODE/microservice/ddd-eshopee-EXPT-modulith/shopee-microservices/sales/order/events/build/libs/order-events-2.0-SNAPSHOT.jar!/, jar:file:/D:/CODE/microservice/ddd-eshopee-EXPT-modulith/shopee-microservices/shipping/dispatching/events/build/libs/dispatching-events-2.0-SNAPSHOT.jar!/, jar:file:/D:/CODE/microservice/ddd-eshopee-EXPT-modulith/shopee-microservices/shipping/delivery/domain/build/libs/delivery-domain-2.0-SNAPSHOT.jar!/, jar:file:/D:/CODE/microservice/ddd-eshopee-EXPT-modulith/shopee-microservices/shipping/delivery/events/build/libs/delivery-events-2.0-SNAPSHOT.jar!/, jar:file:/D:/CODE/microservice/ddd-eshopee-EXPT-modulith/shopee-microservices/billing/payment/domain/build/libs/payment-domain-2.0-SNAPSHOT.jar!/, jar:file:/D:/CODE/microservice/ddd-eshopee-EXPT-modulith/shopee-microservices/billing/payment/events/build/libs/payment-events-2.0-SNAPSHOT.jar!/, jar:file:/D:/CODE/microservice/ddd-eshopee-EXPT-modulith/shopee-microservices/warehouse/domain/build/libs/warehouse-domain-2.0-SNAPSHOT.jar!/, jar:file:/D:/CODE/microservice/ddd-eshopee-EXPT-modulith/shopee-microservices/warehouse/events/build/libs/warehouse-events-2.0-SNAPSHOT.jar!/, jar:file:/D:/CODE/microservice/ddd-eshopee-EXPT-modulith/shopee-microservices/common/events/build/libs/events-2.0-SNAPSHOT.jar!/, jar:file:/C:/Users/ADMIN/.gradle/caches/modules-2/files-2.1/com.fasterxml.jackson.datatype/jackson-datatype-jdk8/2.14.2/2f3c71211b6ea7a978eba33574d7135d536e07fb/jackson-datatype-jdk8-2.14.2.jar!/, jar:file:/C:/Users/ADMIN/.gradle/caches/modules-2/files-2.1/com.fasterxml.jackson.module/jackson-module-parameter-names/2.14.2/2b6c19b3d99dda02915515df879ab9e23fed3864/jackson-module-parameter-names-2.14.2.jar!/, jar:file:/C:/Users/ADMIN/.gradle/caches/modules-2/files-2.1/com.fasterxml.jackson.core/jackson-databind/2.14.2/1e71fddbc80bb86f71a6345ac1e8ab8a00e7134/jackson-databind-2.14.2.jar!/, jar:file:/C:/Users/ADMIN/.gradle/caches/modules-2/files-2.1/com.fasterxml.jackson.core/jackson-annotations/2.14.2/a7aae9525864930723e3453ab799521fdfd9d873/jackson-annotations-2.14.2.jar!/, jar:file:/C:/Users/ADMIN/.gradle/caches/modules-2/files-2.1/com.fasterxml.jackson.core/jackson-core/2.14.2/f804090e6399ce0cf78242db086017512dd71fcc/jackson-core-2.14.2.jar!/, jar:file:/C:/Users/ADMIN/.gradle/caches/modules-2/files-2.1/com.fasterxml.jackson.datatype/jackson-datatype-jsr310/2.14.2/796518148a385b2728d44886cc0f8852eb8eeb53/jackson-datatype-jsr310-2.14.2.jar!/, jar:file:/C:/Users/ADMIN/.gradle/caches/modules-2/files-2.1/org.springframework.boot/spring-boot-test-autoconfigure/3.0.4/3d28e21dc5cea68949d1f0b6a4051e7deeacf6cc/spring-boot-test-autoconfigure-3.0.4.jar!/, jar:file:/C:/Users/ADMIN/.gradle/caches/modules-2/files-2.1/org.springframework.boot/spring-boot-autoconfigure/3.0.4/7eb11bff0f965807f1088da20bc169bff27d284/spring-boot-autoconfigure-3.0.4.jar!/, jar:file:/C:/Users/ADMIN/.gradle/caches/modules-2/files-2.1/org.springframework.boot/spring-boot-test/3.0.4/4c1c72ff838b4f1191321aa01d1e98d68f882280/spring-boot-test-3.0.4.jar!/, jar:file:/C:/Users/ADMIN/.gradle/caches/modules-2/files-2.1/org.springframework.boot/spring-boot/3.0.4/27e5fceb2faf8ec399df70a2ff4e626a3423ae35/spring-boot-3.0.4.jar!/, jar:file:/C:/Users/ADMIN/.gradle/caches/modules-2/files-2.1/org.springframework.boot/spring-boot-starter-logging/3.0.4/31b32774c6ec2eceb3f75bdef7ddd8afd7059255/spring-boot-starter-logging-3.0.4.jar!/, jar:file:/C:/Users/ADMIN/.gradle/caches/modules-2/files-2.1/org.springframework.boot/spring-boot-starter-tomcat/3.0.4/40babd5ca3db46adf7c59b70ca2e6f2a528b558c/spring-boot-starter-tomcat-3.0.4.jar!/, jar:file:/C:/Users/ADMIN/.gradle/caches/modules-2/files-2.1/jakarta.annotation/jakarta.annotation-api/2.1.1/48b9bda22b091b1f48b13af03fe36db3be6e1ae3/jakarta.annotation-api-2.1.1.jar!/, jar:file:/C:/Users/ADMIN/.gradle/caches/modules-2/files-2.1/org.springframework/spring-jdbc/6.0.6/151e730f45832d42c6535b0bc6d7cebeabcaf844/spring-jdbc-6.0.6.jar!/, jar:file:/C:/Users/ADMIN/.gradle/caches/modules-2/files-2.1/org.springframework/spring-webmvc/6.0.6/302580efc981ad6797a85814ea0996e2149bb420/spring-webmvc-6.0.6.jar!/, jar:file:/C:/Users/ADMIN/.gradle/caches/modules-2/files-2.1/org.springframework/spring-web/6.0.6/2916961032e54aaeb534a290530b7b69e297bfcc/spring-web-6.0.6.jar!/, jar:file:/C:/Users/ADMIN/.gradle/caches/modules-2/files-2.1/org.springframework/spring-test/6.0.6/e94217b5c8cdf8f954d10251449fc98bdd8fc756/spring-test-6.0.6.jar!/, jar:file:/C:/Users/ADMIN/.gradle/caches/modules-2/files-2.1/org.springframework.data/spring-data-redis/3.0.3/6e8f59ca594ea86b56eacba74ae343d188771905/spring-data-redis-3.0.3.jar!/, jar:file:/C:/Users/ADMIN/.gradle/caches/modules-2/files-2.1/org.springframework.amqp/spring-rabbit/3.0.2/910f6a931b70f874ab03ba3dc0df2c6e05de12b8/spring-rabbit-3.0.2.jar!/, jar:file:/C:/Users/ADMIN/.gradle/caches/modules-2/files-2.1/org.springframework.data/spring-data-keyvalue/3.0.3/20ebdf1c5fb12aa0b5be9e67791e6c457f6e8968/spring-data-keyvalue-3.0.3.jar!/, jar:file:/C:/Users/ADMIN/.gradle/caches/modules-2/files-2.1/org.springframework/spring-tx/6.0.6/e86b3073d9640e17e5581a6aebb0d2794c407c46/spring-tx-6.0.6.jar!/, jar:file:/C:/Users/ADMIN/.gradle/caches/modules-2/files-2.1/org.springframework/spring-context-support/6.0.6/363228b8abc8b7ff569b10195f28652c7b65a41/spring-context-support-6.0.6.jar!/, jar:file:/C:/Users/ADMIN/.gradle/caches/modules-2/files-2.1/org.springframework/spring-context/6.0.6/fbd2b7c23adb2ec2f7ca601b3e7d79ae10e342a/spring-context-6.0.6.jar!/, jar:file:/C:/Users/ADMIN/.gradle/caches/modules-2/files-2.1/org.springframework/spring-messaging/6.0.6/42392bdb43a691e7c7bf4da296fef598a3127f37/spring-messaging-6.0.6.jar!/, jar:file:/C:/Users/ADMIN/.gradle/caches/modules-2/files-2.1/org.springframework/spring-oxm/6.0.6/e0bab7269ffaec4df3a9f221b4810b392c5ac492/spring-oxm-6.0.6.jar!/, jar:file:/C:/Users/ADMIN/.gradle/caches/modules-2/files-2.1/org.springframework/spring-aop/6.0.6/c95dc800fdce470519b7135272e64d4606fc8428/spring-aop-6.0.6.jar!/, jar:file:/C:/Users/ADMIN/.gradle/caches/modules-2/files-2.1/org.springframework.data/spring-data-commons/3.0.3/4492e9d25d7e8714f5ebfdd9e607dd7e0998038e/spring-data-commons-3.0.3.jar!/, jar:file:/C:/Users/ADMIN/.gradle/caches/modules-2/files-2.1/org.springframework/spring-beans/6.0.6/48ea4ba141146b3acaad0c7df80d2a06afeb95fd/spring-beans-6.0.6.jar!/, jar:file:/C:/Users/ADMIN/.gradle/caches/modules-2/files-2.1/org.springframework/spring-expression/6.0.6/2006ee0e1be8380f05c29deb52a97d3a1e6812d7/spring-expression-6.0.6.jar!/, jar:file:/C:/Users/ADMIN/.gradle/caches/modules-2/files-2.1/org.springframework.amqp/spring-amqp/3.0.2/698cf3a55e202356034288ed0bdccc2f8579b7e2/spring-amqp-3.0.2.jar!/, jar:file:/C:/Users/ADMIN/.gradle/caches/modules-2/files-2.1/org.springframework/spring-core/6.0.6/8a2845e0945923a9ebf3e9ef0649a28b6eeeac43/spring-core-6.0.6.jar!/, jar:file:/C:/Users/ADMIN/.gradle/caches/modules-2/files-2.1/org.yaml/snakeyaml/1.33/2cd0a87ff7df953f810c344bdf2fe3340b954c69/snakeyaml-1.33.jar!/, jar:file:/C:/Users/ADMIN/.gradle/caches/modules-2/files-2.1/io.lettuce/lettuce-core/6.2.3.RELEASE/3d671a51095ef90b817a690ef1b569b24b309665/lettuce-core-6.2.3.RELEASE.jar!/, jar:file:/C:/Users/ADMIN/.gradle/caches/modules-2/files-2.1/com.zaxxer/HikariCP/5.0.1/a74c7f0a37046846e88d54f7cb6ea6d565c65f9c/HikariCP-5.0.1.jar!/, jar:file:/C:/Users/ADMIN/.gradle/caches/modules-2/files-2.1/org.checkerframework/checker-qual/3.5.0/2f50520c8abea66fbd8d26e481d3aef5c673b510/checker-qual-3.5.0.jar!/, jar:file:/C:/Users/ADMIN/.gradle/caches/modules-2/files-2.1/com.jayway.jsonpath/json-path/2.7.0/f9d7d9659f2694e61142046ff8a216c047f263e8/json-path-2.7.0.jar!/, jar:file:/C:/Users/ADMIN/.gradle/caches/modules-2/files-2.1/jakarta.xml.bind/jakarta.xml.bind-api/4.0.0/bbb399208d288b15ec101fa4fcfc4bd77cedc97a/jakarta.xml.bind-api-4.0.0.jar!/, jar:file:/C:/Users/ADMIN/.gradle/caches/modules-2/files-2.1/org.assertj/assertj-core/3.23.1/d2bb60570f5b3d7ffa8f8000118c9c07b86eca93/assertj-core-3.23.1.jar!/, jar:file:/C:/Users/ADMIN/.gradle/caches/modules-2/files-2.1/org.hamcrest/hamcrest/2.2/1820c0968dba3a11a1b30669bb1f01978a91dedc/hamcrest-2.2.jar!/, jar:file:/C:/Users/ADMIN/.gradle/caches/modules-2/files-2.1/org.mockito/mockito-junit-jupiter/4.8.1/e393aa62eca2244a535b03842843f2f199343d1f/mockito-junit-jupiter-4.8.1.jar!/, jar:file:/C:/Users/ADMIN/.gradle/caches/modules-2/files-2.1/org.junit.jupiter/junit-jupiter-params/5.9.2/bc2765afb7b85b583c710dd259a11c6b8c39e912/junit-jupiter-params-5.9.2.jar!/, jar:file:/C:/Users/ADMIN/.gradle/caches/modules-2/files-2.1/org.junit.jupiter/junit-jupiter-engine/5.9.2/572f7a553b53f83ee59cc045ce1c3772864ab76c/junit-jupiter-engine-5.9.2.jar!/, jar:file:/C:/Users/ADMIN/.gradle/caches/modules-2/files-2.1/org.junit.jupiter/junit-jupiter-api/5.9.2/fed843581520eac594bc36bb4b0f55e7b947dda9/junit-jupiter-api-5.9.2.jar!/, jar:file:/C:/Users/ADMIN/.gradle/caches/modules-2/files-2.1/org.junit.platform/junit-platform-engine/1.9.2/40aeef2be7b04f96bb91e8b054affc28b7c7c935/junit-platform-engine-1.9.2.jar!/, jar:file:/C:/Users/ADMIN/.gradle/caches/modules-2/files-2.1/org.junit.platform/junit-platform-commons/1.9.2/6f9f8621d8230cd38aa42e58ccbc0c00569131ce/junit-platform-commons-1.9.2.jar!/, jar:file:/C:/Users/ADMIN/.gradle/caches/modules-2/files-2.1/org.junit.jupiter/junit-jupiter/5.9.2/26c586fbe0ebd81b48c9f11f0d998124248697ae/junit-jupiter-5.9.2.jar!/, jar:file:/C:/Users/ADMIN/.gradle/caches/modules-2/files-2.1/org.mockito/mockito-core/4.8.1/d8eb9dec8747d08645347bb8c69088ac83197975/mockito-core-4.8.1.jar!/, jar:file:/C:/Users/ADMIN/.gradle/caches/modules-2/files-2.1/org.skyscreamer/jsonassert/1.5.1/6d842d0faf4cf6725c509a5e5347d319ee0431c3/jsonassert-1.5.1.jar!/, jar:file:/C:/Users/ADMIN/.gradle/caches/modules-2/files-2.1/org.xmlunit/xmlunit-core/2.9.1/e5833662d9a1279a37da3ef6f62a1da29fcd68c4/xmlunit-core-2.9.1.jar!/, jar:file:/C:/Users/ADMIN/.gradle/caches/modules-2/files-2.1/io.rest-assured/xml-path/5.2.1/3918e4080bd677b1b4683bdd82a19be78d5c0ec2/xml-path-5.2.1.jar!/, jar:file:/C:/Users/ADMIN/.gradle/caches/modules-2/files-2.1/io.rest-assured/json-path/5.2.1/f53d9cefcf3e3f4554f390ec17d278c47d4125ad/json-path-5.2.1.jar!/, jar:file:/C:/Users/ADMIN/.gradle/caches/modules-2/files-2.1/org.apache.groovy/groovy-json/4.0.9/122759fca67c3ef87ea7d48a3057af362a360089/groovy-json-4.0.9.jar!/, jar:file:/C:/Users/ADMIN/.gradle/caches/modules-2/files-2.1/org.apache.groovy/groovy-xml/4.0.9/b22d2ae189670d4ccc58bc4ef003d922b85cb0d5/groovy-xml-4.0.9.jar!/, jar:file:/C:/Users/ADMIN/.gradle/caches/modules-2/files-2.1/io.rest-assured/rest-assured-common/5.2.1/f506be4e8fb8c2adbbfdff9720fad420b76e6543/rest-assured-common-5.2.1.jar!/, jar:file:/C:/Users/ADMIN/.gradle/caches/modules-2/files-2.1/org.apache.groovy/groovy/4.0.9/80605ad828d16fd5d6349628b8d77e5761b2b4c4/groovy-4.0.9.jar!/, jar:file:/C:/Users/ADMIN/.gradle/caches/modules-2/files-2.1/org.apache.httpcomponents/httpmime/4.5.14/6662758a1f1cb1149cf916bdac28332e0902ec44/httpmime-4.5.14.jar!/, jar:file:/C:/Users/ADMIN/.gradle/caches/modules-2/files-2.1/org.apache.httpcomponents/httpclient/4.5.14/1194890e6f56ec29177673f2f12d0b8e627dec98/httpclient-4.5.14.jar!/, jar:file:/C:/Users/ADMIN/.gradle/caches/modules-2/files-2.1/org.ccil.cowan.tagsoup/tagsoup/1.2.1/5584627487e984c03456266d3f8802eb85a9ce97/tagsoup-1.2.1.jar!/, jar:file:/C:/Users/ADMIN/.gradle/caches/modules-2/files-2.1/org.thymeleaf/thymeleaf-spring6/3.1.1.RELEASE/deb52ef921a4ac5132fedb7ebfc2bc1dad4382b3/thymeleaf-spring6-3.1.1.RELEASE.jar!/, jar:file:/C:/Users/ADMIN/.gradle/caches/modules-2/files-2.1/ch.qos.logback/logback-classic/1.4.5/28e7dc0b208d6c3f15beefd73976e064b4ecfa9b/logback-classic-1.4.5.jar!/, jar:file:/C:/Users/ADMIN/.gradle/caches/modules-2/files-2.1/org.apache.logging.log4j/log4j-to-slf4j/2.19.0/30f4812e43172ecca5041da2cb6b965cc4777c19/log4j-to-slf4j-2.19.0.jar!/, jar:file:/C:/Users/ADMIN/.gradle/caches/modules-2/files-2.1/org.slf4j/jul-to-slf4j/2.0.6/c4d348977a83a0bfcf42fd6fd1fee6e7904f1a0c/jul-to-slf4j-2.0.6.jar!/, jar:file:/C:/Users/ADMIN/.gradle/caches/modules-2/files-2.1/org.thymeleaf/thymeleaf/3.1.1.RELEASE/374a129dfa5e7d7f1a46eacc4d49e594ca0cf26f/thymeleaf-3.1.1.RELEASE.jar!/, jar:file:/C:/Users/ADMIN/.gradle/caches/modules-2/files-2.1/com.rabbitmq/amqp-client/5.16.0/c70c66a8e5a92e41adf618efa7d8025db29cdf3/amqp-client-5.16.0.jar!/, jar:file:/C:/Users/ADMIN/.gradle/caches/modules-2/files-2.1/org.slf4j/slf4j-api/2.0.6/88c40d8b4f33326f19a7d3c0aaf2c7e8721d4953/slf4j-api-2.0.6.jar!/, jar:file:/D:/CODE/microservice/ddd-eshopee-EXPT-modulith/shopee-microservices/sales/catalog/domain/build/libs/catalog-domain-2.0-SNAPSHOT.jar!/, jar:file:/D:/CODE/microservice/ddd-eshopee-EXPT-modulith/shopee-microservices/sales/cart/domain/build/libs/cart-domain-2.0-SNAPSHOT.jar!/, jar:file:/D:/CODE/microservice/ddd-eshopee-EXPT-modulith/shopee-microservices/shipping/dispatching/domain/build/libs/dispatching-domain-2.0-SNAPSHOT.jar!/, jar:file:/C:/Users/ADMIN/.gradle/caches/modules-2/files-2.1/org.springframework/spring-jcl/6.0.6/f13cd8a561e71fb65c63201113d766fcd7a2b06f/spring-jcl-6.0.6.jar!/, jar:file:/C:/Users/ADMIN/.gradle/caches/modules-2/files-2.1/io.netty/netty-handler/4.1.89.Final/ced584e9eba5a6b7aad7c6a28a60c13375459f1a/netty-handler-4.1.89.Final.jar!/, jar:file:/C:/Users/ADMIN/.gradle/caches/modules-2/files-2.1/io.netty/netty-transport-native-unix-common/4.1.89.Final/a7717ed61393d5aad202a92bb02f661ed525bf86/netty-transport-native-unix-common-4.1.89.Final.jar!/, jar:file:/C:/Users/ADMIN/.gradle/caches/modules-2/files-2.1/io.netty/netty-codec/4.1.89.Final/f03a649ffa405ca4c802a8bfcc2abfe70ae485ca/netty-codec-4.1.89.Final.jar!/, jar:file:/C:/Users/ADMIN/.gradle/caches/modules-2/files-2.1/io.netty/netty-transport/4.1.89.Final/e7ff320310eafe302c0dfb9690ae7201ab61ead2/netty-transport-4.1.89.Final.jar!/, jar:file:/C:/Users/ADMIN/.gradle/caches/modules-2/files-2.1/io.netty/netty-resolver/4.1.89.Final/686b21bf3488747bc834ee9e60a863f37b71f35e/netty-resolver-4.1.89.Final.jar!/, jar:file:/C:/Users/ADMIN/.gradle/caches/modules-2/files-2.1/io.netty/netty-buffer/4.1.89.Final/b1d3dbf69a75eaa8793c7e00cff2851dac9fd725/netty-buffer-4.1.89.Final.jar!/, jar:file:/C:/Users/ADMIN/.gradle/caches/modules-2/files-2.1/io.netty/netty-common/4.1.89.Final/c0c80bfe45cc85da5030ea8fc64071e28d0f6f5f/netty-common-4.1.89.Final.jar!/, jar:file:/C:/Users/ADMIN/.gradle/caches/modules-2/files-2.1/io.projectreactor/reactor-core/3.5.3/dd102ecdb21ff78a486074dbad55331f8847eb5d/reactor-core-3.5.3.jar!/, jar:file:/C:/Users/ADMIN/.gradle/caches/modules-2/files-2.1/org.apache.tomcat.embed/tomcat-embed-websocket/10.1.5/14529cbd593571dc9029272ddc9166b5ef113fc2/tomcat-embed-websocket-10.1.5.jar!/, jar:file:/C:/Users/ADMIN/.gradle/caches/modules-2/files-2.1/org.apache.tomcat.embed/tomcat-embed-core/10.1.5/21417d3ef8189e2af05aae0a765ad9204d7211b5/tomcat-embed-core-10.1.5.jar!/, jar:file:/C:/Users/ADMIN/.gradle/caches/modules-2/files-2.1/org.apache.tomcat.embed/tomcat-embed-el/10.1.5/c125df13af42a0fc0cd342370449b1276181e2a1/tomcat-embed-el-10.1.5.jar!/, jar:file:/C:/Users/ADMIN/.gradle/caches/modules-2/files-2.1/io.micrometer/micrometer-observation/1.10.4/96aa92ad7a18c2451c429348c0167eb08a988d4e/micrometer-observation-1.10.4.jar!/, jar:file:/C:/Users/ADMIN/.gradle/caches/modules-2/files-2.1/net.minidev/json-smart/2.4.8/7c62f5f72ab05eb54d40e2abf0360a2fe9ea477f/json-smart-2.4.8.jar!/, jar:file:/C:/Users/ADMIN/.gradle/caches/modules-2/files-2.1/jakarta.activation/jakarta.activation-api/2.1.1/88c774ab863a21fb2fc4219af95379fafe499a31/jakarta.activation-api-2.1.1.jar!/, jar:file:/C:/Users/ADMIN/.gradle/caches/modules-2/files-2.1/net.bytebuddy/byte-buddy/1.12.23/d470526e8c4566c04e9ae5d3ccb62d1a7aa58986/byte-buddy-1.12.23.jar!/, jar:file:/C:/Users/ADMIN/.gradle/caches/modules-2/files-2.1/net.bytebuddy/byte-buddy-agent/1.12.23/1cba11fdb72c383edacb909f79ae6870efd275e4/byte-buddy-agent-1.12.23.jar!/, jar:file:/C:/Users/ADMIN/.gradle/caches/modules-2/files-2.1/org.objenesis/objenesis/3.2/7fadf57620c8b8abdf7519533e5527367cb51f09/objenesis-3.2.jar!/, jar:file:/C:/Users/ADMIN/.m2/repository/com/vaadin/external/google/android-json/0.0.20131108.vaadin1/android-json-0.0.20131108.vaadin1.jar!/, jar:file:/C:/Users/ADMIN/.gradle/caches/modules-2/files-2.1/org.apache.httpcomponents/httpcore/4.4.16/51cf043c87253c9f58b539c9f7e44c8894223850/httpcore-4.4.16.jar!/, jar:file:/C:/Users/ADMIN/.gradle/caches/modules-2/files-2.1/commons-codec/commons-codec/1.15/49d94806b6e3dc933dacbd8acb0fdbab8ebd1e5d/commons-codec-1.15.jar!/, jar:file:/C:/Users/ADMIN/.gradle/caches/modules-2/files-2.1/org.apache.commons/commons-lang3/3.12.0/c6842c86792ff03b9f1d1fe2aab8dc23aa6c6f0e/commons-lang3-3.12.0.jar!/, jar:file:/D:/CODE/microservice/ddd-eshopee-EXPT-modulith/shopee-microservices/common/primitives/build/libs/primitives-2.0-SNAPSHOT.jar!/, jar:file:/C:/Users/ADMIN/.gradle/caches/modules-2/files-2.1/ch.qos.logback/logback-core/1.4.5/e9bb2ea70f84401314da4300343b0a246c8954da/logback-core-1.4.5.jar!/, jar:file:/C:/Users/ADMIN/.gradle/caches/modules-2/files-2.1/org.apache.logging.log4j/log4j-api/2.19.0/ea1b37f38c327596b216542bc636cfdc0b8036fa/log4j-api-2.19.0.jar!/, jar:file:/C:/Users/ADMIN/.gradle/caches/modules-2/files-2.1/org.reactivestreams/reactive-streams/1.0.4/3864a1320d97d7b045f729a326e1e077661f31b7/reactive-streams-1.0.4.jar!/, jar:file:/C:/Users/ADMIN/.gradle/caches/modules-2/files-2.1/io.micrometer/micrometer-commons/1.10.4/a5db33c573c8755e70388f204e83000dc359b63d/micrometer-commons-1.10.4.jar!/, jar:file:/C:/Users/ADMIN/.gradle/caches/modules-2/files-2.1/net.minidev/accessors-smart/2.4.8/6e1bee5a530caba91893604d6ab41d0edcecca9a/accessors-smart-2.4.8.jar!/, jar:file:/C:/Users/ADMIN/.gradle/caches/modules-2/files-2.1/org.opentest4j/opentest4j/1.2.0/28c11eb91f9b6d8e200631d46e20a7f407f2a046/opentest4j-1.2.0.jar!/, jar:file:/C:/Users/ADMIN/.gradle/caches/modules-2/files-2.1/org.attoparser/attoparser/2.0.6.RELEASE/8f603f22a18d4f7258f8860ccbb68b069f49904a/attoparser-2.0.6.RELEASE.jar!/, jar:file:/C:/Users/ADMIN/.gradle/caches/modules-2/files-2.1/org.unbescape/unbescape/1.1.6.RELEASE/7b90360afb2b860e09e8347112800d12c12b2a13/unbescape-1.1.6.RELEASE.jar!/, jar:file:/C:/Users/ADMIN/.gradle/caches/modules-2/files-2.1/org.springframework.retry/spring-retry/2.0.0/6a7a653901b58eb741692417f33b5bebedbd01f7/spring-retry-2.0.0.jar!/, jar:file:/C:/Users/ADMIN/.gradle/caches/modules-2/files-2.1/org.ow2.asm/asm/9.1/a99500cf6eea30535eeac6be73899d048f8d12a8/asm-9.1.jar!/]
19:37:23.434 [Test worker] DEBUG com.tngtech.archunit.core.importer.JavaClassProcessor - Processing class 'com/home/eshopee/sales/order/rest/OrderController$PlaceRequest'
19:37:23.434 [Test worker] DEBUG com.tngtech.archunit.core.importer.JavaClassProcessor - Processing class 'com/home/eshopee/sales/order/rest/OrderController'
19:37:23.434 [Test worker] DEBUG com.tngtech.archunit.core.importer.JavaClassProcessor - Processing class 'com/home/eshopee/sales/order/jdbc/OrderJdbcConfig'
19:37:23.434 [Test worker] DEBUG com.tngtech.archunit.core.importer.JavaClassProcessor - Processing class 'com/home/eshopee/sales/order/OrderPlaced'
19:37:23.434 [Test worker] DEBUG com.tngtech.archunit.core.importer.JavaClassProcessor - Processing class 'com/home/eshopee/sales/order/jdbc/FindOrdersJdbc'
19:37:23.435 [Test worker] DEBUG com.tngtech.archunit.core.importer.JavaClassProcessor - Processing class 'com/home/eshopee/sales/order/jdbc/OrderJdbc'
19:37:23.435 [Test worker] DEBUG com.tngtech.archunit.core.importer.JavaClassProcessor - Processing class 'com/home/eshopee/sales/order/jdbc/PlaceOrderJdbc'
19:37:23.435 [Test worker] DEBUG com.tngtech.archunit.core.importer.JavaClassProcessor - Processing class 'com/home/eshopee/sales/order/jdbc/UnknownOrder'
19:37:23.435 [Test worker] DEBUG com.tngtech.archunit.core.importer.JavaClassProcessor - Processing class 'com/home/eshopee/sales/order/FindOrders'
19:37:23.435 [Test worker] DEBUG com.tngtech.archunit.core.importer.JavaClassProcessor - Processing class 'com/home/eshopee/sales/order/item/OrderItem'
19:37:23.435 [Test worker] DEBUG com.tngtech.archunit.core.importer.JavaClassProcessor - Processing class 'com/home/eshopee/sales/order/item/ProductId'
19:37:23.435 [Test worker] DEBUG com.tngtech.archunit.core.importer.JavaClassProcessor - Processing class 'com/home/eshopee/sales/order/Order$OrderHasNoItemsException'
19:37:23.435 [Test worker] DEBUG com.tngtech.archunit.core.importer.JavaClassProcessor - Processing class 'com/home/eshopee/sales/order/Order'
19:37:23.435 [Test worker] DEBUG com.tngtech.archunit.core.importer.JavaClassProcessor - Processing class 'com/home/eshopee/sales/order/OrderId'
19:37:23.435 [Test worker] DEBUG com.tngtech.archunit.core.importer.JavaClassProcessor - Processing class 'com/home/eshopee/sales/order/PlaceableOrder$OrderAlreadyPlacedException'
19:37:23.435 [Test worker] DEBUG com.tngtech.archunit.core.importer.JavaClassProcessor - Processing class 'com/home/eshopee/sales/order/PlaceableOrder'
19:37:23.435 [Test worker] DEBUG com.tngtech.archunit.core.importer.JavaClassProcessor - Processing class 'com/home/eshopee/sales/order/PlaceOrder'
19:37:23.436 [Test worker] DEBUG com.tngtech.archunit.core.importer.DependencyResolutionProcess - Automatically resolving transitive class dependencies with the following configuration:
import.dependencyResolutionProcess.maxIterationsForMemberTypes = 1
import.dependencyResolutionProcess.maxIterationsForAccessesToTypes = 1
import.dependencyResolutionProcess.maxIterationsForSupertypes = -1
import.dependencyResolutionProcess.maxIterationsForEnclosingTypes = -1
import.dependencyResolutionProcess.maxIterationsForAnnotationTypes = -1
import.dependencyResolutionProcess.maxIterationsForGenericSignatureTypes = -1
19:37:23.436 [Test worker] DEBUG com.tngtech.archunit.core.importer.JavaClassProcessor - Processing class 'java/lang/Float'
19:37:23.436 [Test worker] DEBUG com.tngtech.archunit.core.importer.JavaClassProcessor - Processing class 'java/lang/IllegalStateException'
19:37:23.436 [Test worker] DEBUG com.tngtech.archunit.core.importer.JavaClassProcessor - Processing class 'org/slf4j/LoggerFactory'
19:37:23.436 [Test worker] DEBUG com.tngtech.archunit.core.importer.JavaClassProcessor - Processing class 'java/lang/Integer'
19:37:23.437 [Test worker] DEBUG com.tngtech.archunit.core.importer.JavaClassProcessor - Processing class 'com/home/eshopee/common/primitives/Money'
19:37:23.437 [Test worker] DEBUG com.tngtech.archunit.core.importer.JavaClassProcessor - Processing class 'java/math/BigDecimal'
19:37:23.438 [Test worker] DEBUG com.tngtech.archunit.core.importer.JavaClassProcessor - Processing class 'java/util/Map'
19:37:23.438 [Test worker] DEBUG com.tngtech.archunit.core.importer.JavaClassProcessor - Processing class 'org/springframework/web/bind/annotation/PostMapping'
19:37:23.439 [Test worker] DEBUG com.tngtech.archunit.core.importer.JavaClassProcessor - Processing class 'java/util/Collection'
19:37:23.439 [Test worker] DEBUG com.tngtech.archunit.core.importer.JavaClassProcessor - Processing class 'com/home/eshopee/common/events/EventPublisher'
19:37:23.439 [Test worker] DEBUG com.tngtech.archunit.core.importer.JavaClassProcessor - Processing class 'java/time/Instant'
19:37:23.439 [Test worker] DEBUG com.tngtech.archunit.core.importer.JavaClassProcessor - Processing class 'org/springframework/web/bind/annotation/RestController'
19:37:23.439 [Test worker] DEBUG com.tngtech.archunit.core.importer.JavaClassProcessor - Processing class 'java/util/stream/Collectors'
19:37:23.440 [Test worker] DEBUG com.tngtech.archunit.core.importer.JavaClassProcessor - Processing class 'org/springframework/context/annotation/Configuration'
19:37:23.440 [Test worker] DEBUG com.tngtech.archunit.core.importer.JavaClassProcessor - Processing class 'java/util/List'
19:37:23.440 [Test worker] DEBUG com.tngtech.archunit.core.importer.JavaClassProcessor - Processing class 'java/util/stream/Stream'
19:37:23.440 [Test worker] DEBUG com.tngtech.archunit.core.importer.JavaClassProcessor - Processing class 'java/util/Optional'
19:37:23.441 [Test worker] DEBUG com.tngtech.archunit.core.importer.JavaClassProcessor - Processing class 'org/springframework/web/bind/annotation/RequestMapping'
19:37:23.441 [Test worker] DEBUG com.tngtech.archunit.core.importer.JavaClassProcessor - Processing class 'org/springframework/jdbc/core/JdbcTemplate'
19:37:23.442 [Test worker] DEBUG com.tngtech.archunit.core.importer.JavaClassProcessor - Processing class 'org/springframework/web/bind/annotation/RequestBody'
19:37:23.442 [Test worker] DEBUG com.tngtech.archunit.core.importer.JavaClassProcessor - Processing class 'org/springframework/transaction/annotation/Propagation'
19:37:23.442 [Test worker] DEBUG com.tngtech.archunit.core.importer.JavaClassProcessor - Processing class 'com/home/eshopee/common/events/DomainEvent'
19:37:23.442 [Test worker] DEBUG com.tngtech.archunit.core.importer.JavaClassProcessor - Processing class 'java/lang/String'
19:37:23.443 [Test worker] DEBUG com.tngtech.archunit.core.importer.JavaClassProcessor - Processing class 'org/springframework/web/bind/annotation/ResponseStatus'
19:37:23.443 [Test worker] DEBUG com.tngtech.archunit.core.importer.JavaClassProcessor - Processing class 'com/home/eshopee/common/primitives/Quantity'
19:37:23.443 [Test worker] DEBUG com.tngtech.archunit.core.importer.JavaClassProcessor - Processing class 'org/slf4j/Logger'
19:37:23.443 [Test worker] DEBUG com.tngtech.archunit.core.importer.JavaClassProcessor - Processing class 'java/lang/IllegalArgumentException'
19:37:23.443 [Test worker] DEBUG com.tngtech.archunit.core.importer.JavaClassProcessor - Processing class 'org/springframework/http/HttpStatus'
19:37:23.444 [Test worker] DEBUG com.tngtech.archunit.core.importer.JavaClassProcessor - Processing class 'java/lang/Object'
19:37:23.444 [Test worker] DEBUG com.tngtech.archunit.core.importer.JavaClassProcessor - Processing class 'org/springframework/context/annotation/Bean'
19:37:23.444 [Test worker] DEBUG com.tngtech.archunit.core.importer.JavaClassProcessor - Processing class 'java/util/Collections'
19:37:23.444 [Test worker] DEBUG com.tngtech.archunit.core.importer.JavaClassProcessor - Processing class 'org/springframework/transaction/annotation/Transactional'
19:37:23.445 [Test worker] DEBUG com.tngtech.archunit.core.importer.JavaClassProcessor - Processing class 'org/springframework/jdbc/core/JdbcOperations'
19:37:23.445 [Test worker] DEBUG com.tngtech.archunit.core.importer.JavaClassProcessor - Processing class 'java/net/URL'
19:37:23.445 [Test worker] DEBUG com.tngtech.archunit.core.importer.JavaClassProcessor - Processing class 'java/util/function/IntConsumer'
19:37:23.445 [Test worker] DEBUG com.tngtech.archunit.core.importer.JavaClassProcessor - Processing class 'org/springframework/jdbc/support/JdbcAccessor'
19:37:23.445 [Test worker] DEBUG com.tngtech.archunit.core.importer.JavaClassProcessor - Processing class 'org/springframework/jdbc/core/SqlParameter'
19:37:23.445 [Test worker] DEBUG com.tngtech.archunit.core.importer.JavaClassProcessor - Processing class 'java/lang/annotation/Inherited'
19:37:23.446 [Test worker] DEBUG com.tngtech.archunit.core.importer.JavaClassProcessor - Processing class 'org/slf4j/helpers/CheckReturnValue'
19:37:23.446 [Test worker] DEBUG com.tngtech.archunit.core.importer.JavaClassProcessor - Processing class 'java/util/DoubleSummaryStatistics'
19:37:23.446 [Test worker] DEBUG com.tngtech.archunit.core.importer.JavaClassProcessor - Processing class 'java/util/function/DoubleConsumer'
19:37:23.446 [Test worker] DEBUG com.tngtech.archunit.core.importer.JavaClassProcessor - Processing class 'java/lang/Enum'
19:37:23.446 [Test worker] DEBUG com.tngtech.archunit.core.importer.JavaClassProcessor - Processing class 'java/lang/Long'
19:37:23.446 [Test worker] DEBUG com.tngtech.archunit.core.importer.JavaClassProcessor - Processing class 'java/lang/annotation/Documented'
19:37:23.446 [Test worker] DEBUG com.tngtech.archunit.core.importer.JavaClassProcessor - Processing class 'org/springframework/web/bind/annotation/ControllerMappingReflectiveProcessor'
19:37:23.446 [Test worker] DEBUG com.tngtech.archunit.core.importer.JavaClassProcessor - Processing class 'org/springframework/aot/hint/annotation/Reflective'
19:37:23.446 [Test worker] DEBUG com.tngtech.archunit.core.importer.JavaClassProcessor - Processing class 'jdk/internal/vm/annotation/ForceInline'
19:37:23.446 [Test worker] DEBUG com.tngtech.archunit.core.importer.JavaClassProcessor - Processing class 'java/lang/CharSequence'
19:37:23.447 [Test worker] DEBUG com.tngtech.archunit.core.importer.JavaClassProcessor - Processing class 'org/springframework/http/HttpStatusCode'
19:37:23.447 [Test worker] DEBUG com.tngtech.archunit.core.importer.JavaClassProcessor - Processing class 'org/springframework/web/bind/annotation/RequestMethod'
19:37:23.447 [Test worker] DEBUG com.tngtech.archunit.core.importer.JavaClassProcessor - Processing class 'java/util/Set'
19:37:23.447 [Test worker] DEBUG com.tngtech.archunit.core.importer.JavaClassProcessor - Processing class 'java/io/Serializable'
19:37:23.447 [Test worker] DEBUG com.tngtech.archunit.core.importer.JavaClassProcessor - Processing class 'java/util/stream/DoubleStream'
19:37:23.447 [Test worker] DEBUG com.tngtech.archunit.core.importer.JavaClassProcessor - Processing class 'org/slf4j/spi/SLF4JServiceProvider'
19:37:23.447 [Test worker] DEBUG com.tngtech.archunit.core.importer.JavaClassProcessor - Processing class 'java/lang/annotation/Annotation'
19:37:23.447 [Test worker] DEBUG com.tngtech.archunit.core.importer.JavaClassProcessor - Processing class 'jdk/internal/ValueBased'
19:37:23.447 [Test worker] DEBUG com.tngtech.archunit.core.importer.JavaClassProcessor - Processing class 'java/time/temporal/Temporal'
19:37:23.447 [Test worker] DEBUG com.tngtech.archunit.core.importer.JavaClassProcessor - Processing class 'org/springframework/transaction/annotation/Isolation'
19:37:23.447 [Test worker] DEBUG com.tngtech.archunit.core.importer.JavaClassProcessor - Processing class 'java/util/stream/IntStream'
19:37:23.448 [Test worker] DEBUG com.tngtech.archunit.core.importer.JavaClassProcessor - Processing class 'java/lang/Throwable'
19:37:23.448 [Test worker] DEBUG com.tngtech.archunit.core.importer.JavaClassProcessor - Processing class 'java/lang/Double'
19:37:23.448 [Test worker] DEBUG com.tngtech.archunit.core.importer.JavaClassProcessor - Processing class 'org/springframework/stereotype/Controller'
19:37:23.448 [Test worker] DEBUG com.tngtech.archunit.core.importer.JavaClassProcessor - Processing class 'java/lang/Iterable'
19:37:23.448 [Test worker] DEBUG com.tngtech.archunit.core.importer.JavaClassProcessor - Processing class 'java/lang/annotation/Retention'
19:37:23.448 [Test worker] DEBUG com.tngtech.archunit.core.importer.JavaClassProcessor - Processing class 'java/util/concurrent/ConcurrentMap'
19:37:23.448 [Test worker] DEBUG com.tngtech.archunit.core.importer.JavaClassProcessor - Processing class 'java/lang/constant/ConstantDesc'
19:37:23.448 [Test worker] DEBUG com.tngtech.archunit.core.importer.JavaClassProcessor - Processing class 'java/lang/Boolean'
19:37:23.448 [Test worker] DEBUG com.tngtech.archunit.core.importer.JavaClassProcessor - Processing class 'org/springframework/lang/Nullable'
19:37:23.448 [Test worker] DEBUG com.tngtech.archunit.core.importer.JavaClassProcessor - Processing class 'java/lang/Number'
19:37:23.448 [Test worker] DEBUG com.tngtech.archunit.core.importer.JavaClassProcessor - Processing class 'java/util/LongSummaryStatistics'
19:37:23.449 [Test worker] DEBUG com.tngtech.archunit.core.importer.JavaClassProcessor - Processing class 'org/springframework/core/annotation/AliasFor'
19:37:23.449 [Test worker] DEBUG com.tngtech.archunit.core.importer.JavaClassProcessor - Processing class 'java/util/Map$Entry'
19:37:23.449 [Test worker] DEBUG com.tngtech.archunit.core.importer.JavaClassProcessor - Processing class 'java/lang/SafeVarargs'
19:37:23.449 [Test worker] DEBUG com.tngtech.archunit.core.importer.JavaClassProcessor - Processing class 'jdk/internal/vm/annotation/IntrinsicCandidate'
19:37:23.449 [Test worker] DEBUG com.tngtech.archunit.core.importer.JavaClassProcessor - Processing class 'java/util/stream/LongStream'
19:37:23.449 [Test worker] DEBUG com.tngtech.archunit.core.importer.JavaClassProcessor - Processing class 'jdk/internal/vm/annotation/Stable'
19:37:23.449 [Test worker] DEBUG com.tngtech.archunit.core.importer.JavaClassProcessor - Processing class 'java/lang/Deprecated'
19:37:23.449 [Test worker] DEBUG com.tngtech.archunit.core.importer.JavaClassProcessor - Processing class 'java/lang/annotation/Target'
19:37:23.449 [Test worker] DEBUG com.tngtech.archunit.core.importer.JavaClassProcessor - Processing class 'java/lang/RuntimeException'
19:37:23.449 [Test worker] DEBUG com.tngtech.archunit.core.importer.JavaClassProcessor - Processing class 'java/lang/annotation/ElementType'
19:37:23.449 [Test worker] DEBUG com.tngtech.archunit.core.importer.JavaClassProcessor - Processing class 'org/springframework/web/bind/annotation/ResponseBody'
19:37:23.449 [Test worker] DEBUG com.tngtech.archunit.core.importer.JavaClassProcessor - Processing class 'java/util/stream/Collector$Characteristics'
19:37:23.449 [Test worker] DEBUG com.tngtech.archunit.core.importer.JavaClassProcessor - Processing class 'java/util/function/LongConsumer'
19:37:23.449 [Test worker] DEBUG com.tngtech.archunit.core.importer.JavaClassProcessor - Processing class 'java/util/function/Consumer'
19:37:23.449 [Test worker] DEBUG com.tngtech.archunit.core.importer.JavaClassProcessor - Processing class 'java/lang/constant/Constable'
19:37:23.449 [Test worker] DEBUG com.tngtech.archunit.core.importer.JavaClassProcessor - Processing class 'org/springframework/stereotype/Component'
19:37:23.449 [Test worker] DEBUG com.tngtech.archunit.core.importer.JavaClassProcessor - Processing class 'java/util/stream/BaseStream'
19:37:23.449 [Test worker] DEBUG com.tngtech.archunit.core.importer.JavaClassProcessor - Processing class 'java/lang/Comparable'
19:37:23.449 [Test worker] DEBUG com.tngtech.archunit.core.importer.JavaClassProcessor - Processing class 'java/util/IntSummaryStatistics'
19:37:23.449 [Test worker] DEBUG com.tngtech.archunit.core.importer.JavaClassProcessor - Processing class 'java/time/temporal/TemporalAdjuster'
19:37:23.449 [Test worker] DEBUG com.tngtech.archunit.core.importer.JavaClassProcessor - Processing class 'java/lang/annotation/RetentionPolicy'
19:37:23.450 [Test worker] DEBUG com.tngtech.archunit.core.importer.JavaClassProcessor - Processing class 'org/springframework/web/bind/annotation/Mapping'
19:37:23.450 [Test worker] DEBUG com.tngtech.archunit.core.importer.JavaClassProcessor - Processing class 'java/lang/AutoCloseable'
19:37:23.450 [Test worker] DEBUG com.tngtech.archunit.core.importer.JavaClassProcessor - Processing class 'org/springframework/aot/hint/annotation/ReflectiveProcessor'
19:37:23.450 [Test worker] DEBUG com.tngtech.archunit.core.importer.JavaClassProcessor - Processing class 'java/lang/Enum$EnumDesc'
19:37:23.450 [Test worker] DEBUG com.tngtech.archunit.core.importer.JavaClassProcessor - Processing class 'java/util/stream/Collector'
19:37:23.450 [Test worker] DEBUG com.tngtech.archunit.core.importer.JavaClassProcessor - Processing class 'java/lang/Exception'
19:37:23.450 [Test worker] DEBUG com.tngtech.archunit.core.importer.JavaClassProcessor - Processing class 'java/lang/constant/DynamicConstantDesc'
19:37:23.450 [Test worker] DEBUG com.tngtech.archunit.core.importer.JavaClassProcessor - Processing class 'java/net/URLStreamHandler'
19:37:23.450 [Test worker] DEBUG com.tngtech.archunit.core.importer.JavaClassProcessor - Processing class 'org/springframework/aot/hint/annotation/SimpleReflectiveProcessor'
19:37:23.450 [Test worker] DEBUG com.tngtech.archunit.core.importer.JavaClassProcessor - Processing class 'org/springframework/beans/factory/InitializingBean'
19:37:23.450 [Test worker] DEBUG com.tngtech.archunit.core.importer.JavaClassProcessor - Processing class 'java/time/temporal/TemporalAccessor'
19:37:23.450 [Test worker] DEBUG com.tngtech.archunit.core.importer.JavaClassProcessor - Processing class 'java/lang/FunctionalInterface'
19:37:23.451 [Test worker] DEBUG com.tngtech.archunit.core.importer.JavaClassProcessor - Processing class 'org/springframework/stereotype/Indexed'
19:37:23.451 [Test worker] DEBUG com.tngtech.archunit.core.importer.JavaClassProcessor - Processing class 'java/net/spi/URLStreamHandlerProvider'
19:37:23.451 [Test worker] DEBUG com.tngtech.archunit.core.importer.JavaClassProcessor - Processing class 'java/net/URLStreamHandlerFactory'
19:37:23.452 [Test worker] DEBUG com.tngtech.archunit.core.importer.JavaClassProcessor - Processing class 'java/lang/Class'
19:37:23.453 [Test worker] DEBUG com.tngtech.archunit.core.importer.JavaClassProcessor - Processing class 'java/util/Spliterator$OfInt'
19:37:23.453 [Test worker] DEBUG com.tngtech.archunit.core.importer.JavaClassProcessor - Processing class 'java/lang/NumberFormatException'
19:37:23.453 [Test worker] DEBUG com.tngtech.archunit.core.importer.JavaClassProcessor - Processing class 'java/lang/invoke/MethodHandles$Lookup'
19:37:23.453 [Test worker] DEBUG com.tngtech.archunit.core.importer.JavaClassProcessor - Processing class 'java/lang/ReflectiveOperationException'
19:37:23.454 [Test worker] DEBUG com.tngtech.archunit.core.importer.JavaClassProcessor - Processing class 'java/lang/CloneNotSupportedException'
19:37:23.454 [Test worker] DEBUG com.tngtech.archunit.core.importer.JavaClassProcessor - Processing class 'java/io/ObjectInputStream'
19:37:23.454 [Test worker] DEBUG com.tngtech.archunit.core.importer.JavaClassProcessor - Processing class 'java/io/IOException'
19:37:23.454 [Test worker] DEBUG com.tngtech.archunit.core.importer.JavaClassProcessor - Processing class 'java/lang/ClassNotFoundException'
19:37:23.454 [Test worker] DEBUG com.tngtech.archunit.core.importer.JavaClassProcessor - Processing class 'java/io/ObjectStreamException'
19:37:23.454 [Test worker] DEBUG com.tngtech.archunit.core.importer.JavaClassProcessor - Processing class 'java/lang/constant/ClassDesc'
19:37:23.455 [Test worker] DEBUG com.tngtech.archunit.core.importer.JavaClassProcessor - Processing class 'java/util/Iterator'
19:37:23.455 [Test worker] DEBUG com.tngtech.archunit.core.importer.JavaClassProcessor - Processing class 'java/util/Spliterator'
19:37:23.455 [Test worker] DEBUG com.tngtech.archunit.core.importer.JavaClassProcessor - Processing class 'java/math/BigInteger'
19:37:23.456 [Test worker] DEBUG com.tngtech.archunit.core.importer.JavaClassProcessor - Processing class 'java/lang/InterruptedException'
19:37:23.456 [Test worker] DEBUG com.tngtech.archunit.core.importer.JavaClassProcessor - Processing class 'java/io/ObjectStreamField'
19:37:23.456 [Test worker] DEBUG com.tngtech.archunit.core.importer.JavaClassProcessor - Processing class 'java/util/Comparator'
19:37:23.456 [Test worker] DEBUG com.tngtech.archunit.core.importer.JavaClassProcessor - Processing class 'java/lang/Void'
19:37:23.456 [Test worker] DEBUG com.tngtech.archunit.core.importer.JavaClassProcessor - Processing class 'java/nio/charset/Charset'
19:37:23.456 [Test worker] DEBUG com.tngtech.archunit.core.importer.JavaClassProcessor - Processing class 'java/nio/charset/MalformedInputException'
19:37:23.456 [Test worker] DEBUG com.tngtech.archunit.core.importer.JavaClassProcessor - Processing class 'java/nio/charset/CharacterCodingException'
19:37:23.456 [Test worker] DEBUG com.tngtech.archunit.core.importer.JavaClassProcessor - Processing class 'sun/nio/cs/ArrayDecoder'
19:37:23.456 [Test worker] DEBUG com.tngtech.archunit.core.importer.JavaClassProcessor - Processing class 'java/io/UnsupportedEncodingException'
19:37:23.457 [Test worker] DEBUG com.tngtech.archunit.core.importer.JavaClassProcessor - Processing class 'sun/nio/cs/ArrayEncoder'
19:37:23.457 [Test worker] DEBUG com.tngtech.archunit.core.importer.JavaClassProcessor - Processing class 'java/nio/charset/UnmappableCharacterException'
19:37:23.457 [Test worker] DEBUG com.tngtech.archunit.core.importer.JavaClassProcessor - Processing class 'java/nio/charset/CharsetDecoder'
19:37:23.457 [Test worker] DEBUG com.tngtech.archunit.core.importer.JavaClassProcessor - Processing class 'java/lang/StringBuffer'
19:37:23.457 [Test worker] DEBUG com.tngtech.archunit.core.importer.JavaClassProcessor - Processing class 'java/lang/AbstractStringBuilder'
19:37:23.457 [Test worker] DEBUG com.tngtech.archunit.core.importer.JavaClassProcessor - Processing class 'java/util/Locale'
19:37:23.458 [Test worker] DEBUG com.tngtech.archunit.core.importer.JavaClassProcessor - Processing class 'java/util/function/Function'
19:37:23.458 [Test worker] DEBUG com.tngtech.archunit.core.importer.JavaClassProcessor - Processing class 'java/lang/StringBuilder'
19:37:23.458 [Test worker] DEBUG com.tngtech.archunit.core.importer.JavaClassProcessor - Processing class 'java/lang/StackTraceElement'
19:37:23.458 [Test worker] DEBUG com.tngtech.archunit.core.importer.JavaClassProcessor - Processing class 'java/io/PrintStream'
19:37:23.459 [Test worker] DEBUG com.tngtech.archunit.core.importer.JavaClassProcessor - Processing class 'java/lang/Throwable$PrintStreamOrWriter'
19:37:23.459 [Test worker] DEBUG com.tngtech.archunit.core.importer.JavaClassProcessor - Processing class 'java/io/PrintWriter'
19:37:23.459 [Test worker] DEBUG com.tngtech.archunit.core.importer.JavaClassProcessor - Processing class 'java/io/ObjectOutputStream'
19:37:23.459 [Test worker] DEBUG com.tngtech.archunit.core.importer.JavaClassProcessor - Processing class 'java/lang/constant/DirectMethodHandleDesc'
19:37:23.460 [Test worker] DEBUG com.tngtech.archunit.core.importer.JavaClassProcessor - Processing class 'java/math/MathContext'
19:37:23.460 [Test worker] DEBUG com.tngtech.archunit.core.importer.JavaClassProcessor - Processing class 'java/math/RoundingMode'
19:37:23.460 [Test worker] DEBUG com.tngtech.archunit.core.importer.JavaClassProcessor - Processing class 'java/math/MutableBigInteger'
19:37:23.461 [Test worker] DEBUG com.tngtech.archunit.core.importer.JavaClassProcessor - Processing class 'java/net/InetAddress'
19:37:23.461 [Test worker] DEBUG com.tngtech.archunit.core.importer.JavaClassProcessor - Processing class 'java/net/UrlDeserializedState'
19:37:23.461 [Test worker] DEBUG com.tngtech.archunit.core.importer.JavaClassProcessor - Processing class 'java/lang/ThreadLocal'
19:37:23.461 [Test worker] DEBUG com.tngtech.archunit.core.importer.JavaClassProcessor - Processing class 'java/util/Hashtable'
19:37:23.462 [Test worker] DEBUG com.tngtech.archunit.core.importer.JavaClassProcessor - Processing class 'java/net/URI'
19:37:23.462 [Test worker] DEBUG com.tngtech.archunit.core.importer.JavaClassProcessor - Processing class 'java/net/MalformedURLException'
19:37:23.462 [Test worker] DEBUG com.tngtech.archunit.core.importer.JavaClassProcessor - Processing class 'java/lang/SecurityManager'
19:37:23.462 [Test worker] DEBUG com.tngtech.archunit.core.importer.JavaClassProcessor - Processing class 'java/net/URISyntaxException'
19:37:23.462 [Test worker] DEBUG com.tngtech.archunit.core.importer.JavaClassProcessor - Processing class 'java/net/URLConnection'
19:37:23.462 [Test worker] DEBUG com.tngtech.archunit.core.importer.JavaClassProcessor - Processing class 'java/net/Proxy'
19:37:23.462 [Test worker] DEBUG com.tngtech.archunit.core.importer.JavaClassProcessor - Processing class 'java/io/InputStream'
19:37:23.462 [Test worker] DEBUG com.tngtech.archunit.core.importer.JavaClassProcessor - Processing class 'java/io/InvalidObjectException'
19:37:23.462 [Test worker] DEBUG com.tngtech.archunit.core.importer.JavaClassProcessor - Processing class 'sun/net/www/protocol/jar/Handler'
19:37:23.463 [Test worker] DEBUG com.tngtech.archunit.core.importer.JavaClassProcessor - Processing class 'java/time/Clock'
19:37:23.463 [Test worker] DEBUG com.tngtech.archunit.core.importer.JavaClassProcessor - Processing class 'java/time/temporal/TemporalField'
19:37:23.463 [Test worker] DEBUG com.tngtech.archunit.core.importer.JavaClassProcessor - Processing class 'java/time/temporal/ChronoField'
19:37:23.463 [Test worker] DEBUG com.tngtech.archunit.core.importer.JavaClassProcessor - Processing class 'java/time/temporal/TemporalUnit'
19:37:23.463 [Test worker] DEBUG com.tngtech.archunit.core.importer.JavaClassProcessor - Processing class 'java/time/temporal/ChronoUnit'
19:37:23.463 [Test worker] DEBUG com.tngtech.archunit.core.importer.JavaClassProcessor - Processing class 'java/time/temporal/ValueRange'
19:37:23.463 [Test worker] DEBUG com.tngtech.archunit.core.importer.JavaClassProcessor - Processing class 'java/time/temporal/TemporalAmount'
19:37:23.463 [Test worker] DEBUG com.tngtech.archunit.core.importer.JavaClassProcessor - Processing class 'java/time/temporal/TemporalQuery'
19:37:23.463 [Test worker] DEBUG com.tngtech.archunit.core.importer.JavaClassProcessor - Processing class 'java/time/OffsetDateTime'
19:37:23.463 [Test worker] DEBUG com.tngtech.archunit.core.importer.JavaClassProcessor - Processing class 'java/time/ZoneOffset'
19:37:23.464 [Test worker] DEBUG com.tngtech.archunit.core.importer.JavaClassProcessor - Processing class 'java/time/ZonedDateTime'
19:37:23.464 [Test worker] DEBUG com.tngtech.archunit.core.importer.JavaClassProcessor - Processing class 'java/time/ZoneId'
19:37:23.464 [Test worker] DEBUG com.tngtech.archunit.core.importer.JavaClassProcessor - Processing class 'java/io/DataOutput'
19:37:23.464 [Test worker] DEBUG com.tngtech.archunit.core.importer.JavaClassProcessor - Processing class 'java/io/DataInput'
19:37:23.464 [Test worker] DEBUG com.tngtech.archunit.core.importer.JavaClassProcessor - Processing class 'java/util/function/IntFunction'
19:37:23.464 [Test worker] DEBUG com.tngtech.archunit.core.importer.JavaClassProcessor - Processing class 'java/util/function/Predicate'
19:37:23.464 [Test worker] DEBUG com.tngtech.archunit.core.importer.JavaClassProcessor - Processing class 'java/util/Random'
19:37:23.464 [Test worker] DEBUG com.tngtech.archunit.core.importer.JavaClassProcessor - Processing class 'java/util/RandomAccess'
19:37:23.464 [Test worker] DEBUG com.tngtech.archunit.core.importer.JavaClassProcessor - Processing class 'java/util/ListIterator'
19:37:23.464 [Test worker] DEBUG com.tngtech.archunit.core.importer.JavaClassProcessor - Processing class 'java/util/Collections$UnmodifiableCollection'
19:37:23.465 [Test worker] DEBUG com.tngtech.archunit.core.importer.JavaClassProcessor - Processing class 'java/util/Collections$UnmodifiableSet'
19:37:23.465 [Test worker] DEBUG com.tngtech.archunit.core.importer.JavaClassProcessor - Processing class 'java/util/SortedSet'
19:37:23.465 [Test worker] DEBUG com.tngtech.archunit.core.importer.JavaClassProcessor - Processing class 'java/util/Collections$UnmodifiableSortedSet'
19:37:23.465 [Test worker] DEBUG com.tngtech.archunit.core.importer.JavaClassProcessor - Processing class 'java/util/NavigableSet'
19:37:23.465 [Test worker] DEBUG com.tngtech.archunit.core.importer.JavaClassProcessor - Processing class 'java/util/Collections$UnmodifiableNavigableSet'
19:37:23.465 [Test worker] DEBUG com.tngtech.archunit.core.importer.JavaClassProcessor - Processing class 'java/util/Collections$UnmodifiableRandomAccessList'
19:37:23.465 [Test worker] DEBUG com.tngtech.archunit.core.importer.JavaClassProcessor - Processing class 'java/util/Collections$UnmodifiableList'
19:37:23.465 [Test worker] DEBUG com.tngtech.archunit.core.importer.JavaClassProcessor - Processing class 'java/util/Collections$UnmodifiableMap'
19:37:23.465 [Test worker] DEBUG com.tngtech.archunit.core.importer.JavaClassProcessor - Processing class 'java/util/SortedMap'
19:37:23.465 [Test worker] DEBUG com.tngtech.archunit.core.importer.JavaClassProcessor - Processing class 'java/util/Collections$UnmodifiableSortedMap'
19:37:23.465 [Test worker] DEBUG com.tngtech.archunit.core.importer.JavaClassProcessor - Processing class 'java/util/NavigableMap'
19:37:23.465 [Test worker] DEBUG com.tngtech.archunit.core.importer.JavaClassProcessor - Processing class 'java/util/Collections$UnmodifiableNavigableMap'
19:37:23.465 [Test worker] DEBUG com.tngtech.archunit.core.importer.JavaClassProcessor - Processing class 'java/util/Queue'
19:37:23.465 [Test worker] DEBUG com.tngtech.archunit.core.importer.JavaClassProcessor - Processing class 'java/util/Enumeration'
19:37:23.465 [Test worker] DEBUG com.tngtech.archunit.core.importer.JavaClassProcessor - Processing class 'java/util/Collections$ReverseComparator2'
19:37:23.465 [Test worker] DEBUG com.tngtech.archunit.core.importer.JavaClassProcessor - Processing class 'java/util/ArrayList'
19:37:23.466 [Test worker] DEBUG com.tngtech.archunit.core.importer.JavaClassProcessor - Processing class 'java/util/Deque'
19:37:23.466 [Test worker] DEBUG com.tngtech.archunit.core.importer.JavaClassProcessor - Processing class 'java/util/function/UnaryOperator'
19:37:23.466 [Test worker] DEBUG com.tngtech.archunit.core.importer.JavaClassProcessor - Processing class 'java/util/function/BiConsumer'
19:37:23.466 [Test worker] DEBUG com.tngtech.archunit.core.importer.JavaClassProcessor - Processing class 'java/util/function/BiFunction'
19:37:23.466 [Test worker] DEBUG com.tngtech.archunit.core.importer.JavaClassProcessor - Processing class 'java/util/ImmutableCollections$AbstractImmutableMap'
19:37:23.466 [Test worker] DEBUG com.tngtech.archunit.core.importer.JavaClassProcessor - Processing class 'java/util/KeyValueHolder'
19:37:23.467 [Test worker] DEBUG com.tngtech.archunit.core.importer.JavaClassProcessor - Processing class 'java/lang/invoke/SerializedLambda'
19:37:23.467 [Test worker] DEBUG com.tngtech.archunit.core.importer.JavaClassProcessor - Processing class 'java/lang/Runnable'
19:37:23.467 [Test worker] DEBUG com.tngtech.archunit.core.importer.JavaClassProcessor - Processing class 'java/util/function/Supplier'
19:37:23.467 [Test worker] DEBUG com.tngtech.archunit.core.importer.JavaClassProcessor - Processing class 'java/util/ImmutableCollections$AbstractImmutableSet'
19:37:23.467 [Test worker] DEBUG com.tngtech.archunit.core.importer.JavaClassProcessor - Processing class 'java/util/function/BinaryOperator'
19:37:23.467 [Test worker] DEBUG com.tngtech.archunit.core.importer.JavaClassProcessor - Processing class 'java/util/function/ToIntFunction'
19:37:23.467 [Test worker] DEBUG com.tngtech.archunit.core.importer.JavaClassProcessor - Processing class 'java/util/function/ToLongFunction'
19:37:23.467 [Test worker] DEBUG com.tngtech.archunit.core.importer.JavaClassProcessor - Processing class 'java/util/function/ToDoubleFunction'
19:37:23.468 [Test worker] DEBUG com.tngtech.archunit.core.importer.JavaClassProcessor - Processing class 'java/util/stream/Collectors$1PairBox'
19:37:23.468 [Test worker] DEBUG com.tngtech.archunit.core.importer.JavaClassProcessor - Processing class 'java/util/HashMap'
19:37:23.468 [Test worker] DEBUG com.tngtech.archunit.core.importer.JavaClassProcessor - Processing class 'java/util/stream/Collectors$Partition'
19:37:23.468 [Test worker] DEBUG com.tngtech.archunit.core.importer.JavaClassProcessor - Processing class 'java/util/stream/Collectors$1OptionalBox'
19:37:23.468 [Test worker] DEBUG com.tngtech.archunit.core.importer.JavaClassProcessor - Processing class 'java/util/StringJoiner'
19:37:23.468 [Test worker] DEBUG com.tngtech.archunit.core.importer.JavaClassProcessor - Processing class 'java/util/HashSet'
19:37:23.468 [Test worker] DEBUG com.tngtech.archunit.core.importer.JavaClassProcessor - Processing class 'java/util/function/DoublePredicate'
19:37:23.468 [Test worker] DEBUG com.tngtech.archunit.core.importer.JavaClassProcessor - Processing class 'java/util/function/DoubleUnaryOperator'
19:37:23.468 [Test worker] DEBUG com.tngtech.archunit.core.importer.JavaClassProcessor - Processing class 'java/util/function/DoubleFunction'
19:37:23.468 [Test worker] DEBUG com.tngtech.archunit.core.importer.JavaClassProcessor - Processing class 'java/util/function/DoubleToIntFunction'
19:37:23.468 [Test worker] DEBUG com.tngtech.archunit.core.importer.JavaClassProcessor - Processing class 'java/util/function/DoubleToLongFunction'
19:37:23.468 [Test worker] DEBUG com.tngtech.archunit.core.importer.JavaClassProcessor - Processing class 'java/util/stream/DoubleStream$DoubleMapMultiConsumer'
19:37:23.468 [Test worker] DEBUG com.tngtech.archunit.core.importer.JavaClassProcessor - Processing class 'java/util/function/DoubleBinaryOperator'
19:37:23.468 [Test worker] DEBUG com.tngtech.archunit.core.importer.JavaClassProcessor - Processing class 'java/util/OptionalDouble'
19:37:23.468 [Test worker] DEBUG com.tngtech.archunit.core.importer.JavaClassProcessor - Processing class 'java/util/function/ObjDoubleConsumer'
19:37:23.468 [Test worker] DEBUG com.tngtech.archunit.core.importer.JavaClassProcessor - Processing class 'java/util/PrimitiveIterator$OfDouble'
19:37:23.469 [Test worker] DEBUG com.tngtech.archunit.core.importer.JavaClassProcessor - Processing class 'java/util/Spliterator$OfDouble'
19:37:23.469 [Test worker] DEBUG com.tngtech.archunit.core.importer.JavaClassProcessor - Processing class 'java/util/stream/DoubleStream$Builder'
19:37:23.469 [Test worker] DEBUG com.tngtech.archunit.core.importer.JavaClassProcessor - Processing class 'java/util/function/DoubleSupplier'
19:37:23.469 [Test worker] DEBUG com.tngtech.archunit.core.importer.JavaClassProcessor - Processing class 'java/util/function/IntPredicate'
19:37:23.469 [Test worker] DEBUG com.tngtech.archunit.core.importer.JavaClassProcessor - Processing class 'java/util/function/IntUnaryOperator'
19:37:23.469 [Test worker] DEBUG com.tngtech.archunit.core.importer.JavaClassProcessor - Processing class 'java/util/function/IntToLongFunction'
19:37:23.469 [Test worker] DEBUG com.tngtech.archunit.core.importer.JavaClassProcessor - Processing class 'java/util/function/IntToDoubleFunction'
19:37:23.469 [Test worker] DEBUG com.tngtech.archunit.core.importer.JavaClassProcessor - Processing class 'java/util/stream/IntStream$IntMapMultiConsumer'
19:37:23.469 [Test worker] DEBUG com.tngtech.archunit.core.importer.JavaClassProcessor - Processing class 'java/util/function/IntBinaryOperator'
19:37:23.469 [Test worker] DEBUG com.tngtech.archunit.core.importer.JavaClassProcessor - Processing class 'java/util/OptionalInt'
19:37:23.469 [Test worker] DEBUG com.tngtech.archunit.core.importer.JavaClassProcessor - Processing class 'java/util/function/ObjIntConsumer'
19:37:23.469 [Test worker] DEBUG com.tngtech.archunit.core.importer.JavaClassProcessor - Processing class 'java/util/PrimitiveIterator$OfInt'
19:37:23.469 [Test worker] DEBUG com.tngtech.archunit.core.importer.JavaClassProcessor - Processing class 'java/util/stream/IntStream$Builder'
19:37:23.469 [Test worker] DEBUG com.tngtech.archunit.core.importer.JavaClassProcessor - Processing class 'java/util/function/IntSupplier'
19:37:23.469 [Test worker] DEBUG com.tngtech.archunit.core.importer.JavaClassProcessor - Processing class 'java/util/function/LongPredicate'
19:37:23.469 [Test worker] DEBUG com.tngtech.archunit.core.importer.JavaClassProcessor - Processing class 'java/util/function/LongUnaryOperator'
19:37:23.469 [Test worker] DEBUG com.tngtech.archunit.core.importer.JavaClassProcessor - Processing class 'java/util/function/LongFunction'
19:37:23.469 [Test worker] DEBUG com.tngtech.archunit.core.importer.JavaClassProcessor - Processing class 'java/util/function/LongToIntFunction'
19:37:23.469 [Test worker] DEBUG com.tngtech.archunit.core.importer.JavaClassProcessor - Processing class 'java/util/function/LongToDoubleFunction'
19:37:23.469 [Test worker] DEBUG com.tngtech.archunit.core.importer.JavaClassProcessor - Processing class 'java/util/stream/LongStream$LongMapMultiConsumer'
19:37:23.469 [Test worker] DEBUG com.tngtech.archunit.core.importer.JavaClassProcessor - Processing class 'java/util/function/LongBinaryOperator'
19:37:23.469 [Test worker] DEBUG com.tngtech.archunit.core.importer.JavaClassProcessor - Processing class 'java/util/OptionalLong'
19:37:23.469 [Test worker] DEBUG com.tngtech.archunit.core.importer.JavaClassProcessor - Processing class 'java/util/function/ObjLongConsumer'
19:37:23.469 [Test worker] DEBUG com.tngtech.archunit.core.importer.JavaClassProcessor - Processing class 'java/util/PrimitiveIterator$OfLong'
19:37:23.469 [Test worker] DEBUG com.tngtech.archunit.core.importer.JavaClassProcessor - Processing class 'java/util/Spliterator$OfLong'
19:37:23.469 [Test worker] DEBUG com.tngtech.archunit.core.importer.JavaClassProcessor - Processing class 'java/util/stream/LongStream$Builder'
19:37:23.469 [Test worker] DEBUG com.tngtech.archunit.core.importer.JavaClassProcessor - Processing class 'java/util/function/LongSupplier'
19:37:23.470 [Test worker] DEBUG com.tngtech.archunit.core.importer.JavaClassProcessor - Processing class 'java/util/stream/Stream$Builder'
19:37:23.470 [Test worker] DEBUG com.tngtech.archunit.core.importer.JavaClassProcessor - Processing class 'org/slf4j/spi/LoggingEventBuilder'
19:37:23.470 [Test worker] DEBUG com.tngtech.archunit.core.importer.JavaClassProcessor - Processing class 'org/slf4j/event/Level'
19:37:23.470 [Test worker] DEBUG com.tngtech.archunit.core.importer.JavaClassProcessor - Processing class 'org/slf4j/Marker'
19:37:23.470 [Test worker] DEBUG com.tngtech.archunit.core.importer.JavaClassProcessor - Processing class 'org/slf4j/helpers/SubstituteServiceProvider'
19:37:23.470 [Test worker] DEBUG com.tngtech.archunit.core.importer.JavaClassProcessor - Processing class 'org/slf4j/helpers/NOP_FallbackServiceProvider'
19:37:23.471 [Test worker] DEBUG com.tngtech.archunit.core.importer.JavaClassProcessor - Processing class 'java/util/ServiceLoader'
19:37:23.471 [Test worker] DEBUG com.tngtech.archunit.core.importer.JavaClassProcessor - Processing class 'java/lang/ClassLoader'
19:37:23.471 [Test worker] DEBUG com.tngtech.archunit.core.importer.JavaClassProcessor - Processing class 'org/slf4j/event/SubstituteLoggingEvent'
19:37:23.471 [Test worker] DEBUG com.tngtech.archunit.core.importer.JavaClassProcessor - Processing class 'org/slf4j/ILoggerFactory'
19:37:23.472 [Test worker] DEBUG com.tngtech.archunit.core.importer.JavaClassProcessor - Processing class 'org/slf4j/IMarkerFactory'
19:37:23.472 [Test worker] DEBUG com.tngtech.archunit.core.importer.JavaClassProcessor - Processing class 'org/slf4j/spi/MDCAdapter'
19:37:23.472 [Test worker] DEBUG com.tngtech.archunit.core.importer.JavaClassProcessor - Processing class 'org/springframework/aot/hint/ReflectionHints'
19:37:23.472 [Test worker] DEBUG com.tngtech.archunit.core.importer.JavaClassProcessor - Processing class 'java/lang/reflect/AnnotatedElement'
19:37:23.472 [Test worker] DEBUG com.tngtech.archunit.core.importer.JavaClassProcessor - Processing class 'java/lang/reflect/Constructor'
19:37:23.472 [Test worker] DEBUG com.tngtech.archunit.core.importer.JavaClassProcessor - Processing class 'java/lang/reflect/Field'
19:37:23.472 [Test worker] DEBUG com.tngtech.archunit.core.importer.JavaClassProcessor - Processing class 'java/lang/reflect/Method'
19:37:23.473 [Test worker] DEBUG com.tngtech.archunit.core.importer.JavaClassProcessor - Processing class 'org/springframework/http/HttpStatus$Series'
19:37:23.473 [Test worker] DEBUG com.tngtech.archunit.core.importer.JavaClassProcessor - Processing class 'org/springframework/jdbc/core/ConnectionCallback'
19:37:23.473 [Test worker] DEBUG com.tngtech.archunit.core.importer.JavaClassProcessor - Processing class 'org/springframework/dao/DataAccessException'
19:37:23.473 [Test worker] DEBUG com.tngtech.archunit.core.importer.JavaClassProcessor - Processing class 'org/springframework/jdbc/core/StatementCallback'
19:37:23.473 [Test worker] DEBUG com.tngtech.archunit.core.importer.JavaClassProcessor - Processing class 'org/springframework/jdbc/core/ResultSetExtractor'
19:37:23.474 [Test worker] DEBUG com.tngtech.archunit.core.importer.JavaClassProcessor - Processing class 'org/springframework/jdbc/core/RowCallbackHandler'
19:37:23.474 [Test worker] DEBUG com.tngtech.archunit.core.importer.JavaClassProcessor - Processing class 'org/springframework/jdbc/core/RowMapper'
19:37:23.474 [Test worker] DEBUG com.tngtech.archunit.core.importer.JavaClassProcessor - Processing class 'org/springframework/jdbc/support/rowset/SqlRowSet'
19:37:23.474 [Test worker] DEBUG com.tngtech.archunit.core.importer.JavaClassProcessor - Processing class 'org/springframework/jdbc/core/PreparedStatementCreator'
19:37:23.474 [Test worker] DEBUG com.tngtech.archunit.core.importer.JavaClassProcessor - Processing class 'org/springframework/jdbc/core/PreparedStatementCallback'
19:37:23.474 [Test worker] DEBUG com.tngtech.archunit.core.importer.JavaClassProcessor - Processing class 'org/springframework/jdbc/core/PreparedStatementSetter'
19:37:23.475 [Test worker] DEBUG com.tngtech.archunit.core.importer.JavaClassProcessor - Processing class 'org/springframework/jdbc/support/KeyHolder'
19:37:23.475 [Test worker] DEBUG com.tngtech.archunit.core.importer.JavaClassProcessor - Processing class 'org/springframework/jdbc/core/BatchPreparedStatementSetter'
19:37:23.475 [Test worker] DEBUG com.tngtech.archunit.core.importer.JavaClassProcessor - Processing class 'org/springframework/jdbc/core/ParameterizedPreparedStatementSetter'
19:37:23.475 [Test worker] DEBUG com.tngtech.archunit.core.importer.JavaClassProcessor - Processing class 'org/springframework/jdbc/core/CallableStatementCreator'
19:37:23.475 [Test worker] DEBUG com.tngtech.archunit.core.importer.JavaClassProcessor - Processing class 'org/springframework/jdbc/core/CallableStatementCallback'
19:37:23.475 [Test worker] DEBUG com.tngtech.archunit.core.importer.JavaClassProcessor - Processing class 'java/sql/Connection'
19:37:23.475 [Test worker] DEBUG com.tngtech.archunit.core.importer.JavaClassProcessor - Processing class 'org/springframework/jdbc/datasource/ConnectionProxy'
19:37:23.476 [Test worker] DEBUG com.tngtech.archunit.core.importer.JavaClassProcessor - Processing class 'org/springframework/jdbc/core/ParameterDisposer'
19:37:23.476 [Test worker] DEBUG com.tngtech.archunit.core.importer.JavaClassProcessor - Processing class 'org/springframework/jdbc/core/SqlReturnResultSet'
19:37:23.476 [Test worker] DEBUG com.tngtech.archunit.core.importer.JavaClassProcessor - Processing class 'java/sql/CallableStatement'
19:37:23.476 [Test worker] DEBUG com.tngtech.archunit.core.importer.JavaClassProcessor - Processing class 'java/sql/SQLException'
19:37:23.476 [Test worker] DEBUG com.tngtech.archunit.core.importer.JavaClassProcessor - Processing class 'org/springframework/jdbc/core/SqlOutParameter'
19:37:23.476 [Test worker] DEBUG com.tngtech.archunit.core.importer.JavaClassProcessor - Processing class 'java/sql/ResultSet'
19:37:23.477 [Test worker] DEBUG com.tngtech.archunit.core.importer.JavaClassProcessor - Processing class 'org/springframework/jdbc/core/ResultSetSupportingSqlParameter'
19:37:23.477 [Test worker] DEBUG com.tngtech.archunit.core.importer.JavaClassProcessor - Processing class 'java/sql/Statement'
19:37:23.477 [Test worker] DEBUG com.tngtech.archunit.core.importer.JavaClassProcessor - Processing class 'java/sql/SQLWarning'
19:37:23.477 [Test worker] DEBUG com.tngtech.archunit.core.importer.JavaClassProcessor - Processing class 'org/springframework/jdbc/SQLWarningException'
19:37:23.477 [Test worker] DEBUG com.tngtech.archunit.core.importer.JavaClassProcessor - Processing class 'org/springframework/jdbc/core/SqlProvider'
19:37:23.477 [Test worker] DEBUG com.tngtech.archunit.core.importer.JavaClassProcessor - Processing class 'java/sql/PreparedStatement'
19:37:23.477 [Test worker] DEBUG com.tngtech.archunit.core.importer.JavaClassProcessor - Processing class 'org/springframework/jdbc/core/InterruptibleBatchPreparedStatementSetter'
19:37:23.477 [Test worker] DEBUG com.tngtech.archunit.core.importer.JavaClassProcessor - Processing class 'org/apache/commons/logging/Log'
19:37:23.478 [Test worker] DEBUG com.tngtech.archunit.core.importer.JavaClassProcessor - Processing class 'javax/sql/DataSource'
19:37:23.478 [Test worker] DEBUG com.tngtech.archunit.core.importer.JavaClassProcessor - Processing class 'org/springframework/jdbc/support/SQLExceptionTranslator'
19:37:23.478 [Test worker] DEBUG com.tngtech.archunit.core.importer.JavaClassProcessor - Processing class 'org/springframework/aot/hint/BindingReflectionHintsRegistrar'
19:37:23.479 [Test worker] DEBUG com.tngtech.archunit.core.importer.JavaClassProcessor - Processing class 'org/springframework/core/MethodParameter'
19:37:23.479 [Test worker] DEBUG com.tngtech.archunit.core.importer.JavaClassProcessor - Processing class 'org/springframework/web/bind/annotation/ModelAttribute'
19:37:23.479 [Test worker] DEBUG com.tngtech.archunit.core.importer.JavaClassProcessor - Processing class 'org/springframework/web/bind/annotation/RequestPart'
19:37:23.479 [Test worker] DEBUG com.tngtech.archunit.core.importer.JavaClassProcessor - Processing class 'org/springframework/http/HttpEntity'
19:37:23.479 [Test worker] DEBUG com.tngtech.archunit.core.importer.JavaClassProcessor - Processing class 'java/lang/reflect/Type'
19:37:23.480 [Test worker] DEBUG com.tngtech.archunit.core.importer.JavaClassProcessor - Processing class 'org/springframework/http/HttpMethod'
19:37:23.490 [Test worker] DEBUG com.tngtech.archunit.core.importer.UrlSource$From - Found URLs on sun.boot.class.path: []
19:37:23.494 [Test worker] DEBUG com.tngtech.archunit.core.importer.UrlSource$From - Found URLs on java.class.path: [jar:file:/C:/Users/ADMIN/.gradle/caches/7.4.2/workerMain/gradle-worker.jar!/, file:/D:/CODE/microservice/ddd-eshopee-EXPT-modulith/shopee-microservices/application/build/classes/java/test/, file:/D:/CODE/microservice/ddd-eshopee-EXPT-modulith/shopee-microservices/application/build/resources/test/, file:/D:/CODE/microservice/ddd-eshopee-EXPT-modulith/shopee-microservices/application/build/classes/java/main/, file:/D:/CODE/microservice/ddd-eshopee-EXPT-modulith/shopee-microservices/application/build/resources/main/, jar:file:/D:/CODE/microservice/ddd-eshopee-EXPT-modulith/shopee-microservices/sales/catalog/spring-boot-starter/build/libs/catalog-spring-boot-starter-2.0-SNAPSHOT.jar!/, jar:file:/D:/CODE/microservice/ddd-eshopee-EXPT-modulith/shopee-microservices/sales/cart/spring-boot-starter/build/libs/cart-spring-boot-starter-2.0-SNAPSHOT.jar!/, jar:file:/D:/CODE/microservice/ddd-eshopee-EXPT-modulith/shopee-microservices/sales/order/spring-boot-starter/build/libs/order-spring-boot-starter-2.0-SNAPSHOT.jar!/, jar:file:/D:/CODE/microservice/ddd-eshopee-EXPT-modulith/shopee-microservices/warehouse/spring-boot-starter/build/libs/warehouse-spring-boot-starter-2.0-SNAPSHOT.jar!/, jar:file:/D:/CODE/microservice/ddd-eshopee-EXPT-modulith/shopee-microservices/billing/payment/spring-boot-starter/build/libs/payment-spring-boot-starter-2.0-SNAPSHOT.jar!/, jar:file:/D:/CODE/microservice/ddd-eshopee-EXPT-modulith/shopee-microservices/shipping/delivery/spring-boot-starter/build/libs/delivery-spring-boot-starter-2.0-SNAPSHOT.jar!/, jar:file:/D:/CODE/microservice/ddd-eshopee-EXPT-modulith/shopee-microservices/shipping/dispatching/spring-boot-starter/build/libs/dispatching-spring-boot-starter-2.0-SNAPSHOT.jar!/, jar:file:/D:/CODE/microservice/ddd-eshopee-EXPT-modulith/shopee-microservices/portal/spring-boot-starter/build/libs/portal-spring-boot-starter-2.0-SNAPSHOT.jar!/, jar:file:/D:/CODE/microservice/ddd-eshopee-EXPT-modulith/shopee-microservices/common/application-integration-spring-boot-starter/build/libs/application-integration-spring-boot-starter-2.0-SNAPSHOT.jar!/, jar:file:/C:/Users/ADMIN/.gradle/caches/modules-2/files-2.1/org.springframework.boot/spring-boot-starter-data-redis/3.0.4/e122886d50ec624e51fbaac4bb0d5d17cf7b9764/spring-boot-starter-data-redis-3.0.4.jar!/, jar:file:/C:/Users/ADMIN/.gradle/caches/modules-2/files-2.1/org.springframework.boot/spring-boot-starter-jdbc/3.0.4/e64f229f772dc2952e1978a1f10d7f3a462e105d/spring-boot-starter-jdbc-3.0.4.jar!/, jar:file:/C:/Users/ADMIN/.gradle/caches/modules-2/files-2.1/org.springframework.boot/spring-boot-starter-web/3.0.4/6a7405b436c6943f056cdbab587fe48bdc2b4911/spring-boot-starter-web-3.0.4.jar!/, jar:file:/C:/Users/ADMIN/.gradle/caches/modules-2/files-2.1/org.springframework.boot/spring-boot-starter-test/3.0.4/eb934f1df3e6292d7b5800cfbbc237de90d174de/spring-boot-starter-test-3.0.4.jar!/, jar:file:/C:/Users/ADMIN/.gradle/caches/modules-2/files-2.1/org.springframework.boot/spring-boot-starter-thymeleaf/3.0.4/ea681f9f477da793eb9024a23686db9a59b50bc6/spring-boot-starter-thymeleaf-3.0.4.jar!/, jar:file:/C:/Users/ADMIN/.gradle/caches/modules-2/files-2.1/org.springframework.boot/spring-boot-starter-amqp/3.0.4/804a88a39dc6dce9678eef6f621bd9877f50a7ab/spring-boot-starter-amqp-3.0.4.jar!/, jar:file:/C:/Users/ADMIN/.gradle/caches/modules-2/files-2.1/org.springframework.boot/spring-boot-starter-json/3.0.4/5ddf427d011646fe787fdaa1b8edc4a4eebd48d5/spring-boot-starter-json-3.0.4.jar!/, jar:file:/C:/Users/ADMIN/.gradle/caches/modules-2/files-2.1/org.springframework.boot/spring-boot-starter/3.0.4/8f957a8bc9d70c0ca922406c6e23cb3db5d48109/spring-boot-starter-3.0.4.jar!/, jar:file:/C:/Users/ADMIN/.gradle/caches/modules-2/files-2.1/com.h2database/h2/2.1.214/d5c2005c9e3279201e12d4776c948578b16bf8b2/h2-2.1.214.jar!/, jar:file:/C:/Users/ADMIN/.gradle/caches/modules-2/files-2.1/org.postgresql/postgresql/42.5.4/15015a54f15e340a9a8a6a2c5457429cb1176b8/postgresql-42.5.4.jar!/, jar:file:/C:/Users/ADMIN/.gradle/caches/modules-2/files-2.1/io.rest-assured/rest-assured/5.2.1/131aedaf6ffbb783dbf7b21efe57a849ded8b321/rest-assured-5.2.1.jar!/, jar:file:/C:/Users/ADMIN/.gradle/caches/modules-2/files-2.1/com.tngtech.archunit/archunit/0.23.1/7f93a254a0b88b9209e34db523ed5c2cee2ab25f/archunit-0.23.1.jar!/, jar:file:/D:/CODE/microservice/ddd-eshopee-EXPT-modulith/shopee-microservices/sales/catalog/jdbc/build/libs/catalog-jdbc-2.0-SNAPSHOT.jar!/, jar:file:/D:/CODE/microservice/ddd-eshopee-EXPT-modulith/shopee-microservices/sales/catalog/rest/build/libs/catalog-rest-2.0-SNAPSHOT.jar!/, jar:file:/D:/CODE/microservice/ddd-eshopee-EXPT-modulith/shopee-microservices/sales/catalog/webcomp/build/libs/catalog-webcomp-2.0-SNAPSHOT.jar!/, jar:file:/D:/CODE/microservice/ddd-eshopee-EXPT-modulith/shopee-microservices/sales/cart/jdbc/build/libs/cart-jdbc-2.0-SNAPSHOT.jar!/, jar:file:/D:/CODE/microservice/ddd-eshopee-EXPT-modulith/shopee-microservices/sales/cart/rest/build/libs/cart-rest-2.0-SNAPSHOT.jar!/, jar:file:/D:/CODE/microservice/ddd-eshopee-EXPT-modulith/shopee-microservices/sales/cart/webcomp/build/libs/cart-webcomp-2.0-SNAPSHOT.jar!/, jar:file:/D:/CODE/microservice/ddd-eshopee-EXPT-modulith/shopee-microservices/sales/order/jdbc/build/libs/order-jdbc-2.0-SNAPSHOT.jar!/, jar:file:/D:/CODE/microservice/ddd-eshopee-EXPT-modulith/shopee-microservices/sales/order/rest/build/libs/order-rest-2.0-SNAPSHOT.jar!/, jar:file:/D:/CODE/microservice/ddd-eshopee-EXPT-modulith/shopee-microservices/sales/order/webcomp/build/libs/order-webcomp-2.0-SNAPSHOT.jar!/, jar:file:/D:/CODE/microservice/ddd-eshopee-EXPT-modulith/shopee-microservices/warehouse/jdbc/build/libs/warehouse-jdbc-2.0-SNAPSHOT.jar!/, jar:file:/D:/CODE/microservice/ddd-eshopee-EXPT-modulith/shopee-microservices/warehouse/listeners/build/libs/warehouse-listeners-2.0-SNAPSHOT.jar!/, jar:file:/D:/CODE/microservice/ddd-eshopee-EXPT-modulith/shopee-microservices/warehouse/rest/build/libs/warehouse-rest-2.0-SNAPSHOT.jar!/, jar:file:/D:/CODE/microservice/ddd-eshopee-EXPT-modulith/shopee-microservices/billing/payment/jdbc/build/libs/payment-jdbc-2.0-SNAPSHOT.jar!/, jar:file:/D:/CODE/microservice/ddd-eshopee-EXPT-modulith/shopee-microservices/billing/payment/listeners/build/libs/payment-listeners-2.0-SNAPSHOT.jar!/, jar:file:/D:/CODE/microservice/ddd-eshopee-EXPT-modulith/shopee-microservices/billing/payment/rest/build/libs/payment-rest-2.0-SNAPSHOT.jar!/, jar:file:/D:/CODE/microservice/ddd-eshopee-EXPT-modulith/shopee-microservices/shipping/delivery/jdbc/build/libs/delivery-jdbc-2.0-SNAPSHOT.jar!/, jar:file:/D:/CODE/microservice/ddd-eshopee-EXPT-modulith/shopee-microservices/shipping/delivery/listeners/build/libs/delivery-listeners-2.0-SNAPSHOT.jar!/, jar:file:/D:/CODE/microservice/ddd-eshopee-EXPT-modulith/shopee-microservices/shipping/delivery/rest/build/libs/delivery-rest-2.0-SNAPSHOT.jar!/, jar:file:/D:/CODE/microservice/ddd-eshopee-EXPT-modulith/shopee-microservices/shipping/delivery/webcomp/build/libs/delivery-webcomp-2.0-SNAPSHOT.jar!/, jar:file:/D:/CODE/microservice/ddd-eshopee-EXPT-modulith/shopee-microservices/shipping/dispatching/jdbc/build/libs/dispatching-jdbc-2.0-SNAPSHOT.jar!/, jar:file:/D:/CODE/microservice/ddd-eshopee-EXPT-modulith/shopee-microservices/shipping/dispatching/listeners/build/libs/dispatching-listeners-2.0-SNAPSHOT.jar!/, jar:file:/D:/CODE/microservice/ddd-eshopee-EXPT-modulith/shopee-microservices/portal/web/build/libs/portal-web-2.0-SNAPSHOT.jar!/, jar:file:/D:/CODE/microservice/ddd-eshopee-EXPT-modulith/shopee-microservices/sales/order/domain/build/libs/order-domain-2.0-SNAPSHOT.jar!/, jar:file:/D:/CODE/microservice/ddd-eshopee-EXPT-modulith/shopee-microservices/sales/order/events/build/libs/order-events-2.0-SNAPSHOT.jar!/, jar:file:/D:/CODE/microservice/ddd-eshopee-EXPT-modulith/shopee-microservices/shipping/dispatching/events/build/libs/dispatching-events-2.0-SNAPSHOT.jar!/, jar:file:/D:/CODE/microservice/ddd-eshopee-EXPT-modulith/shopee-microservices/shipping/delivery/domain/build/libs/delivery-domain-2.0-SNAPSHOT.jar!/, jar:file:/D:/CODE/microservice/ddd-eshopee-EXPT-modulith/shopee-microservices/shipping/delivery/events/build/libs/delivery-events-2.0-SNAPSHOT.jar!/, jar:file:/D:/CODE/microservice/ddd-eshopee-EXPT-modulith/shopee-microservices/billing/payment/domain/build/libs/payment-domain-2.0-SNAPSHOT.jar!/, jar:file:/D:/CODE/microservice/ddd-eshopee-EXPT-modulith/shopee-microservices/billing/payment/events/build/libs/payment-events-2.0-SNAPSHOT.jar!/, jar:file:/D:/CODE/microservice/ddd-eshopee-EXPT-modulith/shopee-microservices/warehouse/domain/build/libs/warehouse-domain-2.0-SNAPSHOT.jar!/, jar:file:/D:/CODE/microservice/ddd-eshopee-EXPT-modulith/shopee-microservices/warehouse/events/build/libs/warehouse-events-2.0-SNAPSHOT.jar!/, jar:file:/D:/CODE/microservice/ddd-eshopee-EXPT-modulith/shopee-microservices/common/events/build/libs/events-2.0-SNAPSHOT.jar!/, jar:file:/C:/Users/ADMIN/.gradle/caches/modules-2/files-2.1/com.fasterxml.jackson.datatype/jackson-datatype-jdk8/2.14.2/2f3c71211b6ea7a978eba33574d7135d536e07fb/jackson-datatype-jdk8-2.14.2.jar!/, jar:file:/C:/Users/ADMIN/.gradle/caches/modules-2/files-2.1/com.fasterxml.jackson.module/jackson-module-parameter-names/2.14.2/2b6c19b3d99dda02915515df879ab9e23fed3864/jackson-module-parameter-names-2.14.2.jar!/, jar:file:/C:/Users/ADMIN/.gradle/caches/modules-2/files-2.1/com.fasterxml.jackson.core/jackson-databind/2.14.2/1e71fddbc80bb86f71a6345ac1e8ab8a00e7134/jackson-databind-2.14.2.jar!/, jar:file:/C:/Users/ADMIN/.gradle/caches/modules-2/files-2.1/com.fasterxml.jackson.core/jackson-annotations/2.14.2/a7aae9525864930723e3453ab799521fdfd9d873/jackson-annotations-2.14.2.jar!/, jar:file:/C:/Users/ADMIN/.gradle/caches/modules-2/files-2.1/com.fasterxml.jackson.core/jackson-core/2.14.2/f804090e6399ce0cf78242db086017512dd71fcc/jackson-core-2.14.2.jar!/, jar:file:/C:/Users/ADMIN/.gradle/caches/modules-2/files-2.1/com.fasterxml.jackson.datatype/jackson-datatype-jsr310/2.14.2/796518148a385b2728d44886cc0f8852eb8eeb53/jackson-datatype-jsr310-2.14.2.jar!/, jar:file:/C:/Users/ADMIN/.gradle/caches/modules-2/files-2.1/org.springframework.boot/spring-boot-test-autoconfigure/3.0.4/3d28e21dc5cea68949d1f0b6a4051e7deeacf6cc/spring-boot-test-autoconfigure-3.0.4.jar!/, jar:file:/C:/Users/ADMIN/.gradle/caches/modules-2/files-2.1/org.springframework.boot/spring-boot-autoconfigure/3.0.4/7eb11bff0f965807f1088da20bc169bff27d284/spring-boot-autoconfigure-3.0.4.jar!/, jar:file:/C:/Users/ADMIN/.gradle/caches/modules-2/files-2.1/org.springframework.boot/spring-boot-test/3.0.4/4c1c72ff838b4f1191321aa01d1e98d68f882280/spring-boot-test-3.0.4.jar!/, jar:file:/C:/Users/ADMIN/.gradle/caches/modules-2/files-2.1/org.springframework.boot/spring-boot/3.0.4/27e5fceb2faf8ec399df70a2ff4e626a3423ae35/spring-boot-3.0.4.jar!/, jar:file:/C:/Users/ADMIN/.gradle/caches/modules-2/files-2.1/org.springframework.boot/spring-boot-starter-logging/3.0.4/31b32774c6ec2eceb3f75bdef7ddd8afd7059255/spring-boot-starter-logging-3.0.4.jar!/, jar:file:/C:/Users/ADMIN/.gradle/caches/modules-2/files-2.1/org.springframework.boot/spring-boot-starter-tomcat/3.0.4/40babd5ca3db46adf7c59b70ca2e6f2a528b558c/spring-boot-starter-tomcat-3.0.4.jar!/, jar:file:/C:/Users/ADMIN/.gradle/caches/modules-2/files-2.1/jakarta.annotation/jakarta.annotation-api/2.1.1/48b9bda22b091b1f48b13af03fe36db3be6e1ae3/jakarta.annotation-api-2.1.1.jar!/, jar:file:/C:/Users/ADMIN/.gradle/caches/modules-2/files-2.1/org.springframework/spring-jdbc/6.0.6/151e730f45832d42c6535b0bc6d7cebeabcaf844/spring-jdbc-6.0.6.jar!/, jar:file:/C:/Users/ADMIN/.gradle/caches/modules-2/files-2.1/org.springframework/spring-webmvc/6.0.6/302580efc981ad6797a85814ea0996e2149bb420/spring-webmvc-6.0.6.jar!/, jar:file:/C:/Users/ADMIN/.gradle/caches/modules-2/files-2.1/org.springframework/spring-web/6.0.6/2916961032e54aaeb534a290530b7b69e297bfcc/spring-web-6.0.6.jar!/, jar:file:/C:/Users/ADMIN/.gradle/caches/modules-2/files-2.1/org.springframework/spring-test/6.0.6/e94217b5c8cdf8f954d10251449fc98bdd8fc756/spring-test-6.0.6.jar!/, jar:file:/C:/Users/ADMIN/.gradle/caches/modules-2/files-2.1/org.springframework.data/spring-data-redis/3.0.3/6e8f59ca594ea86b56eacba74ae343d188771905/spring-data-redis-3.0.3.jar!/, jar:file:/C:/Users/ADMIN/.gradle/caches/modules-2/files-2.1/org.springframework.amqp/spring-rabbit/3.0.2/910f6a931b70f874ab03ba3dc0df2c6e05de12b8/spring-rabbit-3.0.2.jar!/, jar:file:/C:/Users/ADMIN/.gradle/caches/modules-2/files-2.1/org.springframework.data/spring-data-keyvalue/3.0.3/20ebdf1c5fb12aa0b5be9e67791e6c457f6e8968/spring-data-keyvalue-3.0.3.jar!/, jar:file:/C:/Users/ADMIN/.gradle/caches/modules-2/files-2.1/org.springframework/spring-tx/6.0.6/e86b3073d9640e17e5581a6aebb0d2794c407c46/spring-tx-6.0.6.jar!/, jar:file:/C:/Users/ADMIN/.gradle/caches/modules-2/files-2.1/org.springframework/spring-context-support/6.0.6/363228b8abc8b7ff569b10195f28652c7b65a41/spring-context-support-6.0.6.jar!/, jar:file:/C:/Users/ADMIN/.gradle/caches/modules-2/files-2.1/org.springframework/spring-context/6.0.6/fbd2b7c23adb2ec2f7ca601b3e7d79ae10e342a/spring-context-6.0.6.jar!/, jar:file:/C:/Users/ADMIN/.gradle/caches/modules-2/files-2.1/org.springframework/spring-messaging/6.0.6/42392bdb43a691e7c7bf4da296fef598a3127f37/spring-messaging-6.0.6.jar!/, jar:file:/C:/Users/ADMIN/.gradle/caches/modules-2/files-2.1/org.springframework/spring-oxm/6.0.6/e0bab7269ffaec4df3a9f221b4810b392c5ac492/spring-oxm-6.0.6.jar!/, jar:file:/C:/Users/ADMIN/.gradle/caches/modules-2/files-2.1/org.springframework/spring-aop/6.0.6/c95dc800fdce470519b7135272e64d4606fc8428/spring-aop-6.0.6.jar!/, jar:file:/C:/Users/ADMIN/.gradle/caches/modules-2/files-2.1/org.springframework.data/spring-data-commons/3.0.3/4492e9d25d7e8714f5ebfdd9e607dd7e0998038e/spring-data-commons-3.0.3.jar!/, jar:file:/C:/Users/ADMIN/.gradle/caches/modules-2/files-2.1/org.springframework/spring-beans/6.0.6/48ea4ba141146b3acaad0c7df80d2a06afeb95fd/spring-beans-6.0.6.jar!/, jar:file:/C:/Users/ADMIN/.gradle/caches/modules-2/files-2.1/org.springframework/spring-expression/6.0.6/2006ee0e1be8380f05c29deb52a97d3a1e6812d7/spring-expression-6.0.6.jar!/, jar:file:/C:/Users/ADMIN/.gradle/caches/modules-2/files-2.1/org.springframework.amqp/spring-amqp/3.0.2/698cf3a55e202356034288ed0bdccc2f8579b7e2/spring-amqp-3.0.2.jar!/, jar:file:/C:/Users/ADMIN/.gradle/caches/modules-2/files-2.1/org.springframework/spring-core/6.0.6/8a2845e0945923a9ebf3e9ef0649a28b6eeeac43/spring-core-6.0.6.jar!/, jar:file:/C:/Users/ADMIN/.gradle/caches/modules-2/files-2.1/org.yaml/snakeyaml/1.33/2cd0a87ff7df953f810c344bdf2fe3340b954c69/snakeyaml-1.33.jar!/, jar:file:/C:/Users/ADMIN/.gradle/caches/modules-2/files-2.1/io.lettuce/lettuce-core/6.2.3.RELEASE/3d671a51095ef90b817a690ef1b569b24b309665/lettuce-core-6.2.3.RELEASE.jar!/, jar:file:/C:/Users/ADMIN/.gradle/caches/modules-2/files-2.1/com.zaxxer/HikariCP/5.0.1/a74c7f0a37046846e88d54f7cb6ea6d565c65f9c/HikariCP-5.0.1.jar!/, jar:file:/C:/Users/ADMIN/.gradle/caches/modules-2/files-2.1/org.checkerframework/checker-qual/3.5.0/2f50520c8abea66fbd8d26e481d3aef5c673b510/checker-qual-3.5.0.jar!/, jar:file:/C:/Users/ADMIN/.gradle/caches/modules-2/files-2.1/com.jayway.jsonpath/json-path/2.7.0/f9d7d9659f2694e61142046ff8a216c047f263e8/json-path-2.7.0.jar!/, jar:file:/C:/Users/ADMIN/.gradle/caches/modules-2/files-2.1/jakarta.xml.bind/jakarta.xml.bind-api/4.0.0/bbb399208d288b15ec101fa4fcfc4bd77cedc97a/jakarta.xml.bind-api-4.0.0.jar!/, jar:file:/C:/Users/ADMIN/.gradle/caches/modules-2/files-2.1/org.assertj/assertj-core/3.23.1/d2bb60570f5b3d7ffa8f8000118c9c07b86eca93/assertj-core-3.23.1.jar!/, jar:file:/C:/Users/ADMIN/.gradle/caches/modules-2/files-2.1/org.hamcrest/hamcrest/2.2/1820c0968dba3a11a1b30669bb1f01978a91dedc/hamcrest-2.2.jar!/, jar:file:/C:/Users/ADMIN/.gradle/caches/modules-2/files-2.1/org.mockito/mockito-junit-jupiter/4.8.1/e393aa62eca2244a535b03842843f2f199343d1f/mockito-junit-jupiter-4.8.1.jar!/, jar:file:/C:/Users/ADMIN/.gradle/caches/modules-2/files-2.1/org.junit.jupiter/junit-jupiter-params/5.9.2/bc2765afb7b85b583c710dd259a11c6b8c39e912/junit-jupiter-params-5.9.2.jar!/, jar:file:/C:/Users/ADMIN/.gradle/caches/modules-2/files-2.1/org.junit.jupiter/junit-jupiter-engine/5.9.2/572f7a553b53f83ee59cc045ce1c3772864ab76c/junit-jupiter-engine-5.9.2.jar!/, jar:file:/C:/Users/ADMIN/.gradle/caches/modules-2/files-2.1/org.junit.jupiter/junit-jupiter-api/5.9.2/fed843581520eac594bc36bb4b0f55e7b947dda9/junit-jupiter-api-5.9.2.jar!/, jar:file:/C:/Users/ADMIN/.gradle/caches/modules-2/files-2.1/org.junit.platform/junit-platform-engine/1.9.2/40aeef2be7b04f96bb91e8b054affc28b7c7c935/junit-platform-engine-1.9.2.jar!/, jar:file:/C:/Users/ADMIN/.gradle/caches/modules-2/files-2.1/org.junit.platform/junit-platform-commons/1.9.2/6f9f8621d8230cd38aa42e58ccbc0c00569131ce/junit-platform-commons-1.9.2.jar!/, jar:file:/C:/Users/ADMIN/.gradle/caches/modules-2/files-2.1/org.junit.jupiter/junit-jupiter/5.9.2/26c586fbe0ebd81b48c9f11f0d998124248697ae/junit-jupiter-5.9.2.jar!/, jar:file:/C:/Users/ADMIN/.gradle/caches/modules-2/files-2.1/org.mockito/mockito-core/4.8.1/d8eb9dec8747d08645347bb8c69088ac83197975/mockito-core-4.8.1.jar!/, jar:file:/C:/Users/ADMIN/.gradle/caches/modules-2/files-2.1/org.skyscreamer/jsonassert/1.5.1/6d842d0faf4cf6725c509a5e5347d319ee0431c3/jsonassert-1.5.1.jar!/, jar:file:/C:/Users/ADMIN/.gradle/caches/modules-2/files-2.1/org.xmlunit/xmlunit-core/2.9.1/e5833662d9a1279a37da3ef6f62a1da29fcd68c4/xmlunit-core-2.9.1.jar!/, jar:file:/C:/Users/ADMIN/.gradle/caches/modules-2/files-2.1/io.rest-assured/xml-path/5.2.1/3918e4080bd677b1b4683bdd82a19be78d5c0ec2/xml-path-5.2.1.jar!/, jar:file:/C:/Users/ADMIN/.gradle/caches/modules-2/files-2.1/io.rest-assured/json-path/5.2.1/f53d9cefcf3e3f4554f390ec17d278c47d4125ad/json-path-5.2.1.jar!/, jar:file:/C:/Users/ADMIN/.gradle/caches/modules-2/files-2.1/org.apache.groovy/groovy-json/4.0.9/122759fca67c3ef87ea7d48a3057af362a360089/groovy-json-4.0.9.jar!/, jar:file:/C:/Users/ADMIN/.gradle/caches/modules-2/files-2.1/org.apache.groovy/groovy-xml/4.0.9/b22d2ae189670d4ccc58bc4ef003d922b85cb0d5/groovy-xml-4.0.9.jar!/, jar:file:/C:/Users/ADMIN/.gradle/caches/modules-2/files-2.1/io.rest-assured/rest-assured-common/5.2.1/f506be4e8fb8c2adbbfdff9720fad420b76e6543/rest-assured-common-5.2.1.jar!/, jar:file:/C:/Users/ADMIN/.gradle/caches/modules-2/files-2.1/org.apache.groovy/groovy/4.0.9/80605ad828d16fd5d6349628b8d77e5761b2b4c4/groovy-4.0.9.jar!/, jar:file:/C:/Users/ADMIN/.gradle/caches/modules-2/files-2.1/org.apache.httpcomponents/httpmime/4.5.14/6662758a1f1cb1149cf916bdac28332e0902ec44/httpmime-4.5.14.jar!/, jar:file:/C:/Users/ADMIN/.gradle/caches/modules-2/files-2.1/org.apache.httpcomponents/httpclient/4.5.14/1194890e6f56ec29177673f2f12d0b8e627dec98/httpclient-4.5.14.jar!/, jar:file:/C:/Users/ADMIN/.gradle/caches/modules-2/files-2.1/org.ccil.cowan.tagsoup/tagsoup/1.2.1/5584627487e984c03456266d3f8802eb85a9ce97/tagsoup-1.2.1.jar!/, jar:file:/C:/Users/ADMIN/.gradle/caches/modules-2/files-2.1/org.thymeleaf/thymeleaf-spring6/3.1.1.RELEASE/deb52ef921a4ac5132fedb7ebfc2bc1dad4382b3/thymeleaf-spring6-3.1.1.RELEASE.jar!/, jar:file:/C:/Users/ADMIN/.gradle/caches/modules-2/files-2.1/ch.qos.logback/logback-classic/1.4.5/28e7dc0b208d6c3f15beefd73976e064b4ecfa9b/logback-classic-1.4.5.jar!/, jar:file:/C:/Users/ADMIN/.gradle/caches/modules-2/files-2.1/org.apache.logging.log4j/log4j-to-slf4j/2.19.0/30f4812e43172ecca5041da2cb6b965cc4777c19/log4j-to-slf4j-2.19.0.jar!/, jar:file:/C:/Users/ADMIN/.gradle/caches/modules-2/files-2.1/org.slf4j/jul-to-slf4j/2.0.6/c4d348977a83a0bfcf42fd6fd1fee6e7904f1a0c/jul-to-slf4j-2.0.6.jar!/, jar:file:/C:/Users/ADMIN/.gradle/caches/modules-2/files-2.1/org.thymeleaf/thymeleaf/3.1.1.RELEASE/374a129dfa5e7d7f1a46eacc4d49e594ca0cf26f/thymeleaf-3.1.1.RELEASE.jar!/, jar:file:/C:/Users/ADMIN/.gradle/caches/modules-2/files-2.1/com.rabbitmq/amqp-client/5.16.0/c70c66a8e5a92e41adf618efa7d8025db29cdf3/amqp-client-5.16.0.jar!/, jar:file:/C:/Users/ADMIN/.gradle/caches/modules-2/files-2.1/org.slf4j/slf4j-api/2.0.6/88c40d8b4f33326f19a7d3c0aaf2c7e8721d4953/slf4j-api-2.0.6.jar!/, jar:file:/D:/CODE/microservice/ddd-eshopee-EXPT-modulith/shopee-microservices/sales/catalog/domain/build/libs/catalog-domain-2.0-SNAPSHOT.jar!/, jar:file:/D:/CODE/microservice/ddd-eshopee-EXPT-modulith/shopee-microservices/sales/cart/domain/build/libs/cart-domain-2.0-SNAPSHOT.jar!/, jar:file:/D:/CODE/microservice/ddd-eshopee-EXPT-modulith/shopee-microservices/shipping/dispatching/domain/build/libs/dispatching-domain-2.0-SNAPSHOT.jar!/, jar:file:/C:/Users/ADMIN/.gradle/caches/modules-2/files-2.1/org.springframework/spring-jcl/6.0.6/f13cd8a561e71fb65c63201113d766fcd7a2b06f/spring-jcl-6.0.6.jar!/, jar:file:/C:/Users/ADMIN/.gradle/caches/modules-2/files-2.1/io.netty/netty-handler/4.1.89.Final/ced584e9eba5a6b7aad7c6a28a60c13375459f1a/netty-handler-4.1.89.Final.jar!/, jar:file:/C:/Users/ADMIN/.gradle/caches/modules-2/files-2.1/io.netty/netty-transport-native-unix-common/4.1.89.Final/a7717ed61393d5aad202a92bb02f661ed525bf86/netty-transport-native-unix-common-4.1.89.Final.jar!/, jar:file:/C:/Users/ADMIN/.gradle/caches/modules-2/files-2.1/io.netty/netty-codec/4.1.89.Final/f03a649ffa405ca4c802a8bfcc2abfe70ae485ca/netty-codec-4.1.89.Final.jar!/, jar:file:/C:/Users/ADMIN/.gradle/caches/modules-2/files-2.1/io.netty/netty-transport/4.1.89.Final/e7ff320310eafe302c0dfb9690ae7201ab61ead2/netty-transport-4.1.89.Final.jar!/, jar:file:/C:/Users/ADMIN/.gradle/caches/modules-2/files-2.1/io.netty/netty-resolver/4.1.89.Final/686b21bf3488747bc834ee9e60a863f37b71f35e/netty-resolver-4.1.89.Final.jar!/, jar:file:/C:/Users/ADMIN/.gradle/caches/modules-2/files-2.1/io.netty/netty-buffer/4.1.89.Final/b1d3dbf69a75eaa8793c7e00cff2851dac9fd725/netty-buffer-4.1.89.Final.jar!/, jar:file:/C:/Users/ADMIN/.gradle/caches/modules-2/files-2.1/io.netty/netty-common/4.1.89.Final/c0c80bfe45cc85da5030ea8fc64071e28d0f6f5f/netty-common-4.1.89.Final.jar!/, jar:file:/C:/Users/ADMIN/.gradle/caches/modules-2/files-2.1/io.projectreactor/reactor-core/3.5.3/dd102ecdb21ff78a486074dbad55331f8847eb5d/reactor-core-3.5.3.jar!/, jar:file:/C:/Users/ADMIN/.gradle/caches/modules-2/files-2.1/org.apache.tomcat.embed/tomcat-embed-websocket/10.1.5/14529cbd593571dc9029272ddc9166b5ef113fc2/tomcat-embed-websocket-10.1.5.jar!/, jar:file:/C:/Users/ADMIN/.gradle/caches/modules-2/files-2.1/org.apache.tomcat.embed/tomcat-embed-core/10.1.5/21417d3ef8189e2af05aae0a765ad9204d7211b5/tomcat-embed-core-10.1.5.jar!/, jar:file:/C:/Users/ADMIN/.gradle/caches/modules-2/files-2.1/org.apache.tomcat.embed/tomcat-embed-el/10.1.5/c125df13af42a0fc0cd342370449b1276181e2a1/tomcat-embed-el-10.1.5.jar!/, jar:file:/C:/Users/ADMIN/.gradle/caches/modules-2/files-2.1/io.micrometer/micrometer-observation/1.10.4/96aa92ad7a18c2451c429348c0167eb08a988d4e/micrometer-observation-1.10.4.jar!/, jar:file:/C:/Users/ADMIN/.gradle/caches/modules-2/files-2.1/net.minidev/json-smart/2.4.8/7c62f5f72ab05eb54d40e2abf0360a2fe9ea477f/json-smart-2.4.8.jar!/, jar:file:/C:/Users/ADMIN/.gradle/caches/modules-2/files-2.1/jakarta.activation/jakarta.activation-api/2.1.1/88c774ab863a21fb2fc4219af95379fafe499a31/jakarta.activation-api-2.1.1.jar!/, jar:file:/C:/Users/ADMIN/.gradle/caches/modules-2/files-2.1/net.bytebuddy/byte-buddy/1.12.23/d470526e8c4566c04e9ae5d3ccb62d1a7aa58986/byte-buddy-1.12.23.jar!/, jar:file:/C:/Users/ADMIN/.gradle/caches/modules-2/files-2.1/net.bytebuddy/byte-buddy-agent/1.12.23/1cba11fdb72c383edacb909f79ae6870efd275e4/byte-buddy-agent-1.12.23.jar!/, jar:file:/C:/Users/ADMIN/.gradle/caches/modules-2/files-2.1/org.objenesis/objenesis/3.2/7fadf57620c8b8abdf7519533e5527367cb51f09/objenesis-3.2.jar!/, jar:file:/C:/Users/ADMIN/.m2/repository/com/vaadin/external/google/android-json/0.0.20131108.vaadin1/android-json-0.0.20131108.vaadin1.jar!/, jar:file:/C:/Users/ADMIN/.gradle/caches/modules-2/files-2.1/org.apache.httpcomponents/httpcore/4.4.16/51cf043c87253c9f58b539c9f7e44c8894223850/httpcore-4.4.16.jar!/, jar:file:/C:/Users/ADMIN/.gradle/caches/modules-2/files-2.1/commons-codec/commons-codec/1.15/49d94806b6e3dc933dacbd8acb0fdbab8ebd1e5d/commons-codec-1.15.jar!/, jar:file:/C:/Users/ADMIN/.gradle/caches/modules-2/files-2.1/org.apache.commons/commons-lang3/3.12.0/c6842c86792ff03b9f1d1fe2aab8dc23aa6c6f0e/commons-lang3-3.12.0.jar!/, jar:file:/D:/CODE/microservice/ddd-eshopee-EXPT-modulith/shopee-microservices/common/primitives/build/libs/primitives-2.0-SNAPSHOT.jar!/, jar:file:/C:/Users/ADMIN/.gradle/caches/modules-2/files-2.1/ch.qos.logback/logback-core/1.4.5/e9bb2ea70f84401314da4300343b0a246c8954da/logback-core-1.4.5.jar!/, jar:file:/C:/Users/ADMIN/.gradle/caches/modules-2/files-2.1/org.apache.logging.log4j/log4j-api/2.19.0/ea1b37f38c327596b216542bc636cfdc0b8036fa/log4j-api-2.19.0.jar!/, jar:file:/C:/Users/ADMIN/.gradle/caches/modules-2/files-2.1/org.reactivestreams/reactive-streams/1.0.4/3864a1320d97d7b045f729a326e1e077661f31b7/reactive-streams-1.0.4.jar!/, jar:file:/C:/Users/ADMIN/.gradle/caches/modules-2/files-2.1/io.micrometer/micrometer-commons/1.10.4/a5db33c573c8755e70388f204e83000dc359b63d/micrometer-commons-1.10.4.jar!/, jar:file:/C:/Users/ADMIN/.gradle/caches/modules-2/files-2.1/net.minidev/accessors-smart/2.4.8/6e1bee5a530caba91893604d6ab41d0edcecca9a/accessors-smart-2.4.8.jar!/, jar:file:/C:/Users/ADMIN/.gradle/caches/modules-2/files-2.1/org.opentest4j/opentest4j/1.2.0/28c11eb91f9b6d8e200631d46e20a7f407f2a046/opentest4j-1.2.0.jar!/, jar:file:/C:/Users/ADMIN/.gradle/caches/modules-2/files-2.1/org.attoparser/attoparser/2.0.6.RELEASE/8f603f22a18d4f7258f8860ccbb68b069f49904a/attoparser-2.0.6.RELEASE.jar!/, jar:file:/C:/Users/ADMIN/.gradle/caches/modules-2/files-2.1/org.unbescape/unbescape/1.1.6.RELEASE/7b90360afb2b860e09e8347112800d12c12b2a13/unbescape-1.1.6.RELEASE.jar!/, jar:file:/C:/Users/ADMIN/.gradle/caches/modules-2/files-2.1/org.springframework.retry/spring-retry/2.0.0/6a7a653901b58eb741692417f33b5bebedbd01f7/spring-retry-2.0.0.jar!/, jar:file:/C:/Users/ADMIN/.gradle/caches/modules-2/files-2.1/org.ow2.asm/asm/9.1/a99500cf6eea30535eeac6be73899d048f8d12a8/asm-9.1.jar!/]
19:37:23.503 [Test worker] DEBUG com.tngtech.archunit.core.importer.JavaClassProcessor - Processing class 'com/home/eshopee/sales/catalog/rest/CatalogController'
19:37:23.504 [Test worker] DEBUG com.tngtech.archunit.core.importer.JavaClassProcessor - Processing class 'com/home/eshopee/sales/catalog/jdbc/CatalogJdbcConfig'
19:37:23.504 [Test worker] DEBUG com.tngtech.archunit.core.importer.JavaClassProcessor - Processing class 'com/home/eshopee/sales/catalog/jdbc/CategoriesJdbc'
19:37:23.504 [Test worker] DEBUG com.tngtech.archunit.core.importer.JavaClassProcessor - Processing class 'com/home/eshopee/sales/catalog/jdbc/CategoryJdbc'
19:37:23.504 [Test worker] DEBUG com.tngtech.archunit.core.importer.JavaClassProcessor - Processing class 'com/home/eshopee/sales/catalog/jdbc/FindCategoriesJdbc'
19:37:23.505 [Test worker] DEBUG com.tngtech.archunit.core.importer.JavaClassProcessor - Processing class 'com/home/eshopee/sales/catalog/jdbc/FindProductsFromCategoryJdbc'
19:37:23.505 [Test worker] DEBUG com.tngtech.archunit.core.importer.JavaClassProcessor - Processing class 'com/home/eshopee/sales/catalog/jdbc/FindProductsJdbc'
19:37:23.505 [Test worker] DEBUG com.tngtech.archunit.core.importer.JavaClassProcessor - Processing class 'com/home/eshopee/sales/catalog/jdbc/ProductJdbc'
19:37:23.505 [Test worker] DEBUG com.tngtech.archunit.core.importer.JavaClassProcessor - Processing class 'com/home/eshopee/sales/catalog/jdbc/ProductsJdbc'
19:37:23.505 [Test worker] DEBUG com.tngtech.archunit.core.importer.JavaClassProcessor - Processing class 'com/home/eshopee/sales/catalog/jdbc/UnknownCategory'
19:37:23.505 [Test worker] DEBUG com.tngtech.archunit.core.importer.JavaClassProcessor - Processing class 'com/home/eshopee/sales/catalog/jdbc/UnknownProduct'
19:37:23.505 [Test worker] DEBUG com.tngtech.archunit.core.importer.JavaClassProcessor - Processing class 'com/home/eshopee/sales/catalog/category/Categories'
19:37:23.505 [Test worker] DEBUG com.tngtech.archunit.core.importer.JavaClassProcessor - Processing class 'com/home/eshopee/sales/catalog/category/Category'
19:37:23.505 [Test worker] DEBUG com.tngtech.archunit.core.importer.JavaClassProcessor - Processing class 'com/home/eshopee/sales/catalog/category/CategoryId'
19:37:23.505 [Test worker] DEBUG com.tngtech.archunit.core.importer.JavaClassProcessor - Processing class 'com/home/eshopee/sales/catalog/category/Title'
19:37:23.506 [Test worker] DEBUG com.tngtech.archunit.core.importer.JavaClassProcessor - Processing class 'com/home/eshopee/sales/catalog/category/Uri'
19:37:23.506 [Test worker] DEBUG com.tngtech.archunit.core.importer.JavaClassProcessor - Processing class 'com/home/eshopee/sales/catalog/FindCategories'
19:37:23.506 [Test worker] DEBUG com.tngtech.archunit.core.importer.JavaClassProcessor - Processing class 'com/home/eshopee/sales/catalog/FindProducts'
19:37:23.506 [Test worker] DEBUG com.tngtech.archunit.core.importer.JavaClassProcessor - Processing class 'com/home/eshopee/sales/catalog/FindProductsFromCategory'
19:37:23.506 [Test worker] DEBUG com.tngtech.archunit.core.importer.JavaClassProcessor - Processing class 'com/home/eshopee/sales/catalog/product/Description'
19:37:23.506 [Test worker] DEBUG com.tngtech.archunit.core.importer.JavaClassProcessor - Processing class 'com/home/eshopee/sales/catalog/product/Product'
19:37:23.506 [Test worker] DEBUG com.tngtech.archunit.core.importer.JavaClassProcessor - Processing class 'com/home/eshopee/sales/catalog/product/ProductId'
19:37:23.506 [Test worker] DEBUG com.tngtech.archunit.core.importer.JavaClassProcessor - Processing class 'com/home/eshopee/sales/catalog/product/Products'
19:37:23.506 [Test worker] DEBUG com.tngtech.archunit.core.importer.JavaClassProcessor - Processing class 'com/home/eshopee/sales/catalog/product/Title'
19:37:23.506 [Test worker] DEBUG com.tngtech.archunit.core.importer.DependencyResolutionProcess - Automatically resolving transitive class dependencies with the following configuration:
import.dependencyResolutionProcess.maxIterationsForMemberTypes = 1
import.dependencyResolutionProcess.maxIterationsForAccessesToTypes = 1
import.dependencyResolutionProcess.maxIterationsForSupertypes = -1
import.dependencyResolutionProcess.maxIterationsForEnclosingTypes = -1
import.dependencyResolutionProcess.maxIterationsForAnnotationTypes = -1
import.dependencyResolutionProcess.maxIterationsForGenericSignatureTypes = -1
19:37:23.507 [Test worker] DEBUG com.tngtech.archunit.core.importer.JavaClassProcessor - Processing class 'org/springframework/web/bind/annotation/PathVariable'
19:37:23.507 [Test worker] DEBUG com.tngtech.archunit.core.importer.JavaClassProcessor - Processing class 'java/lang/Float'
19:37:23.507 [Test worker] DEBUG com.tngtech.archunit.core.importer.JavaClassProcessor - Processing class 'org/slf4j/LoggerFactory'
19:37:23.507 [Test worker] DEBUG com.tngtech.archunit.core.importer.JavaClassProcessor - Processing class 'java/lang/Integer'
19:37:23.508 [Test worker] DEBUG com.tngtech.archunit.core.importer.JavaClassProcessor - Processing class 'com/home/eshopee/common/primitives/Money'
19:37:23.508 [Test worker] DEBUG com.tngtech.archunit.core.importer.JavaClassProcessor - Processing class 'java/math/BigDecimal'
19:37:23.508 [Test worker] DEBUG com.tngtech.archunit.core.importer.JavaClassProcessor - Processing class 'java/util/Map'
19:37:23.509 [Test worker] DEBUG com.tngtech.archunit.core.importer.JavaClassProcessor - Processing class 'org/springframework/web/bind/annotation/RestController'
19:37:23.509 [Test worker] DEBUG com.tngtech.archunit.core.importer.JavaClassProcessor - Processing class 'org/springframework/context/annotation/Configuration'
19:37:23.509 [Test worker] DEBUG com.tngtech.archunit.core.importer.JavaClassProcessor - Processing class 'java/util/List'
19:37:23.509 [Test worker] DEBUG com.tngtech.archunit.core.importer.JavaClassProcessor - Processing class 'java/util/stream/Stream'
19:37:23.509 [Test worker] DEBUG com.tngtech.archunit.core.importer.JavaClassProcessor - Processing class 'java/util/Optional'
19:37:23.510 [Test worker] DEBUG com.tngtech.archunit.core.importer.JavaClassProcessor - Processing class 'java/util/regex/Pattern'
19:37:23.510 [Test worker] DEBUG com.tngtech.archunit.core.importer.JavaClassProcessor - Processing class 'org/springframework/web/bind/annotation/RequestMapping'
19:37:23.510 [Test worker] DEBUG com.tngtech.archunit.core.importer.JavaClassProcessor - Processing class 'org/springframework/jdbc/core/JdbcTemplate'
19:37:23.511 [Test worker] DEBUG com.tngtech.archunit.core.importer.JavaClassProcessor - Processing class 'java/util/ArrayList'
19:37:23.511 [Test worker] DEBUG com.tngtech.archunit.core.importer.JavaClassProcessor - Processing class 'org/springframework/web/bind/annotation/GetMapping'
19:37:23.511 [Test worker] DEBUG com.tngtech.archunit.core.importer.JavaClassProcessor - Processing class 'java/lang/String'
19:37:23.512 [Test worker] DEBUG com.tngtech.archunit.core.importer.JavaClassProcessor - Processing class 'org/slf4j/Logger'
19:37:23.512 [Test worker] DEBUG com.tngtech.archunit.core.importer.JavaClassProcessor - Processing class 'java/lang/IllegalArgumentException'
19:37:23.512 [Test worker] DEBUG com.tngtech.archunit.core.importer.JavaClassProcessor - Processing class 'java/lang/Object'
19:37:23.512 [Test worker] DEBUG com.tngtech.archunit.core.importer.JavaClassProcessor - Processing class 'org/springframework/context/annotation/Bean'
19:37:23.513 [Test worker] DEBUG com.tngtech.archunit.core.importer.JavaClassProcessor - Processing class 'org/springframework/jdbc/core/JdbcOperations'
19:37:23.513 [Test worker] DEBUG com.tngtech.archunit.core.importer.JavaClassProcessor - Processing class 'java/net/URL'
19:37:23.513 [Test worker] DEBUG com.tngtech.archunit.core.importer.JavaClassProcessor - Processing class 'java/util/function/IntConsumer'
19:37:23.513 [Test worker] DEBUG com.tngtech.archunit.core.importer.JavaClassProcessor - Processing class 'org/springframework/jdbc/support/JdbcAccessor'
19:37:23.513 [Test worker] DEBUG com.tngtech.archunit.core.importer.JavaClassProcessor - Processing class 'org/springframework/jdbc/core/SqlParameter'
19:37:23.513 [Test worker] DEBUG com.tngtech.archunit.core.importer.JavaClassProcessor - Processing class 'java/util/AbstractList'
19:37:23.514 [Test worker] DEBUG com.tngtech.archunit.core.importer.JavaClassProcessor - Processing class 'org/slf4j/helpers/CheckReturnValue'
19:37:23.514 [Test worker] DEBUG com.tngtech.archunit.core.importer.JavaClassProcessor - Processing class 'java/util/function/DoubleConsumer'
19:37:23.514 [Test worker] DEBUG com.tngtech.archunit.core.importer.JavaClassProcessor - Processing class 'java/lang/annotation/Documented'
19:37:23.514 [Test worker] DEBUG com.tngtech.archunit.core.importer.JavaClassProcessor - Processing class 'org/springframework/web/bind/annotation/ControllerMappingReflectiveProcessor'
19:37:23.514 [Test worker] DEBUG com.tngtech.archunit.core.importer.JavaClassProcessor - Processing class 'java/lang/Cloneable'
19:37:23.514 [Test worker] DEBUG com.tngtech.archunit.core.importer.JavaClassProcessor - Processing class 'org/springframework/aot/hint/annotation/Reflective'
19:37:23.514 [Test worker] DEBUG com.tngtech.archunit.core.importer.JavaClassProcessor - Processing class 'jdk/internal/vm/annotation/ForceInline'
19:37:23.514 [Test worker] DEBUG com.tngtech.archunit.core.importer.JavaClassProcessor - Processing class 'java/lang/CharSequence'
19:37:23.514 [Test worker] DEBUG com.tngtech.archunit.core.importer.JavaClassProcessor - Processing class 'java/util/Collection'
19:37:23.514 [Test worker] DEBUG com.tngtech.archunit.core.importer.JavaClassProcessor - Processing class 'org/springframework/web/bind/annotation/RequestMethod'
19:37:23.514 [Test worker] DEBUG com.tngtech.archunit.core.importer.JavaClassProcessor - Processing class 'java/util/stream/DoubleStream'
19:37:23.514 [Test worker] DEBUG com.tngtech.archunit.core.importer.JavaClassProcessor - Processing class 'java/io/Serializable'
19:37:23.514 [Test worker] DEBUG com.tngtech.archunit.core.importer.JavaClassProcessor - Processing class 'org/slf4j/spi/SLF4JServiceProvider'
19:37:23.515 [Test worker] DEBUG com.tngtech.archunit.core.importer.JavaClassProcessor - Processing class 'java/lang/annotation/Annotation'
19:37:23.515 [Test worker] DEBUG com.tngtech.archunit.core.importer.JavaClassProcessor - Processing class 'jdk/internal/ValueBased'
19:37:23.515 [Test worker] DEBUG com.tngtech.archunit.core.importer.JavaClassProcessor - Processing class 'java/util/stream/IntStream'
19:37:23.515 [Test worker] DEBUG com.tngtech.archunit.core.importer.JavaClassProcessor - Processing class 'java/lang/Throwable'
19:37:23.515 [Test worker] DEBUG com.tngtech.archunit.core.importer.JavaClassProcessor - Processing class 'org/springframework/stereotype/Controller'
19:37:23.515 [Test worker] DEBUG com.tngtech.archunit.core.importer.JavaClassProcessor - Processing class 'java/lang/annotation/Retention'
19:37:23.515 [Test worker] DEBUG com.tngtech.archunit.core.importer.JavaClassProcessor - Processing class 'java/util/RandomAccess'
19:37:23.515 [Test worker] DEBUG com.tngtech.archunit.core.importer.JavaClassProcessor - Processing class 'java/lang/constant/ConstantDesc'
19:37:23.515 [Test worker] DEBUG com.tngtech.archunit.core.importer.JavaClassProcessor - Processing class 'org/springframework/lang/Nullable'
19:37:23.515 [Test worker] DEBUG com.tngtech.archunit.core.importer.JavaClassProcessor - Processing class 'java/lang/Number'
19:37:23.515 [Test worker] DEBUG com.tngtech.archunit.core.importer.JavaClassProcessor - Processing class 'org/springframework/core/annotation/AliasFor'
19:37:23.515 [Test worker] DEBUG com.tngtech.archunit.core.importer.JavaClassProcessor - Processing class 'java/util/Map$Entry'
19:37:23.515 [Test worker] DEBUG com.tngtech.archunit.core.importer.JavaClassProcessor - Processing class 'java/lang/SafeVarargs'
19:37:23.515 [Test worker] DEBUG com.tngtech.archunit.core.importer.JavaClassProcessor - Processing class 'jdk/internal/vm/annotation/IntrinsicCandidate'
19:37:23.515 [Test worker] DEBUG com.tngtech.archunit.core.importer.JavaClassProcessor - Processing class 'java/util/stream/LongStream'
19:37:23.515 [Test worker] DEBUG com.tngtech.archunit.core.importer.JavaClassProcessor - Processing class 'jdk/internal/vm/annotation/Stable'
19:37:23.516 [Test worker] DEBUG com.tngtech.archunit.core.importer.JavaClassProcessor - Processing class 'java/lang/Deprecated'
19:37:23.516 [Test worker] DEBUG com.tngtech.archunit.core.importer.JavaClassProcessor - Processing class 'java/lang/annotation/Target'
19:37:23.516 [Test worker] DEBUG com.tngtech.archunit.core.importer.JavaClassProcessor - Processing class 'java/lang/RuntimeException'
19:37:23.516 [Test worker] DEBUG com.tngtech.archunit.core.importer.JavaClassProcessor - Processing class 'java/lang/annotation/ElementType'
19:37:23.516 [Test worker] DEBUG com.tngtech.archunit.core.importer.JavaClassProcessor - Processing class 'org/springframework/web/bind/annotation/ResponseBody'
19:37:23.516 [Test worker] DEBUG com.tngtech.archunit.core.importer.JavaClassProcessor - Processing class 'java/util/function/LongConsumer'
19:37:23.516 [Test worker] DEBUG com.tngtech.archunit.core.importer.JavaClassProcessor - Processing class 'java/util/function/Consumer'
19:37:23.516 [Test worker] DEBUG com.tngtech.archunit.core.importer.JavaClassProcessor - Processing class 'java/lang/constant/Constable'
19:37:23.516 [Test worker] DEBUG com.tngtech.archunit.core.importer.JavaClassProcessor - Processing class 'org/springframework/stereotype/Component'
19:37:23.516 [Test worker] DEBUG com.tngtech.archunit.core.importer.JavaClassProcessor - Processing class 'java/util/regex/Pattern$Node'
19:37:23.516 [Test worker] DEBUG com.tngtech.archunit.core.importer.JavaClassProcessor - Processing class 'java/util/stream/BaseStream'
19:37:23.516 [Test worker] DEBUG com.tngtech.archunit.core.importer.JavaClassProcessor - Processing class 'java/lang/Comparable'
19:37:23.516 [Test worker] DEBUG com.tngtech.archunit.core.importer.JavaClassProcessor - Processing class 'java/lang/annotation/RetentionPolicy'
19:37:23.516 [Test worker] DEBUG com.tngtech.archunit.core.importer.JavaClassProcessor - Processing class 'org/springframework/web/bind/annotation/Mapping'
19:37:23.516 [Test worker] DEBUG com.tngtech.archunit.core.importer.JavaClassProcessor - Processing class 'java/lang/Double'
19:37:23.516 [Test worker] DEBUG com.tngtech.archunit.core.importer.JavaClassProcessor - Processing class 'java/lang/AutoCloseable'
19:37:23.516 [Test worker] DEBUG com.tngtech.archunit.core.importer.JavaClassProcessor - Processing class 'org/springframework/beans/factory/InitializingBean'
19:37:23.516 [Test worker] DEBUG com.tngtech.archunit.core.importer.JavaClassProcessor - Processing class 'java/lang/Iterable'
19:37:23.516 [Test worker] DEBUG com.tngtech.archunit.core.importer.JavaClassProcessor - Processing class 'java/lang/FunctionalInterface'
19:37:23.516 [Test worker] DEBUG com.tngtech.archunit.core.importer.JavaClassProcessor - Processing class 'java/util/AbstractCollection'
19:37:23.517 [Test worker] DEBUG com.tngtech.archunit.core.importer.JavaClassProcessor - Processing class 'org/springframework/aot/hint/annotation/ReflectiveProcessor'
19:37:23.517 [Test worker] DEBUG com.tngtech.archunit.core.importer.JavaClassProcessor - Processing class 'java/lang/Enum'
19:37:23.517 [Test worker] DEBUG com.tngtech.archunit.core.importer.JavaClassProcessor - Processing class 'java/lang/Long'
19:37:23.517 [Test worker] DEBUG com.tngtech.archunit.core.importer.JavaClassProcessor - Processing class 'org/springframework/stereotype/Indexed'
19:37:23.517 [Test worker] DEBUG com.tngtech.archunit.core.importer.JavaClassProcessor - Processing class 'java/net/spi/URLStreamHandlerProvider'
19:37:23.517 [Test worker] DEBUG com.tngtech.archunit.core.importer.JavaClassProcessor - Processing class 'java/lang/Exception'
19:37:23.517 [Test worker] DEBUG com.tngtech.archunit.core.importer.JavaClassProcessor - Processing class 'java/net/URLStreamHandler'
19:37:23.518 [Test worker] DEBUG com.tngtech.archunit.core.importer.JavaClassProcessor - Processing class 'org/springframework/aot/hint/annotation/SimpleReflectiveProcessor'
19:37:23.518 [Test worker] DEBUG com.tngtech.archunit.core.importer.JavaClassProcessor - Processing class 'java/net/URLStreamHandlerFactory'
19:37:23.518 [Test worker] DEBUG com.tngtech.archunit.core.importer.JavaClassProcessor - Processing class 'java/lang/Enum$EnumDesc'
19:37:23.518 [Test worker] DEBUG com.tngtech.archunit.core.importer.JavaClassProcessor - Processing class 'java/lang/constant/DynamicConstantDesc'
19:37:23.519 [Test worker] DEBUG com.tngtech.archunit.core.importer.JavaClassProcessor - Processing class 'java/util/Spliterator$OfInt'
19:37:23.519 [Test worker] DEBUG com.tngtech.archunit.core.importer.JavaClassProcessor - Processing class 'java/lang/Class'
19:37:23.520 [Test worker] DEBUG com.tngtech.archunit.core.importer.JavaClassProcessor - Processing class 'java/lang/NumberFormatException'
19:37:23.520 [Test worker] DEBUG com.tngtech.archunit.core.importer.JavaClassProcessor - Processing class 'java/lang/invoke/MethodHandles$Lookup'
19:37:23.521 [Test worker] DEBUG com.tngtech.archunit.core.importer.JavaClassProcessor - Processing class 'java/lang/ReflectiveOperationException'
19:37:23.521 [Test worker] DEBUG com.tngtech.archunit.core.importer.JavaClassProcessor - Processing class 'java/lang/CloneNotSupportedException'
19:37:23.521 [Test worker] DEBUG com.tngtech.archunit.core.importer.JavaClassProcessor - Processing class 'java/io/ObjectInputStream'
19:37:23.521 [Test worker] DEBUG com.tngtech.archunit.core.importer.JavaClassProcessor - Processing class 'java/io/IOException'
19:37:23.521 [Test worker] DEBUG com.tngtech.archunit.core.importer.JavaClassProcessor - Processing class 'java/lang/ClassNotFoundException'
19:37:23.521 [Test worker] DEBUG com.tngtech.archunit.core.importer.JavaClassProcessor - Processing class 'java/io/ObjectStreamException'
19:37:23.521 [Test worker] DEBUG com.tngtech.archunit.core.importer.JavaClassProcessor - Processing class 'java/lang/constant/ClassDesc'
19:37:23.522 [Test worker] DEBUG com.tngtech.archunit.core.importer.JavaClassProcessor - Processing class 'java/util/Iterator'
19:37:23.522 [Test worker] DEBUG com.tngtech.archunit.core.importer.JavaClassProcessor - Processing class 'java/util/Spliterator'
19:37:23.522 [Test worker] DEBUG com.tngtech.archunit.core.importer.JavaClassProcessor - Processing class 'java/math/BigInteger'
19:37:23.523 [Test worker] DEBUG com.tngtech.archunit.core.importer.JavaClassProcessor - Processing class 'java/lang/InterruptedException'
19:37:23.523 [Test worker] DEBUG com.tngtech.archunit.core.importer.JavaClassProcessor - Processing class 'java/io/ObjectStreamField'
19:37:23.523 [Test worker] DEBUG com.tngtech.archunit.core.importer.JavaClassProcessor - Processing class 'java/util/Comparator'
19:37:23.524 [Test worker] DEBUG com.tngtech.archunit.core.importer.JavaClassProcessor - Processing class 'java/lang/Void'
19:37:23.524 [Test worker] DEBUG com.tngtech.archunit.core.importer.JavaClassProcessor - Processing class 'java/nio/charset/Charset'
19:37:23.524 [Test worker] DEBUG com.tngtech.archunit.core.importer.JavaClassProcessor - Processing class 'java/nio/charset/MalformedInputException'
19:37:23.524 [Test worker] DEBUG com.tngtech.archunit.core.importer.JavaClassProcessor - Processing class 'java/nio/charset/CharacterCodingException'
19:37:23.524 [Test worker] DEBUG com.tngtech.archunit.core.importer.JavaClassProcessor - Processing class 'sun/nio/cs/ArrayDecoder'
19:37:23.524 [Test worker] DEBUG com.tngtech.archunit.core.importer.JavaClassProcessor - Processing class 'java/io/UnsupportedEncodingException'
19:37:23.524 [Test worker] DEBUG com.tngtech.archunit.core.importer.JavaClassProcessor - Processing class 'sun/nio/cs/ArrayEncoder'
19:37:23.524 [Test worker] DEBUG com.tngtech.archunit.core.importer.JavaClassProcessor - Processing class 'java/nio/charset/UnmappableCharacterException'
19:37:23.524 [Test worker] DEBUG com.tngtech.archunit.core.importer.JavaClassProcessor - Processing class 'java/nio/charset/CharsetDecoder'
19:37:23.524 [Test worker] DEBUG com.tngtech.archunit.core.importer.JavaClassProcessor - Processing class 'java/lang/StringBuffer'
19:37:23.524 [Test worker] DEBUG com.tngtech.archunit.core.importer.JavaClassProcessor - Processing class 'java/lang/AbstractStringBuilder'
19:37:23.525 [Test worker] DEBUG com.tngtech.archunit.core.importer.JavaClassProcessor - Processing class 'java/util/Locale'
19:37:23.525 [Test worker] DEBUG com.tngtech.archunit.core.importer.JavaClassProcessor - Processing class 'java/util/function/Function'
19:37:23.525 [Test worker] DEBUG com.tngtech.archunit.core.importer.JavaClassProcessor - Processing class 'java/lang/StringBuilder'
19:37:23.526 [Test worker] DEBUG com.tngtech.archunit.core.importer.JavaClassProcessor - Processing class 'java/lang/StackTraceElement'
19:37:23.526 [Test worker] DEBUG com.tngtech.archunit.core.importer.JavaClassProcessor - Processing class 'java/io/PrintStream'
19:37:23.526 [Test worker] DEBUG com.tngtech.archunit.core.importer.JavaClassProcessor - Processing class 'java/lang/Throwable$PrintStreamOrWriter'
19:37:23.526 [Test worker] DEBUG com.tngtech.archunit.core.importer.JavaClassProcessor - Processing class 'java/util/Set'
19:37:23.526 [Test worker] DEBUG com.tngtech.archunit.core.importer.JavaClassProcessor - Processing class 'java/io/PrintWriter'
19:37:23.526 [Test worker] DEBUG com.tngtech.archunit.core.importer.JavaClassProcessor - Processing class 'java/io/ObjectOutputStream'
19:37:23.527 [Test worker] DEBUG com.tngtech.archunit.core.importer.JavaClassProcessor - Processing class 'java/lang/constant/DirectMethodHandleDesc'
19:37:23.528 [Test worker] DEBUG com.tngtech.archunit.core.importer.JavaClassProcessor - Processing class 'java/math/MathContext'
19:37:23.528 [Test worker] DEBUG com.tngtech.archunit.core.importer.JavaClassProcessor - Processing class 'java/math/RoundingMode'
19:37:23.528 [Test worker] DEBUG com.tngtech.archunit.core.importer.JavaClassProcessor - Processing class 'java/math/MutableBigInteger'
19:37:23.529 [Test worker] DEBUG com.tngtech.archunit.core.importer.JavaClassProcessor - Processing class 'java/net/InetAddress'
19:37:23.529 [Test worker] DEBUG com.tngtech.archunit.core.importer.JavaClassProcessor - Processing class 'java/net/UrlDeserializedState'
19:37:23.529 [Test worker] DEBUG com.tngtech.archunit.core.importer.JavaClassProcessor - Processing class 'java/lang/ThreadLocal'
19:37:23.529 [Test worker] DEBUG com.tngtech.archunit.core.importer.JavaClassProcessor - Processing class 'java/util/Hashtable'
19:37:23.529 [Test worker] DEBUG com.tngtech.archunit.core.importer.JavaClassProcessor - Processing class 'java/net/URI'
19:37:23.530 [Test worker] DEBUG com.tngtech.archunit.core.importer.JavaClassProcessor - Processing class 'java/net/MalformedURLException'
19:37:23.530 [Test worker] DEBUG com.tngtech.archunit.core.importer.JavaClassProcessor - Processing class 'java/lang/SecurityManager'
19:37:23.530 [Test worker] DEBUG com.tngtech.archunit.core.importer.JavaClassProcessor - Processing class 'java/net/URISyntaxException'
19:37:23.530 [Test worker] DEBUG com.tngtech.archunit.core.importer.JavaClassProcessor - Processing class 'java/net/URLConnection'
19:37:23.530 [Test worker] DEBUG com.tngtech.archunit.core.importer.JavaClassProcessor - Processing class 'java/net/Proxy'
19:37:23.530 [Test worker] DEBUG com.tngtech.archunit.core.importer.JavaClassProcessor - Processing class 'java/io/InputStream'
19:37:23.530 [Test worker] DEBUG com.tngtech.archunit.core.importer.JavaClassProcessor - Processing class 'java/io/InvalidObjectException'
19:37:23.530 [Test worker] DEBUG com.tngtech.archunit.core.importer.JavaClassProcessor - Processing class 'sun/net/www/protocol/jar/Handler'
19:37:23.531 [Test worker] DEBUG com.tngtech.archunit.core.importer.JavaClassProcessor - Processing class 'java/util/ListIterator'
19:37:23.531 [Test worker] DEBUG com.tngtech.archunit.core.importer.JavaClassProcessor - Processing class 'java/util/function/Predicate'
19:37:23.531 [Test worker] DEBUG com.tngtech.archunit.core.importer.JavaClassProcessor - Processing class 'java/util/function/UnaryOperator'
19:37:23.531 [Test worker] DEBUG com.tngtech.archunit.core.importer.JavaClassProcessor - Processing class 'java/util/function/IntFunction'
19:37:23.531 [Test worker] DEBUG com.tngtech.archunit.core.importer.JavaClassProcessor - Processing class 'java/util/function/BiConsumer'
19:37:23.531 [Test worker] DEBUG com.tngtech.archunit.core.importer.JavaClassProcessor - Processing class 'java/util/function/BiFunction'
19:37:23.532 [Test worker] DEBUG com.tngtech.archunit.core.importer.JavaClassProcessor - Processing class 'java/util/ImmutableCollections$AbstractImmutableMap'
19:37:23.532 [Test worker] DEBUG com.tngtech.archunit.core.importer.JavaClassProcessor - Processing class 'java/util/KeyValueHolder'
19:37:23.532 [Test worker] DEBUG com.tngtech.archunit.core.importer.JavaClassProcessor - Processing class 'java/lang/invoke/SerializedLambda'
19:37:23.532 [Test worker] DEBUG com.tngtech.archunit.core.importer.JavaClassProcessor - Processing class 'java/lang/Runnable'
19:37:23.532 [Test worker] DEBUG com.tngtech.archunit.core.importer.JavaClassProcessor - Processing class 'java/util/function/Supplier'
19:37:23.532 [Test worker] DEBUG com.tngtech.archunit.core.importer.JavaClassProcessor - Processing class 'java/util/regex/Pattern$CharPredicate'
19:37:23.532 [Test worker] DEBUG com.tngtech.archunit.core.importer.JavaClassProcessor - Processing class 'java/util/regex/Pattern$GroupHead'
19:37:23.532 [Test worker] DEBUG com.tngtech.archunit.core.importer.JavaClassProcessor - Processing class 'java/util/regex/Matcher'
19:37:23.533 [Test worker] DEBUG com.tngtech.archunit.core.importer.JavaClassProcessor - Processing class 'java/util/regex/Pattern$Slice'
19:37:23.533 [Test worker] DEBUG com.tngtech.archunit.core.importer.JavaClassProcessor - Processing class 'java/util/regex/Pattern$Begin'
19:37:23.533 [Test worker] DEBUG com.tngtech.archunit.core.importer.JavaClassProcessor - Processing class 'java/util/regex/Pattern$First'
19:37:23.533 [Test worker] DEBUG com.tngtech.archunit.core.importer.JavaClassProcessor - Processing class 'java/util/regex/Pattern$Loop'
19:37:23.533 [Test worker] DEBUG com.tngtech.archunit.core.importer.JavaClassProcessor - Processing class 'java/util/regex/PatternSyntaxException'
19:37:23.533 [Test worker] DEBUG com.tngtech.archunit.core.importer.JavaClassProcessor - Processing class 'java/util/regex/Pattern$BitClass'
19:37:23.533 [Test worker] DEBUG com.tngtech.archunit.core.importer.JavaClassProcessor - Processing class 'java/util/regex/Pattern$CharProperty'
19:37:23.533 [Test worker] DEBUG com.tngtech.archunit.core.importer.JavaClassProcessor - Processing class 'java/util/regex/Pattern$BmpCharPredicate'
19:37:23.533 [Test worker] DEBUG com.tngtech.archunit.core.importer.JavaClassProcessor - Processing class 'java/util/regex/Pattern$Ques'
19:37:23.533 [Test worker] DEBUG com.tngtech.archunit.core.importer.JavaClassProcessor - Processing class 'java/util/regex/Pattern$Curly'
19:37:23.533 [Test worker] DEBUG com.tngtech.archunit.core.importer.JavaClassProcessor - Processing class 'java/util/regex/Pattern$Qtype'
19:37:23.533 [Test worker] DEBUG com.tngtech.archunit.core.importer.JavaClassProcessor - Processing class 'java/util/regex/Pattern$BmpCharProperty'
19:37:23.533 [Test worker] DEBUG com.tngtech.archunit.core.importer.JavaClassProcessor - Processing class 'java/util/regex/Pattern$TreeInfo'
19:37:23.533 [Test worker] DEBUG com.tngtech.archunit.core.importer.JavaClassProcessor - Processing class 'java/util/function/DoublePredicate'
19:37:23.533 [Test worker] DEBUG com.tngtech.archunit.core.importer.JavaClassProcessor - Processing class 'java/util/function/DoubleUnaryOperator'
19:37:23.533 [Test worker] DEBUG com.tngtech.archunit.core.importer.JavaClassProcessor - Processing class 'java/util/function/DoubleFunction'
19:37:23.533 [Test worker] DEBUG com.tngtech.archunit.core.importer.JavaClassProcessor - Processing class 'java/util/function/DoubleToIntFunction'
19:37:23.533 [Test worker] DEBUG com.tngtech.archunit.core.importer.JavaClassProcessor - Processing class 'java/util/function/DoubleToLongFunction'
19:37:23.533 [Test worker] DEBUG com.tngtech.archunit.core.importer.JavaClassProcessor - Processing class 'java/util/stream/DoubleStream$DoubleMapMultiConsumer'
19:37:23.533 [Test worker] DEBUG com.tngtech.archunit.core.importer.JavaClassProcessor - Processing class 'java/util/function/DoubleBinaryOperator'
19:37:23.533 [Test worker] DEBUG com.tngtech.archunit.core.importer.JavaClassProcessor - Processing class 'java/util/OptionalDouble'
19:37:23.534 [Test worker] DEBUG com.tngtech.archunit.core.importer.JavaClassProcessor - Processing class 'java/util/function/ObjDoubleConsumer'
19:37:23.534 [Test worker] DEBUG com.tngtech.archunit.core.importer.JavaClassProcessor - Processing class 'java/util/DoubleSummaryStatistics'
19:37:23.534 [Test worker] DEBUG com.tngtech.archunit.core.importer.JavaClassProcessor - Processing class 'java/util/PrimitiveIterator$OfDouble'
19:37:23.534 [Test worker] DEBUG com.tngtech.archunit.core.importer.JavaClassProcessor - Processing class 'java/util/Spliterator$OfDouble'
19:37:23.534 [Test worker] DEBUG com.tngtech.archunit.core.importer.JavaClassProcessor - Processing class 'java/util/stream/DoubleStream$Builder'
19:37:23.534 [Test worker] DEBUG com.tngtech.archunit.core.importer.JavaClassProcessor - Processing class 'java/util/function/DoubleSupplier'
19:37:23.534 [Test worker] DEBUG com.tngtech.archunit.core.importer.JavaClassProcessor - Processing class 'java/util/function/IntPredicate'
19:37:23.534 [Test worker] DEBUG com.tngtech.archunit.core.importer.JavaClassProcessor - Processing class 'java/util/function/IntUnaryOperator'
19:37:23.534 [Test worker] DEBUG com.tngtech.archunit.core.importer.JavaClassProcessor - Processing class 'java/util/function/IntToLongFunction'
19:37:23.534 [Test worker] DEBUG com.tngtech.archunit.core.importer.JavaClassProcessor - Processing class 'java/util/function/IntToDoubleFunction'
19:37:23.534 [Test worker] DEBUG com.tngtech.archunit.core.importer.JavaClassProcessor - Processing class 'java/util/stream/IntStream$IntMapMultiConsumer'
19:37:23.534 [Test worker] DEBUG com.tngtech.archunit.core.importer.JavaClassProcessor - Processing class 'java/util/function/IntBinaryOperator'
19:37:23.534 [Test worker] DEBUG com.tngtech.archunit.core.importer.JavaClassProcessor - Processing class 'java/util/OptionalInt'
19:37:23.534 [Test worker] DEBUG com.tngtech.archunit.core.importer.JavaClassProcessor - Processing class 'java/util/function/ObjIntConsumer'
19:37:23.534 [Test worker] DEBUG com.tngtech.archunit.core.importer.JavaClassProcessor - Processing class 'java/util/IntSummaryStatistics'
19:37:23.534 [Test worker] DEBUG com.tngtech.archunit.core.importer.JavaClassProcessor - Processing class 'java/util/PrimitiveIterator$OfInt'
19:37:23.534 [Test worker] DEBUG com.tngtech.archunit.core.importer.JavaClassProcessor - Processing class 'java/util/stream/IntStream$Builder'
19:37:23.534 [Test worker] DEBUG com.tngtech.archunit.core.importer.JavaClassProcessor - Processing class 'java/util/function/IntSupplier'
19:37:23.534 [Test worker] DEBUG com.tngtech.archunit.core.importer.JavaClassProcessor - Processing class 'java/util/function/LongPredicate'
19:37:23.534 [Test worker] DEBUG com.tngtech.archunit.core.importer.JavaClassProcessor - Processing class 'java/util/function/LongUnaryOperator'
19:37:23.534 [Test worker] DEBUG com.tngtech.archunit.core.importer.JavaClassProcessor - Processing class 'java/util/function/LongFunction'
19:37:23.534 [Test worker] DEBUG com.tngtech.archunit.core.importer.JavaClassProcessor - Processing class 'java/util/function/LongToIntFunction'
19:37:23.534 [Test worker] DEBUG com.tngtech.archunit.core.importer.JavaClassProcessor - Processing class 'java/util/function/LongToDoubleFunction'
19:37:23.534 [Test worker] DEBUG com.tngtech.archunit.core.importer.JavaClassProcessor - Processing class 'java/util/stream/LongStream$LongMapMultiConsumer'
19:37:23.535 [Test worker] DEBUG com.tngtech.archunit.core.importer.JavaClassProcessor - Processing class 'java/util/function/LongBinaryOperator'
19:37:23.535 [Test worker] DEBUG com.tngtech.archunit.core.importer.JavaClassProcessor - Processing class 'java/util/OptionalLong'
19:37:23.535 [Test worker] DEBUG com.tngtech.archunit.core.importer.JavaClassProcessor - Processing class 'java/util/function/ObjLongConsumer'
19:37:23.535 [Test worker] DEBUG com.tngtech.archunit.core.importer.JavaClassProcessor - Processing class 'java/util/LongSummaryStatistics'
19:37:23.535 [Test worker] DEBUG com.tngtech.archunit.core.importer.JavaClassProcessor - Processing class 'java/util/PrimitiveIterator$OfLong'
19:37:23.535 [Test worker] DEBUG com.tngtech.archunit.core.importer.JavaClassProcessor - Processing class 'java/util/Spliterator$OfLong'
19:37:23.535 [Test worker] DEBUG com.tngtech.archunit.core.importer.JavaClassProcessor - Processing class 'java/util/stream/LongStream$Builder'
19:37:23.535 [Test worker] DEBUG com.tngtech.archunit.core.importer.JavaClassProcessor - Processing class 'java/util/function/LongSupplier'
19:37:23.535 [Test worker] DEBUG com.tngtech.archunit.core.importer.JavaClassProcessor - Processing class 'java/util/function/ToIntFunction'
19:37:23.535 [Test worker] DEBUG com.tngtech.archunit.core.importer.JavaClassProcessor - Processing class 'java/util/function/ToLongFunction'
19:37:23.535 [Test worker] DEBUG com.tngtech.archunit.core.importer.JavaClassProcessor - Processing class 'java/util/function/ToDoubleFunction'
19:37:23.535 [Test worker] DEBUG com.tngtech.archunit.core.importer.JavaClassProcessor - Processing class 'java/util/function/BinaryOperator'
19:37:23.535 [Test worker] DEBUG com.tngtech.archunit.core.importer.JavaClassProcessor - Processing class 'java/util/stream/Collector'
19:37:23.535 [Test worker] DEBUG com.tngtech.archunit.core.importer.JavaClassProcessor - Processing class 'java/util/stream/Stream$Builder'
19:37:23.535 [Test worker] DEBUG com.tngtech.archunit.core.importer.JavaClassProcessor - Processing class 'org/slf4j/spi/LoggingEventBuilder'
19:37:23.536 [Test worker] DEBUG com.tngtech.archunit.core.importer.JavaClassProcessor - Processing class 'org/slf4j/event/Level'
19:37:23.536 [Test worker] DEBUG com.tngtech.archunit.core.importer.JavaClassProcessor - Processing class 'org/slf4j/Marker'
19:37:23.536 [Test worker] DEBUG com.tngtech.archunit.core.importer.JavaClassProcessor - Processing class 'org/slf4j/helpers/SubstituteServiceProvider'
19:37:23.536 [Test worker] DEBUG com.tngtech.archunit.core.importer.JavaClassProcessor - Processing class 'org/slf4j/helpers/NOP_FallbackServiceProvider'
19:37:23.536 [Test worker] DEBUG com.tngtech.archunit.core.importer.JavaClassProcessor - Processing class 'java/util/ServiceLoader'
19:37:23.537 [Test worker] DEBUG com.tngtech.archunit.core.importer.JavaClassProcessor - Processing class 'java/lang/ClassLoader'
19:37:23.537 [Test worker] DEBUG com.tngtech.archunit.core.importer.JavaClassProcessor - Processing class 'org/slf4j/event/SubstituteLoggingEvent'
19:37:23.537 [Test worker] DEBUG com.tngtech.archunit.core.importer.JavaClassProcessor - Processing class 'org/slf4j/ILoggerFactory'
19:37:23.537 [Test worker] DEBUG com.tngtech.archunit.core.importer.JavaClassProcessor - Processing class 'org/slf4j/IMarkerFactory'
19:37:23.538 [Test worker] DEBUG com.tngtech.archunit.core.importer.JavaClassProcessor - Processing class 'org/slf4j/spi/MDCAdapter'
19:37:23.538 [Test worker] DEBUG com.tngtech.archunit.core.importer.JavaClassProcessor - Processing class 'org/springframework/aot/hint/ReflectionHints'
19:37:23.538 [Test worker] DEBUG com.tngtech.archunit.core.importer.JavaClassProcessor - Processing class 'java/lang/reflect/AnnotatedElement'
19:37:23.538 [Test worker] DEBUG com.tngtech.archunit.core.importer.JavaClassProcessor - Processing class 'java/lang/reflect/Constructor'
19:37:23.538 [Test worker] DEBUG com.tngtech.archunit.core.importer.JavaClassProcessor - Processing class 'java/lang/reflect/Field'
19:37:23.538 [Test worker] DEBUG com.tngtech.archunit.core.importer.JavaClassProcessor - Processing class 'java/lang/reflect/Method'
19:37:23.539 [Test worker] DEBUG com.tngtech.archunit.core.importer.JavaClassProcessor - Processing class 'org/springframework/jdbc/core/ConnectionCallback'
19:37:23.539 [Test worker] DEBUG com.tngtech.archunit.core.importer.JavaClassProcessor - Processing class 'org/springframework/dao/DataAccessException'
19:37:23.539 [Test worker] DEBUG com.tngtech.archunit.core.importer.JavaClassProcessor - Processing class 'org/springframework/jdbc/core/StatementCallback'
19:37:23.539 [Test worker] DEBUG com.tngtech.archunit.core.importer.JavaClassProcessor - Processing class 'org/springframework/jdbc/core/ResultSetExtractor'
19:37:23.539 [Test worker] DEBUG com.tngtech.archunit.core.importer.JavaClassProcessor - Processing class 'org/springframework/jdbc/core/RowCallbackHandler'
19:37:23.539 [Test worker] DEBUG com.tngtech.archunit.core.importer.JavaClassProcessor - Processing class 'org/springframework/jdbc/core/RowMapper'
19:37:23.539 [Test worker] DEBUG com.tngtech.archunit.core.importer.JavaClassProcessor - Processing class 'org/springframework/jdbc/support/rowset/SqlRowSet'
19:37:23.540 [Test worker] DEBUG com.tngtech.archunit.core.importer.JavaClassProcessor - Processing class 'org/springframework/jdbc/core/PreparedStatementCreator'
19:37:23.540 [Test worker] DEBUG com.tngtech.archunit.core.importer.JavaClassProcessor - Processing class 'org/springframework/jdbc/core/PreparedStatementCallback'
19:37:23.540 [Test worker] DEBUG com.tngtech.archunit.core.importer.JavaClassProcessor - Processing class 'org/springframework/jdbc/core/PreparedStatementSetter'
19:37:23.540 [Test worker] DEBUG com.tngtech.archunit.core.importer.JavaClassProcessor - Processing class 'org/springframework/jdbc/support/KeyHolder'
19:37:23.540 [Test worker] DEBUG com.tngtech.archunit.core.importer.JavaClassProcessor - Processing class 'org/springframework/jdbc/core/BatchPreparedStatementSetter'
19:37:23.541 [Test worker] DEBUG com.tngtech.archunit.core.importer.JavaClassProcessor - Processing class 'org/springframework/jdbc/core/ParameterizedPreparedStatementSetter'
19:37:23.541 [Test worker] DEBUG com.tngtech.archunit.core.importer.JavaClassProcessor - Processing class 'org/springframework/jdbc/core/CallableStatementCreator'
19:37:23.541 [Test worker] DEBUG com.tngtech.archunit.core.importer.JavaClassProcessor - Processing class 'org/springframework/jdbc/core/CallableStatementCallback'
19:37:23.541 [Test worker] DEBUG com.tngtech.archunit.core.importer.JavaClassProcessor - Processing class 'java/sql/Connection'
19:37:23.541 [Test worker] DEBUG com.tngtech.archunit.core.importer.JavaClassProcessor - Processing class 'org/springframework/jdbc/datasource/ConnectionProxy'
19:37:23.541 [Test worker] DEBUG com.tngtech.archunit.core.importer.JavaClassProcessor - Processing class 'org/springframework/jdbc/core/ParameterDisposer'
19:37:23.542 [Test worker] DEBUG com.tngtech.archunit.core.importer.JavaClassProcessor - Processing class 'org/springframework/jdbc/core/SqlReturnResultSet'
19:37:23.542 [Test worker] DEBUG com.tngtech.archunit.core.importer.JavaClassProcessor - Processing class 'java/sql/CallableStatement'
19:37:23.542 [Test worker] DEBUG com.tngtech.archunit.core.importer.JavaClassProcessor - Processing class 'java/sql/SQLException'
19:37:23.542 [Test worker] DEBUG com.tngtech.archunit.core.importer.JavaClassProcessor - Processing class 'org/springframework/jdbc/core/SqlOutParameter'
19:37:23.542 [Test worker] DEBUG com.tngtech.archunit.core.importer.JavaClassProcessor - Processing class 'java/sql/ResultSet'
19:37:23.543 [Test worker] DEBUG com.tngtech.archunit.core.importer.JavaClassProcessor - Processing class 'org/springframework/jdbc/core/ResultSetSupportingSqlParameter'
19:37:23.543 [Test worker] DEBUG com.tngtech.archunit.core.importer.JavaClassProcessor - Processing class 'java/sql/Statement'
19:37:23.543 [Test worker] DEBUG com.tngtech.archunit.core.importer.JavaClassProcessor - Processing class 'java/sql/SQLWarning'
19:37:23.543 [Test worker] DEBUG com.tngtech.archunit.core.importer.JavaClassProcessor - Processing class 'org/springframework/jdbc/SQLWarningException'
19:37:23.543 [Test worker] DEBUG com.tngtech.archunit.core.importer.JavaClassProcessor - Processing class 'org/springframework/jdbc/core/SqlProvider'
19:37:23.543 [Test worker] DEBUG com.tngtech.archunit.core.importer.JavaClassProcessor - Processing class 'java/sql/PreparedStatement'
19:37:23.543 [Test worker] DEBUG com.tngtech.archunit.core.importer.JavaClassProcessor - Processing class 'org/springframework/jdbc/core/InterruptibleBatchPreparedStatementSetter'
19:37:23.544 [Test worker] DEBUG com.tngtech.archunit.core.importer.JavaClassProcessor - Processing class 'org/apache/commons/logging/Log'
19:37:23.544 [Test worker] DEBUG com.tngtech.archunit.core.importer.JavaClassProcessor - Processing class 'javax/sql/DataSource'
19:37:23.544 [Test worker] DEBUG com.tngtech.archunit.core.importer.JavaClassProcessor - Processing class 'org/springframework/jdbc/support/SQLExceptionTranslator'
19:37:23.544 [Test worker] DEBUG com.tngtech.archunit.core.importer.JavaClassProcessor - Processing class 'org/springframework/aot/hint/BindingReflectionHintsRegistrar'
19:37:23.545 [Test worker] DEBUG com.tngtech.archunit.core.importer.JavaClassProcessor - Processing class 'org/springframework/core/MethodParameter'
19:37:23.545 [Test worker] DEBUG com.tngtech.archunit.core.importer.JavaClassProcessor - Processing class 'org/springframework/web/bind/annotation/RequestBody'
19:37:23.545 [Test worker] DEBUG com.tngtech.archunit.core.importer.JavaClassProcessor - Processing class 'org/springframework/web/bind/annotation/ModelAttribute'
19:37:23.545 [Test worker] DEBUG com.tngtech.archunit.core.importer.JavaClassProcessor - Processing class 'org/springframework/http/HttpEntity'
19:37:23.545 [Test worker] DEBUG com.tngtech.archunit.core.importer.JavaClassProcessor - Processing class 'org/springframework/web/bind/annotation/RequestPart'
19:37:23.545 [Test worker] DEBUG com.tngtech.archunit.core.importer.JavaClassProcessor - Processing class 'java/lang/reflect/Type'
19:37:23.546 [Test worker] DEBUG com.tngtech.archunit.core.importer.JavaClassProcessor - Processing class 'org/springframework/http/HttpMethod'
19:37:23.559 [Test worker] DEBUG com.tngtech.archunit.core.importer.UrlSource$From - Found URLs on sun.boot.class.path: []
19:37:23.563 [Test worker] DEBUG com.tngtech.archunit.core.importer.UrlSource$From - Found URLs on java.class.path: [jar:file:/C:/Users/ADMIN/.gradle/caches/7.4.2/workerMain/gradle-worker.jar!/, file:/D:/CODE/microservice/ddd-eshopee-EXPT-modulith/shopee-microservices/application/build/classes/java/test/, file:/D:/CODE/microservice/ddd-eshopee-EXPT-modulith/shopee-microservices/application/build/resources/test/, file:/D:/CODE/microservice/ddd-eshopee-EXPT-modulith/shopee-microservices/application/build/classes/java/main/, file:/D:/CODE/microservice/ddd-eshopee-EXPT-modulith/shopee-microservices/application/build/resources/main/, jar:file:/D:/CODE/microservice/ddd-eshopee-EXPT-modulith/shopee-microservices/sales/catalog/spring-boot-starter/build/libs/catalog-spring-boot-starter-2.0-SNAPSHOT.jar!/, jar:file:/D:/CODE/microservice/ddd-eshopee-EXPT-modulith/shopee-microservices/sales/cart/spring-boot-starter/build/libs/cart-spring-boot-starter-2.0-SNAPSHOT.jar!/, jar:file:/D:/CODE/microservice/ddd-eshopee-EXPT-modulith/shopee-microservices/sales/order/spring-boot-starter/build/libs/order-spring-boot-starter-2.0-SNAPSHOT.jar!/, jar:file:/D:/CODE/microservice/ddd-eshopee-EXPT-modulith/shopee-microservices/warehouse/spring-boot-starter/build/libs/warehouse-spring-boot-starter-2.0-SNAPSHOT.jar!/, jar:file:/D:/CODE/microservice/ddd-eshopee-EXPT-modulith/shopee-microservices/billing/payment/spring-boot-starter/build/libs/payment-spring-boot-starter-2.0-SNAPSHOT.jar!/, jar:file:/D:/CODE/microservice/ddd-eshopee-EXPT-modulith/shopee-microservices/shipping/delivery/spring-boot-starter/build/libs/delivery-spring-boot-starter-2.0-SNAPSHOT.jar!/, jar:file:/D:/CODE/microservice/ddd-eshopee-EXPT-modulith/shopee-microservices/shipping/dispatching/spring-boot-starter/build/libs/dispatching-spring-boot-starter-2.0-SNAPSHOT.jar!/, jar:file:/D:/CODE/microservice/ddd-eshopee-EXPT-modulith/shopee-microservices/portal/spring-boot-starter/build/libs/portal-spring-boot-starter-2.0-SNAPSHOT.jar!/, jar:file:/D:/CODE/microservice/ddd-eshopee-EXPT-modulith/shopee-microservices/common/application-integration-spring-boot-starter/build/libs/application-integration-spring-boot-starter-2.0-SNAPSHOT.jar!/, jar:file:/C:/Users/ADMIN/.gradle/caches/modules-2/files-2.1/org.springframework.boot/spring-boot-starter-data-redis/3.0.4/e122886d50ec624e51fbaac4bb0d5d17cf7b9764/spring-boot-starter-data-redis-3.0.4.jar!/, jar:file:/C:/Users/ADMIN/.gradle/caches/modules-2/files-2.1/org.springframework.boot/spring-boot-starter-jdbc/3.0.4/e64f229f772dc2952e1978a1f10d7f3a462e105d/spring-boot-starter-jdbc-3.0.4.jar!/, jar:file:/C:/Users/ADMIN/.gradle/caches/modules-2/files-2.1/org.springframework.boot/spring-boot-starter-web/3.0.4/6a7405b436c6943f056cdbab587fe48bdc2b4911/spring-boot-starter-web-3.0.4.jar!/, jar:file:/C:/Users/ADMIN/.gradle/caches/modules-2/files-2.1/org.springframework.boot/spring-boot-starter-test/3.0.4/eb934f1df3e6292d7b5800cfbbc237de90d174de/spring-boot-starter-test-3.0.4.jar!/, jar:file:/C:/Users/ADMIN/.gradle/caches/modules-2/files-2.1/org.springframework.boot/spring-boot-starter-thymeleaf/3.0.4/ea681f9f477da793eb9024a23686db9a59b50bc6/spring-boot-starter-thymeleaf-3.0.4.jar!/, jar:file:/C:/Users/ADMIN/.gradle/caches/modules-2/files-2.1/org.springframework.boot/spring-boot-starter-amqp/3.0.4/804a88a39dc6dce9678eef6f621bd9877f50a7ab/spring-boot-starter-amqp-3.0.4.jar!/, jar:file:/C:/Users/ADMIN/.gradle/caches/modules-2/files-2.1/org.springframework.boot/spring-boot-starter-json/3.0.4/5ddf427d011646fe787fdaa1b8edc4a4eebd48d5/spring-boot-starter-json-3.0.4.jar!/, jar:file:/C:/Users/ADMIN/.gradle/caches/modules-2/files-2.1/org.springframework.boot/spring-boot-starter/3.0.4/8f957a8bc9d70c0ca922406c6e23cb3db5d48109/spring-boot-starter-3.0.4.jar!/, jar:file:/C:/Users/ADMIN/.gradle/caches/modules-2/files-2.1/com.h2database/h2/2.1.214/d5c2005c9e3279201e12d4776c948578b16bf8b2/h2-2.1.214.jar!/, jar:file:/C:/Users/ADMIN/.gradle/caches/modules-2/files-2.1/org.postgresql/postgresql/42.5.4/15015a54f15e340a9a8a6a2c5457429cb1176b8/postgresql-42.5.4.jar!/, jar:file:/C:/Users/ADMIN/.gradle/caches/modules-2/files-2.1/io.rest-assured/rest-assured/5.2.1/131aedaf6ffbb783dbf7b21efe57a849ded8b321/rest-assured-5.2.1.jar!/, jar:file:/C:/Users/ADMIN/.gradle/caches/modules-2/files-2.1/com.tngtech.archunit/archunit/0.23.1/7f93a254a0b88b9209e34db523ed5c2cee2ab25f/archunit-0.23.1.jar!/, jar:file:/D:/CODE/microservice/ddd-eshopee-EXPT-modulith/shopee-microservices/sales/catalog/jdbc/build/libs/catalog-jdbc-2.0-SNAPSHOT.jar!/, jar:file:/D:/CODE/microservice/ddd-eshopee-EXPT-modulith/shopee-microservices/sales/catalog/rest/build/libs/catalog-rest-2.0-SNAPSHOT.jar!/, jar:file:/D:/CODE/microservice/ddd-eshopee-EXPT-modulith/shopee-microservices/sales/catalog/webcomp/build/libs/catalog-webcomp-2.0-SNAPSHOT.jar!/, jar:file:/D:/CODE/microservice/ddd-eshopee-EXPT-modulith/shopee-microservices/sales/cart/jdbc/build/libs/cart-jdbc-2.0-SNAPSHOT.jar!/, jar:file:/D:/CODE/microservice/ddd-eshopee-EXPT-modulith/shopee-microservices/sales/cart/rest/build/libs/cart-rest-2.0-SNAPSHOT.jar!/, jar:file:/D:/CODE/microservice/ddd-eshopee-EXPT-modulith/shopee-microservices/sales/cart/webcomp/build/libs/cart-webcomp-2.0-SNAPSHOT.jar!/, jar:file:/D:/CODE/microservice/ddd-eshopee-EXPT-modulith/shopee-microservices/sales/order/jdbc/build/libs/order-jdbc-2.0-SNAPSHOT.jar!/, jar:file:/D:/CODE/microservice/ddd-eshopee-EXPT-modulith/shopee-microservices/sales/order/rest/build/libs/order-rest-2.0-SNAPSHOT.jar!/, jar:file:/D:/CODE/microservice/ddd-eshopee-EXPT-modulith/shopee-microservices/sales/order/webcomp/build/libs/order-webcomp-2.0-SNAPSHOT.jar!/, jar:file:/D:/CODE/microservice/ddd-eshopee-EXPT-modulith/shopee-microservices/warehouse/jdbc/build/libs/warehouse-jdbc-2.0-SNAPSHOT.jar!/, jar:file:/D:/CODE/microservice/ddd-eshopee-EXPT-modulith/shopee-microservices/warehouse/listeners/build/libs/warehouse-listeners-2.0-SNAPSHOT.jar!/, jar:file:/D:/CODE/microservice/ddd-eshopee-EXPT-modulith/shopee-microservices/warehouse/rest/build/libs/warehouse-rest-2.0-SNAPSHOT.jar!/, jar:file:/D:/CODE/microservice/ddd-eshopee-EXPT-modulith/shopee-microservices/billing/payment/jdbc/build/libs/payment-jdbc-2.0-SNAPSHOT.jar!/, jar:file:/D:/CODE/microservice/ddd-eshopee-EXPT-modulith/shopee-microservices/billing/payment/listeners/build/libs/payment-listeners-2.0-SNAPSHOT.jar!/, jar:file:/D:/CODE/microservice/ddd-eshopee-EXPT-modulith/shopee-microservices/billing/payment/rest/build/libs/payment-rest-2.0-SNAPSHOT.jar!/, jar:file:/D:/CODE/microservice/ddd-eshopee-EXPT-modulith/shopee-microservices/shipping/delivery/jdbc/build/libs/delivery-jdbc-2.0-SNAPSHOT.jar!/, jar:file:/D:/CODE/microservice/ddd-eshopee-EXPT-modulith/shopee-microservices/shipping/delivery/listeners/build/libs/delivery-listeners-2.0-SNAPSHOT.jar!/, jar:file:/D:/CODE/microservice/ddd-eshopee-EXPT-modulith/shopee-microservices/shipping/delivery/rest/build/libs/delivery-rest-2.0-SNAPSHOT.jar!/, jar:file:/D:/CODE/microservice/ddd-eshopee-EXPT-modulith/shopee-microservices/shipping/delivery/webcomp/build/libs/delivery-webcomp-2.0-SNAPSHOT.jar!/, jar:file:/D:/CODE/microservice/ddd-eshopee-EXPT-modulith/shopee-microservices/shipping/dispatching/jdbc/build/libs/dispatching-jdbc-2.0-SNAPSHOT.jar!/, jar:file:/D:/CODE/microservice/ddd-eshopee-EXPT-modulith/shopee-microservices/shipping/dispatching/listeners/build/libs/dispatching-listeners-2.0-SNAPSHOT.jar!/, jar:file:/D:/CODE/microservice/ddd-eshopee-EXPT-modulith/shopee-microservices/portal/web/build/libs/portal-web-2.0-SNAPSHOT.jar!/, jar:file:/D:/CODE/microservice/ddd-eshopee-EXPT-modulith/shopee-microservices/sales/order/domain/build/libs/order-domain-2.0-SNAPSHOT.jar!/, jar:file:/D:/CODE/microservice/ddd-eshopee-EXPT-modulith/shopee-microservices/sales/order/events/build/libs/order-events-2.0-SNAPSHOT.jar!/, jar:file:/D:/CODE/microservice/ddd-eshopee-EXPT-modulith/shopee-microservices/shipping/dispatching/events/build/libs/dispatching-events-2.0-SNAPSHOT.jar!/, jar:file:/D:/CODE/microservice/ddd-eshopee-EXPT-modulith/shopee-microservices/shipping/delivery/domain/build/libs/delivery-domain-2.0-SNAPSHOT.jar!/, jar:file:/D:/CODE/microservice/ddd-eshopee-EXPT-modulith/shopee-microservices/shipping/delivery/events/build/libs/delivery-events-2.0-SNAPSHOT.jar!/, jar:file:/D:/CODE/microservice/ddd-eshopee-EXPT-modulith/shopee-microservices/billing/payment/domain/build/libs/payment-domain-2.0-SNAPSHOT.jar!/, jar:file:/D:/CODE/microservice/ddd-eshopee-EXPT-modulith/shopee-microservices/billing/payment/events/build/libs/payment-events-2.0-SNAPSHOT.jar!/, jar:file:/D:/CODE/microservice/ddd-eshopee-EXPT-modulith/shopee-microservices/warehouse/domain/build/libs/warehouse-domain-2.0-SNAPSHOT.jar!/, jar:file:/D:/CODE/microservice/ddd-eshopee-EXPT-modulith/shopee-microservices/warehouse/events/build/libs/warehouse-events-2.0-SNAPSHOT.jar!/, jar:file:/D:/CODE/microservice/ddd-eshopee-EXPT-modulith/shopee-microservices/common/events/build/libs/events-2.0-SNAPSHOT.jar!/, jar:file:/C:/Users/ADMIN/.gradle/caches/modules-2/files-2.1/com.fasterxml.jackson.datatype/jackson-datatype-jdk8/2.14.2/2f3c71211b6ea7a978eba33574d7135d536e07fb/jackson-datatype-jdk8-2.14.2.jar!/, jar:file:/C:/Users/ADMIN/.gradle/caches/modules-2/files-2.1/com.fasterxml.jackson.module/jackson-module-parameter-names/2.14.2/2b6c19b3d99dda02915515df879ab9e23fed3864/jackson-module-parameter-names-2.14.2.jar!/, jar:file:/C:/Users/ADMIN/.gradle/caches/modules-2/files-2.1/com.fasterxml.jackson.core/jackson-databind/2.14.2/1e71fddbc80bb86f71a6345ac1e8ab8a00e7134/jackson-databind-2.14.2.jar!/, jar:file:/C:/Users/ADMIN/.gradle/caches/modules-2/files-2.1/com.fasterxml.jackson.core/jackson-annotations/2.14.2/a7aae9525864930723e3453ab799521fdfd9d873/jackson-annotations-2.14.2.jar!/, jar:file:/C:/Users/ADMIN/.gradle/caches/modules-2/files-2.1/com.fasterxml.jackson.core/jackson-core/2.14.2/f804090e6399ce0cf78242db086017512dd71fcc/jackson-core-2.14.2.jar!/, jar:file:/C:/Users/ADMIN/.gradle/caches/modules-2/files-2.1/com.fasterxml.jackson.datatype/jackson-datatype-jsr310/2.14.2/796518148a385b2728d44886cc0f8852eb8eeb53/jackson-datatype-jsr310-2.14.2.jar!/, jar:file:/C:/Users/ADMIN/.gradle/caches/modules-2/files-2.1/org.springframework.boot/spring-boot-test-autoconfigure/3.0.4/3d28e21dc5cea68949d1f0b6a4051e7deeacf6cc/spring-boot-test-autoconfigure-3.0.4.jar!/, jar:file:/C:/Users/ADMIN/.gradle/caches/modules-2/files-2.1/org.springframework.boot/spring-boot-autoconfigure/3.0.4/7eb11bff0f965807f1088da20bc169bff27d284/spring-boot-autoconfigure-3.0.4.jar!/, jar:file:/C:/Users/ADMIN/.gradle/caches/modules-2/files-2.1/org.springframework.boot/spring-boot-test/3.0.4/4c1c72ff838b4f1191321aa01d1e98d68f882280/spring-boot-test-3.0.4.jar!/, jar:file:/C:/Users/ADMIN/.gradle/caches/modules-2/files-2.1/org.springframework.boot/spring-boot/3.0.4/27e5fceb2faf8ec399df70a2ff4e626a3423ae35/spring-boot-3.0.4.jar!/, jar:file:/C:/Users/ADMIN/.gradle/caches/modules-2/files-2.1/org.springframework.boot/spring-boot-starter-logging/3.0.4/31b32774c6ec2eceb3f75bdef7ddd8afd7059255/spring-boot-starter-logging-3.0.4.jar!/, jar:file:/C:/Users/ADMIN/.gradle/caches/modules-2/files-2.1/org.springframework.boot/spring-boot-starter-tomcat/3.0.4/40babd5ca3db46adf7c59b70ca2e6f2a528b558c/spring-boot-starter-tomcat-3.0.4.jar!/, jar:file:/C:/Users/ADMIN/.gradle/caches/modules-2/files-2.1/jakarta.annotation/jakarta.annotation-api/2.1.1/48b9bda22b091b1f48b13af03fe36db3be6e1ae3/jakarta.annotation-api-2.1.1.jar!/, jar:file:/C:/Users/ADMIN/.gradle/caches/modules-2/files-2.1/org.springframework/spring-jdbc/6.0.6/151e730f45832d42c6535b0bc6d7cebeabcaf844/spring-jdbc-6.0.6.jar!/, jar:file:/C:/Users/ADMIN/.gradle/caches/modules-2/files-2.1/org.springframework/spring-webmvc/6.0.6/302580efc981ad6797a85814ea0996e2149bb420/spring-webmvc-6.0.6.jar!/, jar:file:/C:/Users/ADMIN/.gradle/caches/modules-2/files-2.1/org.springframework/spring-web/6.0.6/2916961032e54aaeb534a290530b7b69e297bfcc/spring-web-6.0.6.jar!/, jar:file:/C:/Users/ADMIN/.gradle/caches/modules-2/files-2.1/org.springframework/spring-test/6.0.6/e94217b5c8cdf8f954d10251449fc98bdd8fc756/spring-test-6.0.6.jar!/, jar:file:/C:/Users/ADMIN/.gradle/caches/modules-2/files-2.1/org.springframework.data/spring-data-redis/3.0.3/6e8f59ca594ea86b56eacba74ae343d188771905/spring-data-redis-3.0.3.jar!/, jar:file:/C:/Users/ADMIN/.gradle/caches/modules-2/files-2.1/org.springframework.amqp/spring-rabbit/3.0.2/910f6a931b70f874ab03ba3dc0df2c6e05de12b8/spring-rabbit-3.0.2.jar!/, jar:file:/C:/Users/ADMIN/.gradle/caches/modules-2/files-2.1/org.springframework.data/spring-data-keyvalue/3.0.3/20ebdf1c5fb12aa0b5be9e67791e6c457f6e8968/spring-data-keyvalue-3.0.3.jar!/, jar:file:/C:/Users/ADMIN/.gradle/caches/modules-2/files-2.1/org.springframework/spring-tx/6.0.6/e86b3073d9640e17e5581a6aebb0d2794c407c46/spring-tx-6.0.6.jar!/, jar:file:/C:/Users/ADMIN/.gradle/caches/modules-2/files-2.1/org.springframework/spring-context-support/6.0.6/363228b8abc8b7ff569b10195f28652c7b65a41/spring-context-support-6.0.6.jar!/, jar:file:/C:/Users/ADMIN/.gradle/caches/modules-2/files-2.1/org.springframework/spring-context/6.0.6/fbd2b7c23adb2ec2f7ca601b3e7d79ae10e342a/spring-context-6.0.6.jar!/, jar:file:/C:/Users/ADMIN/.gradle/caches/modules-2/files-2.1/org.springframework/spring-messaging/6.0.6/42392bdb43a691e7c7bf4da296fef598a3127f37/spring-messaging-6.0.6.jar!/, jar:file:/C:/Users/ADMIN/.gradle/caches/modules-2/files-2.1/org.springframework/spring-oxm/6.0.6/e0bab7269ffaec4df3a9f221b4810b392c5ac492/spring-oxm-6.0.6.jar!/, jar:file:/C:/Users/ADMIN/.gradle/caches/modules-2/files-2.1/org.springframework/spring-aop/6.0.6/c95dc800fdce470519b7135272e64d4606fc8428/spring-aop-6.0.6.jar!/, jar:file:/C:/Users/ADMIN/.gradle/caches/modules-2/files-2.1/org.springframework.data/spring-data-commons/3.0.3/4492e9d25d7e8714f5ebfdd9e607dd7e0998038e/spring-data-commons-3.0.3.jar!/, jar:file:/C:/Users/ADMIN/.gradle/caches/modules-2/files-2.1/org.springframework/spring-beans/6.0.6/48ea4ba141146b3acaad0c7df80d2a06afeb95fd/spring-beans-6.0.6.jar!/, jar:file:/C:/Users/ADMIN/.gradle/caches/modules-2/files-2.1/org.springframework/spring-expression/6.0.6/2006ee0e1be8380f05c29deb52a97d3a1e6812d7/spring-expression-6.0.6.jar!/, jar:file:/C:/Users/ADMIN/.gradle/caches/modules-2/files-2.1/org.springframework.amqp/spring-amqp/3.0.2/698cf3a55e202356034288ed0bdccc2f8579b7e2/spring-amqp-3.0.2.jar!/, jar:file:/C:/Users/ADMIN/.gradle/caches/modules-2/files-2.1/org.springframework/spring-core/6.0.6/8a2845e0945923a9ebf3e9ef0649a28b6eeeac43/spring-core-6.0.6.jar!/, jar:file:/C:/Users/ADMIN/.gradle/caches/modules-2/files-2.1/org.yaml/snakeyaml/1.33/2cd0a87ff7df953f810c344bdf2fe3340b954c69/snakeyaml-1.33.jar!/, jar:file:/C:/Users/ADMIN/.gradle/caches/modules-2/files-2.1/io.lettuce/lettuce-core/6.2.3.RELEASE/3d671a51095ef90b817a690ef1b569b24b309665/lettuce-core-6.2.3.RELEASE.jar!/, jar:file:/C:/Users/ADMIN/.gradle/caches/modules-2/files-2.1/com.zaxxer/HikariCP/5.0.1/a74c7f0a37046846e88d54f7cb6ea6d565c65f9c/HikariCP-5.0.1.jar!/, jar:file:/C:/Users/ADMIN/.gradle/caches/modules-2/files-2.1/org.checkerframework/checker-qual/3.5.0/2f50520c8abea66fbd8d26e481d3aef5c673b510/checker-qual-3.5.0.jar!/, jar:file:/C:/Users/ADMIN/.gradle/caches/modules-2/files-2.1/com.jayway.jsonpath/json-path/2.7.0/f9d7d9659f2694e61142046ff8a216c047f263e8/json-path-2.7.0.jar!/, jar:file:/C:/Users/ADMIN/.gradle/caches/modules-2/files-2.1/jakarta.xml.bind/jakarta.xml.bind-api/4.0.0/bbb399208d288b15ec101fa4fcfc4bd77cedc97a/jakarta.xml.bind-api-4.0.0.jar!/, jar:file:/C:/Users/ADMIN/.gradle/caches/modules-2/files-2.1/org.assertj/assertj-core/3.23.1/d2bb60570f5b3d7ffa8f8000118c9c07b86eca93/assertj-core-3.23.1.jar!/, jar:file:/C:/Users/ADMIN/.gradle/caches/modules-2/files-2.1/org.hamcrest/hamcrest/2.2/1820c0968dba3a11a1b30669bb1f01978a91dedc/hamcrest-2.2.jar!/, jar:file:/C:/Users/ADMIN/.gradle/caches/modules-2/files-2.1/org.mockito/mockito-junit-jupiter/4.8.1/e393aa62eca2244a535b03842843f2f199343d1f/mockito-junit-jupiter-4.8.1.jar!/, jar:file:/C:/Users/ADMIN/.gradle/caches/modules-2/files-2.1/org.junit.jupiter/junit-jupiter-params/5.9.2/bc2765afb7b85b583c710dd259a11c6b8c39e912/junit-jupiter-params-5.9.2.jar!/, jar:file:/C:/Users/ADMIN/.gradle/caches/modules-2/files-2.1/org.junit.jupiter/junit-jupiter-engine/5.9.2/572f7a553b53f83ee59cc045ce1c3772864ab76c/junit-jupiter-engine-5.9.2.jar!/, jar:file:/C:/Users/ADMIN/.gradle/caches/modules-2/files-2.1/org.junit.jupiter/junit-jupiter-api/5.9.2/fed843581520eac594bc36bb4b0f55e7b947dda9/junit-jupiter-api-5.9.2.jar!/, jar:file:/C:/Users/ADMIN/.gradle/caches/modules-2/files-2.1/org.junit.platform/junit-platform-engine/1.9.2/40aeef2be7b04f96bb91e8b054affc28b7c7c935/junit-platform-engine-1.9.2.jar!/, jar:file:/C:/Users/ADMIN/.gradle/caches/modules-2/files-2.1/org.junit.platform/junit-platform-commons/1.9.2/6f9f8621d8230cd38aa42e58ccbc0c00569131ce/junit-platform-commons-1.9.2.jar!/, jar:file:/C:/Users/ADMIN/.gradle/caches/modules-2/files-2.1/org.junit.jupiter/junit-jupiter/5.9.2/26c586fbe0ebd81b48c9f11f0d998124248697ae/junit-jupiter-5.9.2.jar!/, jar:file:/C:/Users/ADMIN/.gradle/caches/modules-2/files-2.1/org.mockito/mockito-core/4.8.1/d8eb9dec8747d08645347bb8c69088ac83197975/mockito-core-4.8.1.jar!/, jar:file:/C:/Users/ADMIN/.gradle/caches/modules-2/files-2.1/org.skyscreamer/jsonassert/1.5.1/6d842d0faf4cf6725c509a5e5347d319ee0431c3/jsonassert-1.5.1.jar!/, jar:file:/C:/Users/ADMIN/.gradle/caches/modules-2/files-2.1/org.xmlunit/xmlunit-core/2.9.1/e5833662d9a1279a37da3ef6f62a1da29fcd68c4/xmlunit-core-2.9.1.jar!/, jar:file:/C:/Users/ADMIN/.gradle/caches/modules-2/files-2.1/io.rest-assured/xml-path/5.2.1/3918e4080bd677b1b4683bdd82a19be78d5c0ec2/xml-path-5.2.1.jar!/, jar:file:/C:/Users/ADMIN/.gradle/caches/modules-2/files-2.1/io.rest-assured/json-path/5.2.1/f53d9cefcf3e3f4554f390ec17d278c47d4125ad/json-path-5.2.1.jar!/, jar:file:/C:/Users/ADMIN/.gradle/caches/modules-2/files-2.1/org.apache.groovy/groovy-json/4.0.9/122759fca67c3ef87ea7d48a3057af362a360089/groovy-json-4.0.9.jar!/, jar:file:/C:/Users/ADMIN/.gradle/caches/modules-2/files-2.1/org.apache.groovy/groovy-xml/4.0.9/b22d2ae189670d4ccc58bc4ef003d922b85cb0d5/groovy-xml-4.0.9.jar!/, jar:file:/C:/Users/ADMIN/.gradle/caches/modules-2/files-2.1/io.rest-assured/rest-assured-common/5.2.1/f506be4e8fb8c2adbbfdff9720fad420b76e6543/rest-assured-common-5.2.1.jar!/, jar:file:/C:/Users/ADMIN/.gradle/caches/modules-2/files-2.1/org.apache.groovy/groovy/4.0.9/80605ad828d16fd5d6349628b8d77e5761b2b4c4/groovy-4.0.9.jar!/, jar:file:/C:/Users/ADMIN/.gradle/caches/modules-2/files-2.1/org.apache.httpcomponents/httpmime/4.5.14/6662758a1f1cb1149cf916bdac28332e0902ec44/httpmime-4.5.14.jar!/, jar:file:/C:/Users/ADMIN/.gradle/caches/modules-2/files-2.1/org.apache.httpcomponents/httpclient/4.5.14/1194890e6f56ec29177673f2f12d0b8e627dec98/httpclient-4.5.14.jar!/, jar:file:/C:/Users/ADMIN/.gradle/caches/modules-2/files-2.1/org.ccil.cowan.tagsoup/tagsoup/1.2.1/5584627487e984c03456266d3f8802eb85a9ce97/tagsoup-1.2.1.jar!/, jar:file:/C:/Users/ADMIN/.gradle/caches/modules-2/files-2.1/org.thymeleaf/thymeleaf-spring6/3.1.1.RELEASE/deb52ef921a4ac5132fedb7ebfc2bc1dad4382b3/thymeleaf-spring6-3.1.1.RELEASE.jar!/, jar:file:/C:/Users/ADMIN/.gradle/caches/modules-2/files-2.1/ch.qos.logback/logback-classic/1.4.5/28e7dc0b208d6c3f15beefd73976e064b4ecfa9b/logback-classic-1.4.5.jar!/, jar:file:/C:/Users/ADMIN/.gradle/caches/modules-2/files-2.1/org.apache.logging.log4j/log4j-to-slf4j/2.19.0/30f4812e43172ecca5041da2cb6b965cc4777c19/log4j-to-slf4j-2.19.0.jar!/, jar:file:/C:/Users/ADMIN/.gradle/caches/modules-2/files-2.1/org.slf4j/jul-to-slf4j/2.0.6/c4d348977a83a0bfcf42fd6fd1fee6e7904f1a0c/jul-to-slf4j-2.0.6.jar!/, jar:file:/C:/Users/ADMIN/.gradle/caches/modules-2/files-2.1/org.thymeleaf/thymeleaf/3.1.1.RELEASE/374a129dfa5e7d7f1a46eacc4d49e594ca0cf26f/thymeleaf-3.1.1.RELEASE.jar!/, jar:file:/C:/Users/ADMIN/.gradle/caches/modules-2/files-2.1/com.rabbitmq/amqp-client/5.16.0/c70c66a8e5a92e41adf618efa7d8025db29cdf3/amqp-client-5.16.0.jar!/, jar:file:/C:/Users/ADMIN/.gradle/caches/modules-2/files-2.1/org.slf4j/slf4j-api/2.0.6/88c40d8b4f33326f19a7d3c0aaf2c7e8721d4953/slf4j-api-2.0.6.jar!/, jar:file:/D:/CODE/microservice/ddd-eshopee-EXPT-modulith/shopee-microservices/sales/catalog/domain/build/libs/catalog-domain-2.0-SNAPSHOT.jar!/, jar:file:/D:/CODE/microservice/ddd-eshopee-EXPT-modulith/shopee-microservices/sales/cart/domain/build/libs/cart-domain-2.0-SNAPSHOT.jar!/, jar:file:/D:/CODE/microservice/ddd-eshopee-EXPT-modulith/shopee-microservices/shipping/dispatching/domain/build/libs/dispatching-domain-2.0-SNAPSHOT.jar!/, jar:file:/C:/Users/ADMIN/.gradle/caches/modules-2/files-2.1/org.springframework/spring-jcl/6.0.6/f13cd8a561e71fb65c63201113d766fcd7a2b06f/spring-jcl-6.0.6.jar!/, jar:file:/C:/Users/ADMIN/.gradle/caches/modules-2/files-2.1/io.netty/netty-handler/4.1.89.Final/ced584e9eba5a6b7aad7c6a28a60c13375459f1a/netty-handler-4.1.89.Final.jar!/, jar:file:/C:/Users/ADMIN/.gradle/caches/modules-2/files-2.1/io.netty/netty-transport-native-unix-common/4.1.89.Final/a7717ed61393d5aad202a92bb02f661ed525bf86/netty-transport-native-unix-common-4.1.89.Final.jar!/, jar:file:/C:/Users/ADMIN/.gradle/caches/modules-2/files-2.1/io.netty/netty-codec/4.1.89.Final/f03a649ffa405ca4c802a8bfcc2abfe70ae485ca/netty-codec-4.1.89.Final.jar!/, jar:file:/C:/Users/ADMIN/.gradle/caches/modules-2/files-2.1/io.netty/netty-transport/4.1.89.Final/e7ff320310eafe302c0dfb9690ae7201ab61ead2/netty-transport-4.1.89.Final.jar!/, jar:file:/C:/Users/ADMIN/.gradle/caches/modules-2/files-2.1/io.netty/netty-resolver/4.1.89.Final/686b21bf3488747bc834ee9e60a863f37b71f35e/netty-resolver-4.1.89.Final.jar!/, jar:file:/C:/Users/ADMIN/.gradle/caches/modules-2/files-2.1/io.netty/netty-buffer/4.1.89.Final/b1d3dbf69a75eaa8793c7e00cff2851dac9fd725/netty-buffer-4.1.89.Final.jar!/, jar:file:/C:/Users/ADMIN/.gradle/caches/modules-2/files-2.1/io.netty/netty-common/4.1.89.Final/c0c80bfe45cc85da5030ea8fc64071e28d0f6f5f/netty-common-4.1.89.Final.jar!/, jar:file:/C:/Users/ADMIN/.gradle/caches/modules-2/files-2.1/io.projectreactor/reactor-core/3.5.3/dd102ecdb21ff78a486074dbad55331f8847eb5d/reactor-core-3.5.3.jar!/, jar:file:/C:/Users/ADMIN/.gradle/caches/modules-2/files-2.1/org.apache.tomcat.embed/tomcat-embed-websocket/10.1.5/14529cbd593571dc9029272ddc9166b5ef113fc2/tomcat-embed-websocket-10.1.5.jar!/, jar:file:/C:/Users/ADMIN/.gradle/caches/modules-2/files-2.1/org.apache.tomcat.embed/tomcat-embed-core/10.1.5/21417d3ef8189e2af05aae0a765ad9204d7211b5/tomcat-embed-core-10.1.5.jar!/, jar:file:/C:/Users/ADMIN/.gradle/caches/modules-2/files-2.1/org.apache.tomcat.embed/tomcat-embed-el/10.1.5/c125df13af42a0fc0cd342370449b1276181e2a1/tomcat-embed-el-10.1.5.jar!/, jar:file:/C:/Users/ADMIN/.gradle/caches/modules-2/files-2.1/io.micrometer/micrometer-observation/1.10.4/96aa92ad7a18c2451c429348c0167eb08a988d4e/micrometer-observation-1.10.4.jar!/, jar:file:/C:/Users/ADMIN/.gradle/caches/modules-2/files-2.1/net.minidev/json-smart/2.4.8/7c62f5f72ab05eb54d40e2abf0360a2fe9ea477f/json-smart-2.4.8.jar!/, jar:file:/C:/Users/ADMIN/.gradle/caches/modules-2/files-2.1/jakarta.activation/jakarta.activation-api/2.1.1/88c774ab863a21fb2fc4219af95379fafe499a31/jakarta.activation-api-2.1.1.jar!/, jar:file:/C:/Users/ADMIN/.gradle/caches/modules-2/files-2.1/net.bytebuddy/byte-buddy/1.12.23/d470526e8c4566c04e9ae5d3ccb62d1a7aa58986/byte-buddy-1.12.23.jar!/, jar:file:/C:/Users/ADMIN/.gradle/caches/modules-2/files-2.1/net.bytebuddy/byte-buddy-agent/1.12.23/1cba11fdb72c383edacb909f79ae6870efd275e4/byte-buddy-agent-1.12.23.jar!/, jar:file:/C:/Users/ADMIN/.gradle/caches/modules-2/files-2.1/org.objenesis/objenesis/3.2/7fadf57620c8b8abdf7519533e5527367cb51f09/objenesis-3.2.jar!/, jar:file:/C:/Users/ADMIN/.m2/repository/com/vaadin/external/google/android-json/0.0.20131108.vaadin1/android-json-0.0.20131108.vaadin1.jar!/, jar:file:/C:/Users/ADMIN/.gradle/caches/modules-2/files-2.1/org.apache.httpcomponents/httpcore/4.4.16/51cf043c87253c9f58b539c9f7e44c8894223850/httpcore-4.4.16.jar!/, jar:file:/C:/Users/ADMIN/.gradle/caches/modules-2/files-2.1/commons-codec/commons-codec/1.15/49d94806b6e3dc933dacbd8acb0fdbab8ebd1e5d/commons-codec-1.15.jar!/, jar:file:/C:/Users/ADMIN/.gradle/caches/modules-2/files-2.1/org.apache.commons/commons-lang3/3.12.0/c6842c86792ff03b9f1d1fe2aab8dc23aa6c6f0e/commons-lang3-3.12.0.jar!/, jar:file:/D:/CODE/microservice/ddd-eshopee-EXPT-modulith/shopee-microservices/common/primitives/build/libs/primitives-2.0-SNAPSHOT.jar!/, jar:file:/C:/Users/ADMIN/.gradle/caches/modules-2/files-2.1/ch.qos.logback/logback-core/1.4.5/e9bb2ea70f84401314da4300343b0a246c8954da/logback-core-1.4.5.jar!/, jar:file:/C:/Users/ADMIN/.gradle/caches/modules-2/files-2.1/org.apache.logging.log4j/log4j-api/2.19.0/ea1b37f38c327596b216542bc636cfdc0b8036fa/log4j-api-2.19.0.jar!/, jar:file:/C:/Users/ADMIN/.gradle/caches/modules-2/files-2.1/org.reactivestreams/reactive-streams/1.0.4/3864a1320d97d7b045f729a326e1e077661f31b7/reactive-streams-1.0.4.jar!/, jar:file:/C:/Users/ADMIN/.gradle/caches/modules-2/files-2.1/io.micrometer/micrometer-commons/1.10.4/a5db33c573c8755e70388f204e83000dc359b63d/micrometer-commons-1.10.4.jar!/, jar:file:/C:/Users/ADMIN/.gradle/caches/modules-2/files-2.1/net.minidev/accessors-smart/2.4.8/6e1bee5a530caba91893604d6ab41d0edcecca9a/accessors-smart-2.4.8.jar!/, jar:file:/C:/Users/ADMIN/.gradle/caches/modules-2/files-2.1/org.opentest4j/opentest4j/1.2.0/28c11eb91f9b6d8e200631d46e20a7f407f2a046/opentest4j-1.2.0.jar!/, jar:file:/C:/Users/ADMIN/.gradle/caches/modules-2/files-2.1/org.attoparser/attoparser/2.0.6.RELEASE/8f603f22a18d4f7258f8860ccbb68b069f49904a/attoparser-2.0.6.RELEASE.jar!/, jar:file:/C:/Users/ADMIN/.gradle/caches/modules-2/files-2.1/org.unbescape/unbescape/1.1.6.RELEASE/7b90360afb2b860e09e8347112800d12c12b2a13/unbescape-1.1.6.RELEASE.jar!/, jar:file:/C:/Users/ADMIN/.gradle/caches/modules-2/files-2.1/org.springframework.retry/spring-retry/2.0.0/6a7a653901b58eb741692417f33b5bebedbd01f7/spring-retry-2.0.0.jar!/, jar:file:/C:/Users/ADMIN/.gradle/caches/modules-2/files-2.1/org.ow2.asm/asm/9.1/a99500cf6eea30535eeac6be73899d048f8d12a8/asm-9.1.jar!/]
19:37:23.574 [Test worker] DEBUG com.tngtech.archunit.core.importer.JavaClassProcessor - Processing class 'com/home/eshopee/portal/web/PortalController'
19:37:23.574 [Test worker] DEBUG com.tngtech.archunit.core.importer.DependencyResolutionProcess - Automatically resolving transitive class dependencies with the following configuration:
import.dependencyResolutionProcess.maxIterationsForMemberTypes = 1
import.dependencyResolutionProcess.maxIterationsForAccessesToTypes = 1
import.dependencyResolutionProcess.maxIterationsForSupertypes = -1
import.dependencyResolutionProcess.maxIterationsForEnclosingTypes = -1
import.dependencyResolutionProcess.maxIterationsForAnnotationTypes = -1
import.dependencyResolutionProcess.maxIterationsForGenericSignatureTypes = -1
19:37:23.575 [Test worker] DEBUG com.tngtech.archunit.core.importer.JavaClassProcessor - Processing class 'org/springframework/web/bind/annotation/RequestMapping'
19:37:23.575 [Test worker] DEBUG com.tngtech.archunit.core.importer.JavaClassProcessor - Processing class 'org/springframework/web/bind/annotation/GetMapping'
19:37:23.575 [Test worker] DEBUG com.tngtech.archunit.core.importer.JavaClassProcessor - Processing class 'java/lang/Object'
19:37:23.575 [Test worker] DEBUG com.tngtech.archunit.core.importer.JavaClassProcessor - Processing class 'org/springframework/stereotype/Controller'
19:37:23.575 [Test worker] DEBUG com.tngtech.archunit.core.importer.JavaClassProcessor - Processing class 'java/lang/String'
19:37:23.576 [Test worker] DEBUG com.tngtech.archunit.core.importer.JavaClassProcessor - Processing class 'org/springframework/core/annotation/AliasFor'
19:37:23.576 [Test worker] DEBUG com.tngtech.archunit.core.importer.JavaClassProcessor - Processing class 'org/springframework/aot/hint/annotation/Reflective'
19:37:23.576 [Test worker] DEBUG com.tngtech.archunit.core.importer.JavaClassProcessor - Processing class 'jdk/internal/vm/annotation/IntrinsicCandidate'
19:37:23.576 [Test worker] DEBUG com.tngtech.archunit.core.importer.JavaClassProcessor - Processing class 'jdk/internal/vm/annotation/ForceInline'
19:37:23.576 [Test worker] DEBUG com.tngtech.archunit.core.importer.JavaClassProcessor - Processing class 'java/lang/CharSequence'
19:37:23.576 [Test worker] DEBUG com.tngtech.archunit.core.importer.JavaClassProcessor - Processing class 'jdk/internal/vm/annotation/Stable'
19:37:23.576 [Test worker] DEBUG com.tngtech.archunit.core.importer.JavaClassProcessor - Processing class 'java/lang/Deprecated'
19:37:23.576 [Test worker] DEBUG com.tngtech.archunit.core.importer.JavaClassProcessor - Processing class 'org/springframework/web/bind/annotation/RequestMethod'
19:37:23.576 [Test worker] DEBUG com.tngtech.archunit.core.importer.JavaClassProcessor - Processing class 'java/lang/annotation/Target'
19:37:23.576 [Test worker] DEBUG com.tngtech.archunit.core.importer.JavaClassProcessor - Processing class 'java/lang/annotation/ElementType'
19:37:23.576 [Test worker] DEBUG com.tngtech.archunit.core.importer.JavaClassProcessor - Processing class 'java/lang/annotation/Retention'
19:37:23.576 [Test worker] DEBUG com.tngtech.archunit.core.importer.JavaClassProcessor - Processing class 'java/io/Serializable'
19:37:23.577 [Test worker] DEBUG com.tngtech.archunit.core.importer.JavaClassProcessor - Processing class 'org/springframework/stereotype/Component'
19:37:23.577 [Test worker] DEBUG com.tngtech.archunit.core.importer.JavaClassProcessor - Processing class 'java/lang/constant/Constable'
19:37:23.577 [Test worker] DEBUG com.tngtech.archunit.core.importer.JavaClassProcessor - Processing class 'java/lang/constant/ConstantDesc'
19:37:23.577 [Test worker] DEBUG com.tngtech.archunit.core.importer.JavaClassProcessor - Processing class 'java/lang/annotation/Annotation'
19:37:23.577 [Test worker] DEBUG com.tngtech.archunit.core.importer.JavaClassProcessor - Processing class 'java/lang/annotation/Documented'
19:37:23.577 [Test worker] DEBUG com.tngtech.archunit.core.importer.JavaClassProcessor - Processing class 'java/lang/Comparable'
19:37:23.577 [Test worker] DEBUG com.tngtech.archunit.core.importer.JavaClassProcessor - Processing class 'org/springframework/web/bind/annotation/ControllerMappingReflectiveProcessor'
19:37:23.577 [Test worker] DEBUG com.tngtech.archunit.core.importer.JavaClassProcessor - Processing class 'java/lang/annotation/RetentionPolicy'
19:37:23.577 [Test worker] DEBUG com.tngtech.archunit.core.importer.JavaClassProcessor - Processing class 'org/springframework/web/bind/annotation/Mapping'
19:37:23.577 [Test worker] DEBUG com.tngtech.archunit.core.importer.JavaClassProcessor - Processing class 'org/springframework/aot/hint/annotation/ReflectiveProcessor'
19:37:23.577 [Test worker] DEBUG com.tngtech.archunit.core.importer.JavaClassProcessor - Processing class 'java/lang/Enum'
19:37:23.577 [Test worker] DEBUG com.tngtech.archunit.core.importer.JavaClassProcessor - Processing class 'org/springframework/lang/Nullable'
19:37:23.577 [Test worker] DEBUG com.tngtech.archunit.core.importer.JavaClassProcessor - Processing class 'org/springframework/stereotype/Indexed'
19:37:23.577 [Test worker] DEBUG com.tngtech.archunit.core.importer.JavaClassProcessor - Processing class 'org/springframework/aot/hint/annotation/SimpleReflectiveProcessor'
19:37:23.578 [Test worker] DEBUG com.tngtech.archunit.core.importer.JavaClassProcessor - Processing class 'java/lang/Enum$EnumDesc'
19:37:23.578 [Test worker] DEBUG com.tngtech.archunit.core.importer.JavaClassProcessor - Processing class 'java/lang/constant/DynamicConstantDesc'
19:37:23.579 [Test worker] DEBUG com.tngtech.archunit.core.importer.JavaClassProcessor - Processing class 'java/util/stream/IntStream'
19:37:23.579 [Test worker] DEBUG com.tngtech.archunit.core.importer.JavaClassProcessor - Processing class 'java/util/Spliterator$OfInt'
19:37:23.579 [Test worker] DEBUG com.tngtech.archunit.core.importer.JavaClassProcessor - Processing class 'java/lang/CloneNotSupportedException'
19:37:23.579 [Test worker] DEBUG com.tngtech.archunit.core.importer.JavaClassProcessor - Processing class 'java/lang/Class'
19:37:23.579 [Test worker] DEBUG com.tngtech.archunit.core.importer.JavaClassProcessor - Processing class 'java/util/Optional'
19:37:23.580 [Test worker] DEBUG com.tngtech.archunit.core.importer.JavaClassProcessor - Processing class 'java/io/ObjectInputStream'
19:37:23.580 [Test worker] DEBUG com.tngtech.archunit.core.importer.JavaClassProcessor - Processing class 'java/io/IOException'
19:37:23.580 [Test worker] DEBUG com.tngtech.archunit.core.importer.JavaClassProcessor - Processing class 'java/lang/ClassNotFoundException'
19:37:23.580 [Test worker] DEBUG com.tngtech.archunit.core.importer.JavaClassProcessor - Processing class 'java/io/ObjectStreamException'
19:37:23.580 [Test worker] DEBUG com.tngtech.archunit.core.importer.JavaClassProcessor - Processing class 'java/lang/constant/ClassDesc'
19:37:23.580 [Test worker] DEBUG com.tngtech.archunit.core.importer.JavaClassProcessor - Processing class 'java/lang/invoke/MethodHandles$Lookup'
19:37:23.581 [Test worker] DEBUG com.tngtech.archunit.core.importer.JavaClassProcessor - Processing class 'java/lang/ReflectiveOperationException'
19:37:23.581 [Test worker] DEBUG com.tngtech.archunit.core.importer.JavaClassProcessor - Processing class 'java/lang/InterruptedException'
19:37:23.581 [Test worker] DEBUG com.tngtech.archunit.core.importer.JavaClassProcessor - Processing class 'java/lang/Throwable'
19:37:23.581 [Test worker] DEBUG com.tngtech.archunit.core.importer.JavaClassProcessor - Processing class 'java/io/ObjectStreamField'
19:37:23.581 [Test worker] DEBUG com.tngtech.archunit.core.importer.JavaClassProcessor - Processing class 'java/util/Comparator'
19:37:23.581 [Test worker] DEBUG com.tngtech.archunit.core.importer.JavaClassProcessor - Processing class 'java/lang/Void'
19:37:23.582 [Test worker] DEBUG com.tngtech.archunit.core.importer.JavaClassProcessor - Processing class 'java/nio/charset/Charset'
19:37:23.582 [Test worker] DEBUG com.tngtech.archunit.core.importer.JavaClassProcessor - Processing class 'java/nio/charset/MalformedInputException'
19:37:23.582 [Test worker] DEBUG com.tngtech.archunit.core.importer.JavaClassProcessor - Processing class 'java/nio/charset/CharacterCodingException'
19:37:23.582 [Test worker] DEBUG com.tngtech.archunit.core.importer.JavaClassProcessor - Processing class 'sun/nio/cs/ArrayDecoder'
19:37:23.582 [Test worker] DEBUG com.tngtech.archunit.core.importer.JavaClassProcessor - Processing class 'java/io/UnsupportedEncodingException'
19:37:23.582 [Test worker] DEBUG com.tngtech.archunit.core.importer.JavaClassProcessor - Processing class 'sun/nio/cs/ArrayEncoder'
19:37:23.582 [Test worker] DEBUG com.tngtech.archunit.core.importer.JavaClassProcessor - Processing class 'java/nio/charset/UnmappableCharacterException'
19:37:23.582 [Test worker] DEBUG com.tngtech.archunit.core.importer.JavaClassProcessor - Processing class 'java/nio/charset/CharsetDecoder'
19:37:23.582 [Test worker] DEBUG com.tngtech.archunit.core.importer.JavaClassProcessor - Processing class 'java/lang/StringBuffer'
19:37:23.582 [Test worker] DEBUG com.tngtech.archunit.core.importer.JavaClassProcessor - Processing class 'java/lang/AbstractStringBuilder'
19:37:23.583 [Test worker] DEBUG com.tngtech.archunit.core.importer.JavaClassProcessor - Processing class 'java/lang/Iterable'
19:37:23.583 [Test worker] DEBUG com.tngtech.archunit.core.importer.JavaClassProcessor - Processing class 'java/util/Locale'
19:37:23.583 [Test worker] DEBUG com.tngtech.archunit.core.importer.JavaClassProcessor - Processing class 'java/util/stream/Stream'
19:37:23.583 [Test worker] DEBUG com.tngtech.archunit.core.importer.JavaClassProcessor - Processing class 'java/util/List'
19:37:23.584 [Test worker] DEBUG com.tngtech.archunit.core.importer.JavaClassProcessor - Processing class 'java/util/function/Function'
19:37:23.584 [Test worker] DEBUG com.tngtech.archunit.core.importer.JavaClassProcessor - Processing class 'java/lang/StringBuilder'
19:37:23.585 [Test worker] DEBUG com.tngtech.archunit.core.importer.JavaClassProcessor - Processing class 'java/lang/constant/DirectMethodHandleDesc'
19:37:23.585 [Test worker] DEBUG com.tngtech.archunit.core.importer.JavaClassProcessor - Processing class 'org/springframework/aot/hint/ReflectionHints'
19:37:23.585 [Test worker] DEBUG com.tngtech.archunit.core.importer.JavaClassProcessor - Processing class 'java/lang/reflect/AnnotatedElement'
19:37:23.586 [Test worker] DEBUG com.tngtech.archunit.core.importer.JavaClassProcessor - Processing class 'java/lang/reflect/Constructor'
19:37:23.586 [Test worker] DEBUG com.tngtech.archunit.core.importer.JavaClassProcessor - Processing class 'java/lang/reflect/Field'
19:37:23.586 [Test worker] DEBUG com.tngtech.archunit.core.importer.JavaClassProcessor - Processing class 'java/lang/reflect/Method'
19:37:23.586 [Test worker] DEBUG com.tngtech.archunit.core.importer.JavaClassProcessor - Processing class 'org/springframework/aot/hint/BindingReflectionHintsRegistrar'
19:37:23.587 [Test worker] DEBUG com.tngtech.archunit.core.importer.JavaClassProcessor - Processing class 'org/springframework/core/MethodParameter'
19:37:23.587 [Test worker] DEBUG com.tngtech.archunit.core.importer.JavaClassProcessor - Processing class 'org/springframework/web/bind/annotation/RequestBody'
19:37:23.587 [Test worker] DEBUG com.tngtech.archunit.core.importer.JavaClassProcessor - Processing class 'org/springframework/web/bind/annotation/RequestPart'
19:37:23.587 [Test worker] DEBUG com.tngtech.archunit.core.importer.JavaClassProcessor - Processing class 'org/springframework/http/HttpEntity'
19:37:23.587 [Test worker] DEBUG com.tngtech.archunit.core.importer.JavaClassProcessor - Processing class 'org/springframework/web/bind/annotation/ModelAttribute'
19:37:23.587 [Test worker] DEBUG com.tngtech.archunit.core.importer.JavaClassProcessor - Processing class 'org/springframework/web/bind/annotation/ResponseBody'
19:37:23.588 [Test worker] DEBUG com.tngtech.archunit.core.importer.JavaClassProcessor - Processing class 'java/lang/reflect/Type'
19:37:23.588 [Test worker] DEBUG com.tngtech.archunit.core.importer.JavaClassProcessor - Processing class 'org/springframework/http/HttpMethod'
19:37:23.591 [Test worker] DEBUG com.tngtech.archunit.core.importer.UrlSource$From - Found URLs on sun.boot.class.path: []
19:37:23.596 [Test worker] DEBUG com.tngtech.archunit.core.importer.UrlSource$From - Found URLs on java.class.path: [jar:file:/C:/Users/ADMIN/.gradle/caches/7.4.2/workerMain/gradle-worker.jar!/, file:/D:/CODE/microservice/ddd-eshopee-EXPT-modulith/shopee-microservices/application/build/classes/java/test/, file:/D:/CODE/microservice/ddd-eshopee-EXPT-modulith/shopee-microservices/application/build/resources/test/, file:/D:/CODE/microservice/ddd-eshopee-EXPT-modulith/shopee-microservices/application/build/classes/java/main/, file:/D:/CODE/microservice/ddd-eshopee-EXPT-modulith/shopee-microservices/application/build/resources/main/, jar:file:/D:/CODE/microservice/ddd-eshopee-EXPT-modulith/shopee-microservices/sales/catalog/spring-boot-starter/build/libs/catalog-spring-boot-starter-2.0-SNAPSHOT.jar!/, jar:file:/D:/CODE/microservice/ddd-eshopee-EXPT-modulith/shopee-microservices/sales/cart/spring-boot-starter/build/libs/cart-spring-boot-starter-2.0-SNAPSHOT.jar!/, jar:file:/D:/CODE/microservice/ddd-eshopee-EXPT-modulith/shopee-microservices/sales/order/spring-boot-starter/build/libs/order-spring-boot-starter-2.0-SNAPSHOT.jar!/, jar:file:/D:/CODE/microservice/ddd-eshopee-EXPT-modulith/shopee-microservices/warehouse/spring-boot-starter/build/libs/warehouse-spring-boot-starter-2.0-SNAPSHOT.jar!/, jar:file:/D:/CODE/microservice/ddd-eshopee-EXPT-modulith/shopee-microservices/billing/payment/spring-boot-starter/build/libs/payment-spring-boot-starter-2.0-SNAPSHOT.jar!/, jar:file:/D:/CODE/microservice/ddd-eshopee-EXPT-modulith/shopee-microservices/shipping/delivery/spring-boot-starter/build/libs/delivery-spring-boot-starter-2.0-SNAPSHOT.jar!/, jar:file:/D:/CODE/microservice/ddd-eshopee-EXPT-modulith/shopee-microservices/shipping/dispatching/spring-boot-starter/build/libs/dispatching-spring-boot-starter-2.0-SNAPSHOT.jar!/, jar:file:/D:/CODE/microservice/ddd-eshopee-EXPT-modulith/shopee-microservices/portal/spring-boot-starter/build/libs/portal-spring-boot-starter-2.0-SNAPSHOT.jar!/, jar:file:/D:/CODE/microservice/ddd-eshopee-EXPT-modulith/shopee-microservices/common/application-integration-spring-boot-starter/build/libs/application-integration-spring-boot-starter-2.0-SNAPSHOT.jar!/, jar:file:/C:/Users/ADMIN/.gradle/caches/modules-2/files-2.1/org.springframework.boot/spring-boot-starter-data-redis/3.0.4/e122886d50ec624e51fbaac4bb0d5d17cf7b9764/spring-boot-starter-data-redis-3.0.4.jar!/, jar:file:/C:/Users/ADMIN/.gradle/caches/modules-2/files-2.1/org.springframework.boot/spring-boot-starter-jdbc/3.0.4/e64f229f772dc2952e1978a1f10d7f3a462e105d/spring-boot-starter-jdbc-3.0.4.jar!/, jar:file:/C:/Users/ADMIN/.gradle/caches/modules-2/files-2.1/org.springframework.boot/spring-boot-starter-web/3.0.4/6a7405b436c6943f056cdbab587fe48bdc2b4911/spring-boot-starter-web-3.0.4.jar!/, jar:file:/C:/Users/ADMIN/.gradle/caches/modules-2/files-2.1/org.springframework.boot/spring-boot-starter-test/3.0.4/eb934f1df3e6292d7b5800cfbbc237de90d174de/spring-boot-starter-test-3.0.4.jar!/, jar:file:/C:/Users/ADMIN/.gradle/caches/modules-2/files-2.1/org.springframework.boot/spring-boot-starter-thymeleaf/3.0.4/ea681f9f477da793eb9024a23686db9a59b50bc6/spring-boot-starter-thymeleaf-3.0.4.jar!/, jar:file:/C:/Users/ADMIN/.gradle/caches/modules-2/files-2.1/org.springframework.boot/spring-boot-starter-amqp/3.0.4/804a88a39dc6dce9678eef6f621bd9877f50a7ab/spring-boot-starter-amqp-3.0.4.jar!/, jar:file:/C:/Users/ADMIN/.gradle/caches/modules-2/files-2.1/org.springframework.boot/spring-boot-starter-json/3.0.4/5ddf427d011646fe787fdaa1b8edc4a4eebd48d5/spring-boot-starter-json-3.0.4.jar!/, jar:file:/C:/Users/ADMIN/.gradle/caches/modules-2/files-2.1/org.springframework.boot/spring-boot-starter/3.0.4/8f957a8bc9d70c0ca922406c6e23cb3db5d48109/spring-boot-starter-3.0.4.jar!/, jar:file:/C:/Users/ADMIN/.gradle/caches/modules-2/files-2.1/com.h2database/h2/2.1.214/d5c2005c9e3279201e12d4776c948578b16bf8b2/h2-2.1.214.jar!/, jar:file:/C:/Users/ADMIN/.gradle/caches/modules-2/files-2.1/org.postgresql/postgresql/42.5.4/15015a54f15e340a9a8a6a2c5457429cb1176b8/postgresql-42.5.4.jar!/, jar:file:/C:/Users/ADMIN/.gradle/caches/modules-2/files-2.1/io.rest-assured/rest-assured/5.2.1/131aedaf6ffbb783dbf7b21efe57a849ded8b321/rest-assured-5.2.1.jar!/, jar:file:/C:/Users/ADMIN/.gradle/caches/modules-2/files-2.1/com.tngtech.archunit/archunit/0.23.1/7f93a254a0b88b9209e34db523ed5c2cee2ab25f/archunit-0.23.1.jar!/, jar:file:/D:/CODE/microservice/ddd-eshopee-EXPT-modulith/shopee-microservices/sales/catalog/jdbc/build/libs/catalog-jdbc-2.0-SNAPSHOT.jar!/, jar:file:/D:/CODE/microservice/ddd-eshopee-EXPT-modulith/shopee-microservices/sales/catalog/rest/build/libs/catalog-rest-2.0-SNAPSHOT.jar!/, jar:file:/D:/CODE/microservice/ddd-eshopee-EXPT-modulith/shopee-microservices/sales/catalog/webcomp/build/libs/catalog-webcomp-2.0-SNAPSHOT.jar!/, jar:file:/D:/CODE/microservice/ddd-eshopee-EXPT-modulith/shopee-microservices/sales/cart/jdbc/build/libs/cart-jdbc-2.0-SNAPSHOT.jar!/, jar:file:/D:/CODE/microservice/ddd-eshopee-EXPT-modulith/shopee-microservices/sales/cart/rest/build/libs/cart-rest-2.0-SNAPSHOT.jar!/, jar:file:/D:/CODE/microservice/ddd-eshopee-EXPT-modulith/shopee-microservices/sales/cart/webcomp/build/libs/cart-webcomp-2.0-SNAPSHOT.jar!/, jar:file:/D:/CODE/microservice/ddd-eshopee-EXPT-modulith/shopee-microservices/sales/order/jdbc/build/libs/order-jdbc-2.0-SNAPSHOT.jar!/, jar:file:/D:/CODE/microservice/ddd-eshopee-EXPT-modulith/shopee-microservices/sales/order/rest/build/libs/order-rest-2.0-SNAPSHOT.jar!/, jar:file:/D:/CODE/microservice/ddd-eshopee-EXPT-modulith/shopee-microservices/sales/order/webcomp/build/libs/order-webcomp-2.0-SNAPSHOT.jar!/, jar:file:/D:/CODE/microservice/ddd-eshopee-EXPT-modulith/shopee-microservices/warehouse/jdbc/build/libs/warehouse-jdbc-2.0-SNAPSHOT.jar!/, jar:file:/D:/CODE/microservice/ddd-eshopee-EXPT-modulith/shopee-microservices/warehouse/listeners/build/libs/warehouse-listeners-2.0-SNAPSHOT.jar!/, jar:file:/D:/CODE/microservice/ddd-eshopee-EXPT-modulith/shopee-microservices/warehouse/rest/build/libs/warehouse-rest-2.0-SNAPSHOT.jar!/, jar:file:/D:/CODE/microservice/ddd-eshopee-EXPT-modulith/shopee-microservices/billing/payment/jdbc/build/libs/payment-jdbc-2.0-SNAPSHOT.jar!/, jar:file:/D:/CODE/microservice/ddd-eshopee-EXPT-modulith/shopee-microservices/billing/payment/listeners/build/libs/payment-listeners-2.0-SNAPSHOT.jar!/, jar:file:/D:/CODE/microservice/ddd-eshopee-EXPT-modulith/shopee-microservices/billing/payment/rest/build/libs/payment-rest-2.0-SNAPSHOT.jar!/, jar:file:/D:/CODE/microservice/ddd-eshopee-EXPT-modulith/shopee-microservices/shipping/delivery/jdbc/build/libs/delivery-jdbc-2.0-SNAPSHOT.jar!/, jar:file:/D:/CODE/microservice/ddd-eshopee-EXPT-modulith/shopee-microservices/shipping/delivery/listeners/build/libs/delivery-listeners-2.0-SNAPSHOT.jar!/, jar:file:/D:/CODE/microservice/ddd-eshopee-EXPT-modulith/shopee-microservices/shipping/delivery/rest/build/libs/delivery-rest-2.0-SNAPSHOT.jar!/, jar:file:/D:/CODE/microservice/ddd-eshopee-EXPT-modulith/shopee-microservices/shipping/delivery/webcomp/build/libs/delivery-webcomp-2.0-SNAPSHOT.jar!/, jar:file:/D:/CODE/microservice/ddd-eshopee-EXPT-modulith/shopee-microservices/shipping/dispatching/jdbc/build/libs/dispatching-jdbc-2.0-SNAPSHOT.jar!/, jar:file:/D:/CODE/microservice/ddd-eshopee-EXPT-modulith/shopee-microservices/shipping/dispatching/listeners/build/libs/dispatching-listeners-2.0-SNAPSHOT.jar!/, jar:file:/D:/CODE/microservice/ddd-eshopee-EXPT-modulith/shopee-microservices/portal/web/build/libs/portal-web-2.0-SNAPSHOT.jar!/, jar:file:/D:/CODE/microservice/ddd-eshopee-EXPT-modulith/shopee-microservices/sales/order/domain/build/libs/order-domain-2.0-SNAPSHOT.jar!/, jar:file:/D:/CODE/microservice/ddd-eshopee-EXPT-modulith/shopee-microservices/sales/order/events/build/libs/order-events-2.0-SNAPSHOT.jar!/, jar:file:/D:/CODE/microservice/ddd-eshopee-EXPT-modulith/shopee-microservices/shipping/dispatching/events/build/libs/dispatching-events-2.0-SNAPSHOT.jar!/, jar:file:/D:/CODE/microservice/ddd-eshopee-EXPT-modulith/shopee-microservices/shipping/delivery/domain/build/libs/delivery-domain-2.0-SNAPSHOT.jar!/, jar:file:/D:/CODE/microservice/ddd-eshopee-EXPT-modulith/shopee-microservices/shipping/delivery/events/build/libs/delivery-events-2.0-SNAPSHOT.jar!/, jar:file:/D:/CODE/microservice/ddd-eshopee-EXPT-modulith/shopee-microservices/billing/payment/domain/build/libs/payment-domain-2.0-SNAPSHOT.jar!/, jar:file:/D:/CODE/microservice/ddd-eshopee-EXPT-modulith/shopee-microservices/billing/payment/events/build/libs/payment-events-2.0-SNAPSHOT.jar!/, jar:file:/D:/CODE/microservice/ddd-eshopee-EXPT-modulith/shopee-microservices/warehouse/domain/build/libs/warehouse-domain-2.0-SNAPSHOT.jar!/, jar:file:/D:/CODE/microservice/ddd-eshopee-EXPT-modulith/shopee-microservices/warehouse/events/build/libs/warehouse-events-2.0-SNAPSHOT.jar!/, jar:file:/D:/CODE/microservice/ddd-eshopee-EXPT-modulith/shopee-microservices/common/events/build/libs/events-2.0-SNAPSHOT.jar!/, jar:file:/C:/Users/ADMIN/.gradle/caches/modules-2/files-2.1/com.fasterxml.jackson.datatype/jackson-datatype-jdk8/2.14.2/2f3c71211b6ea7a978eba33574d7135d536e07fb/jackson-datatype-jdk8-2.14.2.jar!/, jar:file:/C:/Users/ADMIN/.gradle/caches/modules-2/files-2.1/com.fasterxml.jackson.module/jackson-module-parameter-names/2.14.2/2b6c19b3d99dda02915515df879ab9e23fed3864/jackson-module-parameter-names-2.14.2.jar!/, jar:file:/C:/Users/ADMIN/.gradle/caches/modules-2/files-2.1/com.fasterxml.jackson.core/jackson-databind/2.14.2/1e71fddbc80bb86f71a6345ac1e8ab8a00e7134/jackson-databind-2.14.2.jar!/, jar:file:/C:/Users/ADMIN/.gradle/caches/modules-2/files-2.1/com.fasterxml.jackson.core/jackson-annotations/2.14.2/a7aae9525864930723e3453ab799521fdfd9d873/jackson-annotations-2.14.2.jar!/, jar:file:/C:/Users/ADMIN/.gradle/caches/modules-2/files-2.1/com.fasterxml.jackson.core/jackson-core/2.14.2/f804090e6399ce0cf78242db086017512dd71fcc/jackson-core-2.14.2.jar!/, jar:file:/C:/Users/ADMIN/.gradle/caches/modules-2/files-2.1/com.fasterxml.jackson.datatype/jackson-datatype-jsr310/2.14.2/796518148a385b2728d44886cc0f8852eb8eeb53/jackson-datatype-jsr310-2.14.2.jar!/, jar:file:/C:/Users/ADMIN/.gradle/caches/modules-2/files-2.1/org.springframework.boot/spring-boot-test-autoconfigure/3.0.4/3d28e21dc5cea68949d1f0b6a4051e7deeacf6cc/spring-boot-test-autoconfigure-3.0.4.jar!/, jar:file:/C:/Users/ADMIN/.gradle/caches/modules-2/files-2.1/org.springframework.boot/spring-boot-autoconfigure/3.0.4/7eb11bff0f965807f1088da20bc169bff27d284/spring-boot-autoconfigure-3.0.4.jar!/, jar:file:/C:/Users/ADMIN/.gradle/caches/modules-2/files-2.1/org.springframework.boot/spring-boot-test/3.0.4/4c1c72ff838b4f1191321aa01d1e98d68f882280/spring-boot-test-3.0.4.jar!/, jar:file:/C:/Users/ADMIN/.gradle/caches/modules-2/files-2.1/org.springframework.boot/spring-boot/3.0.4/27e5fceb2faf8ec399df70a2ff4e626a3423ae35/spring-boot-3.0.4.jar!/, jar:file:/C:/Users/ADMIN/.gradle/caches/modules-2/files-2.1/org.springframework.boot/spring-boot-starter-logging/3.0.4/31b32774c6ec2eceb3f75bdef7ddd8afd7059255/spring-boot-starter-logging-3.0.4.jar!/, jar:file:/C:/Users/ADMIN/.gradle/caches/modules-2/files-2.1/org.springframework.boot/spring-boot-starter-tomcat/3.0.4/40babd5ca3db46adf7c59b70ca2e6f2a528b558c/spring-boot-starter-tomcat-3.0.4.jar!/, jar:file:/C:/Users/ADMIN/.gradle/caches/modules-2/files-2.1/jakarta.annotation/jakarta.annotation-api/2.1.1/48b9bda22b091b1f48b13af03fe36db3be6e1ae3/jakarta.annotation-api-2.1.1.jar!/, jar:file:/C:/Users/ADMIN/.gradle/caches/modules-2/files-2.1/org.springframework/spring-jdbc/6.0.6/151e730f45832d42c6535b0bc6d7cebeabcaf844/spring-jdbc-6.0.6.jar!/, jar:file:/C:/Users/ADMIN/.gradle/caches/modules-2/files-2.1/org.springframework/spring-webmvc/6.0.6/302580efc981ad6797a85814ea0996e2149bb420/spring-webmvc-6.0.6.jar!/, jar:file:/C:/Users/ADMIN/.gradle/caches/modules-2/files-2.1/org.springframework/spring-web/6.0.6/2916961032e54aaeb534a290530b7b69e297bfcc/spring-web-6.0.6.jar!/, jar:file:/C:/Users/ADMIN/.gradle/caches/modules-2/files-2.1/org.springframework/spring-test/6.0.6/e94217b5c8cdf8f954d10251449fc98bdd8fc756/spring-test-6.0.6.jar!/, jar:file:/C:/Users/ADMIN/.gradle/caches/modules-2/files-2.1/org.springframework.data/spring-data-redis/3.0.3/6e8f59ca594ea86b56eacba74ae343d188771905/spring-data-redis-3.0.3.jar!/, jar:file:/C:/Users/ADMIN/.gradle/caches/modules-2/files-2.1/org.springframework.amqp/spring-rabbit/3.0.2/910f6a931b70f874ab03ba3dc0df2c6e05de12b8/spring-rabbit-3.0.2.jar!/, jar:file:/C:/Users/ADMIN/.gradle/caches/modules-2/files-2.1/org.springframework.data/spring-data-keyvalue/3.0.3/20ebdf1c5fb12aa0b5be9e67791e6c457f6e8968/spring-data-keyvalue-3.0.3.jar!/, jar:file:/C:/Users/ADMIN/.gradle/caches/modules-2/files-2.1/org.springframework/spring-tx/6.0.6/e86b3073d9640e17e5581a6aebb0d2794c407c46/spring-tx-6.0.6.jar!/, jar:file:/C:/Users/ADMIN/.gradle/caches/modules-2/files-2.1/org.springframework/spring-context-support/6.0.6/363228b8abc8b7ff569b10195f28652c7b65a41/spring-context-support-6.0.6.jar!/, jar:file:/C:/Users/ADMIN/.gradle/caches/modules-2/files-2.1/org.springframework/spring-context/6.0.6/fbd2b7c23adb2ec2f7ca601b3e7d79ae10e342a/spring-context-6.0.6.jar!/, jar:file:/C:/Users/ADMIN/.gradle/caches/modules-2/files-2.1/org.springframework/spring-messaging/6.0.6/42392bdb43a691e7c7bf4da296fef598a3127f37/spring-messaging-6.0.6.jar!/, jar:file:/C:/Users/ADMIN/.gradle/caches/modules-2/files-2.1/org.springframework/spring-oxm/6.0.6/e0bab7269ffaec4df3a9f221b4810b392c5ac492/spring-oxm-6.0.6.jar!/, jar:file:/C:/Users/ADMIN/.gradle/caches/modules-2/files-2.1/org.springframework/spring-aop/6.0.6/c95dc800fdce470519b7135272e64d4606fc8428/spring-aop-6.0.6.jar!/, jar:file:/C:/Users/ADMIN/.gradle/caches/modules-2/files-2.1/org.springframework.data/spring-data-commons/3.0.3/4492e9d25d7e8714f5ebfdd9e607dd7e0998038e/spring-data-commons-3.0.3.jar!/, jar:file:/C:/Users/ADMIN/.gradle/caches/modules-2/files-2.1/org.springframework/spring-beans/6.0.6/48ea4ba141146b3acaad0c7df80d2a06afeb95fd/spring-beans-6.0.6.jar!/, jar:file:/C:/Users/ADMIN/.gradle/caches/modules-2/files-2.1/org.springframework/spring-expression/6.0.6/2006ee0e1be8380f05c29deb52a97d3a1e6812d7/spring-expression-6.0.6.jar!/, jar:file:/C:/Users/ADMIN/.gradle/caches/modules-2/files-2.1/org.springframework.amqp/spring-amqp/3.0.2/698cf3a55e202356034288ed0bdccc2f8579b7e2/spring-amqp-3.0.2.jar!/, jar:file:/C:/Users/ADMIN/.gradle/caches/modules-2/files-2.1/org.springframework/spring-core/6.0.6/8a2845e0945923a9ebf3e9ef0649a28b6eeeac43/spring-core-6.0.6.jar!/, jar:file:/C:/Users/ADMIN/.gradle/caches/modules-2/files-2.1/org.yaml/snakeyaml/1.33/2cd0a87ff7df953f810c344bdf2fe3340b954c69/snakeyaml-1.33.jar!/, jar:file:/C:/Users/ADMIN/.gradle/caches/modules-2/files-2.1/io.lettuce/lettuce-core/6.2.3.RELEASE/3d671a51095ef90b817a690ef1b569b24b309665/lettuce-core-6.2.3.RELEASE.jar!/, jar:file:/C:/Users/ADMIN/.gradle/caches/modules-2/files-2.1/com.zaxxer/HikariCP/5.0.1/a74c7f0a37046846e88d54f7cb6ea6d565c65f9c/HikariCP-5.0.1.jar!/, jar:file:/C:/Users/ADMIN/.gradle/caches/modules-2/files-2.1/org.checkerframework/checker-qual/3.5.0/2f50520c8abea66fbd8d26e481d3aef5c673b510/checker-qual-3.5.0.jar!/, jar:file:/C:/Users/ADMIN/.gradle/caches/modules-2/files-2.1/com.jayway.jsonpath/json-path/2.7.0/f9d7d9659f2694e61142046ff8a216c047f263e8/json-path-2.7.0.jar!/, jar:file:/C:/Users/ADMIN/.gradle/caches/modules-2/files-2.1/jakarta.xml.bind/jakarta.xml.bind-api/4.0.0/bbb399208d288b15ec101fa4fcfc4bd77cedc97a/jakarta.xml.bind-api-4.0.0.jar!/, jar:file:/C:/Users/ADMIN/.gradle/caches/modules-2/files-2.1/org.assertj/assertj-core/3.23.1/d2bb60570f5b3d7ffa8f8000118c9c07b86eca93/assertj-core-3.23.1.jar!/, jar:file:/C:/Users/ADMIN/.gradle/caches/modules-2/files-2.1/org.hamcrest/hamcrest/2.2/1820c0968dba3a11a1b30669bb1f01978a91dedc/hamcrest-2.2.jar!/, jar:file:/C:/Users/ADMIN/.gradle/caches/modules-2/files-2.1/org.mockito/mockito-junit-jupiter/4.8.1/e393aa62eca2244a535b03842843f2f199343d1f/mockito-junit-jupiter-4.8.1.jar!/, jar:file:/C:/Users/ADMIN/.gradle/caches/modules-2/files-2.1/org.junit.jupiter/junit-jupiter-params/5.9.2/bc2765afb7b85b583c710dd259a11c6b8c39e912/junit-jupiter-params-5.9.2.jar!/, jar:file:/C:/Users/ADMIN/.gradle/caches/modules-2/files-2.1/org.junit.jupiter/junit-jupiter-engine/5.9.2/572f7a553b53f83ee59cc045ce1c3772864ab76c/junit-jupiter-engine-5.9.2.jar!/, jar:file:/C:/Users/ADMIN/.gradle/caches/modules-2/files-2.1/org.junit.jupiter/junit-jupiter-api/5.9.2/fed843581520eac594bc36bb4b0f55e7b947dda9/junit-jupiter-api-5.9.2.jar!/, jar:file:/C:/Users/ADMIN/.gradle/caches/modules-2/files-2.1/org.junit.platform/junit-platform-engine/1.9.2/40aeef2be7b04f96bb91e8b054affc28b7c7c935/junit-platform-engine-1.9.2.jar!/, jar:file:/C:/Users/ADMIN/.gradle/caches/modules-2/files-2.1/org.junit.platform/junit-platform-commons/1.9.2/6f9f8621d8230cd38aa42e58ccbc0c00569131ce/junit-platform-commons-1.9.2.jar!/, jar:file:/C:/Users/ADMIN/.gradle/caches/modules-2/files-2.1/org.junit.jupiter/junit-jupiter/5.9.2/26c586fbe0ebd81b48c9f11f0d998124248697ae/junit-jupiter-5.9.2.jar!/, jar:file:/C:/Users/ADMIN/.gradle/caches/modules-2/files-2.1/org.mockito/mockito-core/4.8.1/d8eb9dec8747d08645347bb8c69088ac83197975/mockito-core-4.8.1.jar!/, jar:file:/C:/Users/ADMIN/.gradle/caches/modules-2/files-2.1/org.skyscreamer/jsonassert/1.5.1/6d842d0faf4cf6725c509a5e5347d319ee0431c3/jsonassert-1.5.1.jar!/, jar:file:/C:/Users/ADMIN/.gradle/caches/modules-2/files-2.1/org.xmlunit/xmlunit-core/2.9.1/e5833662d9a1279a37da3ef6f62a1da29fcd68c4/xmlunit-core-2.9.1.jar!/, jar:file:/C:/Users/ADMIN/.gradle/caches/modules-2/files-2.1/io.rest-assured/xml-path/5.2.1/3918e4080bd677b1b4683bdd82a19be78d5c0ec2/xml-path-5.2.1.jar!/, jar:file:/C:/Users/ADMIN/.gradle/caches/modules-2/files-2.1/io.rest-assured/json-path/5.2.1/f53d9cefcf3e3f4554f390ec17d278c47d4125ad/json-path-5.2.1.jar!/, jar:file:/C:/Users/ADMIN/.gradle/caches/modules-2/files-2.1/org.apache.groovy/groovy-json/4.0.9/122759fca67c3ef87ea7d48a3057af362a360089/groovy-json-4.0.9.jar!/, jar:file:/C:/Users/ADMIN/.gradle/caches/modules-2/files-2.1/org.apache.groovy/groovy-xml/4.0.9/b22d2ae189670d4ccc58bc4ef003d922b85cb0d5/groovy-xml-4.0.9.jar!/, jar:file:/C:/Users/ADMIN/.gradle/caches/modules-2/files-2.1/io.rest-assured/rest-assured-common/5.2.1/f506be4e8fb8c2adbbfdff9720fad420b76e6543/rest-assured-common-5.2.1.jar!/, jar:file:/C:/Users/ADMIN/.gradle/caches/modules-2/files-2.1/org.apache.groovy/groovy/4.0.9/80605ad828d16fd5d6349628b8d77e5761b2b4c4/groovy-4.0.9.jar!/, jar:file:/C:/Users/ADMIN/.gradle/caches/modules-2/files-2.1/org.apache.httpcomponents/httpmime/4.5.14/6662758a1f1cb1149cf916bdac28332e0902ec44/httpmime-4.5.14.jar!/, jar:file:/C:/Users/ADMIN/.gradle/caches/modules-2/files-2.1/org.apache.httpcomponents/httpclient/4.5.14/1194890e6f56ec29177673f2f12d0b8e627dec98/httpclient-4.5.14.jar!/, jar:file:/C:/Users/ADMIN/.gradle/caches/modules-2/files-2.1/org.ccil.cowan.tagsoup/tagsoup/1.2.1/5584627487e984c03456266d3f8802eb85a9ce97/tagsoup-1.2.1.jar!/, jar:file:/C:/Users/ADMIN/.gradle/caches/modules-2/files-2.1/org.thymeleaf/thymeleaf-spring6/3.1.1.RELEASE/deb52ef921a4ac5132fedb7ebfc2bc1dad4382b3/thymeleaf-spring6-3.1.1.RELEASE.jar!/, jar:file:/C:/Users/ADMIN/.gradle/caches/modules-2/files-2.1/ch.qos.logback/logback-classic/1.4.5/28e7dc0b208d6c3f15beefd73976e064b4ecfa9b/logback-classic-1.4.5.jar!/, jar:file:/C:/Users/ADMIN/.gradle/caches/modules-2/files-2.1/org.apache.logging.log4j/log4j-to-slf4j/2.19.0/30f4812e43172ecca5041da2cb6b965cc4777c19/log4j-to-slf4j-2.19.0.jar!/, jar:file:/C:/Users/ADMIN/.gradle/caches/modules-2/files-2.1/org.slf4j/jul-to-slf4j/2.0.6/c4d348977a83a0bfcf42fd6fd1fee6e7904f1a0c/jul-to-slf4j-2.0.6.jar!/, jar:file:/C:/Users/ADMIN/.gradle/caches/modules-2/files-2.1/org.thymeleaf/thymeleaf/3.1.1.RELEASE/374a129dfa5e7d7f1a46eacc4d49e594ca0cf26f/thymeleaf-3.1.1.RELEASE.jar!/, jar:file:/C:/Users/ADMIN/.gradle/caches/modules-2/files-2.1/com.rabbitmq/amqp-client/5.16.0/c70c66a8e5a92e41adf618efa7d8025db29cdf3/amqp-client-5.16.0.jar!/, jar:file:/C:/Users/ADMIN/.gradle/caches/modules-2/files-2.1/org.slf4j/slf4j-api/2.0.6/88c40d8b4f33326f19a7d3c0aaf2c7e8721d4953/slf4j-api-2.0.6.jar!/, jar:file:/D:/CODE/microservice/ddd-eshopee-EXPT-modulith/shopee-microservices/sales/catalog/domain/build/libs/catalog-domain-2.0-SNAPSHOT.jar!/, jar:file:/D:/CODE/microservice/ddd-eshopee-EXPT-modulith/shopee-microservices/sales/cart/domain/build/libs/cart-domain-2.0-SNAPSHOT.jar!/, jar:file:/D:/CODE/microservice/ddd-eshopee-EXPT-modulith/shopee-microservices/shipping/dispatching/domain/build/libs/dispatching-domain-2.0-SNAPSHOT.jar!/, jar:file:/C:/Users/ADMIN/.gradle/caches/modules-2/files-2.1/org.springframework/spring-jcl/6.0.6/f13cd8a561e71fb65c63201113d766fcd7a2b06f/spring-jcl-6.0.6.jar!/, jar:file:/C:/Users/ADMIN/.gradle/caches/modules-2/files-2.1/io.netty/netty-handler/4.1.89.Final/ced584e9eba5a6b7aad7c6a28a60c13375459f1a/netty-handler-4.1.89.Final.jar!/, jar:file:/C:/Users/ADMIN/.gradle/caches/modules-2/files-2.1/io.netty/netty-transport-native-unix-common/4.1.89.Final/a7717ed61393d5aad202a92bb02f661ed525bf86/netty-transport-native-unix-common-4.1.89.Final.jar!/, jar:file:/C:/Users/ADMIN/.gradle/caches/modules-2/files-2.1/io.netty/netty-codec/4.1.89.Final/f03a649ffa405ca4c802a8bfcc2abfe70ae485ca/netty-codec-4.1.89.Final.jar!/, jar:file:/C:/Users/ADMIN/.gradle/caches/modules-2/files-2.1/io.netty/netty-transport/4.1.89.Final/e7ff320310eafe302c0dfb9690ae7201ab61ead2/netty-transport-4.1.89.Final.jar!/, jar:file:/C:/Users/ADMIN/.gradle/caches/modules-2/files-2.1/io.netty/netty-resolver/4.1.89.Final/686b21bf3488747bc834ee9e60a863f37b71f35e/netty-resolver-4.1.89.Final.jar!/, jar:file:/C:/Users/ADMIN/.gradle/caches/modules-2/files-2.1/io.netty/netty-buffer/4.1.89.Final/b1d3dbf69a75eaa8793c7e00cff2851dac9fd725/netty-buffer-4.1.89.Final.jar!/, jar:file:/C:/Users/ADMIN/.gradle/caches/modules-2/files-2.1/io.netty/netty-common/4.1.89.Final/c0c80bfe45cc85da5030ea8fc64071e28d0f6f5f/netty-common-4.1.89.Final.jar!/, jar:file:/C:/Users/ADMIN/.gradle/caches/modules-2/files-2.1/io.projectreactor/reactor-core/3.5.3/dd102ecdb21ff78a486074dbad55331f8847eb5d/reactor-core-3.5.3.jar!/, jar:file:/C:/Users/ADMIN/.gradle/caches/modules-2/files-2.1/org.apache.tomcat.embed/tomcat-embed-websocket/10.1.5/14529cbd593571dc9029272ddc9166b5ef113fc2/tomcat-embed-websocket-10.1.5.jar!/, jar:file:/C:/Users/ADMIN/.gradle/caches/modules-2/files-2.1/org.apache.tomcat.embed/tomcat-embed-core/10.1.5/21417d3ef8189e2af05aae0a765ad9204d7211b5/tomcat-embed-core-10.1.5.jar!/, jar:file:/C:/Users/ADMIN/.gradle/caches/modules-2/files-2.1/org.apache.tomcat.embed/tomcat-embed-el/10.1.5/c125df13af42a0fc0cd342370449b1276181e2a1/tomcat-embed-el-10.1.5.jar!/, jar:file:/C:/Users/ADMIN/.gradle/caches/modules-2/files-2.1/io.micrometer/micrometer-observation/1.10.4/96aa92ad7a18c2451c429348c0167eb08a988d4e/micrometer-observation-1.10.4.jar!/, jar:file:/C:/Users/ADMIN/.gradle/caches/modules-2/files-2.1/net.minidev/json-smart/2.4.8/7c62f5f72ab05eb54d40e2abf0360a2fe9ea477f/json-smart-2.4.8.jar!/, jar:file:/C:/Users/ADMIN/.gradle/caches/modules-2/files-2.1/jakarta.activation/jakarta.activation-api/2.1.1/88c774ab863a21fb2fc4219af95379fafe499a31/jakarta.activation-api-2.1.1.jar!/, jar:file:/C:/Users/ADMIN/.gradle/caches/modules-2/files-2.1/net.bytebuddy/byte-buddy/1.12.23/d470526e8c4566c04e9ae5d3ccb62d1a7aa58986/byte-buddy-1.12.23.jar!/, jar:file:/C:/Users/ADMIN/.gradle/caches/modules-2/files-2.1/net.bytebuddy/byte-buddy-agent/1.12.23/1cba11fdb72c383edacb909f79ae6870efd275e4/byte-buddy-agent-1.12.23.jar!/, jar:file:/C:/Users/ADMIN/.gradle/caches/modules-2/files-2.1/org.objenesis/objenesis/3.2/7fadf57620c8b8abdf7519533e5527367cb51f09/objenesis-3.2.jar!/, jar:file:/C:/Users/ADMIN/.m2/repository/com/vaadin/external/google/android-json/0.0.20131108.vaadin1/android-json-0.0.20131108.vaadin1.jar!/, jar:file:/C:/Users/ADMIN/.gradle/caches/modules-2/files-2.1/org.apache.httpcomponents/httpcore/4.4.16/51cf043c87253c9f58b539c9f7e44c8894223850/httpcore-4.4.16.jar!/, jar:file:/C:/Users/ADMIN/.gradle/caches/modules-2/files-2.1/commons-codec/commons-codec/1.15/49d94806b6e3dc933dacbd8acb0fdbab8ebd1e5d/commons-codec-1.15.jar!/, jar:file:/C:/Users/ADMIN/.gradle/caches/modules-2/files-2.1/org.apache.commons/commons-lang3/3.12.0/c6842c86792ff03b9f1d1fe2aab8dc23aa6c6f0e/commons-lang3-3.12.0.jar!/, jar:file:/D:/CODE/microservice/ddd-eshopee-EXPT-modulith/shopee-microservices/common/primitives/build/libs/primitives-2.0-SNAPSHOT.jar!/, jar:file:/C:/Users/ADMIN/.gradle/caches/modules-2/files-2.1/ch.qos.logback/logback-core/1.4.5/e9bb2ea70f84401314da4300343b0a246c8954da/logback-core-1.4.5.jar!/, jar:file:/C:/Users/ADMIN/.gradle/caches/modules-2/files-2.1/org.apache.logging.log4j/log4j-api/2.19.0/ea1b37f38c327596b216542bc636cfdc0b8036fa/log4j-api-2.19.0.jar!/, jar:file:/C:/Users/ADMIN/.gradle/caches/modules-2/files-2.1/org.reactivestreams/reactive-streams/1.0.4/3864a1320d97d7b045f729a326e1e077661f31b7/reactive-streams-1.0.4.jar!/, jar:file:/C:/Users/ADMIN/.gradle/caches/modules-2/files-2.1/io.micrometer/micrometer-commons/1.10.4/a5db33c573c8755e70388f204e83000dc359b63d/micrometer-commons-1.10.4.jar!/, jar:file:/C:/Users/ADMIN/.gradle/caches/modules-2/files-2.1/net.minidev/accessors-smart/2.4.8/6e1bee5a530caba91893604d6ab41d0edcecca9a/accessors-smart-2.4.8.jar!/, jar:file:/C:/Users/ADMIN/.gradle/caches/modules-2/files-2.1/org.opentest4j/opentest4j/1.2.0/28c11eb91f9b6d8e200631d46e20a7f407f2a046/opentest4j-1.2.0.jar!/, jar:file:/C:/Users/ADMIN/.gradle/caches/modules-2/files-2.1/org.attoparser/attoparser/2.0.6.RELEASE/8f603f22a18d4f7258f8860ccbb68b069f49904a/attoparser-2.0.6.RELEASE.jar!/, jar:file:/C:/Users/ADMIN/.gradle/caches/modules-2/files-2.1/org.unbescape/unbescape/1.1.6.RELEASE/7b90360afb2b860e09e8347112800d12c12b2a13/unbescape-1.1.6.RELEASE.jar!/, jar:file:/C:/Users/ADMIN/.gradle/caches/modules-2/files-2.1/org.springframework.retry/spring-retry/2.0.0/6a7a653901b58eb741692417f33b5bebedbd01f7/spring-retry-2.0.0.jar!/, jar:file:/C:/Users/ADMIN/.gradle/caches/modules-2/files-2.1/org.ow2.asm/asm/9.1/a99500cf6eea30535eeac6be73899d048f8d12a8/asm-9.1.jar!/]
19:37:23.606 [Test worker] DEBUG com.tngtech.archunit.core.importer.JavaClassProcessor - Processing class 'com/home/eshopee/shipping/delivery/jdbc/DeliveryInfosJdbc'
19:37:23.607 [Test worker] DEBUG com.tngtech.archunit.core.importer.JavaClassProcessor - Processing class 'com/home/eshopee/shipping/delivery/jdbc/DeliveryJdbc'
19:37:23.607 [Test worker] DEBUG com.tngtech.archunit.core.importer.JavaClassProcessor - Processing class 'com/home/eshopee/shipping/delivery/jdbc/DispatchDeliveryJdbc'
19:37:23.607 [Test worker] DEBUG com.tngtech.archunit.core.importer.JavaClassProcessor - Processing class 'com/home/eshopee/shipping/delivery/jdbc/FindDeliveriesJdbc'
19:37:23.607 [Test worker] DEBUG com.tngtech.archunit.core.importer.JavaClassProcessor - Processing class 'com/home/eshopee/shipping/delivery/jdbc/PrepareDeliveryJdbc'
19:37:23.607 [Test worker] DEBUG com.tngtech.archunit.core.importer.JavaClassProcessor - Processing class 'com/home/eshopee/shipping/delivery/jdbc/UnknownDelivery'
19:37:23.607 [Test worker] DEBUG com.tngtech.archunit.core.importer.JavaClassProcessor - Processing class 'com/home/eshopee/shipping/delivery/jdbc/DeliveryJdbcConfig'
19:37:23.607 [Test worker] DEBUG com.tngtech.archunit.core.importer.JavaClassProcessor - Processing class 'com/home/eshopee/shipping/delivery/rest/DeliveryController$PrepareRequest'
19:37:23.607 [Test worker] DEBUG com.tngtech.archunit.core.importer.JavaClassProcessor - Processing class 'com/home/eshopee/shipping/delivery/rest/DeliveryController'
19:37:23.608 [Test worker] DEBUG com.tngtech.archunit.core.importer.JavaClassProcessor - Processing class 'com/home/eshopee/shipping/delivery/Address'
19:37:23.608 [Test worker] DEBUG com.tngtech.archunit.core.importer.JavaClassProcessor - Processing class 'com/home/eshopee/shipping/delivery/Delivery$DeliveryAlreadyDispatchedException'
19:37:23.608 [Test worker] DEBUG com.tngtech.archunit.core.importer.JavaClassProcessor - Processing class 'com/home/eshopee/shipping/delivery/Delivery$DeliveryAlreadyPreparedException'
19:37:23.608 [Test worker] DEBUG com.tngtech.archunit.core.importer.JavaClassProcessor - Processing class 'com/home/eshopee/shipping/delivery/Delivery'
19:37:23.608 [Test worker] DEBUG com.tngtech.archunit.core.importer.JavaClassProcessor - Processing class 'com/home/eshopee/shipping/delivery/DeliveryId'
19:37:23.608 [Test worker] DEBUG com.tngtech.archunit.core.importer.JavaClassProcessor - Processing class 'com/home/eshopee/shipping/delivery/DeliveryInfo'
19:37:23.608 [Test worker] DEBUG com.tngtech.archunit.core.importer.JavaClassProcessor - Processing class 'com/home/eshopee/shipping/delivery/DeliveryInfos'
19:37:23.608 [Test worker] DEBUG com.tngtech.archunit.core.importer.JavaClassProcessor - Processing class 'com/home/eshopee/shipping/delivery/DispatchDelivery'
19:37:23.608 [Test worker] DEBUG com.tngtech.archunit.core.importer.JavaClassProcessor - Processing class 'com/home/eshopee/shipping/delivery/FindDeliveries'
19:37:23.608 [Test worker] DEBUG com.tngtech.archunit.core.importer.JavaClassProcessor - Processing class 'com/home/eshopee/shipping/delivery/OrderId'
19:37:23.608 [Test worker] DEBUG com.tngtech.archunit.core.importer.JavaClassProcessor - Processing class 'com/home/eshopee/shipping/delivery/Person'
19:37:23.608 [Test worker] DEBUG com.tngtech.archunit.core.importer.JavaClassProcessor - Processing class 'com/home/eshopee/shipping/delivery/Place'
19:37:23.608 [Test worker] DEBUG com.tngtech.archunit.core.importer.JavaClassProcessor - Processing class 'com/home/eshopee/shipping/delivery/PrepareDelivery'
19:37:23.609 [Test worker] DEBUG com.tngtech.archunit.core.importer.JavaClassProcessor - Processing class 'com/home/eshopee/shipping/delivery/DeliveryPrepared'
19:37:23.609 [Test worker] DEBUG com.tngtech.archunit.core.importer.JavaClassProcessor - Processing class 'com/home/eshopee/shipping/delivery/listeners/DeliveryDispatchedListener'
19:37:23.609 [Test worker] DEBUG com.tngtech.archunit.core.importer.DependencyResolutionProcess - Automatically resolving transitive class dependencies with the following configuration:
import.dependencyResolutionProcess.maxIterationsForMemberTypes = 1
import.dependencyResolutionProcess.maxIterationsForAccessesToTypes = 1
import.dependencyResolutionProcess.maxIterationsForSupertypes = -1
import.dependencyResolutionProcess.maxIterationsForEnclosingTypes = -1
import.dependencyResolutionProcess.maxIterationsForAnnotationTypes = -1
import.dependencyResolutionProcess.maxIterationsForGenericSignatureTypes = -1
19:37:23.609 [Test worker] DEBUG com.tngtech.archunit.core.importer.JavaClassProcessor - Processing class 'org/springframework/web/bind/annotation/PathVariable'
19:37:23.609 [Test worker] DEBUG com.tngtech.archunit.core.importer.JavaClassProcessor - Processing class 'java/lang/IllegalStateException'
19:37:23.609 [Test worker] DEBUG com.tngtech.archunit.core.importer.JavaClassProcessor - Processing class 'org/slf4j/LoggerFactory'
19:37:23.609 [Test worker] DEBUG com.tngtech.archunit.core.importer.JavaClassProcessor - Processing class 'java/lang/Integer'
19:37:23.610 [Test worker] DEBUG com.tngtech.archunit.core.importer.JavaClassProcessor - Processing class 'com/home/eshopee/shipping/dispatching/DeliveryDispatched'
19:37:23.610 [Test worker] DEBUG com.tngtech.archunit.core.importer.JavaClassProcessor - Processing class 'java/util/Map'
19:37:23.610 [Test worker] DEBUG com.tngtech.archunit.core.importer.JavaClassProcessor - Processing class 'org/springframework/web/bind/annotation/PostMapping'
19:37:23.610 [Test worker] DEBUG com.tngtech.archunit.core.importer.JavaClassProcessor - Processing class 'com/home/eshopee/common/events/EventPublisher'
19:37:23.610 [Test worker] DEBUG com.tngtech.archunit.core.importer.JavaClassProcessor - Processing class 'java/util/UUID'
19:37:23.611 [Test worker] DEBUG com.tngtech.archunit.core.importer.JavaClassProcessor - Processing class 'java/time/Instant'
19:37:23.611 [Test worker] DEBUG com.tngtech.archunit.core.importer.JavaClassProcessor - Processing class 'org/springframework/web/bind/annotation/RestController'
19:37:23.611 [Test worker] DEBUG com.tngtech.archunit.core.importer.JavaClassProcessor - Processing class 'java/util/stream/Collectors'
19:37:23.611 [Test worker] DEBUG com.tngtech.archunit.core.importer.JavaClassProcessor - Processing class 'org/springframework/context/annotation/Configuration'
19:37:23.612 [Test worker] DEBUG com.tngtech.archunit.core.importer.JavaClassProcessor - Processing class 'java/util/List'
19:37:23.612 [Test worker] DEBUG com.tngtech.archunit.core.importer.JavaClassProcessor - Processing class 'java/util/stream/Stream'
19:37:23.612 [Test worker] DEBUG com.tngtech.archunit.core.importer.JavaClassProcessor - Processing class 'java/util/Optional'
19:37:23.612 [Test worker] DEBUG com.tngtech.archunit.core.importer.JavaClassProcessor - Processing class 'java/util/regex/Pattern'
19:37:23.612 [Test worker] DEBUG com.tngtech.archunit.core.importer.JavaClassProcessor - Processing class 'org/springframework/scheduling/annotation/Async'
19:37:23.613 [Test worker] DEBUG com.tngtech.archunit.core.importer.JavaClassProcessor - Processing class 'org/springframework/web/bind/annotation/RequestMapping'
19:37:23.613 [Test worker] DEBUG com.tngtech.archunit.core.importer.JavaClassProcessor - Processing class 'org/springframework/jdbc/core/JdbcTemplate'
19:37:23.613 [Test worker] DEBUG com.tngtech.archunit.core.importer.JavaClassProcessor - Processing class 'org/springframework/web/bind/annotation/RequestBody'
19:37:23.614 [Test worker] DEBUG com.tngtech.archunit.core.importer.JavaClassProcessor - Processing class 'org/springframework/transaction/annotation/Propagation'
19:37:23.614 [Test worker] DEBUG com.tngtech.archunit.core.importer.JavaClassProcessor - Processing class 'org/springframework/web/bind/annotation/GetMapping'
19:37:23.614 [Test worker] DEBUG com.tngtech.archunit.core.importer.JavaClassProcessor - Processing class 'java/lang/Boolean'
19:37:23.614 [Test worker] DEBUG com.tngtech.archunit.core.importer.JavaClassProcessor - Processing class 'com/home/eshopee/common/events/DomainEvent'
19:37:23.614 [Test worker] DEBUG com.tngtech.archunit.core.importer.JavaClassProcessor - Processing class 'java/lang/String'
19:37:23.615 [Test worker] DEBUG com.tngtech.archunit.core.importer.JavaClassProcessor - Processing class 'org/springframework/web/bind/annotation/ResponseStatus'
19:37:23.615 [Test worker] DEBUG com.tngtech.archunit.core.importer.JavaClassProcessor - Processing class 'org/slf4j/Logger'
19:37:23.615 [Test worker] DEBUG com.tngtech.archunit.core.importer.JavaClassProcessor - Processing class 'org/springframework/transaction/event/TransactionalEventListener'
19:37:23.615 [Test worker] DEBUG com.tngtech.archunit.core.importer.JavaClassProcessor - Processing class 'java/lang/IllegalArgumentException'
19:37:23.615 [Test worker] DEBUG com.tngtech.archunit.core.importer.JavaClassProcessor - Processing class 'org/springframework/http/HttpStatus'
19:37:23.615 [Test worker] DEBUG com.tngtech.archunit.core.importer.JavaClassProcessor - Processing class 'org/springframework/stereotype/Component'
19:37:23.616 [Test worker] DEBUG com.tngtech.archunit.core.importer.JavaClassProcessor - Processing class 'java/lang/Object'
19:37:23.616 [Test worker] DEBUG com.tngtech.archunit.core.importer.JavaClassProcessor - Processing class 'org/springframework/context/annotation/Bean'
19:37:23.616 [Test worker] DEBUG com.tngtech.archunit.core.importer.JavaClassProcessor - Processing class 'org/springframework/transaction/annotation/Transactional'
19:37:23.616 [Test worker] DEBUG com.tngtech.archunit.core.importer.JavaClassProcessor - Processing class 'org/springframework/jdbc/core/JdbcOperations'
19:37:23.616 [Test worker] DEBUG com.tngtech.archunit.core.importer.JavaClassProcessor - Processing class 'java/net/URL'
19:37:23.616 [Test worker] DEBUG com.tngtech.archunit.core.importer.JavaClassProcessor - Processing class 'java/util/function/IntConsumer'
19:37:23.617 [Test worker] DEBUG com.tngtech.archunit.core.importer.JavaClassProcessor - Processing class 'org/springframework/jdbc/support/JdbcAccessor'
19:37:23.617 [Test worker] DEBUG com.tngtech.archunit.core.importer.JavaClassProcessor - Processing class 'org/springframework/jdbc/core/SqlParameter'
19:37:23.617 [Test worker] DEBUG com.tngtech.archunit.core.importer.JavaClassProcessor - Processing class 'java/lang/annotation/Inherited'
19:37:23.617 [Test worker] DEBUG com.tngtech.archunit.core.importer.JavaClassProcessor - Processing class 'org/slf4j/helpers/CheckReturnValue'
19:37:23.617 [Test worker] DEBUG com.tngtech.archunit.core.importer.JavaClassProcessor - Processing class 'java/util/DoubleSummaryStatistics'
19:37:23.617 [Test worker] DEBUG com.tngtech.archunit.core.importer.JavaClassProcessor - Processing class 'java/util/function/DoubleConsumer'
19:37:23.617 [Test worker] DEBUG com.tngtech.archunit.core.importer.JavaClassProcessor - Processing class 'java/lang/Enum'
19:37:23.617 [Test worker] DEBUG com.tngtech.archunit.core.importer.JavaClassProcessor - Processing class 'java/lang/Long'
19:37:23.617 [Test worker] DEBUG com.tngtech.archunit.core.importer.JavaClassProcessor - Processing class 'org/springframework/transaction/event/TransactionPhase'
19:37:23.617 [Test worker] DEBUG com.tngtech.archunit.core.importer.JavaClassProcessor - Processing class 'java/lang/annotation/Documented'
19:37:23.618 [Test worker] DEBUG com.tngtech.archunit.core.importer.JavaClassProcessor - Processing class 'org/springframework/web/bind/annotation/ControllerMappingReflectiveProcessor'
19:37:23.618 [Test worker] DEBUG com.tngtech.archunit.core.importer.JavaClassProcessor - Processing class 'org/springframework/aot/hint/annotation/Reflective'
19:37:23.618 [Test worker] DEBUG com.tngtech.archunit.core.importer.JavaClassProcessor - Processing class 'jdk/internal/vm/annotation/ForceInline'
19:37:23.618 [Test worker] DEBUG com.tngtech.archunit.core.importer.JavaClassProcessor - Processing class 'java/lang/CharSequence'
19:37:23.618 [Test worker] DEBUG com.tngtech.archunit.core.importer.JavaClassProcessor - Processing class 'java/util/Collection'
19:37:23.618 [Test worker] DEBUG com.tngtech.archunit.core.importer.JavaClassProcessor - Processing class 'org/springframework/http/HttpStatusCode'
19:37:23.618 [Test worker] DEBUG com.tngtech.archunit.core.importer.JavaClassProcessor - Processing class 'org/springframework/web/bind/annotation/RequestMethod'
19:37:23.618 [Test worker] DEBUG com.tngtech.archunit.core.importer.JavaClassProcessor - Processing class 'java/util/Set'
19:37:23.618 [Test worker] DEBUG com.tngtech.archunit.core.importer.JavaClassProcessor - Processing class 'org/springframework/context/event/EventListener'
19:37:23.618 [Test worker] DEBUG com.tngtech.archunit.core.importer.JavaClassProcessor - Processing class 'java/io/Serializable'
19:37:23.618 [Test worker] DEBUG com.tngtech.archunit.core.importer.JavaClassProcessor - Processing class 'java/util/stream/DoubleStream'
19:37:23.619 [Test worker] DEBUG com.tngtech.archunit.core.importer.JavaClassProcessor - Processing class 'java/lang/constant/DynamicConstantDesc'
19:37:23.619 [Test worker] DEBUG com.tngtech.archunit.core.importer.JavaClassProcessor - Processing class 'org/slf4j/spi/SLF4JServiceProvider'
19:37:23.619 [Test worker] DEBUG com.tngtech.archunit.core.importer.JavaClassProcessor - Processing class 'java/lang/annotation/Annotation'
19:37:23.619 [Test worker] DEBUG com.tngtech.archunit.core.importer.JavaClassProcessor - Processing class 'jdk/internal/ValueBased'
19:37:23.619 [Test worker] DEBUG com.tngtech.archunit.core.importer.JavaClassProcessor - Processing class 'java/time/temporal/Temporal'
19:37:23.619 [Test worker] DEBUG com.tngtech.archunit.core.importer.JavaClassProcessor - Processing class 'org/springframework/transaction/annotation/Isolation'
19:37:23.619 [Test worker] DEBUG com.tngtech.archunit.core.importer.JavaClassProcessor - Processing class 'java/util/stream/IntStream'
19:37:23.619 [Test worker] DEBUG com.tngtech.archunit.core.importer.JavaClassProcessor - Processing class 'java/lang/Throwable'
19:37:23.619 [Test worker] DEBUG com.tngtech.archunit.core.importer.JavaClassProcessor - Processing class 'java/lang/Double'
19:37:23.620 [Test worker] DEBUG com.tngtech.archunit.core.importer.JavaClassProcessor - Processing class 'org/springframework/stereotype/Controller'
19:37:23.620 [Test worker] DEBUG com.tngtech.archunit.core.importer.JavaClassProcessor - Processing class 'java/lang/annotation/Retention'
19:37:23.620 [Test worker] DEBUG com.tngtech.archunit.core.importer.JavaClassProcessor - Processing class 'java/util/concurrent/ConcurrentMap'
19:37:23.620 [Test worker] DEBUG com.tngtech.archunit.core.importer.JavaClassProcessor - Processing class 'java/lang/constant/ConstantDesc'
19:37:23.620 [Test worker] DEBUG com.tngtech.archunit.core.importer.JavaClassProcessor - Processing class 'org/springframework/lang/Nullable'
19:37:23.620 [Test worker] DEBUG com.tngtech.archunit.core.importer.JavaClassProcessor - Processing class 'org/springframework/stereotype/Indexed'
19:37:23.620 [Test worker] DEBUG com.tngtech.archunit.core.importer.JavaClassProcessor - Processing class 'java/lang/Number'
19:37:23.620 [Test worker] DEBUG com.tngtech.archunit.core.importer.JavaClassProcessor - Processing class 'java/util/LongSummaryStatistics'
19:37:23.620 [Test worker] DEBUG com.tngtech.archunit.core.importer.JavaClassProcessor - Processing class 'org/springframework/core/annotation/AliasFor'
19:37:23.620 [Test worker] DEBUG com.tngtech.archunit.core.importer.JavaClassProcessor - Processing class 'java/util/Map$Entry'
19:37:23.620 [Test worker] DEBUG com.tngtech.archunit.core.importer.JavaClassProcessor - Processing class 'java/lang/SafeVarargs'
19:37:23.620 [Test worker] DEBUG com.tngtech.archunit.core.importer.JavaClassProcessor - Processing class 'jdk/internal/vm/annotation/IntrinsicCandidate'
19:37:23.620 [Test worker] DEBUG com.tngtech.archunit.core.importer.JavaClassProcessor - Processing class 'java/util/stream/LongStream'
19:37:23.620 [Test worker] DEBUG com.tngtech.archunit.core.importer.JavaClassProcessor - Processing class 'jdk/internal/vm/annotation/Stable'
19:37:23.620 [Test worker] DEBUG com.tngtech.archunit.core.importer.JavaClassProcessor - Processing class 'java/lang/Deprecated'
19:37:23.620 [Test worker] DEBUG com.tngtech.archunit.core.importer.JavaClassProcessor - Processing class 'java/lang/annotation/Target'
19:37:23.621 [Test worker] DEBUG com.tngtech.archunit.core.importer.JavaClassProcessor - Processing class 'java/lang/RuntimeException'
19:37:23.621 [Test worker] DEBUG com.tngtech.archunit.core.importer.JavaClassProcessor - Processing class 'java/lang/annotation/ElementType'
19:37:23.621 [Test worker] DEBUG com.tngtech.archunit.core.importer.JavaClassProcessor - Processing class 'org/springframework/web/bind/annotation/ResponseBody'
19:37:23.621 [Test worker] DEBUG com.tngtech.archunit.core.importer.JavaClassProcessor - Processing class 'java/util/stream/Collector$Characteristics'
19:37:23.621 [Test worker] DEBUG com.tngtech.archunit.core.importer.JavaClassProcessor - Processing class 'java/util/function/LongConsumer'
19:37:23.621 [Test worker] DEBUG com.tngtech.archunit.core.importer.JavaClassProcessor - Processing class 'java/util/function/Consumer'
19:37:23.621 [Test worker] DEBUG com.tngtech.archunit.core.importer.JavaClassProcessor - Processing class 'java/lang/constant/Constable'
19:37:23.621 [Test worker] DEBUG com.tngtech.archunit.core.importer.JavaClassProcessor - Processing class 'java/util/regex/Pattern$Node'
19:37:23.621 [Test worker] DEBUG com.tngtech.archunit.core.importer.JavaClassProcessor - Processing class 'java/util/stream/BaseStream'
19:37:23.621 [Test worker] DEBUG com.tngtech.archunit.core.importer.JavaClassProcessor - Processing class 'java/lang/Comparable'
19:37:23.621 [Test worker] DEBUG com.tngtech.archunit.core.importer.JavaClassProcessor - Processing class 'java/util/IntSummaryStatistics'
19:37:23.621 [Test worker] DEBUG com.tngtech.archunit.core.importer.JavaClassProcessor - Processing class 'java/time/temporal/TemporalAdjuster'
19:37:23.621 [Test worker] DEBUG com.tngtech.archunit.core.importer.JavaClassProcessor - Processing class 'java/lang/annotation/RetentionPolicy'
19:37:23.621 [Test worker] DEBUG com.tngtech.archunit.core.importer.JavaClassProcessor - Processing class 'org/springframework/web/bind/annotation/Mapping'
19:37:23.621 [Test worker] DEBUG com.tngtech.archunit.core.importer.JavaClassProcessor - Processing class 'java/lang/AutoCloseable'
19:37:23.621 [Test worker] DEBUG com.tngtech.archunit.core.importer.JavaClassProcessor - Processing class 'org/springframework/aot/hint/annotation/ReflectiveProcessor'
19:37:23.621 [Test worker] DEBUG com.tngtech.archunit.core.importer.JavaClassProcessor - Processing class 'java/lang/Enum$EnumDesc'
19:37:23.621 [Test worker] DEBUG com.tngtech.archunit.core.importer.JavaClassProcessor - Processing class 'java/util/stream/Collector'
19:37:23.621 [Test worker] DEBUG com.tngtech.archunit.core.importer.JavaClassProcessor - Processing class 'java/lang/Exception'
19:37:23.621 [Test worker] DEBUG com.tngtech.archunit.core.importer.JavaClassProcessor - Processing class 'java/net/URLStreamHandler'
19:37:23.622 [Test worker] DEBUG com.tngtech.archunit.core.importer.JavaClassProcessor - Processing class 'org/springframework/aot/hint/annotation/SimpleReflectiveProcessor'
19:37:23.622 [Test worker] DEBUG com.tngtech.archunit.core.importer.JavaClassProcessor - Processing class 'org/springframework/beans/factory/InitializingBean'
19:37:23.622 [Test worker] DEBUG com.tngtech.archunit.core.importer.JavaClassProcessor - Processing class 'java/lang/Iterable'
19:37:23.622 [Test worker] DEBUG com.tngtech.archunit.core.importer.JavaClassProcessor - Processing class 'java/time/temporal/TemporalAccessor'
19:37:23.622 [Test worker] DEBUG com.tngtech.archunit.core.importer.JavaClassProcessor - Processing class 'java/lang/FunctionalInterface'
19:37:23.622 [Test worker] DEBUG com.tngtech.archunit.core.importer.JavaClassProcessor - Processing class 'java/net/spi/URLStreamHandlerProvider'
19:37:23.622 [Test worker] DEBUG com.tngtech.archunit.core.importer.JavaClassProcessor - Processing class 'java/net/URLStreamHandlerFactory'
19:37:23.623 [Test worker] DEBUG com.tngtech.archunit.core.importer.JavaClassProcessor - Processing class 'java/lang/Class'
19:37:23.624 [Test worker] DEBUG com.tngtech.archunit.core.importer.JavaClassProcessor - Processing class 'java/util/Spliterator$OfInt'
19:37:23.624 [Test worker] DEBUG com.tngtech.archunit.core.importer.JavaClassProcessor - Processing class 'java/lang/NumberFormatException'
19:37:23.624 [Test worker] DEBUG com.tngtech.archunit.core.importer.JavaClassProcessor - Processing class 'java/lang/invoke/MethodHandles$Lookup'
19:37:23.625 [Test worker] DEBUG com.tngtech.archunit.core.importer.JavaClassProcessor - Processing class 'java/lang/ReflectiveOperationException'
19:37:23.625 [Test worker] DEBUG com.tngtech.archunit.core.importer.JavaClassProcessor - Processing class 'java/lang/CloneNotSupportedException'
19:37:23.625 [Test worker] DEBUG com.tngtech.archunit.core.importer.JavaClassProcessor - Processing class 'java/io/ObjectInputStream'
19:37:23.625 [Test worker] DEBUG com.tngtech.archunit.core.importer.JavaClassProcessor - Processing class 'java/io/IOException'
19:37:23.625 [Test worker] DEBUG com.tngtech.archunit.core.importer.JavaClassProcessor - Processing class 'java/lang/ClassNotFoundException'
19:37:23.625 [Test worker] DEBUG com.tngtech.archunit.core.importer.JavaClassProcessor - Processing class 'java/io/ObjectStreamException'
19:37:23.625 [Test worker] DEBUG com.tngtech.archunit.core.importer.JavaClassProcessor - Processing class 'java/lang/constant/ClassDesc'
19:37:23.626 [Test worker] DEBUG com.tngtech.archunit.core.importer.JavaClassProcessor - Processing class 'java/util/Iterator'
19:37:23.626 [Test worker] DEBUG com.tngtech.archunit.core.importer.JavaClassProcessor - Processing class 'java/util/Spliterator'
19:37:23.626 [Test worker] DEBUG com.tngtech.archunit.core.importer.JavaClassProcessor - Processing class 'java/math/BigInteger'
19:37:23.627 [Test worker] DEBUG com.tngtech.archunit.core.importer.JavaClassProcessor - Processing class 'java/lang/InterruptedException'
19:37:23.627 [Test worker] DEBUG com.tngtech.archunit.core.importer.JavaClassProcessor - Processing class 'java/io/ObjectStreamField'
19:37:23.627 [Test worker] DEBUG com.tngtech.archunit.core.importer.JavaClassProcessor - Processing class 'java/util/Comparator'
19:37:23.627 [Test worker] DEBUG com.tngtech.archunit.core.importer.JavaClassProcessor - Processing class 'java/lang/Void'
19:37:23.627 [Test worker] DEBUG com.tngtech.archunit.core.importer.JavaClassProcessor - Processing class 'java/nio/charset/Charset'
19:37:23.627 [Test worker] DEBUG com.tngtech.archunit.core.importer.JavaClassProcessor - Processing class 'java/nio/charset/MalformedInputException'
19:37:23.627 [Test worker] DEBUG com.tngtech.archunit.core.importer.JavaClassProcessor - Processing class 'java/nio/charset/CharacterCodingException'
19:37:23.627 [Test worker] DEBUG com.tngtech.archunit.core.importer.JavaClassProcessor - Processing class 'sun/nio/cs/ArrayDecoder'
19:37:23.627 [Test worker] DEBUG com.tngtech.archunit.core.importer.JavaClassProcessor - Processing class 'java/io/UnsupportedEncodingException'
19:37:23.628 [Test worker] DEBUG com.tngtech.archunit.core.importer.JavaClassProcessor - Processing class 'sun/nio/cs/ArrayEncoder'
19:37:23.628 [Test worker] DEBUG com.tngtech.archunit.core.importer.JavaClassProcessor - Processing class 'java/nio/charset/UnmappableCharacterException'
19:37:23.628 [Test worker] DEBUG com.tngtech.archunit.core.importer.JavaClassProcessor - Processing class 'java/nio/charset/CharsetDecoder'
19:37:23.628 [Test worker] DEBUG com.tngtech.archunit.core.importer.JavaClassProcessor - Processing class 'java/lang/StringBuffer'
19:37:23.628 [Test worker] DEBUG com.tngtech.archunit.core.importer.JavaClassProcessor - Processing class 'java/lang/AbstractStringBuilder'
19:37:23.628 [Test worker] DEBUG com.tngtech.archunit.core.importer.JavaClassProcessor - Processing class 'java/util/Locale'
19:37:23.629 [Test worker] DEBUG com.tngtech.archunit.core.importer.JavaClassProcessor - Processing class 'java/util/function/Function'
19:37:23.629 [Test worker] DEBUG com.tngtech.archunit.core.importer.JavaClassProcessor - Processing class 'java/lang/StringBuilder'
19:37:23.629 [Test worker] DEBUG com.tngtech.archunit.core.importer.JavaClassProcessor - Processing class 'java/lang/StackTraceElement'
19:37:23.630 [Test worker] DEBUG com.tngtech.archunit.core.importer.JavaClassProcessor - Processing class 'java/io/PrintStream'
19:37:23.630 [Test worker] DEBUG com.tngtech.archunit.core.importer.JavaClassProcessor - Processing class 'java/lang/Throwable$PrintStreamOrWriter'
19:37:23.630 [Test worker] DEBUG com.tngtech.archunit.core.importer.JavaClassProcessor - Processing class 'java/io/PrintWriter'
19:37:23.630 [Test worker] DEBUG com.tngtech.archunit.core.importer.JavaClassProcessor - Processing class 'java/io/ObjectOutputStream'
19:37:23.631 [Test worker] DEBUG com.tngtech.archunit.core.importer.JavaClassProcessor - Processing class 'java/lang/constant/DirectMethodHandleDesc'
19:37:23.631 [Test worker] DEBUG com.tngtech.archunit.core.importer.JavaClassProcessor - Processing class 'java/net/InetAddress'
19:37:23.631 [Test worker] DEBUG com.tngtech.archunit.core.importer.JavaClassProcessor - Processing class 'java/net/UrlDeserializedState'
19:37:23.631 [Test worker] DEBUG com.tngtech.archunit.core.importer.JavaClassProcessor - Processing class 'java/lang/ThreadLocal'
19:37:23.632 [Test worker] DEBUG com.tngtech.archunit.core.importer.JavaClassProcessor - Processing class 'java/util/Hashtable'
19:37:23.632 [Test worker] DEBUG com.tngtech.archunit.core.importer.JavaClassProcessor - Processing class 'java/net/URI'
19:37:23.632 [Test worker] DEBUG com.tngtech.archunit.core.importer.JavaClassProcessor - Processing class 'java/net/MalformedURLException'
19:37:23.632 [Test worker] DEBUG com.tngtech.archunit.core.importer.JavaClassProcessor - Processing class 'java/lang/SecurityManager'
19:37:23.632 [Test worker] DEBUG com.tngtech.archunit.core.importer.JavaClassProcessor - Processing class 'java/net/URISyntaxException'
19:37:23.632 [Test worker] DEBUG com.tngtech.archunit.core.importer.JavaClassProcessor - Processing class 'java/net/URLConnection'
19:37:23.633 [Test worker] DEBUG com.tngtech.archunit.core.importer.JavaClassProcessor - Processing class 'java/net/Proxy'
19:37:23.633 [Test worker] DEBUG com.tngtech.archunit.core.importer.JavaClassProcessor - Processing class 'java/io/InputStream'
19:37:23.633 [Test worker] DEBUG com.tngtech.archunit.core.importer.JavaClassProcessor - Processing class 'java/io/InvalidObjectException'
19:37:23.633 [Test worker] DEBUG com.tngtech.archunit.core.importer.JavaClassProcessor - Processing class 'sun/net/www/protocol/jar/Handler'
19:37:23.633 [Test worker] DEBUG com.tngtech.archunit.core.importer.JavaClassProcessor - Processing class 'java/time/Clock'
19:37:23.633 [Test worker] DEBUG com.tngtech.archunit.core.importer.JavaClassProcessor - Processing class 'java/time/temporal/TemporalField'
19:37:23.633 [Test worker] DEBUG com.tngtech.archunit.core.importer.JavaClassProcessor - Processing class 'java/time/temporal/ChronoField'
19:37:23.633 [Test worker] DEBUG com.tngtech.archunit.core.importer.JavaClassProcessor - Processing class 'java/time/temporal/TemporalUnit'
19:37:23.634 [Test worker] DEBUG com.tngtech.archunit.core.importer.JavaClassProcessor - Processing class 'java/time/temporal/ChronoUnit'
19:37:23.634 [Test worker] DEBUG com.tngtech.archunit.core.importer.JavaClassProcessor - Processing class 'java/time/temporal/ValueRange'
19:37:23.634 [Test worker] DEBUG com.tngtech.archunit.core.importer.JavaClassProcessor - Processing class 'java/time/temporal/TemporalAmount'
19:37:23.634 [Test worker] DEBUG com.tngtech.archunit.core.importer.JavaClassProcessor - Processing class 'java/time/temporal/TemporalQuery'
19:37:23.634 [Test worker] DEBUG com.tngtech.archunit.core.importer.JavaClassProcessor - Processing class 'java/time/OffsetDateTime'
19:37:23.634 [Test worker] DEBUG com.tngtech.archunit.core.importer.JavaClassProcessor - Processing class 'java/time/ZoneOffset'
19:37:23.634 [Test worker] DEBUG com.tngtech.archunit.core.importer.JavaClassProcessor - Processing class 'java/time/ZonedDateTime'
19:37:23.634 [Test worker] DEBUG com.tngtech.archunit.core.importer.JavaClassProcessor - Processing class 'java/time/ZoneId'
19:37:23.635 [Test worker] DEBUG com.tngtech.archunit.core.importer.JavaClassProcessor - Processing class 'java/io/DataOutput'
19:37:23.635 [Test worker] DEBUG com.tngtech.archunit.core.importer.JavaClassProcessor - Processing class 'java/io/DataInput'
19:37:23.635 [Test worker] DEBUG com.tngtech.archunit.core.importer.JavaClassProcessor - Processing class 'java/util/function/IntFunction'
19:37:23.635 [Test worker] DEBUG com.tngtech.archunit.core.importer.JavaClassProcessor - Processing class 'java/util/function/Predicate'
19:37:23.635 [Test worker] DEBUG com.tngtech.archunit.core.importer.JavaClassProcessor - Processing class 'java/util/function/UnaryOperator'
19:37:23.635 [Test worker] DEBUG com.tngtech.archunit.core.importer.JavaClassProcessor - Processing class 'java/util/ListIterator'
19:37:23.635 [Test worker] DEBUG com.tngtech.archunit.core.importer.JavaClassProcessor - Processing class 'java/util/RandomAccess'
19:37:23.636 [Test worker] DEBUG com.tngtech.archunit.core.importer.JavaClassProcessor - Processing class 'java/util/function/BiConsumer'
19:37:23.636 [Test worker] DEBUG com.tngtech.archunit.core.importer.JavaClassProcessor - Processing class 'java/util/function/BiFunction'
19:37:23.636 [Test worker] DEBUG com.tngtech.archunit.core.importer.JavaClassProcessor - Processing class 'java/util/ImmutableCollections$AbstractImmutableMap'
19:37:23.636 [Test worker] DEBUG com.tngtech.archunit.core.importer.JavaClassProcessor - Processing class 'java/util/KeyValueHolder'
19:37:23.636 [Test worker] DEBUG com.tngtech.archunit.core.importer.JavaClassProcessor - Processing class 'java/lang/invoke/SerializedLambda'
19:37:23.637 [Test worker] DEBUG com.tngtech.archunit.core.importer.JavaClassProcessor - Processing class 'java/lang/Runnable'
19:37:23.637 [Test worker] DEBUG com.tngtech.archunit.core.importer.JavaClassProcessor - Processing class 'java/util/function/Supplier'
19:37:23.637 [Test worker] DEBUG com.tngtech.archunit.core.importer.JavaClassProcessor - Processing class 'java/util/ImmutableCollections$AbstractImmutableSet'
19:37:23.637 [Test worker] DEBUG com.tngtech.archunit.core.importer.JavaClassProcessor - Processing class 'jdk/internal/access/JavaLangAccess'
19:37:23.638 [Test worker] DEBUG com.tngtech.archunit.core.importer.JavaClassProcessor - Processing class 'java/util/regex/Pattern$CharPredicate'
19:37:23.638 [Test worker] DEBUG com.tngtech.archunit.core.importer.JavaClassProcessor - Processing class 'java/util/regex/Pattern$GroupHead'
19:37:23.638 [Test worker] DEBUG com.tngtech.archunit.core.importer.JavaClassProcessor - Processing class 'java/util/regex/Matcher'
19:37:23.638 [Test worker] DEBUG com.tngtech.archunit.core.importer.JavaClassProcessor - Processing class 'java/util/regex/Pattern$Slice'
19:37:23.638 [Test worker] DEBUG com.tngtech.archunit.core.importer.JavaClassProcessor - Processing class 'java/util/regex/Pattern$Begin'
19:37:23.638 [Test worker] DEBUG com.tngtech.archunit.core.importer.JavaClassProcessor - Processing class 'java/util/regex/Pattern$First'
19:37:23.638 [Test worker] DEBUG com.tngtech.archunit.core.importer.JavaClassProcessor - Processing class 'java/util/regex/Pattern$Loop'
19:37:23.638 [Test worker] DEBUG com.tngtech.archunit.core.importer.JavaClassProcessor - Processing class 'java/util/regex/PatternSyntaxException'
19:37:23.638 [Test worker] DEBUG com.tngtech.archunit.core.importer.JavaClassProcessor - Processing class 'java/util/regex/Pattern$BitClass'
19:37:23.638 [Test worker] DEBUG com.tngtech.archunit.core.importer.JavaClassProcessor - Processing class 'java/util/regex/Pattern$CharProperty'
19:37:23.638 [Test worker] DEBUG com.tngtech.archunit.core.importer.JavaClassProcessor - Processing class 'java/util/regex/Pattern$BmpCharPredicate'
19:37:23.638 [Test worker] DEBUG com.tngtech.archunit.core.importer.JavaClassProcessor - Processing class 'java/util/regex/Pattern$Ques'
19:37:23.638 [Test worker] DEBUG com.tngtech.archunit.core.importer.JavaClassProcessor - Processing class 'java/util/regex/Pattern$Curly'
19:37:23.638 [Test worker] DEBUG com.tngtech.archunit.core.importer.JavaClassProcessor - Processing class 'java/util/regex/Pattern$Qtype'
19:37:23.639 [Test worker] DEBUG com.tngtech.archunit.core.importer.JavaClassProcessor - Processing class 'java/util/regex/Pattern$BmpCharProperty'
19:37:23.639 [Test worker] DEBUG com.tngtech.archunit.core.importer.JavaClassProcessor - Processing class 'java/util/regex/Pattern$TreeInfo'
19:37:23.639 [Test worker] DEBUG com.tngtech.archunit.core.importer.JavaClassProcessor - Processing class 'java/util/function/BinaryOperator'
19:37:23.639 [Test worker] DEBUG com.tngtech.archunit.core.importer.JavaClassProcessor - Processing class 'java/util/function/ToIntFunction'
19:37:23.639 [Test worker] DEBUG com.tngtech.archunit.core.importer.JavaClassProcessor - Processing class 'java/util/function/ToLongFunction'
19:37:23.640 [Test worker] DEBUG com.tngtech.archunit.core.importer.JavaClassProcessor - Processing class 'java/util/function/ToDoubleFunction'
19:37:23.640 [Test worker] DEBUG com.tngtech.archunit.core.importer.JavaClassProcessor - Processing class 'java/util/stream/Collectors$1PairBox'
19:37:23.640 [Test worker] DEBUG com.tngtech.archunit.core.importer.JavaClassProcessor - Processing class 'java/util/HashMap'
19:37:23.640 [Test worker] DEBUG com.tngtech.archunit.core.importer.JavaClassProcessor - Processing class 'java/util/stream/Collectors$Partition'
19:37:23.640 [Test worker] DEBUG com.tngtech.archunit.core.importer.JavaClassProcessor - Processing class 'java/util/stream/Collectors$1OptionalBox'
19:37:23.640 [Test worker] DEBUG com.tngtech.archunit.core.importer.JavaClassProcessor - Processing class 'java/util/StringJoiner'
19:37:23.641 [Test worker] DEBUG com.tngtech.archunit.core.importer.JavaClassProcessor - Processing class 'java/util/HashSet'
19:37:23.641 [Test worker] DEBUG com.tngtech.archunit.core.importer.JavaClassProcessor - Processing class 'java/util/ArrayList'
19:37:23.641 [Test worker] DEBUG com.tngtech.archunit.core.importer.JavaClassProcessor - Processing class 'java/util/function/DoublePredicate'
19:37:23.641 [Test worker] DEBUG com.tngtech.archunit.core.importer.JavaClassProcessor - Processing class 'java/util/function/DoubleUnaryOperator'
19:37:23.641 [Test worker] DEBUG com.tngtech.archunit.core.importer.JavaClassProcessor - Processing class 'java/util/function/DoubleFunction'
19:37:23.641 [Test worker] DEBUG com.tngtech.archunit.core.importer.JavaClassProcessor - Processing class 'java/util/function/DoubleToIntFunction'
19:37:23.641 [Test worker] DEBUG com.tngtech.archunit.core.importer.JavaClassProcessor - Processing class 'java/util/function/DoubleToLongFunction'
19:37:23.641 [Test worker] DEBUG com.tngtech.archunit.core.importer.JavaClassProcessor - Processing class 'java/util/stream/DoubleStream$DoubleMapMultiConsumer'
19:37:23.641 [Test worker] DEBUG com.tngtech.archunit.core.importer.JavaClassProcessor - Processing class 'java/util/function/DoubleBinaryOperator'
19:37:23.641 [Test worker] DEBUG com.tngtech.archunit.core.importer.JavaClassProcessor - Processing class 'java/util/OptionalDouble'
19:37:23.641 [Test worker] DEBUG com.tngtech.archunit.core.importer.JavaClassProcessor - Processing class 'java/util/function/ObjDoubleConsumer'
19:37:23.641 [Test worker] DEBUG com.tngtech.archunit.core.importer.JavaClassProcessor - Processing class 'java/util/PrimitiveIterator$OfDouble'
19:37:23.641 [Test worker] DEBUG com.tngtech.archunit.core.importer.JavaClassProcessor - Processing class 'java/util/Spliterator$OfDouble'
19:37:23.641 [Test worker] DEBUG com.tngtech.archunit.core.importer.JavaClassProcessor - Processing class 'java/util/stream/DoubleStream$Builder'
19:37:23.641 [Test worker] DEBUG com.tngtech.archunit.core.importer.JavaClassProcessor - Processing class 'java/util/function/DoubleSupplier'
19:37:23.641 [Test worker] DEBUG com.tngtech.archunit.core.importer.JavaClassProcessor - Processing class 'java/util/function/IntPredicate'
19:37:23.642 [Test worker] DEBUG com.tngtech.archunit.core.importer.JavaClassProcessor - Processing class 'java/util/function/IntUnaryOperator'
19:37:23.642 [Test worker] DEBUG com.tngtech.archunit.core.importer.JavaClassProcessor - Processing class 'java/util/function/IntToLongFunction'
19:37:23.642 [Test worker] DEBUG com.tngtech.archunit.core.importer.JavaClassProcessor - Processing class 'java/util/function/IntToDoubleFunction'
19:37:23.642 [Test worker] DEBUG com.tngtech.archunit.core.importer.JavaClassProcessor - Processing class 'java/util/stream/IntStream$IntMapMultiConsumer'
19:37:23.642 [Test worker] DEBUG com.tngtech.archunit.core.importer.JavaClassProcessor - Processing class 'java/util/function/IntBinaryOperator'
19:37:23.642 [Test worker] DEBUG com.tngtech.archunit.core.importer.JavaClassProcessor - Processing class 'java/util/OptionalInt'
19:37:23.642 [Test worker] DEBUG com.tngtech.archunit.core.importer.JavaClassProcessor - Processing class 'java/util/function/ObjIntConsumer'
19:37:23.642 [Test worker] DEBUG com.tngtech.archunit.core.importer.JavaClassProcessor - Processing class 'java/util/PrimitiveIterator$OfInt'
19:37:23.642 [Test worker] DEBUG com.tngtech.archunit.core.importer.JavaClassProcessor - Processing class 'java/util/stream/IntStream$Builder'
19:37:23.642 [Test worker] DEBUG com.tngtech.archunit.core.importer.JavaClassProcessor - Processing class 'java/util/function/IntSupplier'
19:37:23.642 [Test worker] DEBUG com.tngtech.archunit.core.importer.JavaClassProcessor - Processing class 'java/util/function/LongPredicate'
19:37:23.642 [Test worker] DEBUG com.tngtech.archunit.core.importer.JavaClassProcessor - Processing class 'java/util/function/LongUnaryOperator'
19:37:23.642 [Test worker] DEBUG com.tngtech.archunit.core.importer.JavaClassProcessor - Processing class 'java/util/function/LongFunction'
19:37:23.642 [Test worker] DEBUG com.tngtech.archunit.core.importer.JavaClassProcessor - Processing class 'java/util/function/LongToIntFunction'
19:37:23.642 [Test worker] DEBUG com.tngtech.archunit.core.importer.JavaClassProcessor - Processing class 'java/util/function/LongToDoubleFunction'
19:37:23.642 [Test worker] DEBUG com.tngtech.archunit.core.importer.JavaClassProcessor - Processing class 'java/util/stream/LongStream$LongMapMultiConsumer'
19:37:23.642 [Test worker] DEBUG com.tngtech.archunit.core.importer.JavaClassProcessor - Processing class 'java/util/function/LongBinaryOperator'
19:37:23.642 [Test worker] DEBUG com.tngtech.archunit.core.importer.JavaClassProcessor - Processing class 'java/util/OptionalLong'
19:37:23.642 [Test worker] DEBUG com.tngtech.archunit.core.importer.JavaClassProcessor - Processing class 'java/util/function/ObjLongConsumer'
19:37:23.642 [Test worker] DEBUG com.tngtech.archunit.core.importer.JavaClassProcessor - Processing class 'java/util/PrimitiveIterator$OfLong'
19:37:23.642 [Test worker] DEBUG com.tngtech.archunit.core.importer.JavaClassProcessor - Processing class 'java/util/Spliterator$OfLong'
19:37:23.642 [Test worker] DEBUG com.tngtech.archunit.core.importer.JavaClassProcessor - Processing class 'java/util/stream/LongStream$Builder'
19:37:23.642 [Test worker] DEBUG com.tngtech.archunit.core.importer.JavaClassProcessor - Processing class 'java/util/function/LongSupplier'
19:37:23.643 [Test worker] DEBUG com.tngtech.archunit.core.importer.JavaClassProcessor - Processing class 'java/util/stream/Stream$Builder'
19:37:23.643 [Test worker] DEBUG com.tngtech.archunit.core.importer.JavaClassProcessor - Processing class 'org/slf4j/spi/LoggingEventBuilder'
19:37:23.643 [Test worker] DEBUG com.tngtech.archunit.core.importer.JavaClassProcessor - Processing class 'org/slf4j/event/Level'
19:37:23.643 [Test worker] DEBUG com.tngtech.archunit.core.importer.JavaClassProcessor - Processing class 'org/slf4j/Marker'
19:37:23.644 [Test worker] DEBUG com.tngtech.archunit.core.importer.JavaClassProcessor - Processing class 'org/slf4j/helpers/SubstituteServiceProvider'
19:37:23.644 [Test worker] DEBUG com.tngtech.archunit.core.importer.JavaClassProcessor - Processing class 'org/slf4j/helpers/NOP_FallbackServiceProvider'
19:37:23.644 [Test worker] DEBUG com.tngtech.archunit.core.importer.JavaClassProcessor - Processing class 'java/util/ServiceLoader'
19:37:23.644 [Test worker] DEBUG com.tngtech.archunit.core.importer.JavaClassProcessor - Processing class 'java/lang/ClassLoader'
19:37:23.645 [Test worker] DEBUG com.tngtech.archunit.core.importer.JavaClassProcessor - Processing class 'org/slf4j/event/SubstituteLoggingEvent'
19:37:23.645 [Test worker] DEBUG com.tngtech.archunit.core.importer.JavaClassProcessor - Processing class 'org/slf4j/ILoggerFactory'
19:37:23.645 [Test worker] DEBUG com.tngtech.archunit.core.importer.JavaClassProcessor - Processing class 'org/slf4j/IMarkerFactory'
19:37:23.645 [Test worker] DEBUG com.tngtech.archunit.core.importer.JavaClassProcessor - Processing class 'org/slf4j/spi/MDCAdapter'
19:37:23.645 [Test worker] DEBUG com.tngtech.archunit.core.importer.JavaClassProcessor - Processing class 'org/springframework/aot/hint/ReflectionHints'
19:37:23.646 [Test worker] DEBUG com.tngtech.archunit.core.importer.JavaClassProcessor - Processing class 'java/lang/reflect/AnnotatedElement'
19:37:23.646 [Test worker] DEBUG com.tngtech.archunit.core.importer.JavaClassProcessor - Processing class 'java/lang/reflect/Constructor'
19:37:23.646 [Test worker] DEBUG com.tngtech.archunit.core.importer.JavaClassProcessor - Processing class 'java/lang/reflect/Field'
19:37:23.646 [Test worker] DEBUG com.tngtech.archunit.core.importer.JavaClassProcessor - Processing class 'java/lang/reflect/Method'
19:37:23.647 [Test worker] DEBUG com.tngtech.archunit.core.importer.JavaClassProcessor - Processing class 'org/springframework/http/HttpStatus$Series'
19:37:23.647 [Test worker] DEBUG com.tngtech.archunit.core.importer.JavaClassProcessor - Processing class 'org/springframework/jdbc/core/ConnectionCallback'
19:37:23.647 [Test worker] DEBUG com.tngtech.archunit.core.importer.JavaClassProcessor - Processing class 'org/springframework/dao/DataAccessException'
19:37:23.647 [Test worker] DEBUG com.tngtech.archunit.core.importer.JavaClassProcessor - Processing class 'org/springframework/jdbc/core/StatementCallback'
19:37:23.647 [Test worker] DEBUG com.tngtech.archunit.core.importer.JavaClassProcessor - Processing class 'org/springframework/jdbc/core/ResultSetExtractor'
19:37:23.647 [Test worker] DEBUG com.tngtech.archunit.core.importer.JavaClassProcessor - Processing class 'org/springframework/jdbc/core/RowCallbackHandler'
19:37:23.648 [Test worker] DEBUG com.tngtech.archunit.core.importer.JavaClassProcessor - Processing class 'org/springframework/jdbc/core/RowMapper'
19:37:23.648 [Test worker] DEBUG com.tngtech.archunit.core.importer.JavaClassProcessor - Processing class 'org/springframework/jdbc/support/rowset/SqlRowSet'
19:37:23.648 [Test worker] DEBUG com.tngtech.archunit.core.importer.JavaClassProcessor - Processing class 'org/springframework/jdbc/core/PreparedStatementCreator'
19:37:23.648 [Test worker] DEBUG com.tngtech.archunit.core.importer.JavaClassProcessor - Processing class 'org/springframework/jdbc/core/PreparedStatementCallback'
19:37:23.648 [Test worker] DEBUG com.tngtech.archunit.core.importer.JavaClassProcessor - Processing class 'org/springframework/jdbc/core/PreparedStatementSetter'
19:37:23.649 [Test worker] DEBUG com.tngtech.archunit.core.importer.JavaClassProcessor - Processing class 'org/springframework/jdbc/support/KeyHolder'
19:37:23.649 [Test worker] DEBUG com.tngtech.archunit.core.importer.JavaClassProcessor - Processing class 'org/springframework/jdbc/core/BatchPreparedStatementSetter'
19:37:23.649 [Test worker] DEBUG com.tngtech.archunit.core.importer.JavaClassProcessor - Processing class 'org/springframework/jdbc/core/ParameterizedPreparedStatementSetter'
19:37:23.649 [Test worker] DEBUG com.tngtech.archunit.core.importer.JavaClassProcessor - Processing class 'org/springframework/jdbc/core/CallableStatementCreator'
19:37:23.649 [Test worker] DEBUG com.tngtech.archunit.core.importer.JavaClassProcessor - Processing class 'org/springframework/jdbc/core/CallableStatementCallback'
19:37:23.650 [Test worker] DEBUG com.tngtech.archunit.core.importer.JavaClassProcessor - Processing class 'java/sql/Connection'
19:37:23.650 [Test worker] DEBUG com.tngtech.archunit.core.importer.JavaClassProcessor - Processing class 'org/springframework/jdbc/datasource/ConnectionProxy'
19:37:23.650 [Test worker] DEBUG com.tngtech.archunit.core.importer.JavaClassProcessor - Processing class 'org/springframework/jdbc/core/ParameterDisposer'
19:37:23.650 [Test worker] DEBUG com.tngtech.archunit.core.importer.JavaClassProcessor - Processing class 'org/springframework/jdbc/core/SqlReturnResultSet'
19:37:23.651 [Test worker] DEBUG com.tngtech.archunit.core.importer.JavaClassProcessor - Processing class 'java/sql/CallableStatement'
19:37:23.651 [Test worker] DEBUG com.tngtech.archunit.core.importer.JavaClassProcessor - Processing class 'java/sql/SQLException'
19:37:23.651 [Test worker] DEBUG com.tngtech.archunit.core.importer.JavaClassProcessor - Processing class 'org/springframework/jdbc/core/SqlOutParameter'
19:37:23.651 [Test worker] DEBUG com.tngtech.archunit.core.importer.JavaClassProcessor - Processing class 'java/sql/ResultSet'
19:37:23.651 [Test worker] DEBUG com.tngtech.archunit.core.importer.JavaClassProcessor - Processing class 'org/springframework/jdbc/core/ResultSetSupportingSqlParameter'
19:37:23.651 [Test worker] DEBUG com.tngtech.archunit.core.importer.JavaClassProcessor - Processing class 'java/sql/Statement'
19:37:23.652 [Test worker] DEBUG com.tngtech.archunit.core.importer.JavaClassProcessor - Processing class 'java/sql/SQLWarning'
19:37:23.652 [Test worker] DEBUG com.tngtech.archunit.core.importer.JavaClassProcessor - Processing class 'org/springframework/jdbc/SQLWarningException'
19:37:23.652 [Test worker] DEBUG com.tngtech.archunit.core.importer.JavaClassProcessor - Processing class 'org/springframework/jdbc/core/SqlProvider'
19:37:23.652 [Test worker] DEBUG com.tngtech.archunit.core.importer.JavaClassProcessor - Processing class 'java/sql/PreparedStatement'
19:37:23.652 [Test worker] DEBUG com.tngtech.archunit.core.importer.JavaClassProcessor - Processing class 'org/springframework/jdbc/core/InterruptibleBatchPreparedStatementSetter'
19:37:23.652 [Test worker] DEBUG com.tngtech.archunit.core.importer.JavaClassProcessor - Processing class 'org/apache/commons/logging/Log'
19:37:23.652 [Test worker] DEBUG com.tngtech.archunit.core.importer.JavaClassProcessor - Processing class 'javax/sql/DataSource'
19:37:23.653 [Test worker] DEBUG com.tngtech.archunit.core.importer.JavaClassProcessor - Processing class 'org/springframework/jdbc/support/SQLExceptionTranslator'
19:37:23.654 [Test worker] DEBUG com.tngtech.archunit.core.importer.JavaClassProcessor - Processing class 'org/springframework/aot/hint/BindingReflectionHintsRegistrar'
19:37:23.654 [Test worker] DEBUG com.tngtech.archunit.core.importer.JavaClassProcessor - Processing class 'org/springframework/core/MethodParameter'
19:37:23.654 [Test worker] DEBUG com.tngtech.archunit.core.importer.JavaClassProcessor - Processing class 'org/springframework/web/bind/annotation/RequestPart'
19:37:23.655 [Test worker] DEBUG com.tngtech.archunit.core.importer.JavaClassProcessor - Processing class 'org/springframework/web/bind/annotation/ModelAttribute'
19:37:23.655 [Test worker] DEBUG com.tngtech.archunit.core.importer.JavaClassProcessor - Processing class 'org/springframework/http/HttpEntity'
19:37:23.655 [Test worker] DEBUG com.tngtech.archunit.core.importer.JavaClassProcessor - Processing class 'java/lang/reflect/Type'
19:37:23.655 [Test worker] DEBUG com.tngtech.archunit.core.importer.JavaClassProcessor - Processing class 'org/springframework/http/HttpMethod'
19:37:23.665 [Test worker] DEBUG com.tngtech.archunit.core.importer.UrlSource$From - Found URLs on sun.boot.class.path: []
19:37:23.670 [Test worker] DEBUG com.tngtech.archunit.core.importer.UrlSource$From - Found URLs on java.class.path: [jar:file:/C:/Users/ADMIN/.gradle/caches/7.4.2/workerMain/gradle-worker.jar!/, file:/D:/CODE/microservice/ddd-eshopee-EXPT-modulith/shopee-microservices/application/build/classes/java/test/, file:/D:/CODE/microservice/ddd-eshopee-EXPT-modulith/shopee-microservices/application/build/resources/test/, file:/D:/CODE/microservice/ddd-eshopee-EXPT-modulith/shopee-microservices/application/build/classes/java/main/, file:/D:/CODE/microservice/ddd-eshopee-EXPT-modulith/shopee-microservices/application/build/resources/main/, jar:file:/D:/CODE/microservice/ddd-eshopee-EXPT-modulith/shopee-microservices/sales/catalog/spring-boot-starter/build/libs/catalog-spring-boot-starter-2.0-SNAPSHOT.jar!/, jar:file:/D:/CODE/microservice/ddd-eshopee-EXPT-modulith/shopee-microservices/sales/cart/spring-boot-starter/build/libs/cart-spring-boot-starter-2.0-SNAPSHOT.jar!/, jar:file:/D:/CODE/microservice/ddd-eshopee-EXPT-modulith/shopee-microservices/sales/order/spring-boot-starter/build/libs/order-spring-boot-starter-2.0-SNAPSHOT.jar!/, jar:file:/D:/CODE/microservice/ddd-eshopee-EXPT-modulith/shopee-microservices/warehouse/spring-boot-starter/build/libs/warehouse-spring-boot-starter-2.0-SNAPSHOT.jar!/, jar:file:/D:/CODE/microservice/ddd-eshopee-EXPT-modulith/shopee-microservices/billing/payment/spring-boot-starter/build/libs/payment-spring-boot-starter-2.0-SNAPSHOT.jar!/, jar:file:/D:/CODE/microservice/ddd-eshopee-EXPT-modulith/shopee-microservices/shipping/delivery/spring-boot-starter/build/libs/delivery-spring-boot-starter-2.0-SNAPSHOT.jar!/, jar:file:/D:/CODE/microservice/ddd-eshopee-EXPT-modulith/shopee-microservices/shipping/dispatching/spring-boot-starter/build/libs/dispatching-spring-boot-starter-2.0-SNAPSHOT.jar!/, jar:file:/D:/CODE/microservice/ddd-eshopee-EXPT-modulith/shopee-microservices/portal/spring-boot-starter/build/libs/portal-spring-boot-starter-2.0-SNAPSHOT.jar!/, jar:file:/D:/CODE/microservice/ddd-eshopee-EXPT-modulith/shopee-microservices/common/application-integration-spring-boot-starter/build/libs/application-integration-spring-boot-starter-2.0-SNAPSHOT.jar!/, jar:file:/C:/Users/ADMIN/.gradle/caches/modules-2/files-2.1/org.springframework.boot/spring-boot-starter-data-redis/3.0.4/e122886d50ec624e51fbaac4bb0d5d17cf7b9764/spring-boot-starter-data-redis-3.0.4.jar!/, jar:file:/C:/Users/ADMIN/.gradle/caches/modules-2/files-2.1/org.springframework.boot/spring-boot-starter-jdbc/3.0.4/e64f229f772dc2952e1978a1f10d7f3a462e105d/spring-boot-starter-jdbc-3.0.4.jar!/, jar:file:/C:/Users/ADMIN/.gradle/caches/modules-2/files-2.1/org.springframework.boot/spring-boot-starter-web/3.0.4/6a7405b436c6943f056cdbab587fe48bdc2b4911/spring-boot-starter-web-3.0.4.jar!/, jar:file:/C:/Users/ADMIN/.gradle/caches/modules-2/files-2.1/org.springframework.boot/spring-boot-starter-test/3.0.4/eb934f1df3e6292d7b5800cfbbc237de90d174de/spring-boot-starter-test-3.0.4.jar!/, jar:file:/C:/Users/ADMIN/.gradle/caches/modules-2/files-2.1/org.springframework.boot/spring-boot-starter-thymeleaf/3.0.4/ea681f9f477da793eb9024a23686db9a59b50bc6/spring-boot-starter-thymeleaf-3.0.4.jar!/, jar:file:/C:/Users/ADMIN/.gradle/caches/modules-2/files-2.1/org.springframework.boot/spring-boot-starter-amqp/3.0.4/804a88a39dc6dce9678eef6f621bd9877f50a7ab/spring-boot-starter-amqp-3.0.4.jar!/, jar:file:/C:/Users/ADMIN/.gradle/caches/modules-2/files-2.1/org.springframework.boot/spring-boot-starter-json/3.0.4/5ddf427d011646fe787fdaa1b8edc4a4eebd48d5/spring-boot-starter-json-3.0.4.jar!/, jar:file:/C:/Users/ADMIN/.gradle/caches/modules-2/files-2.1/org.springframework.boot/spring-boot-starter/3.0.4/8f957a8bc9d70c0ca922406c6e23cb3db5d48109/spring-boot-starter-3.0.4.jar!/, jar:file:/C:/Users/ADMIN/.gradle/caches/modules-2/files-2.1/com.h2database/h2/2.1.214/d5c2005c9e3279201e12d4776c948578b16bf8b2/h2-2.1.214.jar!/, jar:file:/C:/Users/ADMIN/.gradle/caches/modules-2/files-2.1/org.postgresql/postgresql/42.5.4/15015a54f15e340a9a8a6a2c5457429cb1176b8/postgresql-42.5.4.jar!/, jar:file:/C:/Users/ADMIN/.gradle/caches/modules-2/files-2.1/io.rest-assured/rest-assured/5.2.1/131aedaf6ffbb783dbf7b21efe57a849ded8b321/rest-assured-5.2.1.jar!/, jar:file:/C:/Users/ADMIN/.gradle/caches/modules-2/files-2.1/com.tngtech.archunit/archunit/0.23.1/7f93a254a0b88b9209e34db523ed5c2cee2ab25f/archunit-0.23.1.jar!/, jar:file:/D:/CODE/microservice/ddd-eshopee-EXPT-modulith/shopee-microservices/sales/catalog/jdbc/build/libs/catalog-jdbc-2.0-SNAPSHOT.jar!/, jar:file:/D:/CODE/microservice/ddd-eshopee-EXPT-modulith/shopee-microservices/sales/catalog/rest/build/libs/catalog-rest-2.0-SNAPSHOT.jar!/, jar:file:/D:/CODE/microservice/ddd-eshopee-EXPT-modulith/shopee-microservices/sales/catalog/webcomp/build/libs/catalog-webcomp-2.0-SNAPSHOT.jar!/, jar:file:/D:/CODE/microservice/ddd-eshopee-EXPT-modulith/shopee-microservices/sales/cart/jdbc/build/libs/cart-jdbc-2.0-SNAPSHOT.jar!/, jar:file:/D:/CODE/microservice/ddd-eshopee-EXPT-modulith/shopee-microservices/sales/cart/rest/build/libs/cart-rest-2.0-SNAPSHOT.jar!/, jar:file:/D:/CODE/microservice/ddd-eshopee-EXPT-modulith/shopee-microservices/sales/cart/webcomp/build/libs/cart-webcomp-2.0-SNAPSHOT.jar!/, jar:file:/D:/CODE/microservice/ddd-eshopee-EXPT-modulith/shopee-microservices/sales/order/jdbc/build/libs/order-jdbc-2.0-SNAPSHOT.jar!/, jar:file:/D:/CODE/microservice/ddd-eshopee-EXPT-modulith/shopee-microservices/sales/order/rest/build/libs/order-rest-2.0-SNAPSHOT.jar!/, jar:file:/D:/CODE/microservice/ddd-eshopee-EXPT-modulith/shopee-microservices/sales/order/webcomp/build/libs/order-webcomp-2.0-SNAPSHOT.jar!/, jar:file:/D:/CODE/microservice/ddd-eshopee-EXPT-modulith/shopee-microservices/warehouse/jdbc/build/libs/warehouse-jdbc-2.0-SNAPSHOT.jar!/, jar:file:/D:/CODE/microservice/ddd-eshopee-EXPT-modulith/shopee-microservices/warehouse/listeners/build/libs/warehouse-listeners-2.0-SNAPSHOT.jar!/, jar:file:/D:/CODE/microservice/ddd-eshopee-EXPT-modulith/shopee-microservices/warehouse/rest/build/libs/warehouse-rest-2.0-SNAPSHOT.jar!/, jar:file:/D:/CODE/microservice/ddd-eshopee-EXPT-modulith/shopee-microservices/billing/payment/jdbc/build/libs/payment-jdbc-2.0-SNAPSHOT.jar!/, jar:file:/D:/CODE/microservice/ddd-eshopee-EXPT-modulith/shopee-microservices/billing/payment/listeners/build/libs/payment-listeners-2.0-SNAPSHOT.jar!/, jar:file:/D:/CODE/microservice/ddd-eshopee-EXPT-modulith/shopee-microservices/billing/payment/rest/build/libs/payment-rest-2.0-SNAPSHOT.jar!/, jar:file:/D:/CODE/microservice/ddd-eshopee-EXPT-modulith/shopee-microservices/shipping/delivery/jdbc/build/libs/delivery-jdbc-2.0-SNAPSHOT.jar!/, jar:file:/D:/CODE/microservice/ddd-eshopee-EXPT-modulith/shopee-microservices/shipping/delivery/listeners/build/libs/delivery-listeners-2.0-SNAPSHOT.jar!/, jar:file:/D:/CODE/microservice/ddd-eshopee-EXPT-modulith/shopee-microservices/shipping/delivery/rest/build/libs/delivery-rest-2.0-SNAPSHOT.jar!/, jar:file:/D:/CODE/microservice/ddd-eshopee-EXPT-modulith/shopee-microservices/shipping/delivery/webcomp/build/libs/delivery-webcomp-2.0-SNAPSHOT.jar!/, jar:file:/D:/CODE/microservice/ddd-eshopee-EXPT-modulith/shopee-microservices/shipping/dispatching/jdbc/build/libs/dispatching-jdbc-2.0-SNAPSHOT.jar!/, jar:file:/D:/CODE/microservice/ddd-eshopee-EXPT-modulith/shopee-microservices/shipping/dispatching/listeners/build/libs/dispatching-listeners-2.0-SNAPSHOT.jar!/, jar:file:/D:/CODE/microservice/ddd-eshopee-EXPT-modulith/shopee-microservices/portal/web/build/libs/portal-web-2.0-SNAPSHOT.jar!/, jar:file:/D:/CODE/microservice/ddd-eshopee-EXPT-modulith/shopee-microservices/sales/order/domain/build/libs/order-domain-2.0-SNAPSHOT.jar!/, jar:file:/D:/CODE/microservice/ddd-eshopee-EXPT-modulith/shopee-microservices/sales/order/events/build/libs/order-events-2.0-SNAPSHOT.jar!/, jar:file:/D:/CODE/microservice/ddd-eshopee-EXPT-modulith/shopee-microservices/shipping/dispatching/events/build/libs/dispatching-events-2.0-SNAPSHOT.jar!/, jar:file:/D:/CODE/microservice/ddd-eshopee-EXPT-modulith/shopee-microservices/shipping/delivery/domain/build/libs/delivery-domain-2.0-SNAPSHOT.jar!/, jar:file:/D:/CODE/microservice/ddd-eshopee-EXPT-modulith/shopee-microservices/shipping/delivery/events/build/libs/delivery-events-2.0-SNAPSHOT.jar!/, jar:file:/D:/CODE/microservice/ddd-eshopee-EXPT-modulith/shopee-microservices/billing/payment/domain/build/libs/payment-domain-2.0-SNAPSHOT.jar!/, jar:file:/D:/CODE/microservice/ddd-eshopee-EXPT-modulith/shopee-microservices/billing/payment/events/build/libs/payment-events-2.0-SNAPSHOT.jar!/, jar:file:/D:/CODE/microservice/ddd-eshopee-EXPT-modulith/shopee-microservices/warehouse/domain/build/libs/warehouse-domain-2.0-SNAPSHOT.jar!/, jar:file:/D:/CODE/microservice/ddd-eshopee-EXPT-modulith/shopee-microservices/warehouse/events/build/libs/warehouse-events-2.0-SNAPSHOT.jar!/, jar:file:/D:/CODE/microservice/ddd-eshopee-EXPT-modulith/shopee-microservices/common/events/build/libs/events-2.0-SNAPSHOT.jar!/, jar:file:/C:/Users/ADMIN/.gradle/caches/modules-2/files-2.1/com.fasterxml.jackson.datatype/jackson-datatype-jdk8/2.14.2/2f3c71211b6ea7a978eba33574d7135d536e07fb/jackson-datatype-jdk8-2.14.2.jar!/, jar:file:/C:/Users/ADMIN/.gradle/caches/modules-2/files-2.1/com.fasterxml.jackson.module/jackson-module-parameter-names/2.14.2/2b6c19b3d99dda02915515df879ab9e23fed3864/jackson-module-parameter-names-2.14.2.jar!/, jar:file:/C:/Users/ADMIN/.gradle/caches/modules-2/files-2.1/com.fasterxml.jackson.core/jackson-databind/2.14.2/1e71fddbc80bb86f71a6345ac1e8ab8a00e7134/jackson-databind-2.14.2.jar!/, jar:file:/C:/Users/ADMIN/.gradle/caches/modules-2/files-2.1/com.fasterxml.jackson.core/jackson-annotations/2.14.2/a7aae9525864930723e3453ab799521fdfd9d873/jackson-annotations-2.14.2.jar!/, jar:file:/C:/Users/ADMIN/.gradle/caches/modules-2/files-2.1/com.fasterxml.jackson.core/jackson-core/2.14.2/f804090e6399ce0cf78242db086017512dd71fcc/jackson-core-2.14.2.jar!/, jar:file:/C:/Users/ADMIN/.gradle/caches/modules-2/files-2.1/com.fasterxml.jackson.datatype/jackson-datatype-jsr310/2.14.2/796518148a385b2728d44886cc0f8852eb8eeb53/jackson-datatype-jsr310-2.14.2.jar!/, jar:file:/C:/Users/ADMIN/.gradle/caches/modules-2/files-2.1/org.springframework.boot/spring-boot-test-autoconfigure/3.0.4/3d28e21dc5cea68949d1f0b6a4051e7deeacf6cc/spring-boot-test-autoconfigure-3.0.4.jar!/, jar:file:/C:/Users/ADMIN/.gradle/caches/modules-2/files-2.1/org.springframework.boot/spring-boot-autoconfigure/3.0.4/7eb11bff0f965807f1088da20bc169bff27d284/spring-boot-autoconfigure-3.0.4.jar!/, jar:file:/C:/Users/ADMIN/.gradle/caches/modules-2/files-2.1/org.springframework.boot/spring-boot-test/3.0.4/4c1c72ff838b4f1191321aa01d1e98d68f882280/spring-boot-test-3.0.4.jar!/, jar:file:/C:/Users/ADMIN/.gradle/caches/modules-2/files-2.1/org.springframework.boot/spring-boot/3.0.4/27e5fceb2faf8ec399df70a2ff4e626a3423ae35/spring-boot-3.0.4.jar!/, jar:file:/C:/Users/ADMIN/.gradle/caches/modules-2/files-2.1/org.springframework.boot/spring-boot-starter-logging/3.0.4/31b32774c6ec2eceb3f75bdef7ddd8afd7059255/spring-boot-starter-logging-3.0.4.jar!/, jar:file:/C:/Users/ADMIN/.gradle/caches/modules-2/files-2.1/org.springframework.boot/spring-boot-starter-tomcat/3.0.4/40babd5ca3db46adf7c59b70ca2e6f2a528b558c/spring-boot-starter-tomcat-3.0.4.jar!/, jar:file:/C:/Users/ADMIN/.gradle/caches/modules-2/files-2.1/jakarta.annotation/jakarta.annotation-api/2.1.1/48b9bda22b091b1f48b13af03fe36db3be6e1ae3/jakarta.annotation-api-2.1.1.jar!/, jar:file:/C:/Users/ADMIN/.gradle/caches/modules-2/files-2.1/org.springframework/spring-jdbc/6.0.6/151e730f45832d42c6535b0bc6d7cebeabcaf844/spring-jdbc-6.0.6.jar!/, jar:file:/C:/Users/ADMIN/.gradle/caches/modules-2/files-2.1/org.springframework/spring-webmvc/6.0.6/302580efc981ad6797a85814ea0996e2149bb420/spring-webmvc-6.0.6.jar!/, jar:file:/C:/Users/ADMIN/.gradle/caches/modules-2/files-2.1/org.springframework/spring-web/6.0.6/2916961032e54aaeb534a290530b7b69e297bfcc/spring-web-6.0.6.jar!/, jar:file:/C:/Users/ADMIN/.gradle/caches/modules-2/files-2.1/org.springframework/spring-test/6.0.6/e94217b5c8cdf8f954d10251449fc98bdd8fc756/spring-test-6.0.6.jar!/, jar:file:/C:/Users/ADMIN/.gradle/caches/modules-2/files-2.1/org.springframework.data/spring-data-redis/3.0.3/6e8f59ca594ea86b56eacba74ae343d188771905/spring-data-redis-3.0.3.jar!/, jar:file:/C:/Users/ADMIN/.gradle/caches/modules-2/files-2.1/org.springframework.amqp/spring-rabbit/3.0.2/910f6a931b70f874ab03ba3dc0df2c6e05de12b8/spring-rabbit-3.0.2.jar!/, jar:file:/C:/Users/ADMIN/.gradle/caches/modules-2/files-2.1/org.springframework.data/spring-data-keyvalue/3.0.3/20ebdf1c5fb12aa0b5be9e67791e6c457f6e8968/spring-data-keyvalue-3.0.3.jar!/, jar:file:/C:/Users/ADMIN/.gradle/caches/modules-2/files-2.1/org.springframework/spring-tx/6.0.6/e86b3073d9640e17e5581a6aebb0d2794c407c46/spring-tx-6.0.6.jar!/, jar:file:/C:/Users/ADMIN/.gradle/caches/modules-2/files-2.1/org.springframework/spring-context-support/6.0.6/363228b8abc8b7ff569b10195f28652c7b65a41/spring-context-support-6.0.6.jar!/, jar:file:/C:/Users/ADMIN/.gradle/caches/modules-2/files-2.1/org.springframework/spring-context/6.0.6/fbd2b7c23adb2ec2f7ca601b3e7d79ae10e342a/spring-context-6.0.6.jar!/, jar:file:/C:/Users/ADMIN/.gradle/caches/modules-2/files-2.1/org.springframework/spring-messaging/6.0.6/42392bdb43a691e7c7bf4da296fef598a3127f37/spring-messaging-6.0.6.jar!/, jar:file:/C:/Users/ADMIN/.gradle/caches/modules-2/files-2.1/org.springframework/spring-oxm/6.0.6/e0bab7269ffaec4df3a9f221b4810b392c5ac492/spring-oxm-6.0.6.jar!/, jar:file:/C:/Users/ADMIN/.gradle/caches/modules-2/files-2.1/org.springframework/spring-aop/6.0.6/c95dc800fdce470519b7135272e64d4606fc8428/spring-aop-6.0.6.jar!/, jar:file:/C:/Users/ADMIN/.gradle/caches/modules-2/files-2.1/org.springframework.data/spring-data-commons/3.0.3/4492e9d25d7e8714f5ebfdd9e607dd7e0998038e/spring-data-commons-3.0.3.jar!/, jar:file:/C:/Users/ADMIN/.gradle/caches/modules-2/files-2.1/org.springframework/spring-beans/6.0.6/48ea4ba141146b3acaad0c7df80d2a06afeb95fd/spring-beans-6.0.6.jar!/, jar:file:/C:/Users/ADMIN/.gradle/caches/modules-2/files-2.1/org.springframework/spring-expression/6.0.6/2006ee0e1be8380f05c29deb52a97d3a1e6812d7/spring-expression-6.0.6.jar!/, jar:file:/C:/Users/ADMIN/.gradle/caches/modules-2/files-2.1/org.springframework.amqp/spring-amqp/3.0.2/698cf3a55e202356034288ed0bdccc2f8579b7e2/spring-amqp-3.0.2.jar!/, jar:file:/C:/Users/ADMIN/.gradle/caches/modules-2/files-2.1/org.springframework/spring-core/6.0.6/8a2845e0945923a9ebf3e9ef0649a28b6eeeac43/spring-core-6.0.6.jar!/, jar:file:/C:/Users/ADMIN/.gradle/caches/modules-2/files-2.1/org.yaml/snakeyaml/1.33/2cd0a87ff7df953f810c344bdf2fe3340b954c69/snakeyaml-1.33.jar!/, jar:file:/C:/Users/ADMIN/.gradle/caches/modules-2/files-2.1/io.lettuce/lettuce-core/6.2.3.RELEASE/3d671a51095ef90b817a690ef1b569b24b309665/lettuce-core-6.2.3.RELEASE.jar!/, jar:file:/C:/Users/ADMIN/.gradle/caches/modules-2/files-2.1/com.zaxxer/HikariCP/5.0.1/a74c7f0a37046846e88d54f7cb6ea6d565c65f9c/HikariCP-5.0.1.jar!/, jar:file:/C:/Users/ADMIN/.gradle/caches/modules-2/files-2.1/org.checkerframework/checker-qual/3.5.0/2f50520c8abea66fbd8d26e481d3aef5c673b510/checker-qual-3.5.0.jar!/, jar:file:/C:/Users/ADMIN/.gradle/caches/modules-2/files-2.1/com.jayway.jsonpath/json-path/2.7.0/f9d7d9659f2694e61142046ff8a216c047f263e8/json-path-2.7.0.jar!/, jar:file:/C:/Users/ADMIN/.gradle/caches/modules-2/files-2.1/jakarta.xml.bind/jakarta.xml.bind-api/4.0.0/bbb399208d288b15ec101fa4fcfc4bd77cedc97a/jakarta.xml.bind-api-4.0.0.jar!/, jar:file:/C:/Users/ADMIN/.gradle/caches/modules-2/files-2.1/org.assertj/assertj-core/3.23.1/d2bb60570f5b3d7ffa8f8000118c9c07b86eca93/assertj-core-3.23.1.jar!/, jar:file:/C:/Users/ADMIN/.gradle/caches/modules-2/files-2.1/org.hamcrest/hamcrest/2.2/1820c0968dba3a11a1b30669bb1f01978a91dedc/hamcrest-2.2.jar!/, jar:file:/C:/Users/ADMIN/.gradle/caches/modules-2/files-2.1/org.mockito/mockito-junit-jupiter/4.8.1/e393aa62eca2244a535b03842843f2f199343d1f/mockito-junit-jupiter-4.8.1.jar!/, jar:file:/C:/Users/ADMIN/.gradle/caches/modules-2/files-2.1/org.junit.jupiter/junit-jupiter-params/5.9.2/bc2765afb7b85b583c710dd259a11c6b8c39e912/junit-jupiter-params-5.9.2.jar!/, jar:file:/C:/Users/ADMIN/.gradle/caches/modules-2/files-2.1/org.junit.jupiter/junit-jupiter-engine/5.9.2/572f7a553b53f83ee59cc045ce1c3772864ab76c/junit-jupiter-engine-5.9.2.jar!/, jar:file:/C:/Users/ADMIN/.gradle/caches/modules-2/files-2.1/org.junit.jupiter/junit-jupiter-api/5.9.2/fed843581520eac594bc36bb4b0f55e7b947dda9/junit-jupiter-api-5.9.2.jar!/, jar:file:/C:/Users/ADMIN/.gradle/caches/modules-2/files-2.1/org.junit.platform/junit-platform-engine/1.9.2/40aeef2be7b04f96bb91e8b054affc28b7c7c935/junit-platform-engine-1.9.2.jar!/, jar:file:/C:/Users/ADMIN/.gradle/caches/modules-2/files-2.1/org.junit.platform/junit-platform-commons/1.9.2/6f9f8621d8230cd38aa42e58ccbc0c00569131ce/junit-platform-commons-1.9.2.jar!/, jar:file:/C:/Users/ADMIN/.gradle/caches/modules-2/files-2.1/org.junit.jupiter/junit-jupiter/5.9.2/26c586fbe0ebd81b48c9f11f0d998124248697ae/junit-jupiter-5.9.2.jar!/, jar:file:/C:/Users/ADMIN/.gradle/caches/modules-2/files-2.1/org.mockito/mockito-core/4.8.1/d8eb9dec8747d08645347bb8c69088ac83197975/mockito-core-4.8.1.jar!/, jar:file:/C:/Users/ADMIN/.gradle/caches/modules-2/files-2.1/org.skyscreamer/jsonassert/1.5.1/6d842d0faf4cf6725c509a5e5347d319ee0431c3/jsonassert-1.5.1.jar!/, jar:file:/C:/Users/ADMIN/.gradle/caches/modules-2/files-2.1/org.xmlunit/xmlunit-core/2.9.1/e5833662d9a1279a37da3ef6f62a1da29fcd68c4/xmlunit-core-2.9.1.jar!/, jar:file:/C:/Users/ADMIN/.gradle/caches/modules-2/files-2.1/io.rest-assured/xml-path/5.2.1/3918e4080bd677b1b4683bdd82a19be78d5c0ec2/xml-path-5.2.1.jar!/, jar:file:/C:/Users/ADMIN/.gradle/caches/modules-2/files-2.1/io.rest-assured/json-path/5.2.1/f53d9cefcf3e3f4554f390ec17d278c47d4125ad/json-path-5.2.1.jar!/, jar:file:/C:/Users/ADMIN/.gradle/caches/modules-2/files-2.1/org.apache.groovy/groovy-json/4.0.9/122759fca67c3ef87ea7d48a3057af362a360089/groovy-json-4.0.9.jar!/, jar:file:/C:/Users/ADMIN/.gradle/caches/modules-2/files-2.1/org.apache.groovy/groovy-xml/4.0.9/b22d2ae189670d4ccc58bc4ef003d922b85cb0d5/groovy-xml-4.0.9.jar!/, jar:file:/C:/Users/ADMIN/.gradle/caches/modules-2/files-2.1/io.rest-assured/rest-assured-common/5.2.1/f506be4e8fb8c2adbbfdff9720fad420b76e6543/rest-assured-common-5.2.1.jar!/, jar:file:/C:/Users/ADMIN/.gradle/caches/modules-2/files-2.1/org.apache.groovy/groovy/4.0.9/80605ad828d16fd5d6349628b8d77e5761b2b4c4/groovy-4.0.9.jar!/, jar:file:/C:/Users/ADMIN/.gradle/caches/modules-2/files-2.1/org.apache.httpcomponents/httpmime/4.5.14/6662758a1f1cb1149cf916bdac28332e0902ec44/httpmime-4.5.14.jar!/, jar:file:/C:/Users/ADMIN/.gradle/caches/modules-2/files-2.1/org.apache.httpcomponents/httpclient/4.5.14/1194890e6f56ec29177673f2f12d0b8e627dec98/httpclient-4.5.14.jar!/, jar:file:/C:/Users/ADMIN/.gradle/caches/modules-2/files-2.1/org.ccil.cowan.tagsoup/tagsoup/1.2.1/5584627487e984c03456266d3f8802eb85a9ce97/tagsoup-1.2.1.jar!/, jar:file:/C:/Users/ADMIN/.gradle/caches/modules-2/files-2.1/org.thymeleaf/thymeleaf-spring6/3.1.1.RELEASE/deb52ef921a4ac5132fedb7ebfc2bc1dad4382b3/thymeleaf-spring6-3.1.1.RELEASE.jar!/, jar:file:/C:/Users/ADMIN/.gradle/caches/modules-2/files-2.1/ch.qos.logback/logback-classic/1.4.5/28e7dc0b208d6c3f15beefd73976e064b4ecfa9b/logback-classic-1.4.5.jar!/, jar:file:/C:/Users/ADMIN/.gradle/caches/modules-2/files-2.1/org.apache.logging.log4j/log4j-to-slf4j/2.19.0/30f4812e43172ecca5041da2cb6b965cc4777c19/log4j-to-slf4j-2.19.0.jar!/, jar:file:/C:/Users/ADMIN/.gradle/caches/modules-2/files-2.1/org.slf4j/jul-to-slf4j/2.0.6/c4d348977a83a0bfcf42fd6fd1fee6e7904f1a0c/jul-to-slf4j-2.0.6.jar!/, jar:file:/C:/Users/ADMIN/.gradle/caches/modules-2/files-2.1/org.thymeleaf/thymeleaf/3.1.1.RELEASE/374a129dfa5e7d7f1a46eacc4d49e594ca0cf26f/thymeleaf-3.1.1.RELEASE.jar!/, jar:file:/C:/Users/ADMIN/.gradle/caches/modules-2/files-2.1/com.rabbitmq/amqp-client/5.16.0/c70c66a8e5a92e41adf618efa7d8025db29cdf3/amqp-client-5.16.0.jar!/, jar:file:/C:/Users/ADMIN/.gradle/caches/modules-2/files-2.1/org.slf4j/slf4j-api/2.0.6/88c40d8b4f33326f19a7d3c0aaf2c7e8721d4953/slf4j-api-2.0.6.jar!/, jar:file:/D:/CODE/microservice/ddd-eshopee-EXPT-modulith/shopee-microservices/sales/catalog/domain/build/libs/catalog-domain-2.0-SNAPSHOT.jar!/, jar:file:/D:/CODE/microservice/ddd-eshopee-EXPT-modulith/shopee-microservices/sales/cart/domain/build/libs/cart-domain-2.0-SNAPSHOT.jar!/, jar:file:/D:/CODE/microservice/ddd-eshopee-EXPT-modulith/shopee-microservices/shipping/dispatching/domain/build/libs/dispatching-domain-2.0-SNAPSHOT.jar!/, jar:file:/C:/Users/ADMIN/.gradle/caches/modules-2/files-2.1/org.springframework/spring-jcl/6.0.6/f13cd8a561e71fb65c63201113d766fcd7a2b06f/spring-jcl-6.0.6.jar!/, jar:file:/C:/Users/ADMIN/.gradle/caches/modules-2/files-2.1/io.netty/netty-handler/4.1.89.Final/ced584e9eba5a6b7aad7c6a28a60c13375459f1a/netty-handler-4.1.89.Final.jar!/, jar:file:/C:/Users/ADMIN/.gradle/caches/modules-2/files-2.1/io.netty/netty-transport-native-unix-common/4.1.89.Final/a7717ed61393d5aad202a92bb02f661ed525bf86/netty-transport-native-unix-common-4.1.89.Final.jar!/, jar:file:/C:/Users/ADMIN/.gradle/caches/modules-2/files-2.1/io.netty/netty-codec/4.1.89.Final/f03a649ffa405ca4c802a8bfcc2abfe70ae485ca/netty-codec-4.1.89.Final.jar!/, jar:file:/C:/Users/ADMIN/.gradle/caches/modules-2/files-2.1/io.netty/netty-transport/4.1.89.Final/e7ff320310eafe302c0dfb9690ae7201ab61ead2/netty-transport-4.1.89.Final.jar!/, jar:file:/C:/Users/ADMIN/.gradle/caches/modules-2/files-2.1/io.netty/netty-resolver/4.1.89.Final/686b21bf3488747bc834ee9e60a863f37b71f35e/netty-resolver-4.1.89.Final.jar!/, jar:file:/C:/Users/ADMIN/.gradle/caches/modules-2/files-2.1/io.netty/netty-buffer/4.1.89.Final/b1d3dbf69a75eaa8793c7e00cff2851dac9fd725/netty-buffer-4.1.89.Final.jar!/, jar:file:/C:/Users/ADMIN/.gradle/caches/modules-2/files-2.1/io.netty/netty-common/4.1.89.Final/c0c80bfe45cc85da5030ea8fc64071e28d0f6f5f/netty-common-4.1.89.Final.jar!/, jar:file:/C:/Users/ADMIN/.gradle/caches/modules-2/files-2.1/io.projectreactor/reactor-core/3.5.3/dd102ecdb21ff78a486074dbad55331f8847eb5d/reactor-core-3.5.3.jar!/, jar:file:/C:/Users/ADMIN/.gradle/caches/modules-2/files-2.1/org.apache.tomcat.embed/tomcat-embed-websocket/10.1.5/14529cbd593571dc9029272ddc9166b5ef113fc2/tomcat-embed-websocket-10.1.5.jar!/, jar:file:/C:/Users/ADMIN/.gradle/caches/modules-2/files-2.1/org.apache.tomcat.embed/tomcat-embed-core/10.1.5/21417d3ef8189e2af05aae0a765ad9204d7211b5/tomcat-embed-core-10.1.5.jar!/, jar:file:/C:/Users/ADMIN/.gradle/caches/modules-2/files-2.1/org.apache.tomcat.embed/tomcat-embed-el/10.1.5/c125df13af42a0fc0cd342370449b1276181e2a1/tomcat-embed-el-10.1.5.jar!/, jar:file:/C:/Users/ADMIN/.gradle/caches/modules-2/files-2.1/io.micrometer/micrometer-observation/1.10.4/96aa92ad7a18c2451c429348c0167eb08a988d4e/micrometer-observation-1.10.4.jar!/, jar:file:/C:/Users/ADMIN/.gradle/caches/modules-2/files-2.1/net.minidev/json-smart/2.4.8/7c62f5f72ab05eb54d40e2abf0360a2fe9ea477f/json-smart-2.4.8.jar!/, jar:file:/C:/Users/ADMIN/.gradle/caches/modules-2/files-2.1/jakarta.activation/jakarta.activation-api/2.1.1/88c774ab863a21fb2fc4219af95379fafe499a31/jakarta.activation-api-2.1.1.jar!/, jar:file:/C:/Users/ADMIN/.gradle/caches/modules-2/files-2.1/net.bytebuddy/byte-buddy/1.12.23/d470526e8c4566c04e9ae5d3ccb62d1a7aa58986/byte-buddy-1.12.23.jar!/, jar:file:/C:/Users/ADMIN/.gradle/caches/modules-2/files-2.1/net.bytebuddy/byte-buddy-agent/1.12.23/1cba11fdb72c383edacb909f79ae6870efd275e4/byte-buddy-agent-1.12.23.jar!/, jar:file:/C:/Users/ADMIN/.gradle/caches/modules-2/files-2.1/org.objenesis/objenesis/3.2/7fadf57620c8b8abdf7519533e5527367cb51f09/objenesis-3.2.jar!/, jar:file:/C:/Users/ADMIN/.m2/repository/com/vaadin/external/google/android-json/0.0.20131108.vaadin1/android-json-0.0.20131108.vaadin1.jar!/, jar:file:/C:/Users/ADMIN/.gradle/caches/modules-2/files-2.1/org.apache.httpcomponents/httpcore/4.4.16/51cf043c87253c9f58b539c9f7e44c8894223850/httpcore-4.4.16.jar!/, jar:file:/C:/Users/ADMIN/.gradle/caches/modules-2/files-2.1/commons-codec/commons-codec/1.15/49d94806b6e3dc933dacbd8acb0fdbab8ebd1e5d/commons-codec-1.15.jar!/, jar:file:/C:/Users/ADMIN/.gradle/caches/modules-2/files-2.1/org.apache.commons/commons-lang3/3.12.0/c6842c86792ff03b9f1d1fe2aab8dc23aa6c6f0e/commons-lang3-3.12.0.jar!/, jar:file:/D:/CODE/microservice/ddd-eshopee-EXPT-modulith/shopee-microservices/common/primitives/build/libs/primitives-2.0-SNAPSHOT.jar!/, jar:file:/C:/Users/ADMIN/.gradle/caches/modules-2/files-2.1/ch.qos.logback/logback-core/1.4.5/e9bb2ea70f84401314da4300343b0a246c8954da/logback-core-1.4.5.jar!/, jar:file:/C:/Users/ADMIN/.gradle/caches/modules-2/files-2.1/org.apache.logging.log4j/log4j-api/2.19.0/ea1b37f38c327596b216542bc636cfdc0b8036fa/log4j-api-2.19.0.jar!/, jar:file:/C:/Users/ADMIN/.gradle/caches/modules-2/files-2.1/org.reactivestreams/reactive-streams/1.0.4/3864a1320d97d7b045f729a326e1e077661f31b7/reactive-streams-1.0.4.jar!/, jar:file:/C:/Users/ADMIN/.gradle/caches/modules-2/files-2.1/io.micrometer/micrometer-commons/1.10.4/a5db33c573c8755e70388f204e83000dc359b63d/micrometer-commons-1.10.4.jar!/, jar:file:/C:/Users/ADMIN/.gradle/caches/modules-2/files-2.1/net.minidev/accessors-smart/2.4.8/6e1bee5a530caba91893604d6ab41d0edcecca9a/accessors-smart-2.4.8.jar!/, jar:file:/C:/Users/ADMIN/.gradle/caches/modules-2/files-2.1/org.opentest4j/opentest4j/1.2.0/28c11eb91f9b6d8e200631d46e20a7f407f2a046/opentest4j-1.2.0.jar!/, jar:file:/C:/Users/ADMIN/.gradle/caches/modules-2/files-2.1/org.attoparser/attoparser/2.0.6.RELEASE/8f603f22a18d4f7258f8860ccbb68b069f49904a/attoparser-2.0.6.RELEASE.jar!/, jar:file:/C:/Users/ADMIN/.gradle/caches/modules-2/files-2.1/org.unbescape/unbescape/1.1.6.RELEASE/7b90360afb2b860e09e8347112800d12c12b2a13/unbescape-1.1.6.RELEASE.jar!/, jar:file:/C:/Users/ADMIN/.gradle/caches/modules-2/files-2.1/org.springframework.retry/spring-retry/2.0.0/6a7a653901b58eb741692417f33b5bebedbd01f7/spring-retry-2.0.0.jar!/, jar:file:/C:/Users/ADMIN/.gradle/caches/modules-2/files-2.1/org.ow2.asm/asm/9.1/a99500cf6eea30535eeac6be73899d048f8d12a8/asm-9.1.jar!/]
19:37:23.679 [Test worker] DEBUG com.tngtech.archunit.core.importer.JavaClassProcessor - Processing class 'com/home/eshopee/sales/catalog/rest/CatalogController'
19:37:23.679 [Test worker] DEBUG com.tngtech.archunit.core.importer.JavaClassProcessor - Processing class 'com/home/eshopee/sales/catalog/jdbc/CatalogJdbcConfig'
19:37:23.679 [Test worker] DEBUG com.tngtech.archunit.core.importer.JavaClassProcessor - Processing class 'com/home/eshopee/sales/catalog/jdbc/CategoriesJdbc'
19:37:23.679 [Test worker] DEBUG com.tngtech.archunit.core.importer.JavaClassProcessor - Processing class 'com/home/eshopee/sales/catalog/jdbc/CategoryJdbc'
19:37:23.680 [Test worker] DEBUG com.tngtech.archunit.core.importer.JavaClassProcessor - Processing class 'com/home/eshopee/sales/catalog/jdbc/FindCategoriesJdbc'
19:37:23.680 [Test worker] DEBUG com.tngtech.archunit.core.importer.JavaClassProcessor - Processing class 'com/home/eshopee/sales/catalog/jdbc/FindProductsFromCategoryJdbc'
19:37:23.680 [Test worker] DEBUG com.tngtech.archunit.core.importer.JavaClassProcessor - Processing class 'com/home/eshopee/sales/catalog/jdbc/FindProductsJdbc'
19:37:23.680 [Test worker] DEBUG com.tngtech.archunit.core.importer.JavaClassProcessor - Processing class 'com/home/eshopee/sales/catalog/jdbc/ProductJdbc'
19:37:23.680 [Test worker] DEBUG com.tngtech.archunit.core.importer.JavaClassProcessor - Processing class 'com/home/eshopee/sales/catalog/jdbc/ProductsJdbc'
19:37:23.680 [Test worker] DEBUG com.tngtech.archunit.core.importer.JavaClassProcessor - Processing class 'com/home/eshopee/sales/catalog/jdbc/UnknownCategory'
19:37:23.680 [Test worker] DEBUG com.tngtech.archunit.core.importer.JavaClassProcessor - Processing class 'com/home/eshopee/sales/catalog/jdbc/UnknownProduct'
19:37:23.680 [Test worker] DEBUG com.tngtech.archunit.core.importer.JavaClassProcessor - Processing class 'com/home/eshopee/sales/catalog/category/Categories'
19:37:23.680 [Test worker] DEBUG com.tngtech.archunit.core.importer.JavaClassProcessor - Processing class 'com/home/eshopee/sales/catalog/category/Category'
19:37:23.680 [Test worker] DEBUG com.tngtech.archunit.core.importer.JavaClassProcessor - Processing class 'com/home/eshopee/sales/catalog/category/CategoryId'
19:37:23.680 [Test worker] DEBUG com.tngtech.archunit.core.importer.JavaClassProcessor - Processing class 'com/home/eshopee/sales/catalog/category/Title'
19:37:23.681 [Test worker] DEBUG com.tngtech.archunit.core.importer.JavaClassProcessor - Processing class 'com/home/eshopee/sales/catalog/category/Uri'
19:37:23.681 [Test worker] DEBUG com.tngtech.archunit.core.importer.JavaClassProcessor - Processing class 'com/home/eshopee/sales/catalog/FindCategories'
19:37:23.681 [Test worker] DEBUG com.tngtech.archunit.core.importer.JavaClassProcessor - Processing class 'com/home/eshopee/sales/catalog/FindProducts'
19:37:23.681 [Test worker] DEBUG com.tngtech.archunit.core.importer.JavaClassProcessor - Processing class 'com/home/eshopee/sales/catalog/FindProductsFromCategory'
19:37:23.681 [Test worker] DEBUG com.tngtech.archunit.core.importer.JavaClassProcessor - Processing class 'com/home/eshopee/sales/catalog/product/Description'
19:37:23.681 [Test worker] DEBUG com.tngtech.archunit.core.importer.JavaClassProcessor - Processing class 'com/home/eshopee/sales/catalog/product/Product'
19:37:23.681 [Test worker] DEBUG com.tngtech.archunit.core.importer.JavaClassProcessor - Processing class 'com/home/eshopee/sales/catalog/product/ProductId'
19:37:23.681 [Test worker] DEBUG com.tngtech.archunit.core.importer.JavaClassProcessor - Processing class 'com/home/eshopee/sales/catalog/product/Products'
19:37:23.681 [Test worker] DEBUG com.tngtech.archunit.core.importer.JavaClassProcessor - Processing class 'com/home/eshopee/sales/catalog/product/Title'
19:37:23.681 [Test worker] DEBUG com.tngtech.archunit.core.importer.DependencyResolutionProcess - Automatically resolving transitive class dependencies with the following configuration:
import.dependencyResolutionProcess.maxIterationsForMemberTypes = 1
import.dependencyResolutionProcess.maxIterationsForAccessesToTypes = 1
import.dependencyResolutionProcess.maxIterationsForSupertypes = -1
import.dependencyResolutionProcess.maxIterationsForEnclosingTypes = -1
import.dependencyResolutionProcess.maxIterationsForAnnotationTypes = -1
import.dependencyResolutionProcess.maxIterationsForGenericSignatureTypes = -1
19:37:23.681 [Test worker] DEBUG com.tngtech.archunit.core.importer.JavaClassProcessor - Processing class 'org/springframework/web/bind/annotation/PathVariable'
19:37:23.681 [Test worker] DEBUG com.tngtech.archunit.core.importer.JavaClassProcessor - Processing class 'java/lang/Float'
19:37:23.682 [Test worker] DEBUG com.tngtech.archunit.core.importer.JavaClassProcessor - Processing class 'org/slf4j/LoggerFactory'
19:37:23.682 [Test worker] DEBUG com.tngtech.archunit.core.importer.JavaClassProcessor - Processing class 'java/lang/Integer'
19:37:23.682 [Test worker] DEBUG com.tngtech.archunit.core.importer.JavaClassProcessor - Processing class 'com/home/eshopee/common/primitives/Money'
19:37:23.682 [Test worker] DEBUG com.tngtech.archunit.core.importer.JavaClassProcessor - Processing class 'java/math/BigDecimal'
19:37:23.683 [Test worker] DEBUG com.tngtech.archunit.core.importer.JavaClassProcessor - Processing class 'java/util/Map'
19:37:23.683 [Test worker] DEBUG com.tngtech.archunit.core.importer.JavaClassProcessor - Processing class 'org/springframework/web/bind/annotation/RestController'
19:37:23.684 [Test worker] DEBUG com.tngtech.archunit.core.importer.JavaClassProcessor - Processing class 'org/springframework/context/annotation/Configuration'
19:37:23.684 [Test worker] DEBUG com.tngtech.archunit.core.importer.JavaClassProcessor - Processing class 'java/util/List'
19:37:23.684 [Test worker] DEBUG com.tngtech.archunit.core.importer.JavaClassProcessor - Processing class 'java/util/stream/Stream'
19:37:23.684 [Test worker] DEBUG com.tngtech.archunit.core.importer.JavaClassProcessor - Processing class 'java/util/Optional'
19:37:23.684 [Test worker] DEBUG com.tngtech.archunit.core.importer.JavaClassProcessor - Processing class 'java/util/regex/Pattern'
19:37:23.684 [Test worker] DEBUG com.tngtech.archunit.core.importer.JavaClassProcessor - Processing class 'org/springframework/web/bind/annotation/RequestMapping'
19:37:23.685 [Test worker] DEBUG com.tngtech.archunit.core.importer.JavaClassProcessor - Processing class 'org/springframework/jdbc/core/JdbcTemplate'
19:37:23.685 [Test worker] DEBUG com.tngtech.archunit.core.importer.JavaClassProcessor - Processing class 'java/util/ArrayList'
19:37:23.686 [Test worker] DEBUG com.tngtech.archunit.core.importer.JavaClassProcessor - Processing class 'org/springframework/web/bind/annotation/GetMapping'
19:37:23.686 [Test worker] DEBUG com.tngtech.archunit.core.importer.JavaClassProcessor - Processing class 'java/lang/String'
19:37:23.686 [Test worker] DEBUG com.tngtech.archunit.core.importer.JavaClassProcessor - Processing class 'org/slf4j/Logger'
19:37:23.686 [Test worker] DEBUG com.tngtech.archunit.core.importer.JavaClassProcessor - Processing class 'java/lang/IllegalArgumentException'
19:37:23.687 [Test worker] DEBUG com.tngtech.archunit.core.importer.JavaClassProcessor - Processing class 'java/lang/Object'
19:37:23.687 [Test worker] DEBUG com.tngtech.archunit.core.importer.JavaClassProcessor - Processing class 'org/springframework/context/annotation/Bean'
19:37:23.687 [Test worker] DEBUG com.tngtech.archunit.core.importer.JavaClassProcessor - Processing class 'org/springframework/jdbc/core/JdbcOperations'
19:37:23.687 [Test worker] DEBUG com.tngtech.archunit.core.importer.JavaClassProcessor - Processing class 'java/net/URL'
19:37:23.687 [Test worker] DEBUG com.tngtech.archunit.core.importer.JavaClassProcessor - Processing class 'java/util/function/IntConsumer'
19:37:23.687 [Test worker] DEBUG com.tngtech.archunit.core.importer.JavaClassProcessor - Processing class 'org/springframework/jdbc/support/JdbcAccessor'
19:37:23.688 [Test worker] DEBUG com.tngtech.archunit.core.importer.JavaClassProcessor - Processing class 'org/springframework/jdbc/core/SqlParameter'
19:37:23.688 [Test worker] DEBUG com.tngtech.archunit.core.importer.JavaClassProcessor - Processing class 'java/util/AbstractList'
19:37:23.688 [Test worker] DEBUG com.tngtech.archunit.core.importer.JavaClassProcessor - Processing class 'org/slf4j/helpers/CheckReturnValue'
19:37:23.688 [Test worker] DEBUG com.tngtech.archunit.core.importer.JavaClassProcessor - Processing class 'java/util/function/DoubleConsumer'
19:37:23.688 [Test worker] DEBUG com.tngtech.archunit.core.importer.JavaClassProcessor - Processing class 'java/lang/annotation/Documented'
19:37:23.688 [Test worker] DEBUG com.tngtech.archunit.core.importer.JavaClassProcessor - Processing class 'org/springframework/web/bind/annotation/ControllerMappingReflectiveProcessor'
19:37:23.688 [Test worker] DEBUG com.tngtech.archunit.core.importer.JavaClassProcessor - Processing class 'java/lang/Cloneable'
19:37:23.688 [Test worker] DEBUG com.tngtech.archunit.core.importer.JavaClassProcessor - Processing class 'org/springframework/aot/hint/annotation/Reflective'
19:37:23.688 [Test worker] DEBUG com.tngtech.archunit.core.importer.JavaClassProcessor - Processing class 'jdk/internal/vm/annotation/ForceInline'
19:37:23.688 [Test worker] DEBUG com.tngtech.archunit.core.importer.JavaClassProcessor - Processing class 'java/lang/CharSequence'
19:37:23.688 [Test worker] DEBUG com.tngtech.archunit.core.importer.JavaClassProcessor - Processing class 'java/util/Collection'
19:37:23.688 [Test worker] DEBUG com.tngtech.archunit.core.importer.JavaClassProcessor - Processing class 'org/springframework/web/bind/annotation/RequestMethod'
19:37:23.689 [Test worker] DEBUG com.tngtech.archunit.core.importer.JavaClassProcessor - Processing class 'java/util/stream/DoubleStream'
19:37:23.689 [Test worker] DEBUG com.tngtech.archunit.core.importer.JavaClassProcessor - Processing class 'java/io/Serializable'
19:37:23.689 [Test worker] DEBUG com.tngtech.archunit.core.importer.JavaClassProcessor - Processing class 'org/slf4j/spi/SLF4JServiceProvider'
19:37:23.689 [Test worker] DEBUG com.tngtech.archunit.core.importer.JavaClassProcessor - Processing class 'java/lang/annotation/Annotation'
19:37:23.689 [Test worker] DEBUG com.tngtech.archunit.core.importer.JavaClassProcessor - Processing class 'jdk/internal/ValueBased'
19:37:23.689 [Test worker] DEBUG com.tngtech.archunit.core.importer.JavaClassProcessor - Processing class 'java/util/stream/IntStream'
19:37:23.689 [Test worker] DEBUG com.tngtech.archunit.core.importer.JavaClassProcessor - Processing class 'java/lang/Throwable'
19:37:23.689 [Test worker] DEBUG com.tngtech.archunit.core.importer.JavaClassProcessor - Processing class 'org/springframework/stereotype/Controller'
19:37:23.689 [Test worker] DEBUG com.tngtech.archunit.core.importer.JavaClassProcessor - Processing class 'java/lang/annotation/Retention'
19:37:23.689 [Test worker] DEBUG com.tngtech.archunit.core.importer.JavaClassProcessor - Processing class 'java/util/RandomAccess'
19:37:23.689 [Test worker] DEBUG com.tngtech.archunit.core.importer.JavaClassProcessor - Processing class 'java/lang/constant/ConstantDesc'
19:37:23.689 [Test worker] DEBUG com.tngtech.archunit.core.importer.JavaClassProcessor - Processing class 'org/springframework/lang/Nullable'
19:37:23.689 [Test worker] DEBUG com.tngtech.archunit.core.importer.JavaClassProcessor - Processing class 'java/lang/Number'
19:37:23.689 [Test worker] DEBUG com.tngtech.archunit.core.importer.JavaClassProcessor - Processing class 'org/springframework/core/annotation/AliasFor'
19:37:23.690 [Test worker] DEBUG com.tngtech.archunit.core.importer.JavaClassProcessor - Processing class 'java/util/Map$Entry'
19:37:23.690 [Test worker] DEBUG com.tngtech.archunit.core.importer.JavaClassProcessor - Processing class 'java/lang/SafeVarargs'
19:37:23.690 [Test worker] DEBUG com.tngtech.archunit.core.importer.JavaClassProcessor - Processing class 'jdk/internal/vm/annotation/IntrinsicCandidate'
19:37:23.690 [Test worker] DEBUG com.tngtech.archunit.core.importer.JavaClassProcessor - Processing class 'java/util/stream/LongStream'
19:37:23.690 [Test worker] DEBUG com.tngtech.archunit.core.importer.JavaClassProcessor - Processing class 'jdk/internal/vm/annotation/Stable'
19:37:23.690 [Test worker] DEBUG com.tngtech.archunit.core.importer.JavaClassProcessor - Processing class 'java/lang/Deprecated'
19:37:23.690 [Test worker] DEBUG com.tngtech.archunit.core.importer.JavaClassProcessor - Processing class 'java/lang/annotation/Target'
19:37:23.690 [Test worker] DEBUG com.tngtech.archunit.core.importer.JavaClassProcessor - Processing class 'java/lang/RuntimeException'
19:37:23.690 [Test worker] DEBUG com.tngtech.archunit.core.importer.JavaClassProcessor - Processing class 'java/lang/annotation/ElementType'
19:37:23.690 [Test worker] DEBUG com.tngtech.archunit.core.importer.JavaClassProcessor - Processing class 'org/springframework/web/bind/annotation/ResponseBody'
19:37:23.690 [Test worker] DEBUG com.tngtech.archunit.core.importer.JavaClassProcessor - Processing class 'java/util/function/LongConsumer'
19:37:23.690 [Test worker] DEBUG com.tngtech.archunit.core.importer.JavaClassProcessor - Processing class 'java/util/function/Consumer'
19:37:23.690 [Test worker] DEBUG com.tngtech.archunit.core.importer.JavaClassProcessor - Processing class 'java/lang/constant/Constable'
19:37:23.690 [Test worker] DEBUG com.tngtech.archunit.core.importer.JavaClassProcessor - Processing class 'org/springframework/stereotype/Component'
19:37:23.690 [Test worker] DEBUG com.tngtech.archunit.core.importer.JavaClassProcessor - Processing class 'java/util/regex/Pattern$Node'
19:37:23.690 [Test worker] DEBUG com.tngtech.archunit.core.importer.JavaClassProcessor - Processing class 'java/util/stream/BaseStream'
19:37:23.690 [Test worker] DEBUG com.tngtech.archunit.core.importer.JavaClassProcessor - Processing class 'java/lang/Comparable'
19:37:23.690 [Test worker] DEBUG com.tngtech.archunit.core.importer.JavaClassProcessor - Processing class 'java/lang/annotation/RetentionPolicy'
19:37:23.690 [Test worker] DEBUG com.tngtech.archunit.core.importer.JavaClassProcessor - Processing class 'org/springframework/web/bind/annotation/Mapping'
19:37:23.690 [Test worker] DEBUG com.tngtech.archunit.core.importer.JavaClassProcessor - Processing class 'java/lang/Double'
19:37:23.691 [Test worker] DEBUG com.tngtech.archunit.core.importer.JavaClassProcessor - Processing class 'java/lang/AutoCloseable'
19:37:23.691 [Test worker] DEBUG com.tngtech.archunit.core.importer.JavaClassProcessor - Processing class 'org/springframework/beans/factory/InitializingBean'
19:37:23.691 [Test worker] DEBUG com.tngtech.archunit.core.importer.JavaClassProcessor - Processing class 'java/lang/Iterable'
19:37:23.691 [Test worker] DEBUG com.tngtech.archunit.core.importer.JavaClassProcessor - Processing class 'java/lang/FunctionalInterface'
19:37:23.691 [Test worker] DEBUG com.tngtech.archunit.core.importer.JavaClassProcessor - Processing class 'java/util/AbstractCollection'
19:37:23.691 [Test worker] DEBUG com.tngtech.archunit.core.importer.JavaClassProcessor - Processing class 'org/springframework/aot/hint/annotation/ReflectiveProcessor'
19:37:23.691 [Test worker] DEBUG com.tngtech.archunit.core.importer.JavaClassProcessor - Processing class 'java/lang/Enum'
19:37:23.691 [Test worker] DEBUG com.tngtech.archunit.core.importer.JavaClassProcessor - Processing class 'java/lang/Long'
19:37:23.691 [Test worker] DEBUG com.tngtech.archunit.core.importer.JavaClassProcessor - Processing class 'org/springframework/stereotype/Indexed'
19:37:23.691 [Test worker] DEBUG com.tngtech.archunit.core.importer.JavaClassProcessor - Processing class 'java/net/spi/URLStreamHandlerProvider'
19:37:23.692 [Test worker] DEBUG com.tngtech.archunit.core.importer.JavaClassProcessor - Processing class 'java/lang/Exception'
19:37:23.692 [Test worker] DEBUG com.tngtech.archunit.core.importer.JavaClassProcessor - Processing class 'java/net/URLStreamHandler'
19:37:23.692 [Test worker] DEBUG com.tngtech.archunit.core.importer.JavaClassProcessor - Processing class 'org/springframework/aot/hint/annotation/SimpleReflectiveProcessor'
19:37:23.692 [Test worker] DEBUG com.tngtech.archunit.core.importer.JavaClassProcessor - Processing class 'java/net/URLStreamHandlerFactory'
19:37:23.692 [Test worker] DEBUG com.tngtech.archunit.core.importer.JavaClassProcessor - Processing class 'java/lang/Enum$EnumDesc'
19:37:23.692 [Test worker] DEBUG com.tngtech.archunit.core.importer.JavaClassProcessor - Processing class 'java/lang/constant/DynamicConstantDesc'
19:37:23.693 [Test worker] DEBUG com.tngtech.archunit.core.importer.JavaClassProcessor - Processing class 'java/util/Spliterator$OfInt'
19:37:23.693 [Test worker] DEBUG com.tngtech.archunit.core.importer.JavaClassProcessor - Processing class 'java/lang/Class'
19:37:23.694 [Test worker] DEBUG com.tngtech.archunit.core.importer.JavaClassProcessor - Processing class 'java/lang/NumberFormatException'
19:37:23.694 [Test worker] DEBUG com.tngtech.archunit.core.importer.JavaClassProcessor - Processing class 'java/lang/invoke/MethodHandles$Lookup'
19:37:23.695 [Test worker] DEBUG com.tngtech.archunit.core.importer.JavaClassProcessor - Processing class 'java/lang/ReflectiveOperationException'
19:37:23.695 [Test worker] DEBUG com.tngtech.archunit.core.importer.JavaClassProcessor - Processing class 'java/lang/CloneNotSupportedException'
19:37:23.695 [Test worker] DEBUG com.tngtech.archunit.core.importer.JavaClassProcessor - Processing class 'java/io/ObjectInputStream'
19:37:23.695 [Test worker] DEBUG com.tngtech.archunit.core.importer.JavaClassProcessor - Processing class 'java/io/IOException'
19:37:23.695 [Test worker] DEBUG com.tngtech.archunit.core.importer.JavaClassProcessor - Processing class 'java/lang/ClassNotFoundException'
19:37:23.695 [Test worker] DEBUG com.tngtech.archunit.core.importer.JavaClassProcessor - Processing class 'java/io/ObjectStreamException'
19:37:23.695 [Test worker] DEBUG com.tngtech.archunit.core.importer.JavaClassProcessor - Processing class 'java/lang/constant/ClassDesc'
19:37:23.696 [Test worker] DEBUG com.tngtech.archunit.core.importer.JavaClassProcessor - Processing class 'java/util/Iterator'
19:37:23.696 [Test worker] DEBUG com.tngtech.archunit.core.importer.JavaClassProcessor - Processing class 'java/util/Spliterator'
19:37:23.696 [Test worker] DEBUG com.tngtech.archunit.core.importer.JavaClassProcessor - Processing class 'java/math/BigInteger'
19:37:23.697 [Test worker] DEBUG com.tngtech.archunit.core.importer.JavaClassProcessor - Processing class 'java/lang/InterruptedException'
19:37:23.697 [Test worker] DEBUG com.tngtech.archunit.core.importer.JavaClassProcessor - Processing class 'java/io/ObjectStreamField'
19:37:23.697 [Test worker] DEBUG com.tngtech.archunit.core.importer.JavaClassProcessor - Processing class 'java/util/Comparator'
19:37:23.697 [Test worker] DEBUG com.tngtech.archunit.core.importer.JavaClassProcessor - Processing class 'java/lang/Void'
19:37:23.697 [Test worker] DEBUG com.tngtech.archunit.core.importer.JavaClassProcessor - Processing class 'java/nio/charset/Charset'
19:37:23.697 [Test worker] DEBUG com.tngtech.archunit.core.importer.JavaClassProcessor - Processing class 'java/nio/charset/MalformedInputException'
19:37:23.697 [Test worker] DEBUG com.tngtech.archunit.core.importer.JavaClassProcessor - Processing class 'java/nio/charset/CharacterCodingException'
19:37:23.697 [Test worker] DEBUG com.tngtech.archunit.core.importer.JavaClassProcessor - Processing class 'sun/nio/cs/ArrayDecoder'
19:37:23.697 [Test worker] DEBUG com.tngtech.archunit.core.importer.JavaClassProcessor - Processing class 'java/io/UnsupportedEncodingException'
19:37:23.697 [Test worker] DEBUG com.tngtech.archunit.core.importer.JavaClassProcessor - Processing class 'sun/nio/cs/ArrayEncoder'
19:37:23.698 [Test worker] DEBUG com.tngtech.archunit.core.importer.JavaClassProcessor - Processing class 'java/nio/charset/UnmappableCharacterException'
19:37:23.698 [Test worker] DEBUG com.tngtech.archunit.core.importer.JavaClassProcessor - Processing class 'java/nio/charset/CharsetDecoder'
19:37:23.698 [Test worker] DEBUG com.tngtech.archunit.core.importer.JavaClassProcessor - Processing class 'java/lang/StringBuffer'
19:37:23.698 [Test worker] DEBUG com.tngtech.archunit.core.importer.JavaClassProcessor - Processing class 'java/lang/AbstractStringBuilder'
19:37:23.699 [Test worker] DEBUG com.tngtech.archunit.core.importer.JavaClassProcessor - Processing class 'java/util/Locale'
19:37:23.699 [Test worker] DEBUG com.tngtech.archunit.core.importer.JavaClassProcessor - Processing class 'java/util/function/Function'
19:37:23.699 [Test worker] DEBUG com.tngtech.archunit.core.importer.JavaClassProcessor - Processing class 'java/lang/StringBuilder'
19:37:23.700 [Test worker] DEBUG com.tngtech.archunit.core.importer.JavaClassProcessor - Processing class 'java/lang/StackTraceElement'
19:37:23.700 [Test worker] DEBUG com.tngtech.archunit.core.importer.JavaClassProcessor - Processing class 'java/io/PrintStream'
19:37:23.700 [Test worker] DEBUG com.tngtech.archunit.core.importer.JavaClassProcessor - Processing class 'java/lang/Throwable$PrintStreamOrWriter'
19:37:23.700 [Test worker] DEBUG com.tngtech.archunit.core.importer.JavaClassProcessor - Processing class 'java/util/Set'
19:37:23.700 [Test worker] DEBUG com.tngtech.archunit.core.importer.JavaClassProcessor - Processing class 'java/io/PrintWriter'
19:37:23.701 [Test worker] DEBUG com.tngtech.archunit.core.importer.JavaClassProcessor - Processing class 'java/io/ObjectOutputStream'
19:37:23.701 [Test worker] DEBUG com.tngtech.archunit.core.importer.JavaClassProcessor - Processing class 'java/lang/constant/DirectMethodHandleDesc'
19:37:23.702 [Test worker] DEBUG com.tngtech.archunit.core.importer.JavaClassProcessor - Processing class 'java/math/MathContext'
19:37:23.702 [Test worker] DEBUG com.tngtech.archunit.core.importer.JavaClassProcessor - Processing class 'java/math/RoundingMode'
19:37:23.702 [Test worker] DEBUG com.tngtech.archunit.core.importer.JavaClassProcessor - Processing class 'java/math/MutableBigInteger'
19:37:23.703 [Test worker] DEBUG com.tngtech.archunit.core.importer.JavaClassProcessor - Processing class 'java/net/InetAddress'
19:37:23.703 [Test worker] DEBUG com.tngtech.archunit.core.importer.JavaClassProcessor - Processing class 'java/net/UrlDeserializedState'
19:37:23.703 [Test worker] DEBUG com.tngtech.archunit.core.importer.JavaClassProcessor - Processing class 'java/lang/ThreadLocal'
19:37:23.703 [Test worker] DEBUG com.tngtech.archunit.core.importer.JavaClassProcessor - Processing class 'java/util/Hashtable'
19:37:23.703 [Test worker] DEBUG com.tngtech.archunit.core.importer.JavaClassProcessor - Processing class 'java/net/URI'
19:37:23.704 [Test worker] DEBUG com.tngtech.archunit.core.importer.JavaClassProcessor - Processing class 'java/net/MalformedURLException'
19:37:23.704 [Test worker] DEBUG com.tngtech.archunit.core.importer.JavaClassProcessor - Processing class 'java/lang/SecurityManager'
19:37:23.704 [Test worker] DEBUG com.tngtech.archunit.core.importer.JavaClassProcessor - Processing class 'java/net/URISyntaxException'
19:37:23.704 [Test worker] DEBUG com.tngtech.archunit.core.importer.JavaClassProcessor - Processing class 'java/net/URLConnection'
19:37:23.704 [Test worker] DEBUG com.tngtech.archunit.core.importer.JavaClassProcessor - Processing class 'java/net/Proxy'
19:37:23.704 [Test worker] DEBUG com.tngtech.archunit.core.importer.JavaClassProcessor - Processing class 'java/io/InputStream'
19:37:23.705 [Test worker] DEBUG com.tngtech.archunit.core.importer.JavaClassProcessor - Processing class 'java/io/InvalidObjectException'
19:37:23.705 [Test worker] DEBUG com.tngtech.archunit.core.importer.JavaClassProcessor - Processing class 'sun/net/www/protocol/jar/Handler'
19:37:23.705 [Test worker] DEBUG com.tngtech.archunit.core.importer.JavaClassProcessor - Processing class 'java/util/ListIterator'
19:37:23.706 [Test worker] DEBUG com.tngtech.archunit.core.importer.JavaClassProcessor - Processing class 'java/util/function/Predicate'
19:37:23.706 [Test worker] DEBUG com.tngtech.archunit.core.importer.JavaClassProcessor - Processing class 'java/util/function/UnaryOperator'
19:37:23.706 [Test worker] DEBUG com.tngtech.archunit.core.importer.JavaClassProcessor - Processing class 'java/util/function/IntFunction'
19:37:23.706 [Test worker] DEBUG com.tngtech.archunit.core.importer.JavaClassProcessor - Processing class 'java/util/function/BiConsumer'
19:37:23.706 [Test worker] DEBUG com.tngtech.archunit.core.importer.JavaClassProcessor - Processing class 'java/util/function/BiFunction'
19:37:23.707 [Test worker] DEBUG com.tngtech.archunit.core.importer.JavaClassProcessor - Processing class 'java/util/ImmutableCollections$AbstractImmutableMap'
19:37:23.707 [Test worker] DEBUG com.tngtech.archunit.core.importer.JavaClassProcessor - Processing class 'java/util/KeyValueHolder'
19:37:23.707 [Test worker] DEBUG com.tngtech.archunit.core.importer.JavaClassProcessor - Processing class 'java/lang/invoke/SerializedLambda'
19:37:23.707 [Test worker] DEBUG com.tngtech.archunit.core.importer.JavaClassProcessor - Processing class 'java/lang/Runnable'
19:37:23.707 [Test worker] DEBUG com.tngtech.archunit.core.importer.JavaClassProcessor - Processing class 'java/util/function/Supplier'
19:37:23.707 [Test worker] DEBUG com.tngtech.archunit.core.importer.JavaClassProcessor - Processing class 'java/util/regex/Pattern$CharPredicate'
19:37:23.707 [Test worker] DEBUG com.tngtech.archunit.core.importer.JavaClassProcessor - Processing class 'java/util/regex/Pattern$GroupHead'
19:37:23.707 [Test worker] DEBUG com.tngtech.archunit.core.importer.JavaClassProcessor - Processing class 'java/util/regex/Matcher'
19:37:23.708 [Test worker] DEBUG com.tngtech.archunit.core.importer.JavaClassProcessor - Processing class 'java/util/regex/Pattern$Slice'
19:37:23.708 [Test worker] DEBUG com.tngtech.archunit.core.importer.JavaClassProcessor - Processing class 'java/util/regex/Pattern$Begin'
19:37:23.708 [Test worker] DEBUG com.tngtech.archunit.core.importer.JavaClassProcessor - Processing class 'java/util/regex/Pattern$First'
19:37:23.708 [Test worker] DEBUG com.tngtech.archunit.core.importer.JavaClassProcessor - Processing class 'java/util/regex/Pattern$Loop'
19:37:23.708 [Test worker] DEBUG com.tngtech.archunit.core.importer.JavaClassProcessor - Processing class 'java/util/regex/PatternSyntaxException'
19:37:23.708 [Test worker] DEBUG com.tngtech.archunit.core.importer.JavaClassProcessor - Processing class 'java/util/regex/Pattern$BitClass'
19:37:23.708 [Test worker] DEBUG com.tngtech.archunit.core.importer.JavaClassProcessor - Processing class 'java/util/regex/Pattern$CharProperty'
19:37:23.708 [Test worker] DEBUG com.tngtech.archunit.core.importer.JavaClassProcessor - Processing class 'java/util/regex/Pattern$BmpCharPredicate'
19:37:23.708 [Test worker] DEBUG com.tngtech.archunit.core.importer.JavaClassProcessor - Processing class 'java/util/regex/Pattern$Ques'
19:37:23.708 [Test worker] DEBUG com.tngtech.archunit.core.importer.JavaClassProcessor - Processing class 'java/util/regex/Pattern$Curly'
19:37:23.708 [Test worker] DEBUG com.tngtech.archunit.core.importer.JavaClassProcessor - Processing class 'java/util/regex/Pattern$Qtype'
19:37:23.708 [Test worker] DEBUG com.tngtech.archunit.core.importer.JavaClassProcessor - Processing class 'java/util/regex/Pattern$BmpCharProperty'
19:37:23.708 [Test worker] DEBUG com.tngtech.archunit.core.importer.JavaClassProcessor - Processing class 'java/util/regex/Pattern$TreeInfo'
19:37:23.708 [Test worker] DEBUG com.tngtech.archunit.core.importer.JavaClassProcessor - Processing class 'java/util/function/DoublePredicate'
19:37:23.708 [Test worker] DEBUG com.tngtech.archunit.core.importer.JavaClassProcessor - Processing class 'java/util/function/DoubleUnaryOperator'
19:37:23.708 [Test worker] DEBUG com.tngtech.archunit.core.importer.JavaClassProcessor - Processing class 'java/util/function/DoubleFunction'
19:37:23.708 [Test worker] DEBUG com.tngtech.archunit.core.importer.JavaClassProcessor - Processing class 'java/util/function/DoubleToIntFunction'
19:37:23.708 [Test worker] DEBUG com.tngtech.archunit.core.importer.JavaClassProcessor - Processing class 'java/util/function/DoubleToLongFunction'
19:37:23.708 [Test worker] DEBUG com.tngtech.archunit.core.importer.JavaClassProcessor - Processing class 'java/util/stream/DoubleStream$DoubleMapMultiConsumer'
19:37:23.709 [Test worker] DEBUG com.tngtech.archunit.core.importer.JavaClassProcessor - Processing class 'java/util/function/DoubleBinaryOperator'
19:37:23.709 [Test worker] DEBUG com.tngtech.archunit.core.importer.JavaClassProcessor - Processing class 'java/util/OptionalDouble'
19:37:23.709 [Test worker] DEBUG com.tngtech.archunit.core.importer.JavaClassProcessor - Processing class 'java/util/function/ObjDoubleConsumer'
19:37:23.709 [Test worker] DEBUG com.tngtech.archunit.core.importer.JavaClassProcessor - Processing class 'java/util/DoubleSummaryStatistics'
19:37:23.709 [Test worker] DEBUG com.tngtech.archunit.core.importer.JavaClassProcessor - Processing class 'java/util/PrimitiveIterator$OfDouble'
19:37:23.709 [Test worker] DEBUG com.tngtech.archunit.core.importer.JavaClassProcessor - Processing class 'java/util/Spliterator$OfDouble'
19:37:23.709 [Test worker] DEBUG com.tngtech.archunit.core.importer.JavaClassProcessor - Processing class 'java/util/stream/DoubleStream$Builder'
19:37:23.709 [Test worker] DEBUG com.tngtech.archunit.core.importer.JavaClassProcessor - Processing class 'java/util/function/DoubleSupplier'
19:37:23.709 [Test worker] DEBUG com.tngtech.archunit.core.importer.JavaClassProcessor - Processing class 'java/util/function/IntPredicate'
19:37:23.709 [Test worker] DEBUG com.tngtech.archunit.core.importer.JavaClassProcessor - Processing class 'java/util/function/IntUnaryOperator'
19:37:23.709 [Test worker] DEBUG com.tngtech.archunit.core.importer.JavaClassProcessor - Processing class 'java/util/function/IntToLongFunction'
19:37:23.709 [Test worker] DEBUG com.tngtech.archunit.core.importer.JavaClassProcessor - Processing class 'java/util/function/IntToDoubleFunction'
19:37:23.709 [Test worker] DEBUG com.tngtech.archunit.core.importer.JavaClassProcessor - Processing class 'java/util/stream/IntStream$IntMapMultiConsumer'
19:37:23.709 [Test worker] DEBUG com.tngtech.archunit.core.importer.JavaClassProcessor - Processing class 'java/util/function/IntBinaryOperator'
19:37:23.709 [Test worker] DEBUG com.tngtech.archunit.core.importer.JavaClassProcessor - Processing class 'java/util/OptionalInt'
19:37:23.709 [Test worker] DEBUG com.tngtech.archunit.core.importer.JavaClassProcessor - Processing class 'java/util/function/ObjIntConsumer'
19:37:23.709 [Test worker] DEBUG com.tngtech.archunit.core.importer.JavaClassProcessor - Processing class 'java/util/IntSummaryStatistics'
19:37:23.709 [Test worker] DEBUG com.tngtech.archunit.core.importer.JavaClassProcessor - Processing class 'java/util/PrimitiveIterator$OfInt'
19:37:23.709 [Test worker] DEBUG com.tngtech.archunit.core.importer.JavaClassProcessor - Processing class 'java/util/stream/IntStream$Builder'
19:37:23.709 [Test worker] DEBUG com.tngtech.archunit.core.importer.JavaClassProcessor - Processing class 'java/util/function/IntSupplier'
19:37:23.709 [Test worker] DEBUG com.tngtech.archunit.core.importer.JavaClassProcessor - Processing class 'java/util/function/LongPredicate'
19:37:23.709 [Test worker] DEBUG com.tngtech.archunit.core.importer.JavaClassProcessor - Processing class 'java/util/function/LongUnaryOperator'
19:37:23.709 [Test worker] DEBUG com.tngtech.archunit.core.importer.JavaClassProcessor - Processing class 'java/util/function/LongFunction'
19:37:23.710 [Test worker] DEBUG com.tngtech.archunit.core.importer.JavaClassProcessor - Processing class 'java/util/function/LongToIntFunction'
19:37:23.710 [Test worker] DEBUG com.tngtech.archunit.core.importer.JavaClassProcessor - Processing class 'java/util/function/LongToDoubleFunction'
19:37:23.710 [Test worker] DEBUG com.tngtech.archunit.core.importer.JavaClassProcessor - Processing class 'java/util/stream/LongStream$LongMapMultiConsumer'
19:37:23.710 [Test worker] DEBUG com.tngtech.archunit.core.importer.JavaClassProcessor - Processing class 'java/util/function/LongBinaryOperator'
19:37:23.710 [Test worker] DEBUG com.tngtech.archunit.core.importer.JavaClassProcessor - Processing class 'java/util/OptionalLong'
19:37:23.710 [Test worker] DEBUG com.tngtech.archunit.core.importer.JavaClassProcessor - Processing class 'java/util/function/ObjLongConsumer'
19:37:23.710 [Test worker] DEBUG com.tngtech.archunit.core.importer.JavaClassProcessor - Processing class 'java/util/LongSummaryStatistics'
19:37:23.710 [Test worker] DEBUG com.tngtech.archunit.core.importer.JavaClassProcessor - Processing class 'java/util/PrimitiveIterator$OfLong'
19:37:23.710 [Test worker] DEBUG com.tngtech.archunit.core.importer.JavaClassProcessor - Processing class 'java/util/Spliterator$OfLong'
19:37:23.710 [Test worker] DEBUG com.tngtech.archunit.core.importer.JavaClassProcessor - Processing class 'java/util/stream/LongStream$Builder'
19:37:23.710 [Test worker] DEBUG com.tngtech.archunit.core.importer.JavaClassProcessor - Processing class 'java/util/function/LongSupplier'
19:37:23.710 [Test worker] DEBUG com.tngtech.archunit.core.importer.JavaClassProcessor - Processing class 'java/util/function/ToIntFunction'
19:37:23.710 [Test worker] DEBUG com.tngtech.archunit.core.importer.JavaClassProcessor - Processing class 'java/util/function/ToLongFunction'
19:37:23.710 [Test worker] DEBUG com.tngtech.archunit.core.importer.JavaClassProcessor - Processing class 'java/util/function/ToDoubleFunction'
19:37:23.710 [Test worker] DEBUG com.tngtech.archunit.core.importer.JavaClassProcessor - Processing class 'java/util/function/BinaryOperator'
19:37:23.710 [Test worker] DEBUG com.tngtech.archunit.core.importer.JavaClassProcessor - Processing class 'java/util/stream/Collector'
19:37:23.710 [Test worker] DEBUG com.tngtech.archunit.core.importer.JavaClassProcessor - Processing class 'java/util/stream/Stream$Builder'
19:37:23.711 [Test worker] DEBUG com.tngtech.archunit.core.importer.JavaClassProcessor - Processing class 'org/slf4j/spi/LoggingEventBuilder'
19:37:23.711 [Test worker] DEBUG com.tngtech.archunit.core.importer.JavaClassProcessor - Processing class 'org/slf4j/event/Level'
19:37:23.711 [Test worker] DEBUG com.tngtech.archunit.core.importer.JavaClassProcessor - Processing class 'org/slf4j/Marker'
19:37:23.711 [Test worker] DEBUG com.tngtech.archunit.core.importer.JavaClassProcessor - Processing class 'org/slf4j/helpers/SubstituteServiceProvider'
19:37:23.712 [Test worker] DEBUG com.tngtech.archunit.core.importer.JavaClassProcessor - Processing class 'org/slf4j/helpers/NOP_FallbackServiceProvider'
19:37:23.712 [Test worker] DEBUG com.tngtech.archunit.core.importer.JavaClassProcessor - Processing class 'java/util/ServiceLoader'
19:37:23.712 [Test worker] DEBUG com.tngtech.archunit.core.importer.JavaClassProcessor - Processing class 'java/lang/ClassLoader'
19:37:23.712 [Test worker] DEBUG com.tngtech.archunit.core.importer.JavaClassProcessor - Processing class 'org/slf4j/event/SubstituteLoggingEvent'
19:37:23.712 [Test worker] DEBUG com.tngtech.archunit.core.importer.JavaClassProcessor - Processing class 'org/slf4j/ILoggerFactory'
19:37:23.713 [Test worker] DEBUG com.tngtech.archunit.core.importer.JavaClassProcessor - Processing class 'org/slf4j/IMarkerFactory'
19:37:23.713 [Test worker] DEBUG com.tngtech.archunit.core.importer.JavaClassProcessor - Processing class 'org/slf4j/spi/MDCAdapter'
19:37:23.713 [Test worker] DEBUG com.tngtech.archunit.core.importer.JavaClassProcessor - Processing class 'org/springframework/aot/hint/ReflectionHints'
19:37:23.713 [Test worker] DEBUG com.tngtech.archunit.core.importer.JavaClassProcessor - Processing class 'java/lang/reflect/AnnotatedElement'
19:37:23.713 [Test worker] DEBUG com.tngtech.archunit.core.importer.JavaClassProcessor - Processing class 'java/lang/reflect/Constructor'
19:37:23.713 [Test worker] DEBUG com.tngtech.archunit.core.importer.JavaClassProcessor - Processing class 'java/lang/reflect/Field'
19:37:23.713 [Test worker] DEBUG com.tngtech.archunit.core.importer.JavaClassProcessor - Processing class 'java/lang/reflect/Method'
19:37:23.714 [Test worker] DEBUG com.tngtech.archunit.core.importer.JavaClassProcessor - Processing class 'org/springframework/jdbc/core/ConnectionCallback'
19:37:23.714 [Test worker] DEBUG com.tngtech.archunit.core.importer.JavaClassProcessor - Processing class 'org/springframework/dao/DataAccessException'
19:37:23.714 [Test worker] DEBUG com.tngtech.archunit.core.importer.JavaClassProcessor - Processing class 'org/springframework/jdbc/core/StatementCallback'
19:37:23.714 [Test worker] DEBUG com.tngtech.archunit.core.importer.JavaClassProcessor - Processing class 'org/springframework/jdbc/core/ResultSetExtractor'
19:37:23.714 [Test worker] DEBUG com.tngtech.archunit.core.importer.JavaClassProcessor - Processing class 'org/springframework/jdbc/core/RowCallbackHandler'
19:37:23.715 [Test worker] DEBUG com.tngtech.archunit.core.importer.JavaClassProcessor - Processing class 'org/springframework/jdbc/core/RowMapper'
19:37:23.715 [Test worker] DEBUG com.tngtech.archunit.core.importer.JavaClassProcessor - Processing class 'org/springframework/jdbc/support/rowset/SqlRowSet'
19:37:23.715 [Test worker] DEBUG com.tngtech.archunit.core.importer.JavaClassProcessor - Processing class 'org/springframework/jdbc/core/PreparedStatementCreator'
19:37:23.715 [Test worker] DEBUG com.tngtech.archunit.core.importer.JavaClassProcessor - Processing class 'org/springframework/jdbc/core/PreparedStatementCallback'
19:37:23.715 [Test worker] DEBUG com.tngtech.archunit.core.importer.JavaClassProcessor - Processing class 'org/springframework/jdbc/core/PreparedStatementSetter'
19:37:23.716 [Test worker] DEBUG com.tngtech.archunit.core.importer.JavaClassProcessor - Processing class 'org/springframework/jdbc/support/KeyHolder'
19:37:23.716 [Test worker] DEBUG com.tngtech.archunit.core.importer.JavaClassProcessor - Processing class 'org/springframework/jdbc/core/BatchPreparedStatementSetter'
19:37:23.716 [Test worker] DEBUG com.tngtech.archunit.core.importer.JavaClassProcessor - Processing class 'org/springframework/jdbc/core/ParameterizedPreparedStatementSetter'
19:37:23.716 [Test worker] DEBUG com.tngtech.archunit.core.importer.JavaClassProcessor - Processing class 'org/springframework/jdbc/core/CallableStatementCreator'
19:37:23.716 [Test worker] DEBUG com.tngtech.archunit.core.importer.JavaClassProcessor - Processing class 'org/springframework/jdbc/core/CallableStatementCallback'
19:37:23.716 [Test worker] DEBUG com.tngtech.archunit.core.importer.JavaClassProcessor - Processing class 'java/sql/Connection'
19:37:23.717 [Test worker] DEBUG com.tngtech.archunit.core.importer.JavaClassProcessor - Processing class 'org/springframework/jdbc/datasource/ConnectionProxy'
19:37:23.717 [Test worker] DEBUG com.tngtech.archunit.core.importer.JavaClassProcessor - Processing class 'org/springframework/jdbc/core/ParameterDisposer'
19:37:23.717 [Test worker] DEBUG com.tngtech.archunit.core.importer.JavaClassProcessor - Processing class 'org/springframework/jdbc/core/SqlReturnResultSet'
19:37:23.717 [Test worker] DEBUG com.tngtech.archunit.core.importer.JavaClassProcessor - Processing class 'java/sql/CallableStatement'
19:37:23.717 [Test worker] DEBUG com.tngtech.archunit.core.importer.JavaClassProcessor - Processing class 'java/sql/SQLException'
19:37:23.718 [Test worker] DEBUG com.tngtech.archunit.core.importer.JavaClassProcessor - Processing class 'org/springframework/jdbc/core/SqlOutParameter'
19:37:23.718 [Test worker] DEBUG com.tngtech.archunit.core.importer.JavaClassProcessor - Processing class 'java/sql/ResultSet'
19:37:23.718 [Test worker] DEBUG com.tngtech.archunit.core.importer.JavaClassProcessor - Processing class 'org/springframework/jdbc/core/ResultSetSupportingSqlParameter'
19:37:23.718 [Test worker] DEBUG com.tngtech.archunit.core.importer.JavaClassProcessor - Processing class 'java/sql/Statement'
19:37:23.718 [Test worker] DEBUG com.tngtech.archunit.core.importer.JavaClassProcessor - Processing class 'java/sql/SQLWarning'
19:37:23.718 [Test worker] DEBUG com.tngtech.archunit.core.importer.JavaClassProcessor - Processing class 'org/springframework/jdbc/SQLWarningException'
19:37:23.719 [Test worker] DEBUG com.tngtech.archunit.core.importer.JavaClassProcessor - Processing class 'org/springframework/jdbc/core/SqlProvider'
19:37:23.719 [Test worker] DEBUG com.tngtech.archunit.core.importer.JavaClassProcessor - Processing class 'java/sql/PreparedStatement'
19:37:23.719 [Test worker] DEBUG com.tngtech.archunit.core.importer.JavaClassProcessor - Processing class 'org/springframework/jdbc/core/InterruptibleBatchPreparedStatementSetter'
19:37:23.719 [Test worker] DEBUG com.tngtech.archunit.core.importer.JavaClassProcessor - Processing class 'org/apache/commons/logging/Log'
19:37:23.719 [Test worker] DEBUG com.tngtech.archunit.core.importer.JavaClassProcessor - Processing class 'javax/sql/DataSource'
19:37:23.719 [Test worker] DEBUG com.tngtech.archunit.core.importer.JavaClassProcessor - Processing class 'org/springframework/jdbc/support/SQLExceptionTranslator'
19:37:23.720 [Test worker] DEBUG com.tngtech.archunit.core.importer.JavaClassProcessor - Processing class 'org/springframework/aot/hint/BindingReflectionHintsRegistrar'
19:37:23.720 [Test worker] DEBUG com.tngtech.archunit.core.importer.JavaClassProcessor - Processing class 'org/springframework/core/MethodParameter'
19:37:23.720 [Test worker] DEBUG com.tngtech.archunit.core.importer.JavaClassProcessor - Processing class 'org/springframework/web/bind/annotation/RequestBody'
19:37:23.720 [Test worker] DEBUG com.tngtech.archunit.core.importer.JavaClassProcessor - Processing class 'org/springframework/http/HttpEntity'
19:37:23.721 [Test worker] DEBUG com.tngtech.archunit.core.importer.JavaClassProcessor - Processing class 'org/springframework/web/bind/annotation/ModelAttribute'
19:37:23.721 [Test worker] DEBUG com.tngtech.archunit.core.importer.JavaClassProcessor - Processing class 'org/springframework/web/bind/annotation/RequestPart'
19:37:23.721 [Test worker] DEBUG com.tngtech.archunit.core.importer.JavaClassProcessor - Processing class 'java/lang/reflect/Type'
19:37:23.721 [Test worker] DEBUG com.tngtech.archunit.core.importer.JavaClassProcessor - Processing class 'org/springframework/http/HttpMethod'
19:37:23.731 [Test worker] DEBUG com.tngtech.archunit.core.importer.UrlSource$From - Found URLs on sun.boot.class.path: []
19:37:23.735 [Test worker] DEBUG com.tngtech.archunit.core.importer.UrlSource$From - Found URLs on java.class.path: [jar:file:/C:/Users/ADMIN/.gradle/caches/7.4.2/workerMain/gradle-worker.jar!/, file:/D:/CODE/microservice/ddd-eshopee-EXPT-modulith/shopee-microservices/application/build/classes/java/test/, file:/D:/CODE/microservice/ddd-eshopee-EXPT-modulith/shopee-microservices/application/build/resources/test/, file:/D:/CODE/microservice/ddd-eshopee-EXPT-modulith/shopee-microservices/application/build/classes/java/main/, file:/D:/CODE/microservice/ddd-eshopee-EXPT-modulith/shopee-microservices/application/build/resources/main/, jar:file:/D:/CODE/microservice/ddd-eshopee-EXPT-modulith/shopee-microservices/sales/catalog/spring-boot-starter/build/libs/catalog-spring-boot-starter-2.0-SNAPSHOT.jar!/, jar:file:/D:/CODE/microservice/ddd-eshopee-EXPT-modulith/shopee-microservices/sales/cart/spring-boot-starter/build/libs/cart-spring-boot-starter-2.0-SNAPSHOT.jar!/, jar:file:/D:/CODE/microservice/ddd-eshopee-EXPT-modulith/shopee-microservices/sales/order/spring-boot-starter/build/libs/order-spring-boot-starter-2.0-SNAPSHOT.jar!/, jar:file:/D:/CODE/microservice/ddd-eshopee-EXPT-modulith/shopee-microservices/warehouse/spring-boot-starter/build/libs/warehouse-spring-boot-starter-2.0-SNAPSHOT.jar!/, jar:file:/D:/CODE/microservice/ddd-eshopee-EXPT-modulith/shopee-microservices/billing/payment/spring-boot-starter/build/libs/payment-spring-boot-starter-2.0-SNAPSHOT.jar!/, jar:file:/D:/CODE/microservice/ddd-eshopee-EXPT-modulith/shopee-microservices/shipping/delivery/spring-boot-starter/build/libs/delivery-spring-boot-starter-2.0-SNAPSHOT.jar!/, jar:file:/D:/CODE/microservice/ddd-eshopee-EXPT-modulith/shopee-microservices/shipping/dispatching/spring-boot-starter/build/libs/dispatching-spring-boot-starter-2.0-SNAPSHOT.jar!/, jar:file:/D:/CODE/microservice/ddd-eshopee-EXPT-modulith/shopee-microservices/portal/spring-boot-starter/build/libs/portal-spring-boot-starter-2.0-SNAPSHOT.jar!/, jar:file:/D:/CODE/microservice/ddd-eshopee-EXPT-modulith/shopee-microservices/common/application-integration-spring-boot-starter/build/libs/application-integration-spring-boot-starter-2.0-SNAPSHOT.jar!/, jar:file:/C:/Users/ADMIN/.gradle/caches/modules-2/files-2.1/org.springframework.boot/spring-boot-starter-data-redis/3.0.4/e122886d50ec624e51fbaac4bb0d5d17cf7b9764/spring-boot-starter-data-redis-3.0.4.jar!/, jar:file:/C:/Users/ADMIN/.gradle/caches/modules-2/files-2.1/org.springframework.boot/spring-boot-starter-jdbc/3.0.4/e64f229f772dc2952e1978a1f10d7f3a462e105d/spring-boot-starter-jdbc-3.0.4.jar!/, jar:file:/C:/Users/ADMIN/.gradle/caches/modules-2/files-2.1/org.springframework.boot/spring-boot-starter-web/3.0.4/6a7405b436c6943f056cdbab587fe48bdc2b4911/spring-boot-starter-web-3.0.4.jar!/, jar:file:/C:/Users/ADMIN/.gradle/caches/modules-2/files-2.1/org.springframework.boot/spring-boot-starter-test/3.0.4/eb934f1df3e6292d7b5800cfbbc237de90d174de/spring-boot-starter-test-3.0.4.jar!/, jar:file:/C:/Users/ADMIN/.gradle/caches/modules-2/files-2.1/org.springframework.boot/spring-boot-starter-thymeleaf/3.0.4/ea681f9f477da793eb9024a23686db9a59b50bc6/spring-boot-starter-thymeleaf-3.0.4.jar!/, jar:file:/C:/Users/ADMIN/.gradle/caches/modules-2/files-2.1/org.springframework.boot/spring-boot-starter-amqp/3.0.4/804a88a39dc6dce9678eef6f621bd9877f50a7ab/spring-boot-starter-amqp-3.0.4.jar!/, jar:file:/C:/Users/ADMIN/.gradle/caches/modules-2/files-2.1/org.springframework.boot/spring-boot-starter-json/3.0.4/5ddf427d011646fe787fdaa1b8edc4a4eebd48d5/spring-boot-starter-json-3.0.4.jar!/, jar:file:/C:/Users/ADMIN/.gradle/caches/modules-2/files-2.1/org.springframework.boot/spring-boot-starter/3.0.4/8f957a8bc9d70c0ca922406c6e23cb3db5d48109/spring-boot-starter-3.0.4.jar!/, jar:file:/C:/Users/ADMIN/.gradle/caches/modules-2/files-2.1/com.h2database/h2/2.1.214/d5c2005c9e3279201e12d4776c948578b16bf8b2/h2-2.1.214.jar!/, jar:file:/C:/Users/ADMIN/.gradle/caches/modules-2/files-2.1/org.postgresql/postgresql/42.5.4/15015a54f15e340a9a8a6a2c5457429cb1176b8/postgresql-42.5.4.jar!/, jar:file:/C:/Users/ADMIN/.gradle/caches/modules-2/files-2.1/io.rest-assured/rest-assured/5.2.1/131aedaf6ffbb783dbf7b21efe57a849ded8b321/rest-assured-5.2.1.jar!/, jar:file:/C:/Users/ADMIN/.gradle/caches/modules-2/files-2.1/com.tngtech.archunit/archunit/0.23.1/7f93a254a0b88b9209e34db523ed5c2cee2ab25f/archunit-0.23.1.jar!/, jar:file:/D:/CODE/microservice/ddd-eshopee-EXPT-modulith/shopee-microservices/sales/catalog/jdbc/build/libs/catalog-jdbc-2.0-SNAPSHOT.jar!/, jar:file:/D:/CODE/microservice/ddd-eshopee-EXPT-modulith/shopee-microservices/sales/catalog/rest/build/libs/catalog-rest-2.0-SNAPSHOT.jar!/, jar:file:/D:/CODE/microservice/ddd-eshopee-EXPT-modulith/shopee-microservices/sales/catalog/webcomp/build/libs/catalog-webcomp-2.0-SNAPSHOT.jar!/, jar:file:/D:/CODE/microservice/ddd-eshopee-EXPT-modulith/shopee-microservices/sales/cart/jdbc/build/libs/cart-jdbc-2.0-SNAPSHOT.jar!/, jar:file:/D:/CODE/microservice/ddd-eshopee-EXPT-modulith/shopee-microservices/sales/cart/rest/build/libs/cart-rest-2.0-SNAPSHOT.jar!/, jar:file:/D:/CODE/microservice/ddd-eshopee-EXPT-modulith/shopee-microservices/sales/cart/webcomp/build/libs/cart-webcomp-2.0-SNAPSHOT.jar!/, jar:file:/D:/CODE/microservice/ddd-eshopee-EXPT-modulith/shopee-microservices/sales/order/jdbc/build/libs/order-jdbc-2.0-SNAPSHOT.jar!/, jar:file:/D:/CODE/microservice/ddd-eshopee-EXPT-modulith/shopee-microservices/sales/order/rest/build/libs/order-rest-2.0-SNAPSHOT.jar!/, jar:file:/D:/CODE/microservice/ddd-eshopee-EXPT-modulith/shopee-microservices/sales/order/webcomp/build/libs/order-webcomp-2.0-SNAPSHOT.jar!/, jar:file:/D:/CODE/microservice/ddd-eshopee-EXPT-modulith/shopee-microservices/warehouse/jdbc/build/libs/warehouse-jdbc-2.0-SNAPSHOT.jar!/, jar:file:/D:/CODE/microservice/ddd-eshopee-EXPT-modulith/shopee-microservices/warehouse/listeners/build/libs/warehouse-listeners-2.0-SNAPSHOT.jar!/, jar:file:/D:/CODE/microservice/ddd-eshopee-EXPT-modulith/shopee-microservices/warehouse/rest/build/libs/warehouse-rest-2.0-SNAPSHOT.jar!/, jar:file:/D:/CODE/microservice/ddd-eshopee-EXPT-modulith/shopee-microservices/billing/payment/jdbc/build/libs/payment-jdbc-2.0-SNAPSHOT.jar!/, jar:file:/D:/CODE/microservice/ddd-eshopee-EXPT-modulith/shopee-microservices/billing/payment/listeners/build/libs/payment-listeners-2.0-SNAPSHOT.jar!/, jar:file:/D:/CODE/microservice/ddd-eshopee-EXPT-modulith/shopee-microservices/billing/payment/rest/build/libs/payment-rest-2.0-SNAPSHOT.jar!/, jar:file:/D:/CODE/microservice/ddd-eshopee-EXPT-modulith/shopee-microservices/shipping/delivery/jdbc/build/libs/delivery-jdbc-2.0-SNAPSHOT.jar!/, jar:file:/D:/CODE/microservice/ddd-eshopee-EXPT-modulith/shopee-microservices/shipping/delivery/listeners/build/libs/delivery-listeners-2.0-SNAPSHOT.jar!/, jar:file:/D:/CODE/microservice/ddd-eshopee-EXPT-modulith/shopee-microservices/shipping/delivery/rest/build/libs/delivery-rest-2.0-SNAPSHOT.jar!/, jar:file:/D:/CODE/microservice/ddd-eshopee-EXPT-modulith/shopee-microservices/shipping/delivery/webcomp/build/libs/delivery-webcomp-2.0-SNAPSHOT.jar!/, jar:file:/D:/CODE/microservice/ddd-eshopee-EXPT-modulith/shopee-microservices/shipping/dispatching/jdbc/build/libs/dispatching-jdbc-2.0-SNAPSHOT.jar!/, jar:file:/D:/CODE/microservice/ddd-eshopee-EXPT-modulith/shopee-microservices/shipping/dispatching/listeners/build/libs/dispatching-listeners-2.0-SNAPSHOT.jar!/, jar:file:/D:/CODE/microservice/ddd-eshopee-EXPT-modulith/shopee-microservices/portal/web/build/libs/portal-web-2.0-SNAPSHOT.jar!/, jar:file:/D:/CODE/microservice/ddd-eshopee-EXPT-modulith/shopee-microservices/sales/order/domain/build/libs/order-domain-2.0-SNAPSHOT.jar!/, jar:file:/D:/CODE/microservice/ddd-eshopee-EXPT-modulith/shopee-microservices/sales/order/events/build/libs/order-events-2.0-SNAPSHOT.jar!/, jar:file:/D:/CODE/microservice/ddd-eshopee-EXPT-modulith/shopee-microservices/shipping/dispatching/events/build/libs/dispatching-events-2.0-SNAPSHOT.jar!/, jar:file:/D:/CODE/microservice/ddd-eshopee-EXPT-modulith/shopee-microservices/shipping/delivery/domain/build/libs/delivery-domain-2.0-SNAPSHOT.jar!/, jar:file:/D:/CODE/microservice/ddd-eshopee-EXPT-modulith/shopee-microservices/shipping/delivery/events/build/libs/delivery-events-2.0-SNAPSHOT.jar!/, jar:file:/D:/CODE/microservice/ddd-eshopee-EXPT-modulith/shopee-microservices/billing/payment/domain/build/libs/payment-domain-2.0-SNAPSHOT.jar!/, jar:file:/D:/CODE/microservice/ddd-eshopee-EXPT-modulith/shopee-microservices/billing/payment/events/build/libs/payment-events-2.0-SNAPSHOT.jar!/, jar:file:/D:/CODE/microservice/ddd-eshopee-EXPT-modulith/shopee-microservices/warehouse/domain/build/libs/warehouse-domain-2.0-SNAPSHOT.jar!/, jar:file:/D:/CODE/microservice/ddd-eshopee-EXPT-modulith/shopee-microservices/warehouse/events/build/libs/warehouse-events-2.0-SNAPSHOT.jar!/, jar:file:/D:/CODE/microservice/ddd-eshopee-EXPT-modulith/shopee-microservices/common/events/build/libs/events-2.0-SNAPSHOT.jar!/, jar:file:/C:/Users/ADMIN/.gradle/caches/modules-2/files-2.1/com.fasterxml.jackson.datatype/jackson-datatype-jdk8/2.14.2/2f3c71211b6ea7a978eba33574d7135d536e07fb/jackson-datatype-jdk8-2.14.2.jar!/, jar:file:/C:/Users/ADMIN/.gradle/caches/modules-2/files-2.1/com.fasterxml.jackson.module/jackson-module-parameter-names/2.14.2/2b6c19b3d99dda02915515df879ab9e23fed3864/jackson-module-parameter-names-2.14.2.jar!/, jar:file:/C:/Users/ADMIN/.gradle/caches/modules-2/files-2.1/com.fasterxml.jackson.core/jackson-databind/2.14.2/1e71fddbc80bb86f71a6345ac1e8ab8a00e7134/jackson-databind-2.14.2.jar!/, jar:file:/C:/Users/ADMIN/.gradle/caches/modules-2/files-2.1/com.fasterxml.jackson.core/jackson-annotations/2.14.2/a7aae9525864930723e3453ab799521fdfd9d873/jackson-annotations-2.14.2.jar!/, jar:file:/C:/Users/ADMIN/.gradle/caches/modules-2/files-2.1/com.fasterxml.jackson.core/jackson-core/2.14.2/f804090e6399ce0cf78242db086017512dd71fcc/jackson-core-2.14.2.jar!/, jar:file:/C:/Users/ADMIN/.gradle/caches/modules-2/files-2.1/com.fasterxml.jackson.datatype/jackson-datatype-jsr310/2.14.2/796518148a385b2728d44886cc0f8852eb8eeb53/jackson-datatype-jsr310-2.14.2.jar!/, jar:file:/C:/Users/ADMIN/.gradle/caches/modules-2/files-2.1/org.springframework.boot/spring-boot-test-autoconfigure/3.0.4/3d28e21dc5cea68949d1f0b6a4051e7deeacf6cc/spring-boot-test-autoconfigure-3.0.4.jar!/, jar:file:/C:/Users/ADMIN/.gradle/caches/modules-2/files-2.1/org.springframework.boot/spring-boot-autoconfigure/3.0.4/7eb11bff0f965807f1088da20bc169bff27d284/spring-boot-autoconfigure-3.0.4.jar!/, jar:file:/C:/Users/ADMIN/.gradle/caches/modules-2/files-2.1/org.springframework.boot/spring-boot-test/3.0.4/4c1c72ff838b4f1191321aa01d1e98d68f882280/spring-boot-test-3.0.4.jar!/, jar:file:/C:/Users/ADMIN/.gradle/caches/modules-2/files-2.1/org.springframework.boot/spring-boot/3.0.4/27e5fceb2faf8ec399df70a2ff4e626a3423ae35/spring-boot-3.0.4.jar!/, jar:file:/C:/Users/ADMIN/.gradle/caches/modules-2/files-2.1/org.springframework.boot/spring-boot-starter-logging/3.0.4/31b32774c6ec2eceb3f75bdef7ddd8afd7059255/spring-boot-starter-logging-3.0.4.jar!/, jar:file:/C:/Users/ADMIN/.gradle/caches/modules-2/files-2.1/org.springframework.boot/spring-boot-starter-tomcat/3.0.4/40babd5ca3db46adf7c59b70ca2e6f2a528b558c/spring-boot-starter-tomcat-3.0.4.jar!/, jar:file:/C:/Users/ADMIN/.gradle/caches/modules-2/files-2.1/jakarta.annotation/jakarta.annotation-api/2.1.1/48b9bda22b091b1f48b13af03fe36db3be6e1ae3/jakarta.annotation-api-2.1.1.jar!/, jar:file:/C:/Users/ADMIN/.gradle/caches/modules-2/files-2.1/org.springframework/spring-jdbc/6.0.6/151e730f45832d42c6535b0bc6d7cebeabcaf844/spring-jdbc-6.0.6.jar!/, jar:file:/C:/Users/ADMIN/.gradle/caches/modules-2/files-2.1/org.springframework/spring-webmvc/6.0.6/302580efc981ad6797a85814ea0996e2149bb420/spring-webmvc-6.0.6.jar!/, jar:file:/C:/Users/ADMIN/.gradle/caches/modules-2/files-2.1/org.springframework/spring-web/6.0.6/2916961032e54aaeb534a290530b7b69e297bfcc/spring-web-6.0.6.jar!/, jar:file:/C:/Users/ADMIN/.gradle/caches/modules-2/files-2.1/org.springframework/spring-test/6.0.6/e94217b5c8cdf8f954d10251449fc98bdd8fc756/spring-test-6.0.6.jar!/, jar:file:/C:/Users/ADMIN/.gradle/caches/modules-2/files-2.1/org.springframework.data/spring-data-redis/3.0.3/6e8f59ca594ea86b56eacba74ae343d188771905/spring-data-redis-3.0.3.jar!/, jar:file:/C:/Users/ADMIN/.gradle/caches/modules-2/files-2.1/org.springframework.amqp/spring-rabbit/3.0.2/910f6a931b70f874ab03ba3dc0df2c6e05de12b8/spring-rabbit-3.0.2.jar!/, jar:file:/C:/Users/ADMIN/.gradle/caches/modules-2/files-2.1/org.springframework.data/spring-data-keyvalue/3.0.3/20ebdf1c5fb12aa0b5be9e67791e6c457f6e8968/spring-data-keyvalue-3.0.3.jar!/, jar:file:/C:/Users/ADMIN/.gradle/caches/modules-2/files-2.1/org.springframework/spring-tx/6.0.6/e86b3073d9640e17e5581a6aebb0d2794c407c46/spring-tx-6.0.6.jar!/, jar:file:/C:/Users/ADMIN/.gradle/caches/modules-2/files-2.1/org.springframework/spring-context-support/6.0.6/363228b8abc8b7ff569b10195f28652c7b65a41/spring-context-support-6.0.6.jar!/, jar:file:/C:/Users/ADMIN/.gradle/caches/modules-2/files-2.1/org.springframework/spring-context/6.0.6/fbd2b7c23adb2ec2f7ca601b3e7d79ae10e342a/spring-context-6.0.6.jar!/, jar:file:/C:/Users/ADMIN/.gradle/caches/modules-2/files-2.1/org.springframework/spring-messaging/6.0.6/42392bdb43a691e7c7bf4da296fef598a3127f37/spring-messaging-6.0.6.jar!/, jar:file:/C:/Users/ADMIN/.gradle/caches/modules-2/files-2.1/org.springframework/spring-oxm/6.0.6/e0bab7269ffaec4df3a9f221b4810b392c5ac492/spring-oxm-6.0.6.jar!/, jar:file:/C:/Users/ADMIN/.gradle/caches/modules-2/files-2.1/org.springframework/spring-aop/6.0.6/c95dc800fdce470519b7135272e64d4606fc8428/spring-aop-6.0.6.jar!/, jar:file:/C:/Users/ADMIN/.gradle/caches/modules-2/files-2.1/org.springframework.data/spring-data-commons/3.0.3/4492e9d25d7e8714f5ebfdd9e607dd7e0998038e/spring-data-commons-3.0.3.jar!/, jar:file:/C:/Users/ADMIN/.gradle/caches/modules-2/files-2.1/org.springframework/spring-beans/6.0.6/48ea4ba141146b3acaad0c7df80d2a06afeb95fd/spring-beans-6.0.6.jar!/, jar:file:/C:/Users/ADMIN/.gradle/caches/modules-2/files-2.1/org.springframework/spring-expression/6.0.6/2006ee0e1be8380f05c29deb52a97d3a1e6812d7/spring-expression-6.0.6.jar!/, jar:file:/C:/Users/ADMIN/.gradle/caches/modules-2/files-2.1/org.springframework.amqp/spring-amqp/3.0.2/698cf3a55e202356034288ed0bdccc2f8579b7e2/spring-amqp-3.0.2.jar!/, jar:file:/C:/Users/ADMIN/.gradle/caches/modules-2/files-2.1/org.springframework/spring-core/6.0.6/8a2845e0945923a9ebf3e9ef0649a28b6eeeac43/spring-core-6.0.6.jar!/, jar:file:/C:/Users/ADMIN/.gradle/caches/modules-2/files-2.1/org.yaml/snakeyaml/1.33/2cd0a87ff7df953f810c344bdf2fe3340b954c69/snakeyaml-1.33.jar!/, jar:file:/C:/Users/ADMIN/.gradle/caches/modules-2/files-2.1/io.lettuce/lettuce-core/6.2.3.RELEASE/3d671a51095ef90b817a690ef1b569b24b309665/lettuce-core-6.2.3.RELEASE.jar!/, jar:file:/C:/Users/ADMIN/.gradle/caches/modules-2/files-2.1/com.zaxxer/HikariCP/5.0.1/a74c7f0a37046846e88d54f7cb6ea6d565c65f9c/HikariCP-5.0.1.jar!/, jar:file:/C:/Users/ADMIN/.gradle/caches/modules-2/files-2.1/org.checkerframework/checker-qual/3.5.0/2f50520c8abea66fbd8d26e481d3aef5c673b510/checker-qual-3.5.0.jar!/, jar:file:/C:/Users/ADMIN/.gradle/caches/modules-2/files-2.1/com.jayway.jsonpath/json-path/2.7.0/f9d7d9659f2694e61142046ff8a216c047f263e8/json-path-2.7.0.jar!/, jar:file:/C:/Users/ADMIN/.gradle/caches/modules-2/files-2.1/jakarta.xml.bind/jakarta.xml.bind-api/4.0.0/bbb399208d288b15ec101fa4fcfc4bd77cedc97a/jakarta.xml.bind-api-4.0.0.jar!/, jar:file:/C:/Users/ADMIN/.gradle/caches/modules-2/files-2.1/org.assertj/assertj-core/3.23.1/d2bb60570f5b3d7ffa8f8000118c9c07b86eca93/assertj-core-3.23.1.jar!/, jar:file:/C:/Users/ADMIN/.gradle/caches/modules-2/files-2.1/org.hamcrest/hamcrest/2.2/1820c0968dba3a11a1b30669bb1f01978a91dedc/hamcrest-2.2.jar!/, jar:file:/C:/Users/ADMIN/.gradle/caches/modules-2/files-2.1/org.mockito/mockito-junit-jupiter/4.8.1/e393aa62eca2244a535b03842843f2f199343d1f/mockito-junit-jupiter-4.8.1.jar!/, jar:file:/C:/Users/ADMIN/.gradle/caches/modules-2/files-2.1/org.junit.jupiter/junit-jupiter-params/5.9.2/bc2765afb7b85b583c710dd259a11c6b8c39e912/junit-jupiter-params-5.9.2.jar!/, jar:file:/C:/Users/ADMIN/.gradle/caches/modules-2/files-2.1/org.junit.jupiter/junit-jupiter-engine/5.9.2/572f7a553b53f83ee59cc045ce1c3772864ab76c/junit-jupiter-engine-5.9.2.jar!/, jar:file:/C:/Users/ADMIN/.gradle/caches/modules-2/files-2.1/org.junit.jupiter/junit-jupiter-api/5.9.2/fed843581520eac594bc36bb4b0f55e7b947dda9/junit-jupiter-api-5.9.2.jar!/, jar:file:/C:/Users/ADMIN/.gradle/caches/modules-2/files-2.1/org.junit.platform/junit-platform-engine/1.9.2/40aeef2be7b04f96bb91e8b054affc28b7c7c935/junit-platform-engine-1.9.2.jar!/, jar:file:/C:/Users/ADMIN/.gradle/caches/modules-2/files-2.1/org.junit.platform/junit-platform-commons/1.9.2/6f9f8621d8230cd38aa42e58ccbc0c00569131ce/junit-platform-commons-1.9.2.jar!/, jar:file:/C:/Users/ADMIN/.gradle/caches/modules-2/files-2.1/org.junit.jupiter/junit-jupiter/5.9.2/26c586fbe0ebd81b48c9f11f0d998124248697ae/junit-jupiter-5.9.2.jar!/, jar:file:/C:/Users/ADMIN/.gradle/caches/modules-2/files-2.1/org.mockito/mockito-core/4.8.1/d8eb9dec8747d08645347bb8c69088ac83197975/mockito-core-4.8.1.jar!/, jar:file:/C:/Users/ADMIN/.gradle/caches/modules-2/files-2.1/org.skyscreamer/jsonassert/1.5.1/6d842d0faf4cf6725c509a5e5347d319ee0431c3/jsonassert-1.5.1.jar!/, jar:file:/C:/Users/ADMIN/.gradle/caches/modules-2/files-2.1/org.xmlunit/xmlunit-core/2.9.1/e5833662d9a1279a37da3ef6f62a1da29fcd68c4/xmlunit-core-2.9.1.jar!/, jar:file:/C:/Users/ADMIN/.gradle/caches/modules-2/files-2.1/io.rest-assured/xml-path/5.2.1/3918e4080bd677b1b4683bdd82a19be78d5c0ec2/xml-path-5.2.1.jar!/, jar:file:/C:/Users/ADMIN/.gradle/caches/modules-2/files-2.1/io.rest-assured/json-path/5.2.1/f53d9cefcf3e3f4554f390ec17d278c47d4125ad/json-path-5.2.1.jar!/, jar:file:/C:/Users/ADMIN/.gradle/caches/modules-2/files-2.1/org.apache.groovy/groovy-json/4.0.9/122759fca67c3ef87ea7d48a3057af362a360089/groovy-json-4.0.9.jar!/, jar:file:/C:/Users/ADMIN/.gradle/caches/modules-2/files-2.1/org.apache.groovy/groovy-xml/4.0.9/b22d2ae189670d4ccc58bc4ef003d922b85cb0d5/groovy-xml-4.0.9.jar!/, jar:file:/C:/Users/ADMIN/.gradle/caches/modules-2/files-2.1/io.rest-assured/rest-assured-common/5.2.1/f506be4e8fb8c2adbbfdff9720fad420b76e6543/rest-assured-common-5.2.1.jar!/, jar:file:/C:/Users/ADMIN/.gradle/caches/modules-2/files-2.1/org.apache.groovy/groovy/4.0.9/80605ad828d16fd5d6349628b8d77e5761b2b4c4/groovy-4.0.9.jar!/, jar:file:/C:/Users/ADMIN/.gradle/caches/modules-2/files-2.1/org.apache.httpcomponents/httpmime/4.5.14/6662758a1f1cb1149cf916bdac28332e0902ec44/httpmime-4.5.14.jar!/, jar:file:/C:/Users/ADMIN/.gradle/caches/modules-2/files-2.1/org.apache.httpcomponents/httpclient/4.5.14/1194890e6f56ec29177673f2f12d0b8e627dec98/httpclient-4.5.14.jar!/, jar:file:/C:/Users/ADMIN/.gradle/caches/modules-2/files-2.1/org.ccil.cowan.tagsoup/tagsoup/1.2.1/5584627487e984c03456266d3f8802eb85a9ce97/tagsoup-1.2.1.jar!/, jar:file:/C:/Users/ADMIN/.gradle/caches/modules-2/files-2.1/org.thymeleaf/thymeleaf-spring6/3.1.1.RELEASE/deb52ef921a4ac5132fedb7ebfc2bc1dad4382b3/thymeleaf-spring6-3.1.1.RELEASE.jar!/, jar:file:/C:/Users/ADMIN/.gradle/caches/modules-2/files-2.1/ch.qos.logback/logback-classic/1.4.5/28e7dc0b208d6c3f15beefd73976e064b4ecfa9b/logback-classic-1.4.5.jar!/, jar:file:/C:/Users/ADMIN/.gradle/caches/modules-2/files-2.1/org.apache.logging.log4j/log4j-to-slf4j/2.19.0/30f4812e43172ecca5041da2cb6b965cc4777c19/log4j-to-slf4j-2.19.0.jar!/, jar:file:/C:/Users/ADMIN/.gradle/caches/modules-2/files-2.1/org.slf4j/jul-to-slf4j/2.0.6/c4d348977a83a0bfcf42fd6fd1fee6e7904f1a0c/jul-to-slf4j-2.0.6.jar!/, jar:file:/C:/Users/ADMIN/.gradle/caches/modules-2/files-2.1/org.thymeleaf/thymeleaf/3.1.1.RELEASE/374a129dfa5e7d7f1a46eacc4d49e594ca0cf26f/thymeleaf-3.1.1.RELEASE.jar!/, jar:file:/C:/Users/ADMIN/.gradle/caches/modules-2/files-2.1/com.rabbitmq/amqp-client/5.16.0/c70c66a8e5a92e41adf618efa7d8025db29cdf3/amqp-client-5.16.0.jar!/, jar:file:/C:/Users/ADMIN/.gradle/caches/modules-2/files-2.1/org.slf4j/slf4j-api/2.0.6/88c40d8b4f33326f19a7d3c0aaf2c7e8721d4953/slf4j-api-2.0.6.jar!/, jar:file:/D:/CODE/microservice/ddd-eshopee-EXPT-modulith/shopee-microservices/sales/catalog/domain/build/libs/catalog-domain-2.0-SNAPSHOT.jar!/, jar:file:/D:/CODE/microservice/ddd-eshopee-EXPT-modulith/shopee-microservices/sales/cart/domain/build/libs/cart-domain-2.0-SNAPSHOT.jar!/, jar:file:/D:/CODE/microservice/ddd-eshopee-EXPT-modulith/shopee-microservices/shipping/dispatching/domain/build/libs/dispatching-domain-2.0-SNAPSHOT.jar!/, jar:file:/C:/Users/ADMIN/.gradle/caches/modules-2/files-2.1/org.springframework/spring-jcl/6.0.6/f13cd8a561e71fb65c63201113d766fcd7a2b06f/spring-jcl-6.0.6.jar!/, jar:file:/C:/Users/ADMIN/.gradle/caches/modules-2/files-2.1/io.netty/netty-handler/4.1.89.Final/ced584e9eba5a6b7aad7c6a28a60c13375459f1a/netty-handler-4.1.89.Final.jar!/, jar:file:/C:/Users/ADMIN/.gradle/caches/modules-2/files-2.1/io.netty/netty-transport-native-unix-common/4.1.89.Final/a7717ed61393d5aad202a92bb02f661ed525bf86/netty-transport-native-unix-common-4.1.89.Final.jar!/, jar:file:/C:/Users/ADMIN/.gradle/caches/modules-2/files-2.1/io.netty/netty-codec/4.1.89.Final/f03a649ffa405ca4c802a8bfcc2abfe70ae485ca/netty-codec-4.1.89.Final.jar!/, jar:file:/C:/Users/ADMIN/.gradle/caches/modules-2/files-2.1/io.netty/netty-transport/4.1.89.Final/e7ff320310eafe302c0dfb9690ae7201ab61ead2/netty-transport-4.1.89.Final.jar!/, jar:file:/C:/Users/ADMIN/.gradle/caches/modules-2/files-2.1/io.netty/netty-resolver/4.1.89.Final/686b21bf3488747bc834ee9e60a863f37b71f35e/netty-resolver-4.1.89.Final.jar!/, jar:file:/C:/Users/ADMIN/.gradle/caches/modules-2/files-2.1/io.netty/netty-buffer/4.1.89.Final/b1d3dbf69a75eaa8793c7e00cff2851dac9fd725/netty-buffer-4.1.89.Final.jar!/, jar:file:/C:/Users/ADMIN/.gradle/caches/modules-2/files-2.1/io.netty/netty-common/4.1.89.Final/c0c80bfe45cc85da5030ea8fc64071e28d0f6f5f/netty-common-4.1.89.Final.jar!/, jar:file:/C:/Users/ADMIN/.gradle/caches/modules-2/files-2.1/io.projectreactor/reactor-core/3.5.3/dd102ecdb21ff78a486074dbad55331f8847eb5d/reactor-core-3.5.3.jar!/, jar:file:/C:/Users/ADMIN/.gradle/caches/modules-2/files-2.1/org.apache.tomcat.embed/tomcat-embed-websocket/10.1.5/14529cbd593571dc9029272ddc9166b5ef113fc2/tomcat-embed-websocket-10.1.5.jar!/, jar:file:/C:/Users/ADMIN/.gradle/caches/modules-2/files-2.1/org.apache.tomcat.embed/tomcat-embed-core/10.1.5/21417d3ef8189e2af05aae0a765ad9204d7211b5/tomcat-embed-core-10.1.5.jar!/, jar:file:/C:/Users/ADMIN/.gradle/caches/modules-2/files-2.1/org.apache.tomcat.embed/tomcat-embed-el/10.1.5/c125df13af42a0fc0cd342370449b1276181e2a1/tomcat-embed-el-10.1.5.jar!/, jar:file:/C:/Users/ADMIN/.gradle/caches/modules-2/files-2.1/io.micrometer/micrometer-observation/1.10.4/96aa92ad7a18c2451c429348c0167eb08a988d4e/micrometer-observation-1.10.4.jar!/, jar:file:/C:/Users/ADMIN/.gradle/caches/modules-2/files-2.1/net.minidev/json-smart/2.4.8/7c62f5f72ab05eb54d40e2abf0360a2fe9ea477f/json-smart-2.4.8.jar!/, jar:file:/C:/Users/ADMIN/.gradle/caches/modules-2/files-2.1/jakarta.activation/jakarta.activation-api/2.1.1/88c774ab863a21fb2fc4219af95379fafe499a31/jakarta.activation-api-2.1.1.jar!/, jar:file:/C:/Users/ADMIN/.gradle/caches/modules-2/files-2.1/net.bytebuddy/byte-buddy/1.12.23/d470526e8c4566c04e9ae5d3ccb62d1a7aa58986/byte-buddy-1.12.23.jar!/, jar:file:/C:/Users/ADMIN/.gradle/caches/modules-2/files-2.1/net.bytebuddy/byte-buddy-agent/1.12.23/1cba11fdb72c383edacb909f79ae6870efd275e4/byte-buddy-agent-1.12.23.jar!/, jar:file:/C:/Users/ADMIN/.gradle/caches/modules-2/files-2.1/org.objenesis/objenesis/3.2/7fadf57620c8b8abdf7519533e5527367cb51f09/objenesis-3.2.jar!/, jar:file:/C:/Users/ADMIN/.m2/repository/com/vaadin/external/google/android-json/0.0.20131108.vaadin1/android-json-0.0.20131108.vaadin1.jar!/, jar:file:/C:/Users/ADMIN/.gradle/caches/modules-2/files-2.1/org.apache.httpcomponents/httpcore/4.4.16/51cf043c87253c9f58b539c9f7e44c8894223850/httpcore-4.4.16.jar!/, jar:file:/C:/Users/ADMIN/.gradle/caches/modules-2/files-2.1/commons-codec/commons-codec/1.15/49d94806b6e3dc933dacbd8acb0fdbab8ebd1e5d/commons-codec-1.15.jar!/, jar:file:/C:/Users/ADMIN/.gradle/caches/modules-2/files-2.1/org.apache.commons/commons-lang3/3.12.0/c6842c86792ff03b9f1d1fe2aab8dc23aa6c6f0e/commons-lang3-3.12.0.jar!/, jar:file:/D:/CODE/microservice/ddd-eshopee-EXPT-modulith/shopee-microservices/common/primitives/build/libs/primitives-2.0-SNAPSHOT.jar!/, jar:file:/C:/Users/ADMIN/.gradle/caches/modules-2/files-2.1/ch.qos.logback/logback-core/1.4.5/e9bb2ea70f84401314da4300343b0a246c8954da/logback-core-1.4.5.jar!/, jar:file:/C:/Users/ADMIN/.gradle/caches/modules-2/files-2.1/org.apache.logging.log4j/log4j-api/2.19.0/ea1b37f38c327596b216542bc636cfdc0b8036fa/log4j-api-2.19.0.jar!/, jar:file:/C:/Users/ADMIN/.gradle/caches/modules-2/files-2.1/org.reactivestreams/reactive-streams/1.0.4/3864a1320d97d7b045f729a326e1e077661f31b7/reactive-streams-1.0.4.jar!/, jar:file:/C:/Users/ADMIN/.gradle/caches/modules-2/files-2.1/io.micrometer/micrometer-commons/1.10.4/a5db33c573c8755e70388f204e83000dc359b63d/micrometer-commons-1.10.4.jar!/, jar:file:/C:/Users/ADMIN/.gradle/caches/modules-2/files-2.1/net.minidev/accessors-smart/2.4.8/6e1bee5a530caba91893604d6ab41d0edcecca9a/accessors-smart-2.4.8.jar!/, jar:file:/C:/Users/ADMIN/.gradle/caches/modules-2/files-2.1/org.opentest4j/opentest4j/1.2.0/28c11eb91f9b6d8e200631d46e20a7f407f2a046/opentest4j-1.2.0.jar!/, jar:file:/C:/Users/ADMIN/.gradle/caches/modules-2/files-2.1/org.attoparser/attoparser/2.0.6.RELEASE/8f603f22a18d4f7258f8860ccbb68b069f49904a/attoparser-2.0.6.RELEASE.jar!/, jar:file:/C:/Users/ADMIN/.gradle/caches/modules-2/files-2.1/org.unbescape/unbescape/1.1.6.RELEASE/7b90360afb2b860e09e8347112800d12c12b2a13/unbescape-1.1.6.RELEASE.jar!/, jar:file:/C:/Users/ADMIN/.gradle/caches/modules-2/files-2.1/org.springframework.retry/spring-retry/2.0.0/6a7a653901b58eb741692417f33b5bebedbd01f7/spring-retry-2.0.0.jar!/, jar:file:/C:/Users/ADMIN/.gradle/caches/modules-2/files-2.1/org.ow2.asm/asm/9.1/a99500cf6eea30535eeac6be73899d048f8d12a8/asm-9.1.jar!/]
19:37:23.744 [Test worker] DEBUG com.tngtech.archunit.core.importer.UrlSource$From - Found URLs on sun.boot.class.path: []
19:37:23.748 [Test worker] DEBUG com.tngtech.archunit.core.importer.UrlSource$From - Found URLs on java.class.path: [jar:file:/C:/Users/ADMIN/.gradle/caches/7.4.2/workerMain/gradle-worker.jar!/, file:/D:/CODE/microservice/ddd-eshopee-EXPT-modulith/shopee-microservices/application/build/classes/java/test/, file:/D:/CODE/microservice/ddd-eshopee-EXPT-modulith/shopee-microservices/application/build/resources/test/, file:/D:/CODE/microservice/ddd-eshopee-EXPT-modulith/shopee-microservices/application/build/classes/java/main/, file:/D:/CODE/microservice/ddd-eshopee-EXPT-modulith/shopee-microservices/application/build/resources/main/, jar:file:/D:/CODE/microservice/ddd-eshopee-EXPT-modulith/shopee-microservices/sales/catalog/spring-boot-starter/build/libs/catalog-spring-boot-starter-2.0-SNAPSHOT.jar!/, jar:file:/D:/CODE/microservice/ddd-eshopee-EXPT-modulith/shopee-microservices/sales/cart/spring-boot-starter/build/libs/cart-spring-boot-starter-2.0-SNAPSHOT.jar!/, jar:file:/D:/CODE/microservice/ddd-eshopee-EXPT-modulith/shopee-microservices/sales/order/spring-boot-starter/build/libs/order-spring-boot-starter-2.0-SNAPSHOT.jar!/, jar:file:/D:/CODE/microservice/ddd-eshopee-EXPT-modulith/shopee-microservices/warehouse/spring-boot-starter/build/libs/warehouse-spring-boot-starter-2.0-SNAPSHOT.jar!/, jar:file:/D:/CODE/microservice/ddd-eshopee-EXPT-modulith/shopee-microservices/billing/payment/spring-boot-starter/build/libs/payment-spring-boot-starter-2.0-SNAPSHOT.jar!/, jar:file:/D:/CODE/microservice/ddd-eshopee-EXPT-modulith/shopee-microservices/shipping/delivery/spring-boot-starter/build/libs/delivery-spring-boot-starter-2.0-SNAPSHOT.jar!/, jar:file:/D:/CODE/microservice/ddd-eshopee-EXPT-modulith/shopee-microservices/shipping/dispatching/spring-boot-starter/build/libs/dispatching-spring-boot-starter-2.0-SNAPSHOT.jar!/, jar:file:/D:/CODE/microservice/ddd-eshopee-EXPT-modulith/shopee-microservices/portal/spring-boot-starter/build/libs/portal-spring-boot-starter-2.0-SNAPSHOT.jar!/, jar:file:/D:/CODE/microservice/ddd-eshopee-EXPT-modulith/shopee-microservices/common/application-integration-spring-boot-starter/build/libs/application-integration-spring-boot-starter-2.0-SNAPSHOT.jar!/, jar:file:/C:/Users/ADMIN/.gradle/caches/modules-2/files-2.1/org.springframework.boot/spring-boot-starter-data-redis/3.0.4/e122886d50ec624e51fbaac4bb0d5d17cf7b9764/spring-boot-starter-data-redis-3.0.4.jar!/, jar:file:/C:/Users/ADMIN/.gradle/caches/modules-2/files-2.1/org.springframework.boot/spring-boot-starter-jdbc/3.0.4/e64f229f772dc2952e1978a1f10d7f3a462e105d/spring-boot-starter-jdbc-3.0.4.jar!/, jar:file:/C:/Users/ADMIN/.gradle/caches/modules-2/files-2.1/org.springframework.boot/spring-boot-starter-web/3.0.4/6a7405b436c6943f056cdbab587fe48bdc2b4911/spring-boot-starter-web-3.0.4.jar!/, jar:file:/C:/Users/ADMIN/.gradle/caches/modules-2/files-2.1/org.springframework.boot/spring-boot-starter-test/3.0.4/eb934f1df3e6292d7b5800cfbbc237de90d174de/spring-boot-starter-test-3.0.4.jar!/, jar:file:/C:/Users/ADMIN/.gradle/caches/modules-2/files-2.1/org.springframework.boot/spring-boot-starter-thymeleaf/3.0.4/ea681f9f477da793eb9024a23686db9a59b50bc6/spring-boot-starter-thymeleaf-3.0.4.jar!/, jar:file:/C:/Users/ADMIN/.gradle/caches/modules-2/files-2.1/org.springframework.boot/spring-boot-starter-amqp/3.0.4/804a88a39dc6dce9678eef6f621bd9877f50a7ab/spring-boot-starter-amqp-3.0.4.jar!/, jar:file:/C:/Users/ADMIN/.gradle/caches/modules-2/files-2.1/org.springframework.boot/spring-boot-starter-json/3.0.4/5ddf427d011646fe787fdaa1b8edc4a4eebd48d5/spring-boot-starter-json-3.0.4.jar!/, jar:file:/C:/Users/ADMIN/.gradle/caches/modules-2/files-2.1/org.springframework.boot/spring-boot-starter/3.0.4/8f957a8bc9d70c0ca922406c6e23cb3db5d48109/spring-boot-starter-3.0.4.jar!/, jar:file:/C:/Users/ADMIN/.gradle/caches/modules-2/files-2.1/com.h2database/h2/2.1.214/d5c2005c9e3279201e12d4776c948578b16bf8b2/h2-2.1.214.jar!/, jar:file:/C:/Users/ADMIN/.gradle/caches/modules-2/files-2.1/org.postgresql/postgresql/42.5.4/15015a54f15e340a9a8a6a2c5457429cb1176b8/postgresql-42.5.4.jar!/, jar:file:/C:/Users/ADMIN/.gradle/caches/modules-2/files-2.1/io.rest-assured/rest-assured/5.2.1/131aedaf6ffbb783dbf7b21efe57a849ded8b321/rest-assured-5.2.1.jar!/, jar:file:/C:/Users/ADMIN/.gradle/caches/modules-2/files-2.1/com.tngtech.archunit/archunit/0.23.1/7f93a254a0b88b9209e34db523ed5c2cee2ab25f/archunit-0.23.1.jar!/, jar:file:/D:/CODE/microservice/ddd-eshopee-EXPT-modulith/shopee-microservices/sales/catalog/jdbc/build/libs/catalog-jdbc-2.0-SNAPSHOT.jar!/, jar:file:/D:/CODE/microservice/ddd-eshopee-EXPT-modulith/shopee-microservices/sales/catalog/rest/build/libs/catalog-rest-2.0-SNAPSHOT.jar!/, jar:file:/D:/CODE/microservice/ddd-eshopee-EXPT-modulith/shopee-microservices/sales/catalog/webcomp/build/libs/catalog-webcomp-2.0-SNAPSHOT.jar!/, jar:file:/D:/CODE/microservice/ddd-eshopee-EXPT-modulith/shopee-microservices/sales/cart/jdbc/build/libs/cart-jdbc-2.0-SNAPSHOT.jar!/, jar:file:/D:/CODE/microservice/ddd-eshopee-EXPT-modulith/shopee-microservices/sales/cart/rest/build/libs/cart-rest-2.0-SNAPSHOT.jar!/, jar:file:/D:/CODE/microservice/ddd-eshopee-EXPT-modulith/shopee-microservices/sales/cart/webcomp/build/libs/cart-webcomp-2.0-SNAPSHOT.jar!/, jar:file:/D:/CODE/microservice/ddd-eshopee-EXPT-modulith/shopee-microservices/sales/order/jdbc/build/libs/order-jdbc-2.0-SNAPSHOT.jar!/, jar:file:/D:/CODE/microservice/ddd-eshopee-EXPT-modulith/shopee-microservices/sales/order/rest/build/libs/order-rest-2.0-SNAPSHOT.jar!/, jar:file:/D:/CODE/microservice/ddd-eshopee-EXPT-modulith/shopee-microservices/sales/order/webcomp/build/libs/order-webcomp-2.0-SNAPSHOT.jar!/, jar:file:/D:/CODE/microservice/ddd-eshopee-EXPT-modulith/shopee-microservices/warehouse/jdbc/build/libs/warehouse-jdbc-2.0-SNAPSHOT.jar!/, jar:file:/D:/CODE/microservice/ddd-eshopee-EXPT-modulith/shopee-microservices/warehouse/listeners/build/libs/warehouse-listeners-2.0-SNAPSHOT.jar!/, jar:file:/D:/CODE/microservice/ddd-eshopee-EXPT-modulith/shopee-microservices/warehouse/rest/build/libs/warehouse-rest-2.0-SNAPSHOT.jar!/, jar:file:/D:/CODE/microservice/ddd-eshopee-EXPT-modulith/shopee-microservices/billing/payment/jdbc/build/libs/payment-jdbc-2.0-SNAPSHOT.jar!/, jar:file:/D:/CODE/microservice/ddd-eshopee-EXPT-modulith/shopee-microservices/billing/payment/listeners/build/libs/payment-listeners-2.0-SNAPSHOT.jar!/, jar:file:/D:/CODE/microservice/ddd-eshopee-EXPT-modulith/shopee-microservices/billing/payment/rest/build/libs/payment-rest-2.0-SNAPSHOT.jar!/, jar:file:/D:/CODE/microservice/ddd-eshopee-EXPT-modulith/shopee-microservices/shipping/delivery/jdbc/build/libs/delivery-jdbc-2.0-SNAPSHOT.jar!/, jar:file:/D:/CODE/microservice/ddd-eshopee-EXPT-modulith/shopee-microservices/shipping/delivery/listeners/build/libs/delivery-listeners-2.0-SNAPSHOT.jar!/, jar:file:/D:/CODE/microservice/ddd-eshopee-EXPT-modulith/shopee-microservices/shipping/delivery/rest/build/libs/delivery-rest-2.0-SNAPSHOT.jar!/, jar:file:/D:/CODE/microservice/ddd-eshopee-EXPT-modulith/shopee-microservices/shipping/delivery/webcomp/build/libs/delivery-webcomp-2.0-SNAPSHOT.jar!/, jar:file:/D:/CODE/microservice/ddd-eshopee-EXPT-modulith/shopee-microservices/shipping/dispatching/jdbc/build/libs/dispatching-jdbc-2.0-SNAPSHOT.jar!/, jar:file:/D:/CODE/microservice/ddd-eshopee-EXPT-modulith/shopee-microservices/shipping/dispatching/listeners/build/libs/dispatching-listeners-2.0-SNAPSHOT.jar!/, jar:file:/D:/CODE/microservice/ddd-eshopee-EXPT-modulith/shopee-microservices/portal/web/build/libs/portal-web-2.0-SNAPSHOT.jar!/, jar:file:/D:/CODE/microservice/ddd-eshopee-EXPT-modulith/shopee-microservices/sales/order/domain/build/libs/order-domain-2.0-SNAPSHOT.jar!/, jar:file:/D:/CODE/microservice/ddd-eshopee-EXPT-modulith/shopee-microservices/sales/order/events/build/libs/order-events-2.0-SNAPSHOT.jar!/, jar:file:/D:/CODE/microservice/ddd-eshopee-EXPT-modulith/shopee-microservices/shipping/dispatching/events/build/libs/dispatching-events-2.0-SNAPSHOT.jar!/, jar:file:/D:/CODE/microservice/ddd-eshopee-EXPT-modulith/shopee-microservices/shipping/delivery/domain/build/libs/delivery-domain-2.0-SNAPSHOT.jar!/, jar:file:/D:/CODE/microservice/ddd-eshopee-EXPT-modulith/shopee-microservices/shipping/delivery/events/build/libs/delivery-events-2.0-SNAPSHOT.jar!/, jar:file:/D:/CODE/microservice/ddd-eshopee-EXPT-modulith/shopee-microservices/billing/payment/domain/build/libs/payment-domain-2.0-SNAPSHOT.jar!/, jar:file:/D:/CODE/microservice/ddd-eshopee-EXPT-modulith/shopee-microservices/billing/payment/events/build/libs/payment-events-2.0-SNAPSHOT.jar!/, jar:file:/D:/CODE/microservice/ddd-eshopee-EXPT-modulith/shopee-microservices/warehouse/domain/build/libs/warehouse-domain-2.0-SNAPSHOT.jar!/, jar:file:/D:/CODE/microservice/ddd-eshopee-EXPT-modulith/shopee-microservices/warehouse/events/build/libs/warehouse-events-2.0-SNAPSHOT.jar!/, jar:file:/D:/CODE/microservice/ddd-eshopee-EXPT-modulith/shopee-microservices/common/events/build/libs/events-2.0-SNAPSHOT.jar!/, jar:file:/C:/Users/ADMIN/.gradle/caches/modules-2/files-2.1/com.fasterxml.jackson.datatype/jackson-datatype-jdk8/2.14.2/2f3c71211b6ea7a978eba33574d7135d536e07fb/jackson-datatype-jdk8-2.14.2.jar!/, jar:file:/C:/Users/ADMIN/.gradle/caches/modules-2/files-2.1/com.fasterxml.jackson.module/jackson-module-parameter-names/2.14.2/2b6c19b3d99dda02915515df879ab9e23fed3864/jackson-module-parameter-names-2.14.2.jar!/, jar:file:/C:/Users/ADMIN/.gradle/caches/modules-2/files-2.1/com.fasterxml.jackson.core/jackson-databind/2.14.2/1e71fddbc80bb86f71a6345ac1e8ab8a00e7134/jackson-databind-2.14.2.jar!/, jar:file:/C:/Users/ADMIN/.gradle/caches/modules-2/files-2.1/com.fasterxml.jackson.core/jackson-annotations/2.14.2/a7aae9525864930723e3453ab799521fdfd9d873/jackson-annotations-2.14.2.jar!/, jar:file:/C:/Users/ADMIN/.gradle/caches/modules-2/files-2.1/com.fasterxml.jackson.core/jackson-core/2.14.2/f804090e6399ce0cf78242db086017512dd71fcc/jackson-core-2.14.2.jar!/, jar:file:/C:/Users/ADMIN/.gradle/caches/modules-2/files-2.1/com.fasterxml.jackson.datatype/jackson-datatype-jsr310/2.14.2/796518148a385b2728d44886cc0f8852eb8eeb53/jackson-datatype-jsr310-2.14.2.jar!/, jar:file:/C:/Users/ADMIN/.gradle/caches/modules-2/files-2.1/org.springframework.boot/spring-boot-test-autoconfigure/3.0.4/3d28e21dc5cea68949d1f0b6a4051e7deeacf6cc/spring-boot-test-autoconfigure-3.0.4.jar!/, jar:file:/C:/Users/ADMIN/.gradle/caches/modules-2/files-2.1/org.springframework.boot/spring-boot-autoconfigure/3.0.4/7eb11bff0f965807f1088da20bc169bff27d284/spring-boot-autoconfigure-3.0.4.jar!/, jar:file:/C:/Users/ADMIN/.gradle/caches/modules-2/files-2.1/org.springframework.boot/spring-boot-test/3.0.4/4c1c72ff838b4f1191321aa01d1e98d68f882280/spring-boot-test-3.0.4.jar!/, jar:file:/C:/Users/ADMIN/.gradle/caches/modules-2/files-2.1/org.springframework.boot/spring-boot/3.0.4/27e5fceb2faf8ec399df70a2ff4e626a3423ae35/spring-boot-3.0.4.jar!/, jar:file:/C:/Users/ADMIN/.gradle/caches/modules-2/files-2.1/org.springframework.boot/spring-boot-starter-logging/3.0.4/31b32774c6ec2eceb3f75bdef7ddd8afd7059255/spring-boot-starter-logging-3.0.4.jar!/, jar:file:/C:/Users/ADMIN/.gradle/caches/modules-2/files-2.1/org.springframework.boot/spring-boot-starter-tomcat/3.0.4/40babd5ca3db46adf7c59b70ca2e6f2a528b558c/spring-boot-starter-tomcat-3.0.4.jar!/, jar:file:/C:/Users/ADMIN/.gradle/caches/modules-2/files-2.1/jakarta.annotation/jakarta.annotation-api/2.1.1/48b9bda22b091b1f48b13af03fe36db3be6e1ae3/jakarta.annotation-api-2.1.1.jar!/, jar:file:/C:/Users/ADMIN/.gradle/caches/modules-2/files-2.1/org.springframework/spring-jdbc/6.0.6/151e730f45832d42c6535b0bc6d7cebeabcaf844/spring-jdbc-6.0.6.jar!/, jar:file:/C:/Users/ADMIN/.gradle/caches/modules-2/files-2.1/org.springframework/spring-webmvc/6.0.6/302580efc981ad6797a85814ea0996e2149bb420/spring-webmvc-6.0.6.jar!/, jar:file:/C:/Users/ADMIN/.gradle/caches/modules-2/files-2.1/org.springframework/spring-web/6.0.6/2916961032e54aaeb534a290530b7b69e297bfcc/spring-web-6.0.6.jar!/, jar:file:/C:/Users/ADMIN/.gradle/caches/modules-2/files-2.1/org.springframework/spring-test/6.0.6/e94217b5c8cdf8f954d10251449fc98bdd8fc756/spring-test-6.0.6.jar!/, jar:file:/C:/Users/ADMIN/.gradle/caches/modules-2/files-2.1/org.springframework.data/spring-data-redis/3.0.3/6e8f59ca594ea86b56eacba74ae343d188771905/spring-data-redis-3.0.3.jar!/, jar:file:/C:/Users/ADMIN/.gradle/caches/modules-2/files-2.1/org.springframework.amqp/spring-rabbit/3.0.2/910f6a931b70f874ab03ba3dc0df2c6e05de12b8/spring-rabbit-3.0.2.jar!/, jar:file:/C:/Users/ADMIN/.gradle/caches/modules-2/files-2.1/org.springframework.data/spring-data-keyvalue/3.0.3/20ebdf1c5fb12aa0b5be9e67791e6c457f6e8968/spring-data-keyvalue-3.0.3.jar!/, jar:file:/C:/Users/ADMIN/.gradle/caches/modules-2/files-2.1/org.springframework/spring-tx/6.0.6/e86b3073d9640e17e5581a6aebb0d2794c407c46/spring-tx-6.0.6.jar!/, jar:file:/C:/Users/ADMIN/.gradle/caches/modules-2/files-2.1/org.springframework/spring-context-support/6.0.6/363228b8abc8b7ff569b10195f28652c7b65a41/spring-context-support-6.0.6.jar!/, jar:file:/C:/Users/ADMIN/.gradle/caches/modules-2/files-2.1/org.springframework/spring-context/6.0.6/fbd2b7c23adb2ec2f7ca601b3e7d79ae10e342a/spring-context-6.0.6.jar!/, jar:file:/C:/Users/ADMIN/.gradle/caches/modules-2/files-2.1/org.springframework/spring-messaging/6.0.6/42392bdb43a691e7c7bf4da296fef598a3127f37/spring-messaging-6.0.6.jar!/, jar:file:/C:/Users/ADMIN/.gradle/caches/modules-2/files-2.1/org.springframework/spring-oxm/6.0.6/e0bab7269ffaec4df3a9f221b4810b392c5ac492/spring-oxm-6.0.6.jar!/, jar:file:/C:/Users/ADMIN/.gradle/caches/modules-2/files-2.1/org.springframework/spring-aop/6.0.6/c95dc800fdce470519b7135272e64d4606fc8428/spring-aop-6.0.6.jar!/, jar:file:/C:/Users/ADMIN/.gradle/caches/modules-2/files-2.1/org.springframework.data/spring-data-commons/3.0.3/4492e9d25d7e8714f5ebfdd9e607dd7e0998038e/spring-data-commons-3.0.3.jar!/, jar:file:/C:/Users/ADMIN/.gradle/caches/modules-2/files-2.1/org.springframework/spring-beans/6.0.6/48ea4ba141146b3acaad0c7df80d2a06afeb95fd/spring-beans-6.0.6.jar!/, jar:file:/C:/Users/ADMIN/.gradle/caches/modules-2/files-2.1/org.springframework/spring-expression/6.0.6/2006ee0e1be8380f05c29deb52a97d3a1e6812d7/spring-expression-6.0.6.jar!/, jar:file:/C:/Users/ADMIN/.gradle/caches/modules-2/files-2.1/org.springframework.amqp/spring-amqp/3.0.2/698cf3a55e202356034288ed0bdccc2f8579b7e2/spring-amqp-3.0.2.jar!/, jar:file:/C:/Users/ADMIN/.gradle/caches/modules-2/files-2.1/org.springframework/spring-core/6.0.6/8a2845e0945923a9ebf3e9ef0649a28b6eeeac43/spring-core-6.0.6.jar!/, jar:file:/C:/Users/ADMIN/.gradle/caches/modules-2/files-2.1/org.yaml/snakeyaml/1.33/2cd0a87ff7df953f810c344bdf2fe3340b954c69/snakeyaml-1.33.jar!/, jar:file:/C:/Users/ADMIN/.gradle/caches/modules-2/files-2.1/io.lettuce/lettuce-core/6.2.3.RELEASE/3d671a51095ef90b817a690ef1b569b24b309665/lettuce-core-6.2.3.RELEASE.jar!/, jar:file:/C:/Users/ADMIN/.gradle/caches/modules-2/files-2.1/com.zaxxer/HikariCP/5.0.1/a74c7f0a37046846e88d54f7cb6ea6d565c65f9c/HikariCP-5.0.1.jar!/, jar:file:/C:/Users/ADMIN/.gradle/caches/modules-2/files-2.1/org.checkerframework/checker-qual/3.5.0/2f50520c8abea66fbd8d26e481d3aef5c673b510/checker-qual-3.5.0.jar!/, jar:file:/C:/Users/ADMIN/.gradle/caches/modules-2/files-2.1/com.jayway.jsonpath/json-path/2.7.0/f9d7d9659f2694e61142046ff8a216c047f263e8/json-path-2.7.0.jar!/, jar:file:/C:/Users/ADMIN/.gradle/caches/modules-2/files-2.1/jakarta.xml.bind/jakarta.xml.bind-api/4.0.0/bbb399208d288b15ec101fa4fcfc4bd77cedc97a/jakarta.xml.bind-api-4.0.0.jar!/, jar:file:/C:/Users/ADMIN/.gradle/caches/modules-2/files-2.1/org.assertj/assertj-core/3.23.1/d2bb60570f5b3d7ffa8f8000118c9c07b86eca93/assertj-core-3.23.1.jar!/, jar:file:/C:/Users/ADMIN/.gradle/caches/modules-2/files-2.1/org.hamcrest/hamcrest/2.2/1820c0968dba3a11a1b30669bb1f01978a91dedc/hamcrest-2.2.jar!/, jar:file:/C:/Users/ADMIN/.gradle/caches/modules-2/files-2.1/org.mockito/mockito-junit-jupiter/4.8.1/e393aa62eca2244a535b03842843f2f199343d1f/mockito-junit-jupiter-4.8.1.jar!/, jar:file:/C:/Users/ADMIN/.gradle/caches/modules-2/files-2.1/org.junit.jupiter/junit-jupiter-params/5.9.2/bc2765afb7b85b583c710dd259a11c6b8c39e912/junit-jupiter-params-5.9.2.jar!/, jar:file:/C:/Users/ADMIN/.gradle/caches/modules-2/files-2.1/org.junit.jupiter/junit-jupiter-engine/5.9.2/572f7a553b53f83ee59cc045ce1c3772864ab76c/junit-jupiter-engine-5.9.2.jar!/, jar:file:/C:/Users/ADMIN/.gradle/caches/modules-2/files-2.1/org.junit.jupiter/junit-jupiter-api/5.9.2/fed843581520eac594bc36bb4b0f55e7b947dda9/junit-jupiter-api-5.9.2.jar!/, jar:file:/C:/Users/ADMIN/.gradle/caches/modules-2/files-2.1/org.junit.platform/junit-platform-engine/1.9.2/40aeef2be7b04f96bb91e8b054affc28b7c7c935/junit-platform-engine-1.9.2.jar!/, jar:file:/C:/Users/ADMIN/.gradle/caches/modules-2/files-2.1/org.junit.platform/junit-platform-commons/1.9.2/6f9f8621d8230cd38aa42e58ccbc0c00569131ce/junit-platform-commons-1.9.2.jar!/, jar:file:/C:/Users/ADMIN/.gradle/caches/modules-2/files-2.1/org.junit.jupiter/junit-jupiter/5.9.2/26c586fbe0ebd81b48c9f11f0d998124248697ae/junit-jupiter-5.9.2.jar!/, jar:file:/C:/Users/ADMIN/.gradle/caches/modules-2/files-2.1/org.mockito/mockito-core/4.8.1/d8eb9dec8747d08645347bb8c69088ac83197975/mockito-core-4.8.1.jar!/, jar:file:/C:/Users/ADMIN/.gradle/caches/modules-2/files-2.1/org.skyscreamer/jsonassert/1.5.1/6d842d0faf4cf6725c509a5e5347d319ee0431c3/jsonassert-1.5.1.jar!/, jar:file:/C:/Users/ADMIN/.gradle/caches/modules-2/files-2.1/org.xmlunit/xmlunit-core/2.9.1/e5833662d9a1279a37da3ef6f62a1da29fcd68c4/xmlunit-core-2.9.1.jar!/, jar:file:/C:/Users/ADMIN/.gradle/caches/modules-2/files-2.1/io.rest-assured/xml-path/5.2.1/3918e4080bd677b1b4683bdd82a19be78d5c0ec2/xml-path-5.2.1.jar!/, jar:file:/C:/Users/ADMIN/.gradle/caches/modules-2/files-2.1/io.rest-assured/json-path/5.2.1/f53d9cefcf3e3f4554f390ec17d278c47d4125ad/json-path-5.2.1.jar!/, jar:file:/C:/Users/ADMIN/.gradle/caches/modules-2/files-2.1/org.apache.groovy/groovy-json/4.0.9/122759fca67c3ef87ea7d48a3057af362a360089/groovy-json-4.0.9.jar!/, jar:file:/C:/Users/ADMIN/.gradle/caches/modules-2/files-2.1/org.apache.groovy/groovy-xml/4.0.9/b22d2ae189670d4ccc58bc4ef003d922b85cb0d5/groovy-xml-4.0.9.jar!/, jar:file:/C:/Users/ADMIN/.gradle/caches/modules-2/files-2.1/io.rest-assured/rest-assured-common/5.2.1/f506be4e8fb8c2adbbfdff9720fad420b76e6543/rest-assured-common-5.2.1.jar!/, jar:file:/C:/Users/ADMIN/.gradle/caches/modules-2/files-2.1/org.apache.groovy/groovy/4.0.9/80605ad828d16fd5d6349628b8d77e5761b2b4c4/groovy-4.0.9.jar!/, jar:file:/C:/Users/ADMIN/.gradle/caches/modules-2/files-2.1/org.apache.httpcomponents/httpmime/4.5.14/6662758a1f1cb1149cf916bdac28332e0902ec44/httpmime-4.5.14.jar!/, jar:file:/C:/Users/ADMIN/.gradle/caches/modules-2/files-2.1/org.apache.httpcomponents/httpclient/4.5.14/1194890e6f56ec29177673f2f12d0b8e627dec98/httpclient-4.5.14.jar!/, jar:file:/C:/Users/ADMIN/.gradle/caches/modules-2/files-2.1/org.ccil.cowan.tagsoup/tagsoup/1.2.1/5584627487e984c03456266d3f8802eb85a9ce97/tagsoup-1.2.1.jar!/, jar:file:/C:/Users/ADMIN/.gradle/caches/modules-2/files-2.1/org.thymeleaf/thymeleaf-spring6/3.1.1.RELEASE/deb52ef921a4ac5132fedb7ebfc2bc1dad4382b3/thymeleaf-spring6-3.1.1.RELEASE.jar!/, jar:file:/C:/Users/ADMIN/.gradle/caches/modules-2/files-2.1/ch.qos.logback/logback-classic/1.4.5/28e7dc0b208d6c3f15beefd73976e064b4ecfa9b/logback-classic-1.4.5.jar!/, jar:file:/C:/Users/ADMIN/.gradle/caches/modules-2/files-2.1/org.apache.logging.log4j/log4j-to-slf4j/2.19.0/30f4812e43172ecca5041da2cb6b965cc4777c19/log4j-to-slf4j-2.19.0.jar!/, jar:file:/C:/Users/ADMIN/.gradle/caches/modules-2/files-2.1/org.slf4j/jul-to-slf4j/2.0.6/c4d348977a83a0bfcf42fd6fd1fee6e7904f1a0c/jul-to-slf4j-2.0.6.jar!/, jar:file:/C:/Users/ADMIN/.gradle/caches/modules-2/files-2.1/org.thymeleaf/thymeleaf/3.1.1.RELEASE/374a129dfa5e7d7f1a46eacc4d49e594ca0cf26f/thymeleaf-3.1.1.RELEASE.jar!/, jar:file:/C:/Users/ADMIN/.gradle/caches/modules-2/files-2.1/com.rabbitmq/amqp-client/5.16.0/c70c66a8e5a92e41adf618efa7d8025db29cdf3/amqp-client-5.16.0.jar!/, jar:file:/C:/Users/ADMIN/.gradle/caches/modules-2/files-2.1/org.slf4j/slf4j-api/2.0.6/88c40d8b4f33326f19a7d3c0aaf2c7e8721d4953/slf4j-api-2.0.6.jar!/, jar:file:/D:/CODE/microservice/ddd-eshopee-EXPT-modulith/shopee-microservices/sales/catalog/domain/build/libs/catalog-domain-2.0-SNAPSHOT.jar!/, jar:file:/D:/CODE/microservice/ddd-eshopee-EXPT-modulith/shopee-microservices/sales/cart/domain/build/libs/cart-domain-2.0-SNAPSHOT.jar!/, jar:file:/D:/CODE/microservice/ddd-eshopee-EXPT-modulith/shopee-microservices/shipping/dispatching/domain/build/libs/dispatching-domain-2.0-SNAPSHOT.jar!/, jar:file:/C:/Users/ADMIN/.gradle/caches/modules-2/files-2.1/org.springframework/spring-jcl/6.0.6/f13cd8a561e71fb65c63201113d766fcd7a2b06f/spring-jcl-6.0.6.jar!/, jar:file:/C:/Users/ADMIN/.gradle/caches/modules-2/files-2.1/io.netty/netty-handler/4.1.89.Final/ced584e9eba5a6b7aad7c6a28a60c13375459f1a/netty-handler-4.1.89.Final.jar!/, jar:file:/C:/Users/ADMIN/.gradle/caches/modules-2/files-2.1/io.netty/netty-transport-native-unix-common/4.1.89.Final/a7717ed61393d5aad202a92bb02f661ed525bf86/netty-transport-native-unix-common-4.1.89.Final.jar!/, jar:file:/C:/Users/ADMIN/.gradle/caches/modules-2/files-2.1/io.netty/netty-codec/4.1.89.Final/f03a649ffa405ca4c802a8bfcc2abfe70ae485ca/netty-codec-4.1.89.Final.jar!/, jar:file:/C:/Users/ADMIN/.gradle/caches/modules-2/files-2.1/io.netty/netty-transport/4.1.89.Final/e7ff320310eafe302c0dfb9690ae7201ab61ead2/netty-transport-4.1.89.Final.jar!/, jar:file:/C:/Users/ADMIN/.gradle/caches/modules-2/files-2.1/io.netty/netty-resolver/4.1.89.Final/686b21bf3488747bc834ee9e60a863f37b71f35e/netty-resolver-4.1.89.Final.jar!/, jar:file:/C:/Users/ADMIN/.gradle/caches/modules-2/files-2.1/io.netty/netty-buffer/4.1.89.Final/b1d3dbf69a75eaa8793c7e00cff2851dac9fd725/netty-buffer-4.1.89.Final.jar!/, jar:file:/C:/Users/ADMIN/.gradle/caches/modules-2/files-2.1/io.netty/netty-common/4.1.89.Final/c0c80bfe45cc85da5030ea8fc64071e28d0f6f5f/netty-common-4.1.89.Final.jar!/, jar:file:/C:/Users/ADMIN/.gradle/caches/modules-2/files-2.1/io.projectreactor/reactor-core/3.5.3/dd102ecdb21ff78a486074dbad55331f8847eb5d/reactor-core-3.5.3.jar!/, jar:file:/C:/Users/ADMIN/.gradle/caches/modules-2/files-2.1/org.apache.tomcat.embed/tomcat-embed-websocket/10.1.5/14529cbd593571dc9029272ddc9166b5ef113fc2/tomcat-embed-websocket-10.1.5.jar!/, jar:file:/C:/Users/ADMIN/.gradle/caches/modules-2/files-2.1/org.apache.tomcat.embed/tomcat-embed-core/10.1.5/21417d3ef8189e2af05aae0a765ad9204d7211b5/tomcat-embed-core-10.1.5.jar!/, jar:file:/C:/Users/ADMIN/.gradle/caches/modules-2/files-2.1/org.apache.tomcat.embed/tomcat-embed-el/10.1.5/c125df13af42a0fc0cd342370449b1276181e2a1/tomcat-embed-el-10.1.5.jar!/, jar:file:/C:/Users/ADMIN/.gradle/caches/modules-2/files-2.1/io.micrometer/micrometer-observation/1.10.4/96aa92ad7a18c2451c429348c0167eb08a988d4e/micrometer-observation-1.10.4.jar!/, jar:file:/C:/Users/ADMIN/.gradle/caches/modules-2/files-2.1/net.minidev/json-smart/2.4.8/7c62f5f72ab05eb54d40e2abf0360a2fe9ea477f/json-smart-2.4.8.jar!/, jar:file:/C:/Users/ADMIN/.gradle/caches/modules-2/files-2.1/jakarta.activation/jakarta.activation-api/2.1.1/88c774ab863a21fb2fc4219af95379fafe499a31/jakarta.activation-api-2.1.1.jar!/, jar:file:/C:/Users/ADMIN/.gradle/caches/modules-2/files-2.1/net.bytebuddy/byte-buddy/1.12.23/d470526e8c4566c04e9ae5d3ccb62d1a7aa58986/byte-buddy-1.12.23.jar!/, jar:file:/C:/Users/ADMIN/.gradle/caches/modules-2/files-2.1/net.bytebuddy/byte-buddy-agent/1.12.23/1cba11fdb72c383edacb909f79ae6870efd275e4/byte-buddy-agent-1.12.23.jar!/, jar:file:/C:/Users/ADMIN/.gradle/caches/modules-2/files-2.1/org.objenesis/objenesis/3.2/7fadf57620c8b8abdf7519533e5527367cb51f09/objenesis-3.2.jar!/, jar:file:/C:/Users/ADMIN/.m2/repository/com/vaadin/external/google/android-json/0.0.20131108.vaadin1/android-json-0.0.20131108.vaadin1.jar!/, jar:file:/C:/Users/ADMIN/.gradle/caches/modules-2/files-2.1/org.apache.httpcomponents/httpcore/4.4.16/51cf043c87253c9f58b539c9f7e44c8894223850/httpcore-4.4.16.jar!/, jar:file:/C:/Users/ADMIN/.gradle/caches/modules-2/files-2.1/commons-codec/commons-codec/1.15/49d94806b6e3dc933dacbd8acb0fdbab8ebd1e5d/commons-codec-1.15.jar!/, jar:file:/C:/Users/ADMIN/.gradle/caches/modules-2/files-2.1/org.apache.commons/commons-lang3/3.12.0/c6842c86792ff03b9f1d1fe2aab8dc23aa6c6f0e/commons-lang3-3.12.0.jar!/, jar:file:/D:/CODE/microservice/ddd-eshopee-EXPT-modulith/shopee-microservices/common/primitives/build/libs/primitives-2.0-SNAPSHOT.jar!/, jar:file:/C:/Users/ADMIN/.gradle/caches/modules-2/files-2.1/ch.qos.logback/logback-core/1.4.5/e9bb2ea70f84401314da4300343b0a246c8954da/logback-core-1.4.5.jar!/, jar:file:/C:/Users/ADMIN/.gradle/caches/modules-2/files-2.1/org.apache.logging.log4j/log4j-api/2.19.0/ea1b37f38c327596b216542bc636cfdc0b8036fa/log4j-api-2.19.0.jar!/, jar:file:/C:/Users/ADMIN/.gradle/caches/modules-2/files-2.1/org.reactivestreams/reactive-streams/1.0.4/3864a1320d97d7b045f729a326e1e077661f31b7/reactive-streams-1.0.4.jar!/, jar:file:/C:/Users/ADMIN/.gradle/caches/modules-2/files-2.1/io.micrometer/micrometer-commons/1.10.4/a5db33c573c8755e70388f204e83000dc359b63d/micrometer-commons-1.10.4.jar!/, jar:file:/C:/Users/ADMIN/.gradle/caches/modules-2/files-2.1/net.minidev/accessors-smart/2.4.8/6e1bee5a530caba91893604d6ab41d0edcecca9a/accessors-smart-2.4.8.jar!/, jar:file:/C:/Users/ADMIN/.gradle/caches/modules-2/files-2.1/org.opentest4j/opentest4j/1.2.0/28c11eb91f9b6d8e200631d46e20a7f407f2a046/opentest4j-1.2.0.jar!/, jar:file:/C:/Users/ADMIN/.gradle/caches/modules-2/files-2.1/org.attoparser/attoparser/2.0.6.RELEASE/8f603f22a18d4f7258f8860ccbb68b069f49904a/attoparser-2.0.6.RELEASE.jar!/, jar:file:/C:/Users/ADMIN/.gradle/caches/modules-2/files-2.1/org.unbescape/unbescape/1.1.6.RELEASE/7b90360afb2b860e09e8347112800d12c12b2a13/unbescape-1.1.6.RELEASE.jar!/, jar:file:/C:/Users/ADMIN/.gradle/caches/modules-2/files-2.1/org.springframework.retry/spring-retry/2.0.0/6a7a653901b58eb741692417f33b5bebedbd01f7/spring-retry-2.0.0.jar!/, jar:file:/C:/Users/ADMIN/.gradle/caches/modules-2/files-2.1/org.ow2.asm/asm/9.1/a99500cf6eea30535eeac6be73899d048f8d12a8/asm-9.1.jar!/]
19:37:23.758 [Test worker] DEBUG com.tngtech.archunit.core.importer.UrlSource$From - Found URLs on sun.boot.class.path: []
19:37:23.762 [Test worker] DEBUG com.tngtech.archunit.core.importer.UrlSource$From - Found URLs on java.class.path: [jar:file:/C:/Users/ADMIN/.gradle/caches/7.4.2/workerMain/gradle-worker.jar!/, file:/D:/CODE/microservice/ddd-eshopee-EXPT-modulith/shopee-microservices/application/build/classes/java/test/, file:/D:/CODE/microservice/ddd-eshopee-EXPT-modulith/shopee-microservices/application/build/resources/test/, file:/D:/CODE/microservice/ddd-eshopee-EXPT-modulith/shopee-microservices/application/build/classes/java/main/, file:/D:/CODE/microservice/ddd-eshopee-EXPT-modulith/shopee-microservices/application/build/resources/main/, jar:file:/D:/CODE/microservice/ddd-eshopee-EXPT-modulith/shopee-microservices/sales/catalog/spring-boot-starter/build/libs/catalog-spring-boot-starter-2.0-SNAPSHOT.jar!/, jar:file:/D:/CODE/microservice/ddd-eshopee-EXPT-modulith/shopee-microservices/sales/cart/spring-boot-starter/build/libs/cart-spring-boot-starter-2.0-SNAPSHOT.jar!/, jar:file:/D:/CODE/microservice/ddd-eshopee-EXPT-modulith/shopee-microservices/sales/order/spring-boot-starter/build/libs/order-spring-boot-starter-2.0-SNAPSHOT.jar!/, jar:file:/D:/CODE/microservice/ddd-eshopee-EXPT-modulith/shopee-microservices/warehouse/spring-boot-starter/build/libs/warehouse-spring-boot-starter-2.0-SNAPSHOT.jar!/, jar:file:/D:/CODE/microservice/ddd-eshopee-EXPT-modulith/shopee-microservices/billing/payment/spring-boot-starter/build/libs/payment-spring-boot-starter-2.0-SNAPSHOT.jar!/, jar:file:/D:/CODE/microservice/ddd-eshopee-EXPT-modulith/shopee-microservices/shipping/delivery/spring-boot-starter/build/libs/delivery-spring-boot-starter-2.0-SNAPSHOT.jar!/, jar:file:/D:/CODE/microservice/ddd-eshopee-EXPT-modulith/shopee-microservices/shipping/dispatching/spring-boot-starter/build/libs/dispatching-spring-boot-starter-2.0-SNAPSHOT.jar!/, jar:file:/D:/CODE/microservice/ddd-eshopee-EXPT-modulith/shopee-microservices/portal/spring-boot-starter/build/libs/portal-spring-boot-starter-2.0-SNAPSHOT.jar!/, jar:file:/D:/CODE/microservice/ddd-eshopee-EXPT-modulith/shopee-microservices/common/application-integration-spring-boot-starter/build/libs/application-integration-spring-boot-starter-2.0-SNAPSHOT.jar!/, jar:file:/C:/Users/ADMIN/.gradle/caches/modules-2/files-2.1/org.springframework.boot/spring-boot-starter-data-redis/3.0.4/e122886d50ec624e51fbaac4bb0d5d17cf7b9764/spring-boot-starter-data-redis-3.0.4.jar!/, jar:file:/C:/Users/ADMIN/.gradle/caches/modules-2/files-2.1/org.springframework.boot/spring-boot-starter-jdbc/3.0.4/e64f229f772dc2952e1978a1f10d7f3a462e105d/spring-boot-starter-jdbc-3.0.4.jar!/, jar:file:/C:/Users/ADMIN/.gradle/caches/modules-2/files-2.1/org.springframework.boot/spring-boot-starter-web/3.0.4/6a7405b436c6943f056cdbab587fe48bdc2b4911/spring-boot-starter-web-3.0.4.jar!/, jar:file:/C:/Users/ADMIN/.gradle/caches/modules-2/files-2.1/org.springframework.boot/spring-boot-starter-test/3.0.4/eb934f1df3e6292d7b5800cfbbc237de90d174de/spring-boot-starter-test-3.0.4.jar!/, jar:file:/C:/Users/ADMIN/.gradle/caches/modules-2/files-2.1/org.springframework.boot/spring-boot-starter-thymeleaf/3.0.4/ea681f9f477da793eb9024a23686db9a59b50bc6/spring-boot-starter-thymeleaf-3.0.4.jar!/, jar:file:/C:/Users/ADMIN/.gradle/caches/modules-2/files-2.1/org.springframework.boot/spring-boot-starter-amqp/3.0.4/804a88a39dc6dce9678eef6f621bd9877f50a7ab/spring-boot-starter-amqp-3.0.4.jar!/, jar:file:/C:/Users/ADMIN/.gradle/caches/modules-2/files-2.1/org.springframework.boot/spring-boot-starter-json/3.0.4/5ddf427d011646fe787fdaa1b8edc4a4eebd48d5/spring-boot-starter-json-3.0.4.jar!/, jar:file:/C:/Users/ADMIN/.gradle/caches/modules-2/files-2.1/org.springframework.boot/spring-boot-starter/3.0.4/8f957a8bc9d70c0ca922406c6e23cb3db5d48109/spring-boot-starter-3.0.4.jar!/, jar:file:/C:/Users/ADMIN/.gradle/caches/modules-2/files-2.1/com.h2database/h2/2.1.214/d5c2005c9e3279201e12d4776c948578b16bf8b2/h2-2.1.214.jar!/, jar:file:/C:/Users/ADMIN/.gradle/caches/modules-2/files-2.1/org.postgresql/postgresql/42.5.4/15015a54f15e340a9a8a6a2c5457429cb1176b8/postgresql-42.5.4.jar!/, jar:file:/C:/Users/ADMIN/.gradle/caches/modules-2/files-2.1/io.rest-assured/rest-assured/5.2.1/131aedaf6ffbb783dbf7b21efe57a849ded8b321/rest-assured-5.2.1.jar!/, jar:file:/C:/Users/ADMIN/.gradle/caches/modules-2/files-2.1/com.tngtech.archunit/archunit/0.23.1/7f93a254a0b88b9209e34db523ed5c2cee2ab25f/archunit-0.23.1.jar!/, jar:file:/D:/CODE/microservice/ddd-eshopee-EXPT-modulith/shopee-microservices/sales/catalog/jdbc/build/libs/catalog-jdbc-2.0-SNAPSHOT.jar!/, jar:file:/D:/CODE/microservice/ddd-eshopee-EXPT-modulith/shopee-microservices/sales/catalog/rest/build/libs/catalog-rest-2.0-SNAPSHOT.jar!/, jar:file:/D:/CODE/microservice/ddd-eshopee-EXPT-modulith/shopee-microservices/sales/catalog/webcomp/build/libs/catalog-webcomp-2.0-SNAPSHOT.jar!/, jar:file:/D:/CODE/microservice/ddd-eshopee-EXPT-modulith/shopee-microservices/sales/cart/jdbc/build/libs/cart-jdbc-2.0-SNAPSHOT.jar!/, jar:file:/D:/CODE/microservice/ddd-eshopee-EXPT-modulith/shopee-microservices/sales/cart/rest/build/libs/cart-rest-2.0-SNAPSHOT.jar!/, jar:file:/D:/CODE/microservice/ddd-eshopee-EXPT-modulith/shopee-microservices/sales/cart/webcomp/build/libs/cart-webcomp-2.0-SNAPSHOT.jar!/, jar:file:/D:/CODE/microservice/ddd-eshopee-EXPT-modulith/shopee-microservices/sales/order/jdbc/build/libs/order-jdbc-2.0-SNAPSHOT.jar!/, jar:file:/D:/CODE/microservice/ddd-eshopee-EXPT-modulith/shopee-microservices/sales/order/rest/build/libs/order-rest-2.0-SNAPSHOT.jar!/, jar:file:/D:/CODE/microservice/ddd-eshopee-EXPT-modulith/shopee-microservices/sales/order/webcomp/build/libs/order-webcomp-2.0-SNAPSHOT.jar!/, jar:file:/D:/CODE/microservice/ddd-eshopee-EXPT-modulith/shopee-microservices/warehouse/jdbc/build/libs/warehouse-jdbc-2.0-SNAPSHOT.jar!/, jar:file:/D:/CODE/microservice/ddd-eshopee-EXPT-modulith/shopee-microservices/warehouse/listeners/build/libs/warehouse-listeners-2.0-SNAPSHOT.jar!/, jar:file:/D:/CODE/microservice/ddd-eshopee-EXPT-modulith/shopee-microservices/warehouse/rest/build/libs/warehouse-rest-2.0-SNAPSHOT.jar!/, jar:file:/D:/CODE/microservice/ddd-eshopee-EXPT-modulith/shopee-microservices/billing/payment/jdbc/build/libs/payment-jdbc-2.0-SNAPSHOT.jar!/, jar:file:/D:/CODE/microservice/ddd-eshopee-EXPT-modulith/shopee-microservices/billing/payment/listeners/build/libs/payment-listeners-2.0-SNAPSHOT.jar!/, jar:file:/D:/CODE/microservice/ddd-eshopee-EXPT-modulith/shopee-microservices/billing/payment/rest/build/libs/payment-rest-2.0-SNAPSHOT.jar!/, jar:file:/D:/CODE/microservice/ddd-eshopee-EXPT-modulith/shopee-microservices/shipping/delivery/jdbc/build/libs/delivery-jdbc-2.0-SNAPSHOT.jar!/, jar:file:/D:/CODE/microservice/ddd-eshopee-EXPT-modulith/shopee-microservices/shipping/delivery/listeners/build/libs/delivery-listeners-2.0-SNAPSHOT.jar!/, jar:file:/D:/CODE/microservice/ddd-eshopee-EXPT-modulith/shopee-microservices/shipping/delivery/rest/build/libs/delivery-rest-2.0-SNAPSHOT.jar!/, jar:file:/D:/CODE/microservice/ddd-eshopee-EXPT-modulith/shopee-microservices/shipping/delivery/webcomp/build/libs/delivery-webcomp-2.0-SNAPSHOT.jar!/, jar:file:/D:/CODE/microservice/ddd-eshopee-EXPT-modulith/shopee-microservices/shipping/dispatching/jdbc/build/libs/dispatching-jdbc-2.0-SNAPSHOT.jar!/, jar:file:/D:/CODE/microservice/ddd-eshopee-EXPT-modulith/shopee-microservices/shipping/dispatching/listeners/build/libs/dispatching-listeners-2.0-SNAPSHOT.jar!/, jar:file:/D:/CODE/microservice/ddd-eshopee-EXPT-modulith/shopee-microservices/portal/web/build/libs/portal-web-2.0-SNAPSHOT.jar!/, jar:file:/D:/CODE/microservice/ddd-eshopee-EXPT-modulith/shopee-microservices/sales/order/domain/build/libs/order-domain-2.0-SNAPSHOT.jar!/, jar:file:/D:/CODE/microservice/ddd-eshopee-EXPT-modulith/shopee-microservices/sales/order/events/build/libs/order-events-2.0-SNAPSHOT.jar!/, jar:file:/D:/CODE/microservice/ddd-eshopee-EXPT-modulith/shopee-microservices/shipping/dispatching/events/build/libs/dispatching-events-2.0-SNAPSHOT.jar!/, jar:file:/D:/CODE/microservice/ddd-eshopee-EXPT-modulith/shopee-microservices/shipping/delivery/domain/build/libs/delivery-domain-2.0-SNAPSHOT.jar!/, jar:file:/D:/CODE/microservice/ddd-eshopee-EXPT-modulith/shopee-microservices/shipping/delivery/events/build/libs/delivery-events-2.0-SNAPSHOT.jar!/, jar:file:/D:/CODE/microservice/ddd-eshopee-EXPT-modulith/shopee-microservices/billing/payment/domain/build/libs/payment-domain-2.0-SNAPSHOT.jar!/, jar:file:/D:/CODE/microservice/ddd-eshopee-EXPT-modulith/shopee-microservices/billing/payment/events/build/libs/payment-events-2.0-SNAPSHOT.jar!/, jar:file:/D:/CODE/microservice/ddd-eshopee-EXPT-modulith/shopee-microservices/warehouse/domain/build/libs/warehouse-domain-2.0-SNAPSHOT.jar!/, jar:file:/D:/CODE/microservice/ddd-eshopee-EXPT-modulith/shopee-microservices/warehouse/events/build/libs/warehouse-events-2.0-SNAPSHOT.jar!/, jar:file:/D:/CODE/microservice/ddd-eshopee-EXPT-modulith/shopee-microservices/common/events/build/libs/events-2.0-SNAPSHOT.jar!/, jar:file:/C:/Users/ADMIN/.gradle/caches/modules-2/files-2.1/com.fasterxml.jackson.datatype/jackson-datatype-jdk8/2.14.2/2f3c71211b6ea7a978eba33574d7135d536e07fb/jackson-datatype-jdk8-2.14.2.jar!/, jar:file:/C:/Users/ADMIN/.gradle/caches/modules-2/files-2.1/com.fasterxml.jackson.module/jackson-module-parameter-names/2.14.2/2b6c19b3d99dda02915515df879ab9e23fed3864/jackson-module-parameter-names-2.14.2.jar!/, jar:file:/C:/Users/ADMIN/.gradle/caches/modules-2/files-2.1/com.fasterxml.jackson.core/jackson-databind/2.14.2/1e71fddbc80bb86f71a6345ac1e8ab8a00e7134/jackson-databind-2.14.2.jar!/, jar:file:/C:/Users/ADMIN/.gradle/caches/modules-2/files-2.1/com.fasterxml.jackson.core/jackson-annotations/2.14.2/a7aae9525864930723e3453ab799521fdfd9d873/jackson-annotations-2.14.2.jar!/, jar:file:/C:/Users/ADMIN/.gradle/caches/modules-2/files-2.1/com.fasterxml.jackson.core/jackson-core/2.14.2/f804090e6399ce0cf78242db086017512dd71fcc/jackson-core-2.14.2.jar!/, jar:file:/C:/Users/ADMIN/.gradle/caches/modules-2/files-2.1/com.fasterxml.jackson.datatype/jackson-datatype-jsr310/2.14.2/796518148a385b2728d44886cc0f8852eb8eeb53/jackson-datatype-jsr310-2.14.2.jar!/, jar:file:/C:/Users/ADMIN/.gradle/caches/modules-2/files-2.1/org.springframework.boot/spring-boot-test-autoconfigure/3.0.4/3d28e21dc5cea68949d1f0b6a4051e7deeacf6cc/spring-boot-test-autoconfigure-3.0.4.jar!/, jar:file:/C:/Users/ADMIN/.gradle/caches/modules-2/files-2.1/org.springframework.boot/spring-boot-autoconfigure/3.0.4/7eb11bff0f965807f1088da20bc169bff27d284/spring-boot-autoconfigure-3.0.4.jar!/, jar:file:/C:/Users/ADMIN/.gradle/caches/modules-2/files-2.1/org.springframework.boot/spring-boot-test/3.0.4/4c1c72ff838b4f1191321aa01d1e98d68f882280/spring-boot-test-3.0.4.jar!/, jar:file:/C:/Users/ADMIN/.gradle/caches/modules-2/files-2.1/org.springframework.boot/spring-boot/3.0.4/27e5fceb2faf8ec399df70a2ff4e626a3423ae35/spring-boot-3.0.4.jar!/, jar:file:/C:/Users/ADMIN/.gradle/caches/modules-2/files-2.1/org.springframework.boot/spring-boot-starter-logging/3.0.4/31b32774c6ec2eceb3f75bdef7ddd8afd7059255/spring-boot-starter-logging-3.0.4.jar!/, jar:file:/C:/Users/ADMIN/.gradle/caches/modules-2/files-2.1/org.springframework.boot/spring-boot-starter-tomcat/3.0.4/40babd5ca3db46adf7c59b70ca2e6f2a528b558c/spring-boot-starter-tomcat-3.0.4.jar!/, jar:file:/C:/Users/ADMIN/.gradle/caches/modules-2/files-2.1/jakarta.annotation/jakarta.annotation-api/2.1.1/48b9bda22b091b1f48b13af03fe36db3be6e1ae3/jakarta.annotation-api-2.1.1.jar!/, jar:file:/C:/Users/ADMIN/.gradle/caches/modules-2/files-2.1/org.springframework/spring-jdbc/6.0.6/151e730f45832d42c6535b0bc6d7cebeabcaf844/spring-jdbc-6.0.6.jar!/, jar:file:/C:/Users/ADMIN/.gradle/caches/modules-2/files-2.1/org.springframework/spring-webmvc/6.0.6/302580efc981ad6797a85814ea0996e2149bb420/spring-webmvc-6.0.6.jar!/, jar:file:/C:/Users/ADMIN/.gradle/caches/modules-2/files-2.1/org.springframework/spring-web/6.0.6/2916961032e54aaeb534a290530b7b69e297bfcc/spring-web-6.0.6.jar!/, jar:file:/C:/Users/ADMIN/.gradle/caches/modules-2/files-2.1/org.springframework/spring-test/6.0.6/e94217b5c8cdf8f954d10251449fc98bdd8fc756/spring-test-6.0.6.jar!/, jar:file:/C:/Users/ADMIN/.gradle/caches/modules-2/files-2.1/org.springframework.data/spring-data-redis/3.0.3/6e8f59ca594ea86b56eacba74ae343d188771905/spring-data-redis-3.0.3.jar!/, jar:file:/C:/Users/ADMIN/.gradle/caches/modules-2/files-2.1/org.springframework.amqp/spring-rabbit/3.0.2/910f6a931b70f874ab03ba3dc0df2c6e05de12b8/spring-rabbit-3.0.2.jar!/, jar:file:/C:/Users/ADMIN/.gradle/caches/modules-2/files-2.1/org.springframework.data/spring-data-keyvalue/3.0.3/20ebdf1c5fb12aa0b5be9e67791e6c457f6e8968/spring-data-keyvalue-3.0.3.jar!/, jar:file:/C:/Users/ADMIN/.gradle/caches/modules-2/files-2.1/org.springframework/spring-tx/6.0.6/e86b3073d9640e17e5581a6aebb0d2794c407c46/spring-tx-6.0.6.jar!/, jar:file:/C:/Users/ADMIN/.gradle/caches/modules-2/files-2.1/org.springframework/spring-context-support/6.0.6/363228b8abc8b7ff569b10195f28652c7b65a41/spring-context-support-6.0.6.jar!/, jar:file:/C:/Users/ADMIN/.gradle/caches/modules-2/files-2.1/org.springframework/spring-context/6.0.6/fbd2b7c23adb2ec2f7ca601b3e7d79ae10e342a/spring-context-6.0.6.jar!/, jar:file:/C:/Users/ADMIN/.gradle/caches/modules-2/files-2.1/org.springframework/spring-messaging/6.0.6/42392bdb43a691e7c7bf4da296fef598a3127f37/spring-messaging-6.0.6.jar!/, jar:file:/C:/Users/ADMIN/.gradle/caches/modules-2/files-2.1/org.springframework/spring-oxm/6.0.6/e0bab7269ffaec4df3a9f221b4810b392c5ac492/spring-oxm-6.0.6.jar!/, jar:file:/C:/Users/ADMIN/.gradle/caches/modules-2/files-2.1/org.springframework/spring-aop/6.0.6/c95dc800fdce470519b7135272e64d4606fc8428/spring-aop-6.0.6.jar!/, jar:file:/C:/Users/ADMIN/.gradle/caches/modules-2/files-2.1/org.springframework.data/spring-data-commons/3.0.3/4492e9d25d7e8714f5ebfdd9e607dd7e0998038e/spring-data-commons-3.0.3.jar!/, jar:file:/C:/Users/ADMIN/.gradle/caches/modules-2/files-2.1/org.springframework/spring-beans/6.0.6/48ea4ba141146b3acaad0c7df80d2a06afeb95fd/spring-beans-6.0.6.jar!/, jar:file:/C:/Users/ADMIN/.gradle/caches/modules-2/files-2.1/org.springframework/spring-expression/6.0.6/2006ee0e1be8380f05c29deb52a97d3a1e6812d7/spring-expression-6.0.6.jar!/, jar:file:/C:/Users/ADMIN/.gradle/caches/modules-2/files-2.1/org.springframework.amqp/spring-amqp/3.0.2/698cf3a55e202356034288ed0bdccc2f8579b7e2/spring-amqp-3.0.2.jar!/, jar:file:/C:/Users/ADMIN/.gradle/caches/modules-2/files-2.1/org.springframework/spring-core/6.0.6/8a2845e0945923a9ebf3e9ef0649a28b6eeeac43/spring-core-6.0.6.jar!/, jar:file:/C:/Users/ADMIN/.gradle/caches/modules-2/files-2.1/org.yaml/snakeyaml/1.33/2cd0a87ff7df953f810c344bdf2fe3340b954c69/snakeyaml-1.33.jar!/, jar:file:/C:/Users/ADMIN/.gradle/caches/modules-2/files-2.1/io.lettuce/lettuce-core/6.2.3.RELEASE/3d671a51095ef90b817a690ef1b569b24b309665/lettuce-core-6.2.3.RELEASE.jar!/, jar:file:/C:/Users/ADMIN/.gradle/caches/modules-2/files-2.1/com.zaxxer/HikariCP/5.0.1/a74c7f0a37046846e88d54f7cb6ea6d565c65f9c/HikariCP-5.0.1.jar!/, jar:file:/C:/Users/ADMIN/.gradle/caches/modules-2/files-2.1/org.checkerframework/checker-qual/3.5.0/2f50520c8abea66fbd8d26e481d3aef5c673b510/checker-qual-3.5.0.jar!/, jar:file:/C:/Users/ADMIN/.gradle/caches/modules-2/files-2.1/com.jayway.jsonpath/json-path/2.7.0/f9d7d9659f2694e61142046ff8a216c047f263e8/json-path-2.7.0.jar!/, jar:file:/C:/Users/ADMIN/.gradle/caches/modules-2/files-2.1/jakarta.xml.bind/jakarta.xml.bind-api/4.0.0/bbb399208d288b15ec101fa4fcfc4bd77cedc97a/jakarta.xml.bind-api-4.0.0.jar!/, jar:file:/C:/Users/ADMIN/.gradle/caches/modules-2/files-2.1/org.assertj/assertj-core/3.23.1/d2bb60570f5b3d7ffa8f8000118c9c07b86eca93/assertj-core-3.23.1.jar!/, jar:file:/C:/Users/ADMIN/.gradle/caches/modules-2/files-2.1/org.hamcrest/hamcrest/2.2/1820c0968dba3a11a1b30669bb1f01978a91dedc/hamcrest-2.2.jar!/, jar:file:/C:/Users/ADMIN/.gradle/caches/modules-2/files-2.1/org.mockito/mockito-junit-jupiter/4.8.1/e393aa62eca2244a535b03842843f2f199343d1f/mockito-junit-jupiter-4.8.1.jar!/, jar:file:/C:/Users/ADMIN/.gradle/caches/modules-2/files-2.1/org.junit.jupiter/junit-jupiter-params/5.9.2/bc2765afb7b85b583c710dd259a11c6b8c39e912/junit-jupiter-params-5.9.2.jar!/, jar:file:/C:/Users/ADMIN/.gradle/caches/modules-2/files-2.1/org.junit.jupiter/junit-jupiter-engine/5.9.2/572f7a553b53f83ee59cc045ce1c3772864ab76c/junit-jupiter-engine-5.9.2.jar!/, jar:file:/C:/Users/ADMIN/.gradle/caches/modules-2/files-2.1/org.junit.jupiter/junit-jupiter-api/5.9.2/fed843581520eac594bc36bb4b0f55e7b947dda9/junit-jupiter-api-5.9.2.jar!/, jar:file:/C:/Users/ADMIN/.gradle/caches/modules-2/files-2.1/org.junit.platform/junit-platform-engine/1.9.2/40aeef2be7b04f96bb91e8b054affc28b7c7c935/junit-platform-engine-1.9.2.jar!/, jar:file:/C:/Users/ADMIN/.gradle/caches/modules-2/files-2.1/org.junit.platform/junit-platform-commons/1.9.2/6f9f8621d8230cd38aa42e58ccbc0c00569131ce/junit-platform-commons-1.9.2.jar!/, jar:file:/C:/Users/ADMIN/.gradle/caches/modules-2/files-2.1/org.junit.jupiter/junit-jupiter/5.9.2/26c586fbe0ebd81b48c9f11f0d998124248697ae/junit-jupiter-5.9.2.jar!/, jar:file:/C:/Users/ADMIN/.gradle/caches/modules-2/files-2.1/org.mockito/mockito-core/4.8.1/d8eb9dec8747d08645347bb8c69088ac83197975/mockito-core-4.8.1.jar!/, jar:file:/C:/Users/ADMIN/.gradle/caches/modules-2/files-2.1/org.skyscreamer/jsonassert/1.5.1/6d842d0faf4cf6725c509a5e5347d319ee0431c3/jsonassert-1.5.1.jar!/, jar:file:/C:/Users/ADMIN/.gradle/caches/modules-2/files-2.1/org.xmlunit/xmlunit-core/2.9.1/e5833662d9a1279a37da3ef6f62a1da29fcd68c4/xmlunit-core-2.9.1.jar!/, jar:file:/C:/Users/ADMIN/.gradle/caches/modules-2/files-2.1/io.rest-assured/xml-path/5.2.1/3918e4080bd677b1b4683bdd82a19be78d5c0ec2/xml-path-5.2.1.jar!/, jar:file:/C:/Users/ADMIN/.gradle/caches/modules-2/files-2.1/io.rest-assured/json-path/5.2.1/f53d9cefcf3e3f4554f390ec17d278c47d4125ad/json-path-5.2.1.jar!/, jar:file:/C:/Users/ADMIN/.gradle/caches/modules-2/files-2.1/org.apache.groovy/groovy-json/4.0.9/122759fca67c3ef87ea7d48a3057af362a360089/groovy-json-4.0.9.jar!/, jar:file:/C:/Users/ADMIN/.gradle/caches/modules-2/files-2.1/org.apache.groovy/groovy-xml/4.0.9/b22d2ae189670d4ccc58bc4ef003d922b85cb0d5/groovy-xml-4.0.9.jar!/, jar:file:/C:/Users/ADMIN/.gradle/caches/modules-2/files-2.1/io.rest-assured/rest-assured-common/5.2.1/f506be4e8fb8c2adbbfdff9720fad420b76e6543/rest-assured-common-5.2.1.jar!/, jar:file:/C:/Users/ADMIN/.gradle/caches/modules-2/files-2.1/org.apache.groovy/groovy/4.0.9/80605ad828d16fd5d6349628b8d77e5761b2b4c4/groovy-4.0.9.jar!/, jar:file:/C:/Users/ADMIN/.gradle/caches/modules-2/files-2.1/org.apache.httpcomponents/httpmime/4.5.14/6662758a1f1cb1149cf916bdac28332e0902ec44/httpmime-4.5.14.jar!/, jar:file:/C:/Users/ADMIN/.gradle/caches/modules-2/files-2.1/org.apache.httpcomponents/httpclient/4.5.14/1194890e6f56ec29177673f2f12d0b8e627dec98/httpclient-4.5.14.jar!/, jar:file:/C:/Users/ADMIN/.gradle/caches/modules-2/files-2.1/org.ccil.cowan.tagsoup/tagsoup/1.2.1/5584627487e984c03456266d3f8802eb85a9ce97/tagsoup-1.2.1.jar!/, jar:file:/C:/Users/ADMIN/.gradle/caches/modules-2/files-2.1/org.thymeleaf/thymeleaf-spring6/3.1.1.RELEASE/deb52ef921a4ac5132fedb7ebfc2bc1dad4382b3/thymeleaf-spring6-3.1.1.RELEASE.jar!/, jar:file:/C:/Users/ADMIN/.gradle/caches/modules-2/files-2.1/ch.qos.logback/logback-classic/1.4.5/28e7dc0b208d6c3f15beefd73976e064b4ecfa9b/logback-classic-1.4.5.jar!/, jar:file:/C:/Users/ADMIN/.gradle/caches/modules-2/files-2.1/org.apache.logging.log4j/log4j-to-slf4j/2.19.0/30f4812e43172ecca5041da2cb6b965cc4777c19/log4j-to-slf4j-2.19.0.jar!/, jar:file:/C:/Users/ADMIN/.gradle/caches/modules-2/files-2.1/org.slf4j/jul-to-slf4j/2.0.6/c4d348977a83a0bfcf42fd6fd1fee6e7904f1a0c/jul-to-slf4j-2.0.6.jar!/, jar:file:/C:/Users/ADMIN/.gradle/caches/modules-2/files-2.1/org.thymeleaf/thymeleaf/3.1.1.RELEASE/374a129dfa5e7d7f1a46eacc4d49e594ca0cf26f/thymeleaf-3.1.1.RELEASE.jar!/, jar:file:/C:/Users/ADMIN/.gradle/caches/modules-2/files-2.1/com.rabbitmq/amqp-client/5.16.0/c70c66a8e5a92e41adf618efa7d8025db29cdf3/amqp-client-5.16.0.jar!/, jar:file:/C:/Users/ADMIN/.gradle/caches/modules-2/files-2.1/org.slf4j/slf4j-api/2.0.6/88c40d8b4f33326f19a7d3c0aaf2c7e8721d4953/slf4j-api-2.0.6.jar!/, jar:file:/D:/CODE/microservice/ddd-eshopee-EXPT-modulith/shopee-microservices/sales/catalog/domain/build/libs/catalog-domain-2.0-SNAPSHOT.jar!/, jar:file:/D:/CODE/microservice/ddd-eshopee-EXPT-modulith/shopee-microservices/sales/cart/domain/build/libs/cart-domain-2.0-SNAPSHOT.jar!/, jar:file:/D:/CODE/microservice/ddd-eshopee-EXPT-modulith/shopee-microservices/shipping/dispatching/domain/build/libs/dispatching-domain-2.0-SNAPSHOT.jar!/, jar:file:/C:/Users/ADMIN/.gradle/caches/modules-2/files-2.1/org.springframework/spring-jcl/6.0.6/f13cd8a561e71fb65c63201113d766fcd7a2b06f/spring-jcl-6.0.6.jar!/, jar:file:/C:/Users/ADMIN/.gradle/caches/modules-2/files-2.1/io.netty/netty-handler/4.1.89.Final/ced584e9eba5a6b7aad7c6a28a60c13375459f1a/netty-handler-4.1.89.Final.jar!/, jar:file:/C:/Users/ADMIN/.gradle/caches/modules-2/files-2.1/io.netty/netty-transport-native-unix-common/4.1.89.Final/a7717ed61393d5aad202a92bb02f661ed525bf86/netty-transport-native-unix-common-4.1.89.Final.jar!/, jar:file:/C:/Users/ADMIN/.gradle/caches/modules-2/files-2.1/io.netty/netty-codec/4.1.89.Final/f03a649ffa405ca4c802a8bfcc2abfe70ae485ca/netty-codec-4.1.89.Final.jar!/, jar:file:/C:/Users/ADMIN/.gradle/caches/modules-2/files-2.1/io.netty/netty-transport/4.1.89.Final/e7ff320310eafe302c0dfb9690ae7201ab61ead2/netty-transport-4.1.89.Final.jar!/, jar:file:/C:/Users/ADMIN/.gradle/caches/modules-2/files-2.1/io.netty/netty-resolver/4.1.89.Final/686b21bf3488747bc834ee9e60a863f37b71f35e/netty-resolver-4.1.89.Final.jar!/, jar:file:/C:/Users/ADMIN/.gradle/caches/modules-2/files-2.1/io.netty/netty-buffer/4.1.89.Final/b1d3dbf69a75eaa8793c7e00cff2851dac9fd725/netty-buffer-4.1.89.Final.jar!/, jar:file:/C:/Users/ADMIN/.gradle/caches/modules-2/files-2.1/io.netty/netty-common/4.1.89.Final/c0c80bfe45cc85da5030ea8fc64071e28d0f6f5f/netty-common-4.1.89.Final.jar!/, jar:file:/C:/Users/ADMIN/.gradle/caches/modules-2/files-2.1/io.projectreactor/reactor-core/3.5.3/dd102ecdb21ff78a486074dbad55331f8847eb5d/reactor-core-3.5.3.jar!/, jar:file:/C:/Users/ADMIN/.gradle/caches/modules-2/files-2.1/org.apache.tomcat.embed/tomcat-embed-websocket/10.1.5/14529cbd593571dc9029272ddc9166b5ef113fc2/tomcat-embed-websocket-10.1.5.jar!/, jar:file:/C:/Users/ADMIN/.gradle/caches/modules-2/files-2.1/org.apache.tomcat.embed/tomcat-embed-core/10.1.5/21417d3ef8189e2af05aae0a765ad9204d7211b5/tomcat-embed-core-10.1.5.jar!/, jar:file:/C:/Users/ADMIN/.gradle/caches/modules-2/files-2.1/org.apache.tomcat.embed/tomcat-embed-el/10.1.5/c125df13af42a0fc0cd342370449b1276181e2a1/tomcat-embed-el-10.1.5.jar!/, jar:file:/C:/Users/ADMIN/.gradle/caches/modules-2/files-2.1/io.micrometer/micrometer-observation/1.10.4/96aa92ad7a18c2451c429348c0167eb08a988d4e/micrometer-observation-1.10.4.jar!/, jar:file:/C:/Users/ADMIN/.gradle/caches/modules-2/files-2.1/net.minidev/json-smart/2.4.8/7c62f5f72ab05eb54d40e2abf0360a2fe9ea477f/json-smart-2.4.8.jar!/, jar:file:/C:/Users/ADMIN/.gradle/caches/modules-2/files-2.1/jakarta.activation/jakarta.activation-api/2.1.1/88c774ab863a21fb2fc4219af95379fafe499a31/jakarta.activation-api-2.1.1.jar!/, jar:file:/C:/Users/ADMIN/.gradle/caches/modules-2/files-2.1/net.bytebuddy/byte-buddy/1.12.23/d470526e8c4566c04e9ae5d3ccb62d1a7aa58986/byte-buddy-1.12.23.jar!/, jar:file:/C:/Users/ADMIN/.gradle/caches/modules-2/files-2.1/net.bytebuddy/byte-buddy-agent/1.12.23/1cba11fdb72c383edacb909f79ae6870efd275e4/byte-buddy-agent-1.12.23.jar!/, jar:file:/C:/Users/ADMIN/.gradle/caches/modules-2/files-2.1/org.objenesis/objenesis/3.2/7fadf57620c8b8abdf7519533e5527367cb51f09/objenesis-3.2.jar!/, jar:file:/C:/Users/ADMIN/.m2/repository/com/vaadin/external/google/android-json/0.0.20131108.vaadin1/android-json-0.0.20131108.vaadin1.jar!/, jar:file:/C:/Users/ADMIN/.gradle/caches/modules-2/files-2.1/org.apache.httpcomponents/httpcore/4.4.16/51cf043c87253c9f58b539c9f7e44c8894223850/httpcore-4.4.16.jar!/, jar:file:/C:/Users/ADMIN/.gradle/caches/modules-2/files-2.1/commons-codec/commons-codec/1.15/49d94806b6e3dc933dacbd8acb0fdbab8ebd1e5d/commons-codec-1.15.jar!/, jar:file:/C:/Users/ADMIN/.gradle/caches/modules-2/files-2.1/org.apache.commons/commons-lang3/3.12.0/c6842c86792ff03b9f1d1fe2aab8dc23aa6c6f0e/commons-lang3-3.12.0.jar!/, jar:file:/D:/CODE/microservice/ddd-eshopee-EXPT-modulith/shopee-microservices/common/primitives/build/libs/primitives-2.0-SNAPSHOT.jar!/, jar:file:/C:/Users/ADMIN/.gradle/caches/modules-2/files-2.1/ch.qos.logback/logback-core/1.4.5/e9bb2ea70f84401314da4300343b0a246c8954da/logback-core-1.4.5.jar!/, jar:file:/C:/Users/ADMIN/.gradle/caches/modules-2/files-2.1/org.apache.logging.log4j/log4j-api/2.19.0/ea1b37f38c327596b216542bc636cfdc0b8036fa/log4j-api-2.19.0.jar!/, jar:file:/C:/Users/ADMIN/.gradle/caches/modules-2/files-2.1/org.reactivestreams/reactive-streams/1.0.4/3864a1320d97d7b045f729a326e1e077661f31b7/reactive-streams-1.0.4.jar!/, jar:file:/C:/Users/ADMIN/.gradle/caches/modules-2/files-2.1/io.micrometer/micrometer-commons/1.10.4/a5db33c573c8755e70388f204e83000dc359b63d/micrometer-commons-1.10.4.jar!/, jar:file:/C:/Users/ADMIN/.gradle/caches/modules-2/files-2.1/net.minidev/accessors-smart/2.4.8/6e1bee5a530caba91893604d6ab41d0edcecca9a/accessors-smart-2.4.8.jar!/, jar:file:/C:/Users/ADMIN/.gradle/caches/modules-2/files-2.1/org.opentest4j/opentest4j/1.2.0/28c11eb91f9b6d8e200631d46e20a7f407f2a046/opentest4j-1.2.0.jar!/, jar:file:/C:/Users/ADMIN/.gradle/caches/modules-2/files-2.1/org.attoparser/attoparser/2.0.6.RELEASE/8f603f22a18d4f7258f8860ccbb68b069f49904a/attoparser-2.0.6.RELEASE.jar!/, jar:file:/C:/Users/ADMIN/.gradle/caches/modules-2/files-2.1/org.unbescape/unbescape/1.1.6.RELEASE/7b90360afb2b860e09e8347112800d12c12b2a13/unbescape-1.1.6.RELEASE.jar!/, jar:file:/C:/Users/ADMIN/.gradle/caches/modules-2/files-2.1/org.springframework.retry/spring-retry/2.0.0/6a7a653901b58eb741692417f33b5bebedbd01f7/spring-retry-2.0.0.jar!/, jar:file:/C:/Users/ADMIN/.gradle/caches/modules-2/files-2.1/org.ow2.asm/asm/9.1/a99500cf6eea30535eeac6be73899d048f8d12a8/asm-9.1.jar!/]
19:37:23.771 [Test worker] DEBUG com.tngtech.archunit.core.importer.UrlSource$From - Found URLs on sun.boot.class.path: []
19:37:23.775 [Test worker] DEBUG com.tngtech.archunit.core.importer.UrlSource$From - Found URLs on java.class.path: [jar:file:/C:/Users/ADMIN/.gradle/caches/7.4.2/workerMain/gradle-worker.jar!/, file:/D:/CODE/microservice/ddd-eshopee-EXPT-modulith/shopee-microservices/application/build/classes/java/test/, file:/D:/CODE/microservice/ddd-eshopee-EXPT-modulith/shopee-microservices/application/build/resources/test/, file:/D:/CODE/microservice/ddd-eshopee-EXPT-modulith/shopee-microservices/application/build/classes/java/main/, file:/D:/CODE/microservice/ddd-eshopee-EXPT-modulith/shopee-microservices/application/build/resources/main/, jar:file:/D:/CODE/microservice/ddd-eshopee-EXPT-modulith/shopee-microservices/sales/catalog/spring-boot-starter/build/libs/catalog-spring-boot-starter-2.0-SNAPSHOT.jar!/, jar:file:/D:/CODE/microservice/ddd-eshopee-EXPT-modulith/shopee-microservices/sales/cart/spring-boot-starter/build/libs/cart-spring-boot-starter-2.0-SNAPSHOT.jar!/, jar:file:/D:/CODE/microservice/ddd-eshopee-EXPT-modulith/shopee-microservices/sales/order/spring-boot-starter/build/libs/order-spring-boot-starter-2.0-SNAPSHOT.jar!/, jar:file:/D:/CODE/microservice/ddd-eshopee-EXPT-modulith/shopee-microservices/warehouse/spring-boot-starter/build/libs/warehouse-spring-boot-starter-2.0-SNAPSHOT.jar!/, jar:file:/D:/CODE/microservice/ddd-eshopee-EXPT-modulith/shopee-microservices/billing/payment/spring-boot-starter/build/libs/payment-spring-boot-starter-2.0-SNAPSHOT.jar!/, jar:file:/D:/CODE/microservice/ddd-eshopee-EXPT-modulith/shopee-microservices/shipping/delivery/spring-boot-starter/build/libs/delivery-spring-boot-starter-2.0-SNAPSHOT.jar!/, jar:file:/D:/CODE/microservice/ddd-eshopee-EXPT-modulith/shopee-microservices/shipping/dispatching/spring-boot-starter/build/libs/dispatching-spring-boot-starter-2.0-SNAPSHOT.jar!/, jar:file:/D:/CODE/microservice/ddd-eshopee-EXPT-modulith/shopee-microservices/portal/spring-boot-starter/build/libs/portal-spring-boot-starter-2.0-SNAPSHOT.jar!/, jar:file:/D:/CODE/microservice/ddd-eshopee-EXPT-modulith/shopee-microservices/common/application-integration-spring-boot-starter/build/libs/application-integration-spring-boot-starter-2.0-SNAPSHOT.jar!/, jar:file:/C:/Users/ADMIN/.gradle/caches/modules-2/files-2.1/org.springframework.boot/spring-boot-starter-data-redis/3.0.4/e122886d50ec624e51fbaac4bb0d5d17cf7b9764/spring-boot-starter-data-redis-3.0.4.jar!/, jar:file:/C:/Users/ADMIN/.gradle/caches/modules-2/files-2.1/org.springframework.boot/spring-boot-starter-jdbc/3.0.4/e64f229f772dc2952e1978a1f10d7f3a462e105d/spring-boot-starter-jdbc-3.0.4.jar!/, jar:file:/C:/Users/ADMIN/.gradle/caches/modules-2/files-2.1/org.springframework.boot/spring-boot-starter-web/3.0.4/6a7405b436c6943f056cdbab587fe48bdc2b4911/spring-boot-starter-web-3.0.4.jar!/, jar:file:/C:/Users/ADMIN/.gradle/caches/modules-2/files-2.1/org.springframework.boot/spring-boot-starter-test/3.0.4/eb934f1df3e6292d7b5800cfbbc237de90d174de/spring-boot-starter-test-3.0.4.jar!/, jar:file:/C:/Users/ADMIN/.gradle/caches/modules-2/files-2.1/org.springframework.boot/spring-boot-starter-thymeleaf/3.0.4/ea681f9f477da793eb9024a23686db9a59b50bc6/spring-boot-starter-thymeleaf-3.0.4.jar!/, jar:file:/C:/Users/ADMIN/.gradle/caches/modules-2/files-2.1/org.springframework.boot/spring-boot-starter-amqp/3.0.4/804a88a39dc6dce9678eef6f621bd9877f50a7ab/spring-boot-starter-amqp-3.0.4.jar!/, jar:file:/C:/Users/ADMIN/.gradle/caches/modules-2/files-2.1/org.springframework.boot/spring-boot-starter-json/3.0.4/5ddf427d011646fe787fdaa1b8edc4a4eebd48d5/spring-boot-starter-json-3.0.4.jar!/, jar:file:/C:/Users/ADMIN/.gradle/caches/modules-2/files-2.1/org.springframework.boot/spring-boot-starter/3.0.4/8f957a8bc9d70c0ca922406c6e23cb3db5d48109/spring-boot-starter-3.0.4.jar!/, jar:file:/C:/Users/ADMIN/.gradle/caches/modules-2/files-2.1/com.h2database/h2/2.1.214/d5c2005c9e3279201e12d4776c948578b16bf8b2/h2-2.1.214.jar!/, jar:file:/C:/Users/ADMIN/.gradle/caches/modules-2/files-2.1/org.postgresql/postgresql/42.5.4/15015a54f15e340a9a8a6a2c5457429cb1176b8/postgresql-42.5.4.jar!/, jar:file:/C:/Users/ADMIN/.gradle/caches/modules-2/files-2.1/io.rest-assured/rest-assured/5.2.1/131aedaf6ffbb783dbf7b21efe57a849ded8b321/rest-assured-5.2.1.jar!/, jar:file:/C:/Users/ADMIN/.gradle/caches/modules-2/files-2.1/com.tngtech.archunit/archunit/0.23.1/7f93a254a0b88b9209e34db523ed5c2cee2ab25f/archunit-0.23.1.jar!/, jar:file:/D:/CODE/microservice/ddd-eshopee-EXPT-modulith/shopee-microservices/sales/catalog/jdbc/build/libs/catalog-jdbc-2.0-SNAPSHOT.jar!/, jar:file:/D:/CODE/microservice/ddd-eshopee-EXPT-modulith/shopee-microservices/sales/catalog/rest/build/libs/catalog-rest-2.0-SNAPSHOT.jar!/, jar:file:/D:/CODE/microservice/ddd-eshopee-EXPT-modulith/shopee-microservices/sales/catalog/webcomp/build/libs/catalog-webcomp-2.0-SNAPSHOT.jar!/, jar:file:/D:/CODE/microservice/ddd-eshopee-EXPT-modulith/shopee-microservices/sales/cart/jdbc/build/libs/cart-jdbc-2.0-SNAPSHOT.jar!/, jar:file:/D:/CODE/microservice/ddd-eshopee-EXPT-modulith/shopee-microservices/sales/cart/rest/build/libs/cart-rest-2.0-SNAPSHOT.jar!/, jar:file:/D:/CODE/microservice/ddd-eshopee-EXPT-modulith/shopee-microservices/sales/cart/webcomp/build/libs/cart-webcomp-2.0-SNAPSHOT.jar!/, jar:file:/D:/CODE/microservice/ddd-eshopee-EXPT-modulith/shopee-microservices/sales/order/jdbc/build/libs/order-jdbc-2.0-SNAPSHOT.jar!/, jar:file:/D:/CODE/microservice/ddd-eshopee-EXPT-modulith/shopee-microservices/sales/order/rest/build/libs/order-rest-2.0-SNAPSHOT.jar!/, jar:file:/D:/CODE/microservice/ddd-eshopee-EXPT-modulith/shopee-microservices/sales/order/webcomp/build/libs/order-webcomp-2.0-SNAPSHOT.jar!/, jar:file:/D:/CODE/microservice/ddd-eshopee-EXPT-modulith/shopee-microservices/warehouse/jdbc/build/libs/warehouse-jdbc-2.0-SNAPSHOT.jar!/, jar:file:/D:/CODE/microservice/ddd-eshopee-EXPT-modulith/shopee-microservices/warehouse/listeners/build/libs/warehouse-listeners-2.0-SNAPSHOT.jar!/, jar:file:/D:/CODE/microservice/ddd-eshopee-EXPT-modulith/shopee-microservices/warehouse/rest/build/libs/warehouse-rest-2.0-SNAPSHOT.jar!/, jar:file:/D:/CODE/microservice/ddd-eshopee-EXPT-modulith/shopee-microservices/billing/payment/jdbc/build/libs/payment-jdbc-2.0-SNAPSHOT.jar!/, jar:file:/D:/CODE/microservice/ddd-eshopee-EXPT-modulith/shopee-microservices/billing/payment/listeners/build/libs/payment-listeners-2.0-SNAPSHOT.jar!/, jar:file:/D:/CODE/microservice/ddd-eshopee-EXPT-modulith/shopee-microservices/billing/payment/rest/build/libs/payment-rest-2.0-SNAPSHOT.jar!/, jar:file:/D:/CODE/microservice/ddd-eshopee-EXPT-modulith/shopee-microservices/shipping/delivery/jdbc/build/libs/delivery-jdbc-2.0-SNAPSHOT.jar!/, jar:file:/D:/CODE/microservice/ddd-eshopee-EXPT-modulith/shopee-microservices/shipping/delivery/listeners/build/libs/delivery-listeners-2.0-SNAPSHOT.jar!/, jar:file:/D:/CODE/microservice/ddd-eshopee-EXPT-modulith/shopee-microservices/shipping/delivery/rest/build/libs/delivery-rest-2.0-SNAPSHOT.jar!/, jar:file:/D:/CODE/microservice/ddd-eshopee-EXPT-modulith/shopee-microservices/shipping/delivery/webcomp/build/libs/delivery-webcomp-2.0-SNAPSHOT.jar!/, jar:file:/D:/CODE/microservice/ddd-eshopee-EXPT-modulith/shopee-microservices/shipping/dispatching/jdbc/build/libs/dispatching-jdbc-2.0-SNAPSHOT.jar!/, jar:file:/D:/CODE/microservice/ddd-eshopee-EXPT-modulith/shopee-microservices/shipping/dispatching/listeners/build/libs/dispatching-listeners-2.0-SNAPSHOT.jar!/, jar:file:/D:/CODE/microservice/ddd-eshopee-EXPT-modulith/shopee-microservices/portal/web/build/libs/portal-web-2.0-SNAPSHOT.jar!/, jar:file:/D:/CODE/microservice/ddd-eshopee-EXPT-modulith/shopee-microservices/sales/order/domain/build/libs/order-domain-2.0-SNAPSHOT.jar!/, jar:file:/D:/CODE/microservice/ddd-eshopee-EXPT-modulith/shopee-microservices/sales/order/events/build/libs/order-events-2.0-SNAPSHOT.jar!/, jar:file:/D:/CODE/microservice/ddd-eshopee-EXPT-modulith/shopee-microservices/shipping/dispatching/events/build/libs/dispatching-events-2.0-SNAPSHOT.jar!/, jar:file:/D:/CODE/microservice/ddd-eshopee-EXPT-modulith/shopee-microservices/shipping/delivery/domain/build/libs/delivery-domain-2.0-SNAPSHOT.jar!/, jar:file:/D:/CODE/microservice/ddd-eshopee-EXPT-modulith/shopee-microservices/shipping/delivery/events/build/libs/delivery-events-2.0-SNAPSHOT.jar!/, jar:file:/D:/CODE/microservice/ddd-eshopee-EXPT-modulith/shopee-microservices/billing/payment/domain/build/libs/payment-domain-2.0-SNAPSHOT.jar!/, jar:file:/D:/CODE/microservice/ddd-eshopee-EXPT-modulith/shopee-microservices/billing/payment/events/build/libs/payment-events-2.0-SNAPSHOT.jar!/, jar:file:/D:/CODE/microservice/ddd-eshopee-EXPT-modulith/shopee-microservices/warehouse/domain/build/libs/warehouse-domain-2.0-SNAPSHOT.jar!/, jar:file:/D:/CODE/microservice/ddd-eshopee-EXPT-modulith/shopee-microservices/warehouse/events/build/libs/warehouse-events-2.0-SNAPSHOT.jar!/, jar:file:/D:/CODE/microservice/ddd-eshopee-EXPT-modulith/shopee-microservices/common/events/build/libs/events-2.0-SNAPSHOT.jar!/, jar:file:/C:/Users/ADMIN/.gradle/caches/modules-2/files-2.1/com.fasterxml.jackson.datatype/jackson-datatype-jdk8/2.14.2/2f3c71211b6ea7a978eba33574d7135d536e07fb/jackson-datatype-jdk8-2.14.2.jar!/, jar:file:/C:/Users/ADMIN/.gradle/caches/modules-2/files-2.1/com.fasterxml.jackson.module/jackson-module-parameter-names/2.14.2/2b6c19b3d99dda02915515df879ab9e23fed3864/jackson-module-parameter-names-2.14.2.jar!/, jar:file:/C:/Users/ADMIN/.gradle/caches/modules-2/files-2.1/com.fasterxml.jackson.core/jackson-databind/2.14.2/1e71fddbc80bb86f71a6345ac1e8ab8a00e7134/jackson-databind-2.14.2.jar!/, jar:file:/C:/Users/ADMIN/.gradle/caches/modules-2/files-2.1/com.fasterxml.jackson.core/jackson-annotations/2.14.2/a7aae9525864930723e3453ab799521fdfd9d873/jackson-annotations-2.14.2.jar!/, jar:file:/C:/Users/ADMIN/.gradle/caches/modules-2/files-2.1/com.fasterxml.jackson.core/jackson-core/2.14.2/f804090e6399ce0cf78242db086017512dd71fcc/jackson-core-2.14.2.jar!/, jar:file:/C:/Users/ADMIN/.gradle/caches/modules-2/files-2.1/com.fasterxml.jackson.datatype/jackson-datatype-jsr310/2.14.2/796518148a385b2728d44886cc0f8852eb8eeb53/jackson-datatype-jsr310-2.14.2.jar!/, jar:file:/C:/Users/ADMIN/.gradle/caches/modules-2/files-2.1/org.springframework.boot/spring-boot-test-autoconfigure/3.0.4/3d28e21dc5cea68949d1f0b6a4051e7deeacf6cc/spring-boot-test-autoconfigure-3.0.4.jar!/, jar:file:/C:/Users/ADMIN/.gradle/caches/modules-2/files-2.1/org.springframework.boot/spring-boot-autoconfigure/3.0.4/7eb11bff0f965807f1088da20bc169bff27d284/spring-boot-autoconfigure-3.0.4.jar!/, jar:file:/C:/Users/ADMIN/.gradle/caches/modules-2/files-2.1/org.springframework.boot/spring-boot-test/3.0.4/4c1c72ff838b4f1191321aa01d1e98d68f882280/spring-boot-test-3.0.4.jar!/, jar:file:/C:/Users/ADMIN/.gradle/caches/modules-2/files-2.1/org.springframework.boot/spring-boot/3.0.4/27e5fceb2faf8ec399df70a2ff4e626a3423ae35/spring-boot-3.0.4.jar!/, jar:file:/C:/Users/ADMIN/.gradle/caches/modules-2/files-2.1/org.springframework.boot/spring-boot-starter-logging/3.0.4/31b32774c6ec2eceb3f75bdef7ddd8afd7059255/spring-boot-starter-logging-3.0.4.jar!/, jar:file:/C:/Users/ADMIN/.gradle/caches/modules-2/files-2.1/org.springframework.boot/spring-boot-starter-tomcat/3.0.4/40babd5ca3db46adf7c59b70ca2e6f2a528b558c/spring-boot-starter-tomcat-3.0.4.jar!/, jar:file:/C:/Users/ADMIN/.gradle/caches/modules-2/files-2.1/jakarta.annotation/jakarta.annotation-api/2.1.1/48b9bda22b091b1f48b13af03fe36db3be6e1ae3/jakarta.annotation-api-2.1.1.jar!/, jar:file:/C:/Users/ADMIN/.gradle/caches/modules-2/files-2.1/org.springframework/spring-jdbc/6.0.6/151e730f45832d42c6535b0bc6d7cebeabcaf844/spring-jdbc-6.0.6.jar!/, jar:file:/C:/Users/ADMIN/.gradle/caches/modules-2/files-2.1/org.springframework/spring-webmvc/6.0.6/302580efc981ad6797a85814ea0996e2149bb420/spring-webmvc-6.0.6.jar!/, jar:file:/C:/Users/ADMIN/.gradle/caches/modules-2/files-2.1/org.springframework/spring-web/6.0.6/2916961032e54aaeb534a290530b7b69e297bfcc/spring-web-6.0.6.jar!/, jar:file:/C:/Users/ADMIN/.gradle/caches/modules-2/files-2.1/org.springframework/spring-test/6.0.6/e94217b5c8cdf8f954d10251449fc98bdd8fc756/spring-test-6.0.6.jar!/, jar:file:/C:/Users/ADMIN/.gradle/caches/modules-2/files-2.1/org.springframework.data/spring-data-redis/3.0.3/6e8f59ca594ea86b56eacba74ae343d188771905/spring-data-redis-3.0.3.jar!/, jar:file:/C:/Users/ADMIN/.gradle/caches/modules-2/files-2.1/org.springframework.amqp/spring-rabbit/3.0.2/910f6a931b70f874ab03ba3dc0df2c6e05de12b8/spring-rabbit-3.0.2.jar!/, jar:file:/C:/Users/ADMIN/.gradle/caches/modules-2/files-2.1/org.springframework.data/spring-data-keyvalue/3.0.3/20ebdf1c5fb12aa0b5be9e67791e6c457f6e8968/spring-data-keyvalue-3.0.3.jar!/, jar:file:/C:/Users/ADMIN/.gradle/caches/modules-2/files-2.1/org.springframework/spring-tx/6.0.6/e86b3073d9640e17e5581a6aebb0d2794c407c46/spring-tx-6.0.6.jar!/, jar:file:/C:/Users/ADMIN/.gradle/caches/modules-2/files-2.1/org.springframework/spring-context-support/6.0.6/363228b8abc8b7ff569b10195f28652c7b65a41/spring-context-support-6.0.6.jar!/, jar:file:/C:/Users/ADMIN/.gradle/caches/modules-2/files-2.1/org.springframework/spring-context/6.0.6/fbd2b7c23adb2ec2f7ca601b3e7d79ae10e342a/spring-context-6.0.6.jar!/, jar:file:/C:/Users/ADMIN/.gradle/caches/modules-2/files-2.1/org.springframework/spring-messaging/6.0.6/42392bdb43a691e7c7bf4da296fef598a3127f37/spring-messaging-6.0.6.jar!/, jar:file:/C:/Users/ADMIN/.gradle/caches/modules-2/files-2.1/org.springframework/spring-oxm/6.0.6/e0bab7269ffaec4df3a9f221b4810b392c5ac492/spring-oxm-6.0.6.jar!/, jar:file:/C:/Users/ADMIN/.gradle/caches/modules-2/files-2.1/org.springframework/spring-aop/6.0.6/c95dc800fdce470519b7135272e64d4606fc8428/spring-aop-6.0.6.jar!/, jar:file:/C:/Users/ADMIN/.gradle/caches/modules-2/files-2.1/org.springframework.data/spring-data-commons/3.0.3/4492e9d25d7e8714f5ebfdd9e607dd7e0998038e/spring-data-commons-3.0.3.jar!/, jar:file:/C:/Users/ADMIN/.gradle/caches/modules-2/files-2.1/org.springframework/spring-beans/6.0.6/48ea4ba141146b3acaad0c7df80d2a06afeb95fd/spring-beans-6.0.6.jar!/, jar:file:/C:/Users/ADMIN/.gradle/caches/modules-2/files-2.1/org.springframework/spring-expression/6.0.6/2006ee0e1be8380f05c29deb52a97d3a1e6812d7/spring-expression-6.0.6.jar!/, jar:file:/C:/Users/ADMIN/.gradle/caches/modules-2/files-2.1/org.springframework.amqp/spring-amqp/3.0.2/698cf3a55e202356034288ed0bdccc2f8579b7e2/spring-amqp-3.0.2.jar!/, jar:file:/C:/Users/ADMIN/.gradle/caches/modules-2/files-2.1/org.springframework/spring-core/6.0.6/8a2845e0945923a9ebf3e9ef0649a28b6eeeac43/spring-core-6.0.6.jar!/, jar:file:/C:/Users/ADMIN/.gradle/caches/modules-2/files-2.1/org.yaml/snakeyaml/1.33/2cd0a87ff7df953f810c344bdf2fe3340b954c69/snakeyaml-1.33.jar!/, jar:file:/C:/Users/ADMIN/.gradle/caches/modules-2/files-2.1/io.lettuce/lettuce-core/6.2.3.RELEASE/3d671a51095ef90b817a690ef1b569b24b309665/lettuce-core-6.2.3.RELEASE.jar!/, jar:file:/C:/Users/ADMIN/.gradle/caches/modules-2/files-2.1/com.zaxxer/HikariCP/5.0.1/a74c7f0a37046846e88d54f7cb6ea6d565c65f9c/HikariCP-5.0.1.jar!/, jar:file:/C:/Users/ADMIN/.gradle/caches/modules-2/files-2.1/org.checkerframework/checker-qual/3.5.0/2f50520c8abea66fbd8d26e481d3aef5c673b510/checker-qual-3.5.0.jar!/, jar:file:/C:/Users/ADMIN/.gradle/caches/modules-2/files-2.1/com.jayway.jsonpath/json-path/2.7.0/f9d7d9659f2694e61142046ff8a216c047f263e8/json-path-2.7.0.jar!/, jar:file:/C:/Users/ADMIN/.gradle/caches/modules-2/files-2.1/jakarta.xml.bind/jakarta.xml.bind-api/4.0.0/bbb399208d288b15ec101fa4fcfc4bd77cedc97a/jakarta.xml.bind-api-4.0.0.jar!/, jar:file:/C:/Users/ADMIN/.gradle/caches/modules-2/files-2.1/org.assertj/assertj-core/3.23.1/d2bb60570f5b3d7ffa8f8000118c9c07b86eca93/assertj-core-3.23.1.jar!/, jar:file:/C:/Users/ADMIN/.gradle/caches/modules-2/files-2.1/org.hamcrest/hamcrest/2.2/1820c0968dba3a11a1b30669bb1f01978a91dedc/hamcrest-2.2.jar!/, jar:file:/C:/Users/ADMIN/.gradle/caches/modules-2/files-2.1/org.mockito/mockito-junit-jupiter/4.8.1/e393aa62eca2244a535b03842843f2f199343d1f/mockito-junit-jupiter-4.8.1.jar!/, jar:file:/C:/Users/ADMIN/.gradle/caches/modules-2/files-2.1/org.junit.jupiter/junit-jupiter-params/5.9.2/bc2765afb7b85b583c710dd259a11c6b8c39e912/junit-jupiter-params-5.9.2.jar!/, jar:file:/C:/Users/ADMIN/.gradle/caches/modules-2/files-2.1/org.junit.jupiter/junit-jupiter-engine/5.9.2/572f7a553b53f83ee59cc045ce1c3772864ab76c/junit-jupiter-engine-5.9.2.jar!/, jar:file:/C:/Users/ADMIN/.gradle/caches/modules-2/files-2.1/org.junit.jupiter/junit-jupiter-api/5.9.2/fed843581520eac594bc36bb4b0f55e7b947dda9/junit-jupiter-api-5.9.2.jar!/, jar:file:/C:/Users/ADMIN/.gradle/caches/modules-2/files-2.1/org.junit.platform/junit-platform-engine/1.9.2/40aeef2be7b04f96bb91e8b054affc28b7c7c935/junit-platform-engine-1.9.2.jar!/, jar:file:/C:/Users/ADMIN/.gradle/caches/modules-2/files-2.1/org.junit.platform/junit-platform-commons/1.9.2/6f9f8621d8230cd38aa42e58ccbc0c00569131ce/junit-platform-commons-1.9.2.jar!/, jar:file:/C:/Users/ADMIN/.gradle/caches/modules-2/files-2.1/org.junit.jupiter/junit-jupiter/5.9.2/26c586fbe0ebd81b48c9f11f0d998124248697ae/junit-jupiter-5.9.2.jar!/, jar:file:/C:/Users/ADMIN/.gradle/caches/modules-2/files-2.1/org.mockito/mockito-core/4.8.1/d8eb9dec8747d08645347bb8c69088ac83197975/mockito-core-4.8.1.jar!/, jar:file:/C:/Users/ADMIN/.gradle/caches/modules-2/files-2.1/org.skyscreamer/jsonassert/1.5.1/6d842d0faf4cf6725c509a5e5347d319ee0431c3/jsonassert-1.5.1.jar!/, jar:file:/C:/Users/ADMIN/.gradle/caches/modules-2/files-2.1/org.xmlunit/xmlunit-core/2.9.1/e5833662d9a1279a37da3ef6f62a1da29fcd68c4/xmlunit-core-2.9.1.jar!/, jar:file:/C:/Users/ADMIN/.gradle/caches/modules-2/files-2.1/io.rest-assured/xml-path/5.2.1/3918e4080bd677b1b4683bdd82a19be78d5c0ec2/xml-path-5.2.1.jar!/, jar:file:/C:/Users/ADMIN/.gradle/caches/modules-2/files-2.1/io.rest-assured/json-path/5.2.1/f53d9cefcf3e3f4554f390ec17d278c47d4125ad/json-path-5.2.1.jar!/, jar:file:/C:/Users/ADMIN/.gradle/caches/modules-2/files-2.1/org.apache.groovy/groovy-json/4.0.9/122759fca67c3ef87ea7d48a3057af362a360089/groovy-json-4.0.9.jar!/, jar:file:/C:/Users/ADMIN/.gradle/caches/modules-2/files-2.1/org.apache.groovy/groovy-xml/4.0.9/b22d2ae189670d4ccc58bc4ef003d922b85cb0d5/groovy-xml-4.0.9.jar!/, jar:file:/C:/Users/ADMIN/.gradle/caches/modules-2/files-2.1/io.rest-assured/rest-assured-common/5.2.1/f506be4e8fb8c2adbbfdff9720fad420b76e6543/rest-assured-common-5.2.1.jar!/, jar:file:/C:/Users/ADMIN/.gradle/caches/modules-2/files-2.1/org.apache.groovy/groovy/4.0.9/80605ad828d16fd5d6349628b8d77e5761b2b4c4/groovy-4.0.9.jar!/, jar:file:/C:/Users/ADMIN/.gradle/caches/modules-2/files-2.1/org.apache.httpcomponents/httpmime/4.5.14/6662758a1f1cb1149cf916bdac28332e0902ec44/httpmime-4.5.14.jar!/, jar:file:/C:/Users/ADMIN/.gradle/caches/modules-2/files-2.1/org.apache.httpcomponents/httpclient/4.5.14/1194890e6f56ec29177673f2f12d0b8e627dec98/httpclient-4.5.14.jar!/, jar:file:/C:/Users/ADMIN/.gradle/caches/modules-2/files-2.1/org.ccil.cowan.tagsoup/tagsoup/1.2.1/5584627487e984c03456266d3f8802eb85a9ce97/tagsoup-1.2.1.jar!/, jar:file:/C:/Users/ADMIN/.gradle/caches/modules-2/files-2.1/org.thymeleaf/thymeleaf-spring6/3.1.1.RELEASE/deb52ef921a4ac5132fedb7ebfc2bc1dad4382b3/thymeleaf-spring6-3.1.1.RELEASE.jar!/, jar:file:/C:/Users/ADMIN/.gradle/caches/modules-2/files-2.1/ch.qos.logback/logback-classic/1.4.5/28e7dc0b208d6c3f15beefd73976e064b4ecfa9b/logback-classic-1.4.5.jar!/, jar:file:/C:/Users/ADMIN/.gradle/caches/modules-2/files-2.1/org.apache.logging.log4j/log4j-to-slf4j/2.19.0/30f4812e43172ecca5041da2cb6b965cc4777c19/log4j-to-slf4j-2.19.0.jar!/, jar:file:/C:/Users/ADMIN/.gradle/caches/modules-2/files-2.1/org.slf4j/jul-to-slf4j/2.0.6/c4d348977a83a0bfcf42fd6fd1fee6e7904f1a0c/jul-to-slf4j-2.0.6.jar!/, jar:file:/C:/Users/ADMIN/.gradle/caches/modules-2/files-2.1/org.thymeleaf/thymeleaf/3.1.1.RELEASE/374a129dfa5e7d7f1a46eacc4d49e594ca0cf26f/thymeleaf-3.1.1.RELEASE.jar!/, jar:file:/C:/Users/ADMIN/.gradle/caches/modules-2/files-2.1/com.rabbitmq/amqp-client/5.16.0/c70c66a8e5a92e41adf618efa7d8025db29cdf3/amqp-client-5.16.0.jar!/, jar:file:/C:/Users/ADMIN/.gradle/caches/modules-2/files-2.1/org.slf4j/slf4j-api/2.0.6/88c40d8b4f33326f19a7d3c0aaf2c7e8721d4953/slf4j-api-2.0.6.jar!/, jar:file:/D:/CODE/microservice/ddd-eshopee-EXPT-modulith/shopee-microservices/sales/catalog/domain/build/libs/catalog-domain-2.0-SNAPSHOT.jar!/, jar:file:/D:/CODE/microservice/ddd-eshopee-EXPT-modulith/shopee-microservices/sales/cart/domain/build/libs/cart-domain-2.0-SNAPSHOT.jar!/, jar:file:/D:/CODE/microservice/ddd-eshopee-EXPT-modulith/shopee-microservices/shipping/dispatching/domain/build/libs/dispatching-domain-2.0-SNAPSHOT.jar!/, jar:file:/C:/Users/ADMIN/.gradle/caches/modules-2/files-2.1/org.springframework/spring-jcl/6.0.6/f13cd8a561e71fb65c63201113d766fcd7a2b06f/spring-jcl-6.0.6.jar!/, jar:file:/C:/Users/ADMIN/.gradle/caches/modules-2/files-2.1/io.netty/netty-handler/4.1.89.Final/ced584e9eba5a6b7aad7c6a28a60c13375459f1a/netty-handler-4.1.89.Final.jar!/, jar:file:/C:/Users/ADMIN/.gradle/caches/modules-2/files-2.1/io.netty/netty-transport-native-unix-common/4.1.89.Final/a7717ed61393d5aad202a92bb02f661ed525bf86/netty-transport-native-unix-common-4.1.89.Final.jar!/, jar:file:/C:/Users/ADMIN/.gradle/caches/modules-2/files-2.1/io.netty/netty-codec/4.1.89.Final/f03a649ffa405ca4c802a8bfcc2abfe70ae485ca/netty-codec-4.1.89.Final.jar!/, jar:file:/C:/Users/ADMIN/.gradle/caches/modules-2/files-2.1/io.netty/netty-transport/4.1.89.Final/e7ff320310eafe302c0dfb9690ae7201ab61ead2/netty-transport-4.1.89.Final.jar!/, jar:file:/C:/Users/ADMIN/.gradle/caches/modules-2/files-2.1/io.netty/netty-resolver/4.1.89.Final/686b21bf3488747bc834ee9e60a863f37b71f35e/netty-resolver-4.1.89.Final.jar!/, jar:file:/C:/Users/ADMIN/.gradle/caches/modules-2/files-2.1/io.netty/netty-buffer/4.1.89.Final/b1d3dbf69a75eaa8793c7e00cff2851dac9fd725/netty-buffer-4.1.89.Final.jar!/, jar:file:/C:/Users/ADMIN/.gradle/caches/modules-2/files-2.1/io.netty/netty-common/4.1.89.Final/c0c80bfe45cc85da5030ea8fc64071e28d0f6f5f/netty-common-4.1.89.Final.jar!/, jar:file:/C:/Users/ADMIN/.gradle/caches/modules-2/files-2.1/io.projectreactor/reactor-core/3.5.3/dd102ecdb21ff78a486074dbad55331f8847eb5d/reactor-core-3.5.3.jar!/, jar:file:/C:/Users/ADMIN/.gradle/caches/modules-2/files-2.1/org.apache.tomcat.embed/tomcat-embed-websocket/10.1.5/14529cbd593571dc9029272ddc9166b5ef113fc2/tomcat-embed-websocket-10.1.5.jar!/, jar:file:/C:/Users/ADMIN/.gradle/caches/modules-2/files-2.1/org.apache.tomcat.embed/tomcat-embed-core/10.1.5/21417d3ef8189e2af05aae0a765ad9204d7211b5/tomcat-embed-core-10.1.5.jar!/, jar:file:/C:/Users/ADMIN/.gradle/caches/modules-2/files-2.1/org.apache.tomcat.embed/tomcat-embed-el/10.1.5/c125df13af42a0fc0cd342370449b1276181e2a1/tomcat-embed-el-10.1.5.jar!/, jar:file:/C:/Users/ADMIN/.gradle/caches/modules-2/files-2.1/io.micrometer/micrometer-observation/1.10.4/96aa92ad7a18c2451c429348c0167eb08a988d4e/micrometer-observation-1.10.4.jar!/, jar:file:/C:/Users/ADMIN/.gradle/caches/modules-2/files-2.1/net.minidev/json-smart/2.4.8/7c62f5f72ab05eb54d40e2abf0360a2fe9ea477f/json-smart-2.4.8.jar!/, jar:file:/C:/Users/ADMIN/.gradle/caches/modules-2/files-2.1/jakarta.activation/jakarta.activation-api/2.1.1/88c774ab863a21fb2fc4219af95379fafe499a31/jakarta.activation-api-2.1.1.jar!/, jar:file:/C:/Users/ADMIN/.gradle/caches/modules-2/files-2.1/net.bytebuddy/byte-buddy/1.12.23/d470526e8c4566c04e9ae5d3ccb62d1a7aa58986/byte-buddy-1.12.23.jar!/, jar:file:/C:/Users/ADMIN/.gradle/caches/modules-2/files-2.1/net.bytebuddy/byte-buddy-agent/1.12.23/1cba11fdb72c383edacb909f79ae6870efd275e4/byte-buddy-agent-1.12.23.jar!/, jar:file:/C:/Users/ADMIN/.gradle/caches/modules-2/files-2.1/org.objenesis/objenesis/3.2/7fadf57620c8b8abdf7519533e5527367cb51f09/objenesis-3.2.jar!/, jar:file:/C:/Users/ADMIN/.m2/repository/com/vaadin/external/google/android-json/0.0.20131108.vaadin1/android-json-0.0.20131108.vaadin1.jar!/, jar:file:/C:/Users/ADMIN/.gradle/caches/modules-2/files-2.1/org.apache.httpcomponents/httpcore/4.4.16/51cf043c87253c9f58b539c9f7e44c8894223850/httpcore-4.4.16.jar!/, jar:file:/C:/Users/ADMIN/.gradle/caches/modules-2/files-2.1/commons-codec/commons-codec/1.15/49d94806b6e3dc933dacbd8acb0fdbab8ebd1e5d/commons-codec-1.15.jar!/, jar:file:/C:/Users/ADMIN/.gradle/caches/modules-2/files-2.1/org.apache.commons/commons-lang3/3.12.0/c6842c86792ff03b9f1d1fe2aab8dc23aa6c6f0e/commons-lang3-3.12.0.jar!/, jar:file:/D:/CODE/microservice/ddd-eshopee-EXPT-modulith/shopee-microservices/common/primitives/build/libs/primitives-2.0-SNAPSHOT.jar!/, jar:file:/C:/Users/ADMIN/.gradle/caches/modules-2/files-2.1/ch.qos.logback/logback-core/1.4.5/e9bb2ea70f84401314da4300343b0a246c8954da/logback-core-1.4.5.jar!/, jar:file:/C:/Users/ADMIN/.gradle/caches/modules-2/files-2.1/org.apache.logging.log4j/log4j-api/2.19.0/ea1b37f38c327596b216542bc636cfdc0b8036fa/log4j-api-2.19.0.jar!/, jar:file:/C:/Users/ADMIN/.gradle/caches/modules-2/files-2.1/org.reactivestreams/reactive-streams/1.0.4/3864a1320d97d7b045f729a326e1e077661f31b7/reactive-streams-1.0.4.jar!/, jar:file:/C:/Users/ADMIN/.gradle/caches/modules-2/files-2.1/io.micrometer/micrometer-commons/1.10.4/a5db33c573c8755e70388f204e83000dc359b63d/micrometer-commons-1.10.4.jar!/, jar:file:/C:/Users/ADMIN/.gradle/caches/modules-2/files-2.1/net.minidev/accessors-smart/2.4.8/6e1bee5a530caba91893604d6ab41d0edcecca9a/accessors-smart-2.4.8.jar!/, jar:file:/C:/Users/ADMIN/.gradle/caches/modules-2/files-2.1/org.opentest4j/opentest4j/1.2.0/28c11eb91f9b6d8e200631d46e20a7f407f2a046/opentest4j-1.2.0.jar!/, jar:file:/C:/Users/ADMIN/.gradle/caches/modules-2/files-2.1/org.attoparser/attoparser/2.0.6.RELEASE/8f603f22a18d4f7258f8860ccbb68b069f49904a/attoparser-2.0.6.RELEASE.jar!/, jar:file:/C:/Users/ADMIN/.gradle/caches/modules-2/files-2.1/org.unbescape/unbescape/1.1.6.RELEASE/7b90360afb2b860e09e8347112800d12c12b2a13/unbescape-1.1.6.RELEASE.jar!/, jar:file:/C:/Users/ADMIN/.gradle/caches/modules-2/files-2.1/org.springframework.retry/spring-retry/2.0.0/6a7a653901b58eb741692417f33b5bebedbd01f7/spring-retry-2.0.0.jar!/, jar:file:/C:/Users/ADMIN/.gradle/caches/modules-2/files-2.1/org.ow2.asm/asm/9.1/a99500cf6eea30535eeac6be73899d048f8d12a8/asm-9.1.jar!/]
19:37:23.785 [Test worker] DEBUG com.tngtech.archunit.core.importer.JavaClassProcessor - Processing class 'com/home/eshopee/billing/payment/jdbc/CollectPaymentJdbc'
19:37:23.785 [Test worker] DEBUG com.tngtech.archunit.core.importer.JavaClassProcessor - Processing class 'com/home/eshopee/billing/payment/jdbc/FindPaymentsJdbc'
19:37:23.786 [Test worker] DEBUG com.tngtech.archunit.core.importer.JavaClassProcessor - Processing class 'com/home/eshopee/billing/payment/jdbc/PaymentJdbc$Status'
19:37:23.786 [Test worker] DEBUG com.tngtech.archunit.core.importer.JavaClassProcessor - Processing class 'com/home/eshopee/billing/payment/jdbc/PaymentJdbc'
19:37:23.786 [Test worker] DEBUG com.tngtech.archunit.core.importer.JavaClassProcessor - Processing class 'com/home/eshopee/billing/payment/jdbc/PaymentsJdbc'
19:37:23.786 [Test worker] DEBUG com.tngtech.archunit.core.importer.JavaClassProcessor - Processing class 'com/home/eshopee/billing/payment/jdbc/PaymentJdbcConfig'
19:37:23.786 [Test worker] DEBUG com.tngtech.archunit.core.importer.JavaClassProcessor - Processing class 'com/home/eshopee/shipping/dispatching/Dispatching'
19:37:23.786 [Test worker] DEBUG com.tngtech.archunit.core.importer.JavaClassProcessor - Processing class 'com/home/eshopee/shipping/dispatching/DispatchingSaga'
19:37:23.786 [Test worker] DEBUG com.tngtech.archunit.core.importer.JavaClassProcessor - Processing class 'com/home/eshopee/shipping/dispatching/OrderId'
19:37:23.786 [Test worker] DEBUG com.tngtech.archunit.core.importer.JavaClassProcessor - Processing class 'com/home/eshopee/sales/cart/jdbc/CartJdbcConfig'
19:37:23.786 [Test worker] DEBUG com.tngtech.archunit.core.importer.JavaClassProcessor - Processing class 'com/home/eshopee/shipping/dispatching/jdbc/DispatchingJdbcConfig'
19:37:23.786 [Test worker] DEBUG com.tngtech.archunit.core.importer.JavaClassProcessor - Processing class 'com/home/eshopee/shipping/delivery/jdbc/DeliveryJdbcConfig'
19:37:23.787 [Test worker] DEBUG com.tngtech.archunit.core.importer.JavaClassProcessor - Processing class 'com/home/eshopee/sales/cart/jdbc/CartJdbc'
19:37:23.787 [Test worker] DEBUG com.tngtech.archunit.core.importer.JavaClassProcessor - Processing class 'com/home/eshopee/sales/cart/jdbc/RetrieveCartJdbc'
19:37:23.787 [Test worker] DEBUG com.tngtech.archunit.core.importer.JavaClassProcessor - Processing class 'com/home/eshopee/warehouse/GoodsFetched'
19:37:23.787 [Test worker] DEBUG com.tngtech.archunit.core.importer.JavaClassProcessor - Processing class 'com/home/eshopee/warehouse/GoodsMissed'
19:37:23.787 [Test worker] DEBUG com.tngtech.archunit.core.importer.JavaClassProcessor - Processing class 'com/home/eshopee/shipping/dispatching/jdbc/DispatchingJdbc'
19:37:23.787 [Test worker] DEBUG com.tngtech.archunit.core.importer.JavaClassProcessor - Processing class 'com/home/eshopee/shipping/dispatching/jdbc/DispatchingSagaJdbc$State'
19:37:23.787 [Test worker] DEBUG com.tngtech.archunit.core.importer.JavaClassProcessor - Processing class 'com/home/eshopee/shipping/dispatching/jdbc/DispatchingSagaJdbc'
19:37:23.787 [Test worker] DEBUG com.tngtech.archunit.core.importer.JavaClassProcessor - Processing class 'com/home/eshopee/sales/catalog/rest/CatalogController'
19:37:23.788 [Test worker] DEBUG com.tngtech.archunit.core.importer.JavaClassProcessor - Processing class 'com/home/eshopee/sales/order/jdbc/FindOrdersJdbc'
19:37:23.788 [Test worker] DEBUG com.tngtech.archunit.core.importer.JavaClassProcessor - Processing class 'com/home/eshopee/sales/order/jdbc/OrderJdbc'
19:37:23.788 [Test worker] DEBUG com.tngtech.archunit.core.importer.JavaClassProcessor - Processing class 'com/home/eshopee/sales/order/jdbc/PlaceOrderJdbc'
19:37:23.788 [Test worker] DEBUG com.tngtech.archunit.core.importer.JavaClassProcessor - Processing class 'com/home/eshopee/sales/order/jdbc/UnknownOrder'
19:37:23.788 [Test worker] DEBUG com.tngtech.archunit.core.importer.JavaClassProcessor - Processing class 'com/home/eshopee/sales/cart/Cart'
19:37:23.788 [Test worker] DEBUG com.tngtech.archunit.core.importer.JavaClassProcessor - Processing class 'com/home/eshopee/sales/cart/CartId'
19:37:23.788 [Test worker] DEBUG com.tngtech.archunit.core.importer.JavaClassProcessor - Processing class 'com/home/eshopee/sales/cart/item/CartItem'
19:37:23.788 [Test worker] DEBUG com.tngtech.archunit.core.importer.JavaClassProcessor - Processing class 'com/home/eshopee/sales/cart/item/ProductId'
19:37:23.788 [Test worker] DEBUG com.tngtech.archunit.core.importer.JavaClassProcessor - Processing class 'com/home/eshopee/sales/cart/item/Title'
19:37:23.788 [Test worker] DEBUG com.tngtech.archunit.core.importer.JavaClassProcessor - Processing class 'com/home/eshopee/sales/cart/ListCartItems'
19:37:23.789 [Test worker] DEBUG com.tngtech.archunit.core.importer.JavaClassProcessor - Processing class 'com/home/eshopee/sales/cart/RemoveCartItem'
19:37:23.789 [Test worker] DEBUG com.tngtech.archunit.core.importer.JavaClassProcessor - Processing class 'com/home/eshopee/sales/cart/RetrieveCart'
19:37:23.789 [Test worker] DEBUG com.tngtech.archunit.core.importer.JavaClassProcessor - Processing class 'com/home/eshopee/billing/payment/listeners/OrderPlacedListener'
19:37:23.789 [Test worker] DEBUG com.tngtech.archunit.core.importer.JavaClassProcessor - Processing class 'com/home/eshopee/sales/order/jdbc/OrderJdbcConfig'
19:37:23.789 [Test worker] DEBUG com.tngtech.archunit.core.importer.JavaClassProcessor - Processing class 'com/home/eshopee/sales/cart/rest/CartController'
19:37:23.789 [Test worker] DEBUG com.tngtech.archunit.core.importer.JavaClassProcessor - Processing class 'com/home/eshopee/sales/cart/rest/CartIdFromCookies'
19:37:23.789 [Test worker] DEBUG com.tngtech.archunit.core.importer.JavaClassProcessor - Processing class 'com/home/eshopee/sales/catalog/jdbc/CategoriesJdbc'
19:37:23.789 [Test worker] DEBUG com.tngtech.archunit.core.importer.JavaClassProcessor - Processing class 'com/home/eshopee/sales/catalog/jdbc/CategoryJdbc'
19:37:23.789 [Test worker] DEBUG com.tngtech.archunit.core.importer.JavaClassProcessor - Processing class 'com/home/eshopee/sales/catalog/jdbc/FindCategoriesJdbc'
19:37:23.789 [Test worker] DEBUG com.tngtech.archunit.core.importer.JavaClassProcessor - Processing class 'com/home/eshopee/sales/catalog/jdbc/FindProductsFromCategoryJdbc'
19:37:23.789 [Test worker] DEBUG com.tngtech.archunit.core.importer.JavaClassProcessor - Processing class 'com/home/eshopee/sales/catalog/jdbc/FindProductsJdbc'
19:37:23.790 [Test worker] DEBUG com.tngtech.archunit.core.importer.JavaClassProcessor - Processing class 'com/home/eshopee/sales/catalog/jdbc/ProductJdbc'
19:37:23.790 [Test worker] DEBUG com.tngtech.archunit.core.importer.JavaClassProcessor - Processing class 'com/home/eshopee/sales/catalog/jdbc/ProductsJdbc'
19:37:23.790 [Test worker] DEBUG com.tngtech.archunit.core.importer.JavaClassProcessor - Processing class 'com/home/eshopee/sales/catalog/jdbc/UnknownCategory'
19:37:23.790 [Test worker] DEBUG com.tngtech.archunit.core.importer.JavaClassProcessor - Processing class 'com/home/eshopee/sales/catalog/jdbc/UnknownProduct'
19:37:23.790 [Test worker] DEBUG com.tngtech.archunit.core.importer.JavaClassProcessor - Processing class 'com/home/eshopee/sales/catalog/category/Categories'
19:37:23.790 [Test worker] DEBUG com.tngtech.archunit.core.importer.JavaClassProcessor - Processing class 'com/home/eshopee/sales/catalog/category/Category'
19:37:23.790 [Test worker] DEBUG com.tngtech.archunit.core.importer.JavaClassProcessor - Processing class 'com/home/eshopee/sales/catalog/category/CategoryId'
19:37:23.790 [Test worker] DEBUG com.tngtech.archunit.core.importer.JavaClassProcessor - Processing class 'com/home/eshopee/sales/catalog/category/Title'
19:37:23.790 [Test worker] DEBUG com.tngtech.archunit.core.importer.JavaClassProcessor - Processing class 'com/home/eshopee/sales/catalog/category/Uri'
19:37:23.790 [Test worker] DEBUG com.tngtech.archunit.core.importer.JavaClassProcessor - Processing class 'com/home/eshopee/sales/catalog/FindCategories'
19:37:23.790 [Test worker] DEBUG com.tngtech.archunit.core.importer.JavaClassProcessor - Processing class 'com/home/eshopee/sales/catalog/FindProducts'
19:37:23.790 [Test worker] DEBUG com.tngtech.archunit.core.importer.JavaClassProcessor - Processing class 'com/home/eshopee/sales/catalog/FindProductsFromCategory'
19:37:23.791 [Test worker] DEBUG com.tngtech.archunit.core.importer.JavaClassProcessor - Processing class 'com/home/eshopee/sales/catalog/product/Description'
19:37:23.791 [Test worker] DEBUG com.tngtech.archunit.core.importer.JavaClassProcessor - Processing class 'com/home/eshopee/sales/catalog/product/Product'
19:37:23.791 [Test worker] DEBUG com.tngtech.archunit.core.importer.JavaClassProcessor - Processing class 'com/home/eshopee/sales/catalog/product/ProductId'
19:37:23.791 [Test worker] DEBUG com.tngtech.archunit.core.importer.JavaClassProcessor - Processing class 'com/home/eshopee/sales/catalog/product/Products'
19:37:23.791 [Test worker] DEBUG com.tngtech.archunit.core.importer.JavaClassProcessor - Processing class 'com/home/eshopee/sales/catalog/product/Title'
19:37:23.791 [Test worker] DEBUG com.tngtech.archunit.core.importer.JavaClassProcessor - Processing class 'com/home/eshopee/sales/catalog/jdbc/CatalogJdbcConfig'
19:37:23.791 [Test worker] DEBUG com.tngtech.archunit.core.importer.JavaClassProcessor - Processing class 'com/home/eshopee/shipping/dispatching/listeners/DispatchingListeners'
19:37:23.791 [Test worker] DEBUG com.tngtech.archunit.core.importer.JavaClassProcessor - Processing class 'com/home/eshopee/shipping/delivery/Address'
19:37:23.791 [Test worker] DEBUG com.tngtech.archunit.core.importer.JavaClassProcessor - Processing class 'com/home/eshopee/shipping/delivery/Delivery$DeliveryAlreadyDispatchedException'
19:37:23.791 [Test worker] DEBUG com.tngtech.archunit.core.importer.JavaClassProcessor - Processing class 'com/home/eshopee/shipping/delivery/Delivery$DeliveryAlreadyPreparedException'
19:37:23.791 [Test worker] DEBUG com.tngtech.archunit.core.importer.JavaClassProcessor - Processing class 'com/home/eshopee/shipping/delivery/Delivery'
19:37:23.791 [Test worker] DEBUG com.tngtech.archunit.core.importer.JavaClassProcessor - Processing class 'com/home/eshopee/shipping/delivery/DeliveryId'
19:37:23.792 [Test worker] DEBUG com.tngtech.archunit.core.importer.JavaClassProcessor - Processing class 'com/home/eshopee/shipping/delivery/DeliveryInfo'
19:37:23.792 [Test worker] DEBUG com.tngtech.archunit.core.importer.JavaClassProcessor - Processing class 'com/home/eshopee/shipping/delivery/DeliveryInfos'
19:37:23.792 [Test worker] DEBUG com.tngtech.archunit.core.importer.JavaClassProcessor - Processing class 'com/home/eshopee/shipping/delivery/DispatchDelivery'
19:37:23.792 [Test worker] DEBUG com.tngtech.archunit.core.importer.JavaClassProcessor - Processing class 'com/home/eshopee/shipping/delivery/FindDeliveries'
19:37:23.792 [Test worker] DEBUG com.tngtech.archunit.core.importer.JavaClassProcessor - Processing class 'com/home/eshopee/shipping/delivery/OrderId'
19:37:23.792 [Test worker] DEBUG com.tngtech.archunit.core.importer.JavaClassProcessor - Processing class 'com/home/eshopee/shipping/delivery/Person'
19:37:23.792 [Test worker] DEBUG com.tngtech.archunit.core.importer.JavaClassProcessor - Processing class 'com/home/eshopee/shipping/delivery/Place'
19:37:23.792 [Test worker] DEBUG com.tngtech.archunit.core.importer.JavaClassProcessor - Processing class 'com/home/eshopee/shipping/delivery/PrepareDelivery'
19:37:23.792 [Test worker] DEBUG com.tngtech.archunit.core.importer.JavaClassProcessor - Processing class 'com/home/eshopee/shipping/delivery/rest/DeliveryController$PrepareRequest'
19:37:23.792 [Test worker] DEBUG com.tngtech.archunit.core.importer.JavaClassProcessor - Processing class 'com/home/eshopee/shipping/delivery/rest/DeliveryController'
19:37:23.794 [Test worker] DEBUG com.tngtech.archunit.core.importer.JavaClassProcessor - Processing class 'com/home/eshopee/billing/payment/CollectPayment'
19:37:23.794 [Test worker] DEBUG com.tngtech.archunit.core.importer.JavaClassProcessor - Processing class 'com/home/eshopee/billing/payment/FindPayments'
19:37:23.794 [Test worker] DEBUG com.tngtech.archunit.core.importer.JavaClassProcessor - Processing class 'com/home/eshopee/billing/payment/Payment$PaymentAlreadyCollectedException'
19:37:23.794 [Test worker] DEBUG com.tngtech.archunit.core.importer.JavaClassProcessor - Processing class 'com/home/eshopee/billing/payment/Payment$PaymentAlreadyRequestedException'
19:37:23.794 [Test worker] DEBUG com.tngtech.archunit.core.importer.JavaClassProcessor - Processing class 'com/home/eshopee/billing/payment/Payment$PaymentNotRequestedYetException'
19:37:23.794 [Test worker] DEBUG com.tngtech.archunit.core.importer.JavaClassProcessor - Processing class 'com/home/eshopee/billing/payment/Payment'
19:37:23.794 [Test worker] DEBUG com.tngtech.archunit.core.importer.JavaClassProcessor - Processing class 'com/home/eshopee/billing/payment/PaymentId'
19:37:23.794 [Test worker] DEBUG com.tngtech.archunit.core.importer.JavaClassProcessor - Processing class 'com/home/eshopee/billing/payment/Payments'
19:37:23.794 [Test worker] DEBUG com.tngtech.archunit.core.importer.JavaClassProcessor - Processing class 'com/home/eshopee/billing/payment/ReferenceId'
19:37:23.794 [Test worker] DEBUG com.tngtech.archunit.core.importer.JavaClassProcessor - Processing class 'com/home/eshopee/shipping/dispatching/DeliveryDispatched'
19:37:23.794 [Test worker] DEBUG com.tngtech.archunit.core.importer.JavaClassProcessor - Processing class 'com/home/eshopee/warehouse/jdbc/WarehouseJdbcConfig'
19:37:23.794 [Test worker] DEBUG com.tngtech.archunit.core.importer.JavaClassProcessor - Processing class 'com/home/eshopee/shipping/delivery/jdbc/DeliveryInfosJdbc'
19:37:23.794 [Test worker] DEBUG com.tngtech.archunit.core.importer.JavaClassProcessor - Processing class 'com/home/eshopee/shipping/delivery/jdbc/DeliveryJdbc'
19:37:23.794 [Test worker] DEBUG com.tngtech.archunit.core.importer.JavaClassProcessor - Processing class 'com/home/eshopee/shipping/delivery/jdbc/DispatchDeliveryJdbc'
19:37:23.795 [Test worker] DEBUG com.tngtech.archunit.core.importer.JavaClassProcessor - Processing class 'com/home/eshopee/shipping/delivery/jdbc/FindDeliveriesJdbc'
19:37:23.795 [Test worker] DEBUG com.tngtech.archunit.core.importer.JavaClassProcessor - Processing class 'com/home/eshopee/shipping/delivery/jdbc/PrepareDeliveryJdbc'
19:37:23.795 [Test worker] DEBUG com.tngtech.archunit.core.importer.JavaClassProcessor - Processing class 'com/home/eshopee/shipping/delivery/jdbc/UnknownDelivery'
19:37:23.795 [Test worker] DEBUG com.tngtech.archunit.core.importer.JavaClassProcessor - Processing class 'com/home/eshopee/shipping/delivery/listeners/DeliveryDispatchedListener'
19:37:23.795 [Test worker] DEBUG com.tngtech.archunit.core.importer.JavaClassProcessor - Processing class 'com/home/eshopee/warehouse/rest/WarehouseController'
19:37:23.795 [Test worker] DEBUG com.tngtech.archunit.core.importer.JavaClassProcessor - Processing class 'com/home/eshopee/warehouse/Amount'
19:37:23.795 [Test worker] DEBUG com.tngtech.archunit.core.importer.JavaClassProcessor - Processing class 'com/home/eshopee/warehouse/FetchGoods'
19:37:23.795 [Test worker] DEBUG com.tngtech.archunit.core.importer.JavaClassProcessor - Processing class 'com/home/eshopee/warehouse/InStock'
19:37:23.795 [Test worker] DEBUG com.tngtech.archunit.core.importer.JavaClassProcessor - Processing class 'com/home/eshopee/warehouse/OrderId'
19:37:23.795 [Test worker] DEBUG com.tngtech.archunit.core.importer.JavaClassProcessor - Processing class 'com/home/eshopee/warehouse/ProductId'
19:37:23.795 [Test worker] DEBUG com.tngtech.archunit.core.importer.JavaClassProcessor - Processing class 'com/home/eshopee/warehouse/RemoveFetchedGoods'
19:37:23.795 [Test worker] DEBUG com.tngtech.archunit.core.importer.JavaClassProcessor - Processing class 'com/home/eshopee/warehouse/ToFetch'
19:37:23.796 [Test worker] DEBUG com.tngtech.archunit.core.importer.JavaClassProcessor - Processing class 'com/home/eshopee/warehouse/Warehouse'
19:37:23.796 [Test worker] DEBUG com.tngtech.archunit.core.importer.JavaClassProcessor - Processing class 'com/home/eshopee/sales/order/OrderPlaced'
19:37:23.796 [Test worker] DEBUG com.tngtech.archunit.core.importer.JavaClassProcessor - Processing class 'com/home/eshopee/billing/payment/rest/PaymentController'
19:37:23.796 [Test worker] DEBUG com.tngtech.archunit.core.importer.JavaClassProcessor - Processing class 'com/home/eshopee/warehouse/listeners/DeliveryDispatchedListener'
19:37:23.796 [Test worker] DEBUG com.tngtech.archunit.core.importer.JavaClassProcessor - Processing class 'com/home/eshopee/warehouse/listeners/OrderPlacedListener'
19:37:23.796 [Test worker] DEBUG com.tngtech.archunit.core.importer.JavaClassProcessor - Processing class 'com/home/eshopee/shipping/delivery/DeliveryPrepared'
19:37:23.796 [Test worker] DEBUG com.tngtech.archunit.core.importer.JavaClassProcessor - Processing class 'com/home/eshopee/sales/order/FindOrders'
19:37:23.796 [Test worker] DEBUG com.tngtech.archunit.core.importer.JavaClassProcessor - Processing class 'com/home/eshopee/sales/order/item/OrderItem'
19:37:23.796 [Test worker] DEBUG com.tngtech.archunit.core.importer.JavaClassProcessor - Processing class 'com/home/eshopee/sales/order/item/ProductId'
19:37:23.796 [Test worker] DEBUG com.tngtech.archunit.core.importer.JavaClassProcessor - Processing class 'com/home/eshopee/sales/order/Order$OrderHasNoItemsException'
19:37:23.796 [Test worker] DEBUG com.tngtech.archunit.core.importer.JavaClassProcessor - Processing class 'com/home/eshopee/sales/order/Order'
19:37:23.796 [Test worker] DEBUG com.tngtech.archunit.core.importer.JavaClassProcessor - Processing class 'com/home/eshopee/sales/order/OrderId'
19:37:23.796 [Test worker] DEBUG com.tngtech.archunit.core.importer.JavaClassProcessor - Processing class 'com/home/eshopee/sales/order/PlaceableOrder$OrderAlreadyPlacedException'
19:37:23.796 [Test worker] DEBUG com.tngtech.archunit.core.importer.JavaClassProcessor - Processing class 'com/home/eshopee/sales/order/PlaceableOrder'
19:37:23.796 [Test worker] DEBUG com.tngtech.archunit.core.importer.JavaClassProcessor - Processing class 'com/home/eshopee/sales/order/PlaceOrder'
19:37:23.797 [Test worker] DEBUG com.tngtech.archunit.core.importer.JavaClassProcessor - Processing class 'com/home/eshopee/sales/order/rest/OrderController$PlaceRequest'
19:37:23.797 [Test worker] DEBUG com.tngtech.archunit.core.importer.JavaClassProcessor - Processing class 'com/home/eshopee/sales/order/rest/OrderController'
19:37:23.797 [Test worker] DEBUG com.tngtech.archunit.core.importer.JavaClassProcessor - Processing class 'com/home/eshopee/billing/payment/PaymentCollected'
19:37:23.797 [Test worker] DEBUG com.tngtech.archunit.core.importer.JavaClassProcessor - Processing class 'com/home/eshopee/warehouse/jdbc/GoodsFetchingJdbc'
19:37:23.797 [Test worker] DEBUG com.tngtech.archunit.core.importer.JavaClassProcessor - Processing class 'com/home/eshopee/warehouse/jdbc/WarehouseJdbc'
19:37:23.797 [Test worker] DEBUG com.tngtech.archunit.core.importer.DependencyResolutionProcess - Automatically resolving transitive class dependencies with the following configuration:
import.dependencyResolutionProcess.maxIterationsForMemberTypes = 1
import.dependencyResolutionProcess.maxIterationsForAccessesToTypes = 1
import.dependencyResolutionProcess.maxIterationsForSupertypes = -1
import.dependencyResolutionProcess.maxIterationsForEnclosingTypes = -1
import.dependencyResolutionProcess.maxIterationsForAnnotationTypes = -1
import.dependencyResolutionProcess.maxIterationsForGenericSignatureTypes = -1
19:37:23.797 [Test worker] DEBUG com.tngtech.archunit.core.importer.JavaClassProcessor - Processing class 'java/lang/Float'
19:37:23.797 [Test worker] DEBUG com.tngtech.archunit.core.importer.JavaClassProcessor - Processing class 'java/util/Arrays'
19:37:23.798 [Test worker] DEBUG com.tngtech.archunit.core.importer.JavaClassProcessor - Processing class 'java/lang/Integer'
19:37:23.798 [Test worker] DEBUG com.tngtech.archunit.core.importer.JavaClassProcessor - Processing class 'com/home/eshopee/common/primitives/Money'
19:37:23.799 [Test worker] DEBUG com.tngtech.archunit.core.importer.JavaClassProcessor - Processing class 'java/math/BigDecimal'
19:37:23.799 [Test worker] DEBUG com.tngtech.archunit.core.importer.JavaClassProcessor - Processing class 'java/util/Map'
19:37:23.799 [Test worker] DEBUG com.tngtech.archunit.core.importer.JavaClassProcessor - Processing class 'org/springframework/web/bind/annotation/PostMapping'
19:37:23.800 [Test worker] DEBUG com.tngtech.archunit.core.importer.JavaClassProcessor - Processing class 'java/util/Set'
19:37:23.800 [Test worker] DEBUG com.tngtech.archunit.core.importer.JavaClassProcessor - Processing class 'org/springframework/web/bind/annotation/RestController'
19:37:23.800 [Test worker] DEBUG com.tngtech.archunit.core.importer.JavaClassProcessor - Processing class 'java/util/stream/Stream'
19:37:23.800 [Test worker] DEBUG com.tngtech.archunit.core.importer.JavaClassProcessor - Processing class 'jakarta/servlet/http/HttpServletRequest'
19:37:23.800 [Test worker] DEBUG com.tngtech.archunit.core.importer.JavaClassProcessor - Processing class 'java/util/ArrayList'
19:37:23.800 [Test worker] DEBUG com.tngtech.archunit.core.importer.JavaClassProcessor - Processing class 'org/springframework/web/bind/annotation/RequestBody'
19:37:23.801 [Test worker] DEBUG com.tngtech.archunit.core.importer.JavaClassProcessor - Processing class 'com/home/eshopee/common/events/DomainEvent'
19:37:23.801 [Test worker] DEBUG com.tngtech.archunit.core.importer.JavaClassProcessor - Processing class 'java/lang/String'
19:37:23.801 [Test worker] DEBUG com.tngtech.archunit.core.importer.JavaClassProcessor - Processing class 'java/lang/Number'
19:37:23.801 [Test worker] DEBUG com.tngtech.archunit.core.importer.JavaClassProcessor - Processing class 'com/home/eshopee/common/primitives/Quantity'
19:37:23.801 [Test worker] DEBUG com.tngtech.archunit.core.importer.JavaClassProcessor - Processing class 'java/util/Map$Entry'
19:37:23.801 [Test worker] DEBUG com.tngtech.archunit.core.importer.JavaClassProcessor - Processing class 'org/springframework/http/HttpStatus'
19:37:23.802 [Test worker] DEBUG com.tngtech.archunit.core.importer.JavaClassProcessor - Processing class 'java/lang/Object'
19:37:23.802 [Test worker] DEBUG com.tngtech.archunit.core.importer.JavaClassProcessor - Processing class 'jakarta/servlet/http/Cookie'
19:37:23.802 [Test worker] DEBUG com.tngtech.archunit.core.importer.JavaClassProcessor - Processing class 'java/lang/Comparable'
19:37:23.802 [Test worker] DEBUG com.tngtech.archunit.core.importer.JavaClassProcessor - Processing class 'org/springframework/web/bind/annotation/PathVariable'
19:37:23.802 [Test worker] DEBUG com.tngtech.archunit.core.importer.JavaClassProcessor - Processing class 'java/lang/IllegalStateException'
19:37:23.802 [Test worker] DEBUG com.tngtech.archunit.core.importer.JavaClassProcessor - Processing class 'org/slf4j/LoggerFactory'
19:37:23.802 [Test worker] DEBUG com.tngtech.archunit.core.importer.JavaClassProcessor - Processing class 'java/lang/Enum'
19:37:23.802 [Test worker] DEBUG com.tngtech.archunit.core.importer.JavaClassProcessor - Processing class 'java/lang/Math'
19:37:23.803 [Test worker] DEBUG com.tngtech.archunit.core.importer.JavaClassProcessor - Processing class 'org/springframework/web/bind/annotation/DeleteMapping'
19:37:23.803 [Test worker] DEBUG com.tngtech.archunit.core.importer.JavaClassProcessor - Processing class 'java/util/Collection'
19:37:23.803 [Test worker] DEBUG com.tngtech.archunit.core.importer.JavaClassProcessor - Processing class 'com/home/eshopee/common/events/EventPublisher'
19:37:23.803 [Test worker] DEBUG com.tngtech.archunit.core.importer.JavaClassProcessor - Processing class 'java/util/UUID'
19:37:23.803 [Test worker] DEBUG com.tngtech.archunit.core.importer.JavaClassProcessor - Processing class 'java/time/Instant'
19:37:23.803 [Test worker] DEBUG com.tngtech.archunit.core.importer.JavaClassProcessor - Processing class 'java/util/stream/Collectors'
19:37:23.804 [Test worker] DEBUG com.tngtech.archunit.core.importer.JavaClassProcessor - Processing class 'org/springframework/context/annotation/Configuration'
19:37:23.804 [Test worker] DEBUG com.tngtech.archunit.core.importer.JavaClassProcessor - Processing class 'java/util/List'
19:37:23.804 [Test worker] DEBUG com.tngtech.archunit.core.importer.JavaClassProcessor - Processing class 'java/util/Optional'
19:37:23.804 [Test worker] DEBUG com.tngtech.archunit.core.importer.JavaClassProcessor - Processing class 'java/util/regex/Pattern'
19:37:23.805 [Test worker] DEBUG com.tngtech.archunit.core.importer.JavaClassProcessor - Processing class 'org/springframework/scheduling/annotation/Async'
19:37:23.805 [Test worker] DEBUG com.tngtech.archunit.core.importer.JavaClassProcessor - Processing class 'org/springframework/web/bind/annotation/RequestMapping'
19:37:23.805 [Test worker] DEBUG com.tngtech.archunit.core.importer.JavaClassProcessor - Processing class 'org/springframework/jdbc/core/JdbcTemplate'
19:37:23.806 [Test worker] DEBUG com.tngtech.archunit.core.importer.JavaClassProcessor - Processing class 'org/springframework/transaction/annotation/Propagation'
19:37:23.806 [Test worker] DEBUG com.tngtech.archunit.core.importer.JavaClassProcessor - Processing class 'org/springframework/web/bind/annotation/GetMapping'
19:37:23.806 [Test worker] DEBUG com.tngtech.archunit.core.importer.JavaClassProcessor - Processing class 'java/lang/Boolean'
19:37:23.806 [Test worker] DEBUG com.tngtech.archunit.core.importer.JavaClassProcessor - Processing class 'org/springframework/web/bind/annotation/ResponseStatus'
19:37:23.806 [Test worker] DEBUG com.tngtech.archunit.core.importer.JavaClassProcessor - Processing class 'org/slf4j/Logger'
19:37:23.806 [Test worker] DEBUG com.tngtech.archunit.core.importer.JavaClassProcessor - Processing class 'org/springframework/transaction/event/TransactionalEventListener'
19:37:23.806 [Test worker] DEBUG com.tngtech.archunit.core.importer.JavaClassProcessor - Processing class 'java/lang/IllegalArgumentException'
19:37:23.806 [Test worker] DEBUG com.tngtech.archunit.core.importer.JavaClassProcessor - Processing class 'org/springframework/stereotype/Component'
19:37:23.807 [Test worker] DEBUG com.tngtech.archunit.core.importer.JavaClassProcessor - Processing class 'org/springframework/context/annotation/Bean'
19:37:23.807 [Test worker] DEBUG com.tngtech.archunit.core.importer.JavaClassProcessor - Processing class 'jakarta/servlet/http/HttpServletResponse'
19:37:23.807 [Test worker] DEBUG com.tngtech.archunit.core.importer.JavaClassProcessor - Processing class 'java/util/Collections'
19:37:23.807 [Test worker] DEBUG com.tngtech.archunit.core.importer.JavaClassProcessor - Processing class 'org/springframework/transaction/annotation/Transactional'
19:37:23.808 [Test worker] DEBUG com.tngtech.archunit.core.importer.JavaClassProcessor - Processing class 'org/springframework/jdbc/core/JdbcOperations'
19:37:23.808 [Test worker] DEBUG com.tngtech.archunit.core.importer.JavaClassProcessor - Processing class 'java/net/URL'
19:37:23.808 [Test worker] DEBUG com.tngtech.archunit.core.importer.JavaClassProcessor - Processing class 'java/util/function/IntConsumer'
19:37:23.808 [Test worker] DEBUG com.tngtech.archunit.core.importer.JavaClassProcessor - Processing class 'org/springframework/jdbc/support/JdbcAccessor'
19:37:23.808 [Test worker] DEBUG com.tngtech.archunit.core.importer.JavaClassProcessor - Processing class 'org/springframework/jdbc/core/SqlParameter'
19:37:23.808 [Test worker] DEBUG com.tngtech.archunit.core.importer.JavaClassProcessor - Processing class 'java/lang/annotation/Inherited'
19:37:23.808 [Test worker] DEBUG com.tngtech.archunit.core.importer.JavaClassProcessor - Processing class 'java/util/AbstractList'
19:37:23.808 [Test worker] DEBUG com.tngtech.archunit.core.importer.JavaClassProcessor - Processing class 'org/slf4j/helpers/CheckReturnValue'
19:37:23.808 [Test worker] DEBUG com.tngtech.archunit.core.importer.JavaClassProcessor - Processing class 'java/util/DoubleSummaryStatistics'
19:37:23.809 [Test worker] DEBUG com.tngtech.archunit.core.importer.JavaClassProcessor - Processing class 'java/util/function/DoubleConsumer'
19:37:23.809 [Test worker] DEBUG com.tngtech.archunit.core.importer.JavaClassProcessor - Processing class 'java/lang/Enum$EnumDesc'
19:37:23.809 [Test worker] DEBUG com.tngtech.archunit.core.importer.JavaClassProcessor - Processing class 'java/lang/Long'
19:37:23.809 [Test worker] DEBUG com.tngtech.archunit.core.importer.JavaClassProcessor - Processing class 'org/springframework/transaction/event/TransactionPhase'
19:37:23.809 [Test worker] DEBUG com.tngtech.archunit.core.importer.JavaClassProcessor - Processing class 'java/lang/annotation/Documented'
19:37:23.809 [Test worker] DEBUG com.tngtech.archunit.core.importer.JavaClassProcessor - Processing class 'org/springframework/web/bind/annotation/ControllerMappingReflectiveProcessor'
19:37:23.809 [Test worker] DEBUG com.tngtech.archunit.core.importer.JavaClassProcessor - Processing class 'java/lang/Cloneable'
19:37:23.809 [Test worker] DEBUG com.tngtech.archunit.core.importer.JavaClassProcessor - Processing class 'jdk/internal/vm/annotation/ForceInline'
19:37:23.809 [Test worker] DEBUG com.tngtech.archunit.core.importer.JavaClassProcessor - Processing class 'org/springframework/aot/hint/annotation/Reflective'
19:37:23.809 [Test worker] DEBUG com.tngtech.archunit.core.importer.JavaClassProcessor - Processing class 'jakarta/servlet/ServletRequest'
19:37:23.809 [Test worker] DEBUG com.tngtech.archunit.core.importer.JavaClassProcessor - Processing class 'java/lang/CharSequence'
19:37:23.810 [Test worker] DEBUG com.tngtech.archunit.core.importer.JavaClassProcessor - Processing class 'org/springframework/http/HttpStatusCode'
19:37:23.810 [Test worker] DEBUG com.tngtech.archunit.core.importer.JavaClassProcessor - Processing class 'org/springframework/web/bind/annotation/RequestMethod'
19:37:23.810 [Test worker] DEBUG com.tngtech.archunit.core.importer.JavaClassProcessor - Processing class 'org/springframework/context/event/EventListener'
19:37:23.810 [Test worker] DEBUG com.tngtech.archunit.core.importer.JavaClassProcessor - Processing class 'java/util/stream/DoubleStream'
19:37:23.810 [Test worker] DEBUG com.tngtech.archunit.core.importer.JavaClassProcessor - Processing class 'java/io/Serializable'
19:37:23.810 [Test worker] DEBUG com.tngtech.archunit.core.importer.JavaClassProcessor - Processing class 'java/lang/constant/DynamicConstantDesc'
19:37:23.810 [Test worker] DEBUG com.tngtech.archunit.core.importer.JavaClassProcessor - Processing class 'org/slf4j/spi/SLF4JServiceProvider'
19:37:23.810 [Test worker] DEBUG com.tngtech.archunit.core.importer.JavaClassProcessor - Processing class 'jakarta/servlet/ServletResponse'
19:37:23.810 [Test worker] DEBUG com.tngtech.archunit.core.importer.JavaClassProcessor - Processing class 'java/lang/annotation/Annotation'
19:37:23.810 [Test worker] DEBUG com.tngtech.archunit.core.importer.JavaClassProcessor - Processing class 'jdk/internal/ValueBased'
19:37:23.810 [Test worker] DEBUG com.tngtech.archunit.core.importer.JavaClassProcessor - Processing class 'java/time/temporal/Temporal'
19:37:23.810 [Test worker] DEBUG com.tngtech.archunit.core.importer.JavaClassProcessor - Processing class 'org/springframework/transaction/annotation/Isolation'
19:37:23.811 [Test worker] DEBUG com.tngtech.archunit.core.importer.JavaClassProcessor - Processing class 'java/util/stream/IntStream'
19:37:23.811 [Test worker] DEBUG com.tngtech.archunit.core.importer.JavaClassProcessor - Processing class 'java/lang/Throwable'
19:37:23.811 [Test worker] DEBUG com.tngtech.archunit.core.importer.JavaClassProcessor - Processing class 'java/lang/Double'
19:37:23.811 [Test worker] DEBUG com.tngtech.archunit.core.importer.JavaClassProcessor - Processing class 'jakarta/servlet/http/HttpUpgradeHandler'
19:37:23.811 [Test worker] DEBUG com.tngtech.archunit.core.importer.JavaClassProcessor - Processing class 'org/springframework/stereotype/Controller'
19:37:23.811 [Test worker] DEBUG com.tngtech.archunit.core.importer.JavaClassProcessor - Processing class 'java/lang/Iterable'
19:37:23.811 [Test worker] DEBUG com.tngtech.archunit.core.importer.JavaClassProcessor - Processing class 'java/lang/annotation/Retention'
19:37:23.811 [Test worker] DEBUG com.tngtech.archunit.core.importer.JavaClassProcessor - Processing class 'java/util/concurrent/ConcurrentMap'
19:37:23.811 [Test worker] DEBUG com.tngtech.archunit.core.importer.JavaClassProcessor - Processing class 'java/util/RandomAccess'
19:37:23.811 [Test worker] DEBUG com.tngtech.archunit.core.importer.JavaClassProcessor - Processing class 'java/lang/constant/ConstantDesc'
19:37:23.811 [Test worker] DEBUG com.tngtech.archunit.core.importer.JavaClassProcessor - Processing class 'org/springframework/lang/Nullable'
19:37:23.811 [Test worker] DEBUG com.tngtech.archunit.core.importer.JavaClassProcessor - Processing class 'org/springframework/stereotype/Indexed'
19:37:23.811 [Test worker] DEBUG com.tngtech.archunit.core.importer.JavaClassProcessor - Processing class 'java/util/LongSummaryStatistics'
19:37:23.812 [Test worker] DEBUG com.tngtech.archunit.core.importer.JavaClassProcessor - Processing class 'org/springframework/core/annotation/AliasFor'
19:37:23.812 [Test worker] DEBUG com.tngtech.archunit.core.importer.JavaClassProcessor - Processing class 'java/lang/SafeVarargs'
19:37:23.812 [Test worker] DEBUG com.tngtech.archunit.core.importer.JavaClassProcessor - Processing class 'jdk/internal/vm/annotation/IntrinsicCandidate'
19:37:23.812 [Test worker] DEBUG com.tngtech.archunit.core.importer.JavaClassProcessor - Processing class 'java/util/stream/LongStream'
19:37:23.812 [Test worker] DEBUG com.tngtech.archunit.core.importer.JavaClassProcessor - Processing class 'jdk/internal/vm/annotation/Stable'
19:37:23.812 [Test worker] DEBUG com.tngtech.archunit.core.importer.JavaClassProcessor - Processing class 'java/lang/Deprecated'
19:37:23.812 [Test worker] DEBUG com.tngtech.archunit.core.importer.JavaClassProcessor - Processing class 'java/lang/annotation/Target'
19:37:23.812 [Test worker] DEBUG com.tngtech.archunit.core.importer.JavaClassProcessor - Processing class 'java/lang/RuntimeException'
19:37:23.812 [Test worker] DEBUG com.tngtech.archunit.core.importer.JavaClassProcessor - Processing class 'java/lang/annotation/ElementType'
19:37:23.812 [Test worker] DEBUG com.tngtech.archunit.core.importer.JavaClassProcessor - Processing class 'org/springframework/web/bind/annotation/ResponseBody'
19:37:23.812 [Test worker] DEBUG com.tngtech.archunit.core.importer.JavaClassProcessor - Processing class 'java/util/stream/Collector$Characteristics'
19:37:23.812 [Test worker] DEBUG com.tngtech.archunit.core.importer.JavaClassProcessor - Processing class 'java/util/function/LongConsumer'
19:37:23.812 [Test worker] DEBUG com.tngtech.archunit.core.importer.JavaClassProcessor - Processing class 'java/util/function/Consumer'
19:37:23.812 [Test worker] DEBUG com.tngtech.archunit.core.importer.JavaClassProcessor - Processing class 'java/lang/constant/Constable'
19:37:23.812 [Test worker] DEBUG com.tngtech.archunit.core.importer.JavaClassProcessor - Processing class 'jakarta/servlet/http/Part'
19:37:23.812 [Test worker] DEBUG com.tngtech.archunit.core.importer.JavaClassProcessor - Processing class 'java/util/regex/Pattern$Node'
19:37:23.812 [Test worker] DEBUG com.tngtech.archunit.core.importer.JavaClassProcessor - Processing class 'java/util/stream/BaseStream'
19:37:23.812 [Test worker] DEBUG com.tngtech.archunit.core.importer.JavaClassProcessor - Processing class 'java/util/IntSummaryStatistics'
19:37:23.812 [Test worker] DEBUG com.tngtech.archunit.core.importer.JavaClassProcessor - Processing class 'java/time/temporal/TemporalAdjuster'
19:37:23.812 [Test worker] DEBUG com.tngtech.archunit.core.importer.JavaClassProcessor - Processing class 'java/lang/annotation/RetentionPolicy'
19:37:23.812 [Test worker] DEBUG com.tngtech.archunit.core.importer.JavaClassProcessor - Processing class 'org/springframework/web/bind/annotation/Mapping'
19:37:23.812 [Test worker] DEBUG com.tngtech.archunit.core.importer.JavaClassProcessor - Processing class 'java/lang/AutoCloseable'
19:37:23.812 [Test worker] DEBUG com.tngtech.archunit.core.importer.JavaClassProcessor - Processing class 'java/util/AbstractCollection'
19:37:23.813 [Test worker] DEBUG com.tngtech.archunit.core.importer.JavaClassProcessor - Processing class 'org/springframework/aot/hint/annotation/ReflectiveProcessor'
19:37:23.813 [Test worker] DEBUG com.tngtech.archunit.core.importer.JavaClassProcessor - Processing class 'java/util/Locale'
19:37:23.813 [Test worker] DEBUG com.tngtech.archunit.core.importer.JavaClassProcessor - Processing class 'java/util/stream/Collector'
19:37:23.813 [Test worker] DEBUG com.tngtech.archunit.core.importer.JavaClassProcessor - Processing class 'java/lang/Exception'
19:37:23.813 [Test worker] DEBUG com.tngtech.archunit.core.importer.JavaClassProcessor - Processing class 'java/net/URLStreamHandler'
19:37:23.813 [Test worker] DEBUG com.tngtech.archunit.core.importer.JavaClassProcessor - Processing class 'org/springframework/aot/hint/annotation/SimpleReflectiveProcessor'
19:37:23.813 [Test worker] DEBUG com.tngtech.archunit.core.importer.JavaClassProcessor - Processing class 'org/springframework/beans/factory/InitializingBean'
19:37:23.813 [Test worker] DEBUG com.tngtech.archunit.core.importer.JavaClassProcessor - Processing class 'java/time/temporal/TemporalAccessor'
19:37:23.813 [Test worker] DEBUG com.tngtech.archunit.core.importer.JavaClassProcessor - Processing class 'java/lang/FunctionalInterface'
19:37:23.814 [Test worker] DEBUG com.tngtech.archunit.core.importer.JavaClassProcessor - Processing class 'java/net/spi/URLStreamHandlerProvider'
19:37:23.814 [Test worker] DEBUG com.tngtech.archunit.core.importer.JavaClassProcessor - Processing class 'java/util/Locale$LanguageRange'
19:37:23.814 [Test worker] DEBUG com.tngtech.archunit.core.importer.JavaClassProcessor - Processing class 'java/net/URLStreamHandlerFactory'
19:37:23.814 [Test worker] DEBUG com.tngtech.archunit.core.importer.JavaClassProcessor - Processing class 'sun/util/locale/BaseLocale'
19:37:23.814 [Test worker] DEBUG com.tngtech.archunit.core.importer.JavaClassProcessor - Processing class 'java/lang/Character'
19:37:23.814 [Test worker] DEBUG com.tngtech.archunit.core.importer.JavaClassProcessor - Processing class 'sun/util/locale/LocaleExtensions'
19:37:23.814 [Test worker] DEBUG com.tngtech.archunit.core.importer.JavaClassProcessor - Processing class 'sun/util/locale/Extension'
19:37:23.814 [Test worker] DEBUG com.tngtech.archunit.core.importer.JavaClassProcessor - Processing class 'sun/util/locale/InternalLocaleBuilder$CaseInsensitiveString'
19:37:23.814 [Test worker] DEBUG com.tngtech.archunit.core.importer.JavaClassProcessor - Processing class 'sun/util/locale/InternalLocaleBuilder$CaseInsensitiveChar'
19:37:23.814 [Test worker] DEBUG com.tngtech.archunit.core.importer.JavaClassProcessor - Processing class 'sun/util/locale/InternalLocaleBuilder'
19:37:23.817 [Test worker] DEBUG com.tngtech.archunit.core.importer.JavaClassProcessor - Processing class 'java/util/Enumeration'
19:37:23.817 [Test worker] DEBUG com.tngtech.archunit.core.importer.JavaClassProcessor - Processing class 'java/io/UnsupportedEncodingException'
19:37:23.817 [Test worker] DEBUG com.tngtech.archunit.core.importer.JavaClassProcessor - Processing class 'jakarta/servlet/ServletInputStream'
19:37:23.817 [Test worker] DEBUG com.tngtech.archunit.core.importer.JavaClassProcessor - Processing class 'java/io/IOException'
19:37:23.817 [Test worker] DEBUG com.tngtech.archunit.core.importer.JavaClassProcessor - Processing class 'java/io/BufferedReader'
19:37:23.817 [Test worker] DEBUG com.tngtech.archunit.core.importer.JavaClassProcessor - Processing class 'jakarta/servlet/RequestDispatcher'
19:37:23.818 [Test worker] DEBUG com.tngtech.archunit.core.importer.JavaClassProcessor - Processing class 'jakarta/servlet/ServletContext'
19:37:23.818 [Test worker] DEBUG com.tngtech.archunit.core.importer.JavaClassProcessor - Processing class 'jakarta/servlet/AsyncContext'
19:37:23.818 [Test worker] DEBUG com.tngtech.archunit.core.importer.JavaClassProcessor - Processing class 'jakarta/servlet/DispatcherType'
19:37:23.818 [Test worker] DEBUG com.tngtech.archunit.core.importer.JavaClassProcessor - Processing class 'jakarta/servlet/ServletConnection'
19:37:23.818 [Test worker] DEBUG com.tngtech.archunit.core.importer.JavaClassProcessor - Processing class 'jakarta/servlet/ServletOutputStream'
19:37:23.818 [Test worker] DEBUG com.tngtech.archunit.core.importer.JavaClassProcessor - Processing class 'java/io/PrintWriter'
19:37:23.818 [Test worker] DEBUG com.tngtech.archunit.core.importer.JavaClassProcessor - Processing class 'java/util/ResourceBundle'
19:37:23.819 [Test worker] DEBUG com.tngtech.archunit.core.importer.JavaClassProcessor - Processing class 'jakarta/servlet/http/CookieNameValidator'
19:37:23.819 [Test worker] DEBUG com.tngtech.archunit.core.importer.JavaClassProcessor - Processing class 'jakarta/servlet/http/HttpServletMapping'
19:37:23.819 [Test worker] DEBUG com.tngtech.archunit.core.importer.JavaClassProcessor - Processing class 'jakarta/servlet/http/PushBuilder'
19:37:23.819 [Test worker] DEBUG com.tngtech.archunit.core.importer.JavaClassProcessor - Processing class 'java/security/Principal'
19:37:23.819 [Test worker] DEBUG com.tngtech.archunit.core.importer.JavaClassProcessor - Processing class 'java/lang/StringBuffer'
19:37:23.819 [Test worker] DEBUG com.tngtech.archunit.core.importer.JavaClassProcessor - Processing class 'jakarta/servlet/http/HttpSession'
19:37:23.820 [Test worker] DEBUG com.tngtech.archunit.core.importer.JavaClassProcessor - Processing class 'jakarta/servlet/ServletException'
19:37:23.820 [Test worker] DEBUG com.tngtech.archunit.core.importer.JavaClassProcessor - Processing class 'java/lang/Class'
19:37:23.820 [Test worker] DEBUG com.tngtech.archunit.core.importer.JavaClassProcessor - Processing class 'java/util/function/Supplier'
19:37:23.820 [Test worker] DEBUG com.tngtech.archunit.core.importer.JavaClassProcessor - Processing class 'jakarta/servlet/http/WebConnection'
19:37:23.820 [Test worker] DEBUG com.tngtech.archunit.core.importer.JavaClassProcessor - Processing class 'java/io/InputStream'
19:37:23.821 [Test worker] DEBUG com.tngtech.archunit.core.importer.JavaClassProcessor - Processing class 'java/util/Spliterator$OfInt'
19:37:23.821 [Test worker] DEBUG com.tngtech.archunit.core.importer.JavaClassProcessor - Processing class 'java/lang/NumberFormatException'
19:37:23.821 [Test worker] DEBUG com.tngtech.archunit.core.importer.JavaClassProcessor - Processing class 'java/lang/invoke/MethodHandles$Lookup'
19:37:23.822 [Test worker] DEBUG com.tngtech.archunit.core.importer.JavaClassProcessor - Processing class 'java/lang/ReflectiveOperationException'
19:37:23.822 [Test worker] DEBUG com.tngtech.archunit.core.importer.JavaClassProcessor - Processing class 'java/lang/CloneNotSupportedException'
19:37:23.822 [Test worker] DEBUG com.tngtech.archunit.core.importer.JavaClassProcessor - Processing class 'java/io/ObjectInputStream'
19:37:23.822 [Test worker] DEBUG com.tngtech.archunit.core.importer.JavaClassProcessor - Processing class 'java/lang/ClassNotFoundException'
19:37:23.822 [Test worker] DEBUG com.tngtech.archunit.core.importer.JavaClassProcessor - Processing class 'java/io/ObjectStreamException'
19:37:23.822 [Test worker] DEBUG com.tngtech.archunit.core.importer.JavaClassProcessor - Processing class 'java/lang/constant/ClassDesc'
19:37:23.823 [Test worker] DEBUG com.tngtech.archunit.core.importer.JavaClassProcessor - Processing class 'java/util/Iterator'
19:37:23.823 [Test worker] DEBUG com.tngtech.archunit.core.importer.JavaClassProcessor - Processing class 'java/util/Spliterator'
19:37:23.823 [Test worker] DEBUG com.tngtech.archunit.core.importer.JavaClassProcessor - Processing class 'java/math/BigInteger'
19:37:23.824 [Test worker] DEBUG com.tngtech.archunit.core.importer.JavaClassProcessor - Processing class 'java/lang/InterruptedException'
19:37:23.824 [Test worker] DEBUG com.tngtech.archunit.core.importer.JavaClassProcessor - Processing class 'java/io/ObjectStreamField'
19:37:23.824 [Test worker] DEBUG com.tngtech.archunit.core.importer.JavaClassProcessor - Processing class 'java/util/Comparator'
19:37:23.824 [Test worker] DEBUG com.tngtech.archunit.core.importer.JavaClassProcessor - Processing class 'java/lang/Void'
19:37:23.824 [Test worker] DEBUG com.tngtech.archunit.core.importer.JavaClassProcessor - Processing class 'java/nio/charset/Charset'
19:37:23.824 [Test worker] DEBUG com.tngtech.archunit.core.importer.JavaClassProcessor - Processing class 'java/nio/charset/MalformedInputException'
19:37:23.824 [Test worker] DEBUG com.tngtech.archunit.core.importer.JavaClassProcessor - Processing class 'java/nio/charset/CharacterCodingException'
19:37:23.824 [Test worker] DEBUG com.tngtech.archunit.core.importer.JavaClassProcessor - Processing class 'sun/nio/cs/ArrayDecoder'
19:37:23.824 [Test worker] DEBUG com.tngtech.archunit.core.importer.JavaClassProcessor - Processing class 'sun/nio/cs/ArrayEncoder'
19:37:23.824 [Test worker] DEBUG com.tngtech.archunit.core.importer.JavaClassProcessor - Processing class 'java/nio/charset/UnmappableCharacterException'
19:37:23.824 [Test worker] DEBUG com.tngtech.archunit.core.importer.JavaClassProcessor - Processing class 'java/nio/charset/CharsetDecoder'
19:37:23.825 [Test worker] DEBUG com.tngtech.archunit.core.importer.JavaClassProcessor - Processing class 'java/lang/AbstractStringBuilder'
19:37:23.825 [Test worker] DEBUG com.tngtech.archunit.core.importer.JavaClassProcessor - Processing class 'java/util/function/Function'
19:37:23.825 [Test worker] DEBUG com.tngtech.archunit.core.importer.JavaClassProcessor - Processing class 'java/lang/StringBuilder'
19:37:23.825 [Test worker] DEBUG com.tngtech.archunit.core.importer.JavaClassProcessor - Processing class 'java/lang/StackTraceElement'
19:37:23.826 [Test worker] DEBUG com.tngtech.archunit.core.importer.JavaClassProcessor - Processing class 'java/io/PrintStream'
19:37:23.826 [Test worker] DEBUG com.tngtech.archunit.core.importer.JavaClassProcessor - Processing class 'java/lang/Throwable$PrintStreamOrWriter'
19:37:23.826 [Test worker] DEBUG com.tngtech.archunit.core.importer.JavaClassProcessor - Processing class 'java/io/ObjectOutputStream'
19:37:23.826 [Test worker] DEBUG com.tngtech.archunit.core.importer.JavaClassProcessor - Processing class 'java/lang/constant/DirectMethodHandleDesc'
19:37:23.827 [Test worker] DEBUG com.tngtech.archunit.core.importer.JavaClassProcessor - Processing class 'java/math/MathContext'
19:37:23.827 [Test worker] DEBUG com.tngtech.archunit.core.importer.JavaClassProcessor - Processing class 'java/math/RoundingMode'
19:37:23.827 [Test worker] DEBUG com.tngtech.archunit.core.importer.JavaClassProcessor - Processing class 'java/math/MutableBigInteger'
19:37:23.828 [Test worker] DEBUG com.tngtech.archunit.core.importer.JavaClassProcessor - Processing class 'java/net/InetAddress'
19:37:23.828 [Test worker] DEBUG com.tngtech.archunit.core.importer.JavaClassProcessor - Processing class 'java/net/UrlDeserializedState'
19:37:23.828 [Test worker] DEBUG com.tngtech.archunit.core.importer.JavaClassProcessor - Processing class 'java/lang/ThreadLocal'
19:37:23.828 [Test worker] DEBUG com.tngtech.archunit.core.importer.JavaClassProcessor - Processing class 'java/util/Hashtable'
19:37:23.828 [Test worker] DEBUG com.tngtech.archunit.core.importer.JavaClassProcessor - Processing class 'java/net/URI'
19:37:23.828 [Test worker] DEBUG com.tngtech.archunit.core.importer.JavaClassProcessor - Processing class 'java/net/MalformedURLException'
19:37:23.828 [Test worker] DEBUG com.tngtech.archunit.core.importer.JavaClassProcessor - Processing class 'java/lang/SecurityManager'
19:37:23.829 [Test worker] DEBUG com.tngtech.archunit.core.importer.JavaClassProcessor - Processing class 'java/net/URISyntaxException'
19:37:23.829 [Test worker] DEBUG com.tngtech.archunit.core.importer.JavaClassProcessor - Processing class 'java/net/URLConnection'
19:37:23.829 [Test worker] DEBUG com.tngtech.archunit.core.importer.JavaClassProcessor - Processing class 'java/net/Proxy'
19:37:23.829 [Test worker] DEBUG com.tngtech.archunit.core.importer.JavaClassProcessor - Processing class 'java/io/InvalidObjectException'
19:37:23.829 [Test worker] DEBUG com.tngtech.archunit.core.importer.JavaClassProcessor - Processing class 'sun/net/www/protocol/jar/Handler'
19:37:23.829 [Test worker] DEBUG com.tngtech.archunit.core.importer.JavaClassProcessor - Processing class 'java/time/Clock'
19:37:23.829 [Test worker] DEBUG com.tngtech.archunit.core.importer.JavaClassProcessor - Processing class 'java/time/temporal/TemporalField'
19:37:23.829 [Test worker] DEBUG com.tngtech.archunit.core.importer.JavaClassProcessor - Processing class 'java/time/temporal/ChronoField'
19:37:23.829 [Test worker] DEBUG com.tngtech.archunit.core.importer.JavaClassProcessor - Processing class 'java/time/temporal/TemporalUnit'
19:37:23.829 [Test worker] DEBUG com.tngtech.archunit.core.importer.JavaClassProcessor - Processing class 'java/time/temporal/ChronoUnit'
19:37:23.829 [Test worker] DEBUG com.tngtech.archunit.core.importer.JavaClassProcessor - Processing class 'java/time/temporal/ValueRange'
19:37:23.830 [Test worker] DEBUG com.tngtech.archunit.core.importer.JavaClassProcessor - Processing class 'java/time/temporal/TemporalAmount'
19:37:23.830 [Test worker] DEBUG com.tngtech.archunit.core.importer.JavaClassProcessor - Processing class 'java/time/temporal/TemporalQuery'
19:37:23.830 [Test worker] DEBUG com.tngtech.archunit.core.importer.JavaClassProcessor - Processing class 'java/time/OffsetDateTime'
19:37:23.830 [Test worker] DEBUG com.tngtech.archunit.core.importer.JavaClassProcessor - Processing class 'java/time/ZoneOffset'
19:37:23.830 [Test worker] DEBUG com.tngtech.archunit.core.importer.JavaClassProcessor - Processing class 'java/time/ZonedDateTime'
19:37:23.830 [Test worker] DEBUG com.tngtech.archunit.core.importer.JavaClassProcessor - Processing class 'java/time/ZoneId'
19:37:23.830 [Test worker] DEBUG com.tngtech.archunit.core.importer.JavaClassProcessor - Processing class 'java/io/DataOutput'
19:37:23.830 [Test worker] DEBUG com.tngtech.archunit.core.importer.JavaClassProcessor - Processing class 'java/io/DataInput'
19:37:23.830 [Test worker] DEBUG com.tngtech.archunit.core.importer.JavaClassProcessor - Processing class 'java/util/ListIterator'
19:37:23.831 [Test worker] DEBUG com.tngtech.archunit.core.importer.JavaClassProcessor - Processing class 'java/util/function/Predicate'
19:37:23.831 [Test worker] DEBUG com.tngtech.archunit.core.importer.JavaClassProcessor - Processing class 'java/util/function/UnaryOperator'
19:37:23.831 [Test worker] DEBUG com.tngtech.archunit.core.importer.JavaClassProcessor - Processing class 'java/util/function/BinaryOperator'
19:37:23.831 [Test worker] DEBUG com.tngtech.archunit.core.importer.JavaClassProcessor - Processing class 'java/util/function/LongBinaryOperator'
19:37:23.831 [Test worker] DEBUG com.tngtech.archunit.core.importer.JavaClassProcessor - Processing class 'java/util/function/DoubleBinaryOperator'
19:37:23.831 [Test worker] DEBUG com.tngtech.archunit.core.importer.JavaClassProcessor - Processing class 'java/util/function/IntBinaryOperator'
19:37:23.831 [Test worker] DEBUG com.tngtech.archunit.core.importer.JavaClassProcessor - Processing class 'java/util/function/IntFunction'
19:37:23.831 [Test worker] DEBUG com.tngtech.archunit.core.importer.JavaClassProcessor - Processing class 'java/util/function/IntUnaryOperator'
19:37:23.831 [Test worker] DEBUG com.tngtech.archunit.core.importer.JavaClassProcessor - Processing class 'java/util/function/IntToLongFunction'
19:37:23.831 [Test worker] DEBUG com.tngtech.archunit.core.importer.JavaClassProcessor - Processing class 'java/util/function/IntToDoubleFunction'
19:37:23.831 [Test worker] DEBUG com.tngtech.archunit.core.importer.JavaClassProcessor - Processing class 'java/util/Spliterator$OfLong'
19:37:23.832 [Test worker] DEBUG com.tngtech.archunit.core.importer.JavaClassProcessor - Processing class 'java/util/Spliterator$OfDouble'
19:37:23.832 [Test worker] DEBUG com.tngtech.archunit.core.importer.JavaClassProcessor - Processing class 'java/util/Random'
19:37:23.832 [Test worker] DEBUG com.tngtech.archunit.core.importer.JavaClassProcessor - Processing class 'java/util/Collections$UnmodifiableCollection'
19:37:23.832 [Test worker] DEBUG com.tngtech.archunit.core.importer.JavaClassProcessor - Processing class 'java/util/Collections$UnmodifiableSet'
19:37:23.832 [Test worker] DEBUG com.tngtech.archunit.core.importer.JavaClassProcessor - Processing class 'java/util/SortedSet'
19:37:23.832 [Test worker] DEBUG com.tngtech.archunit.core.importer.JavaClassProcessor - Processing class 'java/util/Collections$UnmodifiableSortedSet'
19:37:23.832 [Test worker] DEBUG com.tngtech.archunit.core.importer.JavaClassProcessor - Processing class 'java/util/NavigableSet'
19:37:23.832 [Test worker] DEBUG com.tngtech.archunit.core.importer.JavaClassProcessor - Processing class 'java/util/Collections$UnmodifiableNavigableSet'
19:37:23.832 [Test worker] DEBUG com.tngtech.archunit.core.importer.JavaClassProcessor - Processing class 'java/util/Collections$UnmodifiableList'
19:37:23.832 [Test worker] DEBUG com.tngtech.archunit.core.importer.JavaClassProcessor - Processing class 'java/util/Collections$UnmodifiableRandomAccessList'
19:37:23.832 [Test worker] DEBUG com.tngtech.archunit.core.importer.JavaClassProcessor - Processing class 'java/util/Collections$UnmodifiableMap'
19:37:23.832 [Test worker] DEBUG com.tngtech.archunit.core.importer.JavaClassProcessor - Processing class 'java/util/SortedMap'
19:37:23.832 [Test worker] DEBUG com.tngtech.archunit.core.importer.JavaClassProcessor - Processing class 'java/util/Collections$UnmodifiableSortedMap'
19:37:23.832 [Test worker] DEBUG com.tngtech.archunit.core.importer.JavaClassProcessor - Processing class 'java/util/NavigableMap'
19:37:23.833 [Test worker] DEBUG com.tngtech.archunit.core.importer.JavaClassProcessor - Processing class 'java/util/Collections$UnmodifiableNavigableMap'
19:37:23.833 [Test worker] DEBUG com.tngtech.archunit.core.importer.JavaClassProcessor - Processing class 'java/util/Queue'
19:37:23.833 [Test worker] DEBUG com.tngtech.archunit.core.importer.JavaClassProcessor - Processing class 'java/util/Collections$ReverseComparator2'
19:37:23.833 [Test worker] DEBUG com.tngtech.archunit.core.importer.JavaClassProcessor - Processing class 'java/util/Deque'
19:37:23.833 [Test worker] DEBUG com.tngtech.archunit.core.importer.JavaClassProcessor - Processing class 'java/util/Locale$Category'
19:37:23.833 [Test worker] DEBUG com.tngtech.archunit.core.importer.JavaClassProcessor - Processing class 'java/util/Locale$IsoCountryCode'
19:37:23.833 [Test worker] DEBUG com.tngtech.archunit.core.importer.JavaClassProcessor - Processing class 'java/util/MissingResourceException'
19:37:23.833 [Test worker] DEBUG com.tngtech.archunit.core.importer.JavaClassProcessor - Processing class 'java/util/spi/LocaleNameProvider'
19:37:23.833 [Test worker] DEBUG com.tngtech.archunit.core.importer.JavaClassProcessor - Processing class 'sun/util/locale/provider/LocaleResources'
19:37:23.834 [Test worker] DEBUG com.tngtech.archunit.core.importer.JavaClassProcessor - Processing class 'java/util/Locale$FilteringMode'
19:37:23.834 [Test worker] DEBUG com.tngtech.archunit.core.importer.JavaClassProcessor - Processing class 'java/util/function/BiConsumer'
19:37:23.834 [Test worker] DEBUG com.tngtech.archunit.core.importer.JavaClassProcessor - Processing class 'java/util/function/BiFunction'
19:37:23.834 [Test worker] DEBUG com.tngtech.archunit.core.importer.JavaClassProcessor - Processing class 'java/util/ImmutableCollections$AbstractImmutableMap'
19:37:23.834 [Test worker] DEBUG com.tngtech.archunit.core.importer.JavaClassProcessor - Processing class 'java/util/KeyValueHolder'
19:37:23.834 [Test worker] DEBUG com.tngtech.archunit.core.importer.JavaClassProcessor - Processing class 'java/lang/invoke/SerializedLambda'
19:37:23.834 [Test worker] DEBUG com.tngtech.archunit.core.importer.JavaClassProcessor - Processing class 'java/lang/Runnable'
19:37:23.834 [Test worker] DEBUG com.tngtech.archunit.core.importer.JavaClassProcessor - Processing class 'java/util/ImmutableCollections$AbstractImmutableSet'
19:37:23.835 [Test worker] DEBUG com.tngtech.archunit.core.importer.JavaClassProcessor - Processing class 'jdk/internal/access/JavaLangAccess'
19:37:23.835 [Test worker] DEBUG com.tngtech.archunit.core.importer.JavaClassProcessor - Processing class 'java/util/regex/Pattern$CharPredicate'
19:37:23.835 [Test worker] DEBUG com.tngtech.archunit.core.importer.JavaClassProcessor - Processing class 'java/util/regex/Pattern$GroupHead'
19:37:23.835 [Test worker] DEBUG com.tngtech.archunit.core.importer.JavaClassProcessor - Processing class 'java/util/regex/Matcher'
19:37:23.835 [Test worker] DEBUG com.tngtech.archunit.core.importer.JavaClassProcessor - Processing class 'java/util/regex/Pattern$Slice'
19:37:23.835 [Test worker] DEBUG com.tngtech.archunit.core.importer.JavaClassProcessor - Processing class 'java/util/regex/Pattern$Begin'
19:37:23.835 [Test worker] DEBUG com.tngtech.archunit.core.importer.JavaClassProcessor - Processing class 'java/util/regex/Pattern$First'
19:37:23.835 [Test worker] DEBUG com.tngtech.archunit.core.importer.JavaClassProcessor - Processing class 'java/util/regex/Pattern$Loop'
19:37:23.835 [Test worker] DEBUG com.tngtech.archunit.core.importer.JavaClassProcessor - Processing class 'java/util/regex/PatternSyntaxException'
19:37:23.835 [Test worker] DEBUG com.tngtech.archunit.core.importer.JavaClassProcessor - Processing class 'java/util/regex/Pattern$BitClass'
19:37:23.835 [Test worker] DEBUG com.tngtech.archunit.core.importer.JavaClassProcessor - Processing class 'java/util/regex/Pattern$CharProperty'
19:37:23.835 [Test worker] DEBUG com.tngtech.archunit.core.importer.JavaClassProcessor - Processing class 'java/util/regex/Pattern$BmpCharPredicate'
19:37:23.835 [Test worker] DEBUG com.tngtech.archunit.core.importer.JavaClassProcessor - Processing class 'java/util/regex/Pattern$Ques'
19:37:23.835 [Test worker] DEBUG com.tngtech.archunit.core.importer.JavaClassProcessor - Processing class 'java/util/regex/Pattern$Curly'
19:37:23.835 [Test worker] DEBUG com.tngtech.archunit.core.importer.JavaClassProcessor - Processing class 'java/util/regex/Pattern$Qtype'
19:37:23.835 [Test worker] DEBUG com.tngtech.archunit.core.importer.JavaClassProcessor - Processing class 'java/util/regex/Pattern$BmpCharProperty'
19:37:23.836 [Test worker] DEBUG com.tngtech.archunit.core.importer.JavaClassProcessor - Processing class 'java/util/regex/Pattern$TreeInfo'
19:37:23.836 [Test worker] DEBUG com.tngtech.archunit.core.importer.JavaClassProcessor - Processing class 'java/util/function/ToIntFunction'
19:37:23.836 [Test worker] DEBUG com.tngtech.archunit.core.importer.JavaClassProcessor - Processing class 'java/util/function/ToLongFunction'
19:37:23.836 [Test worker] DEBUG com.tngtech.archunit.core.importer.JavaClassProcessor - Processing class 'java/util/function/ToDoubleFunction'
19:37:23.836 [Test worker] DEBUG com.tngtech.archunit.core.importer.JavaClassProcessor - Processing class 'java/util/stream/Collectors$1PairBox'
19:37:23.836 [Test worker] DEBUG com.tngtech.archunit.core.importer.JavaClassProcessor - Processing class 'java/util/HashMap'
19:37:23.837 [Test worker] DEBUG com.tngtech.archunit.core.importer.JavaClassProcessor - Processing class 'java/util/stream/Collectors$Partition'
19:37:23.837 [Test worker] DEBUG com.tngtech.archunit.core.importer.JavaClassProcessor - Processing class 'java/util/stream/Collectors$1OptionalBox'
19:37:23.837 [Test worker] DEBUG com.tngtech.archunit.core.importer.JavaClassProcessor - Processing class 'java/util/StringJoiner'
19:37:23.837 [Test worker] DEBUG com.tngtech.archunit.core.importer.JavaClassProcessor - Processing class 'java/util/HashSet'
19:37:23.837 [Test worker] DEBUG com.tngtech.archunit.core.importer.JavaClassProcessor - Processing class 'java/util/function/DoublePredicate'
19:37:23.837 [Test worker] DEBUG com.tngtech.archunit.core.importer.JavaClassProcessor - Processing class 'java/util/function/DoubleUnaryOperator'
19:37:23.837 [Test worker] DEBUG com.tngtech.archunit.core.importer.JavaClassProcessor - Processing class 'java/util/function/DoubleFunction'
19:37:23.837 [Test worker] DEBUG com.tngtech.archunit.core.importer.JavaClassProcessor - Processing class 'java/util/function/DoubleToIntFunction'
19:37:23.837 [Test worker] DEBUG com.tngtech.archunit.core.importer.JavaClassProcessor - Processing class 'java/util/function/DoubleToLongFunction'
19:37:23.837 [Test worker] DEBUG com.tngtech.archunit.core.importer.JavaClassProcessor - Processing class 'java/util/stream/DoubleStream$DoubleMapMultiConsumer'
19:37:23.837 [Test worker] DEBUG com.tngtech.archunit.core.importer.JavaClassProcessor - Processing class 'java/util/OptionalDouble'
19:37:23.837 [Test worker] DEBUG com.tngtech.archunit.core.importer.JavaClassProcessor - Processing class 'java/util/function/ObjDoubleConsumer'
19:37:23.837 [Test worker] DEBUG com.tngtech.archunit.core.importer.JavaClassProcessor - Processing class 'java/util/PrimitiveIterator$OfDouble'
19:37:23.837 [Test worker] DEBUG com.tngtech.archunit.core.importer.JavaClassProcessor - Processing class 'java/util/stream/DoubleStream$Builder'
19:37:23.837 [Test worker] DEBUG com.tngtech.archunit.core.importer.JavaClassProcessor - Processing class 'java/util/function/DoubleSupplier'
19:37:23.837 [Test worker] DEBUG com.tngtech.archunit.core.importer.JavaClassProcessor - Processing class 'java/util/function/IntPredicate'
19:37:23.837 [Test worker] DEBUG com.tngtech.archunit.core.importer.JavaClassProcessor - Processing class 'java/util/stream/IntStream$IntMapMultiConsumer'
19:37:23.837 [Test worker] DEBUG com.tngtech.archunit.core.importer.JavaClassProcessor - Processing class 'java/util/OptionalInt'
19:37:23.837 [Test worker] DEBUG com.tngtech.archunit.core.importer.JavaClassProcessor - Processing class 'java/util/function/ObjIntConsumer'
19:37:23.837 [Test worker] DEBUG com.tngtech.archunit.core.importer.JavaClassProcessor - Processing class 'java/util/PrimitiveIterator$OfInt'
19:37:23.838 [Test worker] DEBUG com.tngtech.archunit.core.importer.JavaClassProcessor - Processing class 'java/util/stream/IntStream$Builder'
19:37:23.838 [Test worker] DEBUG com.tngtech.archunit.core.importer.JavaClassProcessor - Processing class 'java/util/function/IntSupplier'
19:37:23.838 [Test worker] DEBUG com.tngtech.archunit.core.importer.JavaClassProcessor - Processing class 'java/util/function/LongPredicate'
19:37:23.838 [Test worker] DEBUG com.tngtech.archunit.core.importer.JavaClassProcessor - Processing class 'java/util/function/LongUnaryOperator'
19:37:23.838 [Test worker] DEBUG com.tngtech.archunit.core.importer.JavaClassProcessor - Processing class 'java/util/function/LongFunction'
19:37:23.838 [Test worker] DEBUG com.tngtech.archunit.core.importer.JavaClassProcessor - Processing class 'java/util/function/LongToIntFunction'
19:37:23.838 [Test worker] DEBUG com.tngtech.archunit.core.importer.JavaClassProcessor - Processing class 'java/util/function/LongToDoubleFunction'
19:37:23.838 [Test worker] DEBUG com.tngtech.archunit.core.importer.JavaClassProcessor - Processing class 'java/util/stream/LongStream$LongMapMultiConsumer'
19:37:23.838 [Test worker] DEBUG com.tngtech.archunit.core.importer.JavaClassProcessor - Processing class 'java/util/OptionalLong'
19:37:23.838 [Test worker] DEBUG com.tngtech.archunit.core.importer.JavaClassProcessor - Processing class 'java/util/function/ObjLongConsumer'
19:37:23.838 [Test worker] DEBUG com.tngtech.archunit.core.importer.JavaClassProcessor - Processing class 'java/util/PrimitiveIterator$OfLong'
19:37:23.838 [Test worker] DEBUG com.tngtech.archunit.core.importer.JavaClassProcessor - Processing class 'java/util/stream/LongStream$Builder'
19:37:23.838 [Test worker] DEBUG com.tngtech.archunit.core.importer.JavaClassProcessor - Processing class 'java/util/function/LongSupplier'
19:37:23.838 [Test worker] DEBUG com.tngtech.archunit.core.importer.JavaClassProcessor - Processing class 'java/util/stream/Stream$Builder'
19:37:23.838 [Test worker] DEBUG com.tngtech.archunit.core.importer.JavaClassProcessor - Processing class 'org/slf4j/spi/LoggingEventBuilder'
19:37:23.838 [Test worker] DEBUG com.tngtech.archunit.core.importer.JavaClassProcessor - Processing class 'org/slf4j/event/Level'
19:37:23.839 [Test worker] DEBUG com.tngtech.archunit.core.importer.JavaClassProcessor - Processing class 'org/slf4j/Marker'
19:37:23.839 [Test worker] DEBUG com.tngtech.archunit.core.importer.JavaClassProcessor - Processing class 'org/slf4j/helpers/SubstituteServiceProvider'
19:37:23.839 [Test worker] DEBUG com.tngtech.archunit.core.importer.JavaClassProcessor - Processing class 'org/slf4j/helpers/NOP_FallbackServiceProvider'
19:37:23.839 [Test worker] DEBUG com.tngtech.archunit.core.importer.JavaClassProcessor - Processing class 'java/util/ServiceLoader'
19:37:23.839 [Test worker] DEBUG com.tngtech.archunit.core.importer.JavaClassProcessor - Processing class 'java/lang/ClassLoader'
19:37:23.840 [Test worker] DEBUG com.tngtech.archunit.core.importer.JavaClassProcessor - Processing class 'org/slf4j/event/SubstituteLoggingEvent'
19:37:23.840 [Test worker] DEBUG com.tngtech.archunit.core.importer.JavaClassProcessor - Processing class 'org/slf4j/ILoggerFactory'
19:37:23.840 [Test worker] DEBUG com.tngtech.archunit.core.importer.JavaClassProcessor - Processing class 'org/slf4j/IMarkerFactory'
19:37:23.840 [Test worker] DEBUG com.tngtech.archunit.core.importer.JavaClassProcessor - Processing class 'org/slf4j/spi/MDCAdapter'
19:37:23.840 [Test worker] DEBUG com.tngtech.archunit.core.importer.JavaClassProcessor - Processing class 'org/springframework/aot/hint/ReflectionHints'
19:37:23.840 [Test worker] DEBUG com.tngtech.archunit.core.importer.JavaClassProcessor - Processing class 'java/lang/reflect/AnnotatedElement'
19:37:23.841 [Test worker] DEBUG com.tngtech.archunit.core.importer.JavaClassProcessor - Processing class 'java/lang/reflect/Constructor'
19:37:23.841 [Test worker] DEBUG com.tngtech.archunit.core.importer.JavaClassProcessor - Processing class 'java/lang/reflect/Field'
19:37:23.841 [Test worker] DEBUG com.tngtech.archunit.core.importer.JavaClassProcessor - Processing class 'java/lang/reflect/Method'
19:37:23.841 [Test worker] DEBUG com.tngtech.archunit.core.importer.JavaClassProcessor - Processing class 'org/springframework/http/HttpStatus$Series'
19:37:23.842 [Test worker] DEBUG com.tngtech.archunit.core.importer.JavaClassProcessor - Processing class 'org/springframework/jdbc/core/ConnectionCallback'
19:37:23.842 [Test worker] DEBUG com.tngtech.archunit.core.importer.JavaClassProcessor - Processing class 'org/springframework/dao/DataAccessException'
19:37:23.842 [Test worker] DEBUG com.tngtech.archunit.core.importer.JavaClassProcessor - Processing class 'org/springframework/jdbc/core/StatementCallback'
19:37:23.842 [Test worker] DEBUG com.tngtech.archunit.core.importer.JavaClassProcessor - Processing class 'org/springframework/jdbc/core/ResultSetExtractor'
19:37:23.842 [Test worker] DEBUG com.tngtech.archunit.core.importer.JavaClassProcessor - Processing class 'org/springframework/jdbc/core/RowCallbackHandler'
19:37:23.842 [Test worker] DEBUG com.tngtech.archunit.core.importer.JavaClassProcessor - Processing class 'org/springframework/jdbc/core/RowMapper'
19:37:23.842 [Test worker] DEBUG com.tngtech.archunit.core.importer.JavaClassProcessor - Processing class 'org/springframework/jdbc/support/rowset/SqlRowSet'
19:37:23.842 [Test worker] DEBUG com.tngtech.archunit.core.importer.JavaClassProcessor - Processing class 'org/springframework/jdbc/core/PreparedStatementCreator'
19:37:23.843 [Test worker] DEBUG com.tngtech.archunit.core.importer.JavaClassProcessor - Processing class 'org/springframework/jdbc/core/PreparedStatementCallback'
19:37:23.843 [Test worker] DEBUG com.tngtech.archunit.core.importer.JavaClassProcessor - Processing class 'org/springframework/jdbc/core/PreparedStatementSetter'
19:37:23.843 [Test worker] DEBUG com.tngtech.archunit.core.importer.JavaClassProcessor - Processing class 'org/springframework/jdbc/support/KeyHolder'
19:37:23.843 [Test worker] DEBUG com.tngtech.archunit.core.importer.JavaClassProcessor - Processing class 'org/springframework/jdbc/core/BatchPreparedStatementSetter'
19:37:23.844 [Test worker] DEBUG com.tngtech.archunit.core.importer.JavaClassProcessor - Processing class 'org/springframework/jdbc/core/ParameterizedPreparedStatementSetter'
19:37:23.844 [Test worker] DEBUG com.tngtech.archunit.core.importer.JavaClassProcessor - Processing class 'org/springframework/jdbc/core/CallableStatementCreator'
19:37:23.844 [Test worker] DEBUG com.tngtech.archunit.core.importer.JavaClassProcessor - Processing class 'org/springframework/jdbc/core/CallableStatementCallback'
19:37:23.844 [Test worker] DEBUG com.tngtech.archunit.core.importer.JavaClassProcessor - Processing class 'java/sql/Connection'
19:37:23.844 [Test worker] DEBUG com.tngtech.archunit.core.importer.JavaClassProcessor - Processing class 'org/springframework/jdbc/datasource/ConnectionProxy'
19:37:23.844 [Test worker] DEBUG com.tngtech.archunit.core.importer.JavaClassProcessor - Processing class 'org/springframework/jdbc/core/ParameterDisposer'
19:37:23.845 [Test worker] DEBUG com.tngtech.archunit.core.importer.JavaClassProcessor - Processing class 'org/springframework/jdbc/core/SqlReturnResultSet'
19:37:23.845 [Test worker] DEBUG com.tngtech.archunit.core.importer.JavaClassProcessor - Processing class 'java/sql/CallableStatement'
19:37:23.845 [Test worker] DEBUG com.tngtech.archunit.core.importer.JavaClassProcessor - Processing class 'java/sql/SQLException'
19:37:23.845 [Test worker] DEBUG com.tngtech.archunit.core.importer.JavaClassProcessor - Processing class 'org/springframework/jdbc/core/SqlOutParameter'
19:37:23.845 [Test worker] DEBUG com.tngtech.archunit.core.importer.JavaClassProcessor - Processing class 'java/sql/ResultSet'
19:37:23.845 [Test worker] DEBUG com.tngtech.archunit.core.importer.JavaClassProcessor - Processing class 'org/springframework/jdbc/core/ResultSetSupportingSqlParameter'
19:37:23.845 [Test worker] DEBUG com.tngtech.archunit.core.importer.JavaClassProcessor - Processing class 'java/sql/Statement'
19:37:23.846 [Test worker] DEBUG com.tngtech.archunit.core.importer.JavaClassProcessor - Processing class 'java/sql/SQLWarning'
19:37:23.846 [Test worker] DEBUG com.tngtech.archunit.core.importer.JavaClassProcessor - Processing class 'org/springframework/jdbc/SQLWarningException'
19:37:23.846 [Test worker] DEBUG com.tngtech.archunit.core.importer.JavaClassProcessor - Processing class 'org/springframework/jdbc/core/SqlProvider'
19:37:23.846 [Test worker] DEBUG com.tngtech.archunit.core.importer.JavaClassProcessor - Processing class 'java/sql/PreparedStatement'
19:37:23.846 [Test worker] DEBUG com.tngtech.archunit.core.importer.JavaClassProcessor - Processing class 'org/springframework/jdbc/core/InterruptibleBatchPreparedStatementSetter'
19:37:23.846 [Test worker] DEBUG com.tngtech.archunit.core.importer.JavaClassProcessor - Processing class 'org/apache/commons/logging/Log'
19:37:23.846 [Test worker] DEBUG com.tngtech.archunit.core.importer.JavaClassProcessor - Processing class 'javax/sql/DataSource'
19:37:23.846 [Test worker] DEBUG com.tngtech.archunit.core.importer.JavaClassProcessor - Processing class 'org/springframework/jdbc/support/SQLExceptionTranslator'
19:37:23.847 [Test worker] DEBUG com.tngtech.archunit.core.importer.JavaClassProcessor - Processing class 'org/springframework/aot/hint/BindingReflectionHintsRegistrar'
19:37:23.847 [Test worker] DEBUG com.tngtech.archunit.core.importer.JavaClassProcessor - Processing class 'org/springframework/core/MethodParameter'
19:37:23.848 [Test worker] DEBUG com.tngtech.archunit.core.importer.JavaClassProcessor - Processing class 'org/springframework/web/bind/annotation/RequestPart'
19:37:23.848 [Test worker] DEBUG com.tngtech.archunit.core.importer.JavaClassProcessor - Processing class 'org/springframework/http/HttpEntity'
19:37:23.848 [Test worker] DEBUG com.tngtech.archunit.core.importer.JavaClassProcessor - Processing class 'org/springframework/web/bind/annotation/ModelAttribute'
19:37:23.848 [Test worker] DEBUG com.tngtech.archunit.core.importer.JavaClassProcessor - Processing class 'java/lang/reflect/Type'
19:37:23.848 [Test worker] DEBUG com.tngtech.archunit.core.importer.JavaClassProcessor - Processing class 'org/springframework/http/HttpMethod'
19:37:23.849 [Test worker] DEBUG com.tngtech.archunit.core.importer.JavaClassProcessor - Processing class 'sun/util/locale/LocaleSyntaxException'
19:37:23.849 [Test worker] DEBUG com.tngtech.archunit.core.importer.JavaClassProcessor - Processing class 'sun/util/locale/LanguageTag'
19:37:23.849 [Test worker] DEBUG com.tngtech.archunit.core.importer.JavaClassProcessor - Processing class 'sun/util/locale/UnicodeLocaleExtension'
19:37:23.924 [Test worker] DEBUG com.tngtech.archunit.core.importer.UrlSource$From - Found URLs on sun.boot.class.path: []
19:37:23.928 [Test worker] DEBUG com.tngtech.archunit.core.importer.UrlSource$From - Found URLs on java.class.path: [jar:file:/C:/Users/ADMIN/.gradle/caches/7.4.2/workerMain/gradle-worker.jar!/, file:/D:/CODE/microservice/ddd-eshopee-EXPT-modulith/shopee-microservices/application/build/classes/java/test/, file:/D:/CODE/microservice/ddd-eshopee-EXPT-modulith/shopee-microservices/application/build/resources/test/, file:/D:/CODE/microservice/ddd-eshopee-EXPT-modulith/shopee-microservices/application/build/classes/java/main/, file:/D:/CODE/microservice/ddd-eshopee-EXPT-modulith/shopee-microservices/application/build/resources/main/, jar:file:/D:/CODE/microservice/ddd-eshopee-EXPT-modulith/shopee-microservices/sales/catalog/spring-boot-starter/build/libs/catalog-spring-boot-starter-2.0-SNAPSHOT.jar!/, jar:file:/D:/CODE/microservice/ddd-eshopee-EXPT-modulith/shopee-microservices/sales/cart/spring-boot-starter/build/libs/cart-spring-boot-starter-2.0-SNAPSHOT.jar!/, jar:file:/D:/CODE/microservice/ddd-eshopee-EXPT-modulith/shopee-microservices/sales/order/spring-boot-starter/build/libs/order-spring-boot-starter-2.0-SNAPSHOT.jar!/, jar:file:/D:/CODE/microservice/ddd-eshopee-EXPT-modulith/shopee-microservices/warehouse/spring-boot-starter/build/libs/warehouse-spring-boot-starter-2.0-SNAPSHOT.jar!/, jar:file:/D:/CODE/microservice/ddd-eshopee-EXPT-modulith/shopee-microservices/billing/payment/spring-boot-starter/build/libs/payment-spring-boot-starter-2.0-SNAPSHOT.jar!/, jar:file:/D:/CODE/microservice/ddd-eshopee-EXPT-modulith/shopee-microservices/shipping/delivery/spring-boot-starter/build/libs/delivery-spring-boot-starter-2.0-SNAPSHOT.jar!/, jar:file:/D:/CODE/microservice/ddd-eshopee-EXPT-modulith/shopee-microservices/shipping/dispatching/spring-boot-starter/build/libs/dispatching-spring-boot-starter-2.0-SNAPSHOT.jar!/, jar:file:/D:/CODE/microservice/ddd-eshopee-EXPT-modulith/shopee-microservices/portal/spring-boot-starter/build/libs/portal-spring-boot-starter-2.0-SNAPSHOT.jar!/, jar:file:/D:/CODE/microservice/ddd-eshopee-EXPT-modulith/shopee-microservices/common/application-integration-spring-boot-starter/build/libs/application-integration-spring-boot-starter-2.0-SNAPSHOT.jar!/, jar:file:/C:/Users/ADMIN/.gradle/caches/modules-2/files-2.1/org.springframework.boot/spring-boot-starter-data-redis/3.0.4/e122886d50ec624e51fbaac4bb0d5d17cf7b9764/spring-boot-starter-data-redis-3.0.4.jar!/, jar:file:/C:/Users/ADMIN/.gradle/caches/modules-2/files-2.1/org.springframework.boot/spring-boot-starter-jdbc/3.0.4/e64f229f772dc2952e1978a1f10d7f3a462e105d/spring-boot-starter-jdbc-3.0.4.jar!/, jar:file:/C:/Users/ADMIN/.gradle/caches/modules-2/files-2.1/org.springframework.boot/spring-boot-starter-web/3.0.4/6a7405b436c6943f056cdbab587fe48bdc2b4911/spring-boot-starter-web-3.0.4.jar!/, jar:file:/C:/Users/ADMIN/.gradle/caches/modules-2/files-2.1/org.springframework.boot/spring-boot-starter-test/3.0.4/eb934f1df3e6292d7b5800cfbbc237de90d174de/spring-boot-starter-test-3.0.4.jar!/, jar:file:/C:/Users/ADMIN/.gradle/caches/modules-2/files-2.1/org.springframework.boot/spring-boot-starter-thymeleaf/3.0.4/ea681f9f477da793eb9024a23686db9a59b50bc6/spring-boot-starter-thymeleaf-3.0.4.jar!/, jar:file:/C:/Users/ADMIN/.gradle/caches/modules-2/files-2.1/org.springframework.boot/spring-boot-starter-amqp/3.0.4/804a88a39dc6dce9678eef6f621bd9877f50a7ab/spring-boot-starter-amqp-3.0.4.jar!/, jar:file:/C:/Users/ADMIN/.gradle/caches/modules-2/files-2.1/org.springframework.boot/spring-boot-starter-json/3.0.4/5ddf427d011646fe787fdaa1b8edc4a4eebd48d5/spring-boot-starter-json-3.0.4.jar!/, jar:file:/C:/Users/ADMIN/.gradle/caches/modules-2/files-2.1/org.springframework.boot/spring-boot-starter/3.0.4/8f957a8bc9d70c0ca922406c6e23cb3db5d48109/spring-boot-starter-3.0.4.jar!/, jar:file:/C:/Users/ADMIN/.gradle/caches/modules-2/files-2.1/com.h2database/h2/2.1.214/d5c2005c9e3279201e12d4776c948578b16bf8b2/h2-2.1.214.jar!/, jar:file:/C:/Users/ADMIN/.gradle/caches/modules-2/files-2.1/org.postgresql/postgresql/42.5.4/15015a54f15e340a9a8a6a2c5457429cb1176b8/postgresql-42.5.4.jar!/, jar:file:/C:/Users/ADMIN/.gradle/caches/modules-2/files-2.1/io.rest-assured/rest-assured/5.2.1/131aedaf6ffbb783dbf7b21efe57a849ded8b321/rest-assured-5.2.1.jar!/, jar:file:/C:/Users/ADMIN/.gradle/caches/modules-2/files-2.1/com.tngtech.archunit/archunit/0.23.1/7f93a254a0b88b9209e34db523ed5c2cee2ab25f/archunit-0.23.1.jar!/, jar:file:/D:/CODE/microservice/ddd-eshopee-EXPT-modulith/shopee-microservices/sales/catalog/jdbc/build/libs/catalog-jdbc-2.0-SNAPSHOT.jar!/, jar:file:/D:/CODE/microservice/ddd-eshopee-EXPT-modulith/shopee-microservices/sales/catalog/rest/build/libs/catalog-rest-2.0-SNAPSHOT.jar!/, jar:file:/D:/CODE/microservice/ddd-eshopee-EXPT-modulith/shopee-microservices/sales/catalog/webcomp/build/libs/catalog-webcomp-2.0-SNAPSHOT.jar!/, jar:file:/D:/CODE/microservice/ddd-eshopee-EXPT-modulith/shopee-microservices/sales/cart/jdbc/build/libs/cart-jdbc-2.0-SNAPSHOT.jar!/, jar:file:/D:/CODE/microservice/ddd-eshopee-EXPT-modulith/shopee-microservices/sales/cart/rest/build/libs/cart-rest-2.0-SNAPSHOT.jar!/, jar:file:/D:/CODE/microservice/ddd-eshopee-EXPT-modulith/shopee-microservices/sales/cart/webcomp/build/libs/cart-webcomp-2.0-SNAPSHOT.jar!/, jar:file:/D:/CODE/microservice/ddd-eshopee-EXPT-modulith/shopee-microservices/sales/order/jdbc/build/libs/order-jdbc-2.0-SNAPSHOT.jar!/, jar:file:/D:/CODE/microservice/ddd-eshopee-EXPT-modulith/shopee-microservices/sales/order/rest/build/libs/order-rest-2.0-SNAPSHOT.jar!/, jar:file:/D:/CODE/microservice/ddd-eshopee-EXPT-modulith/shopee-microservices/sales/order/webcomp/build/libs/order-webcomp-2.0-SNAPSHOT.jar!/, jar:file:/D:/CODE/microservice/ddd-eshopee-EXPT-modulith/shopee-microservices/warehouse/jdbc/build/libs/warehouse-jdbc-2.0-SNAPSHOT.jar!/, jar:file:/D:/CODE/microservice/ddd-eshopee-EXPT-modulith/shopee-microservices/warehouse/listeners/build/libs/warehouse-listeners-2.0-SNAPSHOT.jar!/, jar:file:/D:/CODE/microservice/ddd-eshopee-EXPT-modulith/shopee-microservices/warehouse/rest/build/libs/warehouse-rest-2.0-SNAPSHOT.jar!/, jar:file:/D:/CODE/microservice/ddd-eshopee-EXPT-modulith/shopee-microservices/billing/payment/jdbc/build/libs/payment-jdbc-2.0-SNAPSHOT.jar!/, jar:file:/D:/CODE/microservice/ddd-eshopee-EXPT-modulith/shopee-microservices/billing/payment/listeners/build/libs/payment-listeners-2.0-SNAPSHOT.jar!/, jar:file:/D:/CODE/microservice/ddd-eshopee-EXPT-modulith/shopee-microservices/billing/payment/rest/build/libs/payment-rest-2.0-SNAPSHOT.jar!/, jar:file:/D:/CODE/microservice/ddd-eshopee-EXPT-modulith/shopee-microservices/shipping/delivery/jdbc/build/libs/delivery-jdbc-2.0-SNAPSHOT.jar!/, jar:file:/D:/CODE/microservice/ddd-eshopee-EXPT-modulith/shopee-microservices/shipping/delivery/listeners/build/libs/delivery-listeners-2.0-SNAPSHOT.jar!/, jar:file:/D:/CODE/microservice/ddd-eshopee-EXPT-modulith/shopee-microservices/shipping/delivery/rest/build/libs/delivery-rest-2.0-SNAPSHOT.jar!/, jar:file:/D:/CODE/microservice/ddd-eshopee-EXPT-modulith/shopee-microservices/shipping/delivery/webcomp/build/libs/delivery-webcomp-2.0-SNAPSHOT.jar!/, jar:file:/D:/CODE/microservice/ddd-eshopee-EXPT-modulith/shopee-microservices/shipping/dispatching/jdbc/build/libs/dispatching-jdbc-2.0-SNAPSHOT.jar!/, jar:file:/D:/CODE/microservice/ddd-eshopee-EXPT-modulith/shopee-microservices/shipping/dispatching/listeners/build/libs/dispatching-listeners-2.0-SNAPSHOT.jar!/, jar:file:/D:/CODE/microservice/ddd-eshopee-EXPT-modulith/shopee-microservices/portal/web/build/libs/portal-web-2.0-SNAPSHOT.jar!/, jar:file:/D:/CODE/microservice/ddd-eshopee-EXPT-modulith/shopee-microservices/sales/order/domain/build/libs/order-domain-2.0-SNAPSHOT.jar!/, jar:file:/D:/CODE/microservice/ddd-eshopee-EXPT-modulith/shopee-microservices/sales/order/events/build/libs/order-events-2.0-SNAPSHOT.jar!/, jar:file:/D:/CODE/microservice/ddd-eshopee-EXPT-modulith/shopee-microservices/shipping/dispatching/events/build/libs/dispatching-events-2.0-SNAPSHOT.jar!/, jar:file:/D:/CODE/microservice/ddd-eshopee-EXPT-modulith/shopee-microservices/shipping/delivery/domain/build/libs/delivery-domain-2.0-SNAPSHOT.jar!/, jar:file:/D:/CODE/microservice/ddd-eshopee-EXPT-modulith/shopee-microservices/shipping/delivery/events/build/libs/delivery-events-2.0-SNAPSHOT.jar!/, jar:file:/D:/CODE/microservice/ddd-eshopee-EXPT-modulith/shopee-microservices/billing/payment/domain/build/libs/payment-domain-2.0-SNAPSHOT.jar!/, jar:file:/D:/CODE/microservice/ddd-eshopee-EXPT-modulith/shopee-microservices/billing/payment/events/build/libs/payment-events-2.0-SNAPSHOT.jar!/, jar:file:/D:/CODE/microservice/ddd-eshopee-EXPT-modulith/shopee-microservices/warehouse/domain/build/libs/warehouse-domain-2.0-SNAPSHOT.jar!/, jar:file:/D:/CODE/microservice/ddd-eshopee-EXPT-modulith/shopee-microservices/warehouse/events/build/libs/warehouse-events-2.0-SNAPSHOT.jar!/, jar:file:/D:/CODE/microservice/ddd-eshopee-EXPT-modulith/shopee-microservices/common/events/build/libs/events-2.0-SNAPSHOT.jar!/, jar:file:/C:/Users/ADMIN/.gradle/caches/modules-2/files-2.1/com.fasterxml.jackson.datatype/jackson-datatype-jdk8/2.14.2/2f3c71211b6ea7a978eba33574d7135d536e07fb/jackson-datatype-jdk8-2.14.2.jar!/, jar:file:/C:/Users/ADMIN/.gradle/caches/modules-2/files-2.1/com.fasterxml.jackson.module/jackson-module-parameter-names/2.14.2/2b6c19b3d99dda02915515df879ab9e23fed3864/jackson-module-parameter-names-2.14.2.jar!/, jar:file:/C:/Users/ADMIN/.gradle/caches/modules-2/files-2.1/com.fasterxml.jackson.core/jackson-databind/2.14.2/1e71fddbc80bb86f71a6345ac1e8ab8a00e7134/jackson-databind-2.14.2.jar!/, jar:file:/C:/Users/ADMIN/.gradle/caches/modules-2/files-2.1/com.fasterxml.jackson.core/jackson-annotations/2.14.2/a7aae9525864930723e3453ab799521fdfd9d873/jackson-annotations-2.14.2.jar!/, jar:file:/C:/Users/ADMIN/.gradle/caches/modules-2/files-2.1/com.fasterxml.jackson.core/jackson-core/2.14.2/f804090e6399ce0cf78242db086017512dd71fcc/jackson-core-2.14.2.jar!/, jar:file:/C:/Users/ADMIN/.gradle/caches/modules-2/files-2.1/com.fasterxml.jackson.datatype/jackson-datatype-jsr310/2.14.2/796518148a385b2728d44886cc0f8852eb8eeb53/jackson-datatype-jsr310-2.14.2.jar!/, jar:file:/C:/Users/ADMIN/.gradle/caches/modules-2/files-2.1/org.springframework.boot/spring-boot-test-autoconfigure/3.0.4/3d28e21dc5cea68949d1f0b6a4051e7deeacf6cc/spring-boot-test-autoconfigure-3.0.4.jar!/, jar:file:/C:/Users/ADMIN/.gradle/caches/modules-2/files-2.1/org.springframework.boot/spring-boot-autoconfigure/3.0.4/7eb11bff0f965807f1088da20bc169bff27d284/spring-boot-autoconfigure-3.0.4.jar!/, jar:file:/C:/Users/ADMIN/.gradle/caches/modules-2/files-2.1/org.springframework.boot/spring-boot-test/3.0.4/4c1c72ff838b4f1191321aa01d1e98d68f882280/spring-boot-test-3.0.4.jar!/, jar:file:/C:/Users/ADMIN/.gradle/caches/modules-2/files-2.1/org.springframework.boot/spring-boot/3.0.4/27e5fceb2faf8ec399df70a2ff4e626a3423ae35/spring-boot-3.0.4.jar!/, jar:file:/C:/Users/ADMIN/.gradle/caches/modules-2/files-2.1/org.springframework.boot/spring-boot-starter-logging/3.0.4/31b32774c6ec2eceb3f75bdef7ddd8afd7059255/spring-boot-starter-logging-3.0.4.jar!/, jar:file:/C:/Users/ADMIN/.gradle/caches/modules-2/files-2.1/org.springframework.boot/spring-boot-starter-tomcat/3.0.4/40babd5ca3db46adf7c59b70ca2e6f2a528b558c/spring-boot-starter-tomcat-3.0.4.jar!/, jar:file:/C:/Users/ADMIN/.gradle/caches/modules-2/files-2.1/jakarta.annotation/jakarta.annotation-api/2.1.1/48b9bda22b091b1f48b13af03fe36db3be6e1ae3/jakarta.annotation-api-2.1.1.jar!/, jar:file:/C:/Users/ADMIN/.gradle/caches/modules-2/files-2.1/org.springframework/spring-jdbc/6.0.6/151e730f45832d42c6535b0bc6d7cebeabcaf844/spring-jdbc-6.0.6.jar!/, jar:file:/C:/Users/ADMIN/.gradle/caches/modules-2/files-2.1/org.springframework/spring-webmvc/6.0.6/302580efc981ad6797a85814ea0996e2149bb420/spring-webmvc-6.0.6.jar!/, jar:file:/C:/Users/ADMIN/.gradle/caches/modules-2/files-2.1/org.springframework/spring-web/6.0.6/2916961032e54aaeb534a290530b7b69e297bfcc/spring-web-6.0.6.jar!/, jar:file:/C:/Users/ADMIN/.gradle/caches/modules-2/files-2.1/org.springframework/spring-test/6.0.6/e94217b5c8cdf8f954d10251449fc98bdd8fc756/spring-test-6.0.6.jar!/, jar:file:/C:/Users/ADMIN/.gradle/caches/modules-2/files-2.1/org.springframework.data/spring-data-redis/3.0.3/6e8f59ca594ea86b56eacba74ae343d188771905/spring-data-redis-3.0.3.jar!/, jar:file:/C:/Users/ADMIN/.gradle/caches/modules-2/files-2.1/org.springframework.amqp/spring-rabbit/3.0.2/910f6a931b70f874ab03ba3dc0df2c6e05de12b8/spring-rabbit-3.0.2.jar!/, jar:file:/C:/Users/ADMIN/.gradle/caches/modules-2/files-2.1/org.springframework.data/spring-data-keyvalue/3.0.3/20ebdf1c5fb12aa0b5be9e67791e6c457f6e8968/spring-data-keyvalue-3.0.3.jar!/, jar:file:/C:/Users/ADMIN/.gradle/caches/modules-2/files-2.1/org.springframework/spring-tx/6.0.6/e86b3073d9640e17e5581a6aebb0d2794c407c46/spring-tx-6.0.6.jar!/, jar:file:/C:/Users/ADMIN/.gradle/caches/modules-2/files-2.1/org.springframework/spring-context-support/6.0.6/363228b8abc8b7ff569b10195f28652c7b65a41/spring-context-support-6.0.6.jar!/, jar:file:/C:/Users/ADMIN/.gradle/caches/modules-2/files-2.1/org.springframework/spring-context/6.0.6/fbd2b7c23adb2ec2f7ca601b3e7d79ae10e342a/spring-context-6.0.6.jar!/, jar:file:/C:/Users/ADMIN/.gradle/caches/modules-2/files-2.1/org.springframework/spring-messaging/6.0.6/42392bdb43a691e7c7bf4da296fef598a3127f37/spring-messaging-6.0.6.jar!/, jar:file:/C:/Users/ADMIN/.gradle/caches/modules-2/files-2.1/org.springframework/spring-oxm/6.0.6/e0bab7269ffaec4df3a9f221b4810b392c5ac492/spring-oxm-6.0.6.jar!/, jar:file:/C:/Users/ADMIN/.gradle/caches/modules-2/files-2.1/org.springframework/spring-aop/6.0.6/c95dc800fdce470519b7135272e64d4606fc8428/spring-aop-6.0.6.jar!/, jar:file:/C:/Users/ADMIN/.gradle/caches/modules-2/files-2.1/org.springframework.data/spring-data-commons/3.0.3/4492e9d25d7e8714f5ebfdd9e607dd7e0998038e/spring-data-commons-3.0.3.jar!/, jar:file:/C:/Users/ADMIN/.gradle/caches/modules-2/files-2.1/org.springframework/spring-beans/6.0.6/48ea4ba141146b3acaad0c7df80d2a06afeb95fd/spring-beans-6.0.6.jar!/, jar:file:/C:/Users/ADMIN/.gradle/caches/modules-2/files-2.1/org.springframework/spring-expression/6.0.6/2006ee0e1be8380f05c29deb52a97d3a1e6812d7/spring-expression-6.0.6.jar!/, jar:file:/C:/Users/ADMIN/.gradle/caches/modules-2/files-2.1/org.springframework.amqp/spring-amqp/3.0.2/698cf3a55e202356034288ed0bdccc2f8579b7e2/spring-amqp-3.0.2.jar!/, jar:file:/C:/Users/ADMIN/.gradle/caches/modules-2/files-2.1/org.springframework/spring-core/6.0.6/8a2845e0945923a9ebf3e9ef0649a28b6eeeac43/spring-core-6.0.6.jar!/, jar:file:/C:/Users/ADMIN/.gradle/caches/modules-2/files-2.1/org.yaml/snakeyaml/1.33/2cd0a87ff7df953f810c344bdf2fe3340b954c69/snakeyaml-1.33.jar!/, jar:file:/C:/Users/ADMIN/.gradle/caches/modules-2/files-2.1/io.lettuce/lettuce-core/6.2.3.RELEASE/3d671a51095ef90b817a690ef1b569b24b309665/lettuce-core-6.2.3.RELEASE.jar!/, jar:file:/C:/Users/ADMIN/.gradle/caches/modules-2/files-2.1/com.zaxxer/HikariCP/5.0.1/a74c7f0a37046846e88d54f7cb6ea6d565c65f9c/HikariCP-5.0.1.jar!/, jar:file:/C:/Users/ADMIN/.gradle/caches/modules-2/files-2.1/org.checkerframework/checker-qual/3.5.0/2f50520c8abea66fbd8d26e481d3aef5c673b510/checker-qual-3.5.0.jar!/, jar:file:/C:/Users/ADMIN/.gradle/caches/modules-2/files-2.1/com.jayway.jsonpath/json-path/2.7.0/f9d7d9659f2694e61142046ff8a216c047f263e8/json-path-2.7.0.jar!/, jar:file:/C:/Users/ADMIN/.gradle/caches/modules-2/files-2.1/jakarta.xml.bind/jakarta.xml.bind-api/4.0.0/bbb399208d288b15ec101fa4fcfc4bd77cedc97a/jakarta.xml.bind-api-4.0.0.jar!/, jar:file:/C:/Users/ADMIN/.gradle/caches/modules-2/files-2.1/org.assertj/assertj-core/3.23.1/d2bb60570f5b3d7ffa8f8000118c9c07b86eca93/assertj-core-3.23.1.jar!/, jar:file:/C:/Users/ADMIN/.gradle/caches/modules-2/files-2.1/org.hamcrest/hamcrest/2.2/1820c0968dba3a11a1b30669bb1f01978a91dedc/hamcrest-2.2.jar!/, jar:file:/C:/Users/ADMIN/.gradle/caches/modules-2/files-2.1/org.mockito/mockito-junit-jupiter/4.8.1/e393aa62eca2244a535b03842843f2f199343d1f/mockito-junit-jupiter-4.8.1.jar!/, jar:file:/C:/Users/ADMIN/.gradle/caches/modules-2/files-2.1/org.junit.jupiter/junit-jupiter-params/5.9.2/bc2765afb7b85b583c710dd259a11c6b8c39e912/junit-jupiter-params-5.9.2.jar!/, jar:file:/C:/Users/ADMIN/.gradle/caches/modules-2/files-2.1/org.junit.jupiter/junit-jupiter-engine/5.9.2/572f7a553b53f83ee59cc045ce1c3772864ab76c/junit-jupiter-engine-5.9.2.jar!/, jar:file:/C:/Users/ADMIN/.gradle/caches/modules-2/files-2.1/org.junit.jupiter/junit-jupiter-api/5.9.2/fed843581520eac594bc36bb4b0f55e7b947dda9/junit-jupiter-api-5.9.2.jar!/, jar:file:/C:/Users/ADMIN/.gradle/caches/modules-2/files-2.1/org.junit.platform/junit-platform-engine/1.9.2/40aeef2be7b04f96bb91e8b054affc28b7c7c935/junit-platform-engine-1.9.2.jar!/, jar:file:/C:/Users/ADMIN/.gradle/caches/modules-2/files-2.1/org.junit.platform/junit-platform-commons/1.9.2/6f9f8621d8230cd38aa42e58ccbc0c00569131ce/junit-platform-commons-1.9.2.jar!/, jar:file:/C:/Users/ADMIN/.gradle/caches/modules-2/files-2.1/org.junit.jupiter/junit-jupiter/5.9.2/26c586fbe0ebd81b48c9f11f0d998124248697ae/junit-jupiter-5.9.2.jar!/, jar:file:/C:/Users/ADMIN/.gradle/caches/modules-2/files-2.1/org.mockito/mockito-core/4.8.1/d8eb9dec8747d08645347bb8c69088ac83197975/mockito-core-4.8.1.jar!/, jar:file:/C:/Users/ADMIN/.gradle/caches/modules-2/files-2.1/org.skyscreamer/jsonassert/1.5.1/6d842d0faf4cf6725c509a5e5347d319ee0431c3/jsonassert-1.5.1.jar!/, jar:file:/C:/Users/ADMIN/.gradle/caches/modules-2/files-2.1/org.xmlunit/xmlunit-core/2.9.1/e5833662d9a1279a37da3ef6f62a1da29fcd68c4/xmlunit-core-2.9.1.jar!/, jar:file:/C:/Users/ADMIN/.gradle/caches/modules-2/files-2.1/io.rest-assured/xml-path/5.2.1/3918e4080bd677b1b4683bdd82a19be78d5c0ec2/xml-path-5.2.1.jar!/, jar:file:/C:/Users/ADMIN/.gradle/caches/modules-2/files-2.1/io.rest-assured/json-path/5.2.1/f53d9cefcf3e3f4554f390ec17d278c47d4125ad/json-path-5.2.1.jar!/, jar:file:/C:/Users/ADMIN/.gradle/caches/modules-2/files-2.1/org.apache.groovy/groovy-json/4.0.9/122759fca67c3ef87ea7d48a3057af362a360089/groovy-json-4.0.9.jar!/, jar:file:/C:/Users/ADMIN/.gradle/caches/modules-2/files-2.1/org.apache.groovy/groovy-xml/4.0.9/b22d2ae189670d4ccc58bc4ef003d922b85cb0d5/groovy-xml-4.0.9.jar!/, jar:file:/C:/Users/ADMIN/.gradle/caches/modules-2/files-2.1/io.rest-assured/rest-assured-common/5.2.1/f506be4e8fb8c2adbbfdff9720fad420b76e6543/rest-assured-common-5.2.1.jar!/, jar:file:/C:/Users/ADMIN/.gradle/caches/modules-2/files-2.1/org.apache.groovy/groovy/4.0.9/80605ad828d16fd5d6349628b8d77e5761b2b4c4/groovy-4.0.9.jar!/, jar:file:/C:/Users/ADMIN/.gradle/caches/modules-2/files-2.1/org.apache.httpcomponents/httpmime/4.5.14/6662758a1f1cb1149cf916bdac28332e0902ec44/httpmime-4.5.14.jar!/, jar:file:/C:/Users/ADMIN/.gradle/caches/modules-2/files-2.1/org.apache.httpcomponents/httpclient/4.5.14/1194890e6f56ec29177673f2f12d0b8e627dec98/httpclient-4.5.14.jar!/, jar:file:/C:/Users/ADMIN/.gradle/caches/modules-2/files-2.1/org.ccil.cowan.tagsoup/tagsoup/1.2.1/5584627487e984c03456266d3f8802eb85a9ce97/tagsoup-1.2.1.jar!/, jar:file:/C:/Users/ADMIN/.gradle/caches/modules-2/files-2.1/org.thymeleaf/thymeleaf-spring6/3.1.1.RELEASE/deb52ef921a4ac5132fedb7ebfc2bc1dad4382b3/thymeleaf-spring6-3.1.1.RELEASE.jar!/, jar:file:/C:/Users/ADMIN/.gradle/caches/modules-2/files-2.1/ch.qos.logback/logback-classic/1.4.5/28e7dc0b208d6c3f15beefd73976e064b4ecfa9b/logback-classic-1.4.5.jar!/, jar:file:/C:/Users/ADMIN/.gradle/caches/modules-2/files-2.1/org.apache.logging.log4j/log4j-to-slf4j/2.19.0/30f4812e43172ecca5041da2cb6b965cc4777c19/log4j-to-slf4j-2.19.0.jar!/, jar:file:/C:/Users/ADMIN/.gradle/caches/modules-2/files-2.1/org.slf4j/jul-to-slf4j/2.0.6/c4d348977a83a0bfcf42fd6fd1fee6e7904f1a0c/jul-to-slf4j-2.0.6.jar!/, jar:file:/C:/Users/ADMIN/.gradle/caches/modules-2/files-2.1/org.thymeleaf/thymeleaf/3.1.1.RELEASE/374a129dfa5e7d7f1a46eacc4d49e594ca0cf26f/thymeleaf-3.1.1.RELEASE.jar!/, jar:file:/C:/Users/ADMIN/.gradle/caches/modules-2/files-2.1/com.rabbitmq/amqp-client/5.16.0/c70c66a8e5a92e41adf618efa7d8025db29cdf3/amqp-client-5.16.0.jar!/, jar:file:/C:/Users/ADMIN/.gradle/caches/modules-2/files-2.1/org.slf4j/slf4j-api/2.0.6/88c40d8b4f33326f19a7d3c0aaf2c7e8721d4953/slf4j-api-2.0.6.jar!/, jar:file:/D:/CODE/microservice/ddd-eshopee-EXPT-modulith/shopee-microservices/sales/catalog/domain/build/libs/catalog-domain-2.0-SNAPSHOT.jar!/, jar:file:/D:/CODE/microservice/ddd-eshopee-EXPT-modulith/shopee-microservices/sales/cart/domain/build/libs/cart-domain-2.0-SNAPSHOT.jar!/, jar:file:/D:/CODE/microservice/ddd-eshopee-EXPT-modulith/shopee-microservices/shipping/dispatching/domain/build/libs/dispatching-domain-2.0-SNAPSHOT.jar!/, jar:file:/C:/Users/ADMIN/.gradle/caches/modules-2/files-2.1/org.springframework/spring-jcl/6.0.6/f13cd8a561e71fb65c63201113d766fcd7a2b06f/spring-jcl-6.0.6.jar!/, jar:file:/C:/Users/ADMIN/.gradle/caches/modules-2/files-2.1/io.netty/netty-handler/4.1.89.Final/ced584e9eba5a6b7aad7c6a28a60c13375459f1a/netty-handler-4.1.89.Final.jar!/, jar:file:/C:/Users/ADMIN/.gradle/caches/modules-2/files-2.1/io.netty/netty-transport-native-unix-common/4.1.89.Final/a7717ed61393d5aad202a92bb02f661ed525bf86/netty-transport-native-unix-common-4.1.89.Final.jar!/, jar:file:/C:/Users/ADMIN/.gradle/caches/modules-2/files-2.1/io.netty/netty-codec/4.1.89.Final/f03a649ffa405ca4c802a8bfcc2abfe70ae485ca/netty-codec-4.1.89.Final.jar!/, jar:file:/C:/Users/ADMIN/.gradle/caches/modules-2/files-2.1/io.netty/netty-transport/4.1.89.Final/e7ff320310eafe302c0dfb9690ae7201ab61ead2/netty-transport-4.1.89.Final.jar!/, jar:file:/C:/Users/ADMIN/.gradle/caches/modules-2/files-2.1/io.netty/netty-resolver/4.1.89.Final/686b21bf3488747bc834ee9e60a863f37b71f35e/netty-resolver-4.1.89.Final.jar!/, jar:file:/C:/Users/ADMIN/.gradle/caches/modules-2/files-2.1/io.netty/netty-buffer/4.1.89.Final/b1d3dbf69a75eaa8793c7e00cff2851dac9fd725/netty-buffer-4.1.89.Final.jar!/, jar:file:/C:/Users/ADMIN/.gradle/caches/modules-2/files-2.1/io.netty/netty-common/4.1.89.Final/c0c80bfe45cc85da5030ea8fc64071e28d0f6f5f/netty-common-4.1.89.Final.jar!/, jar:file:/C:/Users/ADMIN/.gradle/caches/modules-2/files-2.1/io.projectreactor/reactor-core/3.5.3/dd102ecdb21ff78a486074dbad55331f8847eb5d/reactor-core-3.5.3.jar!/, jar:file:/C:/Users/ADMIN/.gradle/caches/modules-2/files-2.1/org.apache.tomcat.embed/tomcat-embed-websocket/10.1.5/14529cbd593571dc9029272ddc9166b5ef113fc2/tomcat-embed-websocket-10.1.5.jar!/, jar:file:/C:/Users/ADMIN/.gradle/caches/modules-2/files-2.1/org.apache.tomcat.embed/tomcat-embed-core/10.1.5/21417d3ef8189e2af05aae0a765ad9204d7211b5/tomcat-embed-core-10.1.5.jar!/, jar:file:/C:/Users/ADMIN/.gradle/caches/modules-2/files-2.1/org.apache.tomcat.embed/tomcat-embed-el/10.1.5/c125df13af42a0fc0cd342370449b1276181e2a1/tomcat-embed-el-10.1.5.jar!/, jar:file:/C:/Users/ADMIN/.gradle/caches/modules-2/files-2.1/io.micrometer/micrometer-observation/1.10.4/96aa92ad7a18c2451c429348c0167eb08a988d4e/micrometer-observation-1.10.4.jar!/, jar:file:/C:/Users/ADMIN/.gradle/caches/modules-2/files-2.1/net.minidev/json-smart/2.4.8/7c62f5f72ab05eb54d40e2abf0360a2fe9ea477f/json-smart-2.4.8.jar!/, jar:file:/C:/Users/ADMIN/.gradle/caches/modules-2/files-2.1/jakarta.activation/jakarta.activation-api/2.1.1/88c774ab863a21fb2fc4219af95379fafe499a31/jakarta.activation-api-2.1.1.jar!/, jar:file:/C:/Users/ADMIN/.gradle/caches/modules-2/files-2.1/net.bytebuddy/byte-buddy/1.12.23/d470526e8c4566c04e9ae5d3ccb62d1a7aa58986/byte-buddy-1.12.23.jar!/, jar:file:/C:/Users/ADMIN/.gradle/caches/modules-2/files-2.1/net.bytebuddy/byte-buddy-agent/1.12.23/1cba11fdb72c383edacb909f79ae6870efd275e4/byte-buddy-agent-1.12.23.jar!/, jar:file:/C:/Users/ADMIN/.gradle/caches/modules-2/files-2.1/org.objenesis/objenesis/3.2/7fadf57620c8b8abdf7519533e5527367cb51f09/objenesis-3.2.jar!/, jar:file:/C:/Users/ADMIN/.m2/repository/com/vaadin/external/google/android-json/0.0.20131108.vaadin1/android-json-0.0.20131108.vaadin1.jar!/, jar:file:/C:/Users/ADMIN/.gradle/caches/modules-2/files-2.1/org.apache.httpcomponents/httpcore/4.4.16/51cf043c87253c9f58b539c9f7e44c8894223850/httpcore-4.4.16.jar!/, jar:file:/C:/Users/ADMIN/.gradle/caches/modules-2/files-2.1/commons-codec/commons-codec/1.15/49d94806b6e3dc933dacbd8acb0fdbab8ebd1e5d/commons-codec-1.15.jar!/, jar:file:/C:/Users/ADMIN/.gradle/caches/modules-2/files-2.1/org.apache.commons/commons-lang3/3.12.0/c6842c86792ff03b9f1d1fe2aab8dc23aa6c6f0e/commons-lang3-3.12.0.jar!/, jar:file:/D:/CODE/microservice/ddd-eshopee-EXPT-modulith/shopee-microservices/common/primitives/build/libs/primitives-2.0-SNAPSHOT.jar!/, jar:file:/C:/Users/ADMIN/.gradle/caches/modules-2/files-2.1/ch.qos.logback/logback-core/1.4.5/e9bb2ea70f84401314da4300343b0a246c8954da/logback-core-1.4.5.jar!/, jar:file:/C:/Users/ADMIN/.gradle/caches/modules-2/files-2.1/org.apache.logging.log4j/log4j-api/2.19.0/ea1b37f38c327596b216542bc636cfdc0b8036fa/log4j-api-2.19.0.jar!/, jar:file:/C:/Users/ADMIN/.gradle/caches/modules-2/files-2.1/org.reactivestreams/reactive-streams/1.0.4/3864a1320d97d7b045f729a326e1e077661f31b7/reactive-streams-1.0.4.jar!/, jar:file:/C:/Users/ADMIN/.gradle/caches/modules-2/files-2.1/io.micrometer/micrometer-commons/1.10.4/a5db33c573c8755e70388f204e83000dc359b63d/micrometer-commons-1.10.4.jar!/, jar:file:/C:/Users/ADMIN/.gradle/caches/modules-2/files-2.1/net.minidev/accessors-smart/2.4.8/6e1bee5a530caba91893604d6ab41d0edcecca9a/accessors-smart-2.4.8.jar!/, jar:file:/C:/Users/ADMIN/.gradle/caches/modules-2/files-2.1/org.opentest4j/opentest4j/1.2.0/28c11eb91f9b6d8e200631d46e20a7f407f2a046/opentest4j-1.2.0.jar!/, jar:file:/C:/Users/ADMIN/.gradle/caches/modules-2/files-2.1/org.attoparser/attoparser/2.0.6.RELEASE/8f603f22a18d4f7258f8860ccbb68b069f49904a/attoparser-2.0.6.RELEASE.jar!/, jar:file:/C:/Users/ADMIN/.gradle/caches/modules-2/files-2.1/org.unbescape/unbescape/1.1.6.RELEASE/7b90360afb2b860e09e8347112800d12c12b2a13/unbescape-1.1.6.RELEASE.jar!/, jar:file:/C:/Users/ADMIN/.gradle/caches/modules-2/files-2.1/org.springframework.retry/spring-retry/2.0.0/6a7a653901b58eb741692417f33b5bebedbd01f7/spring-retry-2.0.0.jar!/, jar:file:/C:/Users/ADMIN/.gradle/caches/modules-2/files-2.1/org.ow2.asm/asm/9.1/a99500cf6eea30535eeac6be73899d048f8d12a8/asm-9.1.jar!/]
19:37:23.937 [Test worker] DEBUG com.tngtech.archunit.core.importer.JavaClassProcessor - Processing class 'com/home/eshopee/shipping/delivery/jdbc/DeliveryInfosJdbc'
19:37:23.938 [Test worker] DEBUG com.tngtech.archunit.core.importer.JavaClassProcessor - Processing class 'com/home/eshopee/shipping/delivery/jdbc/DeliveryJdbc'
19:37:23.938 [Test worker] DEBUG com.tngtech.archunit.core.importer.JavaClassProcessor - Processing class 'com/home/eshopee/shipping/delivery/jdbc/DispatchDeliveryJdbc'
19:37:23.938 [Test worker] DEBUG com.tngtech.archunit.core.importer.JavaClassProcessor - Processing class 'com/home/eshopee/shipping/delivery/jdbc/FindDeliveriesJdbc'
19:37:23.938 [Test worker] DEBUG com.tngtech.archunit.core.importer.JavaClassProcessor - Processing class 'com/home/eshopee/shipping/delivery/jdbc/PrepareDeliveryJdbc'
19:37:23.938 [Test worker] DEBUG com.tngtech.archunit.core.importer.JavaClassProcessor - Processing class 'com/home/eshopee/shipping/delivery/jdbc/UnknownDelivery'
19:37:23.938 [Test worker] DEBUG com.tngtech.archunit.core.importer.JavaClassProcessor - Processing class 'com/home/eshopee/shipping/delivery/jdbc/DeliveryJdbcConfig'
19:37:23.939 [Test worker] DEBUG com.tngtech.archunit.core.importer.JavaClassProcessor - Processing class 'com/home/eshopee/shipping/delivery/rest/DeliveryController$PrepareRequest'
19:37:23.939 [Test worker] DEBUG com.tngtech.archunit.core.importer.JavaClassProcessor - Processing class 'com/home/eshopee/shipping/delivery/rest/DeliveryController'
19:37:23.939 [Test worker] DEBUG com.tngtech.archunit.core.importer.JavaClassProcessor - Processing class 'com/home/eshopee/shipping/delivery/Address'
19:37:23.939 [Test worker] DEBUG com.tngtech.archunit.core.importer.JavaClassProcessor - Processing class 'com/home/eshopee/shipping/delivery/Delivery$DeliveryAlreadyDispatchedException'
19:37:23.939 [Test worker] DEBUG com.tngtech.archunit.core.importer.JavaClassProcessor - Processing class 'com/home/eshopee/shipping/delivery/Delivery$DeliveryAlreadyPreparedException'
19:37:23.939 [Test worker] DEBUG com.tngtech.archunit.core.importer.JavaClassProcessor - Processing class 'com/home/eshopee/shipping/delivery/Delivery'
19:37:23.939 [Test worker] DEBUG com.tngtech.archunit.core.importer.JavaClassProcessor - Processing class 'com/home/eshopee/shipping/delivery/DeliveryId'
19:37:23.939 [Test worker] DEBUG com.tngtech.archunit.core.importer.JavaClassProcessor - Processing class 'com/home/eshopee/shipping/delivery/DeliveryInfo'
19:37:23.939 [Test worker] DEBUG com.tngtech.archunit.core.importer.JavaClassProcessor - Processing class 'com/home/eshopee/shipping/delivery/DeliveryInfos'
19:37:23.939 [Test worker] DEBUG com.tngtech.archunit.core.importer.JavaClassProcessor - Processing class 'com/home/eshopee/shipping/delivery/DispatchDelivery'
19:37:23.939 [Test worker] DEBUG com.tngtech.archunit.core.importer.JavaClassProcessor - Processing class 'com/home/eshopee/shipping/delivery/FindDeliveries'
19:37:23.940 [Test worker] DEBUG com.tngtech.archunit.core.importer.JavaClassProcessor - Processing class 'com/home/eshopee/shipping/delivery/OrderId'
19:37:23.940 [Test worker] DEBUG com.tngtech.archunit.core.importer.JavaClassProcessor - Processing class 'com/home/eshopee/shipping/delivery/Person'
19:37:23.940 [Test worker] DEBUG com.tngtech.archunit.core.importer.JavaClassProcessor - Processing class 'com/home/eshopee/shipping/delivery/Place'
19:37:23.940 [Test worker] DEBUG com.tngtech.archunit.core.importer.JavaClassProcessor - Processing class 'com/home/eshopee/shipping/delivery/PrepareDelivery'
19:37:23.940 [Test worker] DEBUG com.tngtech.archunit.core.importer.JavaClassProcessor - Processing class 'com/home/eshopee/shipping/delivery/DeliveryPrepared'
19:37:23.940 [Test worker] DEBUG com.tngtech.archunit.core.importer.JavaClassProcessor - Processing class 'com/home/eshopee/shipping/delivery/listeners/DeliveryDispatchedListener'
19:37:23.940 [Test worker] DEBUG com.tngtech.archunit.core.importer.DependencyResolutionProcess - Automatically resolving transitive class dependencies with the following configuration:
import.dependencyResolutionProcess.maxIterationsForMemberTypes = 1
import.dependencyResolutionProcess.maxIterationsForAccessesToTypes = 1
import.dependencyResolutionProcess.maxIterationsForSupertypes = -1
import.dependencyResolutionProcess.maxIterationsForEnclosingTypes = -1
import.dependencyResolutionProcess.maxIterationsForAnnotationTypes = -1
import.dependencyResolutionProcess.maxIterationsForGenericSignatureTypes = -1
19:37:23.940 [Test worker] DEBUG com.tngtech.archunit.core.importer.JavaClassProcessor - Processing class 'org/springframework/web/bind/annotation/PathVariable'
19:37:23.940 [Test worker] DEBUG com.tngtech.archunit.core.importer.JavaClassProcessor - Processing class 'java/lang/IllegalStateException'
19:37:23.941 [Test worker] DEBUG com.tngtech.archunit.core.importer.JavaClassProcessor - Processing class 'org/slf4j/LoggerFactory'
19:37:23.941 [Test worker] DEBUG com.tngtech.archunit.core.importer.JavaClassProcessor - Processing class 'java/lang/Integer'
19:37:23.941 [Test worker] DEBUG com.tngtech.archunit.core.importer.JavaClassProcessor - Processing class 'com/home/eshopee/shipping/dispatching/DeliveryDispatched'
19:37:23.941 [Test worker] DEBUG com.tngtech.archunit.core.importer.JavaClassProcessor - Processing class 'java/util/Map'
19:37:23.942 [Test worker] DEBUG com.tngtech.archunit.core.importer.JavaClassProcessor - Processing class 'org/springframework/web/bind/annotation/PostMapping'
19:37:23.942 [Test worker] DEBUG com.tngtech.archunit.core.importer.JavaClassProcessor - Processing class 'com/home/eshopee/common/events/EventPublisher'
19:37:23.942 [Test worker] DEBUG com.tngtech.archunit.core.importer.JavaClassProcessor - Processing class 'java/util/UUID'
19:37:23.942 [Test worker] DEBUG com.tngtech.archunit.core.importer.JavaClassProcessor - Processing class 'java/time/Instant'
19:37:23.942 [Test worker] DEBUG com.tngtech.archunit.core.importer.JavaClassProcessor - Processing class 'org/springframework/web/bind/annotation/RestController'
19:37:23.942 [Test worker] DEBUG com.tngtech.archunit.core.importer.JavaClassProcessor - Processing class 'java/util/stream/Collectors'
19:37:23.943 [Test worker] DEBUG com.tngtech.archunit.core.importer.JavaClassProcessor - Processing class 'org/springframework/context/annotation/Configuration'
19:37:23.943 [Test worker] DEBUG com.tngtech.archunit.core.importer.JavaClassProcessor - Processing class 'java/util/List'
19:37:23.943 [Test worker] DEBUG com.tngtech.archunit.core.importer.JavaClassProcessor - Processing class 'java/util/stream/Stream'
19:37:23.943 [Test worker] DEBUG com.tngtech.archunit.core.importer.JavaClassProcessor - Processing class 'java/util/Optional'
19:37:23.943 [Test worker] DEBUG com.tngtech.archunit.core.importer.JavaClassProcessor - Processing class 'java/util/regex/Pattern'
19:37:23.944 [Test worker] DEBUG com.tngtech.archunit.core.importer.JavaClassProcessor - Processing class 'org/springframework/scheduling/annotation/Async'
19:37:23.944 [Test worker] DEBUG com.tngtech.archunit.core.importer.JavaClassProcessor - Processing class 'org/springframework/web/bind/annotation/RequestMapping'
19:37:23.944 [Test worker] DEBUG com.tngtech.archunit.core.importer.JavaClassProcessor - Processing class 'org/springframework/jdbc/core/JdbcTemplate'
19:37:23.945 [Test worker] DEBUG com.tngtech.archunit.core.importer.JavaClassProcessor - Processing class 'org/springframework/web/bind/annotation/RequestBody'
19:37:23.945 [Test worker] DEBUG com.tngtech.archunit.core.importer.JavaClassProcessor - Processing class 'org/springframework/transaction/annotation/Propagation'
19:37:23.945 [Test worker] DEBUG com.tngtech.archunit.core.importer.JavaClassProcessor - Processing class 'org/springframework/web/bind/annotation/GetMapping'
19:37:23.945 [Test worker] DEBUG com.tngtech.archunit.core.importer.JavaClassProcessor - Processing class 'java/lang/Boolean'
19:37:23.945 [Test worker] DEBUG com.tngtech.archunit.core.importer.JavaClassProcessor - Processing class 'com/home/eshopee/common/events/DomainEvent'
19:37:23.945 [Test worker] DEBUG com.tngtech.archunit.core.importer.JavaClassProcessor - Processing class 'java/lang/String'
19:37:23.946 [Test worker] DEBUG com.tngtech.archunit.core.importer.JavaClassProcessor - Processing class 'org/springframework/web/bind/annotation/ResponseStatus'
19:37:23.946 [Test worker] DEBUG com.tngtech.archunit.core.importer.JavaClassProcessor - Processing class 'org/slf4j/Logger'
19:37:23.946 [Test worker] DEBUG com.tngtech.archunit.core.importer.JavaClassProcessor - Processing class 'org/springframework/transaction/event/TransactionalEventListener'
19:37:23.946 [Test worker] DEBUG com.tngtech.archunit.core.importer.JavaClassProcessor - Processing class 'java/lang/IllegalArgumentException'
19:37:23.947 [Test worker] DEBUG com.tngtech.archunit.core.importer.JavaClassProcessor - Processing class 'org/springframework/http/HttpStatus'
19:37:23.947 [Test worker] DEBUG com.tngtech.archunit.core.importer.JavaClassProcessor - Processing class 'org/springframework/stereotype/Component'
19:37:23.947 [Test worker] DEBUG com.tngtech.archunit.core.importer.JavaClassProcessor - Processing class 'java/lang/Object'
19:37:23.947 [Test worker] DEBUG com.tngtech.archunit.core.importer.JavaClassProcessor - Processing class 'org/springframework/context/annotation/Bean'
19:37:23.947 [Test worker] DEBUG com.tngtech.archunit.core.importer.JavaClassProcessor - Processing class 'org/springframework/transaction/annotation/Transactional'
19:37:23.947 [Test worker] DEBUG com.tngtech.archunit.core.importer.JavaClassProcessor - Processing class 'org/springframework/jdbc/core/JdbcOperations'
19:37:23.948 [Test worker] DEBUG com.tngtech.archunit.core.importer.JavaClassProcessor - Processing class 'java/net/URL'
19:37:23.948 [Test worker] DEBUG com.tngtech.archunit.core.importer.JavaClassProcessor - Processing class 'java/util/function/IntConsumer'
19:37:23.948 [Test worker] DEBUG com.tngtech.archunit.core.importer.JavaClassProcessor - Processing class 'org/springframework/jdbc/support/JdbcAccessor'
19:37:23.948 [Test worker] DEBUG com.tngtech.archunit.core.importer.JavaClassProcessor - Processing class 'org/springframework/jdbc/core/SqlParameter'
19:37:23.948 [Test worker] DEBUG com.tngtech.archunit.core.importer.JavaClassProcessor - Processing class 'java/lang/annotation/Inherited'
19:37:23.948 [Test worker] DEBUG com.tngtech.archunit.core.importer.JavaClassProcessor - Processing class 'org/slf4j/helpers/CheckReturnValue'
19:37:23.948 [Test worker] DEBUG com.tngtech.archunit.core.importer.JavaClassProcessor - Processing class 'java/util/DoubleSummaryStatistics'
19:37:23.948 [Test worker] DEBUG com.tngtech.archunit.core.importer.JavaClassProcessor - Processing class 'java/util/function/DoubleConsumer'
19:37:23.948 [Test worker] DEBUG com.tngtech.archunit.core.importer.JavaClassProcessor - Processing class 'java/lang/Enum'
19:37:23.948 [Test worker] DEBUG com.tngtech.archunit.core.importer.JavaClassProcessor - Processing class 'java/lang/Long'
19:37:23.949 [Test worker] DEBUG com.tngtech.archunit.core.importer.JavaClassProcessor - Processing class 'org/springframework/transaction/event/TransactionPhase'
19:37:23.949 [Test worker] DEBUG com.tngtech.archunit.core.importer.JavaClassProcessor - Processing class 'java/lang/annotation/Documented'
19:37:23.949 [Test worker] DEBUG com.tngtech.archunit.core.importer.JavaClassProcessor - Processing class 'org/springframework/web/bind/annotation/ControllerMappingReflectiveProcessor'
19:37:23.949 [Test worker] DEBUG com.tngtech.archunit.core.importer.JavaClassProcessor - Processing class 'org/springframework/aot/hint/annotation/Reflective'
19:37:23.949 [Test worker] DEBUG com.tngtech.archunit.core.importer.JavaClassProcessor - Processing class 'jdk/internal/vm/annotation/ForceInline'
19:37:23.949 [Test worker] DEBUG com.tngtech.archunit.core.importer.JavaClassProcessor - Processing class 'java/lang/CharSequence'
19:37:23.949 [Test worker] DEBUG com.tngtech.archunit.core.importer.JavaClassProcessor - Processing class 'java/util/Collection'
19:37:23.949 [Test worker] DEBUG com.tngtech.archunit.core.importer.JavaClassProcessor - Processing class 'org/springframework/http/HttpStatusCode'
19:37:23.949 [Test worker] DEBUG com.tngtech.archunit.core.importer.JavaClassProcessor - Processing class 'org/springframework/web/bind/annotation/RequestMethod'
19:37:23.949 [Test worker] DEBUG com.tngtech.archunit.core.importer.JavaClassProcessor - Processing class 'java/util/Set'
19:37:23.950 [Test worker] DEBUG com.tngtech.archunit.core.importer.JavaClassProcessor - Processing class 'org/springframework/context/event/EventListener'
19:37:23.950 [Test worker] DEBUG com.tngtech.archunit.core.importer.JavaClassProcessor - Processing class 'java/io/Serializable'
19:37:23.950 [Test worker] DEBUG com.tngtech.archunit.core.importer.JavaClassProcessor - Processing class 'java/util/stream/DoubleStream'
19:37:23.950 [Test worker] DEBUG com.tngtech.archunit.core.importer.JavaClassProcessor - Processing class 'java/lang/constant/DynamicConstantDesc'
19:37:23.950 [Test worker] DEBUG com.tngtech.archunit.core.importer.JavaClassProcessor - Processing class 'org/slf4j/spi/SLF4JServiceProvider'
19:37:23.950 [Test worker] DEBUG com.tngtech.archunit.core.importer.JavaClassProcessor - Processing class 'java/lang/annotation/Annotation'
19:37:23.950 [Test worker] DEBUG com.tngtech.archunit.core.importer.JavaClassProcessor - Processing class 'jdk/internal/ValueBased'
19:37:23.950 [Test worker] DEBUG com.tngtech.archunit.core.importer.JavaClassProcessor - Processing class 'java/time/temporal/Temporal'
19:37:23.950 [Test worker] DEBUG com.tngtech.archunit.core.importer.JavaClassProcessor - Processing class 'org/springframework/transaction/annotation/Isolation'
19:37:23.950 [Test worker] DEBUG com.tngtech.archunit.core.importer.JavaClassProcessor - Processing class 'java/util/stream/IntStream'
19:37:23.950 [Test worker] DEBUG com.tngtech.archunit.core.importer.JavaClassProcessor - Processing class 'java/lang/Throwable'
19:37:23.950 [Test worker] DEBUG com.tngtech.archunit.core.importer.JavaClassProcessor - Processing class 'java/lang/Double'
19:37:23.951 [Test worker] DEBUG com.tngtech.archunit.core.importer.JavaClassProcessor - Processing class 'org/springframework/stereotype/Controller'
19:37:23.951 [Test worker] DEBUG com.tngtech.archunit.core.importer.JavaClassProcessor - Processing class 'java/lang/annotation/Retention'
19:37:23.951 [Test worker] DEBUG com.tngtech.archunit.core.importer.JavaClassProcessor - Processing class 'java/util/concurrent/ConcurrentMap'
19:37:23.951 [Test worker] DEBUG com.tngtech.archunit.core.importer.JavaClassProcessor - Processing class 'java/lang/constant/ConstantDesc'
19:37:23.951 [Test worker] DEBUG com.tngtech.archunit.core.importer.JavaClassProcessor - Processing class 'org/springframework/lang/Nullable'
19:37:23.951 [Test worker] DEBUG com.tngtech.archunit.core.importer.JavaClassProcessor - Processing class 'org/springframework/stereotype/Indexed'
19:37:23.951 [Test worker] DEBUG com.tngtech.archunit.core.importer.JavaClassProcessor - Processing class 'java/lang/Number'
19:37:23.951 [Test worker] DEBUG com.tngtech.archunit.core.importer.JavaClassProcessor - Processing class 'java/util/LongSummaryStatistics'
19:37:23.951 [Test worker] DEBUG com.tngtech.archunit.core.importer.JavaClassProcessor - Processing class 'org/springframework/core/annotation/AliasFor'
19:37:23.951 [Test worker] DEBUG com.tngtech.archunit.core.importer.JavaClassProcessor - Processing class 'java/util/Map$Entry'
19:37:23.951 [Test worker] DEBUG com.tngtech.archunit.core.importer.JavaClassProcessor - Processing class 'java/lang/SafeVarargs'
19:37:23.951 [Test worker] DEBUG com.tngtech.archunit.core.importer.JavaClassProcessor - Processing class 'jdk/internal/vm/annotation/IntrinsicCandidate'
19:37:23.951 [Test worker] DEBUG com.tngtech.archunit.core.importer.JavaClassProcessor - Processing class 'java/util/stream/LongStream'
19:37:23.951 [Test worker] DEBUG com.tngtech.archunit.core.importer.JavaClassProcessor - Processing class 'jdk/internal/vm/annotation/Stable'
19:37:23.951 [Test worker] DEBUG com.tngtech.archunit.core.importer.JavaClassProcessor - Processing class 'java/lang/Deprecated'
19:37:23.951 [Test worker] DEBUG com.tngtech.archunit.core.importer.JavaClassProcessor - Processing class 'java/lang/annotation/Target'
19:37:23.951 [Test worker] DEBUG com.tngtech.archunit.core.importer.JavaClassProcessor - Processing class 'java/lang/RuntimeException'
19:37:23.951 [Test worker] DEBUG com.tngtech.archunit.core.importer.JavaClassProcessor - Processing class 'java/lang/annotation/ElementType'
19:37:23.952 [Test worker] DEBUG com.tngtech.archunit.core.importer.JavaClassProcessor - Processing class 'org/springframework/web/bind/annotation/ResponseBody'
19:37:23.952 [Test worker] DEBUG com.tngtech.archunit.core.importer.JavaClassProcessor - Processing class 'java/util/stream/Collector$Characteristics'
19:37:23.952 [Test worker] DEBUG com.tngtech.archunit.core.importer.JavaClassProcessor - Processing class 'java/util/function/LongConsumer'
19:37:23.952 [Test worker] DEBUG com.tngtech.archunit.core.importer.JavaClassProcessor - Processing class 'java/util/function/Consumer'
19:37:23.952 [Test worker] DEBUG com.tngtech.archunit.core.importer.JavaClassProcessor - Processing class 'java/lang/constant/Constable'
19:37:23.952 [Test worker] DEBUG com.tngtech.archunit.core.importer.JavaClassProcessor - Processing class 'java/util/regex/Pattern$Node'
19:37:23.952 [Test worker] DEBUG com.tngtech.archunit.core.importer.JavaClassProcessor - Processing class 'java/util/stream/BaseStream'
19:37:23.952 [Test worker] DEBUG com.tngtech.archunit.core.importer.JavaClassProcessor - Processing class 'java/lang/Comparable'
19:37:23.952 [Test worker] DEBUG com.tngtech.archunit.core.importer.JavaClassProcessor - Processing class 'java/util/IntSummaryStatistics'
19:37:23.952 [Test worker] DEBUG com.tngtech.archunit.core.importer.JavaClassProcessor - Processing class 'java/time/temporal/TemporalAdjuster'
19:37:23.952 [Test worker] DEBUG com.tngtech.archunit.core.importer.JavaClassProcessor - Processing class 'java/lang/annotation/RetentionPolicy'
19:37:23.952 [Test worker] DEBUG com.tngtech.archunit.core.importer.JavaClassProcessor - Processing class 'org/springframework/web/bind/annotation/Mapping'
19:37:23.952 [Test worker] DEBUG com.tngtech.archunit.core.importer.JavaClassProcessor - Processing class 'java/lang/AutoCloseable'
19:37:23.952 [Test worker] DEBUG com.tngtech.archunit.core.importer.JavaClassProcessor - Processing class 'org/springframework/aot/hint/annotation/ReflectiveProcessor'
19:37:23.952 [Test worker] DEBUG com.tngtech.archunit.core.importer.JavaClassProcessor - Processing class 'java/lang/Enum$EnumDesc'
19:37:23.952 [Test worker] DEBUG com.tngtech.archunit.core.importer.JavaClassProcessor - Processing class 'java/util/stream/Collector'
19:37:23.952 [Test worker] DEBUG com.tngtech.archunit.core.importer.JavaClassProcessor - Processing class 'java/lang/Exception'
19:37:23.952 [Test worker] DEBUG com.tngtech.archunit.core.importer.JavaClassProcessor - Processing class 'java/net/URLStreamHandler'
19:37:23.953 [Test worker] DEBUG com.tngtech.archunit.core.importer.JavaClassProcessor - Processing class 'org/springframework/aot/hint/annotation/SimpleReflectiveProcessor'
19:37:23.953 [Test worker] DEBUG com.tngtech.archunit.core.importer.JavaClassProcessor - Processing class 'org/springframework/beans/factory/InitializingBean'
19:37:23.953 [Test worker] DEBUG com.tngtech.archunit.core.importer.JavaClassProcessor - Processing class 'java/lang/Iterable'
19:37:23.953 [Test worker] DEBUG com.tngtech.archunit.core.importer.JavaClassProcessor - Processing class 'java/time/temporal/TemporalAccessor'
19:37:23.953 [Test worker] DEBUG com.tngtech.archunit.core.importer.JavaClassProcessor - Processing class 'java/lang/FunctionalInterface'
19:37:23.953 [Test worker] DEBUG com.tngtech.archunit.core.importer.JavaClassProcessor - Processing class 'java/net/spi/URLStreamHandlerProvider'
19:37:23.953 [Test worker] DEBUG com.tngtech.archunit.core.importer.JavaClassProcessor - Processing class 'java/net/URLStreamHandlerFactory'
19:37:23.954 [Test worker] DEBUG com.tngtech.archunit.core.importer.JavaClassProcessor - Processing class 'java/lang/Class'
19:37:23.955 [Test worker] DEBUG com.tngtech.archunit.core.importer.JavaClassProcessor - Processing class 'java/util/Spliterator$OfInt'
19:37:23.955 [Test worker] DEBUG com.tngtech.archunit.core.importer.JavaClassProcessor - Processing class 'java/lang/NumberFormatException'
19:37:23.955 [Test worker] DEBUG com.tngtech.archunit.core.importer.JavaClassProcessor - Processing class 'java/lang/invoke/MethodHandles$Lookup'
19:37:23.956 [Test worker] DEBUG com.tngtech.archunit.core.importer.JavaClassProcessor - Processing class 'java/lang/ReflectiveOperationException'
19:37:23.956 [Test worker] DEBUG com.tngtech.archunit.core.importer.JavaClassProcessor - Processing class 'java/lang/CloneNotSupportedException'
19:37:23.956 [Test worker] DEBUG com.tngtech.archunit.core.importer.JavaClassProcessor - Processing class 'java/io/ObjectInputStream'
19:37:23.956 [Test worker] DEBUG com.tngtech.archunit.core.importer.JavaClassProcessor - Processing class 'java/io/IOException'
19:37:23.956 [Test worker] DEBUG com.tngtech.archunit.core.importer.JavaClassProcessor - Processing class 'java/lang/ClassNotFoundException'
19:37:23.956 [Test worker] DEBUG com.tngtech.archunit.core.importer.JavaClassProcessor - Processing class 'java/io/ObjectStreamException'
19:37:23.956 [Test worker] DEBUG com.tngtech.archunit.core.importer.JavaClassProcessor - Processing class 'java/lang/constant/ClassDesc'
19:37:23.957 [Test worker] DEBUG com.tngtech.archunit.core.importer.JavaClassProcessor - Processing class 'java/util/Iterator'
19:37:23.957 [Test worker] DEBUG com.tngtech.archunit.core.importer.JavaClassProcessor - Processing class 'java/util/Spliterator'
19:37:23.957 [Test worker] DEBUG com.tngtech.archunit.core.importer.JavaClassProcessor - Processing class 'java/math/BigInteger'
19:37:23.957 [Test worker] DEBUG com.tngtech.archunit.core.importer.JavaClassProcessor - Processing class 'java/lang/InterruptedException'
19:37:23.958 [Test worker] DEBUG com.tngtech.archunit.core.importer.JavaClassProcessor - Processing class 'java/io/ObjectStreamField'
19:37:23.958 [Test worker] DEBUG com.tngtech.archunit.core.importer.JavaClassProcessor - Processing class 'java/util/Comparator'
19:37:23.958 [Test worker] DEBUG com.tngtech.archunit.core.importer.JavaClassProcessor - Processing class 'java/lang/Void'
19:37:23.958 [Test worker] DEBUG com.tngtech.archunit.core.importer.JavaClassProcessor - Processing class 'java/nio/charset/Charset'
19:37:23.958 [Test worker] DEBUG com.tngtech.archunit.core.importer.JavaClassProcessor - Processing class 'java/nio/charset/MalformedInputException'
19:37:23.958 [Test worker] DEBUG com.tngtech.archunit.core.importer.JavaClassProcessor - Processing class 'java/nio/charset/CharacterCodingException'
19:37:23.958 [Test worker] DEBUG com.tngtech.archunit.core.importer.JavaClassProcessor - Processing class 'sun/nio/cs/ArrayDecoder'
19:37:23.958 [Test worker] DEBUG com.tngtech.archunit.core.importer.JavaClassProcessor - Processing class 'java/io/UnsupportedEncodingException'
19:37:23.958 [Test worker] DEBUG com.tngtech.archunit.core.importer.JavaClassProcessor - Processing class 'sun/nio/cs/ArrayEncoder'
19:37:23.958 [Test worker] DEBUG com.tngtech.archunit.core.importer.JavaClassProcessor - Processing class 'java/nio/charset/UnmappableCharacterException'
19:37:23.958 [Test worker] DEBUG com.tngtech.archunit.core.importer.JavaClassProcessor - Processing class 'java/nio/charset/CharsetDecoder'
19:37:23.958 [Test worker] DEBUG com.tngtech.archunit.core.importer.JavaClassProcessor - Processing class 'java/lang/StringBuffer'
19:37:23.958 [Test worker] DEBUG com.tngtech.archunit.core.importer.JavaClassProcessor - Processing class 'java/lang/AbstractStringBuilder'
19:37:23.959 [Test worker] DEBUG com.tngtech.archunit.core.importer.JavaClassProcessor - Processing class 'java/util/Locale'
19:37:23.959 [Test worker] DEBUG com.tngtech.archunit.core.importer.JavaClassProcessor - Processing class 'java/util/function/Function'
19:37:23.959 [Test worker] DEBUG com.tngtech.archunit.core.importer.JavaClassProcessor - Processing class 'java/lang/StringBuilder'
19:37:23.960 [Test worker] DEBUG com.tngtech.archunit.core.importer.JavaClassProcessor - Processing class 'java/lang/StackTraceElement'
19:37:23.960 [Test worker] DEBUG com.tngtech.archunit.core.importer.JavaClassProcessor - Processing class 'java/io/PrintStream'
19:37:23.960 [Test worker] DEBUG com.tngtech.archunit.core.importer.JavaClassProcessor - Processing class 'java/lang/Throwable$PrintStreamOrWriter'
19:37:23.960 [Test worker] DEBUG com.tngtech.archunit.core.importer.JavaClassProcessor - Processing class 'java/io/PrintWriter'
19:37:23.960 [Test worker] DEBUG com.tngtech.archunit.core.importer.JavaClassProcessor - Processing class 'java/io/ObjectOutputStream'
19:37:23.961 [Test worker] DEBUG com.tngtech.archunit.core.importer.JavaClassProcessor - Processing class 'java/lang/constant/DirectMethodHandleDesc'
19:37:23.961 [Test worker] DEBUG com.tngtech.archunit.core.importer.JavaClassProcessor - Processing class 'java/net/InetAddress'
19:37:23.961 [Test worker] DEBUG com.tngtech.archunit.core.importer.JavaClassProcessor - Processing class 'java/net/UrlDeserializedState'
19:37:23.961 [Test worker] DEBUG com.tngtech.archunit.core.importer.JavaClassProcessor - Processing class 'java/lang/ThreadLocal'
19:37:23.961 [Test worker] DEBUG com.tngtech.archunit.core.importer.JavaClassProcessor - Processing class 'java/util/Hashtable'
19:37:23.962 [Test worker] DEBUG com.tngtech.archunit.core.importer.JavaClassProcessor - Processing class 'java/net/URI'
19:37:23.962 [Test worker] DEBUG com.tngtech.archunit.core.importer.JavaClassProcessor - Processing class 'java/net/MalformedURLException'
19:37:23.962 [Test worker] DEBUG com.tngtech.archunit.core.importer.JavaClassProcessor - Processing class 'java/lang/SecurityManager'
19:37:23.962 [Test worker] DEBUG com.tngtech.archunit.core.importer.JavaClassProcessor - Processing class 'java/net/URISyntaxException'
19:37:23.962 [Test worker] DEBUG com.tngtech.archunit.core.importer.JavaClassProcessor - Processing class 'java/net/URLConnection'
19:37:23.962 [Test worker] DEBUG com.tngtech.archunit.core.importer.JavaClassProcessor - Processing class 'java/net/Proxy'
19:37:23.962 [Test worker] DEBUG com.tngtech.archunit.core.importer.JavaClassProcessor - Processing class 'java/io/InputStream'
19:37:23.962 [Test worker] DEBUG com.tngtech.archunit.core.importer.JavaClassProcessor - Processing class 'java/io/InvalidObjectException'
19:37:23.962 [Test worker] DEBUG com.tngtech.archunit.core.importer.JavaClassProcessor - Processing class 'sun/net/www/protocol/jar/Handler'
19:37:23.963 [Test worker] DEBUG com.tngtech.archunit.core.importer.JavaClassProcessor - Processing class 'java/time/Clock'
19:37:23.963 [Test worker] DEBUG com.tngtech.archunit.core.importer.JavaClassProcessor - Processing class 'java/time/temporal/TemporalField'
19:37:23.963 [Test worker] DEBUG com.tngtech.archunit.core.importer.JavaClassProcessor - Processing class 'java/time/temporal/ChronoField'
19:37:23.963 [Test worker] DEBUG com.tngtech.archunit.core.importer.JavaClassProcessor - Processing class 'java/time/temporal/TemporalUnit'
19:37:23.963 [Test worker] DEBUG com.tngtech.archunit.core.importer.JavaClassProcessor - Processing class 'java/time/temporal/ChronoUnit'
19:37:23.963 [Test worker] DEBUG com.tngtech.archunit.core.importer.JavaClassProcessor - Processing class 'java/time/temporal/ValueRange'
19:37:23.963 [Test worker] DEBUG com.tngtech.archunit.core.importer.JavaClassProcessor - Processing class 'java/time/temporal/TemporalAmount'
19:37:23.963 [Test worker] DEBUG com.tngtech.archunit.core.importer.JavaClassProcessor - Processing class 'java/time/temporal/TemporalQuery'
19:37:23.963 [Test worker] DEBUG com.tngtech.archunit.core.importer.JavaClassProcessor - Processing class 'java/time/OffsetDateTime'
19:37:23.963 [Test worker] DEBUG com.tngtech.archunit.core.importer.JavaClassProcessor - Processing class 'java/time/ZoneOffset'
19:37:23.963 [Test worker] DEBUG com.tngtech.archunit.core.importer.JavaClassProcessor - Processing class 'java/time/ZonedDateTime'
19:37:23.964 [Test worker] DEBUG com.tngtech.archunit.core.importer.JavaClassProcessor - Processing class 'java/time/ZoneId'
19:37:23.964 [Test worker] DEBUG com.tngtech.archunit.core.importer.JavaClassProcessor - Processing class 'java/io/DataOutput'
19:37:23.964 [Test worker] DEBUG com.tngtech.archunit.core.importer.JavaClassProcessor - Processing class 'java/io/DataInput'
19:37:23.964 [Test worker] DEBUG com.tngtech.archunit.core.importer.JavaClassProcessor - Processing class 'java/util/function/IntFunction'
19:37:23.964 [Test worker] DEBUG com.tngtech.archunit.core.importer.JavaClassProcessor - Processing class 'java/util/function/Predicate'
19:37:23.964 [Test worker] DEBUG com.tngtech.archunit.core.importer.JavaClassProcessor - Processing class 'java/util/function/UnaryOperator'
19:37:23.964 [Test worker] DEBUG com.tngtech.archunit.core.importer.JavaClassProcessor - Processing class 'java/util/ListIterator'
19:37:23.964 [Test worker] DEBUG com.tngtech.archunit.core.importer.JavaClassProcessor - Processing class 'java/util/RandomAccess'
19:37:23.965 [Test worker] DEBUG com.tngtech.archunit.core.importer.JavaClassProcessor - Processing class 'java/util/function/BiConsumer'
19:37:23.965 [Test worker] DEBUG com.tngtech.archunit.core.importer.JavaClassProcessor - Processing class 'java/util/function/BiFunction'
19:37:23.965 [Test worker] DEBUG com.tngtech.archunit.core.importer.JavaClassProcessor - Processing class 'java/util/ImmutableCollections$AbstractImmutableMap'
19:37:23.965 [Test worker] DEBUG com.tngtech.archunit.core.importer.JavaClassProcessor - Processing class 'java/util/KeyValueHolder'
19:37:23.965 [Test worker] DEBUG com.tngtech.archunit.core.importer.JavaClassProcessor - Processing class 'java/lang/invoke/SerializedLambda'
19:37:23.965 [Test worker] DEBUG com.tngtech.archunit.core.importer.JavaClassProcessor - Processing class 'java/lang/Runnable'
19:37:23.965 [Test worker] DEBUG com.tngtech.archunit.core.importer.JavaClassProcessor - Processing class 'java/util/function/Supplier'
19:37:23.965 [Test worker] DEBUG com.tngtech.archunit.core.importer.JavaClassProcessor - Processing class 'java/util/ImmutableCollections$AbstractImmutableSet'
19:37:23.966 [Test worker] DEBUG com.tngtech.archunit.core.importer.JavaClassProcessor - Processing class 'jdk/internal/access/JavaLangAccess'
19:37:23.966 [Test worker] DEBUG com.tngtech.archunit.core.importer.JavaClassProcessor - Processing class 'java/util/regex/Pattern$CharPredicate'
19:37:23.966 [Test worker] DEBUG com.tngtech.archunit.core.importer.JavaClassProcessor - Processing class 'java/util/regex/Pattern$GroupHead'
19:37:23.966 [Test worker] DEBUG com.tngtech.archunit.core.importer.JavaClassProcessor - Processing class 'java/util/regex/Matcher'
19:37:23.966 [Test worker] DEBUG com.tngtech.archunit.core.importer.JavaClassProcessor - Processing class 'java/util/regex/Pattern$Slice'
19:37:23.966 [Test worker] DEBUG com.tngtech.archunit.core.importer.JavaClassProcessor - Processing class 'java/util/regex/Pattern$Begin'
19:37:23.966 [Test worker] DEBUG com.tngtech.archunit.core.importer.JavaClassProcessor - Processing class 'java/util/regex/Pattern$First'
19:37:23.966 [Test worker] DEBUG com.tngtech.archunit.core.importer.JavaClassProcessor - Processing class 'java/util/regex/Pattern$Loop'
19:37:23.966 [Test worker] DEBUG com.tngtech.archunit.core.importer.JavaClassProcessor - Processing class 'java/util/regex/PatternSyntaxException'
19:37:23.966 [Test worker] DEBUG com.tngtech.archunit.core.importer.JavaClassProcessor - Processing class 'java/util/regex/Pattern$BitClass'
19:37:23.967 [Test worker] DEBUG com.tngtech.archunit.core.importer.JavaClassProcessor - Processing class 'java/util/regex/Pattern$CharProperty'
19:37:23.967 [Test worker] DEBUG com.tngtech.archunit.core.importer.JavaClassProcessor - Processing class 'java/util/regex/Pattern$BmpCharPredicate'
19:37:23.967 [Test worker] DEBUG com.tngtech.archunit.core.importer.JavaClassProcessor - Processing class 'java/util/regex/Pattern$Ques'
19:37:23.967 [Test worker] DEBUG com.tngtech.archunit.core.importer.JavaClassProcessor - Processing class 'java/util/regex/Pattern$Curly'
19:37:23.967 [Test worker] DEBUG com.tngtech.archunit.core.importer.JavaClassProcessor - Processing class 'java/util/regex/Pattern$Qtype'
19:37:23.967 [Test worker] DEBUG com.tngtech.archunit.core.importer.JavaClassProcessor - Processing class 'java/util/regex/Pattern$BmpCharProperty'
19:37:23.967 [Test worker] DEBUG com.tngtech.archunit.core.importer.JavaClassProcessor - Processing class 'java/util/regex/Pattern$TreeInfo'
19:37:23.967 [Test worker] DEBUG com.tngtech.archunit.core.importer.JavaClassProcessor - Processing class 'java/util/function/BinaryOperator'
19:37:23.967 [Test worker] DEBUG com.tngtech.archunit.core.importer.JavaClassProcessor - Processing class 'java/util/function/ToIntFunction'
19:37:23.967 [Test worker] DEBUG com.tngtech.archunit.core.importer.JavaClassProcessor - Processing class 'java/util/function/ToLongFunction'
19:37:23.967 [Test worker] DEBUG com.tngtech.archunit.core.importer.JavaClassProcessor - Processing class 'java/util/function/ToDoubleFunction'
19:37:23.968 [Test worker] DEBUG com.tngtech.archunit.core.importer.JavaClassProcessor - Processing class 'java/util/stream/Collectors$1PairBox'
19:37:23.968 [Test worker] DEBUG com.tngtech.archunit.core.importer.JavaClassProcessor - Processing class 'java/util/HashMap'
19:37:23.968 [Test worker] DEBUG com.tngtech.archunit.core.importer.JavaClassProcessor - Processing class 'java/util/stream/Collectors$Partition'
19:37:23.968 [Test worker] DEBUG com.tngtech.archunit.core.importer.JavaClassProcessor - Processing class 'java/util/stream/Collectors$1OptionalBox'
19:37:23.968 [Test worker] DEBUG com.tngtech.archunit.core.importer.JavaClassProcessor - Processing class 'java/util/StringJoiner'
19:37:23.968 [Test worker] DEBUG com.tngtech.archunit.core.importer.JavaClassProcessor - Processing class 'java/util/HashSet'
19:37:23.969 [Test worker] DEBUG com.tngtech.archunit.core.importer.JavaClassProcessor - Processing class 'java/util/ArrayList'
19:37:23.969 [Test worker] DEBUG com.tngtech.archunit.core.importer.JavaClassProcessor - Processing class 'java/util/function/DoublePredicate'
19:37:23.969 [Test worker] DEBUG com.tngtech.archunit.core.importer.JavaClassProcessor - Processing class 'java/util/function/DoubleUnaryOperator'
19:37:23.969 [Test worker] DEBUG com.tngtech.archunit.core.importer.JavaClassProcessor - Processing class 'java/util/function/DoubleFunction'
19:37:23.969 [Test worker] DEBUG com.tngtech.archunit.core.importer.JavaClassProcessor - Processing class 'java/util/function/DoubleToIntFunction'
19:37:23.969 [Test worker] DEBUG com.tngtech.archunit.core.importer.JavaClassProcessor - Processing class 'java/util/function/DoubleToLongFunction'
19:37:23.969 [Test worker] DEBUG com.tngtech.archunit.core.importer.JavaClassProcessor - Processing class 'java/util/stream/DoubleStream$DoubleMapMultiConsumer'
19:37:23.969 [Test worker] DEBUG com.tngtech.archunit.core.importer.JavaClassProcessor - Processing class 'java/util/function/DoubleBinaryOperator'
19:37:23.969 [Test worker] DEBUG com.tngtech.archunit.core.importer.JavaClassProcessor - Processing class 'java/util/OptionalDouble'
19:37:23.969 [Test worker] DEBUG com.tngtech.archunit.core.importer.JavaClassProcessor - Processing class 'java/util/function/ObjDoubleConsumer'
19:37:23.969 [Test worker] DEBUG com.tngtech.archunit.core.importer.JavaClassProcessor - Processing class 'java/util/PrimitiveIterator$OfDouble'
19:37:23.969 [Test worker] DEBUG com.tngtech.archunit.core.importer.JavaClassProcessor - Processing class 'java/util/Spliterator$OfDouble'
19:37:23.969 [Test worker] DEBUG com.tngtech.archunit.core.importer.JavaClassProcessor - Processing class 'java/util/stream/DoubleStream$Builder'
19:37:23.969 [Test worker] DEBUG com.tngtech.archunit.core.importer.JavaClassProcessor - Processing class 'java/util/function/DoubleSupplier'
19:37:23.969 [Test worker] DEBUG com.tngtech.archunit.core.importer.JavaClassProcessor - Processing class 'java/util/function/IntPredicate'
19:37:23.969 [Test worker] DEBUG com.tngtech.archunit.core.importer.JavaClassProcessor - Processing class 'java/util/function/IntUnaryOperator'
19:37:23.969 [Test worker] DEBUG com.tngtech.archunit.core.importer.JavaClassProcessor - Processing class 'java/util/function/IntToLongFunction'
19:37:23.969 [Test worker] DEBUG com.tngtech.archunit.core.importer.JavaClassProcessor - Processing class 'java/util/function/IntToDoubleFunction'
19:37:23.969 [Test worker] DEBUG com.tngtech.archunit.core.importer.JavaClassProcessor - Processing class 'java/util/stream/IntStream$IntMapMultiConsumer'
19:37:23.969 [Test worker] DEBUG com.tngtech.archunit.core.importer.JavaClassProcessor - Processing class 'java/util/function/IntBinaryOperator'
19:37:23.969 [Test worker] DEBUG com.tngtech.archunit.core.importer.JavaClassProcessor - Processing class 'java/util/OptionalInt'
19:37:23.969 [Test worker] DEBUG com.tngtech.archunit.core.importer.JavaClassProcessor - Processing class 'java/util/function/ObjIntConsumer'
19:37:23.970 [Test worker] DEBUG com.tngtech.archunit.core.importer.JavaClassProcessor - Processing class 'java/util/PrimitiveIterator$OfInt'
19:37:23.970 [Test worker] DEBUG com.tngtech.archunit.core.importer.JavaClassProcessor - Processing class 'java/util/stream/IntStream$Builder'
19:37:23.970 [Test worker] DEBUG com.tngtech.archunit.core.importer.JavaClassProcessor - Processing class 'java/util/function/IntSupplier'
19:37:23.970 [Test worker] DEBUG com.tngtech.archunit.core.importer.JavaClassProcessor - Processing class 'java/util/function/LongPredicate'
19:37:23.970 [Test worker] DEBUG com.tngtech.archunit.core.importer.JavaClassProcessor - Processing class 'java/util/function/LongUnaryOperator'
19:37:23.970 [Test worker] DEBUG com.tngtech.archunit.core.importer.JavaClassProcessor - Processing class 'java/util/function/LongFunction'
19:37:23.970 [Test worker] DEBUG com.tngtech.archunit.core.importer.JavaClassProcessor - Processing class 'java/util/function/LongToIntFunction'
19:37:23.970 [Test worker] DEBUG com.tngtech.archunit.core.importer.JavaClassProcessor - Processing class 'java/util/function/LongToDoubleFunction'
19:37:23.970 [Test worker] DEBUG com.tngtech.archunit.core.importer.JavaClassProcessor - Processing class 'java/util/stream/LongStream$LongMapMultiConsumer'
19:37:23.970 [Test worker] DEBUG com.tngtech.archunit.core.importer.JavaClassProcessor - Processing class 'java/util/function/LongBinaryOperator'
19:37:23.970 [Test worker] DEBUG com.tngtech.archunit.core.importer.JavaClassProcessor - Processing class 'java/util/OptionalLong'
19:37:23.970 [Test worker] DEBUG com.tngtech.archunit.core.importer.JavaClassProcessor - Processing class 'java/util/function/ObjLongConsumer'
19:37:23.970 [Test worker] DEBUG com.tngtech.archunit.core.importer.JavaClassProcessor - Processing class 'java/util/PrimitiveIterator$OfLong'
19:37:23.970 [Test worker] DEBUG com.tngtech.archunit.core.importer.JavaClassProcessor - Processing class 'java/util/Spliterator$OfLong'
19:37:23.970 [Test worker] DEBUG com.tngtech.archunit.core.importer.JavaClassProcessor - Processing class 'java/util/stream/LongStream$Builder'
19:37:23.970 [Test worker] DEBUG com.tngtech.archunit.core.importer.JavaClassProcessor - Processing class 'java/util/function/LongSupplier'
19:37:23.970 [Test worker] DEBUG com.tngtech.archunit.core.importer.JavaClassProcessor - Processing class 'java/util/stream/Stream$Builder'
19:37:23.971 [Test worker] DEBUG com.tngtech.archunit.core.importer.JavaClassProcessor - Processing class 'org/slf4j/spi/LoggingEventBuilder'
19:37:23.971 [Test worker] DEBUG com.tngtech.archunit.core.importer.JavaClassProcessor - Processing class 'org/slf4j/event/Level'
19:37:23.971 [Test worker] DEBUG com.tngtech.archunit.core.importer.JavaClassProcessor - Processing class 'org/slf4j/Marker'
19:37:23.971 [Test worker] DEBUG com.tngtech.archunit.core.importer.JavaClassProcessor - Processing class 'org/slf4j/helpers/SubstituteServiceProvider'
19:37:23.971 [Test worker] DEBUG com.tngtech.archunit.core.importer.JavaClassProcessor - Processing class 'org/slf4j/helpers/NOP_FallbackServiceProvider'
19:37:23.971 [Test worker] DEBUG com.tngtech.archunit.core.importer.JavaClassProcessor - Processing class 'java/util/ServiceLoader'
19:37:23.972 [Test worker] DEBUG com.tngtech.archunit.core.importer.JavaClassProcessor - Processing class 'java/lang/ClassLoader'
19:37:23.972 [Test worker] DEBUG com.tngtech.archunit.core.importer.JavaClassProcessor - Processing class 'org/slf4j/event/SubstituteLoggingEvent'
19:37:23.972 [Test worker] DEBUG com.tngtech.archunit.core.importer.JavaClassProcessor - Processing class 'org/slf4j/ILoggerFactory'
19:37:23.972 [Test worker] DEBUG com.tngtech.archunit.core.importer.JavaClassProcessor - Processing class 'org/slf4j/IMarkerFactory'
19:37:23.972 [Test worker] DEBUG com.tngtech.archunit.core.importer.JavaClassProcessor - Processing class 'org/slf4j/spi/MDCAdapter'
19:37:23.973 [Test worker] DEBUG com.tngtech.archunit.core.importer.JavaClassProcessor - Processing class 'org/springframework/aot/hint/ReflectionHints'
19:37:23.973 [Test worker] DEBUG com.tngtech.archunit.core.importer.JavaClassProcessor - Processing class 'java/lang/reflect/AnnotatedElement'
19:37:23.973 [Test worker] DEBUG com.tngtech.archunit.core.importer.JavaClassProcessor - Processing class 'java/lang/reflect/Constructor'
19:37:23.973 [Test worker] DEBUG com.tngtech.archunit.core.importer.JavaClassProcessor - Processing class 'java/lang/reflect/Field'
19:37:23.973 [Test worker] DEBUG com.tngtech.archunit.core.importer.JavaClassProcessor - Processing class 'java/lang/reflect/Method'
19:37:23.974 [Test worker] DEBUG com.tngtech.archunit.core.importer.JavaClassProcessor - Processing class 'org/springframework/http/HttpStatus$Series'
19:37:23.974 [Test worker] DEBUG com.tngtech.archunit.core.importer.JavaClassProcessor - Processing class 'org/springframework/jdbc/core/ConnectionCallback'
19:37:23.974 [Test worker] DEBUG com.tngtech.archunit.core.importer.JavaClassProcessor - Processing class 'org/springframework/dao/DataAccessException'
19:37:23.974 [Test worker] DEBUG com.tngtech.archunit.core.importer.JavaClassProcessor - Processing class 'org/springframework/jdbc/core/StatementCallback'
19:37:23.974 [Test worker] DEBUG com.tngtech.archunit.core.importer.JavaClassProcessor - Processing class 'org/springframework/jdbc/core/ResultSetExtractor'
19:37:23.974 [Test worker] DEBUG com.tngtech.archunit.core.importer.JavaClassProcessor - Processing class 'org/springframework/jdbc/core/RowCallbackHandler'
19:37:23.975 [Test worker] DEBUG com.tngtech.archunit.core.importer.JavaClassProcessor - Processing class 'org/springframework/jdbc/core/RowMapper'
19:37:23.975 [Test worker] DEBUG com.tngtech.archunit.core.importer.JavaClassProcessor - Processing class 'org/springframework/jdbc/support/rowset/SqlRowSet'
19:37:23.975 [Test worker] DEBUG com.tngtech.archunit.core.importer.JavaClassProcessor - Processing class 'org/springframework/jdbc/core/PreparedStatementCreator'
19:37:23.975 [Test worker] DEBUG com.tngtech.archunit.core.importer.JavaClassProcessor - Processing class 'org/springframework/jdbc/core/PreparedStatementCallback'
19:37:23.975 [Test worker] DEBUG com.tngtech.archunit.core.importer.JavaClassProcessor - Processing class 'org/springframework/jdbc/core/PreparedStatementSetter'
19:37:23.975 [Test worker] DEBUG com.tngtech.archunit.core.importer.JavaClassProcessor - Processing class 'org/springframework/jdbc/support/KeyHolder'
19:37:23.975 [Test worker] DEBUG com.tngtech.archunit.core.importer.JavaClassProcessor - Processing class 'org/springframework/jdbc/core/BatchPreparedStatementSetter'
19:37:23.976 [Test worker] DEBUG com.tngtech.archunit.core.importer.JavaClassProcessor - Processing class 'org/springframework/jdbc/core/ParameterizedPreparedStatementSetter'
19:37:23.976 [Test worker] DEBUG com.tngtech.archunit.core.importer.JavaClassProcessor - Processing class 'org/springframework/jdbc/core/CallableStatementCreator'
19:37:23.976 [Test worker] DEBUG com.tngtech.archunit.core.importer.JavaClassProcessor - Processing class 'org/springframework/jdbc/core/CallableStatementCallback'
19:37:23.977 [Test worker] DEBUG com.tngtech.archunit.core.importer.JavaClassProcessor - Processing class 'java/sql/Connection'
19:37:23.977 [Test worker] DEBUG com.tngtech.archunit.core.importer.JavaClassProcessor - Processing class 'org/springframework/jdbc/datasource/ConnectionProxy'
19:37:23.977 [Test worker] DEBUG com.tngtech.archunit.core.importer.JavaClassProcessor - Processing class 'org/springframework/jdbc/core/ParameterDisposer'
19:37:23.978 [Test worker] DEBUG com.tngtech.archunit.core.importer.JavaClassProcessor - Processing class 'org/springframework/jdbc/core/SqlReturnResultSet'
19:37:23.978 [Test worker] DEBUG com.tngtech.archunit.core.importer.JavaClassProcessor - Processing class 'java/sql/CallableStatement'
19:37:23.978 [Test worker] DEBUG com.tngtech.archunit.core.importer.JavaClassProcessor - Processing class 'java/sql/SQLException'
19:37:23.978 [Test worker] DEBUG com.tngtech.archunit.core.importer.JavaClassProcessor - Processing class 'org/springframework/jdbc/core/SqlOutParameter'
19:37:23.979 [Test worker] DEBUG com.tngtech.archunit.core.importer.JavaClassProcessor - Processing class 'java/sql/ResultSet'
19:37:23.979 [Test worker] DEBUG com.tngtech.archunit.core.importer.JavaClassProcessor - Processing class 'org/springframework/jdbc/core/ResultSetSupportingSqlParameter'
19:37:23.979 [Test worker] DEBUG com.tngtech.archunit.core.importer.JavaClassProcessor - Processing class 'java/sql/Statement'
19:37:23.979 [Test worker] DEBUG com.tngtech.archunit.core.importer.JavaClassProcessor - Processing class 'java/sql/SQLWarning'
19:37:23.979 [Test worker] DEBUG com.tngtech.archunit.core.importer.JavaClassProcessor - Processing class 'org/springframework/jdbc/SQLWarningException'
19:37:23.979 [Test worker] DEBUG com.tngtech.archunit.core.importer.JavaClassProcessor - Processing class 'org/springframework/jdbc/core/SqlProvider'
19:37:23.979 [Test worker] DEBUG com.tngtech.archunit.core.importer.JavaClassProcessor - Processing class 'java/sql/PreparedStatement'
19:37:23.980 [Test worker] DEBUG com.tngtech.archunit.core.importer.JavaClassProcessor - Processing class 'org/springframework/jdbc/core/InterruptibleBatchPreparedStatementSetter'
19:37:23.980 [Test worker] DEBUG com.tngtech.archunit.core.importer.JavaClassProcessor - Processing class 'org/apache/commons/logging/Log'
19:37:23.980 [Test worker] DEBUG com.tngtech.archunit.core.importer.JavaClassProcessor - Processing class 'javax/sql/DataSource'
19:37:23.980 [Test worker] DEBUG com.tngtech.archunit.core.importer.JavaClassProcessor - Processing class 'org/springframework/jdbc/support/SQLExceptionTranslator'
19:37:23.981 [Test worker] DEBUG com.tngtech.archunit.core.importer.JavaClassProcessor - Processing class 'org/springframework/aot/hint/BindingReflectionHintsRegistrar'
19:37:23.981 [Test worker] DEBUG com.tngtech.archunit.core.importer.JavaClassProcessor - Processing class 'org/springframework/core/MethodParameter'
19:37:23.981 [Test worker] DEBUG com.tngtech.archunit.core.importer.JavaClassProcessor - Processing class 'org/springframework/web/bind/annotation/RequestPart'
19:37:23.982 [Test worker] DEBUG com.tngtech.archunit.core.importer.JavaClassProcessor - Processing class 'org/springframework/http/HttpEntity'
19:37:23.982 [Test worker] DEBUG com.tngtech.archunit.core.importer.JavaClassProcessor - Processing class 'org/springframework/web/bind/annotation/ModelAttribute'
19:37:23.982 [Test worker] DEBUG com.tngtech.archunit.core.importer.JavaClassProcessor - Processing class 'java/lang/reflect/Type'
19:37:23.982 [Test worker] DEBUG com.tngtech.archunit.core.importer.JavaClassProcessor - Processing class 'org/springframework/http/HttpMethod'
]]></system-out>
  <system-err><![CDATA[]]></system-err>
</testsuite>
