<?xml version="1.0" encoding="UTF-8"?>
<testsuite name="com.home.eshopee.sales.cart.CartApplicationTest" tests="3" skipped="0" failures="0" errors="0" timestamp="2023-04-28T14:08:27" hostname="DESKTOP-3OMJI0S" time="1.886">
  <properties/>
  <testcase name="item_is_added()" classname="com.home.eshopee.sales.cart.CartApplicationTest" time="1.768"/>
  <testcase name="cart_is_emptied()" classname="com.home.eshopee.sales.cart.CartApplicationTest" time="0.053"/>
  <testcase name="item_is_removed()" classname="com.home.eshopee.sales.cart.CartApplicationTest" time="0.062"/>
  <system-out><![CDATA[19:38:24.075 [Test worker] DEBUG org.springframework.boot.test.context.SpringBootTestContextBootstrapper - Neither @ContextConfiguration nor @ContextHierarchy found for test class [CartApplicationTest]: using SpringBootContextLoader
19:38:24.079 [Test worker] DEBUG org.springframework.test.context.support.AbstractContextLoader - Could not detect default resource locations for test class [com.home.eshopee.sales.cart.CartApplicationTest]: no resource found for suffixes {-context.xml, Context.groovy}.
19:38:24.080 [Test worker] INFO org.springframework.test.context.support.AnnotationConfigContextLoaderUtils - Could not detect default configuration classes for test class [com.home.eshopee.sales.cart.CartApplicationTest]: CartApplicationTest does not declare any static, non-private, non-final, nested classes annotated with @Configuration.
19:38:24.096 [Test worker] DEBUG org.springframework.boot.test.context.SpringBootTestContextBootstrapper - Using ContextCustomizers for test class [CartApplicationTest]: [DisableObservabilityContextCustomizer, PropertyMappingContextCustomizer, Customizer, ExcludeFilterContextCustomizer, DuplicateJsonObjectContextCustomizer, MockitoContextCustomizer, TestRestTemplateContextCustomizer]
19:38:24.138 [Test worker] DEBUG org.springframework.context.annotation.ClassPathScanningCandidateComponentProvider - Identified candidate component class: file [D:\CODE\microservice\ddd-eshopee-EXPT-modulith\shopee-microservices\sales\cart\application\build\classes\java\main\com\home\eshopee\sales\cart\CartApplication.class]
19:38:24.141 [Test worker] INFO org.springframework.boot.test.context.SpringBootTestContextBootstrapper - Found @SpringBootConfiguration com.home.eshopee.sales.cart.CartApplication for test class com.home.eshopee.sales.cart.CartApplicationTest
19:38:24.242 [Test worker] DEBUG org.springframework.boot.test.context.SpringBootTestContextBootstrapper - Using TestExecutionListeners for test class [CartApplicationTest]: [ServletTestExecutionListener, DirtiesContextBeforeModesTestExecutionListener, ApplicationEventsTestExecutionListener, MockitoTestExecutionListener, DependencyInjectionTestExecutionListener, DirtiesContextTestExecutionListener, TransactionalTestExecutionListener, SqlScriptsTestExecutionListener, EventPublishingTestExecutionListener, RestDocsTestExecutionListener, MockRestServiceServerResetTestExecutionListener, MockMvcPrintOnlyOnFailureTestExecutionListener, WebDriverTestExecutionListener, MockWebServiceServerTestExecutionListener, ResetMocksTestExecutionListener]
19:38:24.243 [Test worker] DEBUG org.springframework.test.context.support.AbstractDirtiesContextTestExecutionListener - Before test class: class [CartApplicationTest], class annotated with @DirtiesContext [false] with mode [null]
19:38:24.258 [Test worker] DEBUG org.springframework.test.context.support.DependencyInjectionTestExecutionListener - Performing dependency injection for test class com.home.eshopee.sales.cart.CartApplicationTest

  .   ____          _            __ _ _
 /\\ / ___'_ __ _ _(_)_ __  __ _ \ \ \ \
( ( )\___ | '_ | '_| | '_ \/ _` | \ \ \ \
 \\/  ___)| |_)| | | | | || (_| |  ) ) ) )
  '  |____| .__|_| |_|_| |_\__, | / / / /
 =========|_|==============|___/=/_/_/_/
 :: Spring Boot ::                (v3.0.4)

2023-04-28T19:38:24.483+05:30  INFO 14116 --- [    Test worker] c.h.e.sales.cart.CartApplicationTest     : Starting CartApplicationTest using Java 17.0.1 with PID 14116 (started by ADMIN in D:\CODE\microservice\ddd-eshopee-EXPT-modulith\shopee-microservices\sales\cart\application)
2023-04-28T19:38:24.484+05:30  INFO 14116 --- [    Test worker] c.h.e.sales.cart.CartApplicationTest     : No active profile set, falling back to 1 default profile: "default"
2023-04-28T19:38:25.165+05:30  INFO 14116 --- [    Test worker] .s.d.r.c.RepositoryConfigurationDelegate : Multiple Spring Data modules found, entering strict repository configuration mode
2023-04-28T19:38:25.169+05:30  INFO 14116 --- [    Test worker] .s.d.r.c.RepositoryConfigurationDelegate : Bootstrapping Spring Data Redis repositories in DEFAULT mode.
2023-04-28T19:38:25.197+05:30  INFO 14116 --- [    Test worker] .s.d.r.c.RepositoryConfigurationDelegate : Finished Spring Data repository scanning in 16 ms. Found 0 Redis repository interfaces.
2023-04-28T19:38:25.723+05:30  INFO 14116 --- [    Test worker] o.s.b.w.embedded.tomcat.TomcatWebServer  : Tomcat initialized with port(s): 0 (http)
2023-04-28T19:38:25.734+05:30  INFO 14116 --- [    Test worker] o.apache.catalina.core.StandardService   : Starting service [Tomcat]
2023-04-28T19:38:25.735+05:30  INFO 14116 --- [    Test worker] o.apache.catalina.core.StandardEngine    : Starting Servlet engine: [Apache Tomcat/10.1.5]
2023-04-28T19:38:25.848+05:30  INFO 14116 --- [    Test worker] o.a.c.c.C.[Tomcat].[localhost].[/]       : Initializing Spring embedded WebApplicationContext
2023-04-28T19:38:25.851+05:30  INFO 14116 --- [    Test worker] w.s.c.ServletWebServerApplicationContext : Root WebApplicationContext: initialization completed in 1162 ms
2023-04-28T19:38:26.317+05:30  INFO 14116 --- [    Test worker] com.zaxxer.hikari.HikariDataSource       : HikariPool-1 - Starting...
2023-04-28T19:38:26.501+05:30  INFO 14116 --- [    Test worker] com.zaxxer.hikari.pool.HikariPool        : HikariPool-1 - Added connection conn0: url=jdbc:h2:mem:198c0eda-7a27-4bf5-8728-d76f6d0bba9d user=SA
2023-04-28T19:38:26.504+05:30  INFO 14116 --- [    Test worker] com.zaxxer.hikari.HikariDataSource       : HikariPool-1 - Start completed.
2023-04-28T19:38:27.336+05:30  INFO 14116 --- [    Test worker] o.s.b.w.embedded.tomcat.TomcatWebServer  : Tomcat started on port(s): 54988 (http) with context path ''
2023-04-28T19:38:27.345+05:30  INFO 14116 --- [    Test worker] c.h.e.sales.cart.CartApplicationTest     : Started CartApplicationTest in 3.065 seconds (process running for 3.959)
2023-04-28T19:38:28.374+05:30  INFO 14116 --- [o-auto-1-exec-1] o.a.c.c.C.[Tomcat].[localhost].[/]       : Initializing Spring DispatcherServlet 'dispatcherServlet'
2023-04-28T19:38:28.374+05:30  INFO 14116 --- [o-auto-1-exec-1] o.s.web.servlet.DispatcherServlet        : Initializing Servlet 'dispatcherServlet'
2023-04-28T19:38:28.375+05:30  INFO 14116 --- [o-auto-1-exec-1] o.s.web.servlet.DispatcherServlet        : Completed initialization in 1 ms
2023-04-28T19:38:29.211+05:30  WARN 14116 --- [o-auto-1-exec-7] ocalVariableTableParameterNameDiscoverer : Using deprecated '-debug' fallback for parameter name resolution. Compile the affected code with '-parameters' instead or avoid its introspection: com.home.eshopee.sales.cart.rest.CartController
]]></system-out>
  <system-err><![CDATA[]]></system-err>
</testsuite>
