<?xml version="1.0" encoding="UTF-8"?>
<testsuite name="com.home.eshopee.portal.web.PortalControllerTest" tests="1" skipped="0" failures="0" errors="0" timestamp="2023-04-28T14:07:41" hostname="DESKTOP-3OMJI0S" time="0.533">
  <properties/>
  <testcase name="index_works()" classname="com.home.eshopee.portal.web.PortalControllerTest" time="0.533"/>
  <system-out><![CDATA[19:37:40.273 [Test worker] DEBUG org.springframework.test.context.support.AbstractContextLoader - Could not detect default resource locations for test class [com.home.eshopee.portal.web.PortalControllerTest]: no resource found for suffixes {-context.xml, Context.groovy}.
19:37:40.315 [Test worker] DEBUG org.springframework.boot.test.autoconfigure.web.servlet.WebMvcTestContextBootstrapper - Using ContextCustomizers for test class [PortalControllerTest]: [DisableAutoConfigurationContextCustomizer, DisableObservabilityContextCustomizer, TypeExcludeFiltersContextCustomizer, PropertyMappingContextCustomizer, Customizer, ImportsContextCustomizer, ExcludeFilterContextCustomizer, DuplicateJsonObjectContextCustomizer, MockitoContextCustomizer]
19:37:40.333 [Test worker] DEBUG org.springframework.test.context.util.TestContextSpringFactoriesUtils - Skipping candidate TestExecutionListener [org.springframework.test.context.transaction.TransactionalTestExecutionListener] due to a missing dependency. Specify custom TestExecutionListener classes or make the default TestExecutionListener classes and their required dependencies available. Offending class: [org/springframework/transaction/interceptor/TransactionAttributeSource]
19:37:40.334 [Test worker] DEBUG org.springframework.test.context.util.TestContextSpringFactoriesUtils - Skipping candidate TestExecutionListener [org.springframework.test.context.jdbc.SqlScriptsTestExecutionListener] due to a missing dependency. Specify custom TestExecutionListener classes or make the default TestExecutionListener classes and their required dependencies available. Offending class: [org/springframework/transaction/interceptor/TransactionAttribute]
19:37:40.337 [Test worker] DEBUG org.springframework.boot.test.autoconfigure.web.servlet.WebMvcTestContextBootstrapper - Using TestExecutionListeners for test class [PortalControllerTest]: [ServletTestExecutionListener, DirtiesContextBeforeModesTestExecutionListener, ApplicationEventsTestExecutionListener, MockitoTestExecutionListener, DependencyInjectionTestExecutionListener, DirtiesContextTestExecutionListener, EventPublishingTestExecutionListener, RestDocsTestExecutionListener, MockRestServiceServerResetTestExecutionListener, MockMvcPrintOnlyOnFailureTestExecutionListener, WebDriverTestExecutionListener, MockWebServiceServerTestExecutionListener, ResetMocksTestExecutionListener]
19:37:40.338 [Test worker] DEBUG org.springframework.test.context.support.AbstractDirtiesContextTestExecutionListener - Before test class: class [PortalControllerTest], class annotated with @DirtiesContext [false] with mode [null]
19:37:40.347 [Test worker] DEBUG org.springframework.test.context.support.DependencyInjectionTestExecutionListener - Performing dependency injection for test class com.home.eshopee.portal.web.PortalControllerTest

  .   ____          _            __ _ _
 /\\ / ___'_ __ _ _(_)_ __  __ _ \ \ \ \
( ( )\___ | '_ | '_| | '_ \/ _` | \ \ \ \
 \\/  ___)| |_)| | | | | || (_| |  ) ) ) )
  '  |____| .__|_| |_|_| |_\__, | / / / /
 =========|_|==============|___/=/_/_/_/
 :: Spring Boot ::                (v3.0.4)

2023-04-28T19:37:40.628+05:30  INFO 21908 --- [    Test worker] c.h.e.portal.web.PortalControllerTest    : Starting PortalControllerTest using Java 17.0.1 with PID 21908 (started by ADMIN in D:\CODE\microservice\ddd-eshopee-EXPT-modulith\shopee-microservices\portal\web)
2023-04-28T19:37:40.630+05:30  INFO 21908 --- [    Test worker] c.h.e.portal.web.PortalControllerTest    : No active profile set, falling back to 1 default profile: "default"
2023-04-28T19:37:41.163+05:30  INFO 21908 --- [    Test worker] o.s.b.a.w.s.WelcomePageHandlerMapping    : Adding welcome page template: index
2023-04-28T19:37:41.274+05:30  INFO 21908 --- [    Test worker] o.s.b.t.m.w.SpringBootMockServletContext : Initializing Spring TestDispatcherServlet ''
2023-04-28T19:37:41.275+05:30  INFO 21908 --- [    Test worker] o.s.t.web.servlet.TestDispatcherServlet  : Initializing Servlet ''
2023-04-28T19:37:41.278+05:30  INFO 21908 --- [    Test worker] o.s.t.web.servlet.TestDispatcherServlet  : Completed initialization in 1 ms
2023-04-28T19:37:41.301+05:30  INFO 21908 --- [    Test worker] c.h.e.portal.web.PortalControllerTest    : Started PortalControllerTest in 0.916 seconds (process running for 1.722)
]]></system-out>
  <system-err><![CDATA[]]></system-err>
</testsuite>
