<?xml version="1.0" encoding="UTF-8"?>
<testsuite name="com.home.eshopee.sales.catalog.category.CategoryIdTest" tests="2" skipped="0" failures="0" errors="0" timestamp="2023-04-28T14:08:47" hostname="DESKTOP-3OMJI0S" time="0.044">
  <properties/>
  <testcase name="fails_for_null()" classname="com.home.eshopee.sales.catalog.category.CategoryIdTest" time="0.013"/>
  <testcase name="string_id_value()" classname="com.home.eshopee.sales.catalog.category.CategoryIdTest" time="0.031"/>
  <system-out><![CDATA[]]></system-out>
  <system-err><![CDATA[]]></system-err>
</testsuite>
