<?xml version="1.0" encoding="UTF-8"?>
<testsuite name="com.home.eshopee.sales.catalog.category.UriTest" tests="6" skipped="0" failures="0" errors="0" timestamp="2023-04-28T14:08:47" hostname="DESKTOP-3OMJI0S" time="0.008">
  <properties/>
  <testcase name="uri_fails_for_a_null_value()" classname="com.home.eshopee.sales.catalog.category.UriTest" time="0.001"/>
  <testcase name="uri_fails_for_an_empty_string()" classname="com.home.eshopee.sales.catalog.category.UriTest" time="0.001"/>
  <testcase name="uri_value_is_trimmed()" classname="com.home.eshopee.sales.catalog.category.UriTest" time="0.0"/>
  <testcase name="uri_fails_for_invalid_values()" classname="com.home.eshopee.sales.catalog.category.UriTest" time="0.002"/>
  <testcase name="uri_value()" classname="com.home.eshopee.sales.catalog.category.UriTest" time="0.0"/>
  <testcase name="uri_accepts_valid_values()" classname="com.home.eshopee.sales.catalog.category.UriTest" time="0.002"/>
  <system-out><![CDATA[]]></system-out>
  <system-err><![CDATA[]]></system-err>
</testsuite>
