<?xml version="1.0" encoding="UTF-8"?>
<testsuite name="com.home.eshopee.sales.catalog.product.DescriptionTest" tests="2" skipped="0" failures="0" errors="0" timestamp="2023-04-28T14:08:47" hostname="DESKTOP-3OMJI0S" time="0.001">
  <properties/>
  <testcase name="description_value()" classname="com.home.eshopee.sales.catalog.product.DescriptionTest" time="0.001"/>
  <testcase name="description_value_is_trimmed()" classname="com.home.eshopee.sales.catalog.product.DescriptionTest" time="0.0"/>
  <system-out><![CDATA[]]></system-out>
  <system-err><![CDATA[]]></system-err>
</testsuite>
