<?xml version="1.0" encoding="UTF-8"?>
<testsuite name="com.home.eshopee.shipping.dispatching.listeners.DispatchingListenersTest" tests="4" skipped="0" failures="0" errors="0" timestamp="2023-04-28T14:09:46" hostname="DESKTOP-3OMJI0S" time="0.397">
  <properties/>
  <testcase name="fetched_called()" classname="com.home.eshopee.shipping.dispatching.listeners.DispatchingListenersTest" time="0.39"/>
  <testcase name="accepted_called()" classname="com.home.eshopee.shipping.dispatching.listeners.DispatchingListenersTest" time="0.002"/>
  <testcase name="prepared_called()" classname="com.home.eshopee.shipping.dispatching.listeners.DispatchingListenersTest" time="0.002"/>
  <testcase name="paid_called()" classname="com.home.eshopee.shipping.dispatching.listeners.DispatchingListenersTest" time="0.001"/>
  <system-out><![CDATA[]]></system-out>
  <system-err><![CDATA[]]></system-err>
</testsuite>
