<?xml version="1.0" encoding="UTF-8"?>
<testsuite name="com.home.eshopee.billing.payment.rest.PaymentControllerTest" tests="1" skipped="0" failures="0" errors="0" timestamp="2023-04-28T14:08:20" hostname="DESKTOP-3OMJI0S" time="0.125">
  <properties/>
  <testcase name="all_payments()" classname="com.home.eshopee.billing.payment.rest.PaymentControllerTest" time="0.125"/>
  <system-out><![CDATA[19:38:19.230 [Test worker] DEBUG org.springframework.test.context.support.AbstractContextLoader - Could not detect default resource locations for test class [com.home.eshopee.billing.payment.rest.PaymentControllerTest]: no resource found for suffixes {-context.xml, Context.groovy}.
19:38:19.270 [Test worker] DEBUG org.springframework.boot.test.autoconfigure.web.servlet.WebMvcTestContextBootstrapper - Using ContextCustomizers for test class [PaymentControllerTest]: [DisableAutoConfigurationContextCustomizer, DisableObservabilityContextCustomizer, TypeExcludeFiltersContextCustomizer, PropertyMappingContextCustomizer, Customizer, ImportsContextCustomizer, ExcludeFilterContextCustomizer, DuplicateJsonObjectContextCustomizer, MockitoContextCustomizer]
19:38:19.290 [Test worker] DEBUG org.springframework.test.context.util.TestContextSpringFactoriesUtils - Skipping candidate TestExecutionListener [org.springframework.test.context.transaction.TransactionalTestExecutionListener] due to a missing dependency. Specify custom TestExecutionListener classes or make the default TestExecutionListener classes and their required dependencies available. Offending class: [org/springframework/transaction/interceptor/TransactionAttributeSource]
19:38:19.291 [Test worker] DEBUG org.springframework.test.context.util.TestContextSpringFactoriesUtils - Skipping candidate TestExecutionListener [org.springframework.test.context.jdbc.SqlScriptsTestExecutionListener] due to a missing dependency. Specify custom TestExecutionListener classes or make the default TestExecutionListener classes and their required dependencies available. Offending class: [org/springframework/transaction/interceptor/TransactionAttribute]
19:38:19.293 [Test worker] DEBUG org.springframework.boot.test.autoconfigure.web.servlet.WebMvcTestContextBootstrapper - Using TestExecutionListeners for test class [PaymentControllerTest]: [ServletTestExecutionListener, DirtiesContextBeforeModesTestExecutionListener, ApplicationEventsTestExecutionListener, MockitoTestExecutionListener, DependencyInjectionTestExecutionListener, DirtiesContextTestExecutionListener, EventPublishingTestExecutionListener, RestDocsTestExecutionListener, MockRestServiceServerResetTestExecutionListener, MockMvcPrintOnlyOnFailureTestExecutionListener, WebDriverTestExecutionListener, MockWebServiceServerTestExecutionListener, ResetMocksTestExecutionListener]
19:38:19.293 [Test worker] DEBUG org.springframework.test.context.support.AbstractDirtiesContextTestExecutionListener - Before test class: class [PaymentControllerTest], class annotated with @DirtiesContext [false] with mode [null]

  .   ____          _            __ _ _
 /\\ / ___'_ __ _ _(_)_ __  __ _ \ \ \ \
( ( )\___ | '_ | '_| | '_ \/ _` | \ \ \ \
 \\/  ___)| |_)| | | | | || (_| |  ) ) ) )
  '  |____| .__|_| |_|_| |_\__, | / / / /
 =========|_|==============|___/=/_/_/_/
 :: Spring Boot ::                (v3.0.4)

2023-04-28T19:38:19.566+05:30  INFO 17360 --- [    Test worker] c.h.e.b.p.rest.PaymentControllerTest     : Starting PaymentControllerTest using Java 17.0.1 with PID 17360 (started by ADMIN in D:\CODE\microservice\ddd-eshopee-EXPT-modulith\shopee-microservices\billing\payment\rest)
2023-04-28T19:38:19.567+05:30  INFO 17360 --- [    Test worker] c.h.e.b.p.rest.PaymentControllerTest     : No active profile set, falling back to 1 default profile: "default"
2023-04-28T19:38:20.536+05:30  INFO 17360 --- [    Test worker] o.s.b.t.m.w.SpringBootMockServletContext : Initializing Spring TestDispatcherServlet ''
2023-04-28T19:38:20.536+05:30  INFO 17360 --- [    Test worker] o.s.t.web.servlet.TestDispatcherServlet  : Initializing Servlet ''
2023-04-28T19:38:20.540+05:30  INFO 17360 --- [    Test worker] o.s.t.web.servlet.TestDispatcherServlet  : Completed initialization in 2 ms
2023-04-28T19:38:20.568+05:30  INFO 17360 --- [    Test worker] c.h.e.b.p.rest.PaymentControllerTest     : Started PaymentControllerTest in 1.229 seconds (process running for 2.03)
]]></system-out>
  <system-err><![CDATA[]]></system-err>
</testsuite>
