<?xml version="1.0" encoding="UTF-8"?>
<testsuite name="com.home.eshopee.sales.catalog.rest.CatalogControllerTest" tests="3" skipped="0" failures="0" errors="0" timestamp="2023-04-28T14:08:53" hostname="DESKTOP-3OMJI0S" time="0.203">
  <properties/>
  <testcase name="products_from_category_are_listed()" classname="com.home.eshopee.sales.catalog.rest.CatalogControllerTest" time="0.171"/>
  <testcase name="products_are_listed()" classname="com.home.eshopee.sales.catalog.rest.CatalogControllerTest" time="0.008"/>
  <testcase name="categories_are_listed()" classname="com.home.eshopee.sales.catalog.rest.CatalogControllerTest" time="0.021"/>
  <system-out><![CDATA[19:38:52.168 [Test worker] DEBUG org.springframework.test.context.support.AbstractContextLoader - Could not detect default resource locations for test class [com.home.eshopee.sales.catalog.rest.CatalogControllerTest]: no resource found for suffixes {-context.xml, Context.groovy}.
19:38:52.209 [Test worker] DEBUG org.springframework.boot.test.autoconfigure.web.servlet.WebMvcTestContextBootstrapper - Using ContextCustomizers for test class [CatalogControllerTest]: [DisableAutoConfigurationContextCustomizer, DisableObservabilityContextCustomizer, TypeExcludeFiltersContextCustomizer, PropertyMappingContextCustomizer, Customizer, ImportsContextCustomizer, ExcludeFilterContextCustomizer, DuplicateJsonObjectContextCustomizer, MockitoContextCustomizer]
19:38:52.230 [Test worker] DEBUG org.springframework.test.context.util.TestContextSpringFactoriesUtils - Skipping candidate TestExecutionListener [org.springframework.test.context.transaction.TransactionalTestExecutionListener] due to a missing dependency. Specify custom TestExecutionListener classes or make the default TestExecutionListener classes and their required dependencies available. Offending class: [org/springframework/transaction/interceptor/TransactionAttributeSource]
19:38:52.231 [Test worker] DEBUG org.springframework.test.context.util.TestContextSpringFactoriesUtils - Skipping candidate TestExecutionListener [org.springframework.test.context.jdbc.SqlScriptsTestExecutionListener] due to a missing dependency. Specify custom TestExecutionListener classes or make the default TestExecutionListener classes and their required dependencies available. Offending class: [org/springframework/transaction/interceptor/TransactionAttribute]
19:38:52.233 [Test worker] DEBUG org.springframework.boot.test.autoconfigure.web.servlet.WebMvcTestContextBootstrapper - Using TestExecutionListeners for test class [CatalogControllerTest]: [ServletTestExecutionListener, DirtiesContextBeforeModesTestExecutionListener, ApplicationEventsTestExecutionListener, MockitoTestExecutionListener, DependencyInjectionTestExecutionListener, DirtiesContextTestExecutionListener, EventPublishingTestExecutionListener, RestDocsTestExecutionListener, MockRestServiceServerResetTestExecutionListener, MockMvcPrintOnlyOnFailureTestExecutionListener, WebDriverTestExecutionListener, MockWebServiceServerTestExecutionListener, ResetMocksTestExecutionListener]
19:38:52.233 [Test worker] DEBUG org.springframework.test.context.support.AbstractDirtiesContextTestExecutionListener - Before test class: class [CatalogControllerTest], class annotated with @DirtiesContext [false] with mode [null]

  .   ____          _            __ _ _
 /\\ / ___'_ __ _ _(_)_ __  __ _ \ \ \ \
( ( )\___ | '_ | '_| | '_ \/ _` | \ \ \ \
 \\/  ___)| |_)| | | | | || (_| |  ) ) ) )
  '  |____| .__|_| |_|_| |_\__, | / / / /
 =========|_|==============|___/=/_/_/_/
 :: Spring Boot ::                (v3.0.4)

2023-04-28T19:38:52.514+05:30  INFO 2400 --- [    Test worker] c.h.e.s.c.rest.CatalogControllerTest     : Starting CatalogControllerTest using Java 17.0.1 with PID 2400 (started by ADMIN in D:\CODE\microservice\ddd-eshopee-EXPT-modulith\shopee-microservices\sales\catalog\rest)
2023-04-28T19:38:52.516+05:30  INFO 2400 --- [    Test worker] c.h.e.s.c.rest.CatalogControllerTest     : No active profile set, falling back to 1 default profile: "default"
2023-04-28T19:38:53.459+05:30  INFO 2400 --- [    Test worker] o.s.b.t.m.w.SpringBootMockServletContext : Initializing Spring TestDispatcherServlet ''
2023-04-28T19:38:53.460+05:30  INFO 2400 --- [    Test worker] o.s.t.web.servlet.TestDispatcherServlet  : Initializing Servlet ''
2023-04-28T19:38:53.463+05:30  INFO 2400 --- [    Test worker] o.s.t.web.servlet.TestDispatcherServlet  : Completed initialization in 1 ms
2023-04-28T19:38:53.488+05:30  INFO 2400 --- [    Test worker] c.h.e.s.c.rest.CatalogControllerTest     : Started CatalogControllerTest in 1.211 seconds (process running for 2.028)
2023-04-28T19:38:53.577+05:30  WARN 2400 --- [    Test worker] ocalVariableTableParameterNameDiscoverer : Using deprecated '-debug' fallback for parameter name resolution. Compile the affected code with '-parameters' instead or avoid its introspection: com.home.eshopee.sales.catalog.rest.CatalogController
]]></system-out>
  <system-err><![CDATA[]]></system-err>
</testsuite>
