<?xml version="1.0" encoding="UTF-8"?>
<testsuite name="com.home.eshopee.shipping.delivery.AddressTest" tests="1" skipped="0" failures="0" errors="0" timestamp="2023-04-28T14:09:22" hostname="DESKTOP-3OMJI0S" time="0.043">
  <properties/>
  <testcase name="address_values()" classname="com.home.eshopee.shipping.delivery.AddressTest" time="0.043"/>
  <system-out><![CDATA[]]></system-out>
  <system-err><![CDATA[]]></system-err>
</testsuite>
