<?xml version="1.0" encoding="UTF-8"?>
<testsuite name="com.home.eshopee.shipping.delivery.DeliveryInfoTest" tests="2" skipped="0" failures="0" errors="0" timestamp="2023-04-28T14:09:22" hostname="DESKTOP-3OMJI0S" time="0.003">
  <properties/>
  <testcase name="delivery_info_values()" classname="com.home.eshopee.shipping.delivery.DeliveryInfoTest" time="0.002"/>
  <testcase name="delivery_info_values_not_null()" classname="com.home.eshopee.shipping.delivery.DeliveryInfoTest" time="0.001"/>
  <system-out><![CDATA[]]></system-out>
  <system-err><![CDATA[]]></system-err>
</testsuite>
