<?xml version="1.0" encoding="UTF-8"?>
<testsuite name="com.home.eshopee.shipping.delivery.PlaceTest" tests="4" skipped="0" failures="0" errors="0" timestamp="2023-04-28T14:09:22" hostname="DESKTOP-3OMJI0S" time="0.002">
  <properties/>
  <testcase name="place_value_is_trimmed()" classname="com.home.eshopee.shipping.delivery.PlaceTest" time="0.0"/>
  <testcase name="place_fails_for_an_empty_string()" classname="com.home.eshopee.shipping.delivery.PlaceTest" time="0.001"/>
  <testcase name="place_value()" classname="com.home.eshopee.shipping.delivery.PlaceTest" time="0.0"/>
  <testcase name="place_fails_for_a_null_value()" classname="com.home.eshopee.shipping.delivery.PlaceTest" time="0.001"/>
  <system-out><![CDATA[]]></system-out>
  <system-err><![CDATA[]]></system-err>
</testsuite>
