<?xml version="1.0" encoding="UTF-8"?>
<testsuite name="com.home.eshopee.shipping.dispatching.jdbc.DispatchingSagaTest" tests="5" skipped="0" failures="0" errors="0" timestamp="2023-04-28T14:09:44" hostname="DESKTOP-3OMJI0S" time="0.086">
  <properties/>
  <testcase name="not_prepared_delivery_is_not_dispatched()" classname="com.home.eshopee.shipping.dispatching.jdbc.DispatchingSagaTest" time="0.047"/>
  <testcase name="not_paid_delivery_is_not_dispatched()" classname="com.home.eshopee.shipping.dispatching.jdbc.DispatchingSagaTest" time="0.006"/>
  <testcase name="delivery_is_dispatched()" classname="com.home.eshopee.shipping.dispatching.jdbc.DispatchingSagaTest" time="0.021"/>
  <testcase name="not_accepted_delivery_is_not_dispatched()" classname="com.home.eshopee.shipping.dispatching.jdbc.DispatchingSagaTest" time="0.004"/>
  <testcase name="not_fetched_delivery_is_not_dispatched()" classname="com.home.eshopee.shipping.dispatching.jdbc.DispatchingSagaTest" time="0.004"/>
  <system-out><![CDATA[19:39:43.507 [Test worker] DEBUG org.springframework.test.context.support.AbstractContextLoader - Could not detect default resource locations for test class [com.home.eshopee.shipping.dispatching.jdbc.DispatchingSagaTest]: no resource found for suffixes {-context.xml, Context.groovy}.
19:39:43.542 [Test worker] DEBUG org.springframework.boot.test.autoconfigure.jdbc.JdbcTestContextBootstrapper - Using ContextCustomizers for test class [DispatchingSagaTest]: [DisableAutoConfigurationContextCustomizer, DisableObservabilityContextCustomizer, TypeExcludeFiltersContextCustomizer, PropertyMappingContextCustomizer, Customizer, ImportsContextCustomizer, ExcludeFilterContextCustomizer, DuplicateJsonObjectContextCustomizer, MockitoContextCustomizer]
19:39:43.553 [Test worker] DEBUG org.springframework.test.context.util.TestContextSpringFactoriesUtils - Skipping candidate TestExecutionListener [org.springframework.test.context.web.ServletTestExecutionListener] due to a missing dependency. Specify custom TestExecutionListener classes or make the default TestExecutionListener classes and their required dependencies available. Offending class: [jakarta/servlet/ServletContext]
19:39:43.561 [Test worker] DEBUG org.springframework.boot.test.autoconfigure.jdbc.JdbcTestContextBootstrapper - Using TestExecutionListeners for test class [DispatchingSagaTest]: [DirtiesContextBeforeModesTestExecutionListener, ApplicationEventsTestExecutionListener, MockitoTestExecutionListener, DependencyInjectionTestExecutionListener, DirtiesContextTestExecutionListener, TransactionalTestExecutionListener, SqlScriptsTestExecutionListener, EventPublishingTestExecutionListener, RestDocsTestExecutionListener, MockRestServiceServerResetTestExecutionListener, MockMvcPrintOnlyOnFailureTestExecutionListener, WebDriverTestExecutionListener, MockWebServiceServerTestExecutionListener, ResetMocksTestExecutionListener]
19:39:43.562 [Test worker] DEBUG org.springframework.test.context.support.AbstractDirtiesContextTestExecutionListener - Before test class: class [DispatchingSagaTest], class annotated with @DirtiesContext [false] with mode [null]

  .   ____          _            __ _ _
 /\\ / ___'_ __ _ _(_)_ __  __ _ \ \ \ \
( ( )\___ | '_ | '_| | '_ \/ _` | \ \ \ \
 \\/  ___)| |_)| | | | | || (_| |  ) ) ) )
  '  |____| .__|_| |_|_| |_\__, | / / / /
 =========|_|==============|___/=/_/_/_/
 :: Spring Boot ::                (v3.0.4)

2023-04-28T19:39:43.841+05:30  INFO 5700 --- [    Test worker] c.h.e.s.d.jdbc.DispatchingSagaTest       : Starting DispatchingSagaTest using Java 17.0.1 with PID 5700 (started by ADMIN in D:\CODE\microservice\ddd-eshopee-EXPT-modulith\shopee-microservices\shipping\dispatching\jdbc)
2023-04-28T19:39:43.842+05:30  INFO 5700 --- [    Test worker] c.h.e.s.d.jdbc.DispatchingSagaTest       : No active profile set, falling back to 1 default profile: "default"
2023-04-28T19:39:44.069+05:30  INFO 5700 --- [    Test worker] beddedDataSourceBeanFactoryPostProcessor : Replacing 'dataSource' DataSource bean with embedded version
2023-04-28T19:39:44.590+05:30  INFO 5700 --- [    Test worker] o.s.j.d.e.EmbeddedDatabaseFactory        : Starting embedded database: url='jdbc:h2:mem:cfa532a9-9e41-4233-a63b-11a3dca21d25;DB_CLOSE_DELAY=-1;DB_CLOSE_ON_EXIT=false', username='sa'
2023-04-28T19:39:44.812+05:30  INFO 5700 --- [    Test worker] c.h.e.s.d.jdbc.DispatchingSagaTest       : Started DispatchingSagaTest in 1.204 seconds (process running for 2.021)
]]></system-out>
  <system-err><![CDATA[]]></system-err>
</testsuite>
