<?xml version="1.0" encoding="UTF-8"?>
<testsuite name="com.home.eshopee.sales.catalog.jdbc.UnknownProductTest" tests="7" skipped="0" failures="0" errors="0" timestamp="2023-04-28T14:08:50" hostname="DESKTOP-3OMJI0S" time="0.004">
  <properties/>
  <testcase name="unknown_product_has_a_zero_price()" classname="com.home.eshopee.sales.catalog.jdbc.UnknownProductTest" time="0.0"/>
  <testcase name="change_title_noop()" classname="com.home.eshopee.sales.catalog.jdbc.UnknownProductTest" time="0.0"/>
  <testcase name="categorize_noop()" classname="com.home.eshopee.sales.catalog.jdbc.UnknownProductTest" time="0.0"/>
  <testcase name="change_price_noop()" classname="com.home.eshopee.sales.catalog.jdbc.UnknownProductTest" time="0.0"/>
  <testcase name="change_description_noop()" classname="com.home.eshopee.sales.catalog.jdbc.UnknownProductTest" time="0.001"/>
  <testcase name="put_for_sale_noop()" classname="com.home.eshopee.sales.catalog.jdbc.UnknownProductTest" time="0.0"/>
  <testcase name="unknown_product_has_values()" classname="com.home.eshopee.sales.catalog.jdbc.UnknownProductTest" time="0.002"/>
  <system-out><![CDATA[]]></system-out>
  <system-err><![CDATA[]]></system-err>
</testsuite>
