<?xml version="1.0" encoding="UTF-8"?>
<testsuite name="com.home.eshopee.sales.catalog.jdbc.ChangeCategoryTest" tests="1" skipped="0" failures="0" errors="0" timestamp="2023-04-28T14:08:50" hostname="DESKTOP-3OMJI0S" time="0.011">
  <properties/>
  <testcase name="product_title_is_changed()" classname="com.home.eshopee.sales.catalog.jdbc.ChangeCategoryTest" time="0.011"/>
  <system-out><![CDATA[
  .   ____          _            __ _ _
 /\\ / ___'_ __ _ _(_)_ __  __ _ \ \ \ \
( ( )\___ | '_ | '_| | '_ \/ _` | \ \ \ \
 \\/  ___)| |_)| | | | | || (_| |  ) ) ) )
  '  |____| .__|_| |_|_| |_\__, | / / / /
 =========|_|==============|___/=/_/_/_/
 :: Spring Boot ::                (v3.0.4)

2023-04-28T19:38:49.919+05:30  INFO 12424 --- [    Test worker] c.h.e.s.catalog.jdbc.ChangeCategoryTest  : Starting ChangeCategoryTest using Java 17.0.1 with PID 12424 (started by ADMIN in D:\CODE\microservice\ddd-eshopee-EXPT-modulith\shopee-microservices\sales\catalog\jdbc)
2023-04-28T19:38:49.919+05:30  INFO 12424 --- [    Test worker] c.h.e.s.catalog.jdbc.ChangeCategoryTest  : No active profile set, falling back to 1 default profile: "default"
2023-04-28T19:38:49.969+05:30  INFO 12424 --- [    Test worker] beddedDataSourceBeanFactoryPostProcessor : Replacing 'dataSource' DataSource bean with embedded version
2023-04-28T19:38:49.986+05:30  INFO 12424 --- [    Test worker] o.s.j.d.e.EmbeddedDatabaseFactory        : Starting embedded database: url='jdbc:h2:mem:577eff32-2659-4a4d-842c-9fbf5eef1a50;DB_CLOSE_DELAY=-1;DB_CLOSE_ON_EXIT=false', username='sa'
2023-04-28T19:38:50.010+05:30  INFO 12424 --- [    Test worker] c.h.e.s.catalog.jdbc.ChangeCategoryTest  : Started ChangeCategoryTest in 0.11 seconds (process running for 2.219)
]]></system-out>
  <system-err><![CDATA[]]></system-err>
</testsuite>
