<?xml version="1.0" encoding="UTF-8"?>
<testsuite name="com.home.eshopee.sales.catalog.jdbc.CategorizeProductTest" tests="1" skipped="0" failures="0" errors="0" timestamp="2023-04-28T14:08:49" hostname="DESKTOP-3OMJI0S" time="0.386">
  <properties/>
  <testcase name="categorized_product_is_found_in_the_category()" classname="com.home.eshopee.sales.catalog.jdbc.CategorizeProductTest" time="0.386"/>
  <system-out><![CDATA[19:38:48.552 [Test worker] DEBUG org.springframework.test.context.support.AbstractContextLoader - Could not detect default resource locations for test class [com.home.eshopee.sales.catalog.jdbc.CategorizeProductTest]: no resource found for suffixes {-context.xml, Context.groovy}.
19:38:48.587 [Test worker] DEBUG org.springframework.boot.test.autoconfigure.jdbc.JdbcTestContextBootstrapper - Using ContextCustomizers for test class [CategorizeProductTest]: [DisableAutoConfigurationContextCustomizer, DisableObservabilityContextCustomizer, TypeExcludeFiltersContextCustomizer, PropertyMappingContextCustomizer, Customizer, ImportsContextCustomizer, ExcludeFilterContextCustomizer, DuplicateJsonObjectContextCustomizer, MockitoContextCustomizer]
19:38:48.600 [Test worker] DEBUG org.springframework.test.context.util.TestContextSpringFactoriesUtils - Skipping candidate TestExecutionListener [org.springframework.test.context.web.ServletTestExecutionListener] due to a missing dependency. Specify custom TestExecutionListener classes or make the default TestExecutionListener classes and their required dependencies available. Offending class: [jakarta/servlet/ServletContext]
19:38:48.613 [Test worker] DEBUG org.springframework.boot.test.autoconfigure.jdbc.JdbcTestContextBootstrapper - Using TestExecutionListeners for test class [CategorizeProductTest]: [DirtiesContextBeforeModesTestExecutionListener, ApplicationEventsTestExecutionListener, MockitoTestExecutionListener, DependencyInjectionTestExecutionListener, DirtiesContextTestExecutionListener, TransactionalTestExecutionListener, SqlScriptsTestExecutionListener, EventPublishingTestExecutionListener, RestDocsTestExecutionListener, MockRestServiceServerResetTestExecutionListener, MockMvcPrintOnlyOnFailureTestExecutionListener, WebDriverTestExecutionListener, MockWebServiceServerTestExecutionListener, ResetMocksTestExecutionListener]
19:38:48.614 [Test worker] DEBUG org.springframework.test.context.support.AbstractDirtiesContextTestExecutionListener - Before test class: class [CategorizeProductTest], class annotated with @DirtiesContext [false] with mode [null]
19:38:48.623 [Test worker] DEBUG org.springframework.test.context.support.DependencyInjectionTestExecutionListener - Performing dependency injection for test class com.home.eshopee.sales.catalog.jdbc.CategorizeProductTest

  .   ____          _            __ _ _
 /\\ / ___'_ __ _ _(_)_ __  __ _ \ \ \ \
( ( )\___ | '_ | '_| | '_ \/ _` | \ \ \ \
 \\/  ___)| |_)| | | | | || (_| |  ) ) ) )
  '  |____| .__|_| |_|_| |_\__, | / / / /
 =========|_|==============|___/=/_/_/_/
 :: Spring Boot ::                (v3.0.4)

2023-04-28T19:38:48.882+05:30  INFO 12424 --- [    Test worker] c.h.e.s.c.jdbc.CategorizeProductTest     : Starting CategorizeProductTest using Java 17.0.1 with PID 12424 (started by ADMIN in D:\CODE\microservice\ddd-eshopee-EXPT-modulith\shopee-microservices\sales\catalog\jdbc)
2023-04-28T19:38:48.883+05:30  INFO 12424 --- [    Test worker] c.h.e.s.c.jdbc.CategorizeProductTest     : No active profile set, falling back to 1 default profile: "default"
2023-04-28T19:38:49.111+05:30  INFO 12424 --- [    Test worker] beddedDataSourceBeanFactoryPostProcessor : Replacing 'dataSource' DataSource bean with embedded version
2023-04-28T19:38:49.247+05:30  INFO 12424 --- [    Test worker] o.s.j.d.e.EmbeddedDatabaseFactory        : Starting embedded database: url='jdbc:h2:mem:02dc904a-d577-430c-a5fb-df366f95738a;DB_CLOSE_DELAY=-1;DB_CLOSE_ON_EXIT=false', username='sa'
2023-04-28T19:38:49.494+05:30  INFO 12424 --- [    Test worker] c.h.e.s.c.jdbc.CategorizeProductTest     : Started CategorizeProductTest in 0.844 seconds (process running for 1.704)
]]></system-out>
  <system-err><![CDATA[]]></system-err>
</testsuite>
