<?xml version="1.0" encoding="UTF-8"?>
<testsuite name="com.home.eshopee.sales.catalog.jdbc.ProductsTest" tests="4" skipped="0" failures="0" errors="0" timestamp="2023-04-28T14:08:50" hostname="DESKTOP-3OMJI0S" time="0.046">
  <properties/>
  <testcase name="limited_limit_is_greater_than_zero()" classname="com.home.eshopee.sales.catalog.jdbc.ProductsTest" time="0.012"/>
  <testcase name="products_are_limited()" classname="com.home.eshopee.sales.catalog.jdbc.ProductsTest" time="0.017"/>
  <testcase name="limited_start_is_greater_than_zero()" classname="com.home.eshopee.sales.catalog.jdbc.ProductsTest" time="0.007"/>
  <testcase name="products_are_streamed()" classname="com.home.eshopee.sales.catalog.jdbc.ProductsTest" time="0.007"/>
  <system-out><![CDATA[
  .   ____          _            __ _ _
 /\\ / ___'_ __ _ _(_)_ __  __ _ \ \ \ \
( ( )\___ | '_ | '_| | '_ \/ _` | \ \ \ \
 \\/  ___)| |_)| | | | | || (_| |  ) ) ) )
  '  |____| .__|_| |_|_| |_\__, | / / / /
 =========|_|==============|___/=/_/_/_/
 :: Spring Boot ::                (v3.0.4)

2023-04-28T19:38:50.622+05:30  INFO 12424 --- [    Test worker] c.h.e.sales.catalog.jdbc.ProductsTest    : Starting ProductsTest using Java 17.0.1 with PID 12424 (started by ADMIN in D:\CODE\microservice\ddd-eshopee-EXPT-modulith\shopee-microservices\sales\catalog\jdbc)
2023-04-28T19:38:50.623+05:30  INFO 12424 --- [    Test worker] c.h.e.sales.catalog.jdbc.ProductsTest    : No active profile set, falling back to 1 default profile: "default"
2023-04-28T19:38:50.671+05:30  INFO 12424 --- [    Test worker] beddedDataSourceBeanFactoryPostProcessor : Replacing 'dataSource' DataSource bean with embedded version
2023-04-28T19:38:50.688+05:30  INFO 12424 --- [    Test worker] o.s.j.d.e.EmbeddedDatabaseFactory        : Starting embedded database: url='jdbc:h2:mem:af0a709e-8b4d-4a78-bcf7-947eccd49986;DB_CLOSE_DELAY=-1;DB_CLOSE_ON_EXIT=false', username='sa'
2023-04-28T19:38:50.715+05:30  INFO 12424 --- [    Test worker] c.h.e.sales.catalog.jdbc.ProductsTest    : Started ProductsTest in 0.11 seconds (process running for 2.924)
]]></system-out>
  <system-err><![CDATA[]]></system-err>
</testsuite>
