<?xml version="1.0" encoding="UTF-8"?>
<testsuite name="com.home.eshopee.sales.catalog.jdbc.FindCategoriesTest" tests="3" skipped="0" failures="0" errors="0" timestamp="2023-04-28T14:08:50" hostname="DESKTOP-3OMJI0S" time="0.021">
  <properties/>
  <testcase name="unknown_category_found_for_unknown_id()" classname="com.home.eshopee.sales.catalog.jdbc.FindCategoriesTest" time="0.006"/>
  <testcase name="category_by_id_is_found()" classname="com.home.eshopee.sales.catalog.jdbc.FindCategoriesTest" time="0.006"/>
  <testcase name="all_categories_are_found()" classname="com.home.eshopee.sales.catalog.jdbc.FindCategoriesTest" time="0.007"/>
  <system-out><![CDATA[
  .   ____          _            __ _ _
 /\\ / ___'_ __ _ _(_)_ __  __ _ \ \ \ \
( ( )\___ | '_ | '_| | '_ \/ _` | \ \ \ \
 \\/  ___)| |_)| | | | | || (_| |  ) ) ) )
  '  |____| .__|_| |_|_| |_\__, | / / / /
 =========|_|==============|___/=/_/_/_/
 :: Spring Boot ::                (v3.0.4)

2023-04-28T19:38:50.178+05:30  INFO 12424 --- [    Test worker] c.h.e.s.catalog.jdbc.FindCategoriesTest  : Starting FindCategoriesTest using Java 17.0.1 with PID 12424 (started by ADMIN in D:\CODE\microservice\ddd-eshopee-EXPT-modulith\shopee-microservices\sales\catalog\jdbc)
2023-04-28T19:38:50.179+05:30  INFO 12424 --- [    Test worker] c.h.e.s.catalog.jdbc.FindCategoriesTest  : No active profile set, falling back to 1 default profile: "default"
2023-04-28T19:38:50.226+05:30  INFO 12424 --- [    Test worker] beddedDataSourceBeanFactoryPostProcessor : Replacing 'dataSource' DataSource bean with embedded version
2023-04-28T19:38:50.247+05:30  INFO 12424 --- [    Test worker] o.s.j.d.e.EmbeddedDatabaseFactory        : Starting embedded database: url='jdbc:h2:mem:16a26a45-8165-4fcc-83ed-f8d3e4c486f3;DB_CLOSE_DELAY=-1;DB_CLOSE_ON_EXIT=false', username='sa'
2023-04-28T19:38:50.271+05:30  INFO 12424 --- [    Test worker] c.h.e.s.catalog.jdbc.FindCategoriesTest  : Started FindCategoriesTest in 0.108 seconds (process running for 2.481)
]]></system-out>
  <system-err><![CDATA[]]></system-err>
</testsuite>
