<?xml version="1.0" encoding="UTF-8"?>
<testsuite name="com.home.eshopee.sales.catalog.jdbc.PutProductForSaleTest" tests="1" skipped="0" failures="0" errors="0" timestamp="2023-04-28T14:08:50" hostname="DESKTOP-3OMJI0S" time="0.007">
  <properties/>
  <testcase name="product_put_for_sale_is_found()" classname="com.home.eshopee.sales.catalog.jdbc.PutProductForSaleTest" time="0.007"/>
  <system-out><![CDATA[
  .   ____          _            __ _ _
 /\\ / ___'_ __ _ _(_)_ __  __ _ \ \ \ \
( ( )\___ | '_ | '_| | '_ \/ _` | \ \ \ \
 \\/  ___)| |_)| | | | | || (_| |  ) ) ) )
  '  |____| .__|_| |_|_| |_\__, | / / / /
 =========|_|==============|___/=/_/_/_/
 :: Spring Boot ::                (v3.0.4)

2023-04-28T19:38:50.791+05:30  INFO 12424 --- [    Test worker] c.h.e.s.c.jdbc.PutProductForSaleTest     : Starting PutProductForSaleTest using Java 17.0.1 with PID 12424 (started by ADMIN in D:\CODE\microservice\ddd-eshopee-EXPT-modulith\shopee-microservices\sales\catalog\jdbc)
2023-04-28T19:38:50.792+05:30  INFO 12424 --- [    Test worker] c.h.e.s.c.jdbc.PutProductForSaleTest     : No active profile set, falling back to 1 default profile: "default"
2023-04-28T19:38:50.845+05:30  INFO 12424 --- [    Test worker] beddedDataSourceBeanFactoryPostProcessor : Replacing 'dataSource' DataSource bean with embedded version
2023-04-28T19:38:50.864+05:30  INFO 12424 --- [    Test worker] o.s.j.d.e.EmbeddedDatabaseFactory        : Starting embedded database: url='jdbc:h2:mem:64cb2f24-f678-4dd5-bfd7-e15f63f61ca6;DB_CLOSE_DELAY=-1;DB_CLOSE_ON_EXIT=false', username='sa'
2023-04-28T19:38:50.892+05:30  INFO 12424 --- [    Test worker] c.h.e.s.c.jdbc.PutProductForSaleTest     : Started PutProductForSaleTest in 0.119 seconds (process running for 3.101)
]]></system-out>
  <system-err><![CDATA[]]></system-err>
</testsuite>
