<?xml version="1.0" encoding="UTF-8"?>
<testsuite name="com.home.eshopee.warehouse.rest.WarehouseControllerTest" tests="2" skipped="0" failures="0" errors="0" timestamp="2023-04-28T14:07:59" hostname="DESKTOP-3OMJI0S" time="0.148">
  <properties/>
  <testcase name="left_in_stock()" classname="com.home.eshopee.warehouse.rest.WarehouseControllerTest" time="0.086"/>
  <testcase name="stock_is_listed_for_product_ids()" classname="com.home.eshopee.warehouse.rest.WarehouseControllerTest" time="0.06"/>
  <system-out><![CDATA[19:37:58.607 [Test worker] DEBUG org.springframework.test.context.support.AbstractContextLoader - Could not detect default resource locations for test class [com.home.eshopee.warehouse.rest.WarehouseControllerTest]: no resource found for suffixes {-context.xml, Context.groovy}.
19:37:58.647 [Test worker] DEBUG org.springframework.boot.test.autoconfigure.web.servlet.WebMvcTestContextBootstrapper - Using ContextCustomizers for test class [WarehouseControllerTest]: [DisableAutoConfigurationContextCustomizer, DisableObservabilityContextCustomizer, TypeExcludeFiltersContextCustomizer, PropertyMappingContextCustomizer, Customizer, ImportsContextCustomizer, ExcludeFilterContextCustomizer, DuplicateJsonObjectContextCustomizer, MockitoContextCustomizer]
19:37:58.667 [Test worker] DEBUG org.springframework.test.context.util.TestContextSpringFactoriesUtils - Skipping candidate TestExecutionListener [org.springframework.test.context.transaction.TransactionalTestExecutionListener] due to a missing dependency. Specify custom TestExecutionListener classes or make the default TestExecutionListener classes and their required dependencies available. Offending class: [org/springframework/transaction/interceptor/TransactionAttributeSource]
19:37:58.668 [Test worker] DEBUG org.springframework.test.context.util.TestContextSpringFactoriesUtils - Skipping candidate TestExecutionListener [org.springframework.test.context.jdbc.SqlScriptsTestExecutionListener] due to a missing dependency. Specify custom TestExecutionListener classes or make the default TestExecutionListener classes and their required dependencies available. Offending class: [org/springframework/transaction/interceptor/TransactionAttribute]
19:37:58.669 [Test worker] DEBUG org.springframework.boot.test.autoconfigure.web.servlet.WebMvcTestContextBootstrapper - Using TestExecutionListeners for test class [WarehouseControllerTest]: [ServletTestExecutionListener, DirtiesContextBeforeModesTestExecutionListener, ApplicationEventsTestExecutionListener, MockitoTestExecutionListener, DependencyInjectionTestExecutionListener, DirtiesContextTestExecutionListener, EventPublishingTestExecutionListener, RestDocsTestExecutionListener, MockRestServiceServerResetTestExecutionListener, MockMvcPrintOnlyOnFailureTestExecutionListener, WebDriverTestExecutionListener, MockWebServiceServerTestExecutionListener, ResetMocksTestExecutionListener]
19:37:58.670 [Test worker] DEBUG org.springframework.test.context.support.AbstractDirtiesContextTestExecutionListener - Before test class: class [WarehouseControllerTest], class annotated with @DirtiesContext [false] with mode [null]

  .   ____          _            __ _ _
 /\\ / ___'_ __ _ _(_)_ __  __ _ \ \ \ \
( ( )\___ | '_ | '_| | '_ \/ _` | \ \ \ \
 \\/  ___)| |_)| | | | | || (_| |  ) ) ) )
  '  |____| .__|_| |_|_| |_\__, | / / / /
 =========|_|==============|___/=/_/_/_/
 :: Spring Boot ::                (v3.0.4)

2023-04-28T19:37:58.952+05:30  INFO 11200 --- [    Test worker] c.h.e.w.rest.WarehouseControllerTest     : Starting WarehouseControllerTest using Java 17.0.1 with PID 11200 (started by ADMIN in D:\CODE\microservice\ddd-eshopee-EXPT-modulith\shopee-microservices\warehouse\rest)
2023-04-28T19:37:58.953+05:30  INFO 11200 --- [    Test worker] c.h.e.w.rest.WarehouseControllerTest     : No active profile set, falling back to 1 default profile: "default"
2023-04-28T19:37:59.917+05:30  INFO 11200 --- [    Test worker] o.s.b.t.m.w.SpringBootMockServletContext : Initializing Spring TestDispatcherServlet ''
2023-04-28T19:37:59.918+05:30  INFO 11200 --- [    Test worker] o.s.t.web.servlet.TestDispatcherServlet  : Initializing Servlet ''
2023-04-28T19:37:59.921+05:30  INFO 11200 --- [    Test worker] o.s.t.web.servlet.TestDispatcherServlet  : Completed initialization in 1 ms
2023-04-28T19:37:59.947+05:30  INFO 11200 --- [    Test worker] c.h.e.w.rest.WarehouseControllerTest     : Started WarehouseControllerTest in 1.237 seconds (process running for 2.022)
2023-04-28T19:38:00.005+05:30  WARN 11200 --- [    Test worker] ocalVariableTableParameterNameDiscoverer : Using deprecated '-debug' fallback for parameter name resolution. Compile the affected code with '-parameters' instead or avoid its introspection: com.home.eshopee.warehouse.rest.WarehouseController
]]></system-out>
  <system-err><![CDATA[]]></system-err>
</testsuite>
