<?xml version="1.0" encoding="UTF-8"?>
<testsuite name="com.home.eshopee.sales.order.rest.OrderControllerTest" tests="1" skipped="0" failures="0" errors="0" timestamp="2023-04-28T14:09:11" hostname="DESKTOP-3OMJI0S" time="0.131">
  <properties/>
  <testcase name="order_is_placed()" classname="com.home.eshopee.sales.order.rest.OrderControllerTest" time="0.131"/>
  <system-out><![CDATA[19:39:10.579 [Test worker] DEBUG org.springframework.test.context.support.AbstractContextLoader - Could not detect default resource locations for test class [com.home.eshopee.sales.order.rest.OrderControllerTest]: no resource found for suffixes {-context.xml, Context.groovy}.
19:39:10.619 [Test worker] DEBUG org.springframework.boot.test.autoconfigure.web.servlet.WebMvcTestContextBootstrapper - Using ContextCustomizers for test class [OrderControllerTest]: [DisableAutoConfigurationContextCustomizer, DisableObservabilityContextCustomizer, TypeExcludeFiltersContextCustomizer, PropertyMappingContextCustomizer, Customizer, ImportsContextCustomizer, ExcludeFilterContextCustomizer, DuplicateJsonObjectContextCustomizer, MockitoContextCustomizer]
19:39:10.639 [Test worker] DEBUG org.springframework.test.context.util.TestContextSpringFactoriesUtils - Skipping candidate TestExecutionListener [org.springframework.test.context.transaction.TransactionalTestExecutionListener] due to a missing dependency. Specify custom TestExecutionListener classes or make the default TestExecutionListener classes and their required dependencies available. Offending class: [org/springframework/transaction/interceptor/TransactionAttributeSource]
19:39:10.641 [Test worker] DEBUG org.springframework.test.context.util.TestContextSpringFactoriesUtils - Skipping candidate TestExecutionListener [org.springframework.test.context.jdbc.SqlScriptsTestExecutionListener] due to a missing dependency. Specify custom TestExecutionListener classes or make the default TestExecutionListener classes and their required dependencies available. Offending class: [org/springframework/transaction/interceptor/TransactionAttribute]
19:39:10.642 [Test worker] DEBUG org.springframework.boot.test.autoconfigure.web.servlet.WebMvcTestContextBootstrapper - Using TestExecutionListeners for test class [OrderControllerTest]: [ServletTestExecutionListener, DirtiesContextBeforeModesTestExecutionListener, ApplicationEventsTestExecutionListener, MockitoTestExecutionListener, DependencyInjectionTestExecutionListener, DirtiesContextTestExecutionListener, EventPublishingTestExecutionListener, RestDocsTestExecutionListener, MockRestServiceServerResetTestExecutionListener, MockMvcPrintOnlyOnFailureTestExecutionListener, WebDriverTestExecutionListener, MockWebServiceServerTestExecutionListener, ResetMocksTestExecutionListener]
19:39:10.643 [Test worker] DEBUG org.springframework.test.context.support.AbstractDirtiesContextTestExecutionListener - Before test class: class [OrderControllerTest], class annotated with @DirtiesContext [false] with mode [null]

  .   ____          _            __ _ _
 /\\ / ___'_ __ _ _(_)_ __  __ _ \ \ \ \
( ( )\___ | '_ | '_| | '_ \/ _` | \ \ \ \
 \\/  ___)| |_)| | | | | || (_| |  ) ) ) )
  '  |____| .__|_| |_|_| |_\__, | / / / /
 =========|_|==============|___/=/_/_/_/
 :: Spring Boot ::                (v3.0.4)

2023-04-28T19:39:10.928+05:30  INFO 11696 --- [    Test worker] c.h.e.s.order.rest.OrderControllerTest   : Starting OrderControllerTest using Java 17.0.1 with PID 11696 (started by ADMIN in D:\CODE\microservice\ddd-eshopee-EXPT-modulith\shopee-microservices\sales\order\rest)
2023-04-28T19:39:10.930+05:30  INFO 11696 --- [    Test worker] c.h.e.s.order.rest.OrderControllerTest   : No active profile set, falling back to 1 default profile: "default"
2023-04-28T19:39:11.870+05:30  INFO 11696 --- [    Test worker] o.s.b.t.m.w.SpringBootMockServletContext : Initializing Spring TestDispatcherServlet ''
2023-04-28T19:39:11.870+05:30  INFO 11696 --- [    Test worker] o.s.t.web.servlet.TestDispatcherServlet  : Initializing Servlet ''
2023-04-28T19:39:11.874+05:30  INFO 11696 --- [    Test worker] o.s.t.web.servlet.TestDispatcherServlet  : Completed initialization in 2 ms
2023-04-28T19:39:11.899+05:30  INFO 11696 --- [    Test worker] c.h.e.s.order.rest.OrderControllerTest   : Started OrderControllerTest in 1.211 seconds (process running for 2.016)
]]></system-out>
  <system-err><![CDATA[]]></system-err>
</testsuite>
