<?xml version="1.0" encoding="UTF-8"?>
<testsuite name="com.home.eshopee.warehouse.OrderIdTest" tests="2" skipped="0" failures="0" errors="0" timestamp="2023-04-28T14:07:51" hostname="DESKTOP-3OMJI0S" time="0.003">
  <properties/>
  <testcase name="fails_for_null()" classname="com.home.eshopee.warehouse.OrderIdTest" time="0.001"/>
  <testcase name="string_id_value()" classname="com.home.eshopee.warehouse.OrderIdTest" time="0.002"/>
  <system-out><![CDATA[]]></system-out>
  <system-err><![CDATA[]]></system-err>
</testsuite>
