<?xml version="1.0" encoding="UTF-8"?>
<testsuite name="com.home.eshopee.warehouse.InStockTest" tests="10" skipped="0" failures="0" errors="0" timestamp="2023-04-28T14:07:51" hostname="DESKTOP-3OMJI0S" time="0.006">
  <properties/>
  <testcase name="has_enough_in_stock()" classname="com.home.eshopee.warehouse.InStockTest" time="0.001"/>
  <testcase name="in_stock_value()" classname="com.home.eshopee.warehouse.InStockTest" time="0.001"/>
  <testcase name="in_stock_is_sold_out()" classname="com.home.eshopee.warehouse.InStockTest" time="0.001"/>
  <testcase name="needs_yet_some()" classname="com.home.eshopee.warehouse.InStockTest" time="0.0"/>
  <testcase name="in_stock_is_added()" classname="com.home.eshopee.warehouse.InStockTest" time="0.001"/>
  <testcase name="in_stock_is_removed()" classname="com.home.eshopee.warehouse.InStockTest" time="0.0"/>
  <testcase name="in_stock_is_not_sold_out()" classname="com.home.eshopee.warehouse.InStockTest" time="0.0"/>
  <testcase name="in_stock_zero_value()" classname="com.home.eshopee.warehouse.InStockTest" time="0.0"/>
  <testcase name="needs_yet_no_more()" classname="com.home.eshopee.warehouse.InStockTest" time="0.001"/>
  <testcase name="has_enough_not_in_stock()" classname="com.home.eshopee.warehouse.InStockTest" time="0.0"/>
  <system-out><![CDATA[]]></system-out>
  <system-err><![CDATA[]]></system-err>
</testsuite>
