<?xml version="1.0" encoding="UTF-8"?>
<testsuite name="com.home.eshopee.sales.cart.item.TitleTest" tests="4" skipped="0" failures="0" errors="0" timestamp="2023-04-28T14:08:31" hostname="DESKTOP-3OMJI0S" time="0.004">
  <properties/>
  <testcase name="title_fails_for_an_empty_string()" classname="com.home.eshopee.sales.cart.item.TitleTest" time="0.002"/>
  <testcase name="title_value_is_trimmed()" classname="com.home.eshopee.sales.cart.item.TitleTest" time="0.0"/>
  <testcase name="title_fails_for_a_null_value()" classname="com.home.eshopee.sales.cart.item.TitleTest" time="0.0"/>
  <testcase name="title_value()" classname="com.home.eshopee.sales.cart.item.TitleTest" time="0.001"/>
  <system-out><![CDATA[]]></system-out>
  <system-err><![CDATA[]]></system-err>
</testsuite>
