<?xml version="1.0" encoding="UTF-8"?>
<testsuite name="com.home.eshopee.sales.cart.jdbc.CartTest" tests="8" skipped="0" failures="0" errors="0" timestamp="2023-04-28T14:08:33" hostname="DESKTOP-3OMJI0S" time="0.417">
  <properties/>
  <testcase name="items_are_added()" classname="com.home.eshopee.sales.cart.jdbc.CartTest" time="0.372"/>
  <testcase name="item_is_added()" classname="com.home.eshopee.sales.cart.jdbc.CartTest" time="0.007"/>
  <testcase name="multiple_items_are_added()" classname="com.home.eshopee.sales.cart.jdbc.CartTest" time="0.007"/>
  <testcase name="cart_is_empty()" classname="com.home.eshopee.sales.cart.jdbc.CartTest" time="0.005"/>
  <testcase name="quantity_is_increased()" classname="com.home.eshopee.sales.cart.jdbc.CartTest" time="0.008"/>
  <testcase name="cart_is_emptied()" classname="com.home.eshopee.sales.cart.jdbc.CartTest" time="0.004"/>
  <testcase name="cart_has_items()" classname="com.home.eshopee.sales.cart.jdbc.CartTest" time="0.005"/>
  <testcase name="item_is_removed()" classname="com.home.eshopee.sales.cart.jdbc.CartTest" time="0.005"/>
  <system-out><![CDATA[19:38:32.412 [Test worker] DEBUG org.springframework.test.context.support.AbstractContextLoader - Could not detect default resource locations for test class [com.home.eshopee.sales.cart.jdbc.CartTest]: no resource found for suffixes {-context.xml, Context.groovy}.
19:38:32.444 [Test worker] DEBUG org.springframework.boot.test.autoconfigure.jdbc.JdbcTestContextBootstrapper - Using ContextCustomizers for test class [CartTest]: [DisableAutoConfigurationContextCustomizer, DisableObservabilityContextCustomizer, TypeExcludeFiltersContextCustomizer, PropertyMappingContextCustomizer, Customizer, ImportsContextCustomizer, ExcludeFilterContextCustomizer, DuplicateJsonObjectContextCustomizer, MockitoContextCustomizer]
19:38:32.457 [Test worker] DEBUG org.springframework.test.context.util.TestContextSpringFactoriesUtils - Skipping candidate TestExecutionListener [org.springframework.test.context.web.ServletTestExecutionListener] due to a missing dependency. Specify custom TestExecutionListener classes or make the default TestExecutionListener classes and their required dependencies available. Offending class: [jakarta/servlet/ServletContext]
19:38:32.465 [Test worker] DEBUG org.springframework.boot.test.autoconfigure.jdbc.JdbcTestContextBootstrapper - Using TestExecutionListeners for test class [CartTest]: [DirtiesContextBeforeModesTestExecutionListener, ApplicationEventsTestExecutionListener, MockitoTestExecutionListener, DependencyInjectionTestExecutionListener, DirtiesContextTestExecutionListener, TransactionalTestExecutionListener, SqlScriptsTestExecutionListener, EventPublishingTestExecutionListener, RestDocsTestExecutionListener, MockRestServiceServerResetTestExecutionListener, MockMvcPrintOnlyOnFailureTestExecutionListener, WebDriverTestExecutionListener, MockWebServiceServerTestExecutionListener, ResetMocksTestExecutionListener]
19:38:32.466 [Test worker] DEBUG org.springframework.test.context.support.AbstractDirtiesContextTestExecutionListener - Before test class: class [CartTest], class annotated with @DirtiesContext [false] with mode [null]
19:38:32.476 [Test worker] DEBUG org.springframework.test.context.support.DependencyInjectionTestExecutionListener - Performing dependency injection for test class com.home.eshopee.sales.cart.jdbc.CartTest

  .   ____          _            __ _ _
 /\\ / ___'_ __ _ _(_)_ __  __ _ \ \ \ \
( ( )\___ | '_ | '_| | '_ \/ _` | \ \ \ \
 \\/  ___)| |_)| | | | | || (_| |  ) ) ) )
  '  |____| .__|_| |_|_| |_\__, | / / / /
 =========|_|==============|___/=/_/_/_/
 :: Spring Boot ::                (v3.0.4)

2023-04-28T19:38:32.740+05:30  INFO 20240 --- [    Test worker] c.home.eshopee.sales.cart.jdbc.CartTest  : Starting CartTest using Java 17.0.1 with PID 20240 (started by ADMIN in D:\CODE\microservice\ddd-eshopee-EXPT-modulith\shopee-microservices\sales\cart\jdbc)
2023-04-28T19:38:32.741+05:30  INFO 20240 --- [    Test worker] c.home.eshopee.sales.cart.jdbc.CartTest  : No active profile set, falling back to 1 default profile: "default"
2023-04-28T19:38:32.969+05:30  INFO 20240 --- [    Test worker] beddedDataSourceBeanFactoryPostProcessor : Replacing 'dataSource' DataSource bean with embedded version
2023-04-28T19:38:33.116+05:30  INFO 20240 --- [    Test worker] o.s.j.d.e.EmbeddedDatabaseFactory        : Starting embedded database: url='jdbc:h2:mem:26c79748-592e-4004-8f81-b1a7f87253eb;DB_CLOSE_DELAY=-1;DB_CLOSE_ON_EXIT=false', username='sa'
2023-04-28T19:38:33.329+05:30  INFO 20240 --- [    Test worker] c.home.eshopee.sales.cart.jdbc.CartTest  : Started CartTest in 0.826 seconds (process running for 1.645)
]]></system-out>
  <system-err><![CDATA[]]></system-err>
</testsuite>
