<?xml version="1.0" encoding="UTF-8"?>
<testsuite name="com.home.eshopee.portal.PortalApplicationTest" tests="2" skipped="0" failures="0" errors="0" timestamp="2023-04-28T14:07:38" hostname="DESKTOP-3OMJI0S" time="0.637">
  <properties/>
  <testcase name="JS_resource_works()" classname="com.home.eshopee.portal.PortalApplicationTest" time="0.631"/>
  <testcase name="index_works()" classname="com.home.eshopee.portal.PortalApplicationTest" time="0.004"/>
  <system-out><![CDATA[19:37:36.722 [Test worker] DEBUG org.springframework.boot.test.context.SpringBootTestContextBootstrapper - Neither @ContextConfiguration nor @ContextHierarchy found for test class [PortalApplicationTest]: using SpringBootContextLoader
19:37:36.726 [Test worker] DEBUG org.springframework.test.context.support.AbstractContextLoader - Could not detect default resource locations for test class [com.home.eshopee.portal.PortalApplicationTest]: no resource found for suffixes {-context.xml, Context.groovy}.
19:37:36.726 [Test worker] INFO org.springframework.test.context.support.AnnotationConfigContextLoaderUtils - Could not detect default configuration classes for test class [com.home.eshopee.portal.PortalApplicationTest]: PortalApplicationTest does not declare any static, non-private, non-final, nested classes annotated with @Configuration.
19:37:36.742 [Test worker] DEBUG org.springframework.boot.test.context.SpringBootTestContextBootstrapper - Using ContextCustomizers for test class [PortalApplicationTest]: [DisableObservabilityContextCustomizer, PropertyMappingContextCustomizer, Customizer, ExcludeFilterContextCustomizer, DuplicateJsonObjectContextCustomizer, MockitoContextCustomizer, TestRestTemplateContextCustomizer]
19:37:36.782 [Test worker] DEBUG org.springframework.context.annotation.ClassPathScanningCandidateComponentProvider - Identified candidate component class: file [D:\CODE\microservice\ddd-eshopee-EXPT-modulith\shopee-microservices\portal\application\build\classes\java\main\com\home\eshopee\portal\PortalApplication.class]
19:37:36.784 [Test worker] INFO org.springframework.boot.test.context.SpringBootTestContextBootstrapper - Found @SpringBootConfiguration com.home.eshopee.portal.PortalApplication for test class com.home.eshopee.portal.PortalApplicationTest
19:37:36.860 [Test worker] DEBUG org.springframework.test.context.util.TestContextSpringFactoriesUtils - Skipping candidate TestExecutionListener [org.springframework.test.context.transaction.TransactionalTestExecutionListener] due to a missing dependency. Specify custom TestExecutionListener classes or make the default TestExecutionListener classes and their required dependencies available. Offending class: [org/springframework/transaction/interceptor/TransactionAttributeSource]
19:37:36.861 [Test worker] DEBUG org.springframework.test.context.util.TestContextSpringFactoriesUtils - Skipping candidate TestExecutionListener [org.springframework.test.context.jdbc.SqlScriptsTestExecutionListener] due to a missing dependency. Specify custom TestExecutionListener classes or make the default TestExecutionListener classes and their required dependencies available. Offending class: [org/springframework/transaction/interceptor/TransactionAttribute]
19:37:36.863 [Test worker] DEBUG org.springframework.boot.test.context.SpringBootTestContextBootstrapper - Using TestExecutionListeners for test class [PortalApplicationTest]: [ServletTestExecutionListener, DirtiesContextBeforeModesTestExecutionListener, ApplicationEventsTestExecutionListener, MockitoTestExecutionListener, DependencyInjectionTestExecutionListener, DirtiesContextTestExecutionListener, EventPublishingTestExecutionListener, RestDocsTestExecutionListener, MockRestServiceServerResetTestExecutionListener, MockMvcPrintOnlyOnFailureTestExecutionListener, WebDriverTestExecutionListener, MockWebServiceServerTestExecutionListener, ResetMocksTestExecutionListener]
19:37:36.864 [Test worker] DEBUG org.springframework.test.context.support.AbstractDirtiesContextTestExecutionListener - Before test class: class [PortalApplicationTest], class annotated with @DirtiesContext [false] with mode [null]
19:37:36.874 [Test worker] DEBUG org.springframework.test.context.support.DependencyInjectionTestExecutionListener - Performing dependency injection for test class com.home.eshopee.portal.PortalApplicationTest

  .   ____          _            __ _ _
 /\\ / ___'_ __ _ _(_)_ __  __ _ \ \ \ \
( ( )\___ | '_ | '_| | '_ \/ _` | \ \ \ \
 \\/  ___)| |_)| | | | | || (_| |  ) ) ) )
  '  |____| .__|_| |_|_| |_\__, | / / / /
 =========|_|==============|___/=/_/_/_/
 :: Spring Boot ::                (v3.0.4)

2023-04-28T19:37:37.095+05:30  INFO 360 --- [    Test worker] c.h.e.portal.PortalApplicationTest       : Starting PortalApplicationTest using Java 17.0.1 with PID 360 (started by ADMIN in D:\CODE\microservice\ddd-eshopee-EXPT-modulith\shopee-microservices\portal\application)
2023-04-28T19:37:37.096+05:30  INFO 360 --- [    Test worker] c.h.e.portal.PortalApplicationTest       : No active profile set, falling back to 1 default profile: "default"
2023-04-28T19:37:37.975+05:30  INFO 360 --- [    Test worker] o.s.b.w.embedded.tomcat.TomcatWebServer  : Tomcat initialized with port(s): 0 (http)
2023-04-28T19:37:37.984+05:30  INFO 360 --- [    Test worker] o.apache.catalina.core.StandardService   : Starting service [Tomcat]
2023-04-28T19:37:37.984+05:30  INFO 360 --- [    Test worker] o.apache.catalina.core.StandardEngine    : Starting Servlet engine: [Apache Tomcat/10.1.5]
2023-04-28T19:37:38.056+05:30  INFO 360 --- [    Test worker] o.a.c.c.C.[Tomcat].[localhost].[/]       : Initializing Spring embedded WebApplicationContext
2023-04-28T19:37:38.057+05:30  INFO 360 --- [    Test worker] w.s.c.ServletWebServerApplicationContext : Root WebApplicationContext: initialization completed in 769 ms
2023-04-28T19:37:38.260+05:30  INFO 360 --- [    Test worker] o.s.b.a.w.s.WelcomePageHandlerMapping    : Adding welcome page template: index
2023-04-28T19:37:38.452+05:30  INFO 360 --- [    Test worker] o.s.b.w.embedded.tomcat.TomcatWebServer  : Tomcat started on port(s): 54956 (http) with context path ''
2023-04-28T19:37:38.461+05:30  INFO 360 --- [    Test worker] c.h.e.portal.PortalApplicationTest       : Started PortalApplicationTest in 1.569 seconds (process running for 2.398)
]]></system-out>
  <system-err><![CDATA[]]></system-err>
</testsuite>
