<?xml version="1.0" encoding="UTF-8"?>
<testsuite name="com.home.eshopee.sales.catalog.CatalogApplicationTest" tests="3" skipped="0" failures="0" errors="0" timestamp="2023-04-28T14:08:43" hostname="DESKTOP-3OMJI0S" time="1.765">
  <properties/>
  <testcase name="products_are_listed()" classname="com.home.eshopee.sales.catalog.CatalogApplicationTest" time="1.694"/>
  <testcase name="categories_are_listed()" classname="com.home.eshopee.sales.catalog.CatalogApplicationTest" time="0.032"/>
  <testcase name="products_by_category_are_listed()" classname="com.home.eshopee.sales.catalog.CatalogApplicationTest" time="0.037"/>
  <system-out><![CDATA[19:38:40.025 [Test worker] DEBUG org.springframework.boot.test.context.SpringBootTestContextBootstrapper - Neither @ContextConfiguration nor @ContextHierarchy found for test class [CatalogApplicationTest]: using SpringBootContextLoader
19:38:40.029 [Test worker] DEBUG org.springframework.test.context.support.AbstractContextLoader - Could not detect default resource locations for test class [com.home.eshopee.sales.catalog.CatalogApplicationTest]: no resource found for suffixes {-context.xml, Context.groovy}.
19:38:40.029 [Test worker] INFO org.springframework.test.context.support.AnnotationConfigContextLoaderUtils - Could not detect default configuration classes for test class [com.home.eshopee.sales.catalog.CatalogApplicationTest]: CatalogApplicationTest does not declare any static, non-private, non-final, nested classes annotated with @Configuration.
19:38:40.047 [Test worker] DEBUG org.springframework.boot.test.context.SpringBootTestContextBootstrapper - Using ContextCustomizers for test class [CatalogApplicationTest]: [DisableObservabilityContextCustomizer, PropertyMappingContextCustomizer, Customizer, ExcludeFilterContextCustomizer, DuplicateJsonObjectContextCustomizer, MockitoContextCustomizer, TestRestTemplateContextCustomizer]
19:38:40.099 [Test worker] DEBUG org.springframework.context.annotation.ClassPathScanningCandidateComponentProvider - Identified candidate component class: file [D:\CODE\microservice\ddd-eshopee-EXPT-modulith\shopee-microservices\sales\catalog\application\build\classes\java\main\com\home\eshopee\sales\catalog\CatalogApplication.class]
19:38:40.102 [Test worker] INFO org.springframework.boot.test.context.SpringBootTestContextBootstrapper - Found @SpringBootConfiguration com.home.eshopee.sales.catalog.CatalogApplication for test class com.home.eshopee.sales.catalog.CatalogApplicationTest
19:38:40.198 [Test worker] DEBUG org.springframework.boot.test.context.SpringBootTestContextBootstrapper - Using TestExecutionListeners for test class [CatalogApplicationTest]: [ServletTestExecutionListener, DirtiesContextBeforeModesTestExecutionListener, ApplicationEventsTestExecutionListener, MockitoTestExecutionListener, DependencyInjectionTestExecutionListener, DirtiesContextTestExecutionListener, TransactionalTestExecutionListener, SqlScriptsTestExecutionListener, EventPublishingTestExecutionListener, RestDocsTestExecutionListener, MockRestServiceServerResetTestExecutionListener, MockMvcPrintOnlyOnFailureTestExecutionListener, WebDriverTestExecutionListener, MockWebServiceServerTestExecutionListener, ResetMocksTestExecutionListener]
19:38:40.199 [Test worker] DEBUG org.springframework.test.context.support.AbstractDirtiesContextTestExecutionListener - Before test class: class [CatalogApplicationTest], class annotated with @DirtiesContext [false] with mode [null]
19:38:40.210 [Test worker] DEBUG org.springframework.test.context.support.DependencyInjectionTestExecutionListener - Performing dependency injection for test class com.home.eshopee.sales.catalog.CatalogApplicationTest

  .   ____          _            __ _ _
 /\\ / ___'_ __ _ _(_)_ __  __ _ \ \ \ \
( ( )\___ | '_ | '_| | '_ \/ _` | \ \ \ \
 \\/  ___)| |_)| | | | | || (_| |  ) ) ) )
  '  |____| .__|_| |_|_| |_\__, | / / / /
 =========|_|==============|___/=/_/_/_/
 :: Spring Boot ::                (v3.0.4)

2023-04-28T19:38:40.428+05:30  INFO 1832 --- [    Test worker] c.h.e.s.catalog.CatalogApplicationTest   : Starting CatalogApplicationTest using Java 17.0.1 with PID 1832 (started by ADMIN in D:\CODE\microservice\ddd-eshopee-EXPT-modulith\shopee-microservices\sales\catalog\application)
2023-04-28T19:38:40.430+05:30  INFO 1832 --- [    Test worker] c.h.e.s.catalog.CatalogApplicationTest   : No active profile set, falling back to 1 default profile: "default"
2023-04-28T19:38:41.094+05:30  INFO 1832 --- [    Test worker] .s.d.r.c.RepositoryConfigurationDelegate : Multiple Spring Data modules found, entering strict repository configuration mode
2023-04-28T19:38:41.097+05:30  INFO 1832 --- [    Test worker] .s.d.r.c.RepositoryConfigurationDelegate : Bootstrapping Spring Data Redis repositories in DEFAULT mode.
2023-04-28T19:38:41.126+05:30  INFO 1832 --- [    Test worker] .s.d.r.c.RepositoryConfigurationDelegate : Finished Spring Data repository scanning in 17 ms. Found 0 Redis repository interfaces.
2023-04-28T19:38:41.646+05:30  INFO 1832 --- [    Test worker] o.s.b.w.embedded.tomcat.TomcatWebServer  : Tomcat initialized with port(s): 0 (http)
2023-04-28T19:38:41.657+05:30  INFO 1832 --- [    Test worker] o.apache.catalina.core.StandardService   : Starting service [Tomcat]
2023-04-28T19:38:41.657+05:30  INFO 1832 --- [    Test worker] o.apache.catalina.core.StandardEngine    : Starting Servlet engine: [Apache Tomcat/10.1.5]
2023-04-28T19:38:41.771+05:30  INFO 1832 --- [    Test worker] o.a.c.c.C.[Tomcat].[localhost].[/]       : Initializing Spring embedded WebApplicationContext
2023-04-28T19:38:41.773+05:30  INFO 1832 --- [    Test worker] w.s.c.ServletWebServerApplicationContext : Root WebApplicationContext: initialization completed in 1147 ms
2023-04-28T19:38:42.279+05:30  INFO 1832 --- [    Test worker] com.zaxxer.hikari.HikariDataSource       : HikariPool-1 - Starting...
2023-04-28T19:38:42.461+05:30  INFO 1832 --- [    Test worker] com.zaxxer.hikari.pool.HikariPool        : HikariPool-1 - Added connection conn0: url=jdbc:h2:mem:000fc9f4-031f-4bca-8ac8-1c6d8599055f user=SA
2023-04-28T19:38:42.463+05:30  INFO 1832 --- [    Test worker] com.zaxxer.hikari.HikariDataSource       : HikariPool-1 - Start completed.
2023-04-28T19:38:43.336+05:30  INFO 1832 --- [    Test worker] o.s.b.w.embedded.tomcat.TomcatWebServer  : Tomcat started on port(s): 55009 (http) with context path ''
2023-04-28T19:38:43.348+05:30  INFO 1832 --- [    Test worker] c.h.e.s.catalog.CatalogApplicationTest   : Started CatalogApplicationTest in 3.118 seconds (process running for 4.024)
2023-04-28T19:38:44.380+05:30  INFO 1832 --- [o-auto-1-exec-1] o.a.c.c.C.[Tomcat].[localhost].[/]       : Initializing Spring DispatcherServlet 'dispatcherServlet'
2023-04-28T19:38:44.380+05:30  INFO 1832 --- [o-auto-1-exec-1] o.s.web.servlet.DispatcherServlet        : Initializing Servlet 'dispatcherServlet'
2023-04-28T19:38:44.381+05:30  INFO 1832 --- [o-auto-1-exec-1] o.s.web.servlet.DispatcherServlet        : Completed initialization in 1 ms
2023-04-28T19:38:45.105+05:30  WARN 1832 --- [o-auto-1-exec-3] ocalVariableTableParameterNameDiscoverer : Using deprecated '-debug' fallback for parameter name resolution. Compile the affected code with '-parameters' instead or avoid its introspection: com.home.eshopee.sales.catalog.rest.CatalogController
]]></system-out>
  <system-err><![CDATA[]]></system-err>
</testsuite>
