<?xml version="1.0" encoding="UTF-8"?>
<testsuite name="com.home.eshopee.shipping.delivery.DeliveryApplicationTest" tests="2" skipped="0" failures="0" errors="0" timestamp="2023-04-28T14:09:18" hostname="DESKTOP-3OMJI0S" time="1.771">
  <properties/>
  <testcase name="delivery_for_an_order_is_returned()" classname="com.home.eshopee.shipping.delivery.DeliveryApplicationTest" time="1.354"/>
  <testcase name="deliveries_are_listed()" classname="com.home.eshopee.shipping.delivery.DeliveryApplicationTest" time="0.416"/>
  <system-out><![CDATA[19:39:15.530 [Test worker] DEBUG org.springframework.boot.test.context.SpringBootTestContextBootstrapper - Neither @ContextConfiguration nor @ContextHierarchy found for test class [DeliveryApplicationTest]: using SpringBootContextLoader
19:39:15.534 [Test worker] DEBUG org.springframework.test.context.support.AbstractContextLoader - Could not detect default resource locations for test class [com.home.eshopee.shipping.delivery.DeliveryApplicationTest]: no resource found for suffixes {-context.xml, Context.groovy}.
19:39:15.535 [Test worker] INFO org.springframework.test.context.support.AnnotationConfigContextLoaderUtils - Could not detect default configuration classes for test class [com.home.eshopee.shipping.delivery.DeliveryApplicationTest]: DeliveryApplicationTest does not declare any static, non-private, non-final, nested classes annotated with @Configuration.
19:39:15.553 [Test worker] DEBUG org.springframework.boot.test.context.SpringBootTestContextBootstrapper - Using ContextCustomizers for test class [DeliveryApplicationTest]: [DisableObservabilityContextCustomizer, PropertyMappingContextCustomizer, Customizer, ExcludeFilterContextCustomizer, DuplicateJsonObjectContextCustomizer, MockitoContextCustomizer, TestRestTemplateContextCustomizer]
19:39:15.609 [Test worker] DEBUG org.springframework.context.annotation.ClassPathScanningCandidateComponentProvider - Identified candidate component class: file [D:\CODE\microservice\ddd-eshopee-EXPT-modulith\shopee-microservices\shipping\delivery\application\build\classes\java\main\com\home\eshopee\shipping\delivery\DeliveryApplication.class]
19:39:15.614 [Test worker] INFO org.springframework.boot.test.context.SpringBootTestContextBootstrapper - Found @SpringBootConfiguration com.home.eshopee.shipping.delivery.DeliveryApplication for test class com.home.eshopee.shipping.delivery.DeliveryApplicationTest
19:39:15.697 [Test worker] DEBUG org.springframework.boot.test.context.SpringBootTestContextBootstrapper - Using TestExecutionListeners for test class [DeliveryApplicationTest]: [ServletTestExecutionListener, DirtiesContextBeforeModesTestExecutionListener, ApplicationEventsTestExecutionListener, MockitoTestExecutionListener, DependencyInjectionTestExecutionListener, DirtiesContextTestExecutionListener, TransactionalTestExecutionListener, SqlScriptsTestExecutionListener, EventPublishingTestExecutionListener, RestDocsTestExecutionListener, MockRestServiceServerResetTestExecutionListener, MockMvcPrintOnlyOnFailureTestExecutionListener, WebDriverTestExecutionListener, MockWebServiceServerTestExecutionListener, ResetMocksTestExecutionListener]
19:39:15.698 [Test worker] DEBUG org.springframework.test.context.support.AbstractDirtiesContextTestExecutionListener - Before test class: class [DeliveryApplicationTest], class annotated with @DirtiesContext [false] with mode [null]
19:39:15.707 [Test worker] DEBUG org.springframework.test.context.support.DependencyInjectionTestExecutionListener - Performing dependency injection for test class com.home.eshopee.shipping.delivery.DeliveryApplicationTest

  .   ____          _            __ _ _
 /\\ / ___'_ __ _ _(_)_ __  __ _ \ \ \ \
( ( )\___ | '_ | '_| | '_ \/ _` | \ \ \ \
 \\/  ___)| |_)| | | | | || (_| |  ) ) ) )
  '  |____| .__|_| |_|_| |_\__, | / / / /
 =========|_|==============|___/=/_/_/_/
 :: Spring Boot ::                (v3.0.4)

2023-04-28T19:39:15.915+05:30  INFO 6556 --- [    Test worker] c.h.e.s.d.DeliveryApplicationTest        : Starting DeliveryApplicationTest using Java 17.0.1 with PID 6556 (started by ADMIN in D:\CODE\microservice\ddd-eshopee-EXPT-modulith\shopee-microservices\shipping\delivery\application)
2023-04-28T19:39:15.916+05:30  INFO 6556 --- [    Test worker] c.h.e.s.d.DeliveryApplicationTest        : No active profile set, falling back to 1 default profile: "default"
2023-04-28T19:39:16.566+05:30  INFO 6556 --- [    Test worker] .s.d.r.c.RepositoryConfigurationDelegate : Multiple Spring Data modules found, entering strict repository configuration mode
2023-04-28T19:39:16.568+05:30  INFO 6556 --- [    Test worker] .s.d.r.c.RepositoryConfigurationDelegate : Bootstrapping Spring Data Redis repositories in DEFAULT mode.
2023-04-28T19:39:16.599+05:30  INFO 6556 --- [    Test worker] .s.d.r.c.RepositoryConfigurationDelegate : Finished Spring Data repository scanning in 20 ms. Found 0 Redis repository interfaces.
2023-04-28T19:39:17.142+05:30  INFO 6556 --- [    Test worker] o.s.b.w.embedded.tomcat.TomcatWebServer  : Tomcat initialized with port(s): 0 (http)
2023-04-28T19:39:17.153+05:30  INFO 6556 --- [    Test worker] o.apache.catalina.core.StandardService   : Starting service [Tomcat]
2023-04-28T19:39:17.154+05:30  INFO 6556 --- [    Test worker] o.apache.catalina.core.StandardEngine    : Starting Servlet engine: [Apache Tomcat/10.1.5]
2023-04-28T19:39:17.269+05:30  INFO 6556 --- [    Test worker] o.a.c.c.C.[Tomcat].[localhost].[/]       : Initializing Spring embedded WebApplicationContext
2023-04-28T19:39:17.272+05:30  INFO 6556 --- [    Test worker] w.s.c.ServletWebServerApplicationContext : Root WebApplicationContext: initialization completed in 1160 ms
2023-04-28T19:39:17.721+05:30  INFO 6556 --- [    Test worker] com.zaxxer.hikari.HikariDataSource       : HikariPool-1 - Starting...
2023-04-28T19:39:17.928+05:30  INFO 6556 --- [    Test worker] com.zaxxer.hikari.pool.HikariPool        : HikariPool-1 - Added connection conn0: url=jdbc:h2:mem:d3c55318-ec5c-47f9-a325-8717dcfcff68 user=SA
2023-04-28T19:39:17.932+05:30  INFO 6556 --- [    Test worker] com.zaxxer.hikari.HikariDataSource       : HikariPool-1 - Start completed.
2023-04-28T19:39:18.815+05:30  INFO 6556 --- [    Test worker] o.s.b.w.embedded.tomcat.TomcatWebServer  : Tomcat started on port(s): 55034 (http) with context path ''
2023-04-28T19:39:18.826+05:30  INFO 6556 --- [    Test worker] c.h.e.s.d.DeliveryApplicationTest        : Started DeliveryApplicationTest in 3.102 seconds (process running for 4.0)
2023-04-28T19:39:19.902+05:30  INFO 6556 --- [o-auto-1-exec-1] o.a.c.c.C.[Tomcat].[localhost].[/]       : Initializing Spring DispatcherServlet 'dispatcherServlet'
2023-04-28T19:39:19.902+05:30  INFO 6556 --- [o-auto-1-exec-1] o.s.web.servlet.DispatcherServlet        : Initializing Servlet 'dispatcherServlet'
2023-04-28T19:39:19.903+05:30  INFO 6556 --- [o-auto-1-exec-1] o.s.web.servlet.DispatcherServlet        : Completed initialization in 1 ms
2023-04-28T19:39:19.926+05:30  WARN 6556 --- [o-auto-1-exec-1] ocalVariableTableParameterNameDiscoverer : Using deprecated '-debug' fallback for parameter name resolution. Compile the affected code with '-parameters' instead or avoid its introspection: com.home.eshopee.shipping.delivery.rest.DeliveryController
]]></system-out>
  <system-err><![CDATA[]]></system-err>
</testsuite>
