<?xml version="1.0" encoding="UTF-8"?>
<testsuite name="com.home.eshopee.shipping.dispatching.DispatchingApplicationTest" tests="1" skipped="0" failures="0" errors="0" timestamp="2023-04-28T14:09:38" hostname="DESKTOP-3OMJI0S" time="0.306">
  <properties/>
  <testcase name="application_starts()" classname="com.home.eshopee.shipping.dispatching.DispatchingApplicationTest" time="0.306"/>
  <system-out><![CDATA[19:39:35.271 [Test worker] DEBUG org.springframework.boot.test.context.SpringBootTestContextBootstrapper - Neither @ContextConfiguration nor @ContextHierarchy found for test class [DispatchingApplicationTest]: using SpringBootContextLoader
19:39:35.275 [Test worker] DEBUG org.springframework.test.context.support.AbstractContextLoader - Could not detect default resource locations for test class [com.home.eshopee.shipping.dispatching.DispatchingApplicationTest]: no resource found for suffixes {-context.xml, Context.groovy}.
19:39:35.276 [Test worker] INFO org.springframework.test.context.support.AnnotationConfigContextLoaderUtils - Could not detect default configuration classes for test class [com.home.eshopee.shipping.dispatching.DispatchingApplicationTest]: DispatchingApplicationTest does not declare any static, non-private, non-final, nested classes annotated with @Configuration.
19:39:35.293 [Test worker] DEBUG org.springframework.boot.test.context.SpringBootTestContextBootstrapper - Using ContextCustomizers for test class [DispatchingApplicationTest]: [DisableObservabilityContextCustomizer, PropertyMappingContextCustomizer, Customizer, ExcludeFilterContextCustomizer, DuplicateJsonObjectContextCustomizer, MockitoContextCustomizer, TestRestTemplateContextCustomizer]
19:39:35.344 [Test worker] DEBUG org.springframework.context.annotation.ClassPathScanningCandidateComponentProvider - Identified candidate component class: file [D:\CODE\microservice\ddd-eshopee-EXPT-modulith\shopee-microservices\shipping\dispatching\application\build\classes\java\main\com\home\eshopee\shipping\dispatching\DispatchingApplication.class]
19:39:35.347 [Test worker] INFO org.springframework.boot.test.context.SpringBootTestContextBootstrapper - Found @SpringBootConfiguration com.home.eshopee.shipping.dispatching.DispatchingApplication for test class com.home.eshopee.shipping.dispatching.DispatchingApplicationTest
19:39:35.431 [Test worker] DEBUG org.springframework.boot.test.context.SpringBootTestContextBootstrapper - Using TestExecutionListeners for test class [DispatchingApplicationTest]: [ServletTestExecutionListener, DirtiesContextBeforeModesTestExecutionListener, ApplicationEventsTestExecutionListener, MockitoTestExecutionListener, DependencyInjectionTestExecutionListener, DirtiesContextTestExecutionListener, TransactionalTestExecutionListener, SqlScriptsTestExecutionListener, EventPublishingTestExecutionListener, RestDocsTestExecutionListener, MockRestServiceServerResetTestExecutionListener, MockMvcPrintOnlyOnFailureTestExecutionListener, WebDriverTestExecutionListener, MockWebServiceServerTestExecutionListener, ResetMocksTestExecutionListener]
19:39:35.432 [Test worker] DEBUG org.springframework.test.context.support.AbstractDirtiesContextTestExecutionListener - Before test class: class [DispatchingApplicationTest], class annotated with @DirtiesContext [false] with mode [null]

  .   ____          _            __ _ _
 /\\ / ___'_ __ _ _(_)_ __  __ _ \ \ \ \
( ( )\___ | '_ | '_| | '_ \/ _` | \ \ \ \
 \\/  ___)| |_)| | | | | || (_| |  ) ) ) )
  '  |____| .__|_| |_|_| |_\__, | / / / /
 =========|_|==============|___/=/_/_/_/
 :: Spring Boot ::                (v3.0.4)

2023-04-28T19:39:35.657+05:30  INFO 19336 --- [    Test worker] c.h.e.s.d.DispatchingApplicationTest     : Starting DispatchingApplicationTest using Java 17.0.1 with PID 19336 (started by ADMIN in D:\CODE\microservice\ddd-eshopee-EXPT-modulith\shopee-microservices\shipping\dispatching\application)
2023-04-28T19:39:35.659+05:30  INFO 19336 --- [    Test worker] c.h.e.s.d.DispatchingApplicationTest     : No active profile set, falling back to 1 default profile: "default"
2023-04-28T19:39:36.335+05:30  INFO 19336 --- [    Test worker] .s.d.r.c.RepositoryConfigurationDelegate : Multiple Spring Data modules found, entering strict repository configuration mode
2023-04-28T19:39:36.339+05:30  INFO 19336 --- [    Test worker] .s.d.r.c.RepositoryConfigurationDelegate : Bootstrapping Spring Data Redis repositories in DEFAULT mode.
2023-04-28T19:39:36.369+05:30  INFO 19336 --- [    Test worker] .s.d.r.c.RepositoryConfigurationDelegate : Finished Spring Data repository scanning in 16 ms. Found 0 Redis repository interfaces.
2023-04-28T19:39:37.371+05:30  INFO 19336 --- [    Test worker] com.zaxxer.hikari.HikariDataSource       : HikariPool-1 - Starting...
2023-04-28T19:39:37.598+05:30  INFO 19336 --- [    Test worker] com.zaxxer.hikari.pool.HikariPool        : HikariPool-1 - Added connection conn0: url=jdbc:h2:mem:18294a85-cc6e-4849-a12f-d5baadd3b36b user=SA
2023-04-28T19:39:37.601+05:30  INFO 19336 --- [    Test worker] com.zaxxer.hikari.HikariDataSource       : HikariPool-1 - Start completed.
2023-04-28T19:39:38.567+05:30  INFO 19336 --- [    Test worker] c.h.e.s.d.DispatchingApplicationTest     : Started DispatchingApplicationTest in 3.103 seconds (process running for 3.992)
]]></system-out>
  <system-err><![CDATA[]]></system-err>
</testsuite>
