<?xml version="1.0" encoding="UTF-8"?>
<testsuite name="com.home.eshopee.billing.payment.PaymentIdTest" tests="2" skipped="0" failures="0" errors="0" timestamp="2023-04-28T14:08:10" hostname="DESKTOP-3OMJI0S" time="0.047">
  <properties/>
  <testcase name="fails_for_null()" classname="com.home.eshopee.billing.payment.PaymentIdTest" time="0.012"/>
  <testcase name="string_id_value()" classname="com.home.eshopee.billing.payment.PaymentIdTest" time="0.035"/>
  <system-out><![CDATA[]]></system-out>
  <system-err><![CDATA[]]></system-err>
</testsuite>
